[2025-03-07T02:30:49.056+0000] {processor.py:186} INFO - Started process (PID=45997) to work on /home/Ashreem/airflow-env/lib/python3.12/site-packages/airflow/example_dags/example_latest_only_with_trigger.py
[2025-03-07T02:30:49.057+0000] {processor.py:914} INFO - Processing file /home/Ashreem/airflow-env/lib/python3.12/site-packages/airflow/example_dags/example_latest_only_with_trigger.py for tasks to queue
[2025-03-07T02:30:49.060+0000] {logging_mixin.py:190} INFO - [2025-03-07T02:30:49.059+0000] {dagbag.py:588} INFO - Filling up the DagBag from /home/Ashreem/airflow-env/lib/python3.12/site-packages/airflow/example_dags/example_latest_only_with_trigger.py
[2025-03-07T02:30:49.074+0000] {processor.py:925} INFO - DAG(s) 'latest_only_with_trigger' retrieved from /home/Ashreem/airflow-env/lib/python3.12/site-packages/airflow/example_dags/example_latest_only_with_trigger.py
[2025-03-07T02:30:49.257+0000] {logging_mixin.py:190} INFO - [2025-03-07T02:30:49.256+0000] {override.py:1930} INFO - Created Permission View: can read on DAG:latest_only_with_trigger
[2025-03-07T02:30:49.288+0000] {logging_mixin.py:190} INFO - [2025-03-07T02:30:49.287+0000] {override.py:1930} INFO - Created Permission View: can delete on DAG:latest_only_with_trigger
[2025-03-07T02:30:49.309+0000] {logging_mixin.py:190} INFO - [2025-03-07T02:30:49.309+0000] {override.py:1930} INFO - Created Permission View: can edit on DAG:latest_only_with_trigger
[2025-03-07T02:30:49.357+0000] {logging_mixin.py:190} INFO - [2025-03-07T02:30:49.357+0000] {override.py:1930} INFO - Created Permission View: can read on DAG Run:latest_only_with_trigger
[2025-03-07T02:30:49.381+0000] {logging_mixin.py:190} INFO - [2025-03-07T02:30:49.381+0000] {override.py:1930} INFO - Created Permission View: can delete on DAG Run:latest_only_with_trigger
[2025-03-07T02:30:49.403+0000] {logging_mixin.py:190} INFO - [2025-03-07T02:30:49.403+0000] {override.py:1930} INFO - Created Permission View: menu access on DAG Run:latest_only_with_trigger
[2025-03-07T02:30:49.423+0000] {logging_mixin.py:190} INFO - [2025-03-07T02:30:49.423+0000] {override.py:1930} INFO - Created Permission View: can create on DAG Run:latest_only_with_trigger
[2025-03-07T02:30:49.424+0000] {logging_mixin.py:190} INFO - [2025-03-07T02:30:49.424+0000] {dag.py:3239} INFO - Sync 1 DAGs
[2025-03-07T02:30:49.439+0000] {logging_mixin.py:190} INFO - [2025-03-07T02:30:49.439+0000] {dag.py:3262} INFO - Creating ORM DAG for latest_only_with_trigger
[2025-03-07T02:30:49.451+0000] {logging_mixin.py:190} INFO - [2025-03-07T02:30:49.451+0000] {dag.py:4180} INFO - Setting next_dagrun for latest_only_with_trigger to 2025-03-06 20:00:00+00:00, run_after=2025-03-07 00:00:00+00:00
[2025-03-07T02:30:49.490+0000] {processor.py:208} INFO - Processing /home/Ashreem/airflow-env/lib/python3.12/site-packages/airflow/example_dags/example_latest_only_with_trigger.py took 0.442 seconds
[2025-03-07T02:33:24.414+0000] {processor.py:186} INFO - Started process (PID=46102) to work on /home/Ashreem/airflow-env/lib/python3.12/site-packages/airflow/example_dags/example_latest_only_with_trigger.py
[2025-03-07T02:33:24.417+0000] {processor.py:914} INFO - Processing file /home/Ashreem/airflow-env/lib/python3.12/site-packages/airflow/example_dags/example_latest_only_with_trigger.py for tasks to queue
[2025-03-07T02:33:24.420+0000] {logging_mixin.py:190} INFO - [2025-03-07T02:33:24.420+0000] {dagbag.py:588} INFO - Filling up the DagBag from /home/Ashreem/airflow-env/lib/python3.12/site-packages/airflow/example_dags/example_latest_only_with_trigger.py
[2025-03-07T02:33:24.431+0000] {processor.py:925} INFO - DAG(s) 'latest_only_with_trigger' retrieved from /home/Ashreem/airflow-env/lib/python3.12/site-packages/airflow/example_dags/example_latest_only_with_trigger.py
[2025-03-07T02:33:24.455+0000] {logging_mixin.py:190} INFO - [2025-03-07T02:33:24.454+0000] {dag.py:3239} INFO - Sync 1 DAGs
[2025-03-07T02:33:24.481+0000] {logging_mixin.py:190} INFO - [2025-03-07T02:33:24.481+0000] {dag.py:4180} INFO - Setting next_dagrun for latest_only_with_trigger to 2025-03-06 20:00:00+00:00, run_after=2025-03-07 00:00:00+00:00
[2025-03-07T02:33:24.525+0000] {processor.py:208} INFO - Processing /home/Ashreem/airflow-env/lib/python3.12/site-packages/airflow/example_dags/example_latest_only_with_trigger.py took 0.118 seconds
[2025-03-07T02:34:37.546+0000] {processor.py:186} INFO - Started process (PID=46441) to work on /home/Ashreem/airflow-env/lib/python3.12/site-packages/airflow/example_dags/example_latest_only_with_trigger.py
[2025-03-07T02:34:37.548+0000] {processor.py:914} INFO - Processing file /home/Ashreem/airflow-env/lib/python3.12/site-packages/airflow/example_dags/example_latest_only_with_trigger.py for tasks to queue
[2025-03-07T02:34:37.551+0000] {logging_mixin.py:190} INFO - [2025-03-07T02:34:37.550+0000] {dagbag.py:588} INFO - Filling up the DagBag from /home/Ashreem/airflow-env/lib/python3.12/site-packages/airflow/example_dags/example_latest_only_with_trigger.py
[2025-03-07T02:34:37.561+0000] {processor.py:925} INFO - DAG(s) 'latest_only_with_trigger' retrieved from /home/Ashreem/airflow-env/lib/python3.12/site-packages/airflow/example_dags/example_latest_only_with_trigger.py
[2025-03-07T02:34:37.582+0000] {logging_mixin.py:190} INFO - [2025-03-07T02:34:37.582+0000] {dag.py:3239} INFO - Sync 1 DAGs
[2025-03-07T02:34:37.608+0000] {logging_mixin.py:190} INFO - [2025-03-07T02:34:37.607+0000] {dag.py:4180} INFO - Setting next_dagrun for latest_only_with_trigger to 2025-03-06 20:00:00+00:00, run_after=2025-03-07 00:00:00+00:00
[2025-03-07T02:34:37.645+0000] {processor.py:208} INFO - Processing /home/Ashreem/airflow-env/lib/python3.12/site-packages/airflow/example_dags/example_latest_only_with_trigger.py took 0.108 seconds
[2025-03-07T02:35:41.694+0000] {processor.py:186} INFO - Started process (PID=46506) to work on /home/Ashreem/airflow-env/lib/python3.12/site-packages/airflow/example_dags/example_latest_only_with_trigger.py
[2025-03-07T02:35:41.696+0000] {processor.py:914} INFO - Processing file /home/Ashreem/airflow-env/lib/python3.12/site-packages/airflow/example_dags/example_latest_only_with_trigger.py for tasks to queue
[2025-03-07T02:35:41.699+0000] {logging_mixin.py:190} INFO - [2025-03-07T02:35:41.699+0000] {dagbag.py:588} INFO - Filling up the DagBag from /home/Ashreem/airflow-env/lib/python3.12/site-packages/airflow/example_dags/example_latest_only_with_trigger.py
[2025-03-07T02:35:41.709+0000] {processor.py:925} INFO - DAG(s) 'latest_only_with_trigger' retrieved from /home/Ashreem/airflow-env/lib/python3.12/site-packages/airflow/example_dags/example_latest_only_with_trigger.py
[2025-03-07T02:35:41.732+0000] {logging_mixin.py:190} INFO - [2025-03-07T02:35:41.731+0000] {dag.py:3239} INFO - Sync 1 DAGs
[2025-03-07T02:35:41.756+0000] {logging_mixin.py:190} INFO - [2025-03-07T02:35:41.756+0000] {dag.py:4180} INFO - Setting next_dagrun for latest_only_with_trigger to 2025-03-06 20:00:00+00:00, run_after=2025-03-07 00:00:00+00:00
[2025-03-07T02:35:41.797+0000] {processor.py:208} INFO - Processing /home/Ashreem/airflow-env/lib/python3.12/site-packages/airflow/example_dags/example_latest_only_with_trigger.py took 0.114 seconds
[2025-03-07T02:36:50.789+0000] {processor.py:186} INFO - Started process (PID=46577) to work on /home/Ashreem/airflow-env/lib/python3.12/site-packages/airflow/example_dags/example_latest_only_with_trigger.py
[2025-03-07T02:36:50.791+0000] {processor.py:914} INFO - Processing file /home/Ashreem/airflow-env/lib/python3.12/site-packages/airflow/example_dags/example_latest_only_with_trigger.py for tasks to queue
[2025-03-07T02:36:50.793+0000] {logging_mixin.py:190} INFO - [2025-03-07T02:36:50.793+0000] {dagbag.py:588} INFO - Filling up the DagBag from /home/Ashreem/airflow-env/lib/python3.12/site-packages/airflow/example_dags/example_latest_only_with_trigger.py
[2025-03-07T02:36:50.809+0000] {processor.py:925} INFO - DAG(s) 'latest_only_with_trigger' retrieved from /home/Ashreem/airflow-env/lib/python3.12/site-packages/airflow/example_dags/example_latest_only_with_trigger.py
[2025-03-07T02:36:50.830+0000] {logging_mixin.py:190} INFO - [2025-03-07T02:36:50.830+0000] {dag.py:3239} INFO - Sync 1 DAGs
[2025-03-07T02:36:50.854+0000] {logging_mixin.py:190} INFO - [2025-03-07T02:36:50.854+0000] {dag.py:4180} INFO - Setting next_dagrun for latest_only_with_trigger to 2025-03-06 20:00:00+00:00, run_after=2025-03-07 00:00:00+00:00
[2025-03-07T02:36:50.892+0000] {processor.py:208} INFO - Processing /home/Ashreem/airflow-env/lib/python3.12/site-packages/airflow/example_dags/example_latest_only_with_trigger.py took 0.111 seconds
[2025-03-07T02:37:52.055+0000] {processor.py:186} INFO - Started process (PID=46637) to work on /home/Ashreem/airflow-env/lib/python3.12/site-packages/airflow/example_dags/example_latest_only_with_trigger.py
[2025-03-07T02:37:52.057+0000] {processor.py:914} INFO - Processing file /home/Ashreem/airflow-env/lib/python3.12/site-packages/airflow/example_dags/example_latest_only_with_trigger.py for tasks to queue
[2025-03-07T02:37:52.061+0000] {logging_mixin.py:190} INFO - [2025-03-07T02:37:52.060+0000] {dagbag.py:588} INFO - Filling up the DagBag from /home/Ashreem/airflow-env/lib/python3.12/site-packages/airflow/example_dags/example_latest_only_with_trigger.py
[2025-03-07T02:37:52.072+0000] {processor.py:925} INFO - DAG(s) 'latest_only_with_trigger' retrieved from /home/Ashreem/airflow-env/lib/python3.12/site-packages/airflow/example_dags/example_latest_only_with_trigger.py
[2025-03-07T02:37:52.092+0000] {logging_mixin.py:190} INFO - [2025-03-07T02:37:52.092+0000] {dag.py:3239} INFO - Sync 1 DAGs
[2025-03-07T02:37:52.117+0000] {logging_mixin.py:190} INFO - [2025-03-07T02:37:52.117+0000] {dag.py:4180} INFO - Setting next_dagrun for latest_only_with_trigger to 2025-03-06 20:00:00+00:00, run_after=2025-03-07 00:00:00+00:00
[2025-03-07T02:37:52.152+0000] {processor.py:208} INFO - Processing /home/Ashreem/airflow-env/lib/python3.12/site-packages/airflow/example_dags/example_latest_only_with_trigger.py took 0.106 seconds
[2025-03-07T02:38:55.422+0000] {processor.py:186} INFO - Started process (PID=46707) to work on /home/Ashreem/airflow-env/lib/python3.12/site-packages/airflow/example_dags/example_latest_only_with_trigger.py
[2025-03-07T02:38:55.424+0000] {processor.py:914} INFO - Processing file /home/Ashreem/airflow-env/lib/python3.12/site-packages/airflow/example_dags/example_latest_only_with_trigger.py for tasks to queue
[2025-03-07T02:38:55.427+0000] {logging_mixin.py:190} INFO - [2025-03-07T02:38:55.426+0000] {dagbag.py:588} INFO - Filling up the DagBag from /home/Ashreem/airflow-env/lib/python3.12/site-packages/airflow/example_dags/example_latest_only_with_trigger.py
[2025-03-07T02:38:55.438+0000] {processor.py:925} INFO - DAG(s) 'latest_only_with_trigger' retrieved from /home/Ashreem/airflow-env/lib/python3.12/site-packages/airflow/example_dags/example_latest_only_with_trigger.py
[2025-03-07T02:38:55.461+0000] {logging_mixin.py:190} INFO - [2025-03-07T02:38:55.461+0000] {dag.py:3239} INFO - Sync 1 DAGs
[2025-03-07T02:38:55.488+0000] {logging_mixin.py:190} INFO - [2025-03-07T02:38:55.487+0000] {dag.py:4180} INFO - Setting next_dagrun for latest_only_with_trigger to 2025-03-06 20:00:00+00:00, run_after=2025-03-07 00:00:00+00:00
[2025-03-07T02:38:55.526+0000] {processor.py:208} INFO - Processing /home/Ashreem/airflow-env/lib/python3.12/site-packages/airflow/example_dags/example_latest_only_with_trigger.py took 0.111 seconds
[2025-03-07T02:39:58.187+0000] {processor.py:186} INFO - Started process (PID=46769) to work on /home/Ashreem/airflow-env/lib/python3.12/site-packages/airflow/example_dags/example_latest_only_with_trigger.py
[2025-03-07T02:39:58.189+0000] {processor.py:914} INFO - Processing file /home/Ashreem/airflow-env/lib/python3.12/site-packages/airflow/example_dags/example_latest_only_with_trigger.py for tasks to queue
[2025-03-07T02:39:58.192+0000] {logging_mixin.py:190} INFO - [2025-03-07T02:39:58.191+0000] {dagbag.py:588} INFO - Filling up the DagBag from /home/Ashreem/airflow-env/lib/python3.12/site-packages/airflow/example_dags/example_latest_only_with_trigger.py
[2025-03-07T02:39:58.203+0000] {processor.py:925} INFO - DAG(s) 'latest_only_with_trigger' retrieved from /home/Ashreem/airflow-env/lib/python3.12/site-packages/airflow/example_dags/example_latest_only_with_trigger.py
[2025-03-07T02:39:58.227+0000] {logging_mixin.py:190} INFO - [2025-03-07T02:39:58.227+0000] {dag.py:3239} INFO - Sync 1 DAGs
[2025-03-07T02:39:58.254+0000] {logging_mixin.py:190} INFO - [2025-03-07T02:39:58.254+0000] {dag.py:4180} INFO - Setting next_dagrun for latest_only_with_trigger to 2025-03-06 20:00:00+00:00, run_after=2025-03-07 00:00:00+00:00
[2025-03-07T02:39:58.294+0000] {processor.py:208} INFO - Processing /home/Ashreem/airflow-env/lib/python3.12/site-packages/airflow/example_dags/example_latest_only_with_trigger.py took 0.115 seconds
[2025-03-07T02:41:01.848+0000] {processor.py:186} INFO - Started process (PID=46835) to work on /home/Ashreem/airflow-env/lib/python3.12/site-packages/airflow/example_dags/example_latest_only_with_trigger.py
[2025-03-07T02:41:01.850+0000] {processor.py:914} INFO - Processing file /home/Ashreem/airflow-env/lib/python3.12/site-packages/airflow/example_dags/example_latest_only_with_trigger.py for tasks to queue
[2025-03-07T02:41:01.852+0000] {logging_mixin.py:190} INFO - [2025-03-07T02:41:01.852+0000] {dagbag.py:588} INFO - Filling up the DagBag from /home/Ashreem/airflow-env/lib/python3.12/site-packages/airflow/example_dags/example_latest_only_with_trigger.py
[2025-03-07T02:41:01.862+0000] {processor.py:925} INFO - DAG(s) 'latest_only_with_trigger' retrieved from /home/Ashreem/airflow-env/lib/python3.12/site-packages/airflow/example_dags/example_latest_only_with_trigger.py
[2025-03-07T02:41:01.881+0000] {logging_mixin.py:190} INFO - [2025-03-07T02:41:01.881+0000] {dag.py:3239} INFO - Sync 1 DAGs
[2025-03-07T02:41:01.905+0000] {logging_mixin.py:190} INFO - [2025-03-07T02:41:01.905+0000] {dag.py:4180} INFO - Setting next_dagrun for latest_only_with_trigger to 2025-03-06 20:00:00+00:00, run_after=2025-03-07 00:00:00+00:00
[2025-03-07T02:41:01.941+0000] {processor.py:208} INFO - Processing /home/Ashreem/airflow-env/lib/python3.12/site-packages/airflow/example_dags/example_latest_only_with_trigger.py took 0.101 seconds
[2025-03-07T02:42:04.631+0000] {processor.py:186} INFO - Started process (PID=46896) to work on /home/Ashreem/airflow-env/lib/python3.12/site-packages/airflow/example_dags/example_latest_only_with_trigger.py
[2025-03-07T02:42:04.633+0000] {processor.py:914} INFO - Processing file /home/Ashreem/airflow-env/lib/python3.12/site-packages/airflow/example_dags/example_latest_only_with_trigger.py for tasks to queue
[2025-03-07T02:42:04.638+0000] {logging_mixin.py:190} INFO - [2025-03-07T02:42:04.638+0000] {dagbag.py:588} INFO - Filling up the DagBag from /home/Ashreem/airflow-env/lib/python3.12/site-packages/airflow/example_dags/example_latest_only_with_trigger.py
[2025-03-07T02:42:04.649+0000] {processor.py:925} INFO - DAG(s) 'latest_only_with_trigger' retrieved from /home/Ashreem/airflow-env/lib/python3.12/site-packages/airflow/example_dags/example_latest_only_with_trigger.py
[2025-03-07T02:42:04.672+0000] {logging_mixin.py:190} INFO - [2025-03-07T02:42:04.671+0000] {dag.py:3239} INFO - Sync 1 DAGs
[2025-03-07T02:42:04.702+0000] {logging_mixin.py:190} INFO - [2025-03-07T02:42:04.702+0000] {dag.py:4180} INFO - Setting next_dagrun for latest_only_with_trigger to 2025-03-06 20:00:00+00:00, run_after=2025-03-07 00:00:00+00:00
[2025-03-07T02:42:04.740+0000] {processor.py:208} INFO - Processing /home/Ashreem/airflow-env/lib/python3.12/site-packages/airflow/example_dags/example_latest_only_with_trigger.py took 0.116 seconds
[2025-03-07T02:43:09.440+0000] {processor.py:186} INFO - Started process (PID=46966) to work on /home/Ashreem/airflow-env/lib/python3.12/site-packages/airflow/example_dags/example_latest_only_with_trigger.py
[2025-03-07T02:43:09.442+0000] {processor.py:914} INFO - Processing file /home/Ashreem/airflow-env/lib/python3.12/site-packages/airflow/example_dags/example_latest_only_with_trigger.py for tasks to queue
[2025-03-07T02:43:09.444+0000] {logging_mixin.py:190} INFO - [2025-03-07T02:43:09.444+0000] {dagbag.py:588} INFO - Filling up the DagBag from /home/Ashreem/airflow-env/lib/python3.12/site-packages/airflow/example_dags/example_latest_only_with_trigger.py
[2025-03-07T02:43:09.456+0000] {processor.py:925} INFO - DAG(s) 'latest_only_with_trigger' retrieved from /home/Ashreem/airflow-env/lib/python3.12/site-packages/airflow/example_dags/example_latest_only_with_trigger.py
[2025-03-07T02:43:09.479+0000] {logging_mixin.py:190} INFO - [2025-03-07T02:43:09.479+0000] {dag.py:3239} INFO - Sync 1 DAGs
[2025-03-07T02:43:09.507+0000] {logging_mixin.py:190} INFO - [2025-03-07T02:43:09.507+0000] {dag.py:4180} INFO - Setting next_dagrun for latest_only_with_trigger to 2025-03-06 20:00:00+00:00, run_after=2025-03-07 00:00:00+00:00
[2025-03-07T02:43:09.554+0000] {processor.py:208} INFO - Processing /home/Ashreem/airflow-env/lib/python3.12/site-packages/airflow/example_dags/example_latest_only_with_trigger.py took 0.123 seconds
[2025-03-07T02:44:12.708+0000] {processor.py:186} INFO - Started process (PID=47037) to work on /home/Ashreem/airflow-env/lib/python3.12/site-packages/airflow/example_dags/example_latest_only_with_trigger.py
[2025-03-07T02:44:12.710+0000] {processor.py:914} INFO - Processing file /home/Ashreem/airflow-env/lib/python3.12/site-packages/airflow/example_dags/example_latest_only_with_trigger.py for tasks to queue
[2025-03-07T02:44:12.712+0000] {logging_mixin.py:190} INFO - [2025-03-07T02:44:12.712+0000] {dagbag.py:588} INFO - Filling up the DagBag from /home/Ashreem/airflow-env/lib/python3.12/site-packages/airflow/example_dags/example_latest_only_with_trigger.py
[2025-03-07T02:44:12.725+0000] {processor.py:925} INFO - DAG(s) 'latest_only_with_trigger' retrieved from /home/Ashreem/airflow-env/lib/python3.12/site-packages/airflow/example_dags/example_latest_only_with_trigger.py
[2025-03-07T02:44:12.751+0000] {logging_mixin.py:190} INFO - [2025-03-07T02:44:12.751+0000] {dag.py:3239} INFO - Sync 1 DAGs
[2025-03-07T02:44:12.779+0000] {logging_mixin.py:190} INFO - [2025-03-07T02:44:12.779+0000] {dag.py:4180} INFO - Setting next_dagrun for latest_only_with_trigger to 2025-03-06 20:00:00+00:00, run_after=2025-03-07 00:00:00+00:00
[2025-03-07T02:44:12.815+0000] {processor.py:208} INFO - Processing /home/Ashreem/airflow-env/lib/python3.12/site-packages/airflow/example_dags/example_latest_only_with_trigger.py took 0.115 seconds
[2025-03-07T02:45:14.856+0000] {processor.py:186} INFO - Started process (PID=47117) to work on /home/Ashreem/airflow-env/lib/python3.12/site-packages/airflow/example_dags/example_latest_only_with_trigger.py
[2025-03-07T02:45:14.857+0000] {processor.py:914} INFO - Processing file /home/Ashreem/airflow-env/lib/python3.12/site-packages/airflow/example_dags/example_latest_only_with_trigger.py for tasks to queue
[2025-03-07T02:45:14.861+0000] {logging_mixin.py:190} INFO - [2025-03-07T02:45:14.860+0000] {dagbag.py:588} INFO - Filling up the DagBag from /home/Ashreem/airflow-env/lib/python3.12/site-packages/airflow/example_dags/example_latest_only_with_trigger.py
[2025-03-07T02:45:14.876+0000] {processor.py:925} INFO - DAG(s) 'latest_only_with_trigger' retrieved from /home/Ashreem/airflow-env/lib/python3.12/site-packages/airflow/example_dags/example_latest_only_with_trigger.py
[2025-03-07T02:45:14.898+0000] {logging_mixin.py:190} INFO - [2025-03-07T02:45:14.897+0000] {dag.py:3239} INFO - Sync 1 DAGs
[2025-03-07T02:45:14.924+0000] {logging_mixin.py:190} INFO - [2025-03-07T02:45:14.924+0000] {dag.py:4180} INFO - Setting next_dagrun for latest_only_with_trigger to 2025-03-06 20:00:00+00:00, run_after=2025-03-07 00:00:00+00:00
[2025-03-07T02:45:14.966+0000] {processor.py:208} INFO - Processing /home/Ashreem/airflow-env/lib/python3.12/site-packages/airflow/example_dags/example_latest_only_with_trigger.py took 0.119 seconds
[2025-03-07T02:46:18.822+0000] {processor.py:186} INFO - Started process (PID=47183) to work on /home/Ashreem/airflow-env/lib/python3.12/site-packages/airflow/example_dags/example_latest_only_with_trigger.py
[2025-03-07T02:46:18.823+0000] {processor.py:914} INFO - Processing file /home/Ashreem/airflow-env/lib/python3.12/site-packages/airflow/example_dags/example_latest_only_with_trigger.py for tasks to queue
[2025-03-07T02:46:18.826+0000] {logging_mixin.py:190} INFO - [2025-03-07T02:46:18.825+0000] {dagbag.py:588} INFO - Filling up the DagBag from /home/Ashreem/airflow-env/lib/python3.12/site-packages/airflow/example_dags/example_latest_only_with_trigger.py
[2025-03-07T02:46:18.837+0000] {processor.py:925} INFO - DAG(s) 'latest_only_with_trigger' retrieved from /home/Ashreem/airflow-env/lib/python3.12/site-packages/airflow/example_dags/example_latest_only_with_trigger.py
[2025-03-07T02:46:18.861+0000] {logging_mixin.py:190} INFO - [2025-03-07T02:46:18.861+0000] {dag.py:3239} INFO - Sync 1 DAGs
[2025-03-07T02:46:18.891+0000] {logging_mixin.py:190} INFO - [2025-03-07T02:46:18.891+0000] {dag.py:4180} INFO - Setting next_dagrun for latest_only_with_trigger to 2025-03-06 20:00:00+00:00, run_after=2025-03-07 00:00:00+00:00
[2025-03-07T02:46:18.930+0000] {processor.py:208} INFO - Processing /home/Ashreem/airflow-env/lib/python3.12/site-packages/airflow/example_dags/example_latest_only_with_trigger.py took 0.116 seconds
[2025-03-07T02:47:23.112+0000] {processor.py:186} INFO - Started process (PID=47243) to work on /home/Ashreem/airflow-env/lib/python3.12/site-packages/airflow/example_dags/example_latest_only_with_trigger.py
[2025-03-07T02:47:23.114+0000] {processor.py:914} INFO - Processing file /home/Ashreem/airflow-env/lib/python3.12/site-packages/airflow/example_dags/example_latest_only_with_trigger.py for tasks to queue
[2025-03-07T02:47:23.117+0000] {logging_mixin.py:190} INFO - [2025-03-07T02:47:23.117+0000] {dagbag.py:588} INFO - Filling up the DagBag from /home/Ashreem/airflow-env/lib/python3.12/site-packages/airflow/example_dags/example_latest_only_with_trigger.py
[2025-03-07T02:47:23.130+0000] {processor.py:925} INFO - DAG(s) 'latest_only_with_trigger' retrieved from /home/Ashreem/airflow-env/lib/python3.12/site-packages/airflow/example_dags/example_latest_only_with_trigger.py
[2025-03-07T02:47:23.152+0000] {logging_mixin.py:190} INFO - [2025-03-07T02:47:23.151+0000] {dag.py:3239} INFO - Sync 1 DAGs
[2025-03-07T02:47:23.178+0000] {logging_mixin.py:190} INFO - [2025-03-07T02:47:23.178+0000] {dag.py:4180} INFO - Setting next_dagrun for latest_only_with_trigger to 2025-03-06 20:00:00+00:00, run_after=2025-03-07 00:00:00+00:00
[2025-03-07T02:47:23.222+0000] {processor.py:208} INFO - Processing /home/Ashreem/airflow-env/lib/python3.12/site-packages/airflow/example_dags/example_latest_only_with_trigger.py took 0.120 seconds
[2025-03-07T02:48:32.536+0000] {processor.py:186} INFO - Started process (PID=47314) to work on /home/Ashreem/airflow-env/lib/python3.12/site-packages/airflow/example_dags/example_latest_only_with_trigger.py
[2025-03-07T02:48:32.538+0000] {processor.py:914} INFO - Processing file /home/Ashreem/airflow-env/lib/python3.12/site-packages/airflow/example_dags/example_latest_only_with_trigger.py for tasks to queue
[2025-03-07T02:48:32.540+0000] {logging_mixin.py:190} INFO - [2025-03-07T02:48:32.540+0000] {dagbag.py:588} INFO - Filling up the DagBag from /home/Ashreem/airflow-env/lib/python3.12/site-packages/airflow/example_dags/example_latest_only_with_trigger.py
[2025-03-07T02:48:32.551+0000] {processor.py:925} INFO - DAG(s) 'latest_only_with_trigger' retrieved from /home/Ashreem/airflow-env/lib/python3.12/site-packages/airflow/example_dags/example_latest_only_with_trigger.py
[2025-03-07T02:48:32.570+0000] {logging_mixin.py:190} INFO - [2025-03-07T02:48:32.570+0000] {dag.py:3239} INFO - Sync 1 DAGs
[2025-03-07T02:48:32.595+0000] {logging_mixin.py:190} INFO - [2025-03-07T02:48:32.594+0000] {dag.py:4180} INFO - Setting next_dagrun for latest_only_with_trigger to 2025-03-06 20:00:00+00:00, run_after=2025-03-07 00:00:00+00:00
[2025-03-07T02:48:32.633+0000] {processor.py:208} INFO - Processing /home/Ashreem/airflow-env/lib/python3.12/site-packages/airflow/example_dags/example_latest_only_with_trigger.py took 0.104 seconds
[2025-03-07T02:49:37.272+0000] {processor.py:186} INFO - Started process (PID=47394) to work on /home/Ashreem/airflow-env/lib/python3.12/site-packages/airflow/example_dags/example_latest_only_with_trigger.py
[2025-03-07T02:49:37.274+0000] {processor.py:914} INFO - Processing file /home/Ashreem/airflow-env/lib/python3.12/site-packages/airflow/example_dags/example_latest_only_with_trigger.py for tasks to queue
[2025-03-07T02:49:37.277+0000] {logging_mixin.py:190} INFO - [2025-03-07T02:49:37.276+0000] {dagbag.py:588} INFO - Filling up the DagBag from /home/Ashreem/airflow-env/lib/python3.12/site-packages/airflow/example_dags/example_latest_only_with_trigger.py
[2025-03-07T02:49:37.287+0000] {processor.py:925} INFO - DAG(s) 'latest_only_with_trigger' retrieved from /home/Ashreem/airflow-env/lib/python3.12/site-packages/airflow/example_dags/example_latest_only_with_trigger.py
[2025-03-07T02:49:37.310+0000] {logging_mixin.py:190} INFO - [2025-03-07T02:49:37.310+0000] {dag.py:3239} INFO - Sync 1 DAGs
[2025-03-07T02:49:37.334+0000] {logging_mixin.py:190} INFO - [2025-03-07T02:49:37.334+0000] {dag.py:4180} INFO - Setting next_dagrun for latest_only_with_trigger to 2025-03-06 20:00:00+00:00, run_after=2025-03-07 00:00:00+00:00
[2025-03-07T02:49:37.373+0000] {processor.py:208} INFO - Processing /home/Ashreem/airflow-env/lib/python3.12/site-packages/airflow/example_dags/example_latest_only_with_trigger.py took 0.107 seconds
[2025-03-07T02:50:42.708+0000] {processor.py:186} INFO - Started process (PID=47465) to work on /home/Ashreem/airflow-env/lib/python3.12/site-packages/airflow/example_dags/example_latest_only_with_trigger.py
[2025-03-07T02:50:42.710+0000] {processor.py:914} INFO - Processing file /home/Ashreem/airflow-env/lib/python3.12/site-packages/airflow/example_dags/example_latest_only_with_trigger.py for tasks to queue
[2025-03-07T02:50:42.713+0000] {logging_mixin.py:190} INFO - [2025-03-07T02:50:42.712+0000] {dagbag.py:588} INFO - Filling up the DagBag from /home/Ashreem/airflow-env/lib/python3.12/site-packages/airflow/example_dags/example_latest_only_with_trigger.py
[2025-03-07T02:50:42.724+0000] {processor.py:925} INFO - DAG(s) 'latest_only_with_trigger' retrieved from /home/Ashreem/airflow-env/lib/python3.12/site-packages/airflow/example_dags/example_latest_only_with_trigger.py
[2025-03-07T02:50:42.743+0000] {logging_mixin.py:190} INFO - [2025-03-07T02:50:42.743+0000] {dag.py:3239} INFO - Sync 1 DAGs
[2025-03-07T02:50:42.768+0000] {logging_mixin.py:190} INFO - [2025-03-07T02:50:42.768+0000] {dag.py:4180} INFO - Setting next_dagrun for latest_only_with_trigger to 2025-03-06 20:00:00+00:00, run_after=2025-03-07 00:00:00+00:00
[2025-03-07T02:50:42.803+0000] {processor.py:208} INFO - Processing /home/Ashreem/airflow-env/lib/python3.12/site-packages/airflow/example_dags/example_latest_only_with_trigger.py took 0.103 seconds
[2025-03-07T02:51:43.641+0000] {processor.py:186} INFO - Started process (PID=47526) to work on /home/Ashreem/airflow-env/lib/python3.12/site-packages/airflow/example_dags/example_latest_only_with_trigger.py
[2025-03-07T02:51:43.643+0000] {processor.py:914} INFO - Processing file /home/Ashreem/airflow-env/lib/python3.12/site-packages/airflow/example_dags/example_latest_only_with_trigger.py for tasks to queue
[2025-03-07T02:51:43.646+0000] {logging_mixin.py:190} INFO - [2025-03-07T02:51:43.645+0000] {dagbag.py:588} INFO - Filling up the DagBag from /home/Ashreem/airflow-env/lib/python3.12/site-packages/airflow/example_dags/example_latest_only_with_trigger.py
[2025-03-07T02:51:43.657+0000] {processor.py:925} INFO - DAG(s) 'latest_only_with_trigger' retrieved from /home/Ashreem/airflow-env/lib/python3.12/site-packages/airflow/example_dags/example_latest_only_with_trigger.py
[2025-03-07T02:51:43.678+0000] {logging_mixin.py:190} INFO - [2025-03-07T02:51:43.678+0000] {dag.py:3239} INFO - Sync 1 DAGs
[2025-03-07T02:51:43.706+0000] {logging_mixin.py:190} INFO - [2025-03-07T02:51:43.706+0000] {dag.py:4180} INFO - Setting next_dagrun for latest_only_with_trigger to 2025-03-06 20:00:00+00:00, run_after=2025-03-07 00:00:00+00:00
[2025-03-07T02:51:43.743+0000] {processor.py:208} INFO - Processing /home/Ashreem/airflow-env/lib/python3.12/site-packages/airflow/example_dags/example_latest_only_with_trigger.py took 0.109 seconds
[2025-03-07T02:52:51.332+0000] {processor.py:186} INFO - Started process (PID=47595) to work on /home/Ashreem/airflow-env/lib/python3.12/site-packages/airflow/example_dags/example_latest_only_with_trigger.py
[2025-03-07T02:52:51.334+0000] {processor.py:914} INFO - Processing file /home/Ashreem/airflow-env/lib/python3.12/site-packages/airflow/example_dags/example_latest_only_with_trigger.py for tasks to queue
[2025-03-07T02:52:51.337+0000] {logging_mixin.py:190} INFO - [2025-03-07T02:52:51.337+0000] {dagbag.py:588} INFO - Filling up the DagBag from /home/Ashreem/airflow-env/lib/python3.12/site-packages/airflow/example_dags/example_latest_only_with_trigger.py
[2025-03-07T02:52:51.350+0000] {processor.py:925} INFO - DAG(s) 'latest_only_with_trigger' retrieved from /home/Ashreem/airflow-env/lib/python3.12/site-packages/airflow/example_dags/example_latest_only_with_trigger.py
[2025-03-07T02:52:51.377+0000] {logging_mixin.py:190} INFO - [2025-03-07T02:52:51.375+0000] {dag.py:3239} INFO - Sync 1 DAGs
[2025-03-07T02:52:51.406+0000] {logging_mixin.py:190} INFO - [2025-03-07T02:52:51.406+0000] {dag.py:4180} INFO - Setting next_dagrun for latest_only_with_trigger to 2025-03-06 20:00:00+00:00, run_after=2025-03-07 00:00:00+00:00
[2025-03-07T02:52:51.445+0000] {processor.py:208} INFO - Processing /home/Ashreem/airflow-env/lib/python3.12/site-packages/airflow/example_dags/example_latest_only_with_trigger.py took 0.123 seconds
[2025-03-07T02:53:52.194+0000] {processor.py:186} INFO - Started process (PID=47659) to work on /home/Ashreem/airflow-env/lib/python3.12/site-packages/airflow/example_dags/example_latest_only_with_trigger.py
[2025-03-07T02:53:52.195+0000] {processor.py:914} INFO - Processing file /home/Ashreem/airflow-env/lib/python3.12/site-packages/airflow/example_dags/example_latest_only_with_trigger.py for tasks to queue
[2025-03-07T02:53:52.198+0000] {logging_mixin.py:190} INFO - [2025-03-07T02:53:52.198+0000] {dagbag.py:588} INFO - Filling up the DagBag from /home/Ashreem/airflow-env/lib/python3.12/site-packages/airflow/example_dags/example_latest_only_with_trigger.py
[2025-03-07T02:53:52.210+0000] {processor.py:925} INFO - DAG(s) 'latest_only_with_trigger' retrieved from /home/Ashreem/airflow-env/lib/python3.12/site-packages/airflow/example_dags/example_latest_only_with_trigger.py
[2025-03-07T02:53:52.234+0000] {logging_mixin.py:190} INFO - [2025-03-07T02:53:52.234+0000] {dag.py:3239} INFO - Sync 1 DAGs
[2025-03-07T02:53:52.259+0000] {logging_mixin.py:190} INFO - [2025-03-07T02:53:52.258+0000] {dag.py:4180} INFO - Setting next_dagrun for latest_only_with_trigger to 2025-03-06 20:00:00+00:00, run_after=2025-03-07 00:00:00+00:00
[2025-03-07T02:53:52.317+0000] {processor.py:208} INFO - Processing /home/Ashreem/airflow-env/lib/python3.12/site-packages/airflow/example_dags/example_latest_only_with_trigger.py took 0.132 seconds
[2025-03-07T02:54:53.088+0000] {processor.py:186} INFO - Started process (PID=47720) to work on /home/Ashreem/airflow-env/lib/python3.12/site-packages/airflow/example_dags/example_latest_only_with_trigger.py
[2025-03-07T02:54:53.089+0000] {processor.py:914} INFO - Processing file /home/Ashreem/airflow-env/lib/python3.12/site-packages/airflow/example_dags/example_latest_only_with_trigger.py for tasks to queue
[2025-03-07T02:54:53.092+0000] {logging_mixin.py:190} INFO - [2025-03-07T02:54:53.091+0000] {dagbag.py:588} INFO - Filling up the DagBag from /home/Ashreem/airflow-env/lib/python3.12/site-packages/airflow/example_dags/example_latest_only_with_trigger.py
[2025-03-07T02:54:53.102+0000] {processor.py:925} INFO - DAG(s) 'latest_only_with_trigger' retrieved from /home/Ashreem/airflow-env/lib/python3.12/site-packages/airflow/example_dags/example_latest_only_with_trigger.py
[2025-03-07T02:54:53.125+0000] {logging_mixin.py:190} INFO - [2025-03-07T02:54:53.125+0000] {dag.py:3239} INFO - Sync 1 DAGs
[2025-03-07T02:54:53.152+0000] {logging_mixin.py:190} INFO - [2025-03-07T02:54:53.152+0000] {dag.py:4180} INFO - Setting next_dagrun for latest_only_with_trigger to 2025-03-06 20:00:00+00:00, run_after=2025-03-07 00:00:00+00:00
[2025-03-07T02:54:53.192+0000] {processor.py:208} INFO - Processing /home/Ashreem/airflow-env/lib/python3.12/site-packages/airflow/example_dags/example_latest_only_with_trigger.py took 0.114 seconds
[2025-03-07T02:55:56.499+0000] {processor.py:186} INFO - Started process (PID=47852) to work on /home/Ashreem/airflow-env/lib/python3.12/site-packages/airflow/example_dags/example_latest_only_with_trigger.py
[2025-03-07T02:55:56.501+0000] {processor.py:914} INFO - Processing file /home/Ashreem/airflow-env/lib/python3.12/site-packages/airflow/example_dags/example_latest_only_with_trigger.py for tasks to queue
[2025-03-07T02:55:56.504+0000] {logging_mixin.py:190} INFO - [2025-03-07T02:55:56.504+0000] {dagbag.py:588} INFO - Filling up the DagBag from /home/Ashreem/airflow-env/lib/python3.12/site-packages/airflow/example_dags/example_latest_only_with_trigger.py
[2025-03-07T02:55:56.514+0000] {processor.py:925} INFO - DAG(s) 'latest_only_with_trigger' retrieved from /home/Ashreem/airflow-env/lib/python3.12/site-packages/airflow/example_dags/example_latest_only_with_trigger.py
[2025-03-07T02:55:56.538+0000] {logging_mixin.py:190} INFO - [2025-03-07T02:55:56.538+0000] {dag.py:3239} INFO - Sync 1 DAGs
[2025-03-07T02:55:56.567+0000] {logging_mixin.py:190} INFO - [2025-03-07T02:55:56.566+0000] {dag.py:4180} INFO - Setting next_dagrun for latest_only_with_trigger to 2025-03-06 20:00:00+00:00, run_after=2025-03-07 00:00:00+00:00
[2025-03-07T02:55:56.604+0000] {processor.py:208} INFO - Processing /home/Ashreem/airflow-env/lib/python3.12/site-packages/airflow/example_dags/example_latest_only_with_trigger.py took 0.113 seconds
[2025-03-07T02:56:54.791+0000] {processor.py:186} INFO - Started process (PID=47972) to work on /home/Ashreem/airflow-env/lib/python3.12/site-packages/airflow/example_dags/example_latest_only_with_trigger.py
[2025-03-07T02:56:54.792+0000] {processor.py:914} INFO - Processing file /home/Ashreem/airflow-env/lib/python3.12/site-packages/airflow/example_dags/example_latest_only_with_trigger.py for tasks to queue
[2025-03-07T02:56:54.797+0000] {logging_mixin.py:190} INFO - [2025-03-07T02:56:54.796+0000] {dagbag.py:588} INFO - Filling up the DagBag from /home/Ashreem/airflow-env/lib/python3.12/site-packages/airflow/example_dags/example_latest_only_with_trigger.py
[2025-03-07T02:56:54.808+0000] {processor.py:925} INFO - DAG(s) 'latest_only_with_trigger' retrieved from /home/Ashreem/airflow-env/lib/python3.12/site-packages/airflow/example_dags/example_latest_only_with_trigger.py
[2025-03-07T02:56:54.830+0000] {logging_mixin.py:190} INFO - [2025-03-07T02:56:54.829+0000] {dag.py:3239} INFO - Sync 1 DAGs
[2025-03-07T02:56:54.856+0000] {logging_mixin.py:190} INFO - [2025-03-07T02:56:54.856+0000] {dag.py:4180} INFO - Setting next_dagrun for latest_only_with_trigger to 2025-03-06 20:00:00+00:00, run_after=2025-03-07 00:00:00+00:00
[2025-03-07T02:56:54.896+0000] {processor.py:208} INFO - Processing /home/Ashreem/airflow-env/lib/python3.12/site-packages/airflow/example_dags/example_latest_only_with_trigger.py took 0.112 seconds
[2025-03-07T02:57:03.391+0000] {processor.py:186} INFO - Started process (PID=47989) to work on /home/Ashreem/airflow-env/lib/python3.12/site-packages/airflow/example_dags/example_latest_only_with_trigger.py
[2025-03-07T02:57:03.392+0000] {processor.py:914} INFO - Processing file /home/Ashreem/airflow-env/lib/python3.12/site-packages/airflow/example_dags/example_latest_only_with_trigger.py for tasks to queue
[2025-03-07T02:57:03.395+0000] {logging_mixin.py:190} INFO - [2025-03-07T02:57:03.394+0000] {dagbag.py:588} INFO - Filling up the DagBag from /home/Ashreem/airflow-env/lib/python3.12/site-packages/airflow/example_dags/example_latest_only_with_trigger.py
[2025-03-07T02:57:03.409+0000] {processor.py:925} INFO - DAG(s) 'latest_only_with_trigger' retrieved from /home/Ashreem/airflow-env/lib/python3.12/site-packages/airflow/example_dags/example_latest_only_with_trigger.py
[2025-03-07T02:57:03.430+0000] {logging_mixin.py:190} INFO - [2025-03-07T02:57:03.430+0000] {dag.py:3239} INFO - Sync 1 DAGs
[2025-03-07T02:57:03.460+0000] {logging_mixin.py:190} INFO - [2025-03-07T02:57:03.460+0000] {dag.py:4180} INFO - Setting next_dagrun for latest_only_with_trigger to 2025-03-06 20:00:00+00:00, run_after=2025-03-07 00:00:00+00:00
[2025-03-07T02:57:03.496+0000] {processor.py:208} INFO - Processing /home/Ashreem/airflow-env/lib/python3.12/site-packages/airflow/example_dags/example_latest_only_with_trigger.py took 0.112 seconds
[2025-03-07T02:58:05.637+0000] {processor.py:186} INFO - Started process (PID=48072) to work on /home/Ashreem/airflow-env/lib/python3.12/site-packages/airflow/example_dags/example_latest_only_with_trigger.py
[2025-03-07T02:58:05.638+0000] {processor.py:914} INFO - Processing file /home/Ashreem/airflow-env/lib/python3.12/site-packages/airflow/example_dags/example_latest_only_with_trigger.py for tasks to queue
[2025-03-07T02:58:05.641+0000] {logging_mixin.py:190} INFO - [2025-03-07T02:58:05.641+0000] {dagbag.py:588} INFO - Filling up the DagBag from /home/Ashreem/airflow-env/lib/python3.12/site-packages/airflow/example_dags/example_latest_only_with_trigger.py
[2025-03-07T02:58:05.652+0000] {processor.py:925} INFO - DAG(s) 'latest_only_with_trigger' retrieved from /home/Ashreem/airflow-env/lib/python3.12/site-packages/airflow/example_dags/example_latest_only_with_trigger.py
[2025-03-07T02:58:05.674+0000] {logging_mixin.py:190} INFO - [2025-03-07T02:58:05.673+0000] {dag.py:3239} INFO - Sync 1 DAGs
[2025-03-07T02:58:05.703+0000] {logging_mixin.py:190} INFO - [2025-03-07T02:58:05.703+0000] {dag.py:4180} INFO - Setting next_dagrun for latest_only_with_trigger to 2025-03-06 20:00:00+00:00, run_after=2025-03-07 00:00:00+00:00
[2025-03-07T02:58:05.744+0000] {processor.py:208} INFO - Processing /home/Ashreem/airflow-env/lib/python3.12/site-packages/airflow/example_dags/example_latest_only_with_trigger.py took 0.116 seconds
[2025-03-07T02:59:13.219+0000] {processor.py:186} INFO - Started process (PID=48179) to work on /home/Ashreem/airflow-env/lib/python3.12/site-packages/airflow/example_dags/example_latest_only_with_trigger.py
[2025-03-07T02:59:13.221+0000] {processor.py:914} INFO - Processing file /home/Ashreem/airflow-env/lib/python3.12/site-packages/airflow/example_dags/example_latest_only_with_trigger.py for tasks to queue
[2025-03-07T02:59:13.223+0000] {logging_mixin.py:190} INFO - [2025-03-07T02:59:13.223+0000] {dagbag.py:588} INFO - Filling up the DagBag from /home/Ashreem/airflow-env/lib/python3.12/site-packages/airflow/example_dags/example_latest_only_with_trigger.py
[2025-03-07T02:59:13.235+0000] {processor.py:925} INFO - DAG(s) 'latest_only_with_trigger' retrieved from /home/Ashreem/airflow-env/lib/python3.12/site-packages/airflow/example_dags/example_latest_only_with_trigger.py
[2025-03-07T02:59:13.261+0000] {logging_mixin.py:190} INFO - [2025-03-07T02:59:13.261+0000] {dag.py:3239} INFO - Sync 1 DAGs
[2025-03-07T02:59:13.286+0000] {logging_mixin.py:190} INFO - [2025-03-07T02:59:13.286+0000] {dag.py:4180} INFO - Setting next_dagrun for latest_only_with_trigger to 2025-03-06 20:00:00+00:00, run_after=2025-03-07 00:00:00+00:00
[2025-03-07T02:59:13.326+0000] {processor.py:208} INFO - Processing /home/Ashreem/airflow-env/lib/python3.12/site-packages/airflow/example_dags/example_latest_only_with_trigger.py took 0.115 seconds
[2025-03-07T03:00:20.675+0000] {processor.py:186} INFO - Started process (PID=48302) to work on /home/Ashreem/airflow-env/lib/python3.12/site-packages/airflow/example_dags/example_latest_only_with_trigger.py
[2025-03-07T03:00:20.677+0000] {processor.py:914} INFO - Processing file /home/Ashreem/airflow-env/lib/python3.12/site-packages/airflow/example_dags/example_latest_only_with_trigger.py for tasks to queue
[2025-03-07T03:00:20.680+0000] {logging_mixin.py:190} INFO - [2025-03-07T03:00:20.679+0000] {dagbag.py:588} INFO - Filling up the DagBag from /home/Ashreem/airflow-env/lib/python3.12/site-packages/airflow/example_dags/example_latest_only_with_trigger.py
[2025-03-07T03:00:20.691+0000] {processor.py:925} INFO - DAG(s) 'latest_only_with_trigger' retrieved from /home/Ashreem/airflow-env/lib/python3.12/site-packages/airflow/example_dags/example_latest_only_with_trigger.py
[2025-03-07T03:00:20.720+0000] {logging_mixin.py:190} INFO - [2025-03-07T03:00:20.720+0000] {dag.py:3239} INFO - Sync 1 DAGs
[2025-03-07T03:00:20.747+0000] {logging_mixin.py:190} INFO - [2025-03-07T03:00:20.747+0000] {dag.py:4180} INFO - Setting next_dagrun for latest_only_with_trigger to 2025-03-06 20:00:00+00:00, run_after=2025-03-07 00:00:00+00:00
[2025-03-07T03:00:20.784+0000] {processor.py:208} INFO - Processing /home/Ashreem/airflow-env/lib/python3.12/site-packages/airflow/example_dags/example_latest_only_with_trigger.py took 0.118 seconds
[2025-03-07T03:01:23.421+0000] {processor.py:186} INFO - Started process (PID=48374) to work on /home/Ashreem/airflow-env/lib/python3.12/site-packages/airflow/example_dags/example_latest_only_with_trigger.py
[2025-03-07T03:01:23.423+0000] {processor.py:914} INFO - Processing file /home/Ashreem/airflow-env/lib/python3.12/site-packages/airflow/example_dags/example_latest_only_with_trigger.py for tasks to queue
[2025-03-07T03:01:23.425+0000] {logging_mixin.py:190} INFO - [2025-03-07T03:01:23.425+0000] {dagbag.py:588} INFO - Filling up the DagBag from /home/Ashreem/airflow-env/lib/python3.12/site-packages/airflow/example_dags/example_latest_only_with_trigger.py
[2025-03-07T03:01:23.437+0000] {processor.py:925} INFO - DAG(s) 'latest_only_with_trigger' retrieved from /home/Ashreem/airflow-env/lib/python3.12/site-packages/airflow/example_dags/example_latest_only_with_trigger.py
[2025-03-07T03:01:23.462+0000] {logging_mixin.py:190} INFO - [2025-03-07T03:01:23.462+0000] {dag.py:3239} INFO - Sync 1 DAGs
[2025-03-07T03:01:23.493+0000] {logging_mixin.py:190} INFO - [2025-03-07T03:01:23.492+0000] {dag.py:4180} INFO - Setting next_dagrun for latest_only_with_trigger to 2025-03-06 20:00:00+00:00, run_after=2025-03-07 00:00:00+00:00
[2025-03-07T03:01:23.532+0000] {processor.py:208} INFO - Processing /home/Ashreem/airflow-env/lib/python3.12/site-packages/airflow/example_dags/example_latest_only_with_trigger.py took 0.119 seconds
[2025-03-07T03:02:27.296+0000] {processor.py:186} INFO - Started process (PID=48460) to work on /home/Ashreem/airflow-env/lib/python3.12/site-packages/airflow/example_dags/example_latest_only_with_trigger.py
[2025-03-07T03:02:27.298+0000] {processor.py:914} INFO - Processing file /home/Ashreem/airflow-env/lib/python3.12/site-packages/airflow/example_dags/example_latest_only_with_trigger.py for tasks to queue
[2025-03-07T03:02:27.301+0000] {logging_mixin.py:190} INFO - [2025-03-07T03:02:27.300+0000] {dagbag.py:588} INFO - Filling up the DagBag from /home/Ashreem/airflow-env/lib/python3.12/site-packages/airflow/example_dags/example_latest_only_with_trigger.py
[2025-03-07T03:02:27.312+0000] {processor.py:925} INFO - DAG(s) 'latest_only_with_trigger' retrieved from /home/Ashreem/airflow-env/lib/python3.12/site-packages/airflow/example_dags/example_latest_only_with_trigger.py
[2025-03-07T03:02:27.338+0000] {logging_mixin.py:190} INFO - [2025-03-07T03:02:27.338+0000] {dag.py:3239} INFO - Sync 1 DAGs
[2025-03-07T03:02:27.370+0000] {logging_mixin.py:190} INFO - [2025-03-07T03:02:27.370+0000] {dag.py:4180} INFO - Setting next_dagrun for latest_only_with_trigger to 2025-03-06 20:00:00+00:00, run_after=2025-03-07 00:00:00+00:00
[2025-03-07T03:02:27.418+0000] {processor.py:208} INFO - Processing /home/Ashreem/airflow-env/lib/python3.12/site-packages/airflow/example_dags/example_latest_only_with_trigger.py took 0.130 seconds
[2025-03-07T03:04:06.479+0000] {processor.py:186} INFO - Started process (PID=48638) to work on /home/Ashreem/airflow-env/lib/python3.12/site-packages/airflow/example_dags/example_latest_only_with_trigger.py
[2025-03-07T03:04:06.481+0000] {processor.py:914} INFO - Processing file /home/Ashreem/airflow-env/lib/python3.12/site-packages/airflow/example_dags/example_latest_only_with_trigger.py for tasks to queue
[2025-03-07T03:04:06.483+0000] {logging_mixin.py:190} INFO - [2025-03-07T03:04:06.483+0000] {dagbag.py:588} INFO - Filling up the DagBag from /home/Ashreem/airflow-env/lib/python3.12/site-packages/airflow/example_dags/example_latest_only_with_trigger.py
[2025-03-07T03:04:06.495+0000] {processor.py:925} INFO - DAG(s) 'latest_only_with_trigger' retrieved from /home/Ashreem/airflow-env/lib/python3.12/site-packages/airflow/example_dags/example_latest_only_with_trigger.py
[2025-03-07T03:04:06.517+0000] {logging_mixin.py:190} INFO - [2025-03-07T03:04:06.517+0000] {dag.py:3239} INFO - Sync 1 DAGs
[2025-03-07T03:04:06.543+0000] {logging_mixin.py:190} INFO - [2025-03-07T03:04:06.543+0000] {dag.py:4180} INFO - Setting next_dagrun for latest_only_with_trigger to 2025-03-06 20:00:00+00:00, run_after=2025-03-07 00:00:00+00:00
[2025-03-07T03:04:06.585+0000] {processor.py:208} INFO - Processing /home/Ashreem/airflow-env/lib/python3.12/site-packages/airflow/example_dags/example_latest_only_with_trigger.py took 0.114 seconds
[2025-03-07T03:05:09.851+0000] {processor.py:186} INFO - Started process (PID=48711) to work on /home/Ashreem/airflow-env/lib/python3.12/site-packages/airflow/example_dags/example_latest_only_with_trigger.py
[2025-03-07T03:05:09.854+0000] {processor.py:914} INFO - Processing file /home/Ashreem/airflow-env/lib/python3.12/site-packages/airflow/example_dags/example_latest_only_with_trigger.py for tasks to queue
[2025-03-07T03:05:09.857+0000] {logging_mixin.py:190} INFO - [2025-03-07T03:05:09.856+0000] {dagbag.py:588} INFO - Filling up the DagBag from /home/Ashreem/airflow-env/lib/python3.12/site-packages/airflow/example_dags/example_latest_only_with_trigger.py
[2025-03-07T03:05:09.866+0000] {processor.py:925} INFO - DAG(s) 'latest_only_with_trigger' retrieved from /home/Ashreem/airflow-env/lib/python3.12/site-packages/airflow/example_dags/example_latest_only_with_trigger.py
[2025-03-07T03:05:09.887+0000] {logging_mixin.py:190} INFO - [2025-03-07T03:05:09.887+0000] {dag.py:3239} INFO - Sync 1 DAGs
[2025-03-07T03:05:09.916+0000] {logging_mixin.py:190} INFO - [2025-03-07T03:05:09.916+0000] {dag.py:4180} INFO - Setting next_dagrun for latest_only_with_trigger to 2025-03-06 20:00:00+00:00, run_after=2025-03-07 00:00:00+00:00
[2025-03-07T03:05:09.956+0000] {processor.py:208} INFO - Processing /home/Ashreem/airflow-env/lib/python3.12/site-packages/airflow/example_dags/example_latest_only_with_trigger.py took 0.113 seconds
[2025-03-07T03:06:13.654+0000] {processor.py:186} INFO - Started process (PID=48960) to work on /home/Ashreem/airflow-env/lib/python3.12/site-packages/airflow/example_dags/example_latest_only_with_trigger.py
[2025-03-07T03:06:13.655+0000] {processor.py:914} INFO - Processing file /home/Ashreem/airflow-env/lib/python3.12/site-packages/airflow/example_dags/example_latest_only_with_trigger.py for tasks to queue
[2025-03-07T03:06:13.658+0000] {logging_mixin.py:190} INFO - [2025-03-07T03:06:13.658+0000] {dagbag.py:588} INFO - Filling up the DagBag from /home/Ashreem/airflow-env/lib/python3.12/site-packages/airflow/example_dags/example_latest_only_with_trigger.py
[2025-03-07T03:06:13.669+0000] {processor.py:925} INFO - DAG(s) 'latest_only_with_trigger' retrieved from /home/Ashreem/airflow-env/lib/python3.12/site-packages/airflow/example_dags/example_latest_only_with_trigger.py
[2025-03-07T03:06:13.690+0000] {logging_mixin.py:190} INFO - [2025-03-07T03:06:13.690+0000] {dag.py:3239} INFO - Sync 1 DAGs
[2025-03-07T03:06:13.716+0000] {logging_mixin.py:190} INFO - [2025-03-07T03:06:13.715+0000] {dag.py:4180} INFO - Setting next_dagrun for latest_only_with_trigger to 2025-03-06 20:00:00+00:00, run_after=2025-03-07 00:00:00+00:00
[2025-03-07T03:06:13.755+0000] {processor.py:208} INFO - Processing /home/Ashreem/airflow-env/lib/python3.12/site-packages/airflow/example_dags/example_latest_only_with_trigger.py took 0.108 seconds
[2025-03-07T03:08:22.325+0000] {processor.py:186} INFO - Started process (PID=49104) to work on /home/Ashreem/airflow-env/lib/python3.12/site-packages/airflow/example_dags/example_latest_only_with_trigger.py
[2025-03-07T03:08:22.327+0000] {processor.py:914} INFO - Processing file /home/Ashreem/airflow-env/lib/python3.12/site-packages/airflow/example_dags/example_latest_only_with_trigger.py for tasks to queue
[2025-03-07T03:08:22.331+0000] {logging_mixin.py:190} INFO - [2025-03-07T03:08:22.330+0000] {dagbag.py:588} INFO - Filling up the DagBag from /home/Ashreem/airflow-env/lib/python3.12/site-packages/airflow/example_dags/example_latest_only_with_trigger.py
[2025-03-07T03:08:22.342+0000] {processor.py:925} INFO - DAG(s) 'latest_only_with_trigger' retrieved from /home/Ashreem/airflow-env/lib/python3.12/site-packages/airflow/example_dags/example_latest_only_with_trigger.py
[2025-03-07T03:08:22.364+0000] {logging_mixin.py:190} INFO - [2025-03-07T03:08:22.364+0000] {dag.py:3239} INFO - Sync 1 DAGs
[2025-03-07T03:08:22.392+0000] {logging_mixin.py:190} INFO - [2025-03-07T03:08:22.391+0000] {dag.py:4180} INFO - Setting next_dagrun for latest_only_with_trigger to 2025-03-06 20:00:00+00:00, run_after=2025-03-07 00:00:00+00:00
[2025-03-07T03:08:22.431+0000] {processor.py:208} INFO - Processing /home/Ashreem/airflow-env/lib/python3.12/site-packages/airflow/example_dags/example_latest_only_with_trigger.py took 0.115 seconds
[2025-03-07T03:09:25.616+0000] {processor.py:186} INFO - Started process (PID=49177) to work on /home/Ashreem/airflow-env/lib/python3.12/site-packages/airflow/example_dags/example_latest_only_with_trigger.py
[2025-03-07T03:09:25.618+0000] {processor.py:914} INFO - Processing file /home/Ashreem/airflow-env/lib/python3.12/site-packages/airflow/example_dags/example_latest_only_with_trigger.py for tasks to queue
[2025-03-07T03:09:25.621+0000] {logging_mixin.py:190} INFO - [2025-03-07T03:09:25.621+0000] {dagbag.py:588} INFO - Filling up the DagBag from /home/Ashreem/airflow-env/lib/python3.12/site-packages/airflow/example_dags/example_latest_only_with_trigger.py
[2025-03-07T03:09:25.633+0000] {processor.py:925} INFO - DAG(s) 'latest_only_with_trigger' retrieved from /home/Ashreem/airflow-env/lib/python3.12/site-packages/airflow/example_dags/example_latest_only_with_trigger.py
[2025-03-07T03:09:25.661+0000] {logging_mixin.py:190} INFO - [2025-03-07T03:09:25.661+0000] {dag.py:3239} INFO - Sync 1 DAGs
[2025-03-07T03:09:25.694+0000] {logging_mixin.py:190} INFO - [2025-03-07T03:09:25.693+0000] {dag.py:4180} INFO - Setting next_dagrun for latest_only_with_trigger to 2025-03-06 20:00:00+00:00, run_after=2025-03-07 00:00:00+00:00
[2025-03-07T03:09:25.733+0000] {processor.py:208} INFO - Processing /home/Ashreem/airflow-env/lib/python3.12/site-packages/airflow/example_dags/example_latest_only_with_trigger.py took 0.124 seconds
