[2025-03-07T02:30:14.041+0000] {processor.py:186} INFO - Started process (PID=45971) to work on /home/Ashreem/airflow-env/lib/python3.12/site-packages/airflow/example_dags/example_trigger_target_dag.py
[2025-03-07T02:30:14.042+0000] {processor.py:914} INFO - Processing file /home/Ashreem/airflow-env/lib/python3.12/site-packages/airflow/example_dags/example_trigger_target_dag.py for tasks to queue
[2025-03-07T02:30:14.045+0000] {logging_mixin.py:190} INFO - [2025-03-07T02:30:14.044+0000] {dagbag.py:588} INFO - Filling up the DagBag from /home/Ashreem/airflow-env/lib/python3.12/site-packages/airflow/example_dags/example_trigger_target_dag.py
[2025-03-07T02:30:14.058+0000] {processor.py:925} INFO - DAG(s) 'example_trigger_target_dag' retrieved from /home/Ashreem/airflow-env/lib/python3.12/site-packages/airflow/example_dags/example_trigger_target_dag.py
[2025-03-07T02:30:14.226+0000] {logging_mixin.py:190} INFO - [2025-03-07T02:30:14.225+0000] {override.py:1930} INFO - Created Permission View: can read on DAG:example_trigger_target_dag
[2025-03-07T02:30:14.252+0000] {logging_mixin.py:190} INFO - [2025-03-07T02:30:14.252+0000] {override.py:1930} INFO - Created Permission View: can delete on DAG:example_trigger_target_dag
[2025-03-07T02:30:14.288+0000] {logging_mixin.py:190} INFO - [2025-03-07T02:30:14.287+0000] {override.py:1930} INFO - Created Permission View: can edit on DAG:example_trigger_target_dag
[2025-03-07T02:30:14.327+0000] {logging_mixin.py:190} INFO - [2025-03-07T02:30:14.327+0000] {override.py:1930} INFO - Created Permission View: can read on DAG Run:example_trigger_target_dag
[2025-03-07T02:30:14.350+0000] {logging_mixin.py:190} INFO - [2025-03-07T02:30:14.349+0000] {override.py:1930} INFO - Created Permission View: can delete on DAG Run:example_trigger_target_dag
[2025-03-07T02:30:14.377+0000] {logging_mixin.py:190} INFO - [2025-03-07T02:30:14.376+0000] {override.py:1930} INFO - Created Permission View: menu access on DAG Run:example_trigger_target_dag
[2025-03-07T02:30:14.402+0000] {logging_mixin.py:190} INFO - [2025-03-07T02:30:14.400+0000] {override.py:1930} INFO - Created Permission View: can create on DAG Run:example_trigger_target_dag
[2025-03-07T02:30:14.403+0000] {logging_mixin.py:190} INFO - [2025-03-07T02:30:14.403+0000] {dag.py:3239} INFO - Sync 1 DAGs
[2025-03-07T02:30:14.420+0000] {logging_mixin.py:190} INFO - [2025-03-07T02:30:14.420+0000] {dag.py:3262} INFO - Creating ORM DAG for example_trigger_target_dag
[2025-03-07T02:30:14.421+0000] {logging_mixin.py:190} INFO - [2025-03-07T02:30:14.421+0000] {dag.py:4180} INFO - Setting next_dagrun for example_trigger_target_dag to None, run_after=None
[2025-03-07T02:30:14.457+0000] {processor.py:208} INFO - Processing /home/Ashreem/airflow-env/lib/python3.12/site-packages/airflow/example_dags/example_trigger_target_dag.py took 0.424 seconds
[2025-03-07T02:32:57.226+0000] {processor.py:186} INFO - Started process (PID=46074) to work on /home/Ashreem/airflow-env/lib/python3.12/site-packages/airflow/example_dags/example_trigger_target_dag.py
[2025-03-07T02:32:57.227+0000] {processor.py:914} INFO - Processing file /home/Ashreem/airflow-env/lib/python3.12/site-packages/airflow/example_dags/example_trigger_target_dag.py for tasks to queue
[2025-03-07T02:32:57.230+0000] {logging_mixin.py:190} INFO - [2025-03-07T02:32:57.229+0000] {dagbag.py:588} INFO - Filling up the DagBag from /home/Ashreem/airflow-env/lib/python3.12/site-packages/airflow/example_dags/example_trigger_target_dag.py
[2025-03-07T02:32:57.242+0000] {processor.py:925} INFO - DAG(s) 'example_trigger_target_dag' retrieved from /home/Ashreem/airflow-env/lib/python3.12/site-packages/airflow/example_dags/example_trigger_target_dag.py
[2025-03-07T02:32:57.271+0000] {logging_mixin.py:190} INFO - [2025-03-07T02:32:57.270+0000] {dag.py:3239} INFO - Sync 1 DAGs
[2025-03-07T02:32:57.287+0000] {logging_mixin.py:190} INFO - [2025-03-07T02:32:57.287+0000] {dag.py:4180} INFO - Setting next_dagrun for example_trigger_target_dag to None, run_after=None
[2025-03-07T02:32:57.332+0000] {processor.py:208} INFO - Processing /home/Ashreem/airflow-env/lib/python3.12/site-packages/airflow/example_dags/example_trigger_target_dag.py took 0.113 seconds
[2025-03-07T02:34:02.003+0000] {processor.py:186} INFO - Started process (PID=46407) to work on /home/Ashreem/airflow-env/lib/python3.12/site-packages/airflow/example_dags/example_trigger_target_dag.py
[2025-03-07T02:34:02.004+0000] {processor.py:914} INFO - Processing file /home/Ashreem/airflow-env/lib/python3.12/site-packages/airflow/example_dags/example_trigger_target_dag.py for tasks to queue
[2025-03-07T02:34:02.008+0000] {logging_mixin.py:190} INFO - [2025-03-07T02:34:02.007+0000] {dagbag.py:588} INFO - Filling up the DagBag from /home/Ashreem/airflow-env/lib/python3.12/site-packages/airflow/example_dags/example_trigger_target_dag.py
[2025-03-07T02:34:02.018+0000] {processor.py:925} INFO - DAG(s) 'example_trigger_target_dag' retrieved from /home/Ashreem/airflow-env/lib/python3.12/site-packages/airflow/example_dags/example_trigger_target_dag.py
[2025-03-07T02:34:02.036+0000] {logging_mixin.py:190} INFO - [2025-03-07T02:34:02.036+0000] {dag.py:3239} INFO - Sync 1 DAGs
[2025-03-07T02:34:02.053+0000] {logging_mixin.py:190} INFO - [2025-03-07T02:34:02.052+0000] {dag.py:4180} INFO - Setting next_dagrun for example_trigger_target_dag to None, run_after=None
[2025-03-07T02:34:02.103+0000] {processor.py:208} INFO - Processing /home/Ashreem/airflow-env/lib/python3.12/site-packages/airflow/example_dags/example_trigger_target_dag.py took 0.108 seconds
[2025-03-07T02:35:08.814+0000] {processor.py:186} INFO - Started process (PID=46474) to work on /home/Ashreem/airflow-env/lib/python3.12/site-packages/airflow/example_dags/example_trigger_target_dag.py
[2025-03-07T02:35:08.815+0000] {processor.py:914} INFO - Processing file /home/Ashreem/airflow-env/lib/python3.12/site-packages/airflow/example_dags/example_trigger_target_dag.py for tasks to queue
[2025-03-07T02:35:08.818+0000] {logging_mixin.py:190} INFO - [2025-03-07T02:35:08.817+0000] {dagbag.py:588} INFO - Filling up the DagBag from /home/Ashreem/airflow-env/lib/python3.12/site-packages/airflow/example_dags/example_trigger_target_dag.py
[2025-03-07T02:35:08.831+0000] {processor.py:925} INFO - DAG(s) 'example_trigger_target_dag' retrieved from /home/Ashreem/airflow-env/lib/python3.12/site-packages/airflow/example_dags/example_trigger_target_dag.py
[2025-03-07T02:35:08.849+0000] {logging_mixin.py:190} INFO - [2025-03-07T02:35:08.849+0000] {dag.py:3239} INFO - Sync 1 DAGs
[2025-03-07T02:35:08.865+0000] {logging_mixin.py:190} INFO - [2025-03-07T02:35:08.864+0000] {dag.py:4180} INFO - Setting next_dagrun for example_trigger_target_dag to None, run_after=None
[2025-03-07T02:35:08.902+0000] {processor.py:208} INFO - Processing /home/Ashreem/airflow-env/lib/python3.12/site-packages/airflow/example_dags/example_trigger_target_dag.py took 0.096 seconds
[2025-03-07T02:36:15.895+0000] {processor.py:186} INFO - Started process (PID=46543) to work on /home/Ashreem/airflow-env/lib/python3.12/site-packages/airflow/example_dags/example_trigger_target_dag.py
[2025-03-07T02:36:15.897+0000] {processor.py:914} INFO - Processing file /home/Ashreem/airflow-env/lib/python3.12/site-packages/airflow/example_dags/example_trigger_target_dag.py for tasks to queue
[2025-03-07T02:36:15.900+0000] {logging_mixin.py:190} INFO - [2025-03-07T02:36:15.900+0000] {dagbag.py:588} INFO - Filling up the DagBag from /home/Ashreem/airflow-env/lib/python3.12/site-packages/airflow/example_dags/example_trigger_target_dag.py
[2025-03-07T02:36:15.913+0000] {processor.py:925} INFO - DAG(s) 'example_trigger_target_dag' retrieved from /home/Ashreem/airflow-env/lib/python3.12/site-packages/airflow/example_dags/example_trigger_target_dag.py
[2025-03-07T02:36:15.932+0000] {logging_mixin.py:190} INFO - [2025-03-07T02:36:15.932+0000] {dag.py:3239} INFO - Sync 1 DAGs
[2025-03-07T02:36:15.951+0000] {logging_mixin.py:190} INFO - [2025-03-07T02:36:15.951+0000] {dag.py:4180} INFO - Setting next_dagrun for example_trigger_target_dag to None, run_after=None
[2025-03-07T02:36:15.989+0000] {processor.py:208} INFO - Processing /home/Ashreem/airflow-env/lib/python3.12/site-packages/airflow/example_dags/example_trigger_target_dag.py took 0.101 seconds
[2025-03-07T02:37:21.642+0000] {processor.py:186} INFO - Started process (PID=46606) to work on /home/Ashreem/airflow-env/lib/python3.12/site-packages/airflow/example_dags/example_trigger_target_dag.py
[2025-03-07T02:37:21.645+0000] {processor.py:914} INFO - Processing file /home/Ashreem/airflow-env/lib/python3.12/site-packages/airflow/example_dags/example_trigger_target_dag.py for tasks to queue
[2025-03-07T02:37:21.648+0000] {logging_mixin.py:190} INFO - [2025-03-07T02:37:21.647+0000] {dagbag.py:588} INFO - Filling up the DagBag from /home/Ashreem/airflow-env/lib/python3.12/site-packages/airflow/example_dags/example_trigger_target_dag.py
[2025-03-07T02:37:21.658+0000] {processor.py:925} INFO - DAG(s) 'example_trigger_target_dag' retrieved from /home/Ashreem/airflow-env/lib/python3.12/site-packages/airflow/example_dags/example_trigger_target_dag.py
[2025-03-07T02:37:21.678+0000] {logging_mixin.py:190} INFO - [2025-03-07T02:37:21.678+0000] {dag.py:3239} INFO - Sync 1 DAGs
[2025-03-07T02:37:21.694+0000] {logging_mixin.py:190} INFO - [2025-03-07T02:37:21.694+0000] {dag.py:4180} INFO - Setting next_dagrun for example_trigger_target_dag to None, run_after=None
[2025-03-07T02:37:21.731+0000] {processor.py:208} INFO - Processing /home/Ashreem/airflow-env/lib/python3.12/site-packages/airflow/example_dags/example_trigger_target_dag.py took 0.096 seconds
[2025-03-07T02:38:22.561+0000] {processor.py:186} INFO - Started process (PID=46666) to work on /home/Ashreem/airflow-env/lib/python3.12/site-packages/airflow/example_dags/example_trigger_target_dag.py
[2025-03-07T02:38:22.564+0000] {processor.py:914} INFO - Processing file /home/Ashreem/airflow-env/lib/python3.12/site-packages/airflow/example_dags/example_trigger_target_dag.py for tasks to queue
[2025-03-07T02:38:22.567+0000] {logging_mixin.py:190} INFO - [2025-03-07T02:38:22.567+0000] {dagbag.py:588} INFO - Filling up the DagBag from /home/Ashreem/airflow-env/lib/python3.12/site-packages/airflow/example_dags/example_trigger_target_dag.py
[2025-03-07T02:38:22.580+0000] {processor.py:925} INFO - DAG(s) 'example_trigger_target_dag' retrieved from /home/Ashreem/airflow-env/lib/python3.12/site-packages/airflow/example_dags/example_trigger_target_dag.py
[2025-03-07T02:38:22.602+0000] {logging_mixin.py:190} INFO - [2025-03-07T02:38:22.602+0000] {dag.py:3239} INFO - Sync 1 DAGs
[2025-03-07T02:38:22.621+0000] {logging_mixin.py:190} INFO - [2025-03-07T02:38:22.620+0000] {dag.py:4180} INFO - Setting next_dagrun for example_trigger_target_dag to None, run_after=None
[2025-03-07T02:38:22.658+0000] {processor.py:208} INFO - Processing /home/Ashreem/airflow-env/lib/python3.12/site-packages/airflow/example_dags/example_trigger_target_dag.py took 0.105 seconds
[2025-03-07T02:39:24.922+0000] {processor.py:186} INFO - Started process (PID=46737) to work on /home/Ashreem/airflow-env/lib/python3.12/site-packages/airflow/example_dags/example_trigger_target_dag.py
[2025-03-07T02:39:24.923+0000] {processor.py:914} INFO - Processing file /home/Ashreem/airflow-env/lib/python3.12/site-packages/airflow/example_dags/example_trigger_target_dag.py for tasks to queue
[2025-03-07T02:39:24.927+0000] {logging_mixin.py:190} INFO - [2025-03-07T02:39:24.926+0000] {dagbag.py:588} INFO - Filling up the DagBag from /home/Ashreem/airflow-env/lib/python3.12/site-packages/airflow/example_dags/example_trigger_target_dag.py
[2025-03-07T02:39:24.938+0000] {processor.py:925} INFO - DAG(s) 'example_trigger_target_dag' retrieved from /home/Ashreem/airflow-env/lib/python3.12/site-packages/airflow/example_dags/example_trigger_target_dag.py
[2025-03-07T02:39:24.956+0000] {logging_mixin.py:190} INFO - [2025-03-07T02:39:24.955+0000] {dag.py:3239} INFO - Sync 1 DAGs
[2025-03-07T02:39:24.972+0000] {logging_mixin.py:190} INFO - [2025-03-07T02:39:24.972+0000] {dag.py:4180} INFO - Setting next_dagrun for example_trigger_target_dag to None, run_after=None
[2025-03-07T02:39:25.016+0000] {processor.py:208} INFO - Processing /home/Ashreem/airflow-env/lib/python3.12/site-packages/airflow/example_dags/example_trigger_target_dag.py took 0.103 seconds
[2025-03-07T02:40:29.576+0000] {processor.py:186} INFO - Started process (PID=46799) to work on /home/Ashreem/airflow-env/lib/python3.12/site-packages/airflow/example_dags/example_trigger_target_dag.py
[2025-03-07T02:40:29.578+0000] {processor.py:914} INFO - Processing file /home/Ashreem/airflow-env/lib/python3.12/site-packages/airflow/example_dags/example_trigger_target_dag.py for tasks to queue
[2025-03-07T02:40:29.581+0000] {logging_mixin.py:190} INFO - [2025-03-07T02:40:29.580+0000] {dagbag.py:588} INFO - Filling up the DagBag from /home/Ashreem/airflow-env/lib/python3.12/site-packages/airflow/example_dags/example_trigger_target_dag.py
[2025-03-07T02:40:29.592+0000] {processor.py:925} INFO - DAG(s) 'example_trigger_target_dag' retrieved from /home/Ashreem/airflow-env/lib/python3.12/site-packages/airflow/example_dags/example_trigger_target_dag.py
[2025-03-07T02:40:29.610+0000] {logging_mixin.py:190} INFO - [2025-03-07T02:40:29.610+0000] {dag.py:3239} INFO - Sync 1 DAGs
[2025-03-07T02:40:29.631+0000] {logging_mixin.py:190} INFO - [2025-03-07T02:40:29.631+0000] {dag.py:4180} INFO - Setting next_dagrun for example_trigger_target_dag to None, run_after=None
[2025-03-07T02:40:29.673+0000] {processor.py:208} INFO - Processing /home/Ashreem/airflow-env/lib/python3.12/site-packages/airflow/example_dags/example_trigger_target_dag.py took 0.105 seconds
[2025-03-07T02:41:33.119+0000] {processor.py:186} INFO - Started process (PID=46865) to work on /home/Ashreem/airflow-env/lib/python3.12/site-packages/airflow/example_dags/example_trigger_target_dag.py
[2025-03-07T02:41:33.120+0000] {processor.py:914} INFO - Processing file /home/Ashreem/airflow-env/lib/python3.12/site-packages/airflow/example_dags/example_trigger_target_dag.py for tasks to queue
[2025-03-07T02:41:33.123+0000] {logging_mixin.py:190} INFO - [2025-03-07T02:41:33.123+0000] {dagbag.py:588} INFO - Filling up the DagBag from /home/Ashreem/airflow-env/lib/python3.12/site-packages/airflow/example_dags/example_trigger_target_dag.py
[2025-03-07T02:41:33.135+0000] {processor.py:925} INFO - DAG(s) 'example_trigger_target_dag' retrieved from /home/Ashreem/airflow-env/lib/python3.12/site-packages/airflow/example_dags/example_trigger_target_dag.py
[2025-03-07T02:41:33.156+0000] {logging_mixin.py:190} INFO - [2025-03-07T02:41:33.155+0000] {dag.py:3239} INFO - Sync 1 DAGs
[2025-03-07T02:41:33.172+0000] {logging_mixin.py:190} INFO - [2025-03-07T02:41:33.172+0000] {dag.py:4180} INFO - Setting next_dagrun for example_trigger_target_dag to None, run_after=None
[2025-03-07T02:41:33.214+0000] {processor.py:208} INFO - Processing /home/Ashreem/airflow-env/lib/python3.12/site-packages/airflow/example_dags/example_trigger_target_dag.py took 0.105 seconds
[2025-03-07T02:42:38.036+0000] {processor.py:186} INFO - Started process (PID=46930) to work on /home/Ashreem/airflow-env/lib/python3.12/site-packages/airflow/example_dags/example_trigger_target_dag.py
[2025-03-07T02:42:38.038+0000] {processor.py:914} INFO - Processing file /home/Ashreem/airflow-env/lib/python3.12/site-packages/airflow/example_dags/example_trigger_target_dag.py for tasks to queue
[2025-03-07T02:42:38.041+0000] {logging_mixin.py:190} INFO - [2025-03-07T02:42:38.040+0000] {dagbag.py:588} INFO - Filling up the DagBag from /home/Ashreem/airflow-env/lib/python3.12/site-packages/airflow/example_dags/example_trigger_target_dag.py
[2025-03-07T02:42:38.051+0000] {processor.py:925} INFO - DAG(s) 'example_trigger_target_dag' retrieved from /home/Ashreem/airflow-env/lib/python3.12/site-packages/airflow/example_dags/example_trigger_target_dag.py
[2025-03-07T02:42:38.070+0000] {logging_mixin.py:190} INFO - [2025-03-07T02:42:38.070+0000] {dag.py:3239} INFO - Sync 1 DAGs
[2025-03-07T02:42:38.086+0000] {logging_mixin.py:190} INFO - [2025-03-07T02:42:38.086+0000] {dag.py:4180} INFO - Setting next_dagrun for example_trigger_target_dag to None, run_after=None
[2025-03-07T02:42:38.123+0000] {processor.py:208} INFO - Processing /home/Ashreem/airflow-env/lib/python3.12/site-packages/airflow/example_dags/example_trigger_target_dag.py took 0.095 seconds
[2025-03-07T02:43:41.745+0000] {processor.py:186} INFO - Started process (PID=47006) to work on /home/Ashreem/airflow-env/lib/python3.12/site-packages/airflow/example_dags/example_trigger_target_dag.py
[2025-03-07T02:43:41.747+0000] {processor.py:914} INFO - Processing file /home/Ashreem/airflow-env/lib/python3.12/site-packages/airflow/example_dags/example_trigger_target_dag.py for tasks to queue
[2025-03-07T02:43:41.749+0000] {logging_mixin.py:190} INFO - [2025-03-07T02:43:41.749+0000] {dagbag.py:588} INFO - Filling up the DagBag from /home/Ashreem/airflow-env/lib/python3.12/site-packages/airflow/example_dags/example_trigger_target_dag.py
[2025-03-07T02:43:41.760+0000] {processor.py:925} INFO - DAG(s) 'example_trigger_target_dag' retrieved from /home/Ashreem/airflow-env/lib/python3.12/site-packages/airflow/example_dags/example_trigger_target_dag.py
[2025-03-07T02:43:41.782+0000] {logging_mixin.py:190} INFO - [2025-03-07T02:43:41.782+0000] {dag.py:3239} INFO - Sync 1 DAGs
[2025-03-07T02:43:41.800+0000] {logging_mixin.py:190} INFO - [2025-03-07T02:43:41.800+0000] {dag.py:4180} INFO - Setting next_dagrun for example_trigger_target_dag to None, run_after=None
[2025-03-07T02:43:41.835+0000] {processor.py:208} INFO - Processing /home/Ashreem/airflow-env/lib/python3.12/site-packages/airflow/example_dags/example_trigger_target_dag.py took 0.099 seconds
[2025-03-07T02:44:43.112+0000] {processor.py:186} INFO - Started process (PID=47081) to work on /home/Ashreem/airflow-env/lib/python3.12/site-packages/airflow/example_dags/example_trigger_target_dag.py
[2025-03-07T02:44:43.115+0000] {processor.py:914} INFO - Processing file /home/Ashreem/airflow-env/lib/python3.12/site-packages/airflow/example_dags/example_trigger_target_dag.py for tasks to queue
[2025-03-07T02:44:43.117+0000] {logging_mixin.py:190} INFO - [2025-03-07T02:44:43.117+0000] {dagbag.py:588} INFO - Filling up the DagBag from /home/Ashreem/airflow-env/lib/python3.12/site-packages/airflow/example_dags/example_trigger_target_dag.py
[2025-03-07T02:44:43.132+0000] {processor.py:925} INFO - DAG(s) 'example_trigger_target_dag' retrieved from /home/Ashreem/airflow-env/lib/python3.12/site-packages/airflow/example_dags/example_trigger_target_dag.py
[2025-03-07T02:44:43.152+0000] {logging_mixin.py:190} INFO - [2025-03-07T02:44:43.151+0000] {dag.py:3239} INFO - Sync 1 DAGs
[2025-03-07T02:44:43.169+0000] {logging_mixin.py:190} INFO - [2025-03-07T02:44:43.169+0000] {dag.py:4180} INFO - Setting next_dagrun for example_trigger_target_dag to None, run_after=None
[2025-03-07T02:44:43.209+0000] {processor.py:208} INFO - Processing /home/Ashreem/airflow-env/lib/python3.12/site-packages/airflow/example_dags/example_trigger_target_dag.py took 0.105 seconds
[2025-03-07T02:45:46.606+0000] {processor.py:186} INFO - Started process (PID=47151) to work on /home/Ashreem/airflow-env/lib/python3.12/site-packages/airflow/example_dags/example_trigger_target_dag.py
[2025-03-07T02:45:46.608+0000] {processor.py:914} INFO - Processing file /home/Ashreem/airflow-env/lib/python3.12/site-packages/airflow/example_dags/example_trigger_target_dag.py for tasks to queue
[2025-03-07T02:45:46.610+0000] {logging_mixin.py:190} INFO - [2025-03-07T02:45:46.610+0000] {dagbag.py:588} INFO - Filling up the DagBag from /home/Ashreem/airflow-env/lib/python3.12/site-packages/airflow/example_dags/example_trigger_target_dag.py
[2025-03-07T02:45:46.621+0000] {processor.py:925} INFO - DAG(s) 'example_trigger_target_dag' retrieved from /home/Ashreem/airflow-env/lib/python3.12/site-packages/airflow/example_dags/example_trigger_target_dag.py
[2025-03-07T02:45:46.645+0000] {logging_mixin.py:190} INFO - [2025-03-07T02:45:46.645+0000] {dag.py:3239} INFO - Sync 1 DAGs
[2025-03-07T02:45:46.662+0000] {logging_mixin.py:190} INFO - [2025-03-07T02:45:46.662+0000] {dag.py:4180} INFO - Setting next_dagrun for example_trigger_target_dag to None, run_after=None
[2025-03-07T02:45:46.697+0000] {processor.py:208} INFO - Processing /home/Ashreem/airflow-env/lib/python3.12/site-packages/airflow/example_dags/example_trigger_target_dag.py took 0.098 seconds
[2025-03-07T02:46:49.421+0000] {processor.py:186} INFO - Started process (PID=47212) to work on /home/Ashreem/airflow-env/lib/python3.12/site-packages/airflow/example_dags/example_trigger_target_dag.py
[2025-03-07T02:46:49.422+0000] {processor.py:914} INFO - Processing file /home/Ashreem/airflow-env/lib/python3.12/site-packages/airflow/example_dags/example_trigger_target_dag.py for tasks to queue
[2025-03-07T02:46:49.426+0000] {logging_mixin.py:190} INFO - [2025-03-07T02:46:49.425+0000] {dagbag.py:588} INFO - Filling up the DagBag from /home/Ashreem/airflow-env/lib/python3.12/site-packages/airflow/example_dags/example_trigger_target_dag.py
[2025-03-07T02:46:49.439+0000] {processor.py:925} INFO - DAG(s) 'example_trigger_target_dag' retrieved from /home/Ashreem/airflow-env/lib/python3.12/site-packages/airflow/example_dags/example_trigger_target_dag.py
[2025-03-07T02:46:49.461+0000] {logging_mixin.py:190} INFO - [2025-03-07T02:46:49.461+0000] {dag.py:3239} INFO - Sync 1 DAGs
[2025-03-07T02:46:49.478+0000] {logging_mixin.py:190} INFO - [2025-03-07T02:46:49.478+0000] {dag.py:4180} INFO - Setting next_dagrun for example_trigger_target_dag to None, run_after=None
[2025-03-07T02:46:49.520+0000] {processor.py:208} INFO - Processing /home/Ashreem/airflow-env/lib/python3.12/site-packages/airflow/example_dags/example_trigger_target_dag.py took 0.112 seconds
[2025-03-07T02:47:53.182+0000] {processor.py:186} INFO - Started process (PID=47273) to work on /home/Ashreem/airflow-env/lib/python3.12/site-packages/airflow/example_dags/example_trigger_target_dag.py
[2025-03-07T02:47:53.183+0000] {processor.py:914} INFO - Processing file /home/Ashreem/airflow-env/lib/python3.12/site-packages/airflow/example_dags/example_trigger_target_dag.py for tasks to queue
[2025-03-07T02:47:53.186+0000] {logging_mixin.py:190} INFO - [2025-03-07T02:47:53.185+0000] {dagbag.py:588} INFO - Filling up the DagBag from /home/Ashreem/airflow-env/lib/python3.12/site-packages/airflow/example_dags/example_trigger_target_dag.py
[2025-03-07T02:47:53.200+0000] {processor.py:925} INFO - DAG(s) 'example_trigger_target_dag' retrieved from /home/Ashreem/airflow-env/lib/python3.12/site-packages/airflow/example_dags/example_trigger_target_dag.py
[2025-03-07T02:47:53.220+0000] {logging_mixin.py:190} INFO - [2025-03-07T02:47:53.220+0000] {dag.py:3239} INFO - Sync 1 DAGs
[2025-03-07T02:47:53.239+0000] {logging_mixin.py:190} INFO - [2025-03-07T02:47:53.239+0000] {dag.py:4180} INFO - Setting next_dagrun for example_trigger_target_dag to None, run_after=None
[2025-03-07T02:47:53.276+0000] {processor.py:208} INFO - Processing /home/Ashreem/airflow-env/lib/python3.12/site-packages/airflow/example_dags/example_trigger_target_dag.py took 0.102 seconds
[2025-03-07T02:49:02.778+0000] {processor.py:186} INFO - Started process (PID=47352) to work on /home/Ashreem/airflow-env/lib/python3.12/site-packages/airflow/example_dags/example_trigger_target_dag.py
[2025-03-07T02:49:02.781+0000] {processor.py:914} INFO - Processing file /home/Ashreem/airflow-env/lib/python3.12/site-packages/airflow/example_dags/example_trigger_target_dag.py for tasks to queue
[2025-03-07T02:49:02.783+0000] {logging_mixin.py:190} INFO - [2025-03-07T02:49:02.783+0000] {dagbag.py:588} INFO - Filling up the DagBag from /home/Ashreem/airflow-env/lib/python3.12/site-packages/airflow/example_dags/example_trigger_target_dag.py
[2025-03-07T02:49:02.794+0000] {processor.py:925} INFO - DAG(s) 'example_trigger_target_dag' retrieved from /home/Ashreem/airflow-env/lib/python3.12/site-packages/airflow/example_dags/example_trigger_target_dag.py
[2025-03-07T02:49:02.814+0000] {logging_mixin.py:190} INFO - [2025-03-07T02:49:02.814+0000] {dag.py:3239} INFO - Sync 1 DAGs
[2025-03-07T02:49:02.831+0000] {logging_mixin.py:190} INFO - [2025-03-07T02:49:02.831+0000] {dag.py:4180} INFO - Setting next_dagrun for example_trigger_target_dag to None, run_after=None
[2025-03-07T02:49:02.875+0000] {processor.py:208} INFO - Processing /home/Ashreem/airflow-env/lib/python3.12/site-packages/airflow/example_dags/example_trigger_target_dag.py took 0.104 seconds
[2025-03-07T02:50:11.564+0000] {processor.py:186} INFO - Started process (PID=47427) to work on /home/Ashreem/airflow-env/lib/python3.12/site-packages/airflow/example_dags/example_trigger_target_dag.py
[2025-03-07T02:50:11.566+0000] {processor.py:914} INFO - Processing file /home/Ashreem/airflow-env/lib/python3.12/site-packages/airflow/example_dags/example_trigger_target_dag.py for tasks to queue
[2025-03-07T02:50:11.569+0000] {logging_mixin.py:190} INFO - [2025-03-07T02:50:11.568+0000] {dagbag.py:588} INFO - Filling up the DagBag from /home/Ashreem/airflow-env/lib/python3.12/site-packages/airflow/example_dags/example_trigger_target_dag.py
[2025-03-07T02:50:11.580+0000] {processor.py:925} INFO - DAG(s) 'example_trigger_target_dag' retrieved from /home/Ashreem/airflow-env/lib/python3.12/site-packages/airflow/example_dags/example_trigger_target_dag.py
[2025-03-07T02:50:11.600+0000] {logging_mixin.py:190} INFO - [2025-03-07T02:50:11.600+0000] {dag.py:3239} INFO - Sync 1 DAGs
[2025-03-07T02:50:11.616+0000] {logging_mixin.py:190} INFO - [2025-03-07T02:50:11.616+0000] {dag.py:4180} INFO - Setting next_dagrun for example_trigger_target_dag to None, run_after=None
[2025-03-07T02:50:11.650+0000] {processor.py:208} INFO - Processing /home/Ashreem/airflow-env/lib/python3.12/site-packages/airflow/example_dags/example_trigger_target_dag.py took 0.093 seconds
[2025-03-07T02:51:09.421+0000] {processor.py:186} INFO - Started process (PID=47493) to work on /home/Ashreem/airflow-env/lib/python3.12/site-packages/airflow/example_dags/example_trigger_target_dag.py
[2025-03-07T02:51:09.423+0000] {processor.py:914} INFO - Processing file /home/Ashreem/airflow-env/lib/python3.12/site-packages/airflow/example_dags/example_trigger_target_dag.py for tasks to queue
[2025-03-07T02:51:09.426+0000] {logging_mixin.py:190} INFO - [2025-03-07T02:51:09.425+0000] {dagbag.py:588} INFO - Filling up the DagBag from /home/Ashreem/airflow-env/lib/python3.12/site-packages/airflow/example_dags/example_trigger_target_dag.py
[2025-03-07T02:51:09.437+0000] {processor.py:925} INFO - DAG(s) 'example_trigger_target_dag' retrieved from /home/Ashreem/airflow-env/lib/python3.12/site-packages/airflow/example_dags/example_trigger_target_dag.py
[2025-03-07T02:51:09.456+0000] {logging_mixin.py:190} INFO - [2025-03-07T02:51:09.456+0000] {dag.py:3239} INFO - Sync 1 DAGs
[2025-03-07T02:51:09.475+0000] {logging_mixin.py:190} INFO - [2025-03-07T02:51:09.475+0000] {dag.py:4180} INFO - Setting next_dagrun for example_trigger_target_dag to None, run_after=None
[2025-03-07T02:51:09.518+0000] {processor.py:208} INFO - Processing /home/Ashreem/airflow-env/lib/python3.12/site-packages/airflow/example_dags/example_trigger_target_dag.py took 0.105 seconds
[2025-03-07T02:52:15.646+0000] {processor.py:186} INFO - Started process (PID=47560) to work on /home/Ashreem/airflow-env/lib/python3.12/site-packages/airflow/example_dags/example_trigger_target_dag.py
[2025-03-07T02:52:15.648+0000] {processor.py:914} INFO - Processing file /home/Ashreem/airflow-env/lib/python3.12/site-packages/airflow/example_dags/example_trigger_target_dag.py for tasks to queue
[2025-03-07T02:52:15.651+0000] {logging_mixin.py:190} INFO - [2025-03-07T02:52:15.651+0000] {dagbag.py:588} INFO - Filling up the DagBag from /home/Ashreem/airflow-env/lib/python3.12/site-packages/airflow/example_dags/example_trigger_target_dag.py
[2025-03-07T02:52:15.663+0000] {processor.py:925} INFO - DAG(s) 'example_trigger_target_dag' retrieved from /home/Ashreem/airflow-env/lib/python3.12/site-packages/airflow/example_dags/example_trigger_target_dag.py
[2025-03-07T02:52:15.683+0000] {logging_mixin.py:190} INFO - [2025-03-07T02:52:15.682+0000] {dag.py:3239} INFO - Sync 1 DAGs
[2025-03-07T02:52:15.699+0000] {logging_mixin.py:190} INFO - [2025-03-07T02:52:15.699+0000] {dag.py:4180} INFO - Setting next_dagrun for example_trigger_target_dag to None, run_after=None
[2025-03-07T02:52:15.737+0000] {processor.py:208} INFO - Processing /home/Ashreem/airflow-env/lib/python3.12/site-packages/airflow/example_dags/example_trigger_target_dag.py took 0.098 seconds
[2025-03-07T02:53:19.340+0000] {processor.py:186} INFO - Started process (PID=47623) to work on /home/Ashreem/airflow-env/lib/python3.12/site-packages/airflow/example_dags/example_trigger_target_dag.py
[2025-03-07T02:53:19.343+0000] {processor.py:914} INFO - Processing file /home/Ashreem/airflow-env/lib/python3.12/site-packages/airflow/example_dags/example_trigger_target_dag.py for tasks to queue
[2025-03-07T02:53:19.345+0000] {logging_mixin.py:190} INFO - [2025-03-07T02:53:19.345+0000] {dagbag.py:588} INFO - Filling up the DagBag from /home/Ashreem/airflow-env/lib/python3.12/site-packages/airflow/example_dags/example_trigger_target_dag.py
[2025-03-07T02:53:19.357+0000] {processor.py:925} INFO - DAG(s) 'example_trigger_target_dag' retrieved from /home/Ashreem/airflow-env/lib/python3.12/site-packages/airflow/example_dags/example_trigger_target_dag.py
[2025-03-07T02:53:19.377+0000] {logging_mixin.py:190} INFO - [2025-03-07T02:53:19.376+0000] {dag.py:3239} INFO - Sync 1 DAGs
[2025-03-07T02:53:19.394+0000] {logging_mixin.py:190} INFO - [2025-03-07T02:53:19.394+0000] {dag.py:4180} INFO - Setting next_dagrun for example_trigger_target_dag to None, run_after=None
[2025-03-07T02:53:19.436+0000] {processor.py:208} INFO - Processing /home/Ashreem/airflow-env/lib/python3.12/site-packages/airflow/example_dags/example_trigger_target_dag.py took 0.103 seconds
[2025-03-07T02:54:22.576+0000] {processor.py:186} INFO - Started process (PID=47688) to work on /home/Ashreem/airflow-env/lib/python3.12/site-packages/airflow/example_dags/example_trigger_target_dag.py
[2025-03-07T02:54:22.577+0000] {processor.py:914} INFO - Processing file /home/Ashreem/airflow-env/lib/python3.12/site-packages/airflow/example_dags/example_trigger_target_dag.py for tasks to queue
[2025-03-07T02:54:22.581+0000] {logging_mixin.py:190} INFO - [2025-03-07T02:54:22.580+0000] {dagbag.py:588} INFO - Filling up the DagBag from /home/Ashreem/airflow-env/lib/python3.12/site-packages/airflow/example_dags/example_trigger_target_dag.py
[2025-03-07T02:54:22.593+0000] {processor.py:925} INFO - DAG(s) 'example_trigger_target_dag' retrieved from /home/Ashreem/airflow-env/lib/python3.12/site-packages/airflow/example_dags/example_trigger_target_dag.py
[2025-03-07T02:54:22.611+0000] {logging_mixin.py:190} INFO - [2025-03-07T02:54:22.611+0000] {dag.py:3239} INFO - Sync 1 DAGs
[2025-03-07T02:54:22.634+0000] {logging_mixin.py:190} INFO - [2025-03-07T02:54:22.634+0000] {dag.py:4180} INFO - Setting next_dagrun for example_trigger_target_dag to None, run_after=None
[2025-03-07T02:54:22.676+0000] {processor.py:208} INFO - Processing /home/Ashreem/airflow-env/lib/python3.12/site-packages/airflow/example_dags/example_trigger_target_dag.py took 0.108 seconds
[2025-03-07T02:55:23.637+0000] {processor.py:186} INFO - Started process (PID=47819) to work on /home/Ashreem/airflow-env/lib/python3.12/site-packages/airflow/example_dags/example_trigger_target_dag.py
[2025-03-07T02:55:23.639+0000] {processor.py:914} INFO - Processing file /home/Ashreem/airflow-env/lib/python3.12/site-packages/airflow/example_dags/example_trigger_target_dag.py for tasks to queue
[2025-03-07T02:55:23.641+0000] {logging_mixin.py:190} INFO - [2025-03-07T02:55:23.641+0000] {dagbag.py:588} INFO - Filling up the DagBag from /home/Ashreem/airflow-env/lib/python3.12/site-packages/airflow/example_dags/example_trigger_target_dag.py
[2025-03-07T02:55:23.652+0000] {processor.py:925} INFO - DAG(s) 'example_trigger_target_dag' retrieved from /home/Ashreem/airflow-env/lib/python3.12/site-packages/airflow/example_dags/example_trigger_target_dag.py
[2025-03-07T02:55:23.670+0000] {logging_mixin.py:190} INFO - [2025-03-07T02:55:23.670+0000] {dag.py:3239} INFO - Sync 1 DAGs
[2025-03-07T02:55:23.686+0000] {logging_mixin.py:190} INFO - [2025-03-07T02:55:23.686+0000] {dag.py:4180} INFO - Setting next_dagrun for example_trigger_target_dag to None, run_after=None
[2025-03-07T02:55:23.723+0000] {processor.py:208} INFO - Processing /home/Ashreem/airflow-env/lib/python3.12/site-packages/airflow/example_dags/example_trigger_target_dag.py took 0.094 seconds
[2025-03-07T02:56:23.243+0000] {processor.py:186} INFO - Started process (PID=47917) to work on /home/Ashreem/airflow-env/lib/python3.12/site-packages/airflow/example_dags/example_trigger_target_dag.py
[2025-03-07T02:56:23.245+0000] {processor.py:914} INFO - Processing file /home/Ashreem/airflow-env/lib/python3.12/site-packages/airflow/example_dags/example_trigger_target_dag.py for tasks to queue
[2025-03-07T02:56:23.248+0000] {logging_mixin.py:190} INFO - [2025-03-07T02:56:23.247+0000] {dagbag.py:588} INFO - Filling up the DagBag from /home/Ashreem/airflow-env/lib/python3.12/site-packages/airflow/example_dags/example_trigger_target_dag.py
[2025-03-07T02:56:23.261+0000] {processor.py:925} INFO - DAG(s) 'example_trigger_target_dag' retrieved from /home/Ashreem/airflow-env/lib/python3.12/site-packages/airflow/example_dags/example_trigger_target_dag.py
[2025-03-07T02:56:23.291+0000] {logging_mixin.py:190} INFO - [2025-03-07T02:56:23.291+0000] {dag.py:3239} INFO - Sync 1 DAGs
[2025-03-07T02:56:23.310+0000] {logging_mixin.py:190} INFO - [2025-03-07T02:56:23.310+0000] {dag.py:4180} INFO - Setting next_dagrun for example_trigger_target_dag to None, run_after=None
[2025-03-07T02:56:23.354+0000] {processor.py:208} INFO - Processing /home/Ashreem/airflow-env/lib/python3.12/site-packages/airflow/example_dags/example_trigger_target_dag.py took 0.120 seconds
[2025-03-07T02:56:28.619+0000] {processor.py:186} INFO - Started process (PID=47927) to work on /home/Ashreem/airflow-env/lib/python3.12/site-packages/airflow/example_dags/example_trigger_target_dag.py
[2025-03-07T02:56:28.621+0000] {processor.py:914} INFO - Processing file /home/Ashreem/airflow-env/lib/python3.12/site-packages/airflow/example_dags/example_trigger_target_dag.py for tasks to queue
[2025-03-07T02:56:28.623+0000] {logging_mixin.py:190} INFO - [2025-03-07T02:56:28.623+0000] {dagbag.py:588} INFO - Filling up the DagBag from /home/Ashreem/airflow-env/lib/python3.12/site-packages/airflow/example_dags/example_trigger_target_dag.py
[2025-03-07T02:56:28.636+0000] {processor.py:925} INFO - DAG(s) 'example_trigger_target_dag' retrieved from /home/Ashreem/airflow-env/lib/python3.12/site-packages/airflow/example_dags/example_trigger_target_dag.py
[2025-03-07T02:56:28.656+0000] {logging_mixin.py:190} INFO - [2025-03-07T02:56:28.655+0000] {dag.py:3239} INFO - Sync 1 DAGs
[2025-03-07T02:56:28.672+0000] {logging_mixin.py:190} INFO - [2025-03-07T02:56:28.672+0000] {dag.py:4180} INFO - Setting next_dagrun for example_trigger_target_dag to None, run_after=None
[2025-03-07T02:56:28.711+0000] {processor.py:208} INFO - Processing /home/Ashreem/airflow-env/lib/python3.12/site-packages/airflow/example_dags/example_trigger_target_dag.py took 0.100 seconds
[2025-03-07T02:57:34.533+0000] {processor.py:186} INFO - Started process (PID=48037) to work on /home/Ashreem/airflow-env/lib/python3.12/site-packages/airflow/example_dags/example_trigger_target_dag.py
[2025-03-07T02:57:34.537+0000] {processor.py:914} INFO - Processing file /home/Ashreem/airflow-env/lib/python3.12/site-packages/airflow/example_dags/example_trigger_target_dag.py for tasks to queue
[2025-03-07T02:57:34.540+0000] {logging_mixin.py:190} INFO - [2025-03-07T02:57:34.540+0000] {dagbag.py:588} INFO - Filling up the DagBag from /home/Ashreem/airflow-env/lib/python3.12/site-packages/airflow/example_dags/example_trigger_target_dag.py
[2025-03-07T02:57:34.552+0000] {processor.py:925} INFO - DAG(s) 'example_trigger_target_dag' retrieved from /home/Ashreem/airflow-env/lib/python3.12/site-packages/airflow/example_dags/example_trigger_target_dag.py
[2025-03-07T02:57:34.573+0000] {logging_mixin.py:190} INFO - [2025-03-07T02:57:34.573+0000] {dag.py:3239} INFO - Sync 1 DAGs
[2025-03-07T02:57:34.590+0000] {logging_mixin.py:190} INFO - [2025-03-07T02:57:34.590+0000] {dag.py:4180} INFO - Setting next_dagrun for example_trigger_target_dag to None, run_after=None
[2025-03-07T02:57:34.636+0000] {processor.py:208} INFO - Processing /home/Ashreem/airflow-env/lib/python3.12/site-packages/airflow/example_dags/example_trigger_target_dag.py took 0.110 seconds
[2025-03-07T02:58:38.696+0000] {processor.py:186} INFO - Started process (PID=48113) to work on /home/Ashreem/airflow-env/lib/python3.12/site-packages/airflow/example_dags/example_trigger_target_dag.py
[2025-03-07T02:58:38.698+0000] {processor.py:914} INFO - Processing file /home/Ashreem/airflow-env/lib/python3.12/site-packages/airflow/example_dags/example_trigger_target_dag.py for tasks to queue
[2025-03-07T02:58:38.701+0000] {logging_mixin.py:190} INFO - [2025-03-07T02:58:38.700+0000] {dagbag.py:588} INFO - Filling up the DagBag from /home/Ashreem/airflow-env/lib/python3.12/site-packages/airflow/example_dags/example_trigger_target_dag.py
[2025-03-07T02:58:38.712+0000] {processor.py:925} INFO - DAG(s) 'example_trigger_target_dag' retrieved from /home/Ashreem/airflow-env/lib/python3.12/site-packages/airflow/example_dags/example_trigger_target_dag.py
[2025-03-07T02:58:38.731+0000] {logging_mixin.py:190} INFO - [2025-03-07T02:58:38.731+0000] {dag.py:3239} INFO - Sync 1 DAGs
[2025-03-07T02:58:38.747+0000] {logging_mixin.py:190} INFO - [2025-03-07T02:58:38.746+0000] {dag.py:4180} INFO - Setting next_dagrun for example_trigger_target_dag to None, run_after=None
[2025-03-07T02:58:38.786+0000] {processor.py:208} INFO - Processing /home/Ashreem/airflow-env/lib/python3.12/site-packages/airflow/example_dags/example_trigger_target_dag.py took 0.097 seconds
[2025-03-07T02:59:45.701+0000] {processor.py:186} INFO - Started process (PID=48225) to work on /home/Ashreem/airflow-env/lib/python3.12/site-packages/airflow/example_dags/example_trigger_target_dag.py
[2025-03-07T02:59:45.702+0000] {processor.py:914} INFO - Processing file /home/Ashreem/airflow-env/lib/python3.12/site-packages/airflow/example_dags/example_trigger_target_dag.py for tasks to queue
[2025-03-07T02:59:45.705+0000] {logging_mixin.py:190} INFO - [2025-03-07T02:59:45.705+0000] {dagbag.py:588} INFO - Filling up the DagBag from /home/Ashreem/airflow-env/lib/python3.12/site-packages/airflow/example_dags/example_trigger_target_dag.py
[2025-03-07T02:59:45.717+0000] {processor.py:925} INFO - DAG(s) 'example_trigger_target_dag' retrieved from /home/Ashreem/airflow-env/lib/python3.12/site-packages/airflow/example_dags/example_trigger_target_dag.py
[2025-03-07T02:59:45.740+0000] {logging_mixin.py:190} INFO - [2025-03-07T02:59:45.739+0000] {dag.py:3239} INFO - Sync 1 DAGs
[2025-03-07T02:59:45.756+0000] {logging_mixin.py:190} INFO - [2025-03-07T02:59:45.756+0000] {dag.py:4180} INFO - Setting next_dagrun for example_trigger_target_dag to None, run_after=None
[2025-03-07T02:59:45.794+0000] {processor.py:208} INFO - Processing /home/Ashreem/airflow-env/lib/python3.12/site-packages/airflow/example_dags/example_trigger_target_dag.py took 0.101 seconds
[2025-03-07T03:00:11.193+0000] {processor.py:186} INFO - Started process (PID=48292) to work on /home/Ashreem/airflow-env/lib/python3.12/site-packages/airflow/example_dags/example_trigger_target_dag.py
[2025-03-07T03:00:11.194+0000] {processor.py:914} INFO - Processing file /home/Ashreem/airflow-env/lib/python3.12/site-packages/airflow/example_dags/example_trigger_target_dag.py for tasks to queue
[2025-03-07T03:00:11.196+0000] {logging_mixin.py:190} INFO - [2025-03-07T03:00:11.196+0000] {dagbag.py:588} INFO - Filling up the DagBag from /home/Ashreem/airflow-env/lib/python3.12/site-packages/airflow/example_dags/example_trigger_target_dag.py
[2025-03-07T03:00:11.208+0000] {processor.py:925} INFO - DAG(s) 'example_trigger_target_dag' retrieved from /home/Ashreem/airflow-env/lib/python3.12/site-packages/airflow/example_dags/example_trigger_target_dag.py
[2025-03-07T03:00:11.236+0000] {logging_mixin.py:190} INFO - [2025-03-07T03:00:11.236+0000] {dag.py:3239} INFO - Sync 1 DAGs
[2025-03-07T03:00:11.254+0000] {logging_mixin.py:190} INFO - [2025-03-07T03:00:11.254+0000] {dag.py:4180} INFO - Setting next_dagrun for example_trigger_target_dag to None, run_after=None
[2025-03-07T03:00:11.292+0000] {processor.py:208} INFO - Processing /home/Ashreem/airflow-env/lib/python3.12/site-packages/airflow/example_dags/example_trigger_target_dag.py took 0.106 seconds
[2025-03-07T03:00:52.679+0000] {processor.py:186} INFO - Started process (PID=48337) to work on /home/Ashreem/airflow-env/lib/python3.12/site-packages/airflow/example_dags/example_trigger_target_dag.py
[2025-03-07T03:00:52.680+0000] {processor.py:914} INFO - Processing file /home/Ashreem/airflow-env/lib/python3.12/site-packages/airflow/example_dags/example_trigger_target_dag.py for tasks to queue
[2025-03-07T03:00:52.683+0000] {logging_mixin.py:190} INFO - [2025-03-07T03:00:52.683+0000] {dagbag.py:588} INFO - Filling up the DagBag from /home/Ashreem/airflow-env/lib/python3.12/site-packages/airflow/example_dags/example_trigger_target_dag.py
[2025-03-07T03:00:52.697+0000] {processor.py:925} INFO - DAG(s) 'example_trigger_target_dag' retrieved from /home/Ashreem/airflow-env/lib/python3.12/site-packages/airflow/example_dags/example_trigger_target_dag.py
[2025-03-07T03:00:52.717+0000] {logging_mixin.py:190} INFO - [2025-03-07T03:00:52.717+0000] {dag.py:3239} INFO - Sync 1 DAGs
[2025-03-07T03:00:52.735+0000] {logging_mixin.py:190} INFO - [2025-03-07T03:00:52.735+0000] {dag.py:4180} INFO - Setting next_dagrun for example_trigger_target_dag to None, run_after=None
[2025-03-07T03:00:52.776+0000] {processor.py:208} INFO - Processing /home/Ashreem/airflow-env/lib/python3.12/site-packages/airflow/example_dags/example_trigger_target_dag.py took 0.106 seconds
[2025-03-07T03:01:52.773+0000] {processor.py:186} INFO - Started process (PID=48404) to work on /home/Ashreem/airflow-env/lib/python3.12/site-packages/airflow/example_dags/example_trigger_target_dag.py
[2025-03-07T03:01:52.774+0000] {processor.py:914} INFO - Processing file /home/Ashreem/airflow-env/lib/python3.12/site-packages/airflow/example_dags/example_trigger_target_dag.py for tasks to queue
[2025-03-07T03:01:52.777+0000] {logging_mixin.py:190} INFO - [2025-03-07T03:01:52.776+0000] {dagbag.py:588} INFO - Filling up the DagBag from /home/Ashreem/airflow-env/lib/python3.12/site-packages/airflow/example_dags/example_trigger_target_dag.py
[2025-03-07T03:01:52.791+0000] {processor.py:925} INFO - DAG(s) 'example_trigger_target_dag' retrieved from /home/Ashreem/airflow-env/lib/python3.12/site-packages/airflow/example_dags/example_trigger_target_dag.py
[2025-03-07T03:01:52.811+0000] {logging_mixin.py:190} INFO - [2025-03-07T03:01:52.811+0000] {dag.py:3239} INFO - Sync 1 DAGs
[2025-03-07T03:01:52.830+0000] {logging_mixin.py:190} INFO - [2025-03-07T03:01:52.830+0000] {dag.py:4180} INFO - Setting next_dagrun for example_trigger_target_dag to None, run_after=None
[2025-03-07T03:01:52.871+0000] {processor.py:208} INFO - Processing /home/Ashreem/airflow-env/lib/python3.12/site-packages/airflow/example_dags/example_trigger_target_dag.py took 0.106 seconds
[2025-03-07T03:02:53.590+0000] {processor.py:186} INFO - Started process (PID=48536) to work on /home/Ashreem/airflow-env/lib/python3.12/site-packages/airflow/example_dags/example_trigger_target_dag.py
[2025-03-07T03:02:53.591+0000] {processor.py:914} INFO - Processing file /home/Ashreem/airflow-env/lib/python3.12/site-packages/airflow/example_dags/example_trigger_target_dag.py for tasks to queue
[2025-03-07T03:02:53.594+0000] {logging_mixin.py:190} INFO - [2025-03-07T03:02:53.594+0000] {dagbag.py:588} INFO - Filling up the DagBag from /home/Ashreem/airflow-env/lib/python3.12/site-packages/airflow/example_dags/example_trigger_target_dag.py
[2025-03-07T03:02:53.607+0000] {processor.py:925} INFO - DAG(s) 'example_trigger_target_dag' retrieved from /home/Ashreem/airflow-env/lib/python3.12/site-packages/airflow/example_dags/example_trigger_target_dag.py
[2025-03-07T03:02:53.627+0000] {logging_mixin.py:190} INFO - [2025-03-07T03:02:53.627+0000] {dag.py:3239} INFO - Sync 1 DAGs
[2025-03-07T03:02:53.644+0000] {logging_mixin.py:190} INFO - [2025-03-07T03:02:53.643+0000] {dag.py:4180} INFO - Setting next_dagrun for example_trigger_target_dag to None, run_after=None
[2025-03-07T03:02:53.682+0000] {processor.py:208} INFO - Processing /home/Ashreem/airflow-env/lib/python3.12/site-packages/airflow/example_dags/example_trigger_target_dag.py took 0.100 seconds
[2025-03-07T03:03:39.353+0000] {processor.py:186} INFO - Started process (PID=48609) to work on /home/Ashreem/airflow-env/lib/python3.12/site-packages/airflow/example_dags/example_trigger_target_dag.py
[2025-03-07T03:03:39.355+0000] {processor.py:914} INFO - Processing file /home/Ashreem/airflow-env/lib/python3.12/site-packages/airflow/example_dags/example_trigger_target_dag.py for tasks to queue
[2025-03-07T03:03:39.358+0000] {logging_mixin.py:190} INFO - [2025-03-07T03:03:39.357+0000] {dagbag.py:588} INFO - Filling up the DagBag from /home/Ashreem/airflow-env/lib/python3.12/site-packages/airflow/example_dags/example_trigger_target_dag.py
[2025-03-07T03:03:39.370+0000] {processor.py:925} INFO - DAG(s) 'example_trigger_target_dag' retrieved from /home/Ashreem/airflow-env/lib/python3.12/site-packages/airflow/example_dags/example_trigger_target_dag.py
[2025-03-07T03:03:39.404+0000] {logging_mixin.py:190} INFO - [2025-03-07T03:03:39.403+0000] {dag.py:3239} INFO - Sync 1 DAGs
[2025-03-07T03:03:39.422+0000] {logging_mixin.py:190} INFO - [2025-03-07T03:03:39.421+0000] {dag.py:4180} INFO - Setting next_dagrun for example_trigger_target_dag to None, run_after=None
[2025-03-07T03:03:39.464+0000] {processor.py:208} INFO - Processing /home/Ashreem/airflow-env/lib/python3.12/site-packages/airflow/example_dags/example_trigger_target_dag.py took 0.118 seconds
[2025-03-07T03:04:41.625+0000] {processor.py:186} INFO - Started process (PID=48677) to work on /home/Ashreem/airflow-env/lib/python3.12/site-packages/airflow/example_dags/example_trigger_target_dag.py
[2025-03-07T03:04:41.627+0000] {processor.py:914} INFO - Processing file /home/Ashreem/airflow-env/lib/python3.12/site-packages/airflow/example_dags/example_trigger_target_dag.py for tasks to queue
[2025-03-07T03:04:41.631+0000] {logging_mixin.py:190} INFO - [2025-03-07T03:04:41.630+0000] {dagbag.py:588} INFO - Filling up the DagBag from /home/Ashreem/airflow-env/lib/python3.12/site-packages/airflow/example_dags/example_trigger_target_dag.py
[2025-03-07T03:04:41.642+0000] {processor.py:925} INFO - DAG(s) 'example_trigger_target_dag' retrieved from /home/Ashreem/airflow-env/lib/python3.12/site-packages/airflow/example_dags/example_trigger_target_dag.py
[2025-03-07T03:04:41.661+0000] {logging_mixin.py:190} INFO - [2025-03-07T03:04:41.661+0000] {dag.py:3239} INFO - Sync 1 DAGs
[2025-03-07T03:04:41.676+0000] {logging_mixin.py:190} INFO - [2025-03-07T03:04:41.676+0000] {dag.py:4180} INFO - Setting next_dagrun for example_trigger_target_dag to None, run_after=None
[2025-03-07T03:04:41.715+0000] {processor.py:208} INFO - Processing /home/Ashreem/airflow-env/lib/python3.12/site-packages/airflow/example_dags/example_trigger_target_dag.py took 0.097 seconds
[2025-03-07T03:05:41.870+0000] {processor.py:186} INFO - Started process (PID=48926) to work on /home/Ashreem/airflow-env/lib/python3.12/site-packages/airflow/example_dags/example_trigger_target_dag.py
[2025-03-07T03:05:41.872+0000] {processor.py:914} INFO - Processing file /home/Ashreem/airflow-env/lib/python3.12/site-packages/airflow/example_dags/example_trigger_target_dag.py for tasks to queue
[2025-03-07T03:05:41.875+0000] {logging_mixin.py:190} INFO - [2025-03-07T03:05:41.875+0000] {dagbag.py:588} INFO - Filling up the DagBag from /home/Ashreem/airflow-env/lib/python3.12/site-packages/airflow/example_dags/example_trigger_target_dag.py
[2025-03-07T03:05:41.886+0000] {processor.py:925} INFO - DAG(s) 'example_trigger_target_dag' retrieved from /home/Ashreem/airflow-env/lib/python3.12/site-packages/airflow/example_dags/example_trigger_target_dag.py
[2025-03-07T03:05:41.904+0000] {logging_mixin.py:190} INFO - [2025-03-07T03:05:41.904+0000] {dag.py:3239} INFO - Sync 1 DAGs
[2025-03-07T03:05:41.920+0000] {logging_mixin.py:190} INFO - [2025-03-07T03:05:41.920+0000] {dag.py:4180} INFO - Setting next_dagrun for example_trigger_target_dag to None, run_after=None
[2025-03-07T03:05:41.961+0000] {processor.py:208} INFO - Processing /home/Ashreem/airflow-env/lib/python3.12/site-packages/airflow/example_dags/example_trigger_target_dag.py took 0.098 seconds
[2025-03-07T03:06:49.413+0000] {processor.py:186} INFO - Started process (PID=48996) to work on /home/Ashreem/airflow-env/lib/python3.12/site-packages/airflow/example_dags/example_trigger_target_dag.py
[2025-03-07T03:06:49.415+0000] {processor.py:914} INFO - Processing file /home/Ashreem/airflow-env/lib/python3.12/site-packages/airflow/example_dags/example_trigger_target_dag.py for tasks to queue
[2025-03-07T03:06:49.418+0000] {logging_mixin.py:190} INFO - [2025-03-07T03:06:49.417+0000] {dagbag.py:588} INFO - Filling up the DagBag from /home/Ashreem/airflow-env/lib/python3.12/site-packages/airflow/example_dags/example_trigger_target_dag.py
[2025-03-07T03:06:49.430+0000] {processor.py:925} INFO - DAG(s) 'example_trigger_target_dag' retrieved from /home/Ashreem/airflow-env/lib/python3.12/site-packages/airflow/example_dags/example_trigger_target_dag.py
[2025-03-07T03:06:49.450+0000] {logging_mixin.py:190} INFO - [2025-03-07T03:06:49.450+0000] {dag.py:3239} INFO - Sync 1 DAGs
[2025-03-07T03:06:49.468+0000] {logging_mixin.py:190} INFO - [2025-03-07T03:06:49.468+0000] {dag.py:4180} INFO - Setting next_dagrun for example_trigger_target_dag to None, run_after=None
[2025-03-07T03:06:49.503+0000] {processor.py:208} INFO - Processing /home/Ashreem/airflow-env/lib/python3.12/site-packages/airflow/example_dags/example_trigger_target_dag.py took 0.100 seconds
[2025-03-07T03:07:55.123+0000] {processor.py:186} INFO - Started process (PID=49077) to work on /home/Ashreem/airflow-env/lib/python3.12/site-packages/airflow/example_dags/example_trigger_target_dag.py
[2025-03-07T03:07:55.125+0000] {processor.py:914} INFO - Processing file /home/Ashreem/airflow-env/lib/python3.12/site-packages/airflow/example_dags/example_trigger_target_dag.py for tasks to queue
[2025-03-07T03:07:55.129+0000] {logging_mixin.py:190} INFO - [2025-03-07T03:07:55.129+0000] {dagbag.py:588} INFO - Filling up the DagBag from /home/Ashreem/airflow-env/lib/python3.12/site-packages/airflow/example_dags/example_trigger_target_dag.py
[2025-03-07T03:07:55.141+0000] {processor.py:925} INFO - DAG(s) 'example_trigger_target_dag' retrieved from /home/Ashreem/airflow-env/lib/python3.12/site-packages/airflow/example_dags/example_trigger_target_dag.py
[2025-03-07T03:07:55.174+0000] {logging_mixin.py:190} INFO - [2025-03-07T03:07:55.174+0000] {dag.py:3239} INFO - Sync 1 DAGs
[2025-03-07T03:07:55.192+0000] {logging_mixin.py:190} INFO - [2025-03-07T03:07:55.192+0000] {dag.py:4180} INFO - Setting next_dagrun for example_trigger_target_dag to None, run_after=None
[2025-03-07T03:07:55.232+0000] {processor.py:208} INFO - Processing /home/Ashreem/airflow-env/lib/python3.12/site-packages/airflow/example_dags/example_trigger_target_dag.py took 0.118 seconds
[2025-03-07T03:08:57.398+0000] {processor.py:186} INFO - Started process (PID=49149) to work on /home/Ashreem/airflow-env/lib/python3.12/site-packages/airflow/example_dags/example_trigger_target_dag.py
[2025-03-07T03:08:57.400+0000] {processor.py:914} INFO - Processing file /home/Ashreem/airflow-env/lib/python3.12/site-packages/airflow/example_dags/example_trigger_target_dag.py for tasks to queue
[2025-03-07T03:08:57.403+0000] {logging_mixin.py:190} INFO - [2025-03-07T03:08:57.402+0000] {dagbag.py:588} INFO - Filling up the DagBag from /home/Ashreem/airflow-env/lib/python3.12/site-packages/airflow/example_dags/example_trigger_target_dag.py
[2025-03-07T03:08:57.415+0000] {processor.py:925} INFO - DAG(s) 'example_trigger_target_dag' retrieved from /home/Ashreem/airflow-env/lib/python3.12/site-packages/airflow/example_dags/example_trigger_target_dag.py
[2025-03-07T03:08:57.435+0000] {logging_mixin.py:190} INFO - [2025-03-07T03:08:57.435+0000] {dag.py:3239} INFO - Sync 1 DAGs
[2025-03-07T03:08:57.452+0000] {logging_mixin.py:190} INFO - [2025-03-07T03:08:57.452+0000] {dag.py:4180} INFO - Setting next_dagrun for example_trigger_target_dag to None, run_after=None
[2025-03-07T03:08:57.490+0000] {processor.py:208} INFO - Processing /home/Ashreem/airflow-env/lib/python3.12/site-packages/airflow/example_dags/example_trigger_target_dag.py took 0.099 seconds
[2025-03-07T03:09:57.608+0000] {processor.py:186} INFO - Started process (PID=49209) to work on /home/Ashreem/airflow-env/lib/python3.12/site-packages/airflow/example_dags/example_trigger_target_dag.py
[2025-03-07T03:09:57.610+0000] {processor.py:914} INFO - Processing file /home/Ashreem/airflow-env/lib/python3.12/site-packages/airflow/example_dags/example_trigger_target_dag.py for tasks to queue
[2025-03-07T03:09:57.614+0000] {logging_mixin.py:190} INFO - [2025-03-07T03:09:57.613+0000] {dagbag.py:588} INFO - Filling up the DagBag from /home/Ashreem/airflow-env/lib/python3.12/site-packages/airflow/example_dags/example_trigger_target_dag.py
[2025-03-07T03:09:57.624+0000] {processor.py:925} INFO - DAG(s) 'example_trigger_target_dag' retrieved from /home/Ashreem/airflow-env/lib/python3.12/site-packages/airflow/example_dags/example_trigger_target_dag.py
[2025-03-07T03:09:57.644+0000] {logging_mixin.py:190} INFO - [2025-03-07T03:09:57.644+0000] {dag.py:3239} INFO - Sync 1 DAGs
[2025-03-07T03:09:57.660+0000] {logging_mixin.py:190} INFO - [2025-03-07T03:09:57.660+0000] {dag.py:4180} INFO - Setting next_dagrun for example_trigger_target_dag to None, run_after=None
[2025-03-07T03:09:57.702+0000] {processor.py:208} INFO - Processing /home/Ashreem/airflow-env/lib/python3.12/site-packages/airflow/example_dags/example_trigger_target_dag.py took 0.103 seconds
