[2025-03-07T02:30:41.917+0000] {processor.py:186} INFO - Started process (PID=45992) to work on /home/Ashreem/airflow-env/lib/python3.12/site-packages/airflow/example_dags/example_params_ui_tutorial.py
[2025-03-07T02:30:41.918+0000] {processor.py:914} INFO - Processing file /home/Ashreem/airflow-env/lib/python3.12/site-packages/airflow/example_dags/example_params_ui_tutorial.py for tasks to queue
[2025-03-07T02:30:41.920+0000] {logging_mixin.py:190} INFO - [2025-03-07T02:30:41.920+0000] {dagbag.py:588} INFO - Filling up the DagBag from /home/Ashreem/airflow-env/lib/python3.12/site-packages/airflow/example_dags/example_params_ui_tutorial.py
[2025-03-07T02:30:41.937+0000] {processor.py:925} INFO - DAG(s) 'example_params_ui_tutorial' retrieved from /home/Ashreem/airflow-env/lib/python3.12/site-packages/airflow/example_dags/example_params_ui_tutorial.py
[2025-03-07T02:30:42.126+0000] {logging_mixin.py:190} INFO - [2025-03-07T02:30:42.125+0000] {override.py:1930} INFO - Created Permission View: can read on DAG:example_params_ui_tutorial
[2025-03-07T02:30:42.154+0000] {logging_mixin.py:190} INFO - [2025-03-07T02:30:42.153+0000] {override.py:1930} INFO - Created Permission View: can delete on DAG:example_params_ui_tutorial
[2025-03-07T02:30:42.177+0000] {logging_mixin.py:190} INFO - [2025-03-07T02:30:42.176+0000] {override.py:1930} INFO - Created Permission View: can edit on DAG:example_params_ui_tutorial
[2025-03-07T02:30:42.219+0000] {logging_mixin.py:190} INFO - [2025-03-07T02:30:42.219+0000] {override.py:1930} INFO - Created Permission View: can read on DAG Run:example_params_ui_tutorial
[2025-03-07T02:30:42.241+0000] {logging_mixin.py:190} INFO - [2025-03-07T02:30:42.240+0000] {override.py:1930} INFO - Created Permission View: can delete on DAG Run:example_params_ui_tutorial
[2025-03-07T02:30:42.264+0000] {logging_mixin.py:190} INFO - [2025-03-07T02:30:42.263+0000] {override.py:1930} INFO - Created Permission View: menu access on DAG Run:example_params_ui_tutorial
[2025-03-07T02:30:42.291+0000] {logging_mixin.py:190} INFO - [2025-03-07T02:30:42.290+0000] {override.py:1930} INFO - Created Permission View: can create on DAG Run:example_params_ui_tutorial
[2025-03-07T02:30:42.291+0000] {logging_mixin.py:190} INFO - [2025-03-07T02:30:42.291+0000] {dag.py:3239} INFO - Sync 1 DAGs
[2025-03-07T02:30:42.306+0000] {logging_mixin.py:190} INFO - [2025-03-07T02:30:42.306+0000] {dag.py:3262} INFO - Creating ORM DAG for example_params_ui_tutorial
[2025-03-07T02:30:42.307+0000] {logging_mixin.py:190} INFO - [2025-03-07T02:30:42.306+0000] {dag.py:4180} INFO - Setting next_dagrun for example_params_ui_tutorial to None, run_after=None
[2025-03-07T02:30:42.345+0000] {processor.py:208} INFO - Processing /home/Ashreem/airflow-env/lib/python3.12/site-packages/airflow/example_dags/example_params_ui_tutorial.py took 0.436 seconds
[2025-03-07T02:33:18.154+0000] {processor.py:186} INFO - Started process (PID=46097) to work on /home/Ashreem/airflow-env/lib/python3.12/site-packages/airflow/example_dags/example_params_ui_tutorial.py
[2025-03-07T02:33:18.156+0000] {processor.py:914} INFO - Processing file /home/Ashreem/airflow-env/lib/python3.12/site-packages/airflow/example_dags/example_params_ui_tutorial.py for tasks to queue
[2025-03-07T02:33:18.159+0000] {logging_mixin.py:190} INFO - [2025-03-07T02:33:18.158+0000] {dagbag.py:588} INFO - Filling up the DagBag from /home/Ashreem/airflow-env/lib/python3.12/site-packages/airflow/example_dags/example_params_ui_tutorial.py
[2025-03-07T02:33:18.171+0000] {processor.py:925} INFO - DAG(s) 'example_params_ui_tutorial' retrieved from /home/Ashreem/airflow-env/lib/python3.12/site-packages/airflow/example_dags/example_params_ui_tutorial.py
[2025-03-07T02:33:18.241+0000] {logging_mixin.py:190} INFO - [2025-03-07T02:33:18.240+0000] {dag.py:3239} INFO - Sync 1 DAGs
[2025-03-07T02:33:18.269+0000] {logging_mixin.py:190} INFO - [2025-03-07T02:33:18.268+0000] {dag.py:4180} INFO - Setting next_dagrun for example_params_ui_tutorial to None, run_after=None
[2025-03-07T02:33:18.308+0000] {processor.py:208} INFO - Processing /home/Ashreem/airflow-env/lib/python3.12/site-packages/airflow/example_dags/example_params_ui_tutorial.py took 0.162 seconds
[2025-03-07T02:34:24.562+0000] {processor.py:186} INFO - Started process (PID=46428) to work on /home/Ashreem/airflow-env/lib/python3.12/site-packages/airflow/example_dags/example_params_ui_tutorial.py
[2025-03-07T02:34:24.563+0000] {processor.py:914} INFO - Processing file /home/Ashreem/airflow-env/lib/python3.12/site-packages/airflow/example_dags/example_params_ui_tutorial.py for tasks to queue
[2025-03-07T02:34:24.567+0000] {logging_mixin.py:190} INFO - [2025-03-07T02:34:24.566+0000] {dagbag.py:588} INFO - Filling up the DagBag from /home/Ashreem/airflow-env/lib/python3.12/site-packages/airflow/example_dags/example_params_ui_tutorial.py
[2025-03-07T02:34:24.579+0000] {processor.py:925} INFO - DAG(s) 'example_params_ui_tutorial' retrieved from /home/Ashreem/airflow-env/lib/python3.12/site-packages/airflow/example_dags/example_params_ui_tutorial.py
[2025-03-07T02:34:24.629+0000] {logging_mixin.py:190} INFO - [2025-03-07T02:34:24.629+0000] {dag.py:3239} INFO - Sync 1 DAGs
[2025-03-07T02:34:24.645+0000] {logging_mixin.py:190} INFO - [2025-03-07T02:34:24.645+0000] {dag.py:4180} INFO - Setting next_dagrun for example_params_ui_tutorial to None, run_after=None
[2025-03-07T02:34:24.687+0000] {processor.py:208} INFO - Processing /home/Ashreem/airflow-env/lib/python3.12/site-packages/airflow/example_dags/example_params_ui_tutorial.py took 0.133 seconds
[2025-03-07T02:35:30.193+0000] {processor.py:186} INFO - Started process (PID=46494) to work on /home/Ashreem/airflow-env/lib/python3.12/site-packages/airflow/example_dags/example_params_ui_tutorial.py
[2025-03-07T02:35:30.195+0000] {processor.py:914} INFO - Processing file /home/Ashreem/airflow-env/lib/python3.12/site-packages/airflow/example_dags/example_params_ui_tutorial.py for tasks to queue
[2025-03-07T02:35:30.198+0000] {logging_mixin.py:190} INFO - [2025-03-07T02:35:30.198+0000] {dagbag.py:588} INFO - Filling up the DagBag from /home/Ashreem/airflow-env/lib/python3.12/site-packages/airflow/example_dags/example_params_ui_tutorial.py
[2025-03-07T02:35:30.216+0000] {processor.py:925} INFO - DAG(s) 'example_params_ui_tutorial' retrieved from /home/Ashreem/airflow-env/lib/python3.12/site-packages/airflow/example_dags/example_params_ui_tutorial.py
[2025-03-07T02:35:30.267+0000] {logging_mixin.py:190} INFO - [2025-03-07T02:35:30.267+0000] {dag.py:3239} INFO - Sync 1 DAGs
[2025-03-07T02:35:30.287+0000] {logging_mixin.py:190} INFO - [2025-03-07T02:35:30.286+0000] {dag.py:4180} INFO - Setting next_dagrun for example_params_ui_tutorial to None, run_after=None
[2025-03-07T02:35:30.324+0000] {processor.py:208} INFO - Processing /home/Ashreem/airflow-env/lib/python3.12/site-packages/airflow/example_dags/example_params_ui_tutorial.py took 0.138 seconds
[2025-03-07T02:36:38.477+0000] {processor.py:186} INFO - Started process (PID=46564) to work on /home/Ashreem/airflow-env/lib/python3.12/site-packages/airflow/example_dags/example_params_ui_tutorial.py
[2025-03-07T02:36:38.479+0000] {processor.py:914} INFO - Processing file /home/Ashreem/airflow-env/lib/python3.12/site-packages/airflow/example_dags/example_params_ui_tutorial.py for tasks to queue
[2025-03-07T02:36:38.481+0000] {logging_mixin.py:190} INFO - [2025-03-07T02:36:38.481+0000] {dagbag.py:588} INFO - Filling up the DagBag from /home/Ashreem/airflow-env/lib/python3.12/site-packages/airflow/example_dags/example_params_ui_tutorial.py
[2025-03-07T02:36:38.494+0000] {processor.py:925} INFO - DAG(s) 'example_params_ui_tutorial' retrieved from /home/Ashreem/airflow-env/lib/python3.12/site-packages/airflow/example_dags/example_params_ui_tutorial.py
[2025-03-07T02:36:38.542+0000] {logging_mixin.py:190} INFO - [2025-03-07T02:36:38.542+0000] {dag.py:3239} INFO - Sync 1 DAGs
[2025-03-07T02:36:38.558+0000] {logging_mixin.py:190} INFO - [2025-03-07T02:36:38.557+0000] {dag.py:4180} INFO - Setting next_dagrun for example_params_ui_tutorial to None, run_after=None
[2025-03-07T02:36:38.596+0000] {processor.py:208} INFO - Processing /home/Ashreem/airflow-env/lib/python3.12/site-packages/airflow/example_dags/example_params_ui_tutorial.py took 0.126 seconds
[2025-03-07T02:37:42.491+0000] {processor.py:186} INFO - Started process (PID=46627) to work on /home/Ashreem/airflow-env/lib/python3.12/site-packages/airflow/example_dags/example_params_ui_tutorial.py
[2025-03-07T02:37:42.492+0000] {processor.py:914} INFO - Processing file /home/Ashreem/airflow-env/lib/python3.12/site-packages/airflow/example_dags/example_params_ui_tutorial.py for tasks to queue
[2025-03-07T02:37:42.495+0000] {logging_mixin.py:190} INFO - [2025-03-07T02:37:42.495+0000] {dagbag.py:588} INFO - Filling up the DagBag from /home/Ashreem/airflow-env/lib/python3.12/site-packages/airflow/example_dags/example_params_ui_tutorial.py
[2025-03-07T02:37:42.508+0000] {processor.py:925} INFO - DAG(s) 'example_params_ui_tutorial' retrieved from /home/Ashreem/airflow-env/lib/python3.12/site-packages/airflow/example_dags/example_params_ui_tutorial.py
[2025-03-07T02:37:42.558+0000] {logging_mixin.py:190} INFO - [2025-03-07T02:37:42.557+0000] {dag.py:3239} INFO - Sync 1 DAGs
[2025-03-07T02:37:42.577+0000] {logging_mixin.py:190} INFO - [2025-03-07T02:37:42.577+0000] {dag.py:4180} INFO - Setting next_dagrun for example_params_ui_tutorial to None, run_after=None
[2025-03-07T02:37:42.611+0000] {processor.py:208} INFO - Processing /home/Ashreem/airflow-env/lib/python3.12/site-packages/airflow/example_dags/example_params_ui_tutorial.py took 0.130 seconds
[2025-03-07T02:38:44.121+0000] {processor.py:186} INFO - Started process (PID=46696) to work on /home/Ashreem/airflow-env/lib/python3.12/site-packages/airflow/example_dags/example_params_ui_tutorial.py
[2025-03-07T02:38:44.122+0000] {processor.py:914} INFO - Processing file /home/Ashreem/airflow-env/lib/python3.12/site-packages/airflow/example_dags/example_params_ui_tutorial.py for tasks to queue
[2025-03-07T02:38:44.126+0000] {logging_mixin.py:190} INFO - [2025-03-07T02:38:44.125+0000] {dagbag.py:588} INFO - Filling up the DagBag from /home/Ashreem/airflow-env/lib/python3.12/site-packages/airflow/example_dags/example_params_ui_tutorial.py
[2025-03-07T02:38:44.140+0000] {processor.py:925} INFO - DAG(s) 'example_params_ui_tutorial' retrieved from /home/Ashreem/airflow-env/lib/python3.12/site-packages/airflow/example_dags/example_params_ui_tutorial.py
[2025-03-07T02:38:44.194+0000] {logging_mixin.py:190} INFO - [2025-03-07T02:38:44.194+0000] {dag.py:3239} INFO - Sync 1 DAGs
[2025-03-07T02:38:44.212+0000] {logging_mixin.py:190} INFO - [2025-03-07T02:38:44.212+0000] {dag.py:4180} INFO - Setting next_dagrun for example_params_ui_tutorial to None, run_after=None
[2025-03-07T02:38:44.254+0000] {processor.py:208} INFO - Processing /home/Ashreem/airflow-env/lib/python3.12/site-packages/airflow/example_dags/example_params_ui_tutorial.py took 0.141 seconds
[2025-03-07T02:39:47.681+0000] {processor.py:186} INFO - Started process (PID=46759) to work on /home/Ashreem/airflow-env/lib/python3.12/site-packages/airflow/example_dags/example_params_ui_tutorial.py
[2025-03-07T02:39:47.682+0000] {processor.py:914} INFO - Processing file /home/Ashreem/airflow-env/lib/python3.12/site-packages/airflow/example_dags/example_params_ui_tutorial.py for tasks to queue
[2025-03-07T02:39:47.685+0000] {logging_mixin.py:190} INFO - [2025-03-07T02:39:47.684+0000] {dagbag.py:588} INFO - Filling up the DagBag from /home/Ashreem/airflow-env/lib/python3.12/site-packages/airflow/example_dags/example_params_ui_tutorial.py
[2025-03-07T02:39:47.701+0000] {processor.py:925} INFO - DAG(s) 'example_params_ui_tutorial' retrieved from /home/Ashreem/airflow-env/lib/python3.12/site-packages/airflow/example_dags/example_params_ui_tutorial.py
[2025-03-07T02:39:47.745+0000] {logging_mixin.py:190} INFO - [2025-03-07T02:39:47.745+0000] {dag.py:3239} INFO - Sync 1 DAGs
[2025-03-07T02:39:47.762+0000] {logging_mixin.py:190} INFO - [2025-03-07T02:39:47.761+0000] {dag.py:4180} INFO - Setting next_dagrun for example_params_ui_tutorial to None, run_after=None
[2025-03-07T02:39:47.796+0000] {processor.py:208} INFO - Processing /home/Ashreem/airflow-env/lib/python3.12/site-packages/airflow/example_dags/example_params_ui_tutorial.py took 0.123 seconds
[2025-03-07T02:40:51.406+0000] {processor.py:186} INFO - Started process (PID=46823) to work on /home/Ashreem/airflow-env/lib/python3.12/site-packages/airflow/example_dags/example_params_ui_tutorial.py
[2025-03-07T02:40:51.407+0000] {processor.py:914} INFO - Processing file /home/Ashreem/airflow-env/lib/python3.12/site-packages/airflow/example_dags/example_params_ui_tutorial.py for tasks to queue
[2025-03-07T02:40:51.411+0000] {logging_mixin.py:190} INFO - [2025-03-07T02:40:51.410+0000] {dagbag.py:588} INFO - Filling up the DagBag from /home/Ashreem/airflow-env/lib/python3.12/site-packages/airflow/example_dags/example_params_ui_tutorial.py
[2025-03-07T02:40:51.424+0000] {processor.py:925} INFO - DAG(s) 'example_params_ui_tutorial' retrieved from /home/Ashreem/airflow-env/lib/python3.12/site-packages/airflow/example_dags/example_params_ui_tutorial.py
[2025-03-07T02:40:51.472+0000] {logging_mixin.py:190} INFO - [2025-03-07T02:40:51.472+0000] {dag.py:3239} INFO - Sync 1 DAGs
[2025-03-07T02:40:51.490+0000] {logging_mixin.py:190} INFO - [2025-03-07T02:40:51.490+0000] {dag.py:4180} INFO - Setting next_dagrun for example_params_ui_tutorial to None, run_after=None
[2025-03-07T02:40:51.525+0000] {processor.py:208} INFO - Processing /home/Ashreem/airflow-env/lib/python3.12/site-packages/airflow/example_dags/example_params_ui_tutorial.py took 0.127 seconds
[2025-03-07T02:41:54.197+0000] {processor.py:186} INFO - Started process (PID=46886) to work on /home/Ashreem/airflow-env/lib/python3.12/site-packages/airflow/example_dags/example_params_ui_tutorial.py
[2025-03-07T02:41:54.200+0000] {processor.py:914} INFO - Processing file /home/Ashreem/airflow-env/lib/python3.12/site-packages/airflow/example_dags/example_params_ui_tutorial.py for tasks to queue
[2025-03-07T02:41:54.203+0000] {logging_mixin.py:190} INFO - [2025-03-07T02:41:54.202+0000] {dagbag.py:588} INFO - Filling up the DagBag from /home/Ashreem/airflow-env/lib/python3.12/site-packages/airflow/example_dags/example_params_ui_tutorial.py
[2025-03-07T02:41:54.217+0000] {processor.py:925} INFO - DAG(s) 'example_params_ui_tutorial' retrieved from /home/Ashreem/airflow-env/lib/python3.12/site-packages/airflow/example_dags/example_params_ui_tutorial.py
[2025-03-07T02:41:54.272+0000] {logging_mixin.py:190} INFO - [2025-03-07T02:41:54.272+0000] {dag.py:3239} INFO - Sync 1 DAGs
[2025-03-07T02:41:54.291+0000] {logging_mixin.py:190} INFO - [2025-03-07T02:41:54.291+0000] {dag.py:4180} INFO - Setting next_dagrun for example_params_ui_tutorial to None, run_after=None
[2025-03-07T02:41:54.354+0000] {processor.py:208} INFO - Processing /home/Ashreem/airflow-env/lib/python3.12/site-packages/airflow/example_dags/example_params_ui_tutorial.py took 0.165 seconds
[2025-03-07T02:42:58.940+0000] {processor.py:186} INFO - Started process (PID=46953) to work on /home/Ashreem/airflow-env/lib/python3.12/site-packages/airflow/example_dags/example_params_ui_tutorial.py
[2025-03-07T02:42:58.942+0000] {processor.py:914} INFO - Processing file /home/Ashreem/airflow-env/lib/python3.12/site-packages/airflow/example_dags/example_params_ui_tutorial.py for tasks to queue
[2025-03-07T02:42:58.944+0000] {logging_mixin.py:190} INFO - [2025-03-07T02:42:58.944+0000] {dagbag.py:588} INFO - Filling up the DagBag from /home/Ashreem/airflow-env/lib/python3.12/site-packages/airflow/example_dags/example_params_ui_tutorial.py
[2025-03-07T02:42:58.957+0000] {processor.py:925} INFO - DAG(s) 'example_params_ui_tutorial' retrieved from /home/Ashreem/airflow-env/lib/python3.12/site-packages/airflow/example_dags/example_params_ui_tutorial.py
[2025-03-07T02:42:59.009+0000] {logging_mixin.py:190} INFO - [2025-03-07T02:42:59.009+0000] {dag.py:3239} INFO - Sync 1 DAGs
[2025-03-07T02:42:59.028+0000] {logging_mixin.py:190} INFO - [2025-03-07T02:42:59.028+0000] {dag.py:4180} INFO - Setting next_dagrun for example_params_ui_tutorial to None, run_after=None
[2025-03-07T02:42:59.083+0000] {processor.py:208} INFO - Processing /home/Ashreem/airflow-env/lib/python3.12/site-packages/airflow/example_dags/example_params_ui_tutorial.py took 0.151 seconds
[2025-03-07T02:44:02.245+0000] {processor.py:186} INFO - Started process (PID=47026) to work on /home/Ashreem/airflow-env/lib/python3.12/site-packages/airflow/example_dags/example_params_ui_tutorial.py
[2025-03-07T02:44:02.246+0000] {processor.py:914} INFO - Processing file /home/Ashreem/airflow-env/lib/python3.12/site-packages/airflow/example_dags/example_params_ui_tutorial.py for tasks to queue
[2025-03-07T02:44:02.249+0000] {logging_mixin.py:190} INFO - [2025-03-07T02:44:02.249+0000] {dagbag.py:588} INFO - Filling up the DagBag from /home/Ashreem/airflow-env/lib/python3.12/site-packages/airflow/example_dags/example_params_ui_tutorial.py
[2025-03-07T02:44:02.263+0000] {processor.py:925} INFO - DAG(s) 'example_params_ui_tutorial' retrieved from /home/Ashreem/airflow-env/lib/python3.12/site-packages/airflow/example_dags/example_params_ui_tutorial.py
[2025-03-07T02:44:02.315+0000] {logging_mixin.py:190} INFO - [2025-03-07T02:44:02.314+0000] {dag.py:3239} INFO - Sync 1 DAGs
[2025-03-07T02:44:02.332+0000] {logging_mixin.py:190} INFO - [2025-03-07T02:44:02.332+0000] {dag.py:4180} INFO - Setting next_dagrun for example_params_ui_tutorial to None, run_after=None
[2025-03-07T02:44:02.369+0000] {processor.py:208} INFO - Processing /home/Ashreem/airflow-env/lib/python3.12/site-packages/airflow/example_dags/example_params_ui_tutorial.py took 0.133 seconds
[2025-03-07T02:45:03.612+0000] {processor.py:186} INFO - Started process (PID=47104) to work on /home/Ashreem/airflow-env/lib/python3.12/site-packages/airflow/example_dags/example_params_ui_tutorial.py
[2025-03-07T02:45:03.620+0000] {processor.py:914} INFO - Processing file /home/Ashreem/airflow-env/lib/python3.12/site-packages/airflow/example_dags/example_params_ui_tutorial.py for tasks to queue
[2025-03-07T02:45:03.623+0000] {logging_mixin.py:190} INFO - [2025-03-07T02:45:03.622+0000] {dagbag.py:588} INFO - Filling up the DagBag from /home/Ashreem/airflow-env/lib/python3.12/site-packages/airflow/example_dags/example_params_ui_tutorial.py
[2025-03-07T02:45:03.638+0000] {processor.py:925} INFO - DAG(s) 'example_params_ui_tutorial' retrieved from /home/Ashreem/airflow-env/lib/python3.12/site-packages/airflow/example_dags/example_params_ui_tutorial.py
[2025-03-07T02:45:03.686+0000] {logging_mixin.py:190} INFO - [2025-03-07T02:45:03.686+0000] {dag.py:3239} INFO - Sync 1 DAGs
[2025-03-07T02:45:03.702+0000] {logging_mixin.py:190} INFO - [2025-03-07T02:45:03.702+0000] {dag.py:4180} INFO - Setting next_dagrun for example_params_ui_tutorial to None, run_after=None
[2025-03-07T02:45:03.742+0000] {processor.py:208} INFO - Processing /home/Ashreem/airflow-env/lib/python3.12/site-packages/airflow/example_dags/example_params_ui_tutorial.py took 0.139 seconds
[2025-03-07T02:46:08.381+0000] {processor.py:186} INFO - Started process (PID=47172) to work on /home/Ashreem/airflow-env/lib/python3.12/site-packages/airflow/example_dags/example_params_ui_tutorial.py
[2025-03-07T02:46:08.383+0000] {processor.py:914} INFO - Processing file /home/Ashreem/airflow-env/lib/python3.12/site-packages/airflow/example_dags/example_params_ui_tutorial.py for tasks to queue
[2025-03-07T02:46:08.386+0000] {logging_mixin.py:190} INFO - [2025-03-07T02:46:08.385+0000] {dagbag.py:588} INFO - Filling up the DagBag from /home/Ashreem/airflow-env/lib/python3.12/site-packages/airflow/example_dags/example_params_ui_tutorial.py
[2025-03-07T02:46:08.400+0000] {processor.py:925} INFO - DAG(s) 'example_params_ui_tutorial' retrieved from /home/Ashreem/airflow-env/lib/python3.12/site-packages/airflow/example_dags/example_params_ui_tutorial.py
[2025-03-07T02:46:08.455+0000] {logging_mixin.py:190} INFO - [2025-03-07T02:46:08.454+0000] {dag.py:3239} INFO - Sync 1 DAGs
[2025-03-07T02:46:08.471+0000] {logging_mixin.py:190} INFO - [2025-03-07T02:46:08.470+0000] {dag.py:4180} INFO - Setting next_dagrun for example_params_ui_tutorial to None, run_after=None
[2025-03-07T02:46:08.507+0000] {processor.py:208} INFO - Processing /home/Ashreem/airflow-env/lib/python3.12/site-packages/airflow/example_dags/example_params_ui_tutorial.py took 0.135 seconds
[2025-03-07T02:47:11.678+0000] {processor.py:186} INFO - Started process (PID=47233) to work on /home/Ashreem/airflow-env/lib/python3.12/site-packages/airflow/example_dags/example_params_ui_tutorial.py
[2025-03-07T02:47:11.680+0000] {processor.py:914} INFO - Processing file /home/Ashreem/airflow-env/lib/python3.12/site-packages/airflow/example_dags/example_params_ui_tutorial.py for tasks to queue
[2025-03-07T02:47:11.683+0000] {logging_mixin.py:190} INFO - [2025-03-07T02:47:11.683+0000] {dagbag.py:588} INFO - Filling up the DagBag from /home/Ashreem/airflow-env/lib/python3.12/site-packages/airflow/example_dags/example_params_ui_tutorial.py
[2025-03-07T02:47:11.696+0000] {processor.py:925} INFO - DAG(s) 'example_params_ui_tutorial' retrieved from /home/Ashreem/airflow-env/lib/python3.12/site-packages/airflow/example_dags/example_params_ui_tutorial.py
[2025-03-07T02:47:11.746+0000] {logging_mixin.py:190} INFO - [2025-03-07T02:47:11.745+0000] {dag.py:3239} INFO - Sync 1 DAGs
[2025-03-07T02:47:11.762+0000] {logging_mixin.py:190} INFO - [2025-03-07T02:47:11.762+0000] {dag.py:4180} INFO - Setting next_dagrun for example_params_ui_tutorial to None, run_after=None
[2025-03-07T02:47:11.799+0000] {processor.py:208} INFO - Processing /home/Ashreem/airflow-env/lib/python3.12/site-packages/airflow/example_dags/example_params_ui_tutorial.py took 0.129 seconds
[2025-03-07T02:48:18.293+0000] {processor.py:186} INFO - Started process (PID=47297) to work on /home/Ashreem/airflow-env/lib/python3.12/site-packages/airflow/example_dags/example_params_ui_tutorial.py
[2025-03-07T02:48:18.294+0000] {processor.py:914} INFO - Processing file /home/Ashreem/airflow-env/lib/python3.12/site-packages/airflow/example_dags/example_params_ui_tutorial.py for tasks to queue
[2025-03-07T02:48:18.297+0000] {logging_mixin.py:190} INFO - [2025-03-07T02:48:18.297+0000] {dagbag.py:588} INFO - Filling up the DagBag from /home/Ashreem/airflow-env/lib/python3.12/site-packages/airflow/example_dags/example_params_ui_tutorial.py
[2025-03-07T02:48:18.310+0000] {processor.py:925} INFO - DAG(s) 'example_params_ui_tutorial' retrieved from /home/Ashreem/airflow-env/lib/python3.12/site-packages/airflow/example_dags/example_params_ui_tutorial.py
[2025-03-07T02:48:18.358+0000] {logging_mixin.py:190} INFO - [2025-03-07T02:48:18.358+0000] {dag.py:3239} INFO - Sync 1 DAGs
[2025-03-07T02:48:18.378+0000] {logging_mixin.py:190} INFO - [2025-03-07T02:48:18.377+0000] {dag.py:4180} INFO - Setting next_dagrun for example_params_ui_tutorial to None, run_after=None
[2025-03-07T02:48:18.413+0000] {processor.py:208} INFO - Processing /home/Ashreem/airflow-env/lib/python3.12/site-packages/airflow/example_dags/example_params_ui_tutorial.py took 0.131 seconds
[2025-03-07T02:49:25.632+0000] {processor.py:186} INFO - Started process (PID=47377) to work on /home/Ashreem/airflow-env/lib/python3.12/site-packages/airflow/example_dags/example_params_ui_tutorial.py
[2025-03-07T02:49:25.633+0000] {processor.py:914} INFO - Processing file /home/Ashreem/airflow-env/lib/python3.12/site-packages/airflow/example_dags/example_params_ui_tutorial.py for tasks to queue
[2025-03-07T02:49:25.636+0000] {logging_mixin.py:190} INFO - [2025-03-07T02:49:25.636+0000] {dagbag.py:588} INFO - Filling up the DagBag from /home/Ashreem/airflow-env/lib/python3.12/site-packages/airflow/example_dags/example_params_ui_tutorial.py
[2025-03-07T02:49:25.648+0000] {processor.py:925} INFO - DAG(s) 'example_params_ui_tutorial' retrieved from /home/Ashreem/airflow-env/lib/python3.12/site-packages/airflow/example_dags/example_params_ui_tutorial.py
[2025-03-07T02:49:25.699+0000] {logging_mixin.py:190} INFO - [2025-03-07T02:49:25.699+0000] {dag.py:3239} INFO - Sync 1 DAGs
[2025-03-07T02:49:25.717+0000] {logging_mixin.py:190} INFO - [2025-03-07T02:49:25.717+0000] {dag.py:4180} INFO - Setting next_dagrun for example_params_ui_tutorial to None, run_after=None
[2025-03-07T02:49:25.762+0000] {processor.py:208} INFO - Processing /home/Ashreem/airflow-env/lib/python3.12/site-packages/airflow/example_dags/example_params_ui_tutorial.py took 0.138 seconds
[2025-03-07T02:50:32.416+0000] {processor.py:186} INFO - Started process (PID=47453) to work on /home/Ashreem/airflow-env/lib/python3.12/site-packages/airflow/example_dags/example_params_ui_tutorial.py
[2025-03-07T02:50:32.417+0000] {processor.py:914} INFO - Processing file /home/Ashreem/airflow-env/lib/python3.12/site-packages/airflow/example_dags/example_params_ui_tutorial.py for tasks to queue
[2025-03-07T02:50:32.420+0000] {logging_mixin.py:190} INFO - [2025-03-07T02:50:32.420+0000] {dagbag.py:588} INFO - Filling up the DagBag from /home/Ashreem/airflow-env/lib/python3.12/site-packages/airflow/example_dags/example_params_ui_tutorial.py
[2025-03-07T02:50:32.432+0000] {processor.py:925} INFO - DAG(s) 'example_params_ui_tutorial' retrieved from /home/Ashreem/airflow-env/lib/python3.12/site-packages/airflow/example_dags/example_params_ui_tutorial.py
[2025-03-07T02:50:32.483+0000] {logging_mixin.py:190} INFO - [2025-03-07T02:50:32.482+0000] {dag.py:3239} INFO - Sync 1 DAGs
[2025-03-07T02:50:32.499+0000] {logging_mixin.py:190} INFO - [2025-03-07T02:50:32.499+0000] {dag.py:4180} INFO - Setting next_dagrun for example_params_ui_tutorial to None, run_after=None
[2025-03-07T02:50:32.540+0000] {processor.py:208} INFO - Processing /home/Ashreem/airflow-env/lib/python3.12/site-packages/airflow/example_dags/example_params_ui_tutorial.py took 0.132 seconds
[2025-03-07T02:51:32.138+0000] {processor.py:186} INFO - Started process (PID=47513) to work on /home/Ashreem/airflow-env/lib/python3.12/site-packages/airflow/example_dags/example_params_ui_tutorial.py
[2025-03-07T02:51:32.140+0000] {processor.py:914} INFO - Processing file /home/Ashreem/airflow-env/lib/python3.12/site-packages/airflow/example_dags/example_params_ui_tutorial.py for tasks to queue
[2025-03-07T02:51:32.142+0000] {logging_mixin.py:190} INFO - [2025-03-07T02:51:32.142+0000] {dagbag.py:588} INFO - Filling up the DagBag from /home/Ashreem/airflow-env/lib/python3.12/site-packages/airflow/example_dags/example_params_ui_tutorial.py
[2025-03-07T02:51:32.157+0000] {processor.py:925} INFO - DAG(s) 'example_params_ui_tutorial' retrieved from /home/Ashreem/airflow-env/lib/python3.12/site-packages/airflow/example_dags/example_params_ui_tutorial.py
[2025-03-07T02:51:32.206+0000] {logging_mixin.py:190} INFO - [2025-03-07T02:51:32.206+0000] {dag.py:3239} INFO - Sync 1 DAGs
[2025-03-07T02:51:32.226+0000] {logging_mixin.py:190} INFO - [2025-03-07T02:51:32.225+0000] {dag.py:4180} INFO - Setting next_dagrun for example_params_ui_tutorial to None, run_after=None
[2025-03-07T02:51:32.260+0000] {processor.py:208} INFO - Processing /home/Ashreem/airflow-env/lib/python3.12/site-packages/airflow/example_dags/example_params_ui_tutorial.py took 0.130 seconds
[2025-03-07T02:52:38.698+0000] {processor.py:186} INFO - Started process (PID=47582) to work on /home/Ashreem/airflow-env/lib/python3.12/site-packages/airflow/example_dags/example_params_ui_tutorial.py
[2025-03-07T02:52:38.699+0000] {processor.py:914} INFO - Processing file /home/Ashreem/airflow-env/lib/python3.12/site-packages/airflow/example_dags/example_params_ui_tutorial.py for tasks to queue
[2025-03-07T02:52:38.701+0000] {logging_mixin.py:190} INFO - [2025-03-07T02:52:38.701+0000] {dagbag.py:588} INFO - Filling up the DagBag from /home/Ashreem/airflow-env/lib/python3.12/site-packages/airflow/example_dags/example_params_ui_tutorial.py
[2025-03-07T02:52:38.713+0000] {processor.py:925} INFO - DAG(s) 'example_params_ui_tutorial' retrieved from /home/Ashreem/airflow-env/lib/python3.12/site-packages/airflow/example_dags/example_params_ui_tutorial.py
[2025-03-07T02:52:38.763+0000] {logging_mixin.py:190} INFO - [2025-03-07T02:52:38.763+0000] {dag.py:3239} INFO - Sync 1 DAGs
[2025-03-07T02:52:38.779+0000] {logging_mixin.py:190} INFO - [2025-03-07T02:52:38.779+0000] {dag.py:4180} INFO - Setting next_dagrun for example_params_ui_tutorial to None, run_after=None
[2025-03-07T02:52:38.819+0000] {processor.py:208} INFO - Processing /home/Ashreem/airflow-env/lib/python3.12/site-packages/airflow/example_dags/example_params_ui_tutorial.py took 0.128 seconds
[2025-03-07T02:53:41.330+0000] {processor.py:186} INFO - Started process (PID=47648) to work on /home/Ashreem/airflow-env/lib/python3.12/site-packages/airflow/example_dags/example_params_ui_tutorial.py
[2025-03-07T02:53:41.331+0000] {processor.py:914} INFO - Processing file /home/Ashreem/airflow-env/lib/python3.12/site-packages/airflow/example_dags/example_params_ui_tutorial.py for tasks to queue
[2025-03-07T02:53:41.335+0000] {logging_mixin.py:190} INFO - [2025-03-07T02:53:41.334+0000] {dagbag.py:588} INFO - Filling up the DagBag from /home/Ashreem/airflow-env/lib/python3.12/site-packages/airflow/example_dags/example_params_ui_tutorial.py
[2025-03-07T02:53:41.347+0000] {processor.py:925} INFO - DAG(s) 'example_params_ui_tutorial' retrieved from /home/Ashreem/airflow-env/lib/python3.12/site-packages/airflow/example_dags/example_params_ui_tutorial.py
[2025-03-07T02:53:41.400+0000] {logging_mixin.py:190} INFO - [2025-03-07T02:53:41.400+0000] {dag.py:3239} INFO - Sync 1 DAGs
[2025-03-07T02:53:41.417+0000] {logging_mixin.py:190} INFO - [2025-03-07T02:53:41.417+0000] {dag.py:4180} INFO - Setting next_dagrun for example_params_ui_tutorial to None, run_after=None
[2025-03-07T02:53:41.462+0000] {processor.py:208} INFO - Processing /home/Ashreem/airflow-env/lib/python3.12/site-packages/airflow/example_dags/example_params_ui_tutorial.py took 0.139 seconds
[2025-03-07T02:54:44.849+0000] {processor.py:186} INFO - Started process (PID=47710) to work on /home/Ashreem/airflow-env/lib/python3.12/site-packages/airflow/example_dags/example_params_ui_tutorial.py
[2025-03-07T02:54:44.850+0000] {processor.py:914} INFO - Processing file /home/Ashreem/airflow-env/lib/python3.12/site-packages/airflow/example_dags/example_params_ui_tutorial.py for tasks to queue
[2025-03-07T02:54:44.853+0000] {logging_mixin.py:190} INFO - [2025-03-07T02:54:44.853+0000] {dagbag.py:588} INFO - Filling up the DagBag from /home/Ashreem/airflow-env/lib/python3.12/site-packages/airflow/example_dags/example_params_ui_tutorial.py
[2025-03-07T02:54:44.866+0000] {processor.py:925} INFO - DAG(s) 'example_params_ui_tutorial' retrieved from /home/Ashreem/airflow-env/lib/python3.12/site-packages/airflow/example_dags/example_params_ui_tutorial.py
[2025-03-07T02:54:44.916+0000] {logging_mixin.py:190} INFO - [2025-03-07T02:54:44.915+0000] {dag.py:3239} INFO - Sync 1 DAGs
[2025-03-07T02:54:44.934+0000] {logging_mixin.py:190} INFO - [2025-03-07T02:54:44.934+0000] {dag.py:4180} INFO - Setting next_dagrun for example_params_ui_tutorial to None, run_after=None
[2025-03-07T02:54:44.973+0000] {processor.py:208} INFO - Processing /home/Ashreem/airflow-env/lib/python3.12/site-packages/airflow/example_dags/example_params_ui_tutorial.py took 0.131 seconds
[2025-03-07T02:55:44.998+0000] {processor.py:186} INFO - Started process (PID=47841) to work on /home/Ashreem/airflow-env/lib/python3.12/site-packages/airflow/example_dags/example_params_ui_tutorial.py
[2025-03-07T02:55:45.000+0000] {processor.py:914} INFO - Processing file /home/Ashreem/airflow-env/lib/python3.12/site-packages/airflow/example_dags/example_params_ui_tutorial.py for tasks to queue
[2025-03-07T02:55:45.002+0000] {logging_mixin.py:190} INFO - [2025-03-07T02:55:45.002+0000] {dagbag.py:588} INFO - Filling up the DagBag from /home/Ashreem/airflow-env/lib/python3.12/site-packages/airflow/example_dags/example_params_ui_tutorial.py
[2025-03-07T02:55:45.016+0000] {processor.py:925} INFO - DAG(s) 'example_params_ui_tutorial' retrieved from /home/Ashreem/airflow-env/lib/python3.12/site-packages/airflow/example_dags/example_params_ui_tutorial.py
[2025-03-07T02:55:45.069+0000] {logging_mixin.py:190} INFO - [2025-03-07T02:55:45.068+0000] {dag.py:3239} INFO - Sync 1 DAGs
[2025-03-07T02:55:45.087+0000] {logging_mixin.py:190} INFO - [2025-03-07T02:55:45.087+0000] {dag.py:4180} INFO - Setting next_dagrun for example_params_ui_tutorial to None, run_after=None
[2025-03-07T02:55:45.129+0000] {processor.py:208} INFO - Processing /home/Ashreem/airflow-env/lib/python3.12/site-packages/airflow/example_dags/example_params_ui_tutorial.py took 0.137 seconds
[2025-03-07T02:56:48.531+0000] {processor.py:186} INFO - Started process (PID=47962) to work on /home/Ashreem/airflow-env/lib/python3.12/site-packages/airflow/example_dags/example_params_ui_tutorial.py
[2025-03-07T02:56:48.533+0000] {processor.py:914} INFO - Processing file /home/Ashreem/airflow-env/lib/python3.12/site-packages/airflow/example_dags/example_params_ui_tutorial.py for tasks to queue
[2025-03-07T02:56:48.535+0000] {logging_mixin.py:190} INFO - [2025-03-07T02:56:48.535+0000] {dagbag.py:588} INFO - Filling up the DagBag from /home/Ashreem/airflow-env/lib/python3.12/site-packages/airflow/example_dags/example_params_ui_tutorial.py
[2025-03-07T02:56:48.548+0000] {processor.py:925} INFO - DAG(s) 'example_params_ui_tutorial' retrieved from /home/Ashreem/airflow-env/lib/python3.12/site-packages/airflow/example_dags/example_params_ui_tutorial.py
[2025-03-07T02:56:48.600+0000] {logging_mixin.py:190} INFO - [2025-03-07T02:56:48.600+0000] {dag.py:3239} INFO - Sync 1 DAGs
[2025-03-07T02:56:48.620+0000] {logging_mixin.py:190} INFO - [2025-03-07T02:56:48.619+0000] {dag.py:4180} INFO - Setting next_dagrun for example_params_ui_tutorial to None, run_after=None
[2025-03-07T02:56:48.663+0000] {processor.py:208} INFO - Processing /home/Ashreem/airflow-env/lib/python3.12/site-packages/airflow/example_dags/example_params_ui_tutorial.py took 0.139 seconds
[2025-03-07T02:56:51.723+0000] {processor.py:186} INFO - Started process (PID=47967) to work on /home/Ashreem/airflow-env/lib/python3.12/site-packages/airflow/example_dags/example_params_ui_tutorial.py
[2025-03-07T02:56:51.727+0000] {processor.py:914} INFO - Processing file /home/Ashreem/airflow-env/lib/python3.12/site-packages/airflow/example_dags/example_params_ui_tutorial.py for tasks to queue
[2025-03-07T02:56:51.730+0000] {logging_mixin.py:190} INFO - [2025-03-07T02:56:51.729+0000] {dagbag.py:588} INFO - Filling up the DagBag from /home/Ashreem/airflow-env/lib/python3.12/site-packages/airflow/example_dags/example_params_ui_tutorial.py
[2025-03-07T02:56:51.742+0000] {processor.py:925} INFO - DAG(s) 'example_params_ui_tutorial' retrieved from /home/Ashreem/airflow-env/lib/python3.12/site-packages/airflow/example_dags/example_params_ui_tutorial.py
[2025-03-07T02:56:51.788+0000] {logging_mixin.py:190} INFO - [2025-03-07T02:56:51.788+0000] {dag.py:3239} INFO - Sync 1 DAGs
[2025-03-07T02:56:51.806+0000] {logging_mixin.py:190} INFO - [2025-03-07T02:56:51.806+0000] {dag.py:4180} INFO - Setting next_dagrun for example_params_ui_tutorial to None, run_after=None
[2025-03-07T02:56:51.852+0000] {processor.py:208} INFO - Processing /home/Ashreem/airflow-env/lib/python3.12/site-packages/airflow/example_dags/example_params_ui_tutorial.py took 0.144 seconds
[2025-03-07T02:57:54.547+0000] {processor.py:186} INFO - Started process (PID=48062) to work on /home/Ashreem/airflow-env/lib/python3.12/site-packages/airflow/example_dags/example_params_ui_tutorial.py
[2025-03-07T02:57:54.549+0000] {processor.py:914} INFO - Processing file /home/Ashreem/airflow-env/lib/python3.12/site-packages/airflow/example_dags/example_params_ui_tutorial.py for tasks to queue
[2025-03-07T02:57:54.551+0000] {logging_mixin.py:190} INFO - [2025-03-07T02:57:54.551+0000] {dagbag.py:588} INFO - Filling up the DagBag from /home/Ashreem/airflow-env/lib/python3.12/site-packages/airflow/example_dags/example_params_ui_tutorial.py
[2025-03-07T02:57:54.564+0000] {processor.py:925} INFO - DAG(s) 'example_params_ui_tutorial' retrieved from /home/Ashreem/airflow-env/lib/python3.12/site-packages/airflow/example_dags/example_params_ui_tutorial.py
[2025-03-07T02:57:54.616+0000] {logging_mixin.py:190} INFO - [2025-03-07T02:57:54.615+0000] {dag.py:3239} INFO - Sync 1 DAGs
[2025-03-07T02:57:54.632+0000] {logging_mixin.py:190} INFO - [2025-03-07T02:57:54.632+0000] {dag.py:4180} INFO - Setting next_dagrun for example_params_ui_tutorial to None, run_after=None
[2025-03-07T02:57:54.668+0000] {processor.py:208} INFO - Processing /home/Ashreem/airflow-env/lib/python3.12/site-packages/airflow/example_dags/example_params_ui_tutorial.py took 0.129 seconds
[2025-03-07T02:59:00.448+0000] {processor.py:186} INFO - Started process (PID=48135) to work on /home/Ashreem/airflow-env/lib/python3.12/site-packages/airflow/example_dags/example_params_ui_tutorial.py
[2025-03-07T02:59:00.450+0000] {processor.py:914} INFO - Processing file /home/Ashreem/airflow-env/lib/python3.12/site-packages/airflow/example_dags/example_params_ui_tutorial.py for tasks to queue
[2025-03-07T02:59:00.453+0000] {logging_mixin.py:190} INFO - [2025-03-07T02:59:00.452+0000] {dagbag.py:588} INFO - Filling up the DagBag from /home/Ashreem/airflow-env/lib/python3.12/site-packages/airflow/example_dags/example_params_ui_tutorial.py
[2025-03-07T02:59:00.470+0000] {processor.py:925} INFO - DAG(s) 'example_params_ui_tutorial' retrieved from /home/Ashreem/airflow-env/lib/python3.12/site-packages/airflow/example_dags/example_params_ui_tutorial.py
[2025-03-07T02:59:00.524+0000] {logging_mixin.py:190} INFO - [2025-03-07T02:59:00.524+0000] {dag.py:3239} INFO - Sync 1 DAGs
[2025-03-07T02:59:00.549+0000] {logging_mixin.py:190} INFO - [2025-03-07T02:59:00.549+0000] {dag.py:4180} INFO - Setting next_dagrun for example_params_ui_tutorial to None, run_after=None
[2025-03-07T02:59:00.595+0000] {processor.py:208} INFO - Processing /home/Ashreem/airflow-env/lib/python3.12/site-packages/airflow/example_dags/example_params_ui_tutorial.py took 0.162 seconds
[2025-03-07T03:00:07.972+0000] {processor.py:186} INFO - Started process (PID=48283) to work on /home/Ashreem/airflow-env/lib/python3.12/site-packages/airflow/example_dags/example_params_ui_tutorial.py
[2025-03-07T03:00:07.974+0000] {processor.py:914} INFO - Processing file /home/Ashreem/airflow-env/lib/python3.12/site-packages/airflow/example_dags/example_params_ui_tutorial.py for tasks to queue
[2025-03-07T03:00:07.977+0000] {logging_mixin.py:190} INFO - [2025-03-07T03:00:07.976+0000] {dagbag.py:588} INFO - Filling up the DagBag from /home/Ashreem/airflow-env/lib/python3.12/site-packages/airflow/example_dags/example_params_ui_tutorial.py
[2025-03-07T03:00:07.993+0000] {processor.py:925} INFO - DAG(s) 'example_params_ui_tutorial' retrieved from /home/Ashreem/airflow-env/lib/python3.12/site-packages/airflow/example_dags/example_params_ui_tutorial.py
[2025-03-07T03:00:08.044+0000] {logging_mixin.py:190} INFO - [2025-03-07T03:00:08.044+0000] {dag.py:3239} INFO - Sync 1 DAGs
[2025-03-07T03:00:08.061+0000] {logging_mixin.py:190} INFO - [2025-03-07T03:00:08.061+0000] {dag.py:4180} INFO - Setting next_dagrun for example_params_ui_tutorial to None, run_after=None
[2025-03-07T03:00:08.100+0000] {processor.py:208} INFO - Processing /home/Ashreem/airflow-env/lib/python3.12/site-packages/airflow/example_dags/example_params_ui_tutorial.py took 0.136 seconds
[2025-03-07T03:01:13.727+0000] {processor.py:186} INFO - Started process (PID=48363) to work on /home/Ashreem/airflow-env/lib/python3.12/site-packages/airflow/example_dags/example_params_ui_tutorial.py
[2025-03-07T03:01:13.730+0000] {processor.py:914} INFO - Processing file /home/Ashreem/airflow-env/lib/python3.12/site-packages/airflow/example_dags/example_params_ui_tutorial.py for tasks to queue
[2025-03-07T03:01:13.732+0000] {logging_mixin.py:190} INFO - [2025-03-07T03:01:13.732+0000] {dagbag.py:588} INFO - Filling up the DagBag from /home/Ashreem/airflow-env/lib/python3.12/site-packages/airflow/example_dags/example_params_ui_tutorial.py
[2025-03-07T03:01:13.746+0000] {processor.py:925} INFO - DAG(s) 'example_params_ui_tutorial' retrieved from /home/Ashreem/airflow-env/lib/python3.12/site-packages/airflow/example_dags/example_params_ui_tutorial.py
[2025-03-07T03:01:13.793+0000] {logging_mixin.py:190} INFO - [2025-03-07T03:01:13.793+0000] {dag.py:3239} INFO - Sync 1 DAGs
[2025-03-07T03:01:13.809+0000] {logging_mixin.py:190} INFO - [2025-03-07T03:01:13.809+0000] {dag.py:4180} INFO - Setting next_dagrun for example_params_ui_tutorial to None, run_after=None
[2025-03-07T03:01:13.844+0000] {processor.py:208} INFO - Processing /home/Ashreem/airflow-env/lib/python3.12/site-packages/airflow/example_dags/example_params_ui_tutorial.py took 0.124 seconds
[2025-03-07T03:02:15.787+0000] {processor.py:186} INFO - Started process (PID=48427) to work on /home/Ashreem/airflow-env/lib/python3.12/site-packages/airflow/example_dags/example_params_ui_tutorial.py
[2025-03-07T03:02:15.788+0000] {processor.py:914} INFO - Processing file /home/Ashreem/airflow-env/lib/python3.12/site-packages/airflow/example_dags/example_params_ui_tutorial.py for tasks to queue
[2025-03-07T03:02:15.792+0000] {logging_mixin.py:190} INFO - [2025-03-07T03:02:15.791+0000] {dagbag.py:588} INFO - Filling up the DagBag from /home/Ashreem/airflow-env/lib/python3.12/site-packages/airflow/example_dags/example_params_ui_tutorial.py
[2025-03-07T03:02:15.807+0000] {processor.py:925} INFO - DAG(s) 'example_params_ui_tutorial' retrieved from /home/Ashreem/airflow-env/lib/python3.12/site-packages/airflow/example_dags/example_params_ui_tutorial.py
[2025-03-07T03:02:15.862+0000] {logging_mixin.py:190} INFO - [2025-03-07T03:02:15.862+0000] {dag.py:3239} INFO - Sync 1 DAGs
[2025-03-07T03:02:15.883+0000] {logging_mixin.py:190} INFO - [2025-03-07T03:02:15.882+0000] {dag.py:4180} INFO - Setting next_dagrun for example_params_ui_tutorial to None, run_after=None
[2025-03-07T03:02:15.923+0000] {processor.py:208} INFO - Processing /home/Ashreem/airflow-env/lib/python3.12/site-packages/airflow/example_dags/example_params_ui_tutorial.py took 0.145 seconds
[2025-03-07T03:03:14.784+0000] {processor.py:186} INFO - Started process (PID=48557) to work on /home/Ashreem/airflow-env/lib/python3.12/site-packages/airflow/example_dags/example_params_ui_tutorial.py
[2025-03-07T03:03:14.785+0000] {processor.py:914} INFO - Processing file /home/Ashreem/airflow-env/lib/python3.12/site-packages/airflow/example_dags/example_params_ui_tutorial.py for tasks to queue
[2025-03-07T03:03:14.788+0000] {logging_mixin.py:190} INFO - [2025-03-07T03:03:14.788+0000] {dagbag.py:588} INFO - Filling up the DagBag from /home/Ashreem/airflow-env/lib/python3.12/site-packages/airflow/example_dags/example_params_ui_tutorial.py
[2025-03-07T03:03:14.801+0000] {processor.py:925} INFO - DAG(s) 'example_params_ui_tutorial' retrieved from /home/Ashreem/airflow-env/lib/python3.12/site-packages/airflow/example_dags/example_params_ui_tutorial.py
[2025-03-07T03:03:14.854+0000] {logging_mixin.py:190} INFO - [2025-03-07T03:03:14.853+0000] {dag.py:3239} INFO - Sync 1 DAGs
[2025-03-07T03:03:14.873+0000] {logging_mixin.py:190} INFO - [2025-03-07T03:03:14.873+0000] {dag.py:4180} INFO - Setting next_dagrun for example_params_ui_tutorial to None, run_after=None
[2025-03-07T03:03:14.910+0000] {processor.py:208} INFO - Processing /home/Ashreem/airflow-env/lib/python3.12/site-packages/airflow/example_dags/example_params_ui_tutorial.py took 0.135 seconds
[2025-03-07T03:04:00.217+0000] {processor.py:186} INFO - Started process (PID=48631) to work on /home/Ashreem/airflow-env/lib/python3.12/site-packages/airflow/example_dags/example_params_ui_tutorial.py
[2025-03-07T03:04:00.219+0000] {processor.py:914} INFO - Processing file /home/Ashreem/airflow-env/lib/python3.12/site-packages/airflow/example_dags/example_params_ui_tutorial.py for tasks to queue
[2025-03-07T03:04:00.222+0000] {logging_mixin.py:190} INFO - [2025-03-07T03:04:00.222+0000] {dagbag.py:588} INFO - Filling up the DagBag from /home/Ashreem/airflow-env/lib/python3.12/site-packages/airflow/example_dags/example_params_ui_tutorial.py
[2025-03-07T03:04:00.235+0000] {processor.py:925} INFO - DAG(s) 'example_params_ui_tutorial' retrieved from /home/Ashreem/airflow-env/lib/python3.12/site-packages/airflow/example_dags/example_params_ui_tutorial.py
[2025-03-07T03:04:00.301+0000] {logging_mixin.py:190} INFO - [2025-03-07T03:04:00.301+0000] {dag.py:3239} INFO - Sync 1 DAGs
[2025-03-07T03:04:00.320+0000] {logging_mixin.py:190} INFO - [2025-03-07T03:04:00.320+0000] {dag.py:4180} INFO - Setting next_dagrun for example_params_ui_tutorial to None, run_after=None
[2025-03-07T03:04:00.359+0000] {processor.py:208} INFO - Processing /home/Ashreem/airflow-env/lib/python3.12/site-packages/airflow/example_dags/example_params_ui_tutorial.py took 0.151 seconds
[2025-03-07T03:05:04.740+0000] {processor.py:186} INFO - Started process (PID=48703) to work on /home/Ashreem/airflow-env/lib/python3.12/site-packages/airflow/example_dags/example_params_ui_tutorial.py
[2025-03-07T03:05:04.742+0000] {processor.py:914} INFO - Processing file /home/Ashreem/airflow-env/lib/python3.12/site-packages/airflow/example_dags/example_params_ui_tutorial.py for tasks to queue
[2025-03-07T03:05:04.745+0000] {logging_mixin.py:190} INFO - [2025-03-07T03:05:04.744+0000] {dagbag.py:588} INFO - Filling up the DagBag from /home/Ashreem/airflow-env/lib/python3.12/site-packages/airflow/example_dags/example_params_ui_tutorial.py
[2025-03-07T03:05:04.758+0000] {processor.py:925} INFO - DAG(s) 'example_params_ui_tutorial' retrieved from /home/Ashreem/airflow-env/lib/python3.12/site-packages/airflow/example_dags/example_params_ui_tutorial.py
[2025-03-07T03:05:04.806+0000] {logging_mixin.py:190} INFO - [2025-03-07T03:05:04.806+0000] {dag.py:3239} INFO - Sync 1 DAGs
[2025-03-07T03:05:04.822+0000] {logging_mixin.py:190} INFO - [2025-03-07T03:05:04.822+0000] {dag.py:4180} INFO - Setting next_dagrun for example_params_ui_tutorial to None, run_after=None
[2025-03-07T03:05:04.859+0000] {processor.py:208} INFO - Processing /home/Ashreem/airflow-env/lib/python3.12/site-packages/airflow/example_dags/example_params_ui_tutorial.py took 0.129 seconds
[2025-03-07T03:06:08.165+0000] {processor.py:186} INFO - Started process (PID=48954) to work on /home/Ashreem/airflow-env/lib/python3.12/site-packages/airflow/example_dags/example_params_ui_tutorial.py
[2025-03-07T03:06:08.166+0000] {processor.py:914} INFO - Processing file /home/Ashreem/airflow-env/lib/python3.12/site-packages/airflow/example_dags/example_params_ui_tutorial.py for tasks to queue
[2025-03-07T03:06:08.169+0000] {logging_mixin.py:190} INFO - [2025-03-07T03:06:08.168+0000] {dagbag.py:588} INFO - Filling up the DagBag from /home/Ashreem/airflow-env/lib/python3.12/site-packages/airflow/example_dags/example_params_ui_tutorial.py
[2025-03-07T03:06:08.180+0000] {processor.py:925} INFO - DAG(s) 'example_params_ui_tutorial' retrieved from /home/Ashreem/airflow-env/lib/python3.12/site-packages/airflow/example_dags/example_params_ui_tutorial.py
[2025-03-07T03:06:08.233+0000] {logging_mixin.py:190} INFO - [2025-03-07T03:06:08.232+0000] {dag.py:3239} INFO - Sync 1 DAGs
[2025-03-07T03:06:08.252+0000] {logging_mixin.py:190} INFO - [2025-03-07T03:06:08.251+0000] {dag.py:4180} INFO - Setting next_dagrun for example_params_ui_tutorial to None, run_after=None
[2025-03-07T03:06:08.294+0000] {processor.py:208} INFO - Processing /home/Ashreem/airflow-env/lib/python3.12/site-packages/airflow/example_dags/example_params_ui_tutorial.py took 0.138 seconds
[2025-03-07T03:08:16.071+0000] {processor.py:186} INFO - Started process (PID=49099) to work on /home/Ashreem/airflow-env/lib/python3.12/site-packages/airflow/example_dags/example_params_ui_tutorial.py
[2025-03-07T03:08:16.072+0000] {processor.py:914} INFO - Processing file /home/Ashreem/airflow-env/lib/python3.12/site-packages/airflow/example_dags/example_params_ui_tutorial.py for tasks to queue
[2025-03-07T03:08:16.076+0000] {logging_mixin.py:190} INFO - [2025-03-07T03:08:16.075+0000] {dagbag.py:588} INFO - Filling up the DagBag from /home/Ashreem/airflow-env/lib/python3.12/site-packages/airflow/example_dags/example_params_ui_tutorial.py
[2025-03-07T03:08:16.092+0000] {processor.py:925} INFO - DAG(s) 'example_params_ui_tutorial' retrieved from /home/Ashreem/airflow-env/lib/python3.12/site-packages/airflow/example_dags/example_params_ui_tutorial.py
[2025-03-07T03:08:16.151+0000] {logging_mixin.py:190} INFO - [2025-03-07T03:08:16.151+0000] {dag.py:3239} INFO - Sync 1 DAGs
[2025-03-07T03:08:16.168+0000] {logging_mixin.py:190} INFO - [2025-03-07T03:08:16.168+0000] {dag.py:4180} INFO - Setting next_dagrun for example_params_ui_tutorial to None, run_after=None
[2025-03-07T03:08:16.204+0000] {processor.py:208} INFO - Processing /home/Ashreem/airflow-env/lib/python3.12/site-packages/airflow/example_dags/example_params_ui_tutorial.py took 0.141 seconds
[2025-03-07T03:09:20.509+0000] {processor.py:186} INFO - Started process (PID=49172) to work on /home/Ashreem/airflow-env/lib/python3.12/site-packages/airflow/example_dags/example_params_ui_tutorial.py
[2025-03-07T03:09:20.511+0000] {processor.py:914} INFO - Processing file /home/Ashreem/airflow-env/lib/python3.12/site-packages/airflow/example_dags/example_params_ui_tutorial.py for tasks to queue
[2025-03-07T03:09:20.515+0000] {logging_mixin.py:190} INFO - [2025-03-07T03:09:20.514+0000] {dagbag.py:588} INFO - Filling up the DagBag from /home/Ashreem/airflow-env/lib/python3.12/site-packages/airflow/example_dags/example_params_ui_tutorial.py
[2025-03-07T03:09:20.530+0000] {processor.py:925} INFO - DAG(s) 'example_params_ui_tutorial' retrieved from /home/Ashreem/airflow-env/lib/python3.12/site-packages/airflow/example_dags/example_params_ui_tutorial.py
[2025-03-07T03:09:20.586+0000] {logging_mixin.py:190} INFO - [2025-03-07T03:09:20.586+0000] {dag.py:3239} INFO - Sync 1 DAGs
[2025-03-07T03:09:20.609+0000] {logging_mixin.py:190} INFO - [2025-03-07T03:09:20.608+0000] {dag.py:4180} INFO - Setting next_dagrun for example_params_ui_tutorial to None, run_after=None
[2025-03-07T03:09:20.648+0000] {processor.py:208} INFO - Processing /home/Ashreem/airflow-env/lib/python3.12/site-packages/airflow/example_dags/example_params_ui_tutorial.py took 0.147 seconds
