[2025-03-07T02:31:14.006+0000] {processor.py:186} INFO - Started process (PID=46015) to work on /home/Ashreem/airflow-env/lib/python3.12/site-packages/airflow/example_dags/example_branch_day_of_week_operator.py
[2025-03-07T02:31:14.007+0000] {processor.py:914} INFO - Processing file /home/Ashreem/airflow-env/lib/python3.12/site-packages/airflow/example_dags/example_branch_day_of_week_operator.py for tasks to queue
[2025-03-07T02:31:14.010+0000] {logging_mixin.py:190} INFO - [2025-03-07T02:31:14.010+0000] {dagbag.py:588} INFO - Filling up the DagBag from /home/Ashreem/airflow-env/lib/python3.12/site-packages/airflow/example_dags/example_branch_day_of_week_operator.py
[2025-03-07T02:31:14.025+0000] {processor.py:925} INFO - DAG(s) 'example_weekday_branch_operator' retrieved from /home/Ashreem/airflow-env/lib/python3.12/site-packages/airflow/example_dags/example_branch_day_of_week_operator.py
[2025-03-07T02:31:14.191+0000] {logging_mixin.py:190} INFO - [2025-03-07T02:31:14.190+0000] {override.py:1930} INFO - Created Permission View: can read on DAG:example_weekday_branch_operator
[2025-03-07T02:31:14.219+0000] {logging_mixin.py:190} INFO - [2025-03-07T02:31:14.218+0000] {override.py:1930} INFO - Created Permission View: can delete on DAG:example_weekday_branch_operator
[2025-03-07T02:31:14.240+0000] {logging_mixin.py:190} INFO - [2025-03-07T02:31:14.240+0000] {override.py:1930} INFO - Created Permission View: can edit on DAG:example_weekday_branch_operator
[2025-03-07T02:31:14.278+0000] {logging_mixin.py:190} INFO - [2025-03-07T02:31:14.277+0000] {override.py:1930} INFO - Created Permission View: can read on DAG Run:example_weekday_branch_operator
[2025-03-07T02:31:14.299+0000] {logging_mixin.py:190} INFO - [2025-03-07T02:31:14.298+0000] {override.py:1930} INFO - Created Permission View: can delete on DAG Run:example_weekday_branch_operator
[2025-03-07T02:31:14.325+0000] {logging_mixin.py:190} INFO - [2025-03-07T02:31:14.325+0000] {override.py:1930} INFO - Created Permission View: menu access on DAG Run:example_weekday_branch_operator
[2025-03-07T02:31:14.349+0000] {logging_mixin.py:190} INFO - [2025-03-07T02:31:14.349+0000] {override.py:1930} INFO - Created Permission View: can create on DAG Run:example_weekday_branch_operator
[2025-03-07T02:31:14.350+0000] {logging_mixin.py:190} INFO - [2025-03-07T02:31:14.350+0000] {dag.py:3239} INFO - Sync 1 DAGs
[2025-03-07T02:31:14.364+0000] {logging_mixin.py:190} INFO - [2025-03-07T02:31:14.364+0000] {dag.py:3262} INFO - Creating ORM DAG for example_weekday_branch_operator
[2025-03-07T02:31:14.375+0000] {logging_mixin.py:190} INFO - [2025-03-07T02:31:14.375+0000] {dag.py:4180} INFO - Setting next_dagrun for example_weekday_branch_operator to 2025-03-06 00:00:00+00:00, run_after=2025-03-07 00:00:00+00:00
[2025-03-07T02:31:14.411+0000] {processor.py:208} INFO - Processing /home/Ashreem/airflow-env/lib/python3.12/site-packages/airflow/example_dags/example_branch_day_of_week_operator.py took 0.413 seconds
[2025-03-07T02:33:40.336+0000] {processor.py:186} INFO - Started process (PID=46124) to work on /home/Ashreem/airflow-env/lib/python3.12/site-packages/airflow/example_dags/example_branch_day_of_week_operator.py
[2025-03-07T02:33:40.338+0000] {processor.py:914} INFO - Processing file /home/Ashreem/airflow-env/lib/python3.12/site-packages/airflow/example_dags/example_branch_day_of_week_operator.py for tasks to queue
[2025-03-07T02:33:40.340+0000] {logging_mixin.py:190} INFO - [2025-03-07T02:33:40.340+0000] {dagbag.py:588} INFO - Filling up the DagBag from /home/Ashreem/airflow-env/lib/python3.12/site-packages/airflow/example_dags/example_branch_day_of_week_operator.py
[2025-03-07T02:33:40.355+0000] {processor.py:925} INFO - DAG(s) 'example_weekday_branch_operator' retrieved from /home/Ashreem/airflow-env/lib/python3.12/site-packages/airflow/example_dags/example_branch_day_of_week_operator.py
[2025-03-07T02:33:40.381+0000] {logging_mixin.py:190} INFO - [2025-03-07T02:33:40.380+0000] {dag.py:3239} INFO - Sync 1 DAGs
[2025-03-07T02:33:40.411+0000] {logging_mixin.py:190} INFO - [2025-03-07T02:33:40.411+0000] {dag.py:4180} INFO - Setting next_dagrun for example_weekday_branch_operator to 2025-03-06 00:00:00+00:00, run_after=2025-03-07 00:00:00+00:00
[2025-03-07T02:33:40.456+0000] {processor.py:208} INFO - Processing /home/Ashreem/airflow-env/lib/python3.12/site-packages/airflow/example_dags/example_branch_day_of_week_operator.py took 0.128 seconds
[2025-03-07T02:34:53.358+0000] {processor.py:186} INFO - Started process (PID=46456) to work on /home/Ashreem/airflow-env/lib/python3.12/site-packages/airflow/example_dags/example_branch_day_of_week_operator.py
[2025-03-07T02:34:53.361+0000] {processor.py:914} INFO - Processing file /home/Ashreem/airflow-env/lib/python3.12/site-packages/airflow/example_dags/example_branch_day_of_week_operator.py for tasks to queue
[2025-03-07T02:34:53.363+0000] {logging_mixin.py:190} INFO - [2025-03-07T02:34:53.363+0000] {dagbag.py:588} INFO - Filling up the DagBag from /home/Ashreem/airflow-env/lib/python3.12/site-packages/airflow/example_dags/example_branch_day_of_week_operator.py
[2025-03-07T02:34:53.378+0000] {processor.py:925} INFO - DAG(s) 'example_weekday_branch_operator' retrieved from /home/Ashreem/airflow-env/lib/python3.12/site-packages/airflow/example_dags/example_branch_day_of_week_operator.py
[2025-03-07T02:34:53.399+0000] {logging_mixin.py:190} INFO - [2025-03-07T02:34:53.398+0000] {dag.py:3239} INFO - Sync 1 DAGs
[2025-03-07T02:34:53.427+0000] {logging_mixin.py:190} INFO - [2025-03-07T02:34:53.427+0000] {dag.py:4180} INFO - Setting next_dagrun for example_weekday_branch_operator to 2025-03-06 00:00:00+00:00, run_after=2025-03-07 00:00:00+00:00
[2025-03-07T02:34:53.463+0000] {processor.py:208} INFO - Processing /home/Ashreem/airflow-env/lib/python3.12/site-packages/airflow/example_dags/example_branch_day_of_week_operator.py took 0.114 seconds
[2025-03-07T02:35:58.191+0000] {processor.py:186} INFO - Started process (PID=46522) to work on /home/Ashreem/airflow-env/lib/python3.12/site-packages/airflow/example_dags/example_branch_day_of_week_operator.py
[2025-03-07T02:35:58.193+0000] {processor.py:914} INFO - Processing file /home/Ashreem/airflow-env/lib/python3.12/site-packages/airflow/example_dags/example_branch_day_of_week_operator.py for tasks to queue
[2025-03-07T02:35:58.196+0000] {logging_mixin.py:190} INFO - [2025-03-07T02:35:58.196+0000] {dagbag.py:588} INFO - Filling up the DagBag from /home/Ashreem/airflow-env/lib/python3.12/site-packages/airflow/example_dags/example_branch_day_of_week_operator.py
[2025-03-07T02:35:58.209+0000] {processor.py:925} INFO - DAG(s) 'example_weekday_branch_operator' retrieved from /home/Ashreem/airflow-env/lib/python3.12/site-packages/airflow/example_dags/example_branch_day_of_week_operator.py
[2025-03-07T02:35:58.228+0000] {logging_mixin.py:190} INFO - [2025-03-07T02:35:58.228+0000] {dag.py:3239} INFO - Sync 1 DAGs
[2025-03-07T02:35:58.255+0000] {logging_mixin.py:190} INFO - [2025-03-07T02:35:58.255+0000] {dag.py:4180} INFO - Setting next_dagrun for example_weekday_branch_operator to 2025-03-06 00:00:00+00:00, run_after=2025-03-07 00:00:00+00:00
[2025-03-07T02:35:58.297+0000] {processor.py:208} INFO - Processing /home/Ashreem/airflow-env/lib/python3.12/site-packages/airflow/example_dags/example_branch_day_of_week_operator.py took 0.113 seconds
[2025-03-07T02:37:06.375+0000] {processor.py:186} INFO - Started process (PID=46593) to work on /home/Ashreem/airflow-env/lib/python3.12/site-packages/airflow/example_dags/example_branch_day_of_week_operator.py
[2025-03-07T02:37:06.377+0000] {processor.py:914} INFO - Processing file /home/Ashreem/airflow-env/lib/python3.12/site-packages/airflow/example_dags/example_branch_day_of_week_operator.py for tasks to queue
[2025-03-07T02:37:06.379+0000] {logging_mixin.py:190} INFO - [2025-03-07T02:37:06.379+0000] {dagbag.py:588} INFO - Filling up the DagBag from /home/Ashreem/airflow-env/lib/python3.12/site-packages/airflow/example_dags/example_branch_day_of_week_operator.py
[2025-03-07T02:37:06.393+0000] {processor.py:925} INFO - DAG(s) 'example_weekday_branch_operator' retrieved from /home/Ashreem/airflow-env/lib/python3.12/site-packages/airflow/example_dags/example_branch_day_of_week_operator.py
[2025-03-07T02:37:06.416+0000] {logging_mixin.py:190} INFO - [2025-03-07T02:37:06.415+0000] {dag.py:3239} INFO - Sync 1 DAGs
[2025-03-07T02:37:06.442+0000] {logging_mixin.py:190} INFO - [2025-03-07T02:37:06.442+0000] {dag.py:4180} INFO - Setting next_dagrun for example_weekday_branch_operator to 2025-03-06 00:00:00+00:00, run_after=2025-03-07 00:00:00+00:00
[2025-03-07T02:37:06.478+0000] {processor.py:208} INFO - Processing /home/Ashreem/airflow-env/lib/python3.12/site-packages/airflow/example_dags/example_branch_day_of_week_operator.py took 0.110 seconds
[2025-03-07T02:38:08.366+0000] {processor.py:186} INFO - Started process (PID=46653) to work on /home/Ashreem/airflow-env/lib/python3.12/site-packages/airflow/example_dags/example_branch_day_of_week_operator.py
[2025-03-07T02:38:08.368+0000] {processor.py:914} INFO - Processing file /home/Ashreem/airflow-env/lib/python3.12/site-packages/airflow/example_dags/example_branch_day_of_week_operator.py for tasks to queue
[2025-03-07T02:38:08.370+0000] {logging_mixin.py:190} INFO - [2025-03-07T02:38:08.370+0000] {dagbag.py:588} INFO - Filling up the DagBag from /home/Ashreem/airflow-env/lib/python3.12/site-packages/airflow/example_dags/example_branch_day_of_week_operator.py
[2025-03-07T02:38:08.391+0000] {processor.py:925} INFO - DAG(s) 'example_weekday_branch_operator' retrieved from /home/Ashreem/airflow-env/lib/python3.12/site-packages/airflow/example_dags/example_branch_day_of_week_operator.py
[2025-03-07T02:38:08.416+0000] {logging_mixin.py:190} INFO - [2025-03-07T02:38:08.416+0000] {dag.py:3239} INFO - Sync 1 DAGs
[2025-03-07T02:38:08.443+0000] {logging_mixin.py:190} INFO - [2025-03-07T02:38:08.443+0000] {dag.py:4180} INFO - Setting next_dagrun for example_weekday_branch_operator to 2025-03-06 00:00:00+00:00, run_after=2025-03-07 00:00:00+00:00
[2025-03-07T02:38:08.487+0000] {processor.py:208} INFO - Processing /home/Ashreem/airflow-env/lib/python3.12/site-packages/airflow/example_dags/example_branch_day_of_week_operator.py took 0.129 seconds
[2025-03-07T02:39:11.254+0000] {processor.py:186} INFO - Started process (PID=46723) to work on /home/Ashreem/airflow-env/lib/python3.12/site-packages/airflow/example_dags/example_branch_day_of_week_operator.py
[2025-03-07T02:39:11.256+0000] {processor.py:914} INFO - Processing file /home/Ashreem/airflow-env/lib/python3.12/site-packages/airflow/example_dags/example_branch_day_of_week_operator.py for tasks to queue
[2025-03-07T02:39:11.258+0000] {logging_mixin.py:190} INFO - [2025-03-07T02:39:11.258+0000] {dagbag.py:588} INFO - Filling up the DagBag from /home/Ashreem/airflow-env/lib/python3.12/site-packages/airflow/example_dags/example_branch_day_of_week_operator.py
[2025-03-07T02:39:11.274+0000] {processor.py:925} INFO - DAG(s) 'example_weekday_branch_operator' retrieved from /home/Ashreem/airflow-env/lib/python3.12/site-packages/airflow/example_dags/example_branch_day_of_week_operator.py
[2025-03-07T02:39:11.296+0000] {logging_mixin.py:190} INFO - [2025-03-07T02:39:11.296+0000] {dag.py:3239} INFO - Sync 1 DAGs
[2025-03-07T02:39:11.324+0000] {logging_mixin.py:190} INFO - [2025-03-07T02:39:11.324+0000] {dag.py:4180} INFO - Setting next_dagrun for example_weekday_branch_operator to 2025-03-06 00:00:00+00:00, run_after=2025-03-07 00:00:00+00:00
[2025-03-07T02:39:11.361+0000] {processor.py:208} INFO - Processing /home/Ashreem/airflow-env/lib/python3.12/site-packages/airflow/example_dags/example_branch_day_of_week_operator.py took 0.115 seconds
[2025-03-07T02:40:15.215+0000] {processor.py:186} INFO - Started process (PID=46785) to work on /home/Ashreem/airflow-env/lib/python3.12/site-packages/airflow/example_dags/example_branch_day_of_week_operator.py
[2025-03-07T02:40:15.217+0000] {processor.py:914} INFO - Processing file /home/Ashreem/airflow-env/lib/python3.12/site-packages/airflow/example_dags/example_branch_day_of_week_operator.py for tasks to queue
[2025-03-07T02:40:15.222+0000] {logging_mixin.py:190} INFO - [2025-03-07T02:40:15.221+0000] {dagbag.py:588} INFO - Filling up the DagBag from /home/Ashreem/airflow-env/lib/python3.12/site-packages/airflow/example_dags/example_branch_day_of_week_operator.py
[2025-03-07T02:40:15.243+0000] {processor.py:925} INFO - DAG(s) 'example_weekday_branch_operator' retrieved from /home/Ashreem/airflow-env/lib/python3.12/site-packages/airflow/example_dags/example_branch_day_of_week_operator.py
[2025-03-07T02:40:15.268+0000] {logging_mixin.py:190} INFO - [2025-03-07T02:40:15.267+0000] {dag.py:3239} INFO - Sync 1 DAGs
[2025-03-07T02:40:15.297+0000] {logging_mixin.py:190} INFO - [2025-03-07T02:40:15.296+0000] {dag.py:4180} INFO - Setting next_dagrun for example_weekday_branch_operator to 2025-03-06 00:00:00+00:00, run_after=2025-03-07 00:00:00+00:00
[2025-03-07T02:40:15.330+0000] {processor.py:208} INFO - Processing /home/Ashreem/airflow-env/lib/python3.12/site-packages/airflow/example_dags/example_branch_day_of_week_operator.py took 0.128 seconds
[2025-03-07T02:41:17.657+0000] {processor.py:186} INFO - Started process (PID=46851) to work on /home/Ashreem/airflow-env/lib/python3.12/site-packages/airflow/example_dags/example_branch_day_of_week_operator.py
[2025-03-07T02:41:17.659+0000] {processor.py:914} INFO - Processing file /home/Ashreem/airflow-env/lib/python3.12/site-packages/airflow/example_dags/example_branch_day_of_week_operator.py for tasks to queue
[2025-03-07T02:41:17.661+0000] {logging_mixin.py:190} INFO - [2025-03-07T02:41:17.661+0000] {dagbag.py:588} INFO - Filling up the DagBag from /home/Ashreem/airflow-env/lib/python3.12/site-packages/airflow/example_dags/example_branch_day_of_week_operator.py
[2025-03-07T02:41:17.676+0000] {processor.py:925} INFO - DAG(s) 'example_weekday_branch_operator' retrieved from /home/Ashreem/airflow-env/lib/python3.12/site-packages/airflow/example_dags/example_branch_day_of_week_operator.py
[2025-03-07T02:41:17.697+0000] {logging_mixin.py:190} INFO - [2025-03-07T02:41:17.696+0000] {dag.py:3239} INFO - Sync 1 DAGs
[2025-03-07T02:41:17.725+0000] {logging_mixin.py:190} INFO - [2025-03-07T02:41:17.725+0000] {dag.py:4180} INFO - Setting next_dagrun for example_weekday_branch_operator to 2025-03-06 00:00:00+00:00, run_after=2025-03-07 00:00:00+00:00
[2025-03-07T02:41:17.768+0000] {processor.py:208} INFO - Processing /home/Ashreem/airflow-env/lib/python3.12/site-packages/airflow/example_dags/example_branch_day_of_week_operator.py took 0.119 seconds
[2025-03-07T02:42:21.434+0000] {processor.py:186} INFO - Started process (PID=46912) to work on /home/Ashreem/airflow-env/lib/python3.12/site-packages/airflow/example_dags/example_branch_day_of_week_operator.py
[2025-03-07T02:42:21.436+0000] {processor.py:914} INFO - Processing file /home/Ashreem/airflow-env/lib/python3.12/site-packages/airflow/example_dags/example_branch_day_of_week_operator.py for tasks to queue
[2025-03-07T02:42:21.439+0000] {logging_mixin.py:190} INFO - [2025-03-07T02:42:21.438+0000] {dagbag.py:588} INFO - Filling up the DagBag from /home/Ashreem/airflow-env/lib/python3.12/site-packages/airflow/example_dags/example_branch_day_of_week_operator.py
[2025-03-07T02:42:21.457+0000] {processor.py:925} INFO - DAG(s) 'example_weekday_branch_operator' retrieved from /home/Ashreem/airflow-env/lib/python3.12/site-packages/airflow/example_dags/example_branch_day_of_week_operator.py
[2025-03-07T02:42:21.480+0000] {logging_mixin.py:190} INFO - [2025-03-07T02:42:21.479+0000] {dag.py:3239} INFO - Sync 1 DAGs
[2025-03-07T02:42:21.506+0000] {logging_mixin.py:190} INFO - [2025-03-07T02:42:21.506+0000] {dag.py:4180} INFO - Setting next_dagrun for example_weekday_branch_operator to 2025-03-06 00:00:00+00:00, run_after=2025-03-07 00:00:00+00:00
[2025-03-07T02:42:21.543+0000] {processor.py:208} INFO - Processing /home/Ashreem/airflow-env/lib/python3.12/site-packages/airflow/example_dags/example_branch_day_of_week_operator.py took 0.117 seconds
[2025-03-07T02:43:26.254+0000] {processor.py:186} INFO - Started process (PID=46985) to work on /home/Ashreem/airflow-env/lib/python3.12/site-packages/airflow/example_dags/example_branch_day_of_week_operator.py
[2025-03-07T02:43:26.256+0000] {processor.py:914} INFO - Processing file /home/Ashreem/airflow-env/lib/python3.12/site-packages/airflow/example_dags/example_branch_day_of_week_operator.py for tasks to queue
[2025-03-07T02:43:26.259+0000] {logging_mixin.py:190} INFO - [2025-03-07T02:43:26.258+0000] {dagbag.py:588} INFO - Filling up the DagBag from /home/Ashreem/airflow-env/lib/python3.12/site-packages/airflow/example_dags/example_branch_day_of_week_operator.py
[2025-03-07T02:43:26.274+0000] {processor.py:925} INFO - DAG(s) 'example_weekday_branch_operator' retrieved from /home/Ashreem/airflow-env/lib/python3.12/site-packages/airflow/example_dags/example_branch_day_of_week_operator.py
[2025-03-07T02:43:26.297+0000] {logging_mixin.py:190} INFO - [2025-03-07T02:43:26.297+0000] {dag.py:3239} INFO - Sync 1 DAGs
[2025-03-07T02:43:26.326+0000] {logging_mixin.py:190} INFO - [2025-03-07T02:43:26.326+0000] {dag.py:4180} INFO - Setting next_dagrun for example_weekday_branch_operator to 2025-03-06 00:00:00+00:00, run_after=2025-03-07 00:00:00+00:00
[2025-03-07T02:43:26.369+0000] {processor.py:208} INFO - Processing /home/Ashreem/airflow-env/lib/python3.12/site-packages/airflow/example_dags/example_branch_day_of_week_operator.py took 0.123 seconds
[2025-03-07T02:44:29.212+0000] {processor.py:186} INFO - Started process (PID=47052) to work on /home/Ashreem/airflow-env/lib/python3.12/site-packages/airflow/example_dags/example_branch_day_of_week_operator.py
[2025-03-07T02:44:29.215+0000] {processor.py:914} INFO - Processing file /home/Ashreem/airflow-env/lib/python3.12/site-packages/airflow/example_dags/example_branch_day_of_week_operator.py for tasks to queue
[2025-03-07T02:44:29.218+0000] {logging_mixin.py:190} INFO - [2025-03-07T02:44:29.218+0000] {dagbag.py:588} INFO - Filling up the DagBag from /home/Ashreem/airflow-env/lib/python3.12/site-packages/airflow/example_dags/example_branch_day_of_week_operator.py
[2025-03-07T02:44:29.234+0000] {processor.py:925} INFO - DAG(s) 'example_weekday_branch_operator' retrieved from /home/Ashreem/airflow-env/lib/python3.12/site-packages/airflow/example_dags/example_branch_day_of_week_operator.py
[2025-03-07T02:44:29.257+0000] {logging_mixin.py:190} INFO - [2025-03-07T02:44:29.257+0000] {dag.py:3239} INFO - Sync 1 DAGs
[2025-03-07T02:44:29.285+0000] {logging_mixin.py:190} INFO - [2025-03-07T02:44:29.285+0000] {dag.py:4180} INFO - Setting next_dagrun for example_weekday_branch_operator to 2025-03-06 00:00:00+00:00, run_after=2025-03-07 00:00:00+00:00
[2025-03-07T02:44:29.320+0000] {processor.py:208} INFO - Processing /home/Ashreem/airflow-env/lib/python3.12/site-packages/airflow/example_dags/example_branch_day_of_week_operator.py took 0.116 seconds
[2025-03-07T02:45:31.737+0000] {processor.py:186} INFO - Started process (PID=47133) to work on /home/Ashreem/airflow-env/lib/python3.12/site-packages/airflow/example_dags/example_branch_day_of_week_operator.py
[2025-03-07T02:45:31.739+0000] {processor.py:914} INFO - Processing file /home/Ashreem/airflow-env/lib/python3.12/site-packages/airflow/example_dags/example_branch_day_of_week_operator.py for tasks to queue
[2025-03-07T02:45:31.741+0000] {logging_mixin.py:190} INFO - [2025-03-07T02:45:31.741+0000] {dagbag.py:588} INFO - Filling up the DagBag from /home/Ashreem/airflow-env/lib/python3.12/site-packages/airflow/example_dags/example_branch_day_of_week_operator.py
[2025-03-07T02:45:31.754+0000] {processor.py:925} INFO - DAG(s) 'example_weekday_branch_operator' retrieved from /home/Ashreem/airflow-env/lib/python3.12/site-packages/airflow/example_dags/example_branch_day_of_week_operator.py
[2025-03-07T02:45:31.775+0000] {logging_mixin.py:190} INFO - [2025-03-07T02:45:31.775+0000] {dag.py:3239} INFO - Sync 1 DAGs
[2025-03-07T02:45:31.808+0000] {logging_mixin.py:190} INFO - [2025-03-07T02:45:31.808+0000] {dag.py:4180} INFO - Setting next_dagrun for example_weekday_branch_operator to 2025-03-06 00:00:00+00:00, run_after=2025-03-07 00:00:00+00:00
[2025-03-07T02:45:31.847+0000] {processor.py:208} INFO - Processing /home/Ashreem/airflow-env/lib/python3.12/site-packages/airflow/example_dags/example_branch_day_of_week_operator.py took 0.117 seconds
[2025-03-07T02:46:35.663+0000] {processor.py:186} INFO - Started process (PID=47198) to work on /home/Ashreem/airflow-env/lib/python3.12/site-packages/airflow/example_dags/example_branch_day_of_week_operator.py
[2025-03-07T02:46:35.664+0000] {processor.py:914} INFO - Processing file /home/Ashreem/airflow-env/lib/python3.12/site-packages/airflow/example_dags/example_branch_day_of_week_operator.py for tasks to queue
[2025-03-07T02:46:35.667+0000] {logging_mixin.py:190} INFO - [2025-03-07T02:46:35.667+0000] {dagbag.py:588} INFO - Filling up the DagBag from /home/Ashreem/airflow-env/lib/python3.12/site-packages/airflow/example_dags/example_branch_day_of_week_operator.py
[2025-03-07T02:46:35.683+0000] {processor.py:925} INFO - DAG(s) 'example_weekday_branch_operator' retrieved from /home/Ashreem/airflow-env/lib/python3.12/site-packages/airflow/example_dags/example_branch_day_of_week_operator.py
[2025-03-07T02:46:35.709+0000] {logging_mixin.py:190} INFO - [2025-03-07T02:46:35.709+0000] {dag.py:3239} INFO - Sync 1 DAGs
[2025-03-07T02:46:35.737+0000] {logging_mixin.py:190} INFO - [2025-03-07T02:46:35.737+0000] {dag.py:4180} INFO - Setting next_dagrun for example_weekday_branch_operator to 2025-03-06 00:00:00+00:00, run_after=2025-03-07 00:00:00+00:00
[2025-03-07T02:46:35.779+0000] {processor.py:208} INFO - Processing /home/Ashreem/airflow-env/lib/python3.12/site-packages/airflow/example_dags/example_branch_day_of_week_operator.py took 0.125 seconds
[2025-03-07T02:47:38.937+0000] {processor.py:186} INFO - Started process (PID=47259) to work on /home/Ashreem/airflow-env/lib/python3.12/site-packages/airflow/example_dags/example_branch_day_of_week_operator.py
[2025-03-07T02:47:38.938+0000] {processor.py:914} INFO - Processing file /home/Ashreem/airflow-env/lib/python3.12/site-packages/airflow/example_dags/example_branch_day_of_week_operator.py for tasks to queue
[2025-03-07T02:47:38.941+0000] {logging_mixin.py:190} INFO - [2025-03-07T02:47:38.940+0000] {dagbag.py:588} INFO - Filling up the DagBag from /home/Ashreem/airflow-env/lib/python3.12/site-packages/airflow/example_dags/example_branch_day_of_week_operator.py
[2025-03-07T02:47:38.954+0000] {processor.py:925} INFO - DAG(s) 'example_weekday_branch_operator' retrieved from /home/Ashreem/airflow-env/lib/python3.12/site-packages/airflow/example_dags/example_branch_day_of_week_operator.py
[2025-03-07T02:47:38.976+0000] {logging_mixin.py:190} INFO - [2025-03-07T02:47:38.976+0000] {dag.py:3239} INFO - Sync 1 DAGs
[2025-03-07T02:47:39.003+0000] {logging_mixin.py:190} INFO - [2025-03-07T02:47:39.003+0000] {dag.py:4180} INFO - Setting next_dagrun for example_weekday_branch_operator to 2025-03-06 00:00:00+00:00, run_after=2025-03-07 00:00:00+00:00
[2025-03-07T02:47:39.047+0000] {processor.py:208} INFO - Processing /home/Ashreem/airflow-env/lib/python3.12/site-packages/airflow/example_dags/example_branch_day_of_week_operator.py took 0.119 seconds
[2025-03-07T02:48:48.659+0000] {processor.py:186} INFO - Started process (PID=47339) to work on /home/Ashreem/airflow-env/lib/python3.12/site-packages/airflow/example_dags/example_branch_day_of_week_operator.py
[2025-03-07T02:48:48.660+0000] {processor.py:914} INFO - Processing file /home/Ashreem/airflow-env/lib/python3.12/site-packages/airflow/example_dags/example_branch_day_of_week_operator.py for tasks to queue
[2025-03-07T02:48:48.663+0000] {logging_mixin.py:190} INFO - [2025-03-07T02:48:48.663+0000] {dagbag.py:588} INFO - Filling up the DagBag from /home/Ashreem/airflow-env/lib/python3.12/site-packages/airflow/example_dags/example_branch_day_of_week_operator.py
[2025-03-07T02:48:48.677+0000] {processor.py:925} INFO - DAG(s) 'example_weekday_branch_operator' retrieved from /home/Ashreem/airflow-env/lib/python3.12/site-packages/airflow/example_dags/example_branch_day_of_week_operator.py
[2025-03-07T02:48:48.702+0000] {logging_mixin.py:190} INFO - [2025-03-07T02:48:48.702+0000] {dag.py:3239} INFO - Sync 1 DAGs
[2025-03-07T02:48:48.733+0000] {logging_mixin.py:190} INFO - [2025-03-07T02:48:48.732+0000] {dag.py:4180} INFO - Setting next_dagrun for example_weekday_branch_operator to 2025-03-06 00:00:00+00:00, run_after=2025-03-07 00:00:00+00:00
[2025-03-07T02:48:48.771+0000] {processor.py:208} INFO - Processing /home/Ashreem/airflow-env/lib/python3.12/site-packages/airflow/example_dags/example_branch_day_of_week_operator.py took 0.121 seconds
[2025-03-07T02:49:53.829+0000] {processor.py:186} INFO - Started process (PID=47411) to work on /home/Ashreem/airflow-env/lib/python3.12/site-packages/airflow/example_dags/example_branch_day_of_week_operator.py
[2025-03-07T02:49:53.831+0000] {processor.py:914} INFO - Processing file /home/Ashreem/airflow-env/lib/python3.12/site-packages/airflow/example_dags/example_branch_day_of_week_operator.py for tasks to queue
[2025-03-07T02:49:53.834+0000] {logging_mixin.py:190} INFO - [2025-03-07T02:49:53.833+0000] {dagbag.py:588} INFO - Filling up the DagBag from /home/Ashreem/airflow-env/lib/python3.12/site-packages/airflow/example_dags/example_branch_day_of_week_operator.py
[2025-03-07T02:49:53.847+0000] {processor.py:925} INFO - DAG(s) 'example_weekday_branch_operator' retrieved from /home/Ashreem/airflow-env/lib/python3.12/site-packages/airflow/example_dags/example_branch_day_of_week_operator.py
[2025-03-07T02:49:53.869+0000] {logging_mixin.py:190} INFO - [2025-03-07T02:49:53.868+0000] {dag.py:3239} INFO - Sync 1 DAGs
[2025-03-07T02:49:53.896+0000] {logging_mixin.py:190} INFO - [2025-03-07T02:49:53.896+0000] {dag.py:4180} INFO - Setting next_dagrun for example_weekday_branch_operator to 2025-03-06 00:00:00+00:00, run_after=2025-03-07 00:00:00+00:00
[2025-03-07T02:49:53.966+0000] {processor.py:208} INFO - Processing /home/Ashreem/airflow-env/lib/python3.12/site-packages/airflow/example_dags/example_branch_day_of_week_operator.py took 0.146 seconds
[2025-03-07T02:50:57.252+0000] {processor.py:186} INFO - Started process (PID=47480) to work on /home/Ashreem/airflow-env/lib/python3.12/site-packages/airflow/example_dags/example_branch_day_of_week_operator.py
[2025-03-07T02:50:57.254+0000] {processor.py:914} INFO - Processing file /home/Ashreem/airflow-env/lib/python3.12/site-packages/airflow/example_dags/example_branch_day_of_week_operator.py for tasks to queue
[2025-03-07T02:50:57.257+0000] {logging_mixin.py:190} INFO - [2025-03-07T02:50:57.256+0000] {dagbag.py:588} INFO - Filling up the DagBag from /home/Ashreem/airflow-env/lib/python3.12/site-packages/airflow/example_dags/example_branch_day_of_week_operator.py
[2025-03-07T02:50:57.270+0000] {processor.py:925} INFO - DAG(s) 'example_weekday_branch_operator' retrieved from /home/Ashreem/airflow-env/lib/python3.12/site-packages/airflow/example_dags/example_branch_day_of_week_operator.py
[2025-03-07T02:50:57.293+0000] {logging_mixin.py:190} INFO - [2025-03-07T02:50:57.292+0000] {dag.py:3239} INFO - Sync 1 DAGs
[2025-03-07T02:50:57.321+0000] {logging_mixin.py:190} INFO - [2025-03-07T02:50:57.320+0000] {dag.py:4180} INFO - Setting next_dagrun for example_weekday_branch_operator to 2025-03-06 00:00:00+00:00, run_after=2025-03-07 00:00:00+00:00
[2025-03-07T02:50:57.361+0000] {processor.py:208} INFO - Processing /home/Ashreem/airflow-env/lib/python3.12/site-packages/airflow/example_dags/example_branch_day_of_week_operator.py took 0.117 seconds
[2025-03-07T02:52:00.390+0000] {processor.py:186} INFO - Started process (PID=47541) to work on /home/Ashreem/airflow-env/lib/python3.12/site-packages/airflow/example_dags/example_branch_day_of_week_operator.py
[2025-03-07T02:52:00.391+0000] {processor.py:914} INFO - Processing file /home/Ashreem/airflow-env/lib/python3.12/site-packages/airflow/example_dags/example_branch_day_of_week_operator.py for tasks to queue
[2025-03-07T02:52:00.396+0000] {logging_mixin.py:190} INFO - [2025-03-07T02:52:00.396+0000] {dagbag.py:588} INFO - Filling up the DagBag from /home/Ashreem/airflow-env/lib/python3.12/site-packages/airflow/example_dags/example_branch_day_of_week_operator.py
[2025-03-07T02:52:00.410+0000] {processor.py:925} INFO - DAG(s) 'example_weekday_branch_operator' retrieved from /home/Ashreem/airflow-env/lib/python3.12/site-packages/airflow/example_dags/example_branch_day_of_week_operator.py
[2025-03-07T02:52:00.431+0000] {logging_mixin.py:190} INFO - [2025-03-07T02:52:00.431+0000] {dag.py:3239} INFO - Sync 1 DAGs
[2025-03-07T02:52:00.459+0000] {logging_mixin.py:190} INFO - [2025-03-07T02:52:00.459+0000] {dag.py:4180} INFO - Setting next_dagrun for example_weekday_branch_operator to 2025-03-06 00:00:00+00:00, run_after=2025-03-07 00:00:00+00:00
[2025-03-07T02:52:00.494+0000] {processor.py:208} INFO - Processing /home/Ashreem/airflow-env/lib/python3.12/site-packages/airflow/example_dags/example_branch_day_of_week_operator.py took 0.112 seconds
[2025-03-07T02:53:06.687+0000] {processor.py:186} INFO - Started process (PID=47611) to work on /home/Ashreem/airflow-env/lib/python3.12/site-packages/airflow/example_dags/example_branch_day_of_week_operator.py
[2025-03-07T02:53:06.689+0000] {processor.py:914} INFO - Processing file /home/Ashreem/airflow-env/lib/python3.12/site-packages/airflow/example_dags/example_branch_day_of_week_operator.py for tasks to queue
[2025-03-07T02:53:06.691+0000] {logging_mixin.py:190} INFO - [2025-03-07T02:53:06.691+0000] {dagbag.py:588} INFO - Filling up the DagBag from /home/Ashreem/airflow-env/lib/python3.12/site-packages/airflow/example_dags/example_branch_day_of_week_operator.py
[2025-03-07T02:53:06.704+0000] {processor.py:925} INFO - DAG(s) 'example_weekday_branch_operator' retrieved from /home/Ashreem/airflow-env/lib/python3.12/site-packages/airflow/example_dags/example_branch_day_of_week_operator.py
[2025-03-07T02:53:06.729+0000] {logging_mixin.py:190} INFO - [2025-03-07T02:53:06.729+0000] {dag.py:3239} INFO - Sync 1 DAGs
[2025-03-07T02:53:06.756+0000] {logging_mixin.py:190} INFO - [2025-03-07T02:53:06.755+0000] {dag.py:4180} INFO - Setting next_dagrun for example_weekday_branch_operator to 2025-03-06 00:00:00+00:00, run_after=2025-03-07 00:00:00+00:00
[2025-03-07T02:53:06.796+0000] {processor.py:208} INFO - Processing /home/Ashreem/airflow-env/lib/python3.12/site-packages/airflow/example_dags/example_branch_day_of_week_operator.py took 0.121 seconds
[2025-03-07T02:54:08.589+0000] {processor.py:186} INFO - Started process (PID=47675) to work on /home/Ashreem/airflow-env/lib/python3.12/site-packages/airflow/example_dags/example_branch_day_of_week_operator.py
[2025-03-07T02:54:08.591+0000] {processor.py:914} INFO - Processing file /home/Ashreem/airflow-env/lib/python3.12/site-packages/airflow/example_dags/example_branch_day_of_week_operator.py for tasks to queue
[2025-03-07T02:54:08.593+0000] {logging_mixin.py:190} INFO - [2025-03-07T02:54:08.593+0000] {dagbag.py:588} INFO - Filling up the DagBag from /home/Ashreem/airflow-env/lib/python3.12/site-packages/airflow/example_dags/example_branch_day_of_week_operator.py
[2025-03-07T02:54:08.607+0000] {processor.py:925} INFO - DAG(s) 'example_weekday_branch_operator' retrieved from /home/Ashreem/airflow-env/lib/python3.12/site-packages/airflow/example_dags/example_branch_day_of_week_operator.py
[2025-03-07T02:54:08.628+0000] {logging_mixin.py:190} INFO - [2025-03-07T02:54:08.628+0000] {dag.py:3239} INFO - Sync 1 DAGs
[2025-03-07T02:54:08.667+0000] {logging_mixin.py:190} INFO - [2025-03-07T02:54:08.667+0000] {dag.py:4180} INFO - Setting next_dagrun for example_weekday_branch_operator to 2025-03-06 00:00:00+00:00, run_after=2025-03-07 00:00:00+00:00
[2025-03-07T02:54:08.709+0000] {processor.py:208} INFO - Processing /home/Ashreem/airflow-env/lib/python3.12/site-packages/airflow/example_dags/example_branch_day_of_week_operator.py took 0.130 seconds
[2025-03-07T02:55:09.610+0000] {processor.py:186} INFO - Started process (PID=47742) to work on /home/Ashreem/airflow-env/lib/python3.12/site-packages/airflow/example_dags/example_branch_day_of_week_operator.py
[2025-03-07T02:55:09.611+0000] {processor.py:914} INFO - Processing file /home/Ashreem/airflow-env/lib/python3.12/site-packages/airflow/example_dags/example_branch_day_of_week_operator.py for tasks to queue
[2025-03-07T02:55:09.614+0000] {logging_mixin.py:190} INFO - [2025-03-07T02:55:09.613+0000] {dagbag.py:588} INFO - Filling up the DagBag from /home/Ashreem/airflow-env/lib/python3.12/site-packages/airflow/example_dags/example_branch_day_of_week_operator.py
[2025-03-07T02:55:09.627+0000] {processor.py:925} INFO - DAG(s) 'example_weekday_branch_operator' retrieved from /home/Ashreem/airflow-env/lib/python3.12/site-packages/airflow/example_dags/example_branch_day_of_week_operator.py
[2025-03-07T02:55:09.648+0000] {logging_mixin.py:190} INFO - [2025-03-07T02:55:09.648+0000] {dag.py:3239} INFO - Sync 1 DAGs
[2025-03-07T02:55:09.676+0000] {logging_mixin.py:190} INFO - [2025-03-07T02:55:09.675+0000] {dag.py:4180} INFO - Setting next_dagrun for example_weekday_branch_operator to 2025-03-06 00:00:00+00:00, run_after=2025-03-07 00:00:00+00:00
[2025-03-07T02:55:09.718+0000] {processor.py:208} INFO - Processing /home/Ashreem/airflow-env/lib/python3.12/site-packages/airflow/example_dags/example_branch_day_of_week_operator.py took 0.117 seconds
[2025-03-07T02:56:14.029+0000] {processor.py:186} INFO - Started process (PID=47899) to work on /home/Ashreem/airflow-env/lib/python3.12/site-packages/airflow/example_dags/example_branch_day_of_week_operator.py
[2025-03-07T02:56:14.032+0000] {processor.py:914} INFO - Processing file /home/Ashreem/airflow-env/lib/python3.12/site-packages/airflow/example_dags/example_branch_day_of_week_operator.py for tasks to queue
[2025-03-07T02:56:14.045+0000] {logging_mixin.py:190} INFO - [2025-03-07T02:56:14.045+0000] {dagbag.py:588} INFO - Filling up the DagBag from /home/Ashreem/airflow-env/lib/python3.12/site-packages/airflow/example_dags/example_branch_day_of_week_operator.py
[2025-03-07T02:56:14.066+0000] {processor.py:925} INFO - DAG(s) 'example_weekday_branch_operator' retrieved from /home/Ashreem/airflow-env/lib/python3.12/site-packages/airflow/example_dags/example_branch_day_of_week_operator.py
[2025-03-07T02:56:14.088+0000] {logging_mixin.py:190} INFO - [2025-03-07T02:56:14.088+0000] {dag.py:3239} INFO - Sync 1 DAGs
[2025-03-07T02:56:14.122+0000] {logging_mixin.py:190} INFO - [2025-03-07T02:56:14.122+0000] {dag.py:4180} INFO - Setting next_dagrun for example_weekday_branch_operator to 2025-03-06 00:00:00+00:00, run_after=2025-03-07 00:00:00+00:00
[2025-03-07T02:56:14.163+0000] {processor.py:208} INFO - Processing /home/Ashreem/airflow-env/lib/python3.12/site-packages/airflow/example_dags/example_branch_day_of_week_operator.py took 0.144 seconds
[2025-03-07T02:57:10.715+0000] {processor.py:186} INFO - Started process (PID=48005) to work on /home/Ashreem/airflow-env/lib/python3.12/site-packages/airflow/example_dags/example_branch_day_of_week_operator.py
[2025-03-07T02:57:10.717+0000] {processor.py:914} INFO - Processing file /home/Ashreem/airflow-env/lib/python3.12/site-packages/airflow/example_dags/example_branch_day_of_week_operator.py for tasks to queue
[2025-03-07T02:57:10.720+0000] {logging_mixin.py:190} INFO - [2025-03-07T02:57:10.719+0000] {dagbag.py:588} INFO - Filling up the DagBag from /home/Ashreem/airflow-env/lib/python3.12/site-packages/airflow/example_dags/example_branch_day_of_week_operator.py
[2025-03-07T02:57:10.733+0000] {processor.py:925} INFO - DAG(s) 'example_weekday_branch_operator' retrieved from /home/Ashreem/airflow-env/lib/python3.12/site-packages/airflow/example_dags/example_branch_day_of_week_operator.py
[2025-03-07T02:57:10.755+0000] {logging_mixin.py:190} INFO - [2025-03-07T02:57:10.755+0000] {dag.py:3239} INFO - Sync 1 DAGs
[2025-03-07T02:57:10.802+0000] {logging_mixin.py:190} INFO - [2025-03-07T02:57:10.801+0000] {dag.py:4180} INFO - Setting next_dagrun for example_weekday_branch_operator to 2025-03-06 00:00:00+00:00, run_after=2025-03-07 00:00:00+00:00
[2025-03-07T02:57:10.859+0000] {processor.py:208} INFO - Processing /home/Ashreem/airflow-env/lib/python3.12/site-packages/airflow/example_dags/example_branch_day_of_week_operator.py took 0.154 seconds
[2025-03-07T02:57:19.559+0000] {processor.py:186} INFO - Started process (PID=48019) to work on /home/Ashreem/airflow-env/lib/python3.12/site-packages/airflow/example_dags/example_branch_day_of_week_operator.py
[2025-03-07T02:57:19.560+0000] {processor.py:914} INFO - Processing file /home/Ashreem/airflow-env/lib/python3.12/site-packages/airflow/example_dags/example_branch_day_of_week_operator.py for tasks to queue
[2025-03-07T02:57:19.563+0000] {logging_mixin.py:190} INFO - [2025-03-07T02:57:19.563+0000] {dagbag.py:588} INFO - Filling up the DagBag from /home/Ashreem/airflow-env/lib/python3.12/site-packages/airflow/example_dags/example_branch_day_of_week_operator.py
[2025-03-07T02:57:19.580+0000] {processor.py:925} INFO - DAG(s) 'example_weekday_branch_operator' retrieved from /home/Ashreem/airflow-env/lib/python3.12/site-packages/airflow/example_dags/example_branch_day_of_week_operator.py
[2025-03-07T02:57:19.618+0000] {logging_mixin.py:190} INFO - [2025-03-07T02:57:19.617+0000] {dag.py:3239} INFO - Sync 1 DAGs
[2025-03-07T02:57:19.645+0000] {logging_mixin.py:190} INFO - [2025-03-07T02:57:19.645+0000] {dag.py:4180} INFO - Setting next_dagrun for example_weekday_branch_operator to 2025-03-06 00:00:00+00:00, run_after=2025-03-07 00:00:00+00:00
[2025-03-07T02:57:19.686+0000] {processor.py:208} INFO - Processing /home/Ashreem/airflow-env/lib/python3.12/site-packages/airflow/example_dags/example_branch_day_of_week_operator.py took 0.135 seconds
[2025-03-07T02:58:22.633+0000] {processor.py:186} INFO - Started process (PID=48090) to work on /home/Ashreem/airflow-env/lib/python3.12/site-packages/airflow/example_dags/example_branch_day_of_week_operator.py
[2025-03-07T02:58:22.635+0000] {processor.py:914} INFO - Processing file /home/Ashreem/airflow-env/lib/python3.12/site-packages/airflow/example_dags/example_branch_day_of_week_operator.py for tasks to queue
[2025-03-07T02:58:22.639+0000] {logging_mixin.py:190} INFO - [2025-03-07T02:58:22.638+0000] {dagbag.py:588} INFO - Filling up the DagBag from /home/Ashreem/airflow-env/lib/python3.12/site-packages/airflow/example_dags/example_branch_day_of_week_operator.py
[2025-03-07T02:58:22.654+0000] {processor.py:925} INFO - DAG(s) 'example_weekday_branch_operator' retrieved from /home/Ashreem/airflow-env/lib/python3.12/site-packages/airflow/example_dags/example_branch_day_of_week_operator.py
[2025-03-07T02:58:22.676+0000] {logging_mixin.py:190} INFO - [2025-03-07T02:58:22.675+0000] {dag.py:3239} INFO - Sync 1 DAGs
[2025-03-07T02:58:22.705+0000] {logging_mixin.py:190} INFO - [2025-03-07T02:58:22.704+0000] {dag.py:4180} INFO - Setting next_dagrun for example_weekday_branch_operator to 2025-03-06 00:00:00+00:00, run_after=2025-03-07 00:00:00+00:00
[2025-03-07T02:58:22.742+0000] {processor.py:208} INFO - Processing /home/Ashreem/airflow-env/lib/python3.12/site-packages/airflow/example_dags/example_branch_day_of_week_operator.py took 0.118 seconds
[2025-03-07T02:59:29.959+0000] {processor.py:186} INFO - Started process (PID=48206) to work on /home/Ashreem/airflow-env/lib/python3.12/site-packages/airflow/example_dags/example_branch_day_of_week_operator.py
[2025-03-07T02:59:29.961+0000] {processor.py:914} INFO - Processing file /home/Ashreem/airflow-env/lib/python3.12/site-packages/airflow/example_dags/example_branch_day_of_week_operator.py for tasks to queue
[2025-03-07T02:59:29.963+0000] {logging_mixin.py:190} INFO - [2025-03-07T02:59:29.963+0000] {dagbag.py:588} INFO - Filling up the DagBag from /home/Ashreem/airflow-env/lib/python3.12/site-packages/airflow/example_dags/example_branch_day_of_week_operator.py
[2025-03-07T02:59:29.975+0000] {processor.py:925} INFO - DAG(s) 'example_weekday_branch_operator' retrieved from /home/Ashreem/airflow-env/lib/python3.12/site-packages/airflow/example_dags/example_branch_day_of_week_operator.py
[2025-03-07T02:59:29.997+0000] {logging_mixin.py:190} INFO - [2025-03-07T02:59:29.996+0000] {dag.py:3239} INFO - Sync 1 DAGs
[2025-03-07T02:59:30.023+0000] {logging_mixin.py:190} INFO - [2025-03-07T02:59:30.023+0000] {dag.py:4180} INFO - Setting next_dagrun for example_weekday_branch_operator to 2025-03-06 00:00:00+00:00, run_after=2025-03-07 00:00:00+00:00
[2025-03-07T02:59:30.070+0000] {processor.py:208} INFO - Processing /home/Ashreem/airflow-env/lib/python3.12/site-packages/airflow/example_dags/example_branch_day_of_week_operator.py took 0.120 seconds
[2025-03-07T03:00:37.396+0000] {processor.py:186} INFO - Started process (PID=48319) to work on /home/Ashreem/airflow-env/lib/python3.12/site-packages/airflow/example_dags/example_branch_day_of_week_operator.py
[2025-03-07T03:00:37.398+0000] {processor.py:914} INFO - Processing file /home/Ashreem/airflow-env/lib/python3.12/site-packages/airflow/example_dags/example_branch_day_of_week_operator.py for tasks to queue
[2025-03-07T03:00:37.401+0000] {logging_mixin.py:190} INFO - [2025-03-07T03:00:37.400+0000] {dagbag.py:588} INFO - Filling up the DagBag from /home/Ashreem/airflow-env/lib/python3.12/site-packages/airflow/example_dags/example_branch_day_of_week_operator.py
[2025-03-07T03:00:37.413+0000] {processor.py:925} INFO - DAG(s) 'example_weekday_branch_operator' retrieved from /home/Ashreem/airflow-env/lib/python3.12/site-packages/airflow/example_dags/example_branch_day_of_week_operator.py
[2025-03-07T03:00:37.436+0000] {logging_mixin.py:190} INFO - [2025-03-07T03:00:37.436+0000] {dag.py:3239} INFO - Sync 1 DAGs
[2025-03-07T03:00:37.464+0000] {logging_mixin.py:190} INFO - [2025-03-07T03:00:37.464+0000] {dag.py:4180} INFO - Setting next_dagrun for example_weekday_branch_operator to 2025-03-06 00:00:00+00:00, run_after=2025-03-07 00:00:00+00:00
[2025-03-07T03:00:37.501+0000] {processor.py:208} INFO - Processing /home/Ashreem/airflow-env/lib/python3.12/site-packages/airflow/example_dags/example_branch_day_of_week_operator.py took 0.113 seconds
[2025-03-07T03:01:39.805+0000] {processor.py:186} INFO - Started process (PID=48390) to work on /home/Ashreem/airflow-env/lib/python3.12/site-packages/airflow/example_dags/example_branch_day_of_week_operator.py
[2025-03-07T03:01:39.807+0000] {processor.py:914} INFO - Processing file /home/Ashreem/airflow-env/lib/python3.12/site-packages/airflow/example_dags/example_branch_day_of_week_operator.py for tasks to queue
[2025-03-07T03:01:39.810+0000] {logging_mixin.py:190} INFO - [2025-03-07T03:01:39.809+0000] {dagbag.py:588} INFO - Filling up the DagBag from /home/Ashreem/airflow-env/lib/python3.12/site-packages/airflow/example_dags/example_branch_day_of_week_operator.py
[2025-03-07T03:01:39.823+0000] {processor.py:925} INFO - DAG(s) 'example_weekday_branch_operator' retrieved from /home/Ashreem/airflow-env/lib/python3.12/site-packages/airflow/example_dags/example_branch_day_of_week_operator.py
[2025-03-07T03:01:39.847+0000] {logging_mixin.py:190} INFO - [2025-03-07T03:01:39.846+0000] {dag.py:3239} INFO - Sync 1 DAGs
[2025-03-07T03:01:39.877+0000] {logging_mixin.py:190} INFO - [2025-03-07T03:01:39.877+0000] {dag.py:4180} INFO - Setting next_dagrun for example_weekday_branch_operator to 2025-03-06 00:00:00+00:00, run_after=2025-03-07 00:00:00+00:00
[2025-03-07T03:01:39.914+0000] {processor.py:208} INFO - Processing /home/Ashreem/airflow-env/lib/python3.12/site-packages/airflow/example_dags/example_branch_day_of_week_operator.py took 0.118 seconds
[2025-03-07T03:02:43.151+0000] {processor.py:186} INFO - Started process (PID=48523) to work on /home/Ashreem/airflow-env/lib/python3.12/site-packages/airflow/example_dags/example_branch_day_of_week_operator.py
[2025-03-07T03:02:43.153+0000] {processor.py:914} INFO - Processing file /home/Ashreem/airflow-env/lib/python3.12/site-packages/airflow/example_dags/example_branch_day_of_week_operator.py for tasks to queue
[2025-03-07T03:02:43.155+0000] {logging_mixin.py:190} INFO - [2025-03-07T03:02:43.155+0000] {dagbag.py:588} INFO - Filling up the DagBag from /home/Ashreem/airflow-env/lib/python3.12/site-packages/airflow/example_dags/example_branch_day_of_week_operator.py
[2025-03-07T03:02:43.170+0000] {processor.py:925} INFO - DAG(s) 'example_weekday_branch_operator' retrieved from /home/Ashreem/airflow-env/lib/python3.12/site-packages/airflow/example_dags/example_branch_day_of_week_operator.py
[2025-03-07T03:02:43.194+0000] {logging_mixin.py:190} INFO - [2025-03-07T03:02:43.193+0000] {dag.py:3239} INFO - Sync 1 DAGs
[2025-03-07T03:02:43.225+0000] {logging_mixin.py:190} INFO - [2025-03-07T03:02:43.225+0000] {dag.py:4180} INFO - Setting next_dagrun for example_weekday_branch_operator to 2025-03-06 00:00:00+00:00, run_after=2025-03-07 00:00:00+00:00
[2025-03-07T03:02:43.263+0000] {processor.py:208} INFO - Processing /home/Ashreem/airflow-env/lib/python3.12/site-packages/airflow/example_dags/example_branch_day_of_week_operator.py took 0.121 seconds
[2025-03-07T03:04:22.386+0000] {processor.py:186} INFO - Started process (PID=48657) to work on /home/Ashreem/airflow-env/lib/python3.12/site-packages/airflow/example_dags/example_branch_day_of_week_operator.py
[2025-03-07T03:04:22.388+0000] {processor.py:914} INFO - Processing file /home/Ashreem/airflow-env/lib/python3.12/site-packages/airflow/example_dags/example_branch_day_of_week_operator.py for tasks to queue
[2025-03-07T03:04:22.390+0000] {logging_mixin.py:190} INFO - [2025-03-07T03:04:22.390+0000] {dagbag.py:588} INFO - Filling up the DagBag from /home/Ashreem/airflow-env/lib/python3.12/site-packages/airflow/example_dags/example_branch_day_of_week_operator.py
[2025-03-07T03:04:22.403+0000] {processor.py:925} INFO - DAG(s) 'example_weekday_branch_operator' retrieved from /home/Ashreem/airflow-env/lib/python3.12/site-packages/airflow/example_dags/example_branch_day_of_week_operator.py
[2025-03-07T03:04:22.428+0000] {logging_mixin.py:190} INFO - [2025-03-07T03:04:22.428+0000] {dag.py:3239} INFO - Sync 1 DAGs
[2025-03-07T03:04:22.454+0000] {logging_mixin.py:190} INFO - [2025-03-07T03:04:22.454+0000] {dag.py:4180} INFO - Setting next_dagrun for example_weekday_branch_operator to 2025-03-06 00:00:00+00:00, run_after=2025-03-07 00:00:00+00:00
[2025-03-07T03:04:22.491+0000] {processor.py:208} INFO - Processing /home/Ashreem/airflow-env/lib/python3.12/site-packages/airflow/example_dags/example_branch_day_of_week_operator.py took 0.113 seconds
[2025-03-07T03:05:25.930+0000] {processor.py:186} INFO - Started process (PID=48907) to work on /home/Ashreem/airflow-env/lib/python3.12/site-packages/airflow/example_dags/example_branch_day_of_week_operator.py
[2025-03-07T03:05:25.932+0000] {processor.py:914} INFO - Processing file /home/Ashreem/airflow-env/lib/python3.12/site-packages/airflow/example_dags/example_branch_day_of_week_operator.py for tasks to queue
[2025-03-07T03:05:25.935+0000] {logging_mixin.py:190} INFO - [2025-03-07T03:05:25.934+0000] {dagbag.py:588} INFO - Filling up the DagBag from /home/Ashreem/airflow-env/lib/python3.12/site-packages/airflow/example_dags/example_branch_day_of_week_operator.py
[2025-03-07T03:05:25.947+0000] {processor.py:925} INFO - DAG(s) 'example_weekday_branch_operator' retrieved from /home/Ashreem/airflow-env/lib/python3.12/site-packages/airflow/example_dags/example_branch_day_of_week_operator.py
[2025-03-07T03:05:25.969+0000] {logging_mixin.py:190} INFO - [2025-03-07T03:05:25.968+0000] {dag.py:3239} INFO - Sync 1 DAGs
[2025-03-07T03:05:25.994+0000] {logging_mixin.py:190} INFO - [2025-03-07T03:05:25.993+0000] {dag.py:4180} INFO - Setting next_dagrun for example_weekday_branch_operator to 2025-03-06 00:00:00+00:00, run_after=2025-03-07 00:00:00+00:00
[2025-03-07T03:05:26.036+0000] {processor.py:208} INFO - Processing /home/Ashreem/airflow-env/lib/python3.12/site-packages/airflow/example_dags/example_branch_day_of_week_operator.py took 0.113 seconds
[2025-03-07T03:06:31.659+0000] {processor.py:186} INFO - Started process (PID=48975) to work on /home/Ashreem/airflow-env/lib/python3.12/site-packages/airflow/example_dags/example_branch_day_of_week_operator.py
[2025-03-07T03:06:31.660+0000] {processor.py:914} INFO - Processing file /home/Ashreem/airflow-env/lib/python3.12/site-packages/airflow/example_dags/example_branch_day_of_week_operator.py for tasks to queue
[2025-03-07T03:06:31.662+0000] {logging_mixin.py:190} INFO - [2025-03-07T03:06:31.662+0000] {dagbag.py:588} INFO - Filling up the DagBag from /home/Ashreem/airflow-env/lib/python3.12/site-packages/airflow/example_dags/example_branch_day_of_week_operator.py
[2025-03-07T03:06:31.675+0000] {processor.py:925} INFO - DAG(s) 'example_weekday_branch_operator' retrieved from /home/Ashreem/airflow-env/lib/python3.12/site-packages/airflow/example_dags/example_branch_day_of_week_operator.py
[2025-03-07T03:06:31.694+0000] {logging_mixin.py:190} INFO - [2025-03-07T03:06:31.694+0000] {dag.py:3239} INFO - Sync 1 DAGs
[2025-03-07T03:06:31.723+0000] {logging_mixin.py:190} INFO - [2025-03-07T03:06:31.722+0000] {dag.py:4180} INFO - Setting next_dagrun for example_weekday_branch_operator to 2025-03-06 00:00:00+00:00, run_after=2025-03-07 00:00:00+00:00
[2025-03-07T03:06:31.761+0000] {processor.py:208} INFO - Processing /home/Ashreem/airflow-env/lib/python3.12/site-packages/airflow/example_dags/example_branch_day_of_week_operator.py took 0.111 seconds
[2025-03-07T03:08:38.232+0000] {processor.py:186} INFO - Started process (PID=49129) to work on /home/Ashreem/airflow-env/lib/python3.12/site-packages/airflow/example_dags/example_branch_day_of_week_operator.py
[2025-03-07T03:08:38.233+0000] {processor.py:914} INFO - Processing file /home/Ashreem/airflow-env/lib/python3.12/site-packages/airflow/example_dags/example_branch_day_of_week_operator.py for tasks to queue
[2025-03-07T03:08:38.236+0000] {logging_mixin.py:190} INFO - [2025-03-07T03:08:38.236+0000] {dagbag.py:588} INFO - Filling up the DagBag from /home/Ashreem/airflow-env/lib/python3.12/site-packages/airflow/example_dags/example_branch_day_of_week_operator.py
[2025-03-07T03:08:38.252+0000] {processor.py:925} INFO - DAG(s) 'example_weekday_branch_operator' retrieved from /home/Ashreem/airflow-env/lib/python3.12/site-packages/airflow/example_dags/example_branch_day_of_week_operator.py
[2025-03-07T03:08:38.273+0000] {logging_mixin.py:190} INFO - [2025-03-07T03:08:38.273+0000] {dag.py:3239} INFO - Sync 1 DAGs
[2025-03-07T03:08:38.309+0000] {logging_mixin.py:190} INFO - [2025-03-07T03:08:38.309+0000] {dag.py:4180} INFO - Setting next_dagrun for example_weekday_branch_operator to 2025-03-06 00:00:00+00:00, run_after=2025-03-07 00:00:00+00:00
[2025-03-07T03:08:38.351+0000] {processor.py:208} INFO - Processing /home/Ashreem/airflow-env/lib/python3.12/site-packages/airflow/example_dags/example_branch_day_of_week_operator.py took 0.127 seconds
[2025-03-07T03:09:41.688+0000] {processor.py:186} INFO - Started process (PID=49193) to work on /home/Ashreem/airflow-env/lib/python3.12/site-packages/airflow/example_dags/example_branch_day_of_week_operator.py
[2025-03-07T03:09:41.690+0000] {processor.py:914} INFO - Processing file /home/Ashreem/airflow-env/lib/python3.12/site-packages/airflow/example_dags/example_branch_day_of_week_operator.py for tasks to queue
[2025-03-07T03:09:41.693+0000] {logging_mixin.py:190} INFO - [2025-03-07T03:09:41.692+0000] {dagbag.py:588} INFO - Filling up the DagBag from /home/Ashreem/airflow-env/lib/python3.12/site-packages/airflow/example_dags/example_branch_day_of_week_operator.py
[2025-03-07T03:09:41.706+0000] {processor.py:925} INFO - DAG(s) 'example_weekday_branch_operator' retrieved from /home/Ashreem/airflow-env/lib/python3.12/site-packages/airflow/example_dags/example_branch_day_of_week_operator.py
[2025-03-07T03:09:41.730+0000] {logging_mixin.py:190} INFO - [2025-03-07T03:09:41.729+0000] {dag.py:3239} INFO - Sync 1 DAGs
[2025-03-07T03:09:41.758+0000] {logging_mixin.py:190} INFO - [2025-03-07T03:09:41.757+0000] {dag.py:4180} INFO - Setting next_dagrun for example_weekday_branch_operator to 2025-03-06 00:00:00+00:00, run_after=2025-03-07 00:00:00+00:00
[2025-03-07T03:09:41.796+0000] {processor.py:208} INFO - Processing /home/Ashreem/airflow-env/lib/python3.12/site-packages/airflow/example_dags/example_branch_day_of_week_operator.py took 0.115 seconds
