[2025-03-07T02:30:51.063+0000] {processor.py:186} INFO - Started process (PID=45999) to work on /home/Ashreem/airflow-env/lib/python3.12/site-packages/airflow/example_dags/example_kubernetes_executor.py
[2025-03-07T02:30:51.064+0000] {processor.py:914} INFO - Processing file /home/Ashreem/airflow-env/lib/python3.12/site-packages/airflow/example_dags/example_kubernetes_executor.py for tasks to queue
[2025-03-07T02:30:51.066+0000] {logging_mixin.py:190} INFO - [2025-03-07T02:30:51.066+0000] {dagbag.py:588} INFO - Filling up the DagBag from /home/Ashreem/airflow-env/lib/python3.12/site-packages/airflow/example_dags/example_kubernetes_executor.py
[2025-03-07T02:30:51.070+0000] {logging_mixin.py:190} INFO - [2025-03-07T02:30:51.070+0000] {example_kubernetes_executor.py:39} WARNING - The example_kubernetes_executor example DAG requires the kubernetes provider. Please install it with: pip install apache-airflow[cncf.kubernetes]
[2025-03-07T02:30:51.070+0000] {processor.py:927} WARNING - No viable dags retrieved from /home/Ashreem/airflow-env/lib/python3.12/site-packages/airflow/example_dags/example_kubernetes_executor.py
[2025-03-07T02:30:51.086+0000] {processor.py:208} INFO - Processing /home/Ashreem/airflow-env/lib/python3.12/site-packages/airflow/example_dags/example_kubernetes_executor.py took 0.030 seconds
[2025-03-07T02:33:26.488+0000] {processor.py:186} INFO - Started process (PID=46104) to work on /home/Ashreem/airflow-env/lib/python3.12/site-packages/airflow/example_dags/example_kubernetes_executor.py
[2025-03-07T02:33:26.490+0000] {processor.py:914} INFO - Processing file /home/Ashreem/airflow-env/lib/python3.12/site-packages/airflow/example_dags/example_kubernetes_executor.py for tasks to queue
[2025-03-07T02:33:26.494+0000] {logging_mixin.py:190} INFO - [2025-03-07T02:33:26.493+0000] {dagbag.py:588} INFO - Filling up the DagBag from /home/Ashreem/airflow-env/lib/python3.12/site-packages/airflow/example_dags/example_kubernetes_executor.py
[2025-03-07T02:33:26.498+0000] {logging_mixin.py:190} INFO - [2025-03-07T02:33:26.498+0000] {example_kubernetes_executor.py:39} WARNING - The example_kubernetes_executor example DAG requires the kubernetes provider. Please install it with: pip install apache-airflow[cncf.kubernetes]
[2025-03-07T02:33:26.498+0000] {processor.py:927} WARNING - No viable dags retrieved from /home/Ashreem/airflow-env/lib/python3.12/site-packages/airflow/example_dags/example_kubernetes_executor.py
[2025-03-07T02:33:26.512+0000] {processor.py:208} INFO - Processing /home/Ashreem/airflow-env/lib/python3.12/site-packages/airflow/example_dags/example_kubernetes_executor.py took 0.033 seconds
[2025-03-07T02:34:39.511+0000] {processor.py:186} INFO - Started process (PID=46443) to work on /home/Ashreem/airflow-env/lib/python3.12/site-packages/airflow/example_dags/example_kubernetes_executor.py
[2025-03-07T02:34:39.514+0000] {processor.py:914} INFO - Processing file /home/Ashreem/airflow-env/lib/python3.12/site-packages/airflow/example_dags/example_kubernetes_executor.py for tasks to queue
[2025-03-07T02:34:39.516+0000] {logging_mixin.py:190} INFO - [2025-03-07T02:34:39.516+0000] {dagbag.py:588} INFO - Filling up the DagBag from /home/Ashreem/airflow-env/lib/python3.12/site-packages/airflow/example_dags/example_kubernetes_executor.py
[2025-03-07T02:34:39.520+0000] {logging_mixin.py:190} INFO - [2025-03-07T02:34:39.520+0000] {example_kubernetes_executor.py:39} WARNING - The example_kubernetes_executor example DAG requires the kubernetes provider. Please install it with: pip install apache-airflow[cncf.kubernetes]
[2025-03-07T02:34:39.521+0000] {processor.py:927} WARNING - No viable dags retrieved from /home/Ashreem/airflow-env/lib/python3.12/site-packages/airflow/example_dags/example_kubernetes_executor.py
[2025-03-07T02:34:39.535+0000] {processor.py:208} INFO - Processing /home/Ashreem/airflow-env/lib/python3.12/site-packages/airflow/example_dags/example_kubernetes_executor.py took 0.032 seconds
[2025-03-07T02:35:44.089+0000] {processor.py:186} INFO - Started process (PID=46508) to work on /home/Ashreem/airflow-env/lib/python3.12/site-packages/airflow/example_dags/example_kubernetes_executor.py
[2025-03-07T02:35:44.091+0000] {processor.py:914} INFO - Processing file /home/Ashreem/airflow-env/lib/python3.12/site-packages/airflow/example_dags/example_kubernetes_executor.py for tasks to queue
[2025-03-07T02:35:44.094+0000] {logging_mixin.py:190} INFO - [2025-03-07T02:35:44.094+0000] {dagbag.py:588} INFO - Filling up the DagBag from /home/Ashreem/airflow-env/lib/python3.12/site-packages/airflow/example_dags/example_kubernetes_executor.py
[2025-03-07T02:35:44.098+0000] {logging_mixin.py:190} INFO - [2025-03-07T02:35:44.098+0000] {example_kubernetes_executor.py:39} WARNING - The example_kubernetes_executor example DAG requires the kubernetes provider. Please install it with: pip install apache-airflow[cncf.kubernetes]
[2025-03-07T02:35:44.099+0000] {processor.py:927} WARNING - No viable dags retrieved from /home/Ashreem/airflow-env/lib/python3.12/site-packages/airflow/example_dags/example_kubernetes_executor.py
[2025-03-07T02:35:44.112+0000] {processor.py:208} INFO - Processing /home/Ashreem/airflow-env/lib/python3.12/site-packages/airflow/example_dags/example_kubernetes_executor.py took 0.030 seconds
[2025-03-07T02:36:51.673+0000] {processor.py:186} INFO - Started process (PID=46579) to work on /home/Ashreem/airflow-env/lib/python3.12/site-packages/airflow/example_dags/example_kubernetes_executor.py
[2025-03-07T02:36:51.675+0000] {processor.py:914} INFO - Processing file /home/Ashreem/airflow-env/lib/python3.12/site-packages/airflow/example_dags/example_kubernetes_executor.py for tasks to queue
[2025-03-07T02:36:51.678+0000] {logging_mixin.py:190} INFO - [2025-03-07T02:36:51.677+0000] {dagbag.py:588} INFO - Filling up the DagBag from /home/Ashreem/airflow-env/lib/python3.12/site-packages/airflow/example_dags/example_kubernetes_executor.py
[2025-03-07T02:36:51.681+0000] {logging_mixin.py:190} INFO - [2025-03-07T02:36:51.681+0000] {example_kubernetes_executor.py:39} WARNING - The example_kubernetes_executor example DAG requires the kubernetes provider. Please install it with: pip install apache-airflow[cncf.kubernetes]
[2025-03-07T02:36:51.681+0000] {processor.py:927} WARNING - No viable dags retrieved from /home/Ashreem/airflow-env/lib/python3.12/site-packages/airflow/example_dags/example_kubernetes_executor.py
[2025-03-07T02:36:51.697+0000] {processor.py:208} INFO - Processing /home/Ashreem/airflow-env/lib/python3.12/site-packages/airflow/example_dags/example_kubernetes_executor.py took 0.031 seconds
[2025-03-07T02:37:53.080+0000] {processor.py:186} INFO - Started process (PID=46639) to work on /home/Ashreem/airflow-env/lib/python3.12/site-packages/airflow/example_dags/example_kubernetes_executor.py
[2025-03-07T02:37:53.083+0000] {processor.py:914} INFO - Processing file /home/Ashreem/airflow-env/lib/python3.12/site-packages/airflow/example_dags/example_kubernetes_executor.py for tasks to queue
[2025-03-07T02:37:53.086+0000] {logging_mixin.py:190} INFO - [2025-03-07T02:37:53.085+0000] {dagbag.py:588} INFO - Filling up the DagBag from /home/Ashreem/airflow-env/lib/python3.12/site-packages/airflow/example_dags/example_kubernetes_executor.py
[2025-03-07T02:37:53.091+0000] {logging_mixin.py:190} INFO - [2025-03-07T02:37:53.091+0000] {example_kubernetes_executor.py:39} WARNING - The example_kubernetes_executor example DAG requires the kubernetes provider. Please install it with: pip install apache-airflow[cncf.kubernetes]
[2025-03-07T02:37:53.092+0000] {processor.py:927} WARNING - No viable dags retrieved from /home/Ashreem/airflow-env/lib/python3.12/site-packages/airflow/example_dags/example_kubernetes_executor.py
[2025-03-07T02:37:53.106+0000] {processor.py:208} INFO - Processing /home/Ashreem/airflow-env/lib/python3.12/site-packages/airflow/example_dags/example_kubernetes_executor.py took 0.038 seconds
[2025-03-07T02:38:57.846+0000] {processor.py:186} INFO - Started process (PID=46709) to work on /home/Ashreem/airflow-env/lib/python3.12/site-packages/airflow/example_dags/example_kubernetes_executor.py
[2025-03-07T02:38:57.848+0000] {processor.py:914} INFO - Processing file /home/Ashreem/airflow-env/lib/python3.12/site-packages/airflow/example_dags/example_kubernetes_executor.py for tasks to queue
[2025-03-07T02:38:57.850+0000] {logging_mixin.py:190} INFO - [2025-03-07T02:38:57.850+0000] {dagbag.py:588} INFO - Filling up the DagBag from /home/Ashreem/airflow-env/lib/python3.12/site-packages/airflow/example_dags/example_kubernetes_executor.py
[2025-03-07T02:38:57.854+0000] {logging_mixin.py:190} INFO - [2025-03-07T02:38:57.854+0000] {example_kubernetes_executor.py:39} WARNING - The example_kubernetes_executor example DAG requires the kubernetes provider. Please install it with: pip install apache-airflow[cncf.kubernetes]
[2025-03-07T02:38:57.854+0000] {processor.py:927} WARNING - No viable dags retrieved from /home/Ashreem/airflow-env/lib/python3.12/site-packages/airflow/example_dags/example_kubernetes_executor.py
[2025-03-07T02:38:57.868+0000] {processor.py:208} INFO - Processing /home/Ashreem/airflow-env/lib/python3.12/site-packages/airflow/example_dags/example_kubernetes_executor.py took 0.030 seconds
[2025-03-07T02:40:00.601+0000] {processor.py:186} INFO - Started process (PID=46771) to work on /home/Ashreem/airflow-env/lib/python3.12/site-packages/airflow/example_dags/example_kubernetes_executor.py
[2025-03-07T02:40:00.603+0000] {processor.py:914} INFO - Processing file /home/Ashreem/airflow-env/lib/python3.12/site-packages/airflow/example_dags/example_kubernetes_executor.py for tasks to queue
[2025-03-07T02:40:00.605+0000] {logging_mixin.py:190} INFO - [2025-03-07T02:40:00.605+0000] {dagbag.py:588} INFO - Filling up the DagBag from /home/Ashreem/airflow-env/lib/python3.12/site-packages/airflow/example_dags/example_kubernetes_executor.py
[2025-03-07T02:40:00.609+0000] {logging_mixin.py:190} INFO - [2025-03-07T02:40:00.609+0000] {example_kubernetes_executor.py:39} WARNING - The example_kubernetes_executor example DAG requires the kubernetes provider. Please install it with: pip install apache-airflow[cncf.kubernetes]
[2025-03-07T02:40:00.609+0000] {processor.py:927} WARNING - No viable dags retrieved from /home/Ashreem/airflow-env/lib/python3.12/site-packages/airflow/example_dags/example_kubernetes_executor.py
[2025-03-07T02:40:00.623+0000] {processor.py:208} INFO - Processing /home/Ashreem/airflow-env/lib/python3.12/site-packages/airflow/example_dags/example_kubernetes_executor.py took 0.029 seconds
[2025-03-07T02:41:04.250+0000] {processor.py:186} INFO - Started process (PID=46837) to work on /home/Ashreem/airflow-env/lib/python3.12/site-packages/airflow/example_dags/example_kubernetes_executor.py
[2025-03-07T02:41:04.252+0000] {processor.py:914} INFO - Processing file /home/Ashreem/airflow-env/lib/python3.12/site-packages/airflow/example_dags/example_kubernetes_executor.py for tasks to queue
[2025-03-07T02:41:04.255+0000] {logging_mixin.py:190} INFO - [2025-03-07T02:41:04.254+0000] {dagbag.py:588} INFO - Filling up the DagBag from /home/Ashreem/airflow-env/lib/python3.12/site-packages/airflow/example_dags/example_kubernetes_executor.py
[2025-03-07T02:41:04.259+0000] {logging_mixin.py:190} INFO - [2025-03-07T02:41:04.259+0000] {example_kubernetes_executor.py:39} WARNING - The example_kubernetes_executor example DAG requires the kubernetes provider. Please install it with: pip install apache-airflow[cncf.kubernetes]
[2025-03-07T02:41:04.259+0000] {processor.py:927} WARNING - No viable dags retrieved from /home/Ashreem/airflow-env/lib/python3.12/site-packages/airflow/example_dags/example_kubernetes_executor.py
[2025-03-07T02:41:04.274+0000] {processor.py:208} INFO - Processing /home/Ashreem/airflow-env/lib/python3.12/site-packages/airflow/example_dags/example_kubernetes_executor.py took 0.032 seconds
[2025-03-07T02:42:07.025+0000] {processor.py:186} INFO - Started process (PID=46899) to work on /home/Ashreem/airflow-env/lib/python3.12/site-packages/airflow/example_dags/example_kubernetes_executor.py
[2025-03-07T02:42:07.026+0000] {processor.py:914} INFO - Processing file /home/Ashreem/airflow-env/lib/python3.12/site-packages/airflow/example_dags/example_kubernetes_executor.py for tasks to queue
[2025-03-07T02:42:07.029+0000] {logging_mixin.py:190} INFO - [2025-03-07T02:42:07.029+0000] {dagbag.py:588} INFO - Filling up the DagBag from /home/Ashreem/airflow-env/lib/python3.12/site-packages/airflow/example_dags/example_kubernetes_executor.py
[2025-03-07T02:42:07.033+0000] {logging_mixin.py:190} INFO - [2025-03-07T02:42:07.033+0000] {example_kubernetes_executor.py:39} WARNING - The example_kubernetes_executor example DAG requires the kubernetes provider. Please install it with: pip install apache-airflow[cncf.kubernetes]
[2025-03-07T02:42:07.033+0000] {processor.py:927} WARNING - No viable dags retrieved from /home/Ashreem/airflow-env/lib/python3.12/site-packages/airflow/example_dags/example_kubernetes_executor.py
[2025-03-07T02:42:07.046+0000] {processor.py:208} INFO - Processing /home/Ashreem/airflow-env/lib/python3.12/site-packages/airflow/example_dags/example_kubernetes_executor.py took 0.029 seconds
[2025-03-07T02:43:10.944+0000] {processor.py:186} INFO - Started process (PID=46968) to work on /home/Ashreem/airflow-env/lib/python3.12/site-packages/airflow/example_dags/example_kubernetes_executor.py
[2025-03-07T02:43:10.945+0000] {processor.py:914} INFO - Processing file /home/Ashreem/airflow-env/lib/python3.12/site-packages/airflow/example_dags/example_kubernetes_executor.py for tasks to queue
[2025-03-07T02:43:10.948+0000] {logging_mixin.py:190} INFO - [2025-03-07T02:43:10.948+0000] {dagbag.py:588} INFO - Filling up the DagBag from /home/Ashreem/airflow-env/lib/python3.12/site-packages/airflow/example_dags/example_kubernetes_executor.py
[2025-03-07T02:43:10.954+0000] {logging_mixin.py:190} INFO - [2025-03-07T02:43:10.953+0000] {example_kubernetes_executor.py:39} WARNING - The example_kubernetes_executor example DAG requires the kubernetes provider. Please install it with: pip install apache-airflow[cncf.kubernetes]
[2025-03-07T02:43:10.954+0000] {processor.py:927} WARNING - No viable dags retrieved from /home/Ashreem/airflow-env/lib/python3.12/site-packages/airflow/example_dags/example_kubernetes_executor.py
[2025-03-07T02:43:10.967+0000] {processor.py:208} INFO - Processing /home/Ashreem/airflow-env/lib/python3.12/site-packages/airflow/example_dags/example_kubernetes_executor.py took 0.031 seconds
[2025-03-07T02:44:15.029+0000] {processor.py:186} INFO - Started process (PID=47039) to work on /home/Ashreem/airflow-env/lib/python3.12/site-packages/airflow/example_dags/example_kubernetes_executor.py
[2025-03-07T02:44:15.031+0000] {processor.py:914} INFO - Processing file /home/Ashreem/airflow-env/lib/python3.12/site-packages/airflow/example_dags/example_kubernetes_executor.py for tasks to queue
[2025-03-07T02:44:15.035+0000] {logging_mixin.py:190} INFO - [2025-03-07T02:44:15.035+0000] {dagbag.py:588} INFO - Filling up the DagBag from /home/Ashreem/airflow-env/lib/python3.12/site-packages/airflow/example_dags/example_kubernetes_executor.py
[2025-03-07T02:44:15.039+0000] {logging_mixin.py:190} INFO - [2025-03-07T02:44:15.039+0000] {example_kubernetes_executor.py:39} WARNING - The example_kubernetes_executor example DAG requires the kubernetes provider. Please install it with: pip install apache-airflow[cncf.kubernetes]
[2025-03-07T02:44:15.040+0000] {processor.py:927} WARNING - No viable dags retrieved from /home/Ashreem/airflow-env/lib/python3.12/site-packages/airflow/example_dags/example_kubernetes_executor.py
[2025-03-07T02:44:15.053+0000] {processor.py:208} INFO - Processing /home/Ashreem/airflow-env/lib/python3.12/site-packages/airflow/example_dags/example_kubernetes_executor.py took 0.032 seconds
[2025-03-07T02:45:16.447+0000] {processor.py:186} INFO - Started process (PID=47119) to work on /home/Ashreem/airflow-env/lib/python3.12/site-packages/airflow/example_dags/example_kubernetes_executor.py
[2025-03-07T02:45:16.449+0000] {processor.py:914} INFO - Processing file /home/Ashreem/airflow-env/lib/python3.12/site-packages/airflow/example_dags/example_kubernetes_executor.py for tasks to queue
[2025-03-07T02:45:16.452+0000] {logging_mixin.py:190} INFO - [2025-03-07T02:45:16.451+0000] {dagbag.py:588} INFO - Filling up the DagBag from /home/Ashreem/airflow-env/lib/python3.12/site-packages/airflow/example_dags/example_kubernetes_executor.py
[2025-03-07T02:45:16.456+0000] {logging_mixin.py:190} INFO - [2025-03-07T02:45:16.456+0000] {example_kubernetes_executor.py:39} WARNING - The example_kubernetes_executor example DAG requires the kubernetes provider. Please install it with: pip install apache-airflow[cncf.kubernetes]
[2025-03-07T02:45:16.456+0000] {processor.py:927} WARNING - No viable dags retrieved from /home/Ashreem/airflow-env/lib/python3.12/site-packages/airflow/example_dags/example_kubernetes_executor.py
[2025-03-07T02:45:16.471+0000] {processor.py:208} INFO - Processing /home/Ashreem/airflow-env/lib/python3.12/site-packages/airflow/example_dags/example_kubernetes_executor.py took 0.032 seconds
[2025-03-07T02:46:21.248+0000] {processor.py:186} INFO - Started process (PID=47185) to work on /home/Ashreem/airflow-env/lib/python3.12/site-packages/airflow/example_dags/example_kubernetes_executor.py
[2025-03-07T02:46:21.250+0000] {processor.py:914} INFO - Processing file /home/Ashreem/airflow-env/lib/python3.12/site-packages/airflow/example_dags/example_kubernetes_executor.py for tasks to queue
[2025-03-07T02:46:21.253+0000] {logging_mixin.py:190} INFO - [2025-03-07T02:46:21.253+0000] {dagbag.py:588} INFO - Filling up the DagBag from /home/Ashreem/airflow-env/lib/python3.12/site-packages/airflow/example_dags/example_kubernetes_executor.py
[2025-03-07T02:46:21.257+0000] {logging_mixin.py:190} INFO - [2025-03-07T02:46:21.257+0000] {example_kubernetes_executor.py:39} WARNING - The example_kubernetes_executor example DAG requires the kubernetes provider. Please install it with: pip install apache-airflow[cncf.kubernetes]
[2025-03-07T02:46:21.258+0000] {processor.py:927} WARNING - No viable dags retrieved from /home/Ashreem/airflow-env/lib/python3.12/site-packages/airflow/example_dags/example_kubernetes_executor.py
[2025-03-07T02:46:21.273+0000] {processor.py:208} INFO - Processing /home/Ashreem/airflow-env/lib/python3.12/site-packages/airflow/example_dags/example_kubernetes_executor.py took 0.034 seconds
[2025-03-07T02:47:25.476+0000] {processor.py:186} INFO - Started process (PID=47245) to work on /home/Ashreem/airflow-env/lib/python3.12/site-packages/airflow/example_dags/example_kubernetes_executor.py
[2025-03-07T02:47:25.477+0000] {processor.py:914} INFO - Processing file /home/Ashreem/airflow-env/lib/python3.12/site-packages/airflow/example_dags/example_kubernetes_executor.py for tasks to queue
[2025-03-07T02:47:25.480+0000] {logging_mixin.py:190} INFO - [2025-03-07T02:47:25.479+0000] {dagbag.py:588} INFO - Filling up the DagBag from /home/Ashreem/airflow-env/lib/python3.12/site-packages/airflow/example_dags/example_kubernetes_executor.py
[2025-03-07T02:47:25.484+0000] {logging_mixin.py:190} INFO - [2025-03-07T02:47:25.484+0000] {example_kubernetes_executor.py:39} WARNING - The example_kubernetes_executor example DAG requires the kubernetes provider. Please install it with: pip install apache-airflow[cncf.kubernetes]
[2025-03-07T02:47:25.485+0000] {processor.py:927} WARNING - No viable dags retrieved from /home/Ashreem/airflow-env/lib/python3.12/site-packages/airflow/example_dags/example_kubernetes_executor.py
[2025-03-07T02:47:25.499+0000] {processor.py:208} INFO - Processing /home/Ashreem/airflow-env/lib/python3.12/site-packages/airflow/example_dags/example_kubernetes_executor.py took 0.031 seconds
[2025-03-07T02:48:34.932+0000] {processor.py:186} INFO - Started process (PID=47318) to work on /home/Ashreem/airflow-env/lib/python3.12/site-packages/airflow/example_dags/example_kubernetes_executor.py
[2025-03-07T02:48:34.933+0000] {processor.py:914} INFO - Processing file /home/Ashreem/airflow-env/lib/python3.12/site-packages/airflow/example_dags/example_kubernetes_executor.py for tasks to queue
[2025-03-07T02:48:34.936+0000] {logging_mixin.py:190} INFO - [2025-03-07T02:48:34.935+0000] {dagbag.py:588} INFO - Filling up the DagBag from /home/Ashreem/airflow-env/lib/python3.12/site-packages/airflow/example_dags/example_kubernetes_executor.py
[2025-03-07T02:48:34.939+0000] {logging_mixin.py:190} INFO - [2025-03-07T02:48:34.939+0000] {example_kubernetes_executor.py:39} WARNING - The example_kubernetes_executor example DAG requires the kubernetes provider. Please install it with: pip install apache-airflow[cncf.kubernetes]
[2025-03-07T02:48:34.940+0000] {processor.py:927} WARNING - No viable dags retrieved from /home/Ashreem/airflow-env/lib/python3.12/site-packages/airflow/example_dags/example_kubernetes_executor.py
[2025-03-07T02:48:34.952+0000] {processor.py:208} INFO - Processing /home/Ashreem/airflow-env/lib/python3.12/site-packages/airflow/example_dags/example_kubernetes_executor.py took 0.028 seconds
[2025-03-07T02:49:39.670+0000] {processor.py:186} INFO - Started process (PID=47396) to work on /home/Ashreem/airflow-env/lib/python3.12/site-packages/airflow/example_dags/example_kubernetes_executor.py
[2025-03-07T02:49:39.671+0000] {processor.py:914} INFO - Processing file /home/Ashreem/airflow-env/lib/python3.12/site-packages/airflow/example_dags/example_kubernetes_executor.py for tasks to queue
[2025-03-07T02:49:39.674+0000] {logging_mixin.py:190} INFO - [2025-03-07T02:49:39.673+0000] {dagbag.py:588} INFO - Filling up the DagBag from /home/Ashreem/airflow-env/lib/python3.12/site-packages/airflow/example_dags/example_kubernetes_executor.py
[2025-03-07T02:49:39.677+0000] {logging_mixin.py:190} INFO - [2025-03-07T02:49:39.677+0000] {example_kubernetes_executor.py:39} WARNING - The example_kubernetes_executor example DAG requires the kubernetes provider. Please install it with: pip install apache-airflow[cncf.kubernetes]
[2025-03-07T02:49:39.678+0000] {processor.py:927} WARNING - No viable dags retrieved from /home/Ashreem/airflow-env/lib/python3.12/site-packages/airflow/example_dags/example_kubernetes_executor.py
[2025-03-07T02:49:39.690+0000] {processor.py:208} INFO - Processing /home/Ashreem/airflow-env/lib/python3.12/site-packages/airflow/example_dags/example_kubernetes_executor.py took 0.029 seconds
[2025-03-07T02:50:45.105+0000] {processor.py:186} INFO - Started process (PID=47467) to work on /home/Ashreem/airflow-env/lib/python3.12/site-packages/airflow/example_dags/example_kubernetes_executor.py
[2025-03-07T02:50:45.106+0000] {processor.py:914} INFO - Processing file /home/Ashreem/airflow-env/lib/python3.12/site-packages/airflow/example_dags/example_kubernetes_executor.py for tasks to queue
[2025-03-07T02:50:45.109+0000] {logging_mixin.py:190} INFO - [2025-03-07T02:50:45.109+0000] {dagbag.py:588} INFO - Filling up the DagBag from /home/Ashreem/airflow-env/lib/python3.12/site-packages/airflow/example_dags/example_kubernetes_executor.py
[2025-03-07T02:50:45.115+0000] {logging_mixin.py:190} INFO - [2025-03-07T02:50:45.115+0000] {example_kubernetes_executor.py:39} WARNING - The example_kubernetes_executor example DAG requires the kubernetes provider. Please install it with: pip install apache-airflow[cncf.kubernetes]
[2025-03-07T02:50:45.116+0000] {processor.py:927} WARNING - No viable dags retrieved from /home/Ashreem/airflow-env/lib/python3.12/site-packages/airflow/example_dags/example_kubernetes_executor.py
[2025-03-07T02:50:45.132+0000] {processor.py:208} INFO - Processing /home/Ashreem/airflow-env/lib/python3.12/site-packages/airflow/example_dags/example_kubernetes_executor.py took 0.036 seconds
[2025-03-07T02:51:45.239+0000] {processor.py:186} INFO - Started process (PID=47528) to work on /home/Ashreem/airflow-env/lib/python3.12/site-packages/airflow/example_dags/example_kubernetes_executor.py
[2025-03-07T02:51:45.240+0000] {processor.py:914} INFO - Processing file /home/Ashreem/airflow-env/lib/python3.12/site-packages/airflow/example_dags/example_kubernetes_executor.py for tasks to queue
[2025-03-07T02:51:45.244+0000] {logging_mixin.py:190} INFO - [2025-03-07T02:51:45.243+0000] {dagbag.py:588} INFO - Filling up the DagBag from /home/Ashreem/airflow-env/lib/python3.12/site-packages/airflow/example_dags/example_kubernetes_executor.py
[2025-03-07T02:51:45.248+0000] {logging_mixin.py:190} INFO - [2025-03-07T02:51:45.247+0000] {example_kubernetes_executor.py:39} WARNING - The example_kubernetes_executor example DAG requires the kubernetes provider. Please install it with: pip install apache-airflow[cncf.kubernetes]
[2025-03-07T02:51:45.248+0000] {processor.py:927} WARNING - No viable dags retrieved from /home/Ashreem/airflow-env/lib/python3.12/site-packages/airflow/example_dags/example_kubernetes_executor.py
[2025-03-07T02:51:45.263+0000] {processor.py:208} INFO - Processing /home/Ashreem/airflow-env/lib/python3.12/site-packages/airflow/example_dags/example_kubernetes_executor.py took 0.032 seconds
[2025-03-07T02:52:53.082+0000] {processor.py:186} INFO - Started process (PID=47597) to work on /home/Ashreem/airflow-env/lib/python3.12/site-packages/airflow/example_dags/example_kubernetes_executor.py
[2025-03-07T02:52:53.084+0000] {processor.py:914} INFO - Processing file /home/Ashreem/airflow-env/lib/python3.12/site-packages/airflow/example_dags/example_kubernetes_executor.py for tasks to queue
[2025-03-07T02:52:53.088+0000] {logging_mixin.py:190} INFO - [2025-03-07T02:52:53.088+0000] {dagbag.py:588} INFO - Filling up the DagBag from /home/Ashreem/airflow-env/lib/python3.12/site-packages/airflow/example_dags/example_kubernetes_executor.py
[2025-03-07T02:52:53.094+0000] {logging_mixin.py:190} INFO - [2025-03-07T02:52:53.094+0000] {example_kubernetes_executor.py:39} WARNING - The example_kubernetes_executor example DAG requires the kubernetes provider. Please install it with: pip install apache-airflow[cncf.kubernetes]
[2025-03-07T02:52:53.094+0000] {processor.py:927} WARNING - No viable dags retrieved from /home/Ashreem/airflow-env/lib/python3.12/site-packages/airflow/example_dags/example_kubernetes_executor.py
[2025-03-07T02:52:53.110+0000] {processor.py:208} INFO - Processing /home/Ashreem/airflow-env/lib/python3.12/site-packages/airflow/example_dags/example_kubernetes_executor.py took 0.037 seconds
[2025-03-07T02:53:53.734+0000] {processor.py:186} INFO - Started process (PID=47661) to work on /home/Ashreem/airflow-env/lib/python3.12/site-packages/airflow/example_dags/example_kubernetes_executor.py
[2025-03-07T02:53:53.736+0000] {processor.py:914} INFO - Processing file /home/Ashreem/airflow-env/lib/python3.12/site-packages/airflow/example_dags/example_kubernetes_executor.py for tasks to queue
[2025-03-07T02:53:53.738+0000] {logging_mixin.py:190} INFO - [2025-03-07T02:53:53.738+0000] {dagbag.py:588} INFO - Filling up the DagBag from /home/Ashreem/airflow-env/lib/python3.12/site-packages/airflow/example_dags/example_kubernetes_executor.py
[2025-03-07T02:53:53.742+0000] {logging_mixin.py:190} INFO - [2025-03-07T02:53:53.742+0000] {example_kubernetes_executor.py:39} WARNING - The example_kubernetes_executor example DAG requires the kubernetes provider. Please install it with: pip install apache-airflow[cncf.kubernetes]
[2025-03-07T02:53:53.742+0000] {processor.py:927} WARNING - No viable dags retrieved from /home/Ashreem/airflow-env/lib/python3.12/site-packages/airflow/example_dags/example_kubernetes_executor.py
[2025-03-07T02:53:53.756+0000] {processor.py:208} INFO - Processing /home/Ashreem/airflow-env/lib/python3.12/site-packages/airflow/example_dags/example_kubernetes_executor.py took 0.029 seconds
[2025-03-07T02:54:54.996+0000] {processor.py:186} INFO - Started process (PID=47723) to work on /home/Ashreem/airflow-env/lib/python3.12/site-packages/airflow/example_dags/example_kubernetes_executor.py
[2025-03-07T02:54:54.998+0000] {processor.py:914} INFO - Processing file /home/Ashreem/airflow-env/lib/python3.12/site-packages/airflow/example_dags/example_kubernetes_executor.py for tasks to queue
[2025-03-07T02:54:55.001+0000] {logging_mixin.py:190} INFO - [2025-03-07T02:54:55.000+0000] {dagbag.py:588} INFO - Filling up the DagBag from /home/Ashreem/airflow-env/lib/python3.12/site-packages/airflow/example_dags/example_kubernetes_executor.py
[2025-03-07T02:54:55.006+0000] {logging_mixin.py:190} INFO - [2025-03-07T02:54:55.006+0000] {example_kubernetes_executor.py:39} WARNING - The example_kubernetes_executor example DAG requires the kubernetes provider. Please install it with: pip install apache-airflow[cncf.kubernetes]
[2025-03-07T02:54:55.007+0000] {processor.py:927} WARNING - No viable dags retrieved from /home/Ashreem/airflow-env/lib/python3.12/site-packages/airflow/example_dags/example_kubernetes_executor.py
[2025-03-07T02:54:55.020+0000] {processor.py:208} INFO - Processing /home/Ashreem/airflow-env/lib/python3.12/site-packages/airflow/example_dags/example_kubernetes_executor.py took 0.031 seconds
[2025-03-07T02:55:58.656+0000] {processor.py:186} INFO - Started process (PID=47854) to work on /home/Ashreem/airflow-env/lib/python3.12/site-packages/airflow/example_dags/example_kubernetes_executor.py
[2025-03-07T02:55:58.657+0000] {processor.py:914} INFO - Processing file /home/Ashreem/airflow-env/lib/python3.12/site-packages/airflow/example_dags/example_kubernetes_executor.py for tasks to queue
[2025-03-07T02:55:58.660+0000] {logging_mixin.py:190} INFO - [2025-03-07T02:55:58.659+0000] {dagbag.py:588} INFO - Filling up the DagBag from /home/Ashreem/airflow-env/lib/python3.12/site-packages/airflow/example_dags/example_kubernetes_executor.py
[2025-03-07T02:55:58.664+0000] {logging_mixin.py:190} INFO - [2025-03-07T02:55:58.664+0000] {example_kubernetes_executor.py:39} WARNING - The example_kubernetes_executor example DAG requires the kubernetes provider. Please install it with: pip install apache-airflow[cncf.kubernetes]
[2025-03-07T02:55:58.664+0000] {processor.py:927} WARNING - No viable dags retrieved from /home/Ashreem/airflow-env/lib/python3.12/site-packages/airflow/example_dags/example_kubernetes_executor.py
[2025-03-07T02:55:58.679+0000] {processor.py:208} INFO - Processing /home/Ashreem/airflow-env/lib/python3.12/site-packages/airflow/example_dags/example_kubernetes_executor.py took 0.031 seconds
[2025-03-07T02:56:56.263+0000] {processor.py:186} INFO - Started process (PID=47976) to work on /home/Ashreem/airflow-env/lib/python3.12/site-packages/airflow/example_dags/example_kubernetes_executor.py
[2025-03-07T02:56:56.264+0000] {processor.py:914} INFO - Processing file /home/Ashreem/airflow-env/lib/python3.12/site-packages/airflow/example_dags/example_kubernetes_executor.py for tasks to queue
[2025-03-07T02:56:56.267+0000] {logging_mixin.py:190} INFO - [2025-03-07T02:56:56.266+0000] {dagbag.py:588} INFO - Filling up the DagBag from /home/Ashreem/airflow-env/lib/python3.12/site-packages/airflow/example_dags/example_kubernetes_executor.py
[2025-03-07T02:56:56.271+0000] {logging_mixin.py:190} INFO - [2025-03-07T02:56:56.270+0000] {example_kubernetes_executor.py:39} WARNING - The example_kubernetes_executor example DAG requires the kubernetes provider. Please install it with: pip install apache-airflow[cncf.kubernetes]
[2025-03-07T02:56:56.271+0000] {processor.py:927} WARNING - No viable dags retrieved from /home/Ashreem/airflow-env/lib/python3.12/site-packages/airflow/example_dags/example_kubernetes_executor.py
[2025-03-07T02:56:56.284+0000] {processor.py:208} INFO - Processing /home/Ashreem/airflow-env/lib/python3.12/site-packages/airflow/example_dags/example_kubernetes_executor.py took 0.028 seconds
[2025-03-07T02:57:05.780+0000] {processor.py:186} INFO - Started process (PID=47994) to work on /home/Ashreem/airflow-env/lib/python3.12/site-packages/airflow/example_dags/example_kubernetes_executor.py
[2025-03-07T02:57:05.782+0000] {processor.py:914} INFO - Processing file /home/Ashreem/airflow-env/lib/python3.12/site-packages/airflow/example_dags/example_kubernetes_executor.py for tasks to queue
[2025-03-07T02:57:05.786+0000] {logging_mixin.py:190} INFO - [2025-03-07T02:57:05.785+0000] {dagbag.py:588} INFO - Filling up the DagBag from /home/Ashreem/airflow-env/lib/python3.12/site-packages/airflow/example_dags/example_kubernetes_executor.py
[2025-03-07T02:57:05.790+0000] {logging_mixin.py:190} INFO - [2025-03-07T02:57:05.790+0000] {example_kubernetes_executor.py:39} WARNING - The example_kubernetes_executor example DAG requires the kubernetes provider. Please install it with: pip install apache-airflow[cncf.kubernetes]
[2025-03-07T02:57:05.791+0000] {processor.py:927} WARNING - No viable dags retrieved from /home/Ashreem/airflow-env/lib/python3.12/site-packages/airflow/example_dags/example_kubernetes_executor.py
[2025-03-07T02:57:05.805+0000] {processor.py:208} INFO - Processing /home/Ashreem/airflow-env/lib/python3.12/site-packages/airflow/example_dags/example_kubernetes_executor.py took 0.032 seconds
[2025-03-07T02:58:08.044+0000] {processor.py:186} INFO - Started process (PID=48075) to work on /home/Ashreem/airflow-env/lib/python3.12/site-packages/airflow/example_dags/example_kubernetes_executor.py
[2025-03-07T02:58:08.046+0000] {processor.py:914} INFO - Processing file /home/Ashreem/airflow-env/lib/python3.12/site-packages/airflow/example_dags/example_kubernetes_executor.py for tasks to queue
[2025-03-07T02:58:08.051+0000] {logging_mixin.py:190} INFO - [2025-03-07T02:58:08.050+0000] {dagbag.py:588} INFO - Filling up the DagBag from /home/Ashreem/airflow-env/lib/python3.12/site-packages/airflow/example_dags/example_kubernetes_executor.py
[2025-03-07T02:58:08.055+0000] {logging_mixin.py:190} INFO - [2025-03-07T02:58:08.055+0000] {example_kubernetes_executor.py:39} WARNING - The example_kubernetes_executor example DAG requires the kubernetes provider. Please install it with: pip install apache-airflow[cncf.kubernetes]
[2025-03-07T02:58:08.055+0000] {processor.py:927} WARNING - No viable dags retrieved from /home/Ashreem/airflow-env/lib/python3.12/site-packages/airflow/example_dags/example_kubernetes_executor.py
[2025-03-07T02:58:08.070+0000] {processor.py:208} INFO - Processing /home/Ashreem/airflow-env/lib/python3.12/site-packages/airflow/example_dags/example_kubernetes_executor.py took 0.033 seconds
[2025-03-07T02:59:15.615+0000] {processor.py:186} INFO - Started process (PID=48183) to work on /home/Ashreem/airflow-env/lib/python3.12/site-packages/airflow/example_dags/example_kubernetes_executor.py
[2025-03-07T02:59:15.617+0000] {processor.py:914} INFO - Processing file /home/Ashreem/airflow-env/lib/python3.12/site-packages/airflow/example_dags/example_kubernetes_executor.py for tasks to queue
[2025-03-07T02:59:15.620+0000] {logging_mixin.py:190} INFO - [2025-03-07T02:59:15.619+0000] {dagbag.py:588} INFO - Filling up the DagBag from /home/Ashreem/airflow-env/lib/python3.12/site-packages/airflow/example_dags/example_kubernetes_executor.py
[2025-03-07T02:59:15.624+0000] {logging_mixin.py:190} INFO - [2025-03-07T02:59:15.624+0000] {example_kubernetes_executor.py:39} WARNING - The example_kubernetes_executor example DAG requires the kubernetes provider. Please install it with: pip install apache-airflow[cncf.kubernetes]
[2025-03-07T02:59:15.625+0000] {processor.py:927} WARNING - No viable dags retrieved from /home/Ashreem/airflow-env/lib/python3.12/site-packages/airflow/example_dags/example_kubernetes_executor.py
[2025-03-07T02:59:15.639+0000] {processor.py:208} INFO - Processing /home/Ashreem/airflow-env/lib/python3.12/site-packages/airflow/example_dags/example_kubernetes_executor.py took 0.032 seconds
[2025-03-07T03:00:22.196+0000] {processor.py:186} INFO - Started process (PID=48304) to work on /home/Ashreem/airflow-env/lib/python3.12/site-packages/airflow/example_dags/example_kubernetes_executor.py
[2025-03-07T03:00:22.198+0000] {processor.py:914} INFO - Processing file /home/Ashreem/airflow-env/lib/python3.12/site-packages/airflow/example_dags/example_kubernetes_executor.py for tasks to queue
[2025-03-07T03:00:22.203+0000] {logging_mixin.py:190} INFO - [2025-03-07T03:00:22.201+0000] {dagbag.py:588} INFO - Filling up the DagBag from /home/Ashreem/airflow-env/lib/python3.12/site-packages/airflow/example_dags/example_kubernetes_executor.py
[2025-03-07T03:00:22.207+0000] {logging_mixin.py:190} INFO - [2025-03-07T03:00:22.207+0000] {example_kubernetes_executor.py:39} WARNING - The example_kubernetes_executor example DAG requires the kubernetes provider. Please install it with: pip install apache-airflow[cncf.kubernetes]
[2025-03-07T03:00:22.208+0000] {processor.py:927} WARNING - No viable dags retrieved from /home/Ashreem/airflow-env/lib/python3.12/site-packages/airflow/example_dags/example_kubernetes_executor.py
[2025-03-07T03:00:22.221+0000] {processor.py:208} INFO - Processing /home/Ashreem/airflow-env/lib/python3.12/site-packages/airflow/example_dags/example_kubernetes_executor.py took 0.035 seconds
[2025-03-07T03:01:25.512+0000] {processor.py:186} INFO - Started process (PID=48376) to work on /home/Ashreem/airflow-env/lib/python3.12/site-packages/airflow/example_dags/example_kubernetes_executor.py
[2025-03-07T03:01:25.514+0000] {processor.py:914} INFO - Processing file /home/Ashreem/airflow-env/lib/python3.12/site-packages/airflow/example_dags/example_kubernetes_executor.py for tasks to queue
[2025-03-07T03:01:25.516+0000] {logging_mixin.py:190} INFO - [2025-03-07T03:01:25.516+0000] {dagbag.py:588} INFO - Filling up the DagBag from /home/Ashreem/airflow-env/lib/python3.12/site-packages/airflow/example_dags/example_kubernetes_executor.py
[2025-03-07T03:01:25.521+0000] {logging_mixin.py:190} INFO - [2025-03-07T03:01:25.521+0000] {example_kubernetes_executor.py:39} WARNING - The example_kubernetes_executor example DAG requires the kubernetes provider. Please install it with: pip install apache-airflow[cncf.kubernetes]
[2025-03-07T03:01:25.521+0000] {processor.py:927} WARNING - No viable dags retrieved from /home/Ashreem/airflow-env/lib/python3.12/site-packages/airflow/example_dags/example_kubernetes_executor.py
[2025-03-07T03:01:25.539+0000] {processor.py:208} INFO - Processing /home/Ashreem/airflow-env/lib/python3.12/site-packages/airflow/example_dags/example_kubernetes_executor.py took 0.034 seconds
[2025-03-07T03:02:28.538+0000] {processor.py:186} INFO - Started process (PID=48508) to work on /home/Ashreem/airflow-env/lib/python3.12/site-packages/airflow/example_dags/example_kubernetes_executor.py
[2025-03-07T03:02:28.540+0000] {processor.py:914} INFO - Processing file /home/Ashreem/airflow-env/lib/python3.12/site-packages/airflow/example_dags/example_kubernetes_executor.py for tasks to queue
[2025-03-07T03:02:28.543+0000] {logging_mixin.py:190} INFO - [2025-03-07T03:02:28.543+0000] {dagbag.py:588} INFO - Filling up the DagBag from /home/Ashreem/airflow-env/lib/python3.12/site-packages/airflow/example_dags/example_kubernetes_executor.py
[2025-03-07T03:02:28.547+0000] {logging_mixin.py:190} INFO - [2025-03-07T03:02:28.547+0000] {example_kubernetes_executor.py:39} WARNING - The example_kubernetes_executor example DAG requires the kubernetes provider. Please install it with: pip install apache-airflow[cncf.kubernetes]
[2025-03-07T03:02:28.548+0000] {processor.py:927} WARNING - No viable dags retrieved from /home/Ashreem/airflow-env/lib/python3.12/site-packages/airflow/example_dags/example_kubernetes_executor.py
[2025-03-07T03:02:28.565+0000] {processor.py:208} INFO - Processing /home/Ashreem/airflow-env/lib/python3.12/site-packages/airflow/example_dags/example_kubernetes_executor.py took 0.035 seconds
[2025-03-07T03:04:08.598+0000] {processor.py:186} INFO - Started process (PID=48641) to work on /home/Ashreem/airflow-env/lib/python3.12/site-packages/airflow/example_dags/example_kubernetes_executor.py
[2025-03-07T03:04:08.600+0000] {processor.py:914} INFO - Processing file /home/Ashreem/airflow-env/lib/python3.12/site-packages/airflow/example_dags/example_kubernetes_executor.py for tasks to queue
[2025-03-07T03:04:08.603+0000] {logging_mixin.py:190} INFO - [2025-03-07T03:04:08.602+0000] {dagbag.py:588} INFO - Filling up the DagBag from /home/Ashreem/airflow-env/lib/python3.12/site-packages/airflow/example_dags/example_kubernetes_executor.py
[2025-03-07T03:04:08.606+0000] {logging_mixin.py:190} INFO - [2025-03-07T03:04:08.606+0000] {example_kubernetes_executor.py:39} WARNING - The example_kubernetes_executor example DAG requires the kubernetes provider. Please install it with: pip install apache-airflow[cncf.kubernetes]
[2025-03-07T03:04:08.607+0000] {processor.py:927} WARNING - No viable dags retrieved from /home/Ashreem/airflow-env/lib/python3.12/site-packages/airflow/example_dags/example_kubernetes_executor.py
[2025-03-07T03:04:08.619+0000] {processor.py:208} INFO - Processing /home/Ashreem/airflow-env/lib/python3.12/site-packages/airflow/example_dags/example_kubernetes_executor.py took 0.029 seconds
[2025-03-07T03:05:11.607+0000] {processor.py:186} INFO - Started process (PID=48713) to work on /home/Ashreem/airflow-env/lib/python3.12/site-packages/airflow/example_dags/example_kubernetes_executor.py
[2025-03-07T03:05:11.609+0000] {processor.py:914} INFO - Processing file /home/Ashreem/airflow-env/lib/python3.12/site-packages/airflow/example_dags/example_kubernetes_executor.py for tasks to queue
[2025-03-07T03:05:11.612+0000] {logging_mixin.py:190} INFO - [2025-03-07T03:05:11.611+0000] {dagbag.py:588} INFO - Filling up the DagBag from /home/Ashreem/airflow-env/lib/python3.12/site-packages/airflow/example_dags/example_kubernetes_executor.py
[2025-03-07T03:05:11.616+0000] {logging_mixin.py:190} INFO - [2025-03-07T03:05:11.615+0000] {example_kubernetes_executor.py:39} WARNING - The example_kubernetes_executor example DAG requires the kubernetes provider. Please install it with: pip install apache-airflow[cncf.kubernetes]
[2025-03-07T03:05:11.616+0000] {processor.py:927} WARNING - No viable dags retrieved from /home/Ashreem/airflow-env/lib/python3.12/site-packages/airflow/example_dags/example_kubernetes_executor.py
[2025-03-07T03:05:11.629+0000] {processor.py:208} INFO - Processing /home/Ashreem/airflow-env/lib/python3.12/site-packages/airflow/example_dags/example_kubernetes_executor.py took 0.029 seconds
[2025-03-07T03:06:15.479+0000] {processor.py:186} INFO - Started process (PID=48962) to work on /home/Ashreem/airflow-env/lib/python3.12/site-packages/airflow/example_dags/example_kubernetes_executor.py
[2025-03-07T03:06:15.481+0000] {processor.py:914} INFO - Processing file /home/Ashreem/airflow-env/lib/python3.12/site-packages/airflow/example_dags/example_kubernetes_executor.py for tasks to queue
[2025-03-07T03:06:15.484+0000] {logging_mixin.py:190} INFO - [2025-03-07T03:06:15.483+0000] {dagbag.py:588} INFO - Filling up the DagBag from /home/Ashreem/airflow-env/lib/python3.12/site-packages/airflow/example_dags/example_kubernetes_executor.py
[2025-03-07T03:06:15.488+0000] {logging_mixin.py:190} INFO - [2025-03-07T03:06:15.488+0000] {example_kubernetes_executor.py:39} WARNING - The example_kubernetes_executor example DAG requires the kubernetes provider. Please install it with: pip install apache-airflow[cncf.kubernetes]
[2025-03-07T03:06:15.489+0000] {processor.py:927} WARNING - No viable dags retrieved from /home/Ashreem/airflow-env/lib/python3.12/site-packages/airflow/example_dags/example_kubernetes_executor.py
[2025-03-07T03:06:15.503+0000] {processor.py:208} INFO - Processing /home/Ashreem/airflow-env/lib/python3.12/site-packages/airflow/example_dags/example_kubernetes_executor.py took 0.035 seconds
[2025-03-07T03:08:24.379+0000] {processor.py:186} INFO - Started process (PID=49108) to work on /home/Ashreem/airflow-env/lib/python3.12/site-packages/airflow/example_dags/example_kubernetes_executor.py
[2025-03-07T03:08:24.380+0000] {processor.py:914} INFO - Processing file /home/Ashreem/airflow-env/lib/python3.12/site-packages/airflow/example_dags/example_kubernetes_executor.py for tasks to queue
[2025-03-07T03:08:24.383+0000] {logging_mixin.py:190} INFO - [2025-03-07T03:08:24.382+0000] {dagbag.py:588} INFO - Filling up the DagBag from /home/Ashreem/airflow-env/lib/python3.12/site-packages/airflow/example_dags/example_kubernetes_executor.py
[2025-03-07T03:08:24.388+0000] {logging_mixin.py:190} INFO - [2025-03-07T03:08:24.387+0000] {example_kubernetes_executor.py:39} WARNING - The example_kubernetes_executor example DAG requires the kubernetes provider. Please install it with: pip install apache-airflow[cncf.kubernetes]
[2025-03-07T03:08:24.389+0000] {processor.py:927} WARNING - No viable dags retrieved from /home/Ashreem/airflow-env/lib/python3.12/site-packages/airflow/example_dags/example_kubernetes_executor.py
[2025-03-07T03:08:24.402+0000] {processor.py:208} INFO - Processing /home/Ashreem/airflow-env/lib/python3.12/site-packages/airflow/example_dags/example_kubernetes_executor.py took 0.030 seconds
[2025-03-07T03:09:27.391+0000] {processor.py:186} INFO - Started process (PID=49179) to work on /home/Ashreem/airflow-env/lib/python3.12/site-packages/airflow/example_dags/example_kubernetes_executor.py
[2025-03-07T03:09:27.393+0000] {processor.py:914} INFO - Processing file /home/Ashreem/airflow-env/lib/python3.12/site-packages/airflow/example_dags/example_kubernetes_executor.py for tasks to queue
[2025-03-07T03:09:27.395+0000] {logging_mixin.py:190} INFO - [2025-03-07T03:09:27.395+0000] {dagbag.py:588} INFO - Filling up the DagBag from /home/Ashreem/airflow-env/lib/python3.12/site-packages/airflow/example_dags/example_kubernetes_executor.py
[2025-03-07T03:09:27.399+0000] {logging_mixin.py:190} INFO - [2025-03-07T03:09:27.399+0000] {example_kubernetes_executor.py:39} WARNING - The example_kubernetes_executor example DAG requires the kubernetes provider. Please install it with: pip install apache-airflow[cncf.kubernetes]
[2025-03-07T03:09:27.399+0000] {processor.py:927} WARNING - No viable dags retrieved from /home/Ashreem/airflow-env/lib/python3.12/site-packages/airflow/example_dags/example_kubernetes_executor.py
[2025-03-07T03:09:27.411+0000] {processor.py:208} INFO - Processing /home/Ashreem/airflow-env/lib/python3.12/site-packages/airflow/example_dags/example_kubernetes_executor.py took 0.028 seconds
