[2025-03-07T02:30:35.436+0000] {processor.py:186} INFO - Started process (PID=45986) to work on /home/Ashreem/airflow-env/lib/python3.12/site-packages/airflow/example_dags/example_setup_teardown_taskflow.py
[2025-03-07T02:30:35.437+0000] {processor.py:914} INFO - Processing file /home/Ashreem/airflow-env/lib/python3.12/site-packages/airflow/example_dags/example_setup_teardown_taskflow.py for tasks to queue
[2025-03-07T02:30:35.440+0000] {logging_mixin.py:190} INFO - [2025-03-07T02:30:35.439+0000] {dagbag.py:588} INFO - Filling up the DagBag from /home/Ashreem/airflow-env/lib/python3.12/site-packages/airflow/example_dags/example_setup_teardown_taskflow.py
[2025-03-07T02:30:35.456+0000] {processor.py:925} INFO - DAG(s) 'example_setup_teardown_taskflow' retrieved from /home/Ashreem/airflow-env/lib/python3.12/site-packages/airflow/example_dags/example_setup_teardown_taskflow.py
[2025-03-07T02:30:35.620+0000] {logging_mixin.py:190} INFO - [2025-03-07T02:30:35.620+0000] {override.py:1930} INFO - Created Permission View: can read on DAG:example_setup_teardown_taskflow
[2025-03-07T02:30:35.645+0000] {logging_mixin.py:190} INFO - [2025-03-07T02:30:35.645+0000] {override.py:1930} INFO - Created Permission View: can delete on DAG:example_setup_teardown_taskflow
[2025-03-07T02:30:35.668+0000] {logging_mixin.py:190} INFO - [2025-03-07T02:30:35.668+0000] {override.py:1930} INFO - Created Permission View: can edit on DAG:example_setup_teardown_taskflow
[2025-03-07T02:30:35.713+0000] {logging_mixin.py:190} INFO - [2025-03-07T02:30:35.711+0000] {override.py:1930} INFO - Created Permission View: can read on DAG Run:example_setup_teardown_taskflow
[2025-03-07T02:30:35.735+0000] {logging_mixin.py:190} INFO - [2025-03-07T02:30:35.734+0000] {override.py:1930} INFO - Created Permission View: can delete on DAG Run:example_setup_teardown_taskflow
[2025-03-07T02:30:35.758+0000] {logging_mixin.py:190} INFO - [2025-03-07T02:30:35.758+0000] {override.py:1930} INFO - Created Permission View: menu access on DAG Run:example_setup_teardown_taskflow
[2025-03-07T02:30:35.780+0000] {logging_mixin.py:190} INFO - [2025-03-07T02:30:35.780+0000] {override.py:1930} INFO - Created Permission View: can create on DAG Run:example_setup_teardown_taskflow
[2025-03-07T02:30:35.781+0000] {logging_mixin.py:190} INFO - [2025-03-07T02:30:35.781+0000] {dag.py:3239} INFO - Sync 1 DAGs
[2025-03-07T02:30:35.797+0000] {logging_mixin.py:190} INFO - [2025-03-07T02:30:35.797+0000] {dag.py:3262} INFO - Creating ORM DAG for example_setup_teardown_taskflow
[2025-03-07T02:30:35.798+0000] {logging_mixin.py:190} INFO - [2025-03-07T02:30:35.798+0000] {dag.py:4180} INFO - Setting next_dagrun for example_setup_teardown_taskflow to None, run_after=None
[2025-03-07T02:30:35.834+0000] {processor.py:208} INFO - Processing /home/Ashreem/airflow-env/lib/python3.12/site-packages/airflow/example_dags/example_setup_teardown_taskflow.py took 0.405 seconds
[2025-03-07T02:33:14.225+0000] {processor.py:186} INFO - Started process (PID=46091) to work on /home/Ashreem/airflow-env/lib/python3.12/site-packages/airflow/example_dags/example_setup_teardown_taskflow.py
[2025-03-07T02:33:14.226+0000] {processor.py:914} INFO - Processing file /home/Ashreem/airflow-env/lib/python3.12/site-packages/airflow/example_dags/example_setup_teardown_taskflow.py for tasks to queue
[2025-03-07T02:33:14.232+0000] {logging_mixin.py:190} INFO - [2025-03-07T02:33:14.231+0000] {dagbag.py:588} INFO - Filling up the DagBag from /home/Ashreem/airflow-env/lib/python3.12/site-packages/airflow/example_dags/example_setup_teardown_taskflow.py
[2025-03-07T02:33:14.246+0000] {processor.py:925} INFO - DAG(s) 'example_setup_teardown_taskflow' retrieved from /home/Ashreem/airflow-env/lib/python3.12/site-packages/airflow/example_dags/example_setup_teardown_taskflow.py
[2025-03-07T02:33:14.276+0000] {logging_mixin.py:190} INFO - [2025-03-07T02:33:14.276+0000] {dag.py:3239} INFO - Sync 1 DAGs
[2025-03-07T02:33:14.294+0000] {logging_mixin.py:190} INFO - [2025-03-07T02:33:14.294+0000] {dag.py:4180} INFO - Setting next_dagrun for example_setup_teardown_taskflow to None, run_after=None
[2025-03-07T02:33:14.330+0000] {processor.py:208} INFO - Processing /home/Ashreem/airflow-env/lib/python3.12/site-packages/airflow/example_dags/example_setup_teardown_taskflow.py took 0.112 seconds
[2025-03-07T02:34:18.795+0000] {processor.py:186} INFO - Started process (PID=46423) to work on /home/Ashreem/airflow-env/lib/python3.12/site-packages/airflow/example_dags/example_setup_teardown_taskflow.py
[2025-03-07T02:34:18.796+0000] {processor.py:914} INFO - Processing file /home/Ashreem/airflow-env/lib/python3.12/site-packages/airflow/example_dags/example_setup_teardown_taskflow.py for tasks to queue
[2025-03-07T02:34:18.799+0000] {logging_mixin.py:190} INFO - [2025-03-07T02:34:18.799+0000] {dagbag.py:588} INFO - Filling up the DagBag from /home/Ashreem/airflow-env/lib/python3.12/site-packages/airflow/example_dags/example_setup_teardown_taskflow.py
[2025-03-07T02:34:18.814+0000] {processor.py:925} INFO - DAG(s) 'example_setup_teardown_taskflow' retrieved from /home/Ashreem/airflow-env/lib/python3.12/site-packages/airflow/example_dags/example_setup_teardown_taskflow.py
[2025-03-07T02:34:18.837+0000] {logging_mixin.py:190} INFO - [2025-03-07T02:34:18.836+0000] {dag.py:3239} INFO - Sync 1 DAGs
[2025-03-07T02:34:18.857+0000] {logging_mixin.py:190} INFO - [2025-03-07T02:34:18.857+0000] {dag.py:4180} INFO - Setting next_dagrun for example_setup_teardown_taskflow to None, run_after=None
[2025-03-07T02:34:18.899+0000] {processor.py:208} INFO - Processing /home/Ashreem/airflow-env/lib/python3.12/site-packages/airflow/example_dags/example_setup_teardown_taskflow.py took 0.111 seconds
[2025-03-07T02:35:24.627+0000] {processor.py:186} INFO - Started process (PID=46489) to work on /home/Ashreem/airflow-env/lib/python3.12/site-packages/airflow/example_dags/example_setup_teardown_taskflow.py
[2025-03-07T02:35:24.628+0000] {processor.py:914} INFO - Processing file /home/Ashreem/airflow-env/lib/python3.12/site-packages/airflow/example_dags/example_setup_teardown_taskflow.py for tasks to queue
[2025-03-07T02:35:24.630+0000] {logging_mixin.py:190} INFO - [2025-03-07T02:35:24.630+0000] {dagbag.py:588} INFO - Filling up the DagBag from /home/Ashreem/airflow-env/lib/python3.12/site-packages/airflow/example_dags/example_setup_teardown_taskflow.py
[2025-03-07T02:35:24.645+0000] {processor.py:925} INFO - DAG(s) 'example_setup_teardown_taskflow' retrieved from /home/Ashreem/airflow-env/lib/python3.12/site-packages/airflow/example_dags/example_setup_teardown_taskflow.py
[2025-03-07T02:35:24.675+0000] {logging_mixin.py:190} INFO - [2025-03-07T02:35:24.675+0000] {dag.py:3239} INFO - Sync 1 DAGs
[2025-03-07T02:35:24.695+0000] {logging_mixin.py:190} INFO - [2025-03-07T02:35:24.695+0000] {dag.py:4180} INFO - Setting next_dagrun for example_setup_teardown_taskflow to None, run_after=None
[2025-03-07T02:35:24.735+0000] {processor.py:208} INFO - Processing /home/Ashreem/airflow-env/lib/python3.12/site-packages/airflow/example_dags/example_setup_teardown_taskflow.py took 0.116 seconds
[2025-03-07T02:36:32.570+0000] {processor.py:186} INFO - Started process (PID=46558) to work on /home/Ashreem/airflow-env/lib/python3.12/site-packages/airflow/example_dags/example_setup_teardown_taskflow.py
[2025-03-07T02:36:32.572+0000] {processor.py:914} INFO - Processing file /home/Ashreem/airflow-env/lib/python3.12/site-packages/airflow/example_dags/example_setup_teardown_taskflow.py for tasks to queue
[2025-03-07T02:36:32.574+0000] {logging_mixin.py:190} INFO - [2025-03-07T02:36:32.574+0000] {dagbag.py:588} INFO - Filling up the DagBag from /home/Ashreem/airflow-env/lib/python3.12/site-packages/airflow/example_dags/example_setup_teardown_taskflow.py
[2025-03-07T02:36:32.589+0000] {processor.py:925} INFO - DAG(s) 'example_setup_teardown_taskflow' retrieved from /home/Ashreem/airflow-env/lib/python3.12/site-packages/airflow/example_dags/example_setup_teardown_taskflow.py
[2025-03-07T02:36:32.614+0000] {logging_mixin.py:190} INFO - [2025-03-07T02:36:32.614+0000] {dag.py:3239} INFO - Sync 1 DAGs
[2025-03-07T02:36:32.631+0000] {logging_mixin.py:190} INFO - [2025-03-07T02:36:32.630+0000] {dag.py:4180} INFO - Setting next_dagrun for example_setup_teardown_taskflow to None, run_after=None
[2025-03-07T02:36:32.668+0000] {processor.py:208} INFO - Processing /home/Ashreem/airflow-env/lib/python3.12/site-packages/airflow/example_dags/example_setup_teardown_taskflow.py took 0.106 seconds
[2025-03-07T02:37:36.893+0000] {processor.py:186} INFO - Started process (PID=46622) to work on /home/Ashreem/airflow-env/lib/python3.12/site-packages/airflow/example_dags/example_setup_teardown_taskflow.py
[2025-03-07T02:37:36.894+0000] {processor.py:914} INFO - Processing file /home/Ashreem/airflow-env/lib/python3.12/site-packages/airflow/example_dags/example_setup_teardown_taskflow.py for tasks to queue
[2025-03-07T02:37:36.897+0000] {logging_mixin.py:190} INFO - [2025-03-07T02:37:36.896+0000] {dagbag.py:588} INFO - Filling up the DagBag from /home/Ashreem/airflow-env/lib/python3.12/site-packages/airflow/example_dags/example_setup_teardown_taskflow.py
[2025-03-07T02:37:36.912+0000] {processor.py:925} INFO - DAG(s) 'example_setup_teardown_taskflow' retrieved from /home/Ashreem/airflow-env/lib/python3.12/site-packages/airflow/example_dags/example_setup_teardown_taskflow.py
[2025-03-07T02:37:36.933+0000] {logging_mixin.py:190} INFO - [2025-03-07T02:37:36.933+0000] {dag.py:3239} INFO - Sync 1 DAGs
[2025-03-07T02:37:36.947+0000] {logging_mixin.py:190} INFO - [2025-03-07T02:37:36.946+0000] {dag.py:4180} INFO - Setting next_dagrun for example_setup_teardown_taskflow to None, run_after=None
[2025-03-07T02:37:36.982+0000] {processor.py:208} INFO - Processing /home/Ashreem/airflow-env/lib/python3.12/site-packages/airflow/example_dags/example_setup_teardown_taskflow.py took 0.096 seconds
[2025-03-07T02:38:39.075+0000] {processor.py:186} INFO - Started process (PID=46691) to work on /home/Ashreem/airflow-env/lib/python3.12/site-packages/airflow/example_dags/example_setup_teardown_taskflow.py
[2025-03-07T02:38:39.077+0000] {processor.py:914} INFO - Processing file /home/Ashreem/airflow-env/lib/python3.12/site-packages/airflow/example_dags/example_setup_teardown_taskflow.py for tasks to queue
[2025-03-07T02:38:39.081+0000] {logging_mixin.py:190} INFO - [2025-03-07T02:38:39.080+0000] {dagbag.py:588} INFO - Filling up the DagBag from /home/Ashreem/airflow-env/lib/python3.12/site-packages/airflow/example_dags/example_setup_teardown_taskflow.py
[2025-03-07T02:38:39.101+0000] {processor.py:925} INFO - DAG(s) 'example_setup_teardown_taskflow' retrieved from /home/Ashreem/airflow-env/lib/python3.12/site-packages/airflow/example_dags/example_setup_teardown_taskflow.py
[2025-03-07T02:38:39.127+0000] {logging_mixin.py:190} INFO - [2025-03-07T02:38:39.126+0000] {dag.py:3239} INFO - Sync 1 DAGs
[2025-03-07T02:38:39.144+0000] {logging_mixin.py:190} INFO - [2025-03-07T02:38:39.144+0000] {dag.py:4180} INFO - Setting next_dagrun for example_setup_teardown_taskflow to None, run_after=None
[2025-03-07T02:38:39.192+0000] {processor.py:208} INFO - Processing /home/Ashreem/airflow-env/lib/python3.12/site-packages/airflow/example_dags/example_setup_teardown_taskflow.py took 0.125 seconds
[2025-03-07T02:39:42.409+0000] {processor.py:186} INFO - Started process (PID=46753) to work on /home/Ashreem/airflow-env/lib/python3.12/site-packages/airflow/example_dags/example_setup_teardown_taskflow.py
[2025-03-07T02:39:42.411+0000] {processor.py:914} INFO - Processing file /home/Ashreem/airflow-env/lib/python3.12/site-packages/airflow/example_dags/example_setup_teardown_taskflow.py for tasks to queue
[2025-03-07T02:39:42.413+0000] {logging_mixin.py:190} INFO - [2025-03-07T02:39:42.413+0000] {dagbag.py:588} INFO - Filling up the DagBag from /home/Ashreem/airflow-env/lib/python3.12/site-packages/airflow/example_dags/example_setup_teardown_taskflow.py
[2025-03-07T02:39:42.428+0000] {processor.py:925} INFO - DAG(s) 'example_setup_teardown_taskflow' retrieved from /home/Ashreem/airflow-env/lib/python3.12/site-packages/airflow/example_dags/example_setup_teardown_taskflow.py
[2025-03-07T02:39:42.449+0000] {logging_mixin.py:190} INFO - [2025-03-07T02:39:42.449+0000] {dag.py:3239} INFO - Sync 1 DAGs
[2025-03-07T02:39:42.464+0000] {logging_mixin.py:190} INFO - [2025-03-07T02:39:42.464+0000] {dag.py:4180} INFO - Setting next_dagrun for example_setup_teardown_taskflow to None, run_after=None
[2025-03-07T02:39:42.505+0000] {processor.py:208} INFO - Processing /home/Ashreem/airflow-env/lib/python3.12/site-packages/airflow/example_dags/example_setup_teardown_taskflow.py took 0.104 seconds
[2025-03-07T02:40:46.135+0000] {processor.py:186} INFO - Started process (PID=46818) to work on /home/Ashreem/airflow-env/lib/python3.12/site-packages/airflow/example_dags/example_setup_teardown_taskflow.py
[2025-03-07T02:40:46.137+0000] {processor.py:914} INFO - Processing file /home/Ashreem/airflow-env/lib/python3.12/site-packages/airflow/example_dags/example_setup_teardown_taskflow.py for tasks to queue
[2025-03-07T02:40:46.140+0000] {logging_mixin.py:190} INFO - [2025-03-07T02:40:46.139+0000] {dagbag.py:588} INFO - Filling up the DagBag from /home/Ashreem/airflow-env/lib/python3.12/site-packages/airflow/example_dags/example_setup_teardown_taskflow.py
[2025-03-07T02:40:46.156+0000] {processor.py:925} INFO - DAG(s) 'example_setup_teardown_taskflow' retrieved from /home/Ashreem/airflow-env/lib/python3.12/site-packages/airflow/example_dags/example_setup_teardown_taskflow.py
[2025-03-07T02:40:46.178+0000] {logging_mixin.py:190} INFO - [2025-03-07T02:40:46.177+0000] {dag.py:3239} INFO - Sync 1 DAGs
[2025-03-07T02:40:46.197+0000] {logging_mixin.py:190} INFO - [2025-03-07T02:40:46.196+0000] {dag.py:4180} INFO - Setting next_dagrun for example_setup_teardown_taskflow to None, run_after=None
[2025-03-07T02:40:46.236+0000] {processor.py:208} INFO - Processing /home/Ashreem/airflow-env/lib/python3.12/site-packages/airflow/example_dags/example_setup_teardown_taskflow.py took 0.109 seconds
[2025-03-07T02:41:48.247+0000] {processor.py:186} INFO - Started process (PID=46881) to work on /home/Ashreem/airflow-env/lib/python3.12/site-packages/airflow/example_dags/example_setup_teardown_taskflow.py
[2025-03-07T02:41:48.248+0000] {processor.py:914} INFO - Processing file /home/Ashreem/airflow-env/lib/python3.12/site-packages/airflow/example_dags/example_setup_teardown_taskflow.py for tasks to queue
[2025-03-07T02:41:48.251+0000] {logging_mixin.py:190} INFO - [2025-03-07T02:41:48.250+0000] {dagbag.py:588} INFO - Filling up the DagBag from /home/Ashreem/airflow-env/lib/python3.12/site-packages/airflow/example_dags/example_setup_teardown_taskflow.py
[2025-03-07T02:41:48.268+0000] {processor.py:925} INFO - DAG(s) 'example_setup_teardown_taskflow' retrieved from /home/Ashreem/airflow-env/lib/python3.12/site-packages/airflow/example_dags/example_setup_teardown_taskflow.py
[2025-03-07T02:41:48.290+0000] {logging_mixin.py:190} INFO - [2025-03-07T02:41:48.290+0000] {dag.py:3239} INFO - Sync 1 DAGs
[2025-03-07T02:41:48.308+0000] {logging_mixin.py:190} INFO - [2025-03-07T02:41:48.307+0000] {dag.py:4180} INFO - Setting next_dagrun for example_setup_teardown_taskflow to None, run_after=None
[2025-03-07T02:41:48.348+0000] {processor.py:208} INFO - Processing /home/Ashreem/airflow-env/lib/python3.12/site-packages/airflow/example_dags/example_setup_teardown_taskflow.py took 0.109 seconds
[2025-03-07T02:42:52.740+0000] {processor.py:186} INFO - Started process (PID=46948) to work on /home/Ashreem/airflow-env/lib/python3.12/site-packages/airflow/example_dags/example_setup_teardown_taskflow.py
[2025-03-07T02:42:52.742+0000] {processor.py:914} INFO - Processing file /home/Ashreem/airflow-env/lib/python3.12/site-packages/airflow/example_dags/example_setup_teardown_taskflow.py for tasks to queue
[2025-03-07T02:42:52.744+0000] {logging_mixin.py:190} INFO - [2025-03-07T02:42:52.744+0000] {dagbag.py:588} INFO - Filling up the DagBag from /home/Ashreem/airflow-env/lib/python3.12/site-packages/airflow/example_dags/example_setup_teardown_taskflow.py
[2025-03-07T02:42:52.762+0000] {processor.py:925} INFO - DAG(s) 'example_setup_teardown_taskflow' retrieved from /home/Ashreem/airflow-env/lib/python3.12/site-packages/airflow/example_dags/example_setup_teardown_taskflow.py
[2025-03-07T02:42:52.784+0000] {logging_mixin.py:190} INFO - [2025-03-07T02:42:52.784+0000] {dag.py:3239} INFO - Sync 1 DAGs
[2025-03-07T02:42:52.800+0000] {logging_mixin.py:190} INFO - [2025-03-07T02:42:52.800+0000] {dag.py:4180} INFO - Setting next_dagrun for example_setup_teardown_taskflow to None, run_after=None
[2025-03-07T02:42:52.842+0000] {processor.py:208} INFO - Processing /home/Ashreem/airflow-env/lib/python3.12/site-packages/airflow/example_dags/example_setup_teardown_taskflow.py took 0.110 seconds
[2025-03-07T02:43:57.461+0000] {processor.py:186} INFO - Started process (PID=47021) to work on /home/Ashreem/airflow-env/lib/python3.12/site-packages/airflow/example_dags/example_setup_teardown_taskflow.py
[2025-03-07T02:43:57.464+0000] {processor.py:914} INFO - Processing file /home/Ashreem/airflow-env/lib/python3.12/site-packages/airflow/example_dags/example_setup_teardown_taskflow.py for tasks to queue
[2025-03-07T02:43:57.470+0000] {logging_mixin.py:190} INFO - [2025-03-07T02:43:57.470+0000] {dagbag.py:588} INFO - Filling up the DagBag from /home/Ashreem/airflow-env/lib/python3.12/site-packages/airflow/example_dags/example_setup_teardown_taskflow.py
[2025-03-07T02:43:57.488+0000] {processor.py:925} INFO - DAG(s) 'example_setup_teardown_taskflow' retrieved from /home/Ashreem/airflow-env/lib/python3.12/site-packages/airflow/example_dags/example_setup_teardown_taskflow.py
[2025-03-07T02:43:57.514+0000] {logging_mixin.py:190} INFO - [2025-03-07T02:43:57.514+0000] {dag.py:3239} INFO - Sync 1 DAGs
[2025-03-07T02:43:57.532+0000] {logging_mixin.py:190} INFO - [2025-03-07T02:43:57.532+0000] {dag.py:4180} INFO - Setting next_dagrun for example_setup_teardown_taskflow to None, run_after=None
[2025-03-07T02:43:57.572+0000] {processor.py:208} INFO - Processing /home/Ashreem/airflow-env/lib/python3.12/site-packages/airflow/example_dags/example_setup_teardown_taskflow.py took 0.119 seconds
[2025-03-07T02:44:58.358+0000] {processor.py:186} INFO - Started process (PID=47096) to work on /home/Ashreem/airflow-env/lib/python3.12/site-packages/airflow/example_dags/example_setup_teardown_taskflow.py
[2025-03-07T02:44:58.360+0000] {processor.py:914} INFO - Processing file /home/Ashreem/airflow-env/lib/python3.12/site-packages/airflow/example_dags/example_setup_teardown_taskflow.py for tasks to queue
[2025-03-07T02:44:58.362+0000] {logging_mixin.py:190} INFO - [2025-03-07T02:44:58.362+0000] {dagbag.py:588} INFO - Filling up the DagBag from /home/Ashreem/airflow-env/lib/python3.12/site-packages/airflow/example_dags/example_setup_teardown_taskflow.py
[2025-03-07T02:44:58.376+0000] {processor.py:925} INFO - DAG(s) 'example_setup_teardown_taskflow' retrieved from /home/Ashreem/airflow-env/lib/python3.12/site-packages/airflow/example_dags/example_setup_teardown_taskflow.py
[2025-03-07T02:44:58.399+0000] {logging_mixin.py:190} INFO - [2025-03-07T02:44:58.398+0000] {dag.py:3239} INFO - Sync 1 DAGs
[2025-03-07T02:44:58.416+0000] {logging_mixin.py:190} INFO - [2025-03-07T02:44:58.416+0000] {dag.py:4180} INFO - Setting next_dagrun for example_setup_teardown_taskflow to None, run_after=None
[2025-03-07T02:44:58.454+0000] {processor.py:208} INFO - Processing /home/Ashreem/airflow-env/lib/python3.12/site-packages/airflow/example_dags/example_setup_teardown_taskflow.py took 0.104 seconds
[2025-03-07T02:46:03.105+0000] {processor.py:186} INFO - Started process (PID=47166) to work on /home/Ashreem/airflow-env/lib/python3.12/site-packages/airflow/example_dags/example_setup_teardown_taskflow.py
[2025-03-07T02:46:03.107+0000] {processor.py:914} INFO - Processing file /home/Ashreem/airflow-env/lib/python3.12/site-packages/airflow/example_dags/example_setup_teardown_taskflow.py for tasks to queue
[2025-03-07T02:46:03.110+0000] {logging_mixin.py:190} INFO - [2025-03-07T02:46:03.110+0000] {dagbag.py:588} INFO - Filling up the DagBag from /home/Ashreem/airflow-env/lib/python3.12/site-packages/airflow/example_dags/example_setup_teardown_taskflow.py
[2025-03-07T02:46:03.126+0000] {processor.py:925} INFO - DAG(s) 'example_setup_teardown_taskflow' retrieved from /home/Ashreem/airflow-env/lib/python3.12/site-packages/airflow/example_dags/example_setup_teardown_taskflow.py
[2025-03-07T02:46:03.149+0000] {logging_mixin.py:190} INFO - [2025-03-07T02:46:03.149+0000] {dag.py:3239} INFO - Sync 1 DAGs
[2025-03-07T02:46:03.167+0000] {logging_mixin.py:190} INFO - [2025-03-07T02:46:03.166+0000] {dag.py:4180} INFO - Setting next_dagrun for example_setup_teardown_taskflow to None, run_after=None
[2025-03-07T02:46:03.209+0000] {processor.py:208} INFO - Processing /home/Ashreem/airflow-env/lib/python3.12/site-packages/airflow/example_dags/example_setup_teardown_taskflow.py took 0.112 seconds
[2025-03-07T02:47:05.399+0000] {processor.py:186} INFO - Started process (PID=47227) to work on /home/Ashreem/airflow-env/lib/python3.12/site-packages/airflow/example_dags/example_setup_teardown_taskflow.py
[2025-03-07T02:47:05.401+0000] {processor.py:914} INFO - Processing file /home/Ashreem/airflow-env/lib/python3.12/site-packages/airflow/example_dags/example_setup_teardown_taskflow.py for tasks to queue
[2025-03-07T02:47:05.404+0000] {logging_mixin.py:190} INFO - [2025-03-07T02:47:05.404+0000] {dagbag.py:588} INFO - Filling up the DagBag from /home/Ashreem/airflow-env/lib/python3.12/site-packages/airflow/example_dags/example_setup_teardown_taskflow.py
[2025-03-07T02:47:05.420+0000] {processor.py:925} INFO - DAG(s) 'example_setup_teardown_taskflow' retrieved from /home/Ashreem/airflow-env/lib/python3.12/site-packages/airflow/example_dags/example_setup_teardown_taskflow.py
[2025-03-07T02:47:05.446+0000] {logging_mixin.py:190} INFO - [2025-03-07T02:47:05.446+0000] {dag.py:3239} INFO - Sync 1 DAGs
[2025-03-07T02:47:05.468+0000] {logging_mixin.py:190} INFO - [2025-03-07T02:47:05.467+0000] {dag.py:4180} INFO - Setting next_dagrun for example_setup_teardown_taskflow to None, run_after=None
[2025-03-07T02:47:05.508+0000] {processor.py:208} INFO - Processing /home/Ashreem/airflow-env/lib/python3.12/site-packages/airflow/example_dags/example_setup_teardown_taskflow.py took 0.115 seconds
[2025-03-07T02:48:11.991+0000] {processor.py:186} INFO - Started process (PID=47292) to work on /home/Ashreem/airflow-env/lib/python3.12/site-packages/airflow/example_dags/example_setup_teardown_taskflow.py
[2025-03-07T02:48:11.992+0000] {processor.py:914} INFO - Processing file /home/Ashreem/airflow-env/lib/python3.12/site-packages/airflow/example_dags/example_setup_teardown_taskflow.py for tasks to queue
[2025-03-07T02:48:11.995+0000] {logging_mixin.py:190} INFO - [2025-03-07T02:48:11.995+0000] {dagbag.py:588} INFO - Filling up the DagBag from /home/Ashreem/airflow-env/lib/python3.12/site-packages/airflow/example_dags/example_setup_teardown_taskflow.py
[2025-03-07T02:48:12.010+0000] {processor.py:925} INFO - DAG(s) 'example_setup_teardown_taskflow' retrieved from /home/Ashreem/airflow-env/lib/python3.12/site-packages/airflow/example_dags/example_setup_teardown_taskflow.py
[2025-03-07T02:48:12.033+0000] {logging_mixin.py:190} INFO - [2025-03-07T02:48:12.033+0000] {dag.py:3239} INFO - Sync 1 DAGs
[2025-03-07T02:48:12.049+0000] {logging_mixin.py:190} INFO - [2025-03-07T02:48:12.049+0000] {dag.py:4180} INFO - Setting next_dagrun for example_setup_teardown_taskflow to None, run_after=None
[2025-03-07T02:48:12.098+0000] {processor.py:208} INFO - Processing /home/Ashreem/airflow-env/lib/python3.12/site-packages/airflow/example_dags/example_setup_teardown_taskflow.py took 0.114 seconds
[2025-03-07T02:49:19.341+0000] {processor.py:186} INFO - Started process (PID=47370) to work on /home/Ashreem/airflow-env/lib/python3.12/site-packages/airflow/example_dags/example_setup_teardown_taskflow.py
[2025-03-07T02:49:19.343+0000] {processor.py:914} INFO - Processing file /home/Ashreem/airflow-env/lib/python3.12/site-packages/airflow/example_dags/example_setup_teardown_taskflow.py for tasks to queue
[2025-03-07T02:49:19.346+0000] {logging_mixin.py:190} INFO - [2025-03-07T02:49:19.345+0000] {dagbag.py:588} INFO - Filling up the DagBag from /home/Ashreem/airflow-env/lib/python3.12/site-packages/airflow/example_dags/example_setup_teardown_taskflow.py
[2025-03-07T02:49:19.363+0000] {processor.py:925} INFO - DAG(s) 'example_setup_teardown_taskflow' retrieved from /home/Ashreem/airflow-env/lib/python3.12/site-packages/airflow/example_dags/example_setup_teardown_taskflow.py
[2025-03-07T02:49:19.394+0000] {logging_mixin.py:190} INFO - [2025-03-07T02:49:19.394+0000] {dag.py:3239} INFO - Sync 1 DAGs
[2025-03-07T02:49:19.412+0000] {logging_mixin.py:190} INFO - [2025-03-07T02:49:19.412+0000] {dag.py:4180} INFO - Setting next_dagrun for example_setup_teardown_taskflow to None, run_after=None
[2025-03-07T02:49:19.450+0000] {processor.py:208} INFO - Processing /home/Ashreem/airflow-env/lib/python3.12/site-packages/airflow/example_dags/example_setup_teardown_taskflow.py took 0.118 seconds
[2025-03-07T02:50:27.152+0000] {processor.py:186} INFO - Started process (PID=47448) to work on /home/Ashreem/airflow-env/lib/python3.12/site-packages/airflow/example_dags/example_setup_teardown_taskflow.py
[2025-03-07T02:50:27.154+0000] {processor.py:914} INFO - Processing file /home/Ashreem/airflow-env/lib/python3.12/site-packages/airflow/example_dags/example_setup_teardown_taskflow.py for tasks to queue
[2025-03-07T02:50:27.157+0000] {logging_mixin.py:190} INFO - [2025-03-07T02:50:27.156+0000] {dagbag.py:588} INFO - Filling up the DagBag from /home/Ashreem/airflow-env/lib/python3.12/site-packages/airflow/example_dags/example_setup_teardown_taskflow.py
[2025-03-07T02:50:27.174+0000] {processor.py:925} INFO - DAG(s) 'example_setup_teardown_taskflow' retrieved from /home/Ashreem/airflow-env/lib/python3.12/site-packages/airflow/example_dags/example_setup_teardown_taskflow.py
[2025-03-07T02:50:27.199+0000] {logging_mixin.py:190} INFO - [2025-03-07T02:50:27.199+0000] {dag.py:3239} INFO - Sync 1 DAGs
[2025-03-07T02:50:27.216+0000] {logging_mixin.py:190} INFO - [2025-03-07T02:50:27.216+0000] {dag.py:4180} INFO - Setting next_dagrun for example_setup_teardown_taskflow to None, run_after=None
[2025-03-07T02:50:27.254+0000] {processor.py:208} INFO - Processing /home/Ashreem/airflow-env/lib/python3.12/site-packages/airflow/example_dags/example_setup_teardown_taskflow.py took 0.110 seconds
[2025-03-07T02:51:27.089+0000] {processor.py:186} INFO - Started process (PID=47508) to work on /home/Ashreem/airflow-env/lib/python3.12/site-packages/airflow/example_dags/example_setup_teardown_taskflow.py
[2025-03-07T02:51:27.092+0000] {processor.py:914} INFO - Processing file /home/Ashreem/airflow-env/lib/python3.12/site-packages/airflow/example_dags/example_setup_teardown_taskflow.py for tasks to queue
[2025-03-07T02:51:27.095+0000] {logging_mixin.py:190} INFO - [2025-03-07T02:51:27.094+0000] {dagbag.py:588} INFO - Filling up the DagBag from /home/Ashreem/airflow-env/lib/python3.12/site-packages/airflow/example_dags/example_setup_teardown_taskflow.py
[2025-03-07T02:51:27.112+0000] {processor.py:925} INFO - DAG(s) 'example_setup_teardown_taskflow' retrieved from /home/Ashreem/airflow-env/lib/python3.12/site-packages/airflow/example_dags/example_setup_teardown_taskflow.py
[2025-03-07T02:51:27.137+0000] {logging_mixin.py:190} INFO - [2025-03-07T02:51:27.136+0000] {dag.py:3239} INFO - Sync 1 DAGs
[2025-03-07T02:51:27.154+0000] {logging_mixin.py:190} INFO - [2025-03-07T02:51:27.153+0000] {dag.py:4180} INFO - Setting next_dagrun for example_setup_teardown_taskflow to None, run_after=None
[2025-03-07T02:51:27.190+0000] {processor.py:208} INFO - Processing /home/Ashreem/airflow-env/lib/python3.12/site-packages/airflow/example_dags/example_setup_teardown_taskflow.py took 0.116 seconds
[2025-03-07T02:52:33.428+0000] {processor.py:186} INFO - Started process (PID=47575) to work on /home/Ashreem/airflow-env/lib/python3.12/site-packages/airflow/example_dags/example_setup_teardown_taskflow.py
[2025-03-07T02:52:33.430+0000] {processor.py:914} INFO - Processing file /home/Ashreem/airflow-env/lib/python3.12/site-packages/airflow/example_dags/example_setup_teardown_taskflow.py for tasks to queue
[2025-03-07T02:52:33.433+0000] {logging_mixin.py:190} INFO - [2025-03-07T02:52:33.432+0000] {dagbag.py:588} INFO - Filling up the DagBag from /home/Ashreem/airflow-env/lib/python3.12/site-packages/airflow/example_dags/example_setup_teardown_taskflow.py
[2025-03-07T02:52:33.447+0000] {processor.py:925} INFO - DAG(s) 'example_setup_teardown_taskflow' retrieved from /home/Ashreem/airflow-env/lib/python3.12/site-packages/airflow/example_dags/example_setup_teardown_taskflow.py
[2025-03-07T02:52:33.470+0000] {logging_mixin.py:190} INFO - [2025-03-07T02:52:33.470+0000] {dag.py:3239} INFO - Sync 1 DAGs
[2025-03-07T02:52:33.486+0000] {logging_mixin.py:190} INFO - [2025-03-07T02:52:33.486+0000] {dag.py:4180} INFO - Setting next_dagrun for example_setup_teardown_taskflow to None, run_after=None
[2025-03-07T02:52:33.525+0000] {processor.py:208} INFO - Processing /home/Ashreem/airflow-env/lib/python3.12/site-packages/airflow/example_dags/example_setup_teardown_taskflow.py took 0.104 seconds
[2025-03-07T02:53:35.838+0000] {processor.py:186} INFO - Started process (PID=47638) to work on /home/Ashreem/airflow-env/lib/python3.12/site-packages/airflow/example_dags/example_setup_teardown_taskflow.py
[2025-03-07T02:53:35.840+0000] {processor.py:914} INFO - Processing file /home/Ashreem/airflow-env/lib/python3.12/site-packages/airflow/example_dags/example_setup_teardown_taskflow.py for tasks to queue
[2025-03-07T02:53:35.843+0000] {logging_mixin.py:190} INFO - [2025-03-07T02:53:35.843+0000] {dagbag.py:588} INFO - Filling up the DagBag from /home/Ashreem/airflow-env/lib/python3.12/site-packages/airflow/example_dags/example_setup_teardown_taskflow.py
[2025-03-07T02:53:35.859+0000] {processor.py:925} INFO - DAG(s) 'example_setup_teardown_taskflow' retrieved from /home/Ashreem/airflow-env/lib/python3.12/site-packages/airflow/example_dags/example_setup_teardown_taskflow.py
[2025-03-07T02:53:35.883+0000] {logging_mixin.py:190} INFO - [2025-03-07T02:53:35.883+0000] {dag.py:3239} INFO - Sync 1 DAGs
[2025-03-07T02:53:35.903+0000] {logging_mixin.py:190} INFO - [2025-03-07T02:53:35.902+0000] {dag.py:4180} INFO - Setting next_dagrun for example_setup_teardown_taskflow to None, run_after=None
[2025-03-07T02:53:35.939+0000] {processor.py:208} INFO - Processing /home/Ashreem/airflow-env/lib/python3.12/site-packages/airflow/example_dags/example_setup_teardown_taskflow.py took 0.110 seconds
[2025-03-07T02:54:39.095+0000] {processor.py:186} INFO - Started process (PID=47704) to work on /home/Ashreem/airflow-env/lib/python3.12/site-packages/airflow/example_dags/example_setup_teardown_taskflow.py
[2025-03-07T02:54:39.097+0000] {processor.py:914} INFO - Processing file /home/Ashreem/airflow-env/lib/python3.12/site-packages/airflow/example_dags/example_setup_teardown_taskflow.py for tasks to queue
[2025-03-07T02:54:39.100+0000] {logging_mixin.py:190} INFO - [2025-03-07T02:54:39.100+0000] {dagbag.py:588} INFO - Filling up the DagBag from /home/Ashreem/airflow-env/lib/python3.12/site-packages/airflow/example_dags/example_setup_teardown_taskflow.py
[2025-03-07T02:54:39.116+0000] {processor.py:925} INFO - DAG(s) 'example_setup_teardown_taskflow' retrieved from /home/Ashreem/airflow-env/lib/python3.12/site-packages/airflow/example_dags/example_setup_teardown_taskflow.py
[2025-03-07T02:54:39.140+0000] {logging_mixin.py:190} INFO - [2025-03-07T02:54:39.139+0000] {dag.py:3239} INFO - Sync 1 DAGs
[2025-03-07T02:54:39.156+0000] {logging_mixin.py:190} INFO - [2025-03-07T02:54:39.156+0000] {dag.py:4180} INFO - Setting next_dagrun for example_setup_teardown_taskflow to None, run_after=None
[2025-03-07T02:54:39.200+0000] {processor.py:208} INFO - Processing /home/Ashreem/airflow-env/lib/python3.12/site-packages/airflow/example_dags/example_setup_teardown_taskflow.py took 0.113 seconds
[2025-03-07T02:55:39.194+0000] {processor.py:186} INFO - Started process (PID=47836) to work on /home/Ashreem/airflow-env/lib/python3.12/site-packages/airflow/example_dags/example_setup_teardown_taskflow.py
[2025-03-07T02:55:39.195+0000] {processor.py:914} INFO - Processing file /home/Ashreem/airflow-env/lib/python3.12/site-packages/airflow/example_dags/example_setup_teardown_taskflow.py for tasks to queue
[2025-03-07T02:55:39.198+0000] {logging_mixin.py:190} INFO - [2025-03-07T02:55:39.197+0000] {dagbag.py:588} INFO - Filling up the DagBag from /home/Ashreem/airflow-env/lib/python3.12/site-packages/airflow/example_dags/example_setup_teardown_taskflow.py
[2025-03-07T02:55:39.215+0000] {processor.py:925} INFO - DAG(s) 'example_setup_teardown_taskflow' retrieved from /home/Ashreem/airflow-env/lib/python3.12/site-packages/airflow/example_dags/example_setup_teardown_taskflow.py
[2025-03-07T02:55:39.240+0000] {logging_mixin.py:190} INFO - [2025-03-07T02:55:39.240+0000] {dag.py:3239} INFO - Sync 1 DAGs
[2025-03-07T02:55:39.257+0000] {logging_mixin.py:190} INFO - [2025-03-07T02:55:39.257+0000] {dag.py:4180} INFO - Setting next_dagrun for example_setup_teardown_taskflow to None, run_after=None
[2025-03-07T02:55:39.294+0000] {processor.py:208} INFO - Processing /home/Ashreem/airflow-env/lib/python3.12/site-packages/airflow/example_dags/example_setup_teardown_taskflow.py took 0.109 seconds
[2025-03-07T02:56:42.270+0000] {processor.py:186} INFO - Started process (PID=47951) to work on /home/Ashreem/airflow-env/lib/python3.12/site-packages/airflow/example_dags/example_setup_teardown_taskflow.py
[2025-03-07T02:56:42.272+0000] {processor.py:914} INFO - Processing file /home/Ashreem/airflow-env/lib/python3.12/site-packages/airflow/example_dags/example_setup_teardown_taskflow.py for tasks to queue
[2025-03-07T02:56:42.274+0000] {logging_mixin.py:190} INFO - [2025-03-07T02:56:42.274+0000] {dagbag.py:588} INFO - Filling up the DagBag from /home/Ashreem/airflow-env/lib/python3.12/site-packages/airflow/example_dags/example_setup_teardown_taskflow.py
[2025-03-07T02:56:42.289+0000] {processor.py:925} INFO - DAG(s) 'example_setup_teardown_taskflow' retrieved from /home/Ashreem/airflow-env/lib/python3.12/site-packages/airflow/example_dags/example_setup_teardown_taskflow.py
[2025-03-07T02:56:42.315+0000] {logging_mixin.py:190} INFO - [2025-03-07T02:56:42.315+0000] {dag.py:3239} INFO - Sync 1 DAGs
[2025-03-07T02:56:42.335+0000] {logging_mixin.py:190} INFO - [2025-03-07T02:56:42.335+0000] {dag.py:4180} INFO - Setting next_dagrun for example_setup_teardown_taskflow to None, run_after=None
[2025-03-07T02:56:42.374+0000] {processor.py:208} INFO - Processing /home/Ashreem/airflow-env/lib/python3.12/site-packages/airflow/example_dags/example_setup_teardown_taskflow.py took 0.112 seconds
[2025-03-07T02:56:46.380+0000] {processor.py:186} INFO - Started process (PID=47958) to work on /home/Ashreem/airflow-env/lib/python3.12/site-packages/airflow/example_dags/example_setup_teardown_taskflow.py
[2025-03-07T02:56:46.381+0000] {processor.py:914} INFO - Processing file /home/Ashreem/airflow-env/lib/python3.12/site-packages/airflow/example_dags/example_setup_teardown_taskflow.py for tasks to queue
[2025-03-07T02:56:46.383+0000] {logging_mixin.py:190} INFO - [2025-03-07T02:56:46.383+0000] {dagbag.py:588} INFO - Filling up the DagBag from /home/Ashreem/airflow-env/lib/python3.12/site-packages/airflow/example_dags/example_setup_teardown_taskflow.py
[2025-03-07T02:56:46.397+0000] {processor.py:925} INFO - DAG(s) 'example_setup_teardown_taskflow' retrieved from /home/Ashreem/airflow-env/lib/python3.12/site-packages/airflow/example_dags/example_setup_teardown_taskflow.py
[2025-03-07T02:56:46.420+0000] {logging_mixin.py:190} INFO - [2025-03-07T02:56:46.420+0000] {dag.py:3239} INFO - Sync 1 DAGs
[2025-03-07T02:56:46.437+0000] {logging_mixin.py:190} INFO - [2025-03-07T02:56:46.437+0000] {dag.py:4180} INFO - Setting next_dagrun for example_setup_teardown_taskflow to None, run_after=None
[2025-03-07T02:56:46.482+0000] {processor.py:208} INFO - Processing /home/Ashreem/airflow-env/lib/python3.12/site-packages/airflow/example_dags/example_setup_teardown_taskflow.py took 0.109 seconds
[2025-03-07T02:57:50.324+0000] {processor.py:186} INFO - Started process (PID=48056) to work on /home/Ashreem/airflow-env/lib/python3.12/site-packages/airflow/example_dags/example_setup_teardown_taskflow.py
[2025-03-07T02:57:50.325+0000] {processor.py:914} INFO - Processing file /home/Ashreem/airflow-env/lib/python3.12/site-packages/airflow/example_dags/example_setup_teardown_taskflow.py for tasks to queue
[2025-03-07T02:57:50.328+0000] {logging_mixin.py:190} INFO - [2025-03-07T02:57:50.328+0000] {dagbag.py:588} INFO - Filling up the DagBag from /home/Ashreem/airflow-env/lib/python3.12/site-packages/airflow/example_dags/example_setup_teardown_taskflow.py
[2025-03-07T02:57:50.343+0000] {processor.py:925} INFO - DAG(s) 'example_setup_teardown_taskflow' retrieved from /home/Ashreem/airflow-env/lib/python3.12/site-packages/airflow/example_dags/example_setup_teardown_taskflow.py
[2025-03-07T02:57:50.369+0000] {logging_mixin.py:190} INFO - [2025-03-07T02:57:50.369+0000] {dag.py:3239} INFO - Sync 1 DAGs
[2025-03-07T02:57:50.386+0000] {logging_mixin.py:190} INFO - [2025-03-07T02:57:50.386+0000] {dag.py:4180} INFO - Setting next_dagrun for example_setup_teardown_taskflow to None, run_after=None
[2025-03-07T02:57:50.424+0000] {processor.py:208} INFO - Processing /home/Ashreem/airflow-env/lib/python3.12/site-packages/airflow/example_dags/example_setup_teardown_taskflow.py took 0.109 seconds
[2025-03-07T02:58:54.711+0000] {processor.py:186} INFO - Started process (PID=48128) to work on /home/Ashreem/airflow-env/lib/python3.12/site-packages/airflow/example_dags/example_setup_teardown_taskflow.py
[2025-03-07T02:58:54.712+0000] {processor.py:914} INFO - Processing file /home/Ashreem/airflow-env/lib/python3.12/site-packages/airflow/example_dags/example_setup_teardown_taskflow.py for tasks to queue
[2025-03-07T02:58:54.716+0000] {logging_mixin.py:190} INFO - [2025-03-07T02:58:54.716+0000] {dagbag.py:588} INFO - Filling up the DagBag from /home/Ashreem/airflow-env/lib/python3.12/site-packages/airflow/example_dags/example_setup_teardown_taskflow.py
[2025-03-07T02:58:54.738+0000] {processor.py:925} INFO - DAG(s) 'example_setup_teardown_taskflow' retrieved from /home/Ashreem/airflow-env/lib/python3.12/site-packages/airflow/example_dags/example_setup_teardown_taskflow.py
[2025-03-07T02:58:54.774+0000] {logging_mixin.py:190} INFO - [2025-03-07T02:58:54.774+0000] {dag.py:3239} INFO - Sync 1 DAGs
[2025-03-07T02:58:54.793+0000] {logging_mixin.py:190} INFO - [2025-03-07T02:58:54.793+0000] {dag.py:4180} INFO - Setting next_dagrun for example_setup_teardown_taskflow to None, run_after=None
[2025-03-07T02:58:54.832+0000] {processor.py:208} INFO - Processing /home/Ashreem/airflow-env/lib/python3.12/site-packages/airflow/example_dags/example_setup_teardown_taskflow.py took 0.129 seconds
[2025-03-07T03:00:01.891+0000] {processor.py:186} INFO - Started process (PID=48272) to work on /home/Ashreem/airflow-env/lib/python3.12/site-packages/airflow/example_dags/example_setup_teardown_taskflow.py
[2025-03-07T03:00:01.893+0000] {processor.py:914} INFO - Processing file /home/Ashreem/airflow-env/lib/python3.12/site-packages/airflow/example_dags/example_setup_teardown_taskflow.py for tasks to queue
[2025-03-07T03:00:01.902+0000] {logging_mixin.py:190} INFO - [2025-03-07T03:00:01.902+0000] {dagbag.py:588} INFO - Filling up the DagBag from /home/Ashreem/airflow-env/lib/python3.12/site-packages/airflow/example_dags/example_setup_teardown_taskflow.py
[2025-03-07T03:00:01.918+0000] {processor.py:925} INFO - DAG(s) 'example_setup_teardown_taskflow' retrieved from /home/Ashreem/airflow-env/lib/python3.12/site-packages/airflow/example_dags/example_setup_teardown_taskflow.py
[2025-03-07T03:00:01.949+0000] {logging_mixin.py:190} INFO - [2025-03-07T03:00:01.949+0000] {dag.py:3239} INFO - Sync 1 DAGs
[2025-03-07T03:00:01.968+0000] {logging_mixin.py:190} INFO - [2025-03-07T03:00:01.968+0000] {dag.py:4180} INFO - Setting next_dagrun for example_setup_teardown_taskflow to None, run_after=None
[2025-03-07T03:00:02.011+0000] {processor.py:208} INFO - Processing /home/Ashreem/airflow-env/lib/python3.12/site-packages/airflow/example_dags/example_setup_teardown_taskflow.py took 0.128 seconds
[2025-03-07T03:01:08.688+0000] {processor.py:186} INFO - Started process (PID=48356) to work on /home/Ashreem/airflow-env/lib/python3.12/site-packages/airflow/example_dags/example_setup_teardown_taskflow.py
[2025-03-07T03:01:08.694+0000] {processor.py:914} INFO - Processing file /home/Ashreem/airflow-env/lib/python3.12/site-packages/airflow/example_dags/example_setup_teardown_taskflow.py for tasks to queue
[2025-03-07T03:01:08.700+0000] {logging_mixin.py:190} INFO - [2025-03-07T03:01:08.699+0000] {dagbag.py:588} INFO - Filling up the DagBag from /home/Ashreem/airflow-env/lib/python3.12/site-packages/airflow/example_dags/example_setup_teardown_taskflow.py
[2025-03-07T03:01:08.718+0000] {processor.py:925} INFO - DAG(s) 'example_setup_teardown_taskflow' retrieved from /home/Ashreem/airflow-env/lib/python3.12/site-packages/airflow/example_dags/example_setup_teardown_taskflow.py
[2025-03-07T03:01:08.741+0000] {logging_mixin.py:190} INFO - [2025-03-07T03:01:08.741+0000] {dag.py:3239} INFO - Sync 1 DAGs
[2025-03-07T03:01:08.758+0000] {logging_mixin.py:190} INFO - [2025-03-07T03:01:08.757+0000] {dag.py:4180} INFO - Setting next_dagrun for example_setup_teardown_taskflow to None, run_after=None
[2025-03-07T03:01:08.806+0000] {processor.py:208} INFO - Processing /home/Ashreem/airflow-env/lib/python3.12/site-packages/airflow/example_dags/example_setup_teardown_taskflow.py took 0.126 seconds
[2025-03-07T03:02:09.574+0000] {processor.py:186} INFO - Started process (PID=48422) to work on /home/Ashreem/airflow-env/lib/python3.12/site-packages/airflow/example_dags/example_setup_teardown_taskflow.py
[2025-03-07T03:02:09.575+0000] {processor.py:914} INFO - Processing file /home/Ashreem/airflow-env/lib/python3.12/site-packages/airflow/example_dags/example_setup_teardown_taskflow.py for tasks to queue
[2025-03-07T03:02:09.578+0000] {logging_mixin.py:190} INFO - [2025-03-07T03:02:09.578+0000] {dagbag.py:588} INFO - Filling up the DagBag from /home/Ashreem/airflow-env/lib/python3.12/site-packages/airflow/example_dags/example_setup_teardown_taskflow.py
[2025-03-07T03:02:09.595+0000] {processor.py:925} INFO - DAG(s) 'example_setup_teardown_taskflow' retrieved from /home/Ashreem/airflow-env/lib/python3.12/site-packages/airflow/example_dags/example_setup_teardown_taskflow.py
[2025-03-07T03:02:09.619+0000] {logging_mixin.py:190} INFO - [2025-03-07T03:02:09.618+0000] {dag.py:3239} INFO - Sync 1 DAGs
[2025-03-07T03:02:09.635+0000] {logging_mixin.py:190} INFO - [2025-03-07T03:02:09.635+0000] {dag.py:4180} INFO - Setting next_dagrun for example_setup_teardown_taskflow to None, run_after=None
[2025-03-07T03:02:09.671+0000] {processor.py:208} INFO - Processing /home/Ashreem/airflow-env/lib/python3.12/site-packages/airflow/example_dags/example_setup_teardown_taskflow.py took 0.106 seconds
[2025-03-07T03:03:10.423+0000] {processor.py:186} INFO - Started process (PID=48552) to work on /home/Ashreem/airflow-env/lib/python3.12/site-packages/airflow/example_dags/example_setup_teardown_taskflow.py
[2025-03-07T03:03:10.424+0000] {processor.py:914} INFO - Processing file /home/Ashreem/airflow-env/lib/python3.12/site-packages/airflow/example_dags/example_setup_teardown_taskflow.py for tasks to queue
[2025-03-07T03:03:10.427+0000] {logging_mixin.py:190} INFO - [2025-03-07T03:03:10.426+0000] {dagbag.py:588} INFO - Filling up the DagBag from /home/Ashreem/airflow-env/lib/python3.12/site-packages/airflow/example_dags/example_setup_teardown_taskflow.py
[2025-03-07T03:03:10.444+0000] {processor.py:925} INFO - DAG(s) 'example_setup_teardown_taskflow' retrieved from /home/Ashreem/airflow-env/lib/python3.12/site-packages/airflow/example_dags/example_setup_teardown_taskflow.py
[2025-03-07T03:03:10.467+0000] {logging_mixin.py:190} INFO - [2025-03-07T03:03:10.467+0000] {dag.py:3239} INFO - Sync 1 DAGs
[2025-03-07T03:03:10.483+0000] {logging_mixin.py:190} INFO - [2025-03-07T03:03:10.483+0000] {dag.py:4180} INFO - Setting next_dagrun for example_setup_teardown_taskflow to None, run_after=None
[2025-03-07T03:03:10.523+0000] {processor.py:208} INFO - Processing /home/Ashreem/airflow-env/lib/python3.12/site-packages/airflow/example_dags/example_setup_teardown_taskflow.py took 0.107 seconds
[2025-03-07T03:03:56.309+0000] {processor.py:186} INFO - Started process (PID=48624) to work on /home/Ashreem/airflow-env/lib/python3.12/site-packages/airflow/example_dags/example_setup_teardown_taskflow.py
[2025-03-07T03:03:56.311+0000] {processor.py:914} INFO - Processing file /home/Ashreem/airflow-env/lib/python3.12/site-packages/airflow/example_dags/example_setup_teardown_taskflow.py for tasks to queue
[2025-03-07T03:03:56.314+0000] {logging_mixin.py:190} INFO - [2025-03-07T03:03:56.313+0000] {dagbag.py:588} INFO - Filling up the DagBag from /home/Ashreem/airflow-env/lib/python3.12/site-packages/airflow/example_dags/example_setup_teardown_taskflow.py
[2025-03-07T03:03:56.329+0000] {processor.py:925} INFO - DAG(s) 'example_setup_teardown_taskflow' retrieved from /home/Ashreem/airflow-env/lib/python3.12/site-packages/airflow/example_dags/example_setup_teardown_taskflow.py
[2025-03-07T03:03:56.354+0000] {logging_mixin.py:190} INFO - [2025-03-07T03:03:56.354+0000] {dag.py:3239} INFO - Sync 1 DAGs
[2025-03-07T03:03:56.372+0000] {logging_mixin.py:190} INFO - [2025-03-07T03:03:56.372+0000] {dag.py:4180} INFO - Setting next_dagrun for example_setup_teardown_taskflow to None, run_after=None
[2025-03-07T03:03:56.410+0000] {processor.py:208} INFO - Processing /home/Ashreem/airflow-env/lib/python3.12/site-packages/airflow/example_dags/example_setup_teardown_taskflow.py took 0.110 seconds
[2025-03-07T03:04:58.425+0000] {processor.py:186} INFO - Started process (PID=48692) to work on /home/Ashreem/airflow-env/lib/python3.12/site-packages/airflow/example_dags/example_setup_teardown_taskflow.py
[2025-03-07T03:04:58.427+0000] {processor.py:914} INFO - Processing file /home/Ashreem/airflow-env/lib/python3.12/site-packages/airflow/example_dags/example_setup_teardown_taskflow.py for tasks to queue
[2025-03-07T03:04:58.430+0000] {logging_mixin.py:190} INFO - [2025-03-07T03:04:58.429+0000] {dagbag.py:588} INFO - Filling up the DagBag from /home/Ashreem/airflow-env/lib/python3.12/site-packages/airflow/example_dags/example_setup_teardown_taskflow.py
[2025-03-07T03:04:58.444+0000] {processor.py:925} INFO - DAG(s) 'example_setup_teardown_taskflow' retrieved from /home/Ashreem/airflow-env/lib/python3.12/site-packages/airflow/example_dags/example_setup_teardown_taskflow.py
[2025-03-07T03:04:58.467+0000] {logging_mixin.py:190} INFO - [2025-03-07T03:04:58.467+0000] {dag.py:3239} INFO - Sync 1 DAGs
[2025-03-07T03:04:58.485+0000] {logging_mixin.py:190} INFO - [2025-03-07T03:04:58.484+0000] {dag.py:4180} INFO - Setting next_dagrun for example_setup_teardown_taskflow to None, run_after=None
[2025-03-07T03:04:58.523+0000] {processor.py:208} INFO - Processing /home/Ashreem/airflow-env/lib/python3.12/site-packages/airflow/example_dags/example_setup_teardown_taskflow.py took 0.105 seconds
[2025-03-07T03:05:59.490+0000] {processor.py:186} INFO - Started process (PID=48943) to work on /home/Ashreem/airflow-env/lib/python3.12/site-packages/airflow/example_dags/example_setup_teardown_taskflow.py
[2025-03-07T03:05:59.491+0000] {processor.py:914} INFO - Processing file /home/Ashreem/airflow-env/lib/python3.12/site-packages/airflow/example_dags/example_setup_teardown_taskflow.py for tasks to queue
[2025-03-07T03:05:59.494+0000] {logging_mixin.py:190} INFO - [2025-03-07T03:05:59.493+0000] {dagbag.py:588} INFO - Filling up the DagBag from /home/Ashreem/airflow-env/lib/python3.12/site-packages/airflow/example_dags/example_setup_teardown_taskflow.py
[2025-03-07T03:05:59.509+0000] {processor.py:925} INFO - DAG(s) 'example_setup_teardown_taskflow' retrieved from /home/Ashreem/airflow-env/lib/python3.12/site-packages/airflow/example_dags/example_setup_teardown_taskflow.py
[2025-03-07T03:05:59.533+0000] {logging_mixin.py:190} INFO - [2025-03-07T03:05:59.533+0000] {dag.py:3239} INFO - Sync 1 DAGs
[2025-03-07T03:05:59.550+0000] {logging_mixin.py:190} INFO - [2025-03-07T03:05:59.550+0000] {dag.py:4180} INFO - Setting next_dagrun for example_setup_teardown_taskflow to None, run_after=None
[2025-03-07T03:05:59.585+0000] {processor.py:208} INFO - Processing /home/Ashreem/airflow-env/lib/python3.12/site-packages/airflow/example_dags/example_setup_teardown_taskflow.py took 0.103 seconds
[2025-03-07T03:07:05.435+0000] {processor.py:186} INFO - Started process (PID=49011) to work on /home/Ashreem/airflow-env/lib/python3.12/site-packages/airflow/example_dags/example_setup_teardown_taskflow.py
[2025-03-07T03:07:05.437+0000] {processor.py:914} INFO - Processing file /home/Ashreem/airflow-env/lib/python3.12/site-packages/airflow/example_dags/example_setup_teardown_taskflow.py for tasks to queue
[2025-03-07T03:07:05.440+0000] {logging_mixin.py:190} INFO - [2025-03-07T03:07:05.439+0000] {dagbag.py:588} INFO - Filling up the DagBag from /home/Ashreem/airflow-env/lib/python3.12/site-packages/airflow/example_dags/example_setup_teardown_taskflow.py
[2025-03-07T03:07:05.456+0000] {processor.py:925} INFO - DAG(s) 'example_setup_teardown_taskflow' retrieved from /home/Ashreem/airflow-env/lib/python3.12/site-packages/airflow/example_dags/example_setup_teardown_taskflow.py
[2025-03-07T03:07:05.479+0000] {logging_mixin.py:190} INFO - [2025-03-07T03:07:05.479+0000] {dag.py:3239} INFO - Sync 1 DAGs
[2025-03-07T03:07:05.499+0000] {logging_mixin.py:190} INFO - [2025-03-07T03:07:05.498+0000] {dag.py:4180} INFO - Setting next_dagrun for example_setup_teardown_taskflow to None, run_after=None
[2025-03-07T03:07:05.555+0000] {processor.py:208} INFO - Processing /home/Ashreem/airflow-env/lib/python3.12/site-packages/airflow/example_dags/example_setup_teardown_taskflow.py took 0.129 seconds
[2025-03-07T03:08:12.137+0000] {processor.py:186} INFO - Started process (PID=49093) to work on /home/Ashreem/airflow-env/lib/python3.12/site-packages/airflow/example_dags/example_setup_teardown_taskflow.py
[2025-03-07T03:08:12.139+0000] {processor.py:914} INFO - Processing file /home/Ashreem/airflow-env/lib/python3.12/site-packages/airflow/example_dags/example_setup_teardown_taskflow.py for tasks to queue
[2025-03-07T03:08:12.141+0000] {logging_mixin.py:190} INFO - [2025-03-07T03:08:12.141+0000] {dagbag.py:588} INFO - Filling up the DagBag from /home/Ashreem/airflow-env/lib/python3.12/site-packages/airflow/example_dags/example_setup_teardown_taskflow.py
[2025-03-07T03:08:12.157+0000] {processor.py:925} INFO - DAG(s) 'example_setup_teardown_taskflow' retrieved from /home/Ashreem/airflow-env/lib/python3.12/site-packages/airflow/example_dags/example_setup_teardown_taskflow.py
[2025-03-07T03:08:12.182+0000] {logging_mixin.py:190} INFO - [2025-03-07T03:08:12.182+0000] {dag.py:3239} INFO - Sync 1 DAGs
[2025-03-07T03:08:12.200+0000] {logging_mixin.py:190} INFO - [2025-03-07T03:08:12.200+0000] {dag.py:4180} INFO - Setting next_dagrun for example_setup_teardown_taskflow to None, run_after=None
[2025-03-07T03:08:12.239+0000] {processor.py:208} INFO - Processing /home/Ashreem/airflow-env/lib/python3.12/site-packages/airflow/example_dags/example_setup_teardown_taskflow.py took 0.109 seconds
[2025-03-07T03:09:14.189+0000] {processor.py:186} INFO - Started process (PID=49165) to work on /home/Ashreem/airflow-env/lib/python3.12/site-packages/airflow/example_dags/example_setup_teardown_taskflow.py
[2025-03-07T03:09:14.190+0000] {processor.py:914} INFO - Processing file /home/Ashreem/airflow-env/lib/python3.12/site-packages/airflow/example_dags/example_setup_teardown_taskflow.py for tasks to queue
[2025-03-07T03:09:14.193+0000] {logging_mixin.py:190} INFO - [2025-03-07T03:09:14.192+0000] {dagbag.py:588} INFO - Filling up the DagBag from /home/Ashreem/airflow-env/lib/python3.12/site-packages/airflow/example_dags/example_setup_teardown_taskflow.py
[2025-03-07T03:09:14.209+0000] {processor.py:925} INFO - DAG(s) 'example_setup_teardown_taskflow' retrieved from /home/Ashreem/airflow-env/lib/python3.12/site-packages/airflow/example_dags/example_setup_teardown_taskflow.py
[2025-03-07T03:09:14.232+0000] {logging_mixin.py:190} INFO - [2025-03-07T03:09:14.232+0000] {dag.py:3239} INFO - Sync 1 DAGs
[2025-03-07T03:09:14.250+0000] {logging_mixin.py:190} INFO - [2025-03-07T03:09:14.250+0000] {dag.py:4180} INFO - Setting next_dagrun for example_setup_teardown_taskflow to None, run_after=None
[2025-03-07T03:09:14.287+0000] {processor.py:208} INFO - Processing /home/Ashreem/airflow-env/lib/python3.12/site-packages/airflow/example_dags/example_setup_teardown_taskflow.py took 0.106 seconds
[2025-03-07T03:10:15.240+0000] {processor.py:186} INFO - Started process (PID=49228) to work on /home/Ashreem/airflow-env/lib/python3.12/site-packages/airflow/example_dags/example_setup_teardown_taskflow.py
[2025-03-07T03:10:15.242+0000] {processor.py:914} INFO - Processing file /home/Ashreem/airflow-env/lib/python3.12/site-packages/airflow/example_dags/example_setup_teardown_taskflow.py for tasks to queue
[2025-03-07T03:10:15.245+0000] {logging_mixin.py:190} INFO - [2025-03-07T03:10:15.244+0000] {dagbag.py:588} INFO - Filling up the DagBag from /home/Ashreem/airflow-env/lib/python3.12/site-packages/airflow/example_dags/example_setup_teardown_taskflow.py
[2025-03-07T03:10:15.263+0000] {processor.py:925} INFO - DAG(s) 'example_setup_teardown_taskflow' retrieved from /home/Ashreem/airflow-env/lib/python3.12/site-packages/airflow/example_dags/example_setup_teardown_taskflow.py
[2025-03-07T03:10:15.289+0000] {logging_mixin.py:190} INFO - [2025-03-07T03:10:15.288+0000] {dag.py:3239} INFO - Sync 1 DAGs
[2025-03-07T03:10:15.306+0000] {logging_mixin.py:190} INFO - [2025-03-07T03:10:15.306+0000] {dag.py:4180} INFO - Setting next_dagrun for example_setup_teardown_taskflow to None, run_after=None
[2025-03-07T03:10:15.347+0000] {processor.py:208} INFO - Processing /home/Ashreem/airflow-env/lib/python3.12/site-packages/airflow/example_dags/example_setup_teardown_taskflow.py took 0.115 seconds
