[2025-03-07T02:30:18.912+0000] {processor.py:186} INFO - Started process (PID=45974) to work on /home/Ashreem/airflow-env/lib/python3.12/site-packages/airflow/example_dags/example_workday_timetable.py
[2025-03-07T02:30:18.913+0000] {processor.py:914} INFO - Processing file /home/Ashreem/airflow-env/lib/python3.12/site-packages/airflow/example_dags/example_workday_timetable.py for tasks to queue
[2025-03-07T02:30:18.915+0000] {logging_mixin.py:190} INFO - [2025-03-07T02:30:18.915+0000] {dagbag.py:588} INFO - Filling up the DagBag from /home/Ashreem/airflow-env/lib/python3.12/site-packages/airflow/example_dags/example_workday_timetable.py
[2025-03-07T02:30:18.925+0000] {processor.py:925} INFO - DAG(s) 'example_workday_timetable' retrieved from /home/Ashreem/airflow-env/lib/python3.12/site-packages/airflow/example_dags/example_workday_timetable.py
[2025-03-07T02:30:19.095+0000] {logging_mixin.py:190} INFO - [2025-03-07T02:30:19.094+0000] {override.py:1930} INFO - Created Permission View: can read on DAG:example_workday_timetable
[2025-03-07T02:30:19.120+0000] {logging_mixin.py:190} INFO - [2025-03-07T02:30:19.120+0000] {override.py:1930} INFO - Created Permission View: can delete on DAG:example_workday_timetable
[2025-03-07T02:30:19.142+0000] {logging_mixin.py:190} INFO - [2025-03-07T02:30:19.142+0000] {override.py:1930} INFO - Created Permission View: can edit on DAG:example_workday_timetable
[2025-03-07T02:30:19.185+0000] {logging_mixin.py:190} INFO - [2025-03-07T02:30:19.185+0000] {override.py:1930} INFO - Created Permission View: can read on DAG Run:example_workday_timetable
[2025-03-07T02:30:19.212+0000] {logging_mixin.py:190} INFO - [2025-03-07T02:30:19.212+0000] {override.py:1930} INFO - Created Permission View: can delete on DAG Run:example_workday_timetable
[2025-03-07T02:30:19.233+0000] {logging_mixin.py:190} INFO - [2025-03-07T02:30:19.233+0000] {override.py:1930} INFO - Created Permission View: menu access on DAG Run:example_workday_timetable
[2025-03-07T02:30:19.258+0000] {logging_mixin.py:190} INFO - [2025-03-07T02:30:19.257+0000] {override.py:1930} INFO - Created Permission View: can create on DAG Run:example_workday_timetable
[2025-03-07T02:30:19.258+0000] {logging_mixin.py:190} INFO - [2025-03-07T02:30:19.258+0000] {dag.py:3239} INFO - Sync 1 DAGs
[2025-03-07T02:30:19.292+0000] {logging_mixin.py:190} INFO - [2025-03-07T02:30:19.292+0000] {dag.py:3262} INFO - Creating ORM DAG for example_workday_timetable
[2025-03-07T02:30:19.367+0000] {logging_mixin.py:190} INFO - [2025-03-07T02:30:19.367+0000] {dag.py:4180} INFO - Setting next_dagrun for example_workday_timetable to 2021-01-04 00:00:00+00:00, run_after=2021-01-05 00:00:00+00:00
[2025-03-07T02:30:19.404+0000] {processor.py:208} INFO - Processing /home/Ashreem/airflow-env/lib/python3.12/site-packages/airflow/example_dags/example_workday_timetable.py took 0.500 seconds
[2025-03-07T02:33:00.710+0000] {processor.py:186} INFO - Started process (PID=46078) to work on /home/Ashreem/airflow-env/lib/python3.12/site-packages/airflow/example_dags/example_workday_timetable.py
[2025-03-07T02:33:00.714+0000] {processor.py:914} INFO - Processing file /home/Ashreem/airflow-env/lib/python3.12/site-packages/airflow/example_dags/example_workday_timetable.py for tasks to queue
[2025-03-07T02:33:00.717+0000] {logging_mixin.py:190} INFO - [2025-03-07T02:33:00.717+0000] {dagbag.py:588} INFO - Filling up the DagBag from /home/Ashreem/airflow-env/lib/python3.12/site-packages/airflow/example_dags/example_workday_timetable.py
[2025-03-07T02:33:00.727+0000] {processor.py:925} INFO - DAG(s) 'example_workday_timetable' retrieved from /home/Ashreem/airflow-env/lib/python3.12/site-packages/airflow/example_dags/example_workday_timetable.py
[2025-03-07T02:33:00.756+0000] {logging_mixin.py:190} INFO - [2025-03-07T02:33:00.755+0000] {dag.py:3239} INFO - Sync 1 DAGs
[2025-03-07T02:33:00.840+0000] {logging_mixin.py:190} INFO - [2025-03-07T02:33:00.840+0000] {dag.py:4180} INFO - Setting next_dagrun for example_workday_timetable to 2021-01-04 00:00:00+00:00, run_after=2021-01-05 00:00:00+00:00
[2025-03-07T02:33:00.879+0000] {processor.py:208} INFO - Processing /home/Ashreem/airflow-env/lib/python3.12/site-packages/airflow/example_dags/example_workday_timetable.py took 0.178 seconds
[2025-03-07T02:34:04.758+0000] {processor.py:186} INFO - Started process (PID=46410) to work on /home/Ashreem/airflow-env/lib/python3.12/site-packages/airflow/example_dags/example_workday_timetable.py
[2025-03-07T02:34:04.760+0000] {processor.py:914} INFO - Processing file /home/Ashreem/airflow-env/lib/python3.12/site-packages/airflow/example_dags/example_workday_timetable.py for tasks to queue
[2025-03-07T02:34:04.763+0000] {logging_mixin.py:190} INFO - [2025-03-07T02:34:04.763+0000] {dagbag.py:588} INFO - Filling up the DagBag from /home/Ashreem/airflow-env/lib/python3.12/site-packages/airflow/example_dags/example_workday_timetable.py
[2025-03-07T02:34:04.771+0000] {processor.py:925} INFO - DAG(s) 'example_workday_timetable' retrieved from /home/Ashreem/airflow-env/lib/python3.12/site-packages/airflow/example_dags/example_workday_timetable.py
[2025-03-07T02:34:04.792+0000] {logging_mixin.py:190} INFO - [2025-03-07T02:34:04.791+0000] {dag.py:3239} INFO - Sync 1 DAGs
[2025-03-07T02:34:04.867+0000] {logging_mixin.py:190} INFO - [2025-03-07T02:34:04.867+0000] {dag.py:4180} INFO - Setting next_dagrun for example_workday_timetable to 2021-01-04 00:00:00+00:00, run_after=2021-01-05 00:00:00+00:00
[2025-03-07T02:34:04.906+0000] {processor.py:208} INFO - Processing /home/Ashreem/airflow-env/lib/python3.12/site-packages/airflow/example_dags/example_workday_timetable.py took 0.155 seconds
[2025-03-07T02:35:12.361+0000] {processor.py:186} INFO - Started process (PID=46477) to work on /home/Ashreem/airflow-env/lib/python3.12/site-packages/airflow/example_dags/example_workday_timetable.py
[2025-03-07T02:35:12.364+0000] {processor.py:914} INFO - Processing file /home/Ashreem/airflow-env/lib/python3.12/site-packages/airflow/example_dags/example_workday_timetable.py for tasks to queue
[2025-03-07T02:35:12.367+0000] {logging_mixin.py:190} INFO - [2025-03-07T02:35:12.367+0000] {dagbag.py:588} INFO - Filling up the DagBag from /home/Ashreem/airflow-env/lib/python3.12/site-packages/airflow/example_dags/example_workday_timetable.py
[2025-03-07T02:35:12.376+0000] {processor.py:925} INFO - DAG(s) 'example_workday_timetable' retrieved from /home/Ashreem/airflow-env/lib/python3.12/site-packages/airflow/example_dags/example_workday_timetable.py
[2025-03-07T02:35:12.419+0000] {logging_mixin.py:190} INFO - [2025-03-07T02:35:12.419+0000] {dag.py:3239} INFO - Sync 1 DAGs
[2025-03-07T02:35:12.501+0000] {logging_mixin.py:190} INFO - [2025-03-07T02:35:12.500+0000] {dag.py:4180} INFO - Setting next_dagrun for example_workday_timetable to 2021-01-04 00:00:00+00:00, run_after=2021-01-05 00:00:00+00:00
[2025-03-07T02:35:12.548+0000] {processor.py:208} INFO - Processing /home/Ashreem/airflow-env/lib/python3.12/site-packages/airflow/example_dags/example_workday_timetable.py took 0.195 seconds
[2025-03-07T02:36:19.634+0000] {processor.py:186} INFO - Started process (PID=46546) to work on /home/Ashreem/airflow-env/lib/python3.12/site-packages/airflow/example_dags/example_workday_timetable.py
[2025-03-07T02:36:19.636+0000] {processor.py:914} INFO - Processing file /home/Ashreem/airflow-env/lib/python3.12/site-packages/airflow/example_dags/example_workday_timetable.py for tasks to queue
[2025-03-07T02:36:19.639+0000] {logging_mixin.py:190} INFO - [2025-03-07T02:36:19.639+0000] {dagbag.py:588} INFO - Filling up the DagBag from /home/Ashreem/airflow-env/lib/python3.12/site-packages/airflow/example_dags/example_workday_timetable.py
[2025-03-07T02:36:19.647+0000] {processor.py:925} INFO - DAG(s) 'example_workday_timetable' retrieved from /home/Ashreem/airflow-env/lib/python3.12/site-packages/airflow/example_dags/example_workday_timetable.py
[2025-03-07T02:36:19.668+0000] {logging_mixin.py:190} INFO - [2025-03-07T02:36:19.668+0000] {dag.py:3239} INFO - Sync 1 DAGs
[2025-03-07T02:36:19.747+0000] {logging_mixin.py:190} INFO - [2025-03-07T02:36:19.747+0000] {dag.py:4180} INFO - Setting next_dagrun for example_workday_timetable to 2021-01-04 00:00:00+00:00, run_after=2021-01-05 00:00:00+00:00
[2025-03-07T02:36:19.786+0000] {processor.py:208} INFO - Processing /home/Ashreem/airflow-env/lib/python3.12/site-packages/airflow/example_dags/example_workday_timetable.py took 0.160 seconds
[2025-03-07T02:37:23.566+0000] {processor.py:186} INFO - Started process (PID=46609) to work on /home/Ashreem/airflow-env/lib/python3.12/site-packages/airflow/example_dags/example_workday_timetable.py
[2025-03-07T02:37:23.568+0000] {processor.py:914} INFO - Processing file /home/Ashreem/airflow-env/lib/python3.12/site-packages/airflow/example_dags/example_workday_timetable.py for tasks to queue
[2025-03-07T02:37:23.571+0000] {logging_mixin.py:190} INFO - [2025-03-07T02:37:23.570+0000] {dagbag.py:588} INFO - Filling up the DagBag from /home/Ashreem/airflow-env/lib/python3.12/site-packages/airflow/example_dags/example_workday_timetable.py
[2025-03-07T02:37:23.579+0000] {processor.py:925} INFO - DAG(s) 'example_workday_timetable' retrieved from /home/Ashreem/airflow-env/lib/python3.12/site-packages/airflow/example_dags/example_workday_timetable.py
[2025-03-07T02:37:23.598+0000] {logging_mixin.py:190} INFO - [2025-03-07T02:37:23.598+0000] {dag.py:3239} INFO - Sync 1 DAGs
[2025-03-07T02:37:23.675+0000] {logging_mixin.py:190} INFO - [2025-03-07T02:37:23.675+0000] {dag.py:4180} INFO - Setting next_dagrun for example_workday_timetable to 2021-01-04 00:00:00+00:00, run_after=2021-01-05 00:00:00+00:00
[2025-03-07T02:37:23.720+0000] {processor.py:208} INFO - Processing /home/Ashreem/airflow-env/lib/python3.12/site-packages/airflow/example_dags/example_workday_timetable.py took 0.160 seconds
[2025-03-07T02:38:25.463+0000] {processor.py:186} INFO - Started process (PID=46672) to work on /home/Ashreem/airflow-env/lib/python3.12/site-packages/airflow/example_dags/example_workday_timetable.py
[2025-03-07T02:38:25.465+0000] {processor.py:914} INFO - Processing file /home/Ashreem/airflow-env/lib/python3.12/site-packages/airflow/example_dags/example_workday_timetable.py for tasks to queue
[2025-03-07T02:38:25.468+0000] {logging_mixin.py:190} INFO - [2025-03-07T02:38:25.467+0000] {dagbag.py:588} INFO - Filling up the DagBag from /home/Ashreem/airflow-env/lib/python3.12/site-packages/airflow/example_dags/example_workday_timetable.py
[2025-03-07T02:38:25.480+0000] {processor.py:925} INFO - DAG(s) 'example_workday_timetable' retrieved from /home/Ashreem/airflow-env/lib/python3.12/site-packages/airflow/example_dags/example_workday_timetable.py
[2025-03-07T02:38:25.513+0000] {logging_mixin.py:190} INFO - [2025-03-07T02:38:25.512+0000] {dag.py:3239} INFO - Sync 1 DAGs
[2025-03-07T02:38:25.614+0000] {logging_mixin.py:190} INFO - [2025-03-07T02:38:25.614+0000] {dag.py:4180} INFO - Setting next_dagrun for example_workday_timetable to 2021-01-04 00:00:00+00:00, run_after=2021-01-05 00:00:00+00:00
[2025-03-07T02:38:25.657+0000] {processor.py:208} INFO - Processing /home/Ashreem/airflow-env/lib/python3.12/site-packages/airflow/example_dags/example_workday_timetable.py took 0.207 seconds
[2025-03-07T02:39:28.349+0000] {processor.py:186} INFO - Started process (PID=46740) to work on /home/Ashreem/airflow-env/lib/python3.12/site-packages/airflow/example_dags/example_workday_timetable.py
[2025-03-07T02:39:28.350+0000] {processor.py:914} INFO - Processing file /home/Ashreem/airflow-env/lib/python3.12/site-packages/airflow/example_dags/example_workday_timetable.py for tasks to queue
[2025-03-07T02:39:28.352+0000] {logging_mixin.py:190} INFO - [2025-03-07T02:39:28.352+0000] {dagbag.py:588} INFO - Filling up the DagBag from /home/Ashreem/airflow-env/lib/python3.12/site-packages/airflow/example_dags/example_workday_timetable.py
[2025-03-07T02:39:28.361+0000] {processor.py:925} INFO - DAG(s) 'example_workday_timetable' retrieved from /home/Ashreem/airflow-env/lib/python3.12/site-packages/airflow/example_dags/example_workday_timetable.py
[2025-03-07T02:39:28.380+0000] {logging_mixin.py:190} INFO - [2025-03-07T02:39:28.379+0000] {dag.py:3239} INFO - Sync 1 DAGs
[2025-03-07T02:39:28.462+0000] {logging_mixin.py:190} INFO - [2025-03-07T02:39:28.461+0000] {dag.py:4180} INFO - Setting next_dagrun for example_workday_timetable to 2021-01-04 00:00:00+00:00, run_after=2021-01-05 00:00:00+00:00
[2025-03-07T02:39:28.501+0000] {processor.py:208} INFO - Processing /home/Ashreem/airflow-env/lib/python3.12/site-packages/airflow/example_dags/example_workday_timetable.py took 0.160 seconds
[2025-03-07T02:40:33.335+0000] {processor.py:186} INFO - Started process (PID=46804) to work on /home/Ashreem/airflow-env/lib/python3.12/site-packages/airflow/example_dags/example_workday_timetable.py
[2025-03-07T02:40:33.336+0000] {processor.py:914} INFO - Processing file /home/Ashreem/airflow-env/lib/python3.12/site-packages/airflow/example_dags/example_workday_timetable.py for tasks to queue
[2025-03-07T02:40:33.339+0000] {logging_mixin.py:190} INFO - [2025-03-07T02:40:33.339+0000] {dagbag.py:588} INFO - Filling up the DagBag from /home/Ashreem/airflow-env/lib/python3.12/site-packages/airflow/example_dags/example_workday_timetable.py
[2025-03-07T02:40:33.348+0000] {processor.py:925} INFO - DAG(s) 'example_workday_timetable' retrieved from /home/Ashreem/airflow-env/lib/python3.12/site-packages/airflow/example_dags/example_workday_timetable.py
[2025-03-07T02:40:33.376+0000] {logging_mixin.py:190} INFO - [2025-03-07T02:40:33.375+0000] {dag.py:3239} INFO - Sync 1 DAGs
[2025-03-07T02:40:33.459+0000] {logging_mixin.py:190} INFO - [2025-03-07T02:40:33.459+0000] {dag.py:4180} INFO - Setting next_dagrun for example_workday_timetable to 2021-01-04 00:00:00+00:00, run_after=2021-01-05 00:00:00+00:00
[2025-03-07T02:40:33.496+0000] {processor.py:208} INFO - Processing /home/Ashreem/airflow-env/lib/python3.12/site-packages/airflow/example_dags/example_workday_timetable.py took 0.168 seconds
[2025-03-07T02:41:36.848+0000] {processor.py:186} INFO - Started process (PID=46869) to work on /home/Ashreem/airflow-env/lib/python3.12/site-packages/airflow/example_dags/example_workday_timetable.py
[2025-03-07T02:41:36.850+0000] {processor.py:914} INFO - Processing file /home/Ashreem/airflow-env/lib/python3.12/site-packages/airflow/example_dags/example_workday_timetable.py for tasks to queue
[2025-03-07T02:41:36.853+0000] {logging_mixin.py:190} INFO - [2025-03-07T02:41:36.852+0000] {dagbag.py:588} INFO - Filling up the DagBag from /home/Ashreem/airflow-env/lib/python3.12/site-packages/airflow/example_dags/example_workday_timetable.py
[2025-03-07T02:41:36.861+0000] {processor.py:925} INFO - DAG(s) 'example_workday_timetable' retrieved from /home/Ashreem/airflow-env/lib/python3.12/site-packages/airflow/example_dags/example_workday_timetable.py
[2025-03-07T02:41:36.879+0000] {logging_mixin.py:190} INFO - [2025-03-07T02:41:36.879+0000] {dag.py:3239} INFO - Sync 1 DAGs
[2025-03-07T02:41:36.957+0000] {logging_mixin.py:190} INFO - [2025-03-07T02:41:36.957+0000] {dag.py:4180} INFO - Setting next_dagrun for example_workday_timetable to 2021-01-04 00:00:00+00:00, run_after=2021-01-05 00:00:00+00:00
[2025-03-07T02:41:37.003+0000] {processor.py:208} INFO - Processing /home/Ashreem/airflow-env/lib/python3.12/site-packages/airflow/example_dags/example_workday_timetable.py took 0.162 seconds
[2025-03-07T02:42:40.916+0000] {processor.py:186} INFO - Started process (PID=46933) to work on /home/Ashreem/airflow-env/lib/python3.12/site-packages/airflow/example_dags/example_workday_timetable.py
[2025-03-07T02:42:40.918+0000] {processor.py:914} INFO - Processing file /home/Ashreem/airflow-env/lib/python3.12/site-packages/airflow/example_dags/example_workday_timetable.py for tasks to queue
[2025-03-07T02:42:40.920+0000] {logging_mixin.py:190} INFO - [2025-03-07T02:42:40.920+0000] {dagbag.py:588} INFO - Filling up the DagBag from /home/Ashreem/airflow-env/lib/python3.12/site-packages/airflow/example_dags/example_workday_timetable.py
[2025-03-07T02:42:40.928+0000] {processor.py:925} INFO - DAG(s) 'example_workday_timetable' retrieved from /home/Ashreem/airflow-env/lib/python3.12/site-packages/airflow/example_dags/example_workday_timetable.py
[2025-03-07T02:42:40.948+0000] {logging_mixin.py:190} INFO - [2025-03-07T02:42:40.948+0000] {dag.py:3239} INFO - Sync 1 DAGs
[2025-03-07T02:42:41.035+0000] {logging_mixin.py:190} INFO - [2025-03-07T02:42:41.035+0000] {dag.py:4180} INFO - Setting next_dagrun for example_workday_timetable to 2021-01-04 00:00:00+00:00, run_after=2021-01-05 00:00:00+00:00
[2025-03-07T02:42:41.074+0000] {processor.py:208} INFO - Processing /home/Ashreem/airflow-env/lib/python3.12/site-packages/airflow/example_dags/example_workday_timetable.py took 0.167 seconds
[2025-03-07T02:43:43.766+0000] {processor.py:186} INFO - Started process (PID=47009) to work on /home/Ashreem/airflow-env/lib/python3.12/site-packages/airflow/example_dags/example_workday_timetable.py
[2025-03-07T02:43:43.768+0000] {processor.py:914} INFO - Processing file /home/Ashreem/airflow-env/lib/python3.12/site-packages/airflow/example_dags/example_workday_timetable.py for tasks to queue
[2025-03-07T02:43:43.771+0000] {logging_mixin.py:190} INFO - [2025-03-07T02:43:43.770+0000] {dagbag.py:588} INFO - Filling up the DagBag from /home/Ashreem/airflow-env/lib/python3.12/site-packages/airflow/example_dags/example_workday_timetable.py
[2025-03-07T02:43:43.779+0000] {processor.py:925} INFO - DAG(s) 'example_workday_timetable' retrieved from /home/Ashreem/airflow-env/lib/python3.12/site-packages/airflow/example_dags/example_workday_timetable.py
[2025-03-07T02:43:43.797+0000] {logging_mixin.py:190} INFO - [2025-03-07T02:43:43.797+0000] {dag.py:3239} INFO - Sync 1 DAGs
[2025-03-07T02:43:43.877+0000] {logging_mixin.py:190} INFO - [2025-03-07T02:43:43.877+0000] {dag.py:4180} INFO - Setting next_dagrun for example_workday_timetable to 2021-01-04 00:00:00+00:00, run_after=2021-01-05 00:00:00+00:00
[2025-03-07T02:43:43.914+0000] {processor.py:208} INFO - Processing /home/Ashreem/airflow-env/lib/python3.12/site-packages/airflow/example_dags/example_workday_timetable.py took 0.154 seconds
[2025-03-07T02:44:46.309+0000] {processor.py:186} INFO - Started process (PID=47084) to work on /home/Ashreem/airflow-env/lib/python3.12/site-packages/airflow/example_dags/example_workday_timetable.py
[2025-03-07T02:44:46.311+0000] {processor.py:914} INFO - Processing file /home/Ashreem/airflow-env/lib/python3.12/site-packages/airflow/example_dags/example_workday_timetable.py for tasks to queue
[2025-03-07T02:44:46.314+0000] {logging_mixin.py:190} INFO - [2025-03-07T02:44:46.313+0000] {dagbag.py:588} INFO - Filling up the DagBag from /home/Ashreem/airflow-env/lib/python3.12/site-packages/airflow/example_dags/example_workday_timetable.py
[2025-03-07T02:44:46.322+0000] {processor.py:925} INFO - DAG(s) 'example_workday_timetable' retrieved from /home/Ashreem/airflow-env/lib/python3.12/site-packages/airflow/example_dags/example_workday_timetable.py
[2025-03-07T02:44:46.341+0000] {logging_mixin.py:190} INFO - [2025-03-07T02:44:46.341+0000] {dag.py:3239} INFO - Sync 1 DAGs
[2025-03-07T02:44:46.433+0000] {logging_mixin.py:190} INFO - [2025-03-07T02:44:46.433+0000] {dag.py:4180} INFO - Setting next_dagrun for example_workday_timetable to 2021-01-04 00:00:00+00:00, run_after=2021-01-05 00:00:00+00:00
[2025-03-07T02:44:46.470+0000] {processor.py:208} INFO - Processing /home/Ashreem/airflow-env/lib/python3.12/site-packages/airflow/example_dags/example_workday_timetable.py took 0.169 seconds
[2025-03-07T02:45:49.279+0000] {processor.py:186} INFO - Started process (PID=47154) to work on /home/Ashreem/airflow-env/lib/python3.12/site-packages/airflow/example_dags/example_workday_timetable.py
[2025-03-07T02:45:49.281+0000] {processor.py:914} INFO - Processing file /home/Ashreem/airflow-env/lib/python3.12/site-packages/airflow/example_dags/example_workday_timetable.py for tasks to queue
[2025-03-07T02:45:49.284+0000] {logging_mixin.py:190} INFO - [2025-03-07T02:45:49.284+0000] {dagbag.py:588} INFO - Filling up the DagBag from /home/Ashreem/airflow-env/lib/python3.12/site-packages/airflow/example_dags/example_workday_timetable.py
[2025-03-07T02:45:49.296+0000] {processor.py:925} INFO - DAG(s) 'example_workday_timetable' retrieved from /home/Ashreem/airflow-env/lib/python3.12/site-packages/airflow/example_dags/example_workday_timetable.py
[2025-03-07T02:45:49.317+0000] {logging_mixin.py:190} INFO - [2025-03-07T02:45:49.317+0000] {dag.py:3239} INFO - Sync 1 DAGs
[2025-03-07T02:45:49.401+0000] {logging_mixin.py:190} INFO - [2025-03-07T02:45:49.401+0000] {dag.py:4180} INFO - Setting next_dagrun for example_workday_timetable to 2021-01-04 00:00:00+00:00, run_after=2021-01-05 00:00:00+00:00
[2025-03-07T02:45:49.441+0000] {processor.py:208} INFO - Processing /home/Ashreem/airflow-env/lib/python3.12/site-packages/airflow/example_dags/example_workday_timetable.py took 0.170 seconds
[2025-03-07T02:46:52.361+0000] {processor.py:186} INFO - Started process (PID=47215) to work on /home/Ashreem/airflow-env/lib/python3.12/site-packages/airflow/example_dags/example_workday_timetable.py
[2025-03-07T02:46:52.362+0000] {processor.py:914} INFO - Processing file /home/Ashreem/airflow-env/lib/python3.12/site-packages/airflow/example_dags/example_workday_timetable.py for tasks to queue
[2025-03-07T02:46:52.366+0000] {logging_mixin.py:190} INFO - [2025-03-07T02:46:52.366+0000] {dagbag.py:588} INFO - Filling up the DagBag from /home/Ashreem/airflow-env/lib/python3.12/site-packages/airflow/example_dags/example_workday_timetable.py
[2025-03-07T02:46:52.375+0000] {processor.py:925} INFO - DAG(s) 'example_workday_timetable' retrieved from /home/Ashreem/airflow-env/lib/python3.12/site-packages/airflow/example_dags/example_workday_timetable.py
[2025-03-07T02:46:52.393+0000] {logging_mixin.py:190} INFO - [2025-03-07T02:46:52.393+0000] {dag.py:3239} INFO - Sync 1 DAGs
[2025-03-07T02:46:52.475+0000] {logging_mixin.py:190} INFO - [2025-03-07T02:46:52.474+0000] {dag.py:4180} INFO - Setting next_dagrun for example_workday_timetable to 2021-01-04 00:00:00+00:00, run_after=2021-01-05 00:00:00+00:00
[2025-03-07T02:46:52.517+0000] {processor.py:208} INFO - Processing /home/Ashreem/airflow-env/lib/python3.12/site-packages/airflow/example_dags/example_workday_timetable.py took 0.164 seconds
[2025-03-07T02:47:56.918+0000] {processor.py:186} INFO - Started process (PID=47277) to work on /home/Ashreem/airflow-env/lib/python3.12/site-packages/airflow/example_dags/example_workday_timetable.py
[2025-03-07T02:47:56.920+0000] {processor.py:914} INFO - Processing file /home/Ashreem/airflow-env/lib/python3.12/site-packages/airflow/example_dags/example_workday_timetable.py for tasks to queue
[2025-03-07T02:47:56.923+0000] {logging_mixin.py:190} INFO - [2025-03-07T02:47:56.922+0000] {dagbag.py:588} INFO - Filling up the DagBag from /home/Ashreem/airflow-env/lib/python3.12/site-packages/airflow/example_dags/example_workday_timetable.py
[2025-03-07T02:47:56.931+0000] {processor.py:925} INFO - DAG(s) 'example_workday_timetable' retrieved from /home/Ashreem/airflow-env/lib/python3.12/site-packages/airflow/example_dags/example_workday_timetable.py
[2025-03-07T02:47:56.948+0000] {logging_mixin.py:190} INFO - [2025-03-07T02:47:56.948+0000] {dag.py:3239} INFO - Sync 1 DAGs
[2025-03-07T02:47:57.027+0000] {logging_mixin.py:190} INFO - [2025-03-07T02:47:57.027+0000] {dag.py:4180} INFO - Setting next_dagrun for example_workday_timetable to 2021-01-04 00:00:00+00:00, run_after=2021-01-05 00:00:00+00:00
[2025-03-07T02:47:57.068+0000] {processor.py:208} INFO - Processing /home/Ashreem/airflow-env/lib/python3.12/site-packages/airflow/example_dags/example_workday_timetable.py took 0.159 seconds
[2025-03-07T02:49:06.290+0000] {processor.py:186} INFO - Started process (PID=47357) to work on /home/Ashreem/airflow-env/lib/python3.12/site-packages/airflow/example_dags/example_workday_timetable.py
[2025-03-07T02:49:06.292+0000] {processor.py:914} INFO - Processing file /home/Ashreem/airflow-env/lib/python3.12/site-packages/airflow/example_dags/example_workday_timetable.py for tasks to queue
[2025-03-07T02:49:06.294+0000] {logging_mixin.py:190} INFO - [2025-03-07T02:49:06.294+0000] {dagbag.py:588} INFO - Filling up the DagBag from /home/Ashreem/airflow-env/lib/python3.12/site-packages/airflow/example_dags/example_workday_timetable.py
[2025-03-07T02:49:06.303+0000] {processor.py:925} INFO - DAG(s) 'example_workday_timetable' retrieved from /home/Ashreem/airflow-env/lib/python3.12/site-packages/airflow/example_dags/example_workday_timetable.py
[2025-03-07T02:49:06.321+0000] {logging_mixin.py:190} INFO - [2025-03-07T02:49:06.321+0000] {dag.py:3239} INFO - Sync 1 DAGs
[2025-03-07T02:49:06.402+0000] {logging_mixin.py:190} INFO - [2025-03-07T02:49:06.402+0000] {dag.py:4180} INFO - Setting next_dagrun for example_workday_timetable to 2021-01-04 00:00:00+00:00, run_after=2021-01-05 00:00:00+00:00
[2025-03-07T02:49:06.441+0000] {processor.py:208} INFO - Processing /home/Ashreem/airflow-env/lib/python3.12/site-packages/airflow/example_dags/example_workday_timetable.py took 0.159 seconds
[2025-03-07T02:50:15.203+0000] {processor.py:186} INFO - Started process (PID=47430) to work on /home/Ashreem/airflow-env/lib/python3.12/site-packages/airflow/example_dags/example_workday_timetable.py
[2025-03-07T02:50:15.204+0000] {processor.py:914} INFO - Processing file /home/Ashreem/airflow-env/lib/python3.12/site-packages/airflow/example_dags/example_workday_timetable.py for tasks to queue
[2025-03-07T02:50:15.207+0000] {logging_mixin.py:190} INFO - [2025-03-07T02:50:15.207+0000] {dagbag.py:588} INFO - Filling up the DagBag from /home/Ashreem/airflow-env/lib/python3.12/site-packages/airflow/example_dags/example_workday_timetable.py
[2025-03-07T02:50:15.218+0000] {processor.py:925} INFO - DAG(s) 'example_workday_timetable' retrieved from /home/Ashreem/airflow-env/lib/python3.12/site-packages/airflow/example_dags/example_workday_timetable.py
[2025-03-07T02:50:15.239+0000] {logging_mixin.py:190} INFO - [2025-03-07T02:50:15.239+0000] {dag.py:3239} INFO - Sync 1 DAGs
[2025-03-07T02:50:15.326+0000] {logging_mixin.py:190} INFO - [2025-03-07T02:50:15.326+0000] {dag.py:4180} INFO - Setting next_dagrun for example_workday_timetable to 2021-01-04 00:00:00+00:00, run_after=2021-01-05 00:00:00+00:00
[2025-03-07T02:50:15.370+0000] {processor.py:208} INFO - Processing /home/Ashreem/airflow-env/lib/python3.12/site-packages/airflow/example_dags/example_workday_timetable.py took 0.175 seconds
[2025-03-07T02:51:13.059+0000] {processor.py:186} INFO - Started process (PID=47496) to work on /home/Ashreem/airflow-env/lib/python3.12/site-packages/airflow/example_dags/example_workday_timetable.py
[2025-03-07T02:51:13.060+0000] {processor.py:914} INFO - Processing file /home/Ashreem/airflow-env/lib/python3.12/site-packages/airflow/example_dags/example_workday_timetable.py for tasks to queue
[2025-03-07T02:51:13.063+0000] {logging_mixin.py:190} INFO - [2025-03-07T02:51:13.063+0000] {dagbag.py:588} INFO - Filling up the DagBag from /home/Ashreem/airflow-env/lib/python3.12/site-packages/airflow/example_dags/example_workday_timetable.py
[2025-03-07T02:51:13.072+0000] {processor.py:925} INFO - DAG(s) 'example_workday_timetable' retrieved from /home/Ashreem/airflow-env/lib/python3.12/site-packages/airflow/example_dags/example_workday_timetable.py
[2025-03-07T02:51:13.091+0000] {logging_mixin.py:190} INFO - [2025-03-07T02:51:13.091+0000] {dag.py:3239} INFO - Sync 1 DAGs
[2025-03-07T02:51:13.177+0000] {logging_mixin.py:190} INFO - [2025-03-07T02:51:13.177+0000] {dag.py:4180} INFO - Setting next_dagrun for example_workday_timetable to 2021-01-04 00:00:00+00:00, run_after=2021-01-05 00:00:00+00:00
[2025-03-07T02:51:13.212+0000] {processor.py:208} INFO - Processing /home/Ashreem/airflow-env/lib/python3.12/site-packages/airflow/example_dags/example_workday_timetable.py took 0.163 seconds
[2025-03-07T02:52:19.413+0000] {processor.py:186} INFO - Started process (PID=47563) to work on /home/Ashreem/airflow-env/lib/python3.12/site-packages/airflow/example_dags/example_workday_timetable.py
[2025-03-07T02:52:19.415+0000] {processor.py:914} INFO - Processing file /home/Ashreem/airflow-env/lib/python3.12/site-packages/airflow/example_dags/example_workday_timetable.py for tasks to queue
[2025-03-07T02:52:19.418+0000] {logging_mixin.py:190} INFO - [2025-03-07T02:52:19.417+0000] {dagbag.py:588} INFO - Filling up the DagBag from /home/Ashreem/airflow-env/lib/python3.12/site-packages/airflow/example_dags/example_workday_timetable.py
[2025-03-07T02:52:19.429+0000] {processor.py:925} INFO - DAG(s) 'example_workday_timetable' retrieved from /home/Ashreem/airflow-env/lib/python3.12/site-packages/airflow/example_dags/example_workday_timetable.py
[2025-03-07T02:52:19.450+0000] {logging_mixin.py:190} INFO - [2025-03-07T02:52:19.450+0000] {dag.py:3239} INFO - Sync 1 DAGs
[2025-03-07T02:52:19.535+0000] {logging_mixin.py:190} INFO - [2025-03-07T02:52:19.535+0000] {dag.py:4180} INFO - Setting next_dagrun for example_workday_timetable to 2021-01-04 00:00:00+00:00, run_after=2021-01-05 00:00:00+00:00
[2025-03-07T02:52:19.575+0000] {processor.py:208} INFO - Processing /home/Ashreem/airflow-env/lib/python3.12/site-packages/airflow/example_dags/example_workday_timetable.py took 0.170 seconds
[2025-03-07T02:53:23.089+0000] {processor.py:186} INFO - Started process (PID=47626) to work on /home/Ashreem/airflow-env/lib/python3.12/site-packages/airflow/example_dags/example_workday_timetable.py
[2025-03-07T02:53:23.090+0000] {processor.py:914} INFO - Processing file /home/Ashreem/airflow-env/lib/python3.12/site-packages/airflow/example_dags/example_workday_timetable.py for tasks to queue
[2025-03-07T02:53:23.093+0000] {logging_mixin.py:190} INFO - [2025-03-07T02:53:23.092+0000] {dagbag.py:588} INFO - Filling up the DagBag from /home/Ashreem/airflow-env/lib/python3.12/site-packages/airflow/example_dags/example_workday_timetable.py
[2025-03-07T02:53:23.104+0000] {processor.py:925} INFO - DAG(s) 'example_workday_timetable' retrieved from /home/Ashreem/airflow-env/lib/python3.12/site-packages/airflow/example_dags/example_workday_timetable.py
[2025-03-07T02:53:23.127+0000] {logging_mixin.py:190} INFO - [2025-03-07T02:53:23.127+0000] {dag.py:3239} INFO - Sync 1 DAGs
[2025-03-07T02:53:23.211+0000] {logging_mixin.py:190} INFO - [2025-03-07T02:53:23.211+0000] {dag.py:4180} INFO - Setting next_dagrun for example_workday_timetable to 2021-01-04 00:00:00+00:00, run_after=2021-01-05 00:00:00+00:00
[2025-03-07T02:53:23.252+0000] {processor.py:208} INFO - Processing /home/Ashreem/airflow-env/lib/python3.12/site-packages/airflow/example_dags/example_workday_timetable.py took 0.172 seconds
[2025-03-07T02:54:25.564+0000] {processor.py:186} INFO - Started process (PID=47691) to work on /home/Ashreem/airflow-env/lib/python3.12/site-packages/airflow/example_dags/example_workday_timetable.py
[2025-03-07T02:54:25.566+0000] {processor.py:914} INFO - Processing file /home/Ashreem/airflow-env/lib/python3.12/site-packages/airflow/example_dags/example_workday_timetable.py for tasks to queue
[2025-03-07T02:54:25.569+0000] {logging_mixin.py:190} INFO - [2025-03-07T02:54:25.568+0000] {dagbag.py:588} INFO - Filling up the DagBag from /home/Ashreem/airflow-env/lib/python3.12/site-packages/airflow/example_dags/example_workday_timetable.py
[2025-03-07T02:54:25.577+0000] {processor.py:925} INFO - DAG(s) 'example_workday_timetable' retrieved from /home/Ashreem/airflow-env/lib/python3.12/site-packages/airflow/example_dags/example_workday_timetable.py
[2025-03-07T02:54:25.595+0000] {logging_mixin.py:190} INFO - [2025-03-07T02:54:25.595+0000] {dag.py:3239} INFO - Sync 1 DAGs
[2025-03-07T02:54:25.674+0000] {logging_mixin.py:190} INFO - [2025-03-07T02:54:25.674+0000] {dag.py:4180} INFO - Setting next_dagrun for example_workday_timetable to 2021-01-04 00:00:00+00:00, run_after=2021-01-05 00:00:00+00:00
[2025-03-07T02:54:25.720+0000] {processor.py:208} INFO - Processing /home/Ashreem/airflow-env/lib/python3.12/site-packages/airflow/example_dags/example_workday_timetable.py took 0.163 seconds
[2025-03-07T02:55:26.997+0000] {processor.py:186} INFO - Started process (PID=47822) to work on /home/Ashreem/airflow-env/lib/python3.12/site-packages/airflow/example_dags/example_workday_timetable.py
[2025-03-07T02:55:26.999+0000] {processor.py:914} INFO - Processing file /home/Ashreem/airflow-env/lib/python3.12/site-packages/airflow/example_dags/example_workday_timetable.py for tasks to queue
[2025-03-07T02:55:27.001+0000] {logging_mixin.py:190} INFO - [2025-03-07T02:55:27.001+0000] {dagbag.py:588} INFO - Filling up the DagBag from /home/Ashreem/airflow-env/lib/python3.12/site-packages/airflow/example_dags/example_workday_timetable.py
[2025-03-07T02:55:27.010+0000] {processor.py:925} INFO - DAG(s) 'example_workday_timetable' retrieved from /home/Ashreem/airflow-env/lib/python3.12/site-packages/airflow/example_dags/example_workday_timetable.py
[2025-03-07T02:55:27.031+0000] {logging_mixin.py:190} INFO - [2025-03-07T02:55:27.030+0000] {dag.py:3239} INFO - Sync 1 DAGs
[2025-03-07T02:55:27.118+0000] {logging_mixin.py:190} INFO - [2025-03-07T02:55:27.118+0000] {dag.py:4180} INFO - Setting next_dagrun for example_workday_timetable to 2021-01-04 00:00:00+00:00, run_after=2021-01-05 00:00:00+00:00
[2025-03-07T02:55:27.161+0000] {processor.py:208} INFO - Processing /home/Ashreem/airflow-env/lib/python3.12/site-packages/airflow/example_dags/example_workday_timetable.py took 0.173 seconds
[2025-03-07T02:56:27.015+0000] {processor.py:186} INFO - Started process (PID=47924) to work on /home/Ashreem/airflow-env/lib/python3.12/site-packages/airflow/example_dags/example_workday_timetable.py
[2025-03-07T02:56:27.018+0000] {processor.py:914} INFO - Processing file /home/Ashreem/airflow-env/lib/python3.12/site-packages/airflow/example_dags/example_workday_timetable.py for tasks to queue
[2025-03-07T02:56:27.021+0000] {logging_mixin.py:190} INFO - [2025-03-07T02:56:27.020+0000] {dagbag.py:588} INFO - Filling up the DagBag from /home/Ashreem/airflow-env/lib/python3.12/site-packages/airflow/example_dags/example_workday_timetable.py
[2025-03-07T02:56:27.031+0000] {processor.py:925} INFO - DAG(s) 'example_workday_timetable' retrieved from /home/Ashreem/airflow-env/lib/python3.12/site-packages/airflow/example_dags/example_workday_timetable.py
[2025-03-07T02:56:27.063+0000] {logging_mixin.py:190} INFO - [2025-03-07T02:56:27.063+0000] {dag.py:3239} INFO - Sync 1 DAGs
[2025-03-07T02:56:27.156+0000] {logging_mixin.py:190} INFO - [2025-03-07T02:56:27.156+0000] {dag.py:4180} INFO - Setting next_dagrun for example_workday_timetable to 2021-01-04 00:00:00+00:00, run_after=2021-01-05 00:00:00+00:00
[2025-03-07T02:56:27.196+0000] {processor.py:208} INFO - Processing /home/Ashreem/airflow-env/lib/python3.12/site-packages/airflow/example_dags/example_workday_timetable.py took 0.188 seconds
[2025-03-07T02:56:32.361+0000] {processor.py:186} INFO - Started process (PID=47933) to work on /home/Ashreem/airflow-env/lib/python3.12/site-packages/airflow/example_dags/example_workday_timetable.py
[2025-03-07T02:56:32.363+0000] {processor.py:914} INFO - Processing file /home/Ashreem/airflow-env/lib/python3.12/site-packages/airflow/example_dags/example_workday_timetable.py for tasks to queue
[2025-03-07T02:56:32.366+0000] {logging_mixin.py:190} INFO - [2025-03-07T02:56:32.366+0000] {dagbag.py:588} INFO - Filling up the DagBag from /home/Ashreem/airflow-env/lib/python3.12/site-packages/airflow/example_dags/example_workday_timetable.py
[2025-03-07T02:56:32.380+0000] {processor.py:925} INFO - DAG(s) 'example_workday_timetable' retrieved from /home/Ashreem/airflow-env/lib/python3.12/site-packages/airflow/example_dags/example_workday_timetable.py
[2025-03-07T02:56:32.402+0000] {logging_mixin.py:190} INFO - [2025-03-07T02:56:32.401+0000] {dag.py:3239} INFO - Sync 1 DAGs
[2025-03-07T02:56:32.484+0000] {logging_mixin.py:190} INFO - [2025-03-07T02:56:32.483+0000] {dag.py:4180} INFO - Setting next_dagrun for example_workday_timetable to 2021-01-04 00:00:00+00:00, run_after=2021-01-05 00:00:00+00:00
[2025-03-07T02:56:32.521+0000] {processor.py:208} INFO - Processing /home/Ashreem/airflow-env/lib/python3.12/site-packages/airflow/example_dags/example_workday_timetable.py took 0.167 seconds
[2025-03-07T02:57:37.453+0000] {processor.py:186} INFO - Started process (PID=48041) to work on /home/Ashreem/airflow-env/lib/python3.12/site-packages/airflow/example_dags/example_workday_timetable.py
[2025-03-07T02:57:37.454+0000] {processor.py:914} INFO - Processing file /home/Ashreem/airflow-env/lib/python3.12/site-packages/airflow/example_dags/example_workday_timetable.py for tasks to queue
[2025-03-07T02:57:37.457+0000] {logging_mixin.py:190} INFO - [2025-03-07T02:57:37.457+0000] {dagbag.py:588} INFO - Filling up the DagBag from /home/Ashreem/airflow-env/lib/python3.12/site-packages/airflow/example_dags/example_workday_timetable.py
[2025-03-07T02:57:37.466+0000] {processor.py:925} INFO - DAG(s) 'example_workday_timetable' retrieved from /home/Ashreem/airflow-env/lib/python3.12/site-packages/airflow/example_dags/example_workday_timetable.py
[2025-03-07T02:57:37.488+0000] {logging_mixin.py:190} INFO - [2025-03-07T02:57:37.488+0000] {dag.py:3239} INFO - Sync 1 DAGs
[2025-03-07T02:57:37.572+0000] {logging_mixin.py:190} INFO - [2025-03-07T02:57:37.572+0000] {dag.py:4180} INFO - Setting next_dagrun for example_workday_timetable to 2021-01-04 00:00:00+00:00, run_after=2021-01-05 00:00:00+00:00
[2025-03-07T02:57:37.613+0000] {processor.py:208} INFO - Processing /home/Ashreem/airflow-env/lib/python3.12/site-packages/airflow/example_dags/example_workday_timetable.py took 0.168 seconds
[2025-03-07T02:58:41.401+0000] {processor.py:186} INFO - Started process (PID=48116) to work on /home/Ashreem/airflow-env/lib/python3.12/site-packages/airflow/example_dags/example_workday_timetable.py
[2025-03-07T02:58:41.402+0000] {processor.py:914} INFO - Processing file /home/Ashreem/airflow-env/lib/python3.12/site-packages/airflow/example_dags/example_workday_timetable.py for tasks to queue
[2025-03-07T02:58:41.405+0000] {logging_mixin.py:190} INFO - [2025-03-07T02:58:41.405+0000] {dagbag.py:588} INFO - Filling up the DagBag from /home/Ashreem/airflow-env/lib/python3.12/site-packages/airflow/example_dags/example_workday_timetable.py
[2025-03-07T02:58:41.416+0000] {processor.py:925} INFO - DAG(s) 'example_workday_timetable' retrieved from /home/Ashreem/airflow-env/lib/python3.12/site-packages/airflow/example_dags/example_workday_timetable.py
[2025-03-07T02:58:41.435+0000] {logging_mixin.py:190} INFO - [2025-03-07T02:58:41.435+0000] {dag.py:3239} INFO - Sync 1 DAGs
[2025-03-07T02:58:41.523+0000] {logging_mixin.py:190} INFO - [2025-03-07T02:58:41.522+0000] {dag.py:4180} INFO - Setting next_dagrun for example_workday_timetable to 2021-01-04 00:00:00+00:00, run_after=2021-01-05 00:00:00+00:00
[2025-03-07T02:58:41.563+0000] {processor.py:208} INFO - Processing /home/Ashreem/airflow-env/lib/python3.12/site-packages/airflow/example_dags/example_workday_timetable.py took 0.170 seconds
[2025-03-07T02:59:48.583+0000] {processor.py:186} INFO - Started process (PID=48228) to work on /home/Ashreem/airflow-env/lib/python3.12/site-packages/airflow/example_dags/example_workday_timetable.py
[2025-03-07T02:59:48.585+0000] {processor.py:914} INFO - Processing file /home/Ashreem/airflow-env/lib/python3.12/site-packages/airflow/example_dags/example_workday_timetable.py for tasks to queue
[2025-03-07T02:59:48.589+0000] {logging_mixin.py:190} INFO - [2025-03-07T02:59:48.588+0000] {dagbag.py:588} INFO - Filling up the DagBag from /home/Ashreem/airflow-env/lib/python3.12/site-packages/airflow/example_dags/example_workday_timetable.py
[2025-03-07T02:59:48.598+0000] {processor.py:925} INFO - DAG(s) 'example_workday_timetable' retrieved from /home/Ashreem/airflow-env/lib/python3.12/site-packages/airflow/example_dags/example_workday_timetable.py
[2025-03-07T02:59:48.616+0000] {logging_mixin.py:190} INFO - [2025-03-07T02:59:48.616+0000] {dag.py:3239} INFO - Sync 1 DAGs
[2025-03-07T02:59:48.696+0000] {logging_mixin.py:190} INFO - [2025-03-07T02:59:48.696+0000] {dag.py:4180} INFO - Setting next_dagrun for example_workday_timetable to 2021-01-04 00:00:00+00:00, run_after=2021-01-05 00:00:00+00:00
[2025-03-07T02:59:48.732+0000] {processor.py:208} INFO - Processing /home/Ashreem/airflow-env/lib/python3.12/site-packages/airflow/example_dags/example_workday_timetable.py took 0.157 seconds
[2025-03-07T03:00:55.634+0000] {processor.py:186} INFO - Started process (PID=48341) to work on /home/Ashreem/airflow-env/lib/python3.12/site-packages/airflow/example_dags/example_workday_timetable.py
[2025-03-07T03:00:55.638+0000] {processor.py:914} INFO - Processing file /home/Ashreem/airflow-env/lib/python3.12/site-packages/airflow/example_dags/example_workday_timetable.py for tasks to queue
[2025-03-07T03:00:55.641+0000] {logging_mixin.py:190} INFO - [2025-03-07T03:00:55.640+0000] {dagbag.py:588} INFO - Filling up the DagBag from /home/Ashreem/airflow-env/lib/python3.12/site-packages/airflow/example_dags/example_workday_timetable.py
[2025-03-07T03:00:55.651+0000] {processor.py:925} INFO - DAG(s) 'example_workday_timetable' retrieved from /home/Ashreem/airflow-env/lib/python3.12/site-packages/airflow/example_dags/example_workday_timetable.py
[2025-03-07T03:00:55.670+0000] {logging_mixin.py:190} INFO - [2025-03-07T03:00:55.670+0000] {dag.py:3239} INFO - Sync 1 DAGs
[2025-03-07T03:00:55.761+0000] {logging_mixin.py:190} INFO - [2025-03-07T03:00:55.761+0000] {dag.py:4180} INFO - Setting next_dagrun for example_workday_timetable to 2021-01-04 00:00:00+00:00, run_after=2021-01-05 00:00:00+00:00
[2025-03-07T03:00:55.798+0000] {processor.py:208} INFO - Processing /home/Ashreem/airflow-env/lib/python3.12/site-packages/airflow/example_dags/example_workday_timetable.py took 0.172 seconds
[2025-03-07T03:01:56.520+0000] {processor.py:186} INFO - Started process (PID=48408) to work on /home/Ashreem/airflow-env/lib/python3.12/site-packages/airflow/example_dags/example_workday_timetable.py
[2025-03-07T03:01:56.522+0000] {processor.py:914} INFO - Processing file /home/Ashreem/airflow-env/lib/python3.12/site-packages/airflow/example_dags/example_workday_timetable.py for tasks to queue
[2025-03-07T03:01:56.525+0000] {logging_mixin.py:190} INFO - [2025-03-07T03:01:56.525+0000] {dagbag.py:588} INFO - Filling up the DagBag from /home/Ashreem/airflow-env/lib/python3.12/site-packages/airflow/example_dags/example_workday_timetable.py
[2025-03-07T03:01:56.534+0000] {processor.py:925} INFO - DAG(s) 'example_workday_timetable' retrieved from /home/Ashreem/airflow-env/lib/python3.12/site-packages/airflow/example_dags/example_workday_timetable.py
[2025-03-07T03:01:56.554+0000] {logging_mixin.py:190} INFO - [2025-03-07T03:01:56.554+0000] {dag.py:3239} INFO - Sync 1 DAGs
[2025-03-07T03:01:56.637+0000] {logging_mixin.py:190} INFO - [2025-03-07T03:01:56.636+0000] {dag.py:4180} INFO - Setting next_dagrun for example_workday_timetable to 2021-01-04 00:00:00+00:00, run_after=2021-01-05 00:00:00+00:00
[2025-03-07T03:01:56.673+0000] {processor.py:208} INFO - Processing /home/Ashreem/airflow-env/lib/python3.12/site-packages/airflow/example_dags/example_workday_timetable.py took 0.160 seconds
[2025-03-07T03:02:56.787+0000] {processor.py:186} INFO - Started process (PID=48539) to work on /home/Ashreem/airflow-env/lib/python3.12/site-packages/airflow/example_dags/example_workday_timetable.py
[2025-03-07T03:02:56.788+0000] {processor.py:914} INFO - Processing file /home/Ashreem/airflow-env/lib/python3.12/site-packages/airflow/example_dags/example_workday_timetable.py for tasks to queue
[2025-03-07T03:02:56.791+0000] {logging_mixin.py:190} INFO - [2025-03-07T03:02:56.791+0000] {dagbag.py:588} INFO - Filling up the DagBag from /home/Ashreem/airflow-env/lib/python3.12/site-packages/airflow/example_dags/example_workday_timetable.py
[2025-03-07T03:02:56.803+0000] {processor.py:925} INFO - DAG(s) 'example_workday_timetable' retrieved from /home/Ashreem/airflow-env/lib/python3.12/site-packages/airflow/example_dags/example_workday_timetable.py
[2025-03-07T03:02:56.823+0000] {logging_mixin.py:190} INFO - [2025-03-07T03:02:56.823+0000] {dag.py:3239} INFO - Sync 1 DAGs
[2025-03-07T03:02:56.909+0000] {logging_mixin.py:190} INFO - [2025-03-07T03:02:56.909+0000] {dag.py:4180} INFO - Setting next_dagrun for example_workday_timetable to 2021-01-04 00:00:00+00:00, run_after=2021-01-05 00:00:00+00:00
[2025-03-07T03:02:56.946+0000] {processor.py:208} INFO - Processing /home/Ashreem/airflow-env/lib/python3.12/site-packages/airflow/example_dags/example_workday_timetable.py took 0.167 seconds
[2025-03-07T03:03:42.830+0000] {processor.py:186} INFO - Started process (PID=48612) to work on /home/Ashreem/airflow-env/lib/python3.12/site-packages/airflow/example_dags/example_workday_timetable.py
[2025-03-07T03:03:42.831+0000] {processor.py:914} INFO - Processing file /home/Ashreem/airflow-env/lib/python3.12/site-packages/airflow/example_dags/example_workday_timetable.py for tasks to queue
[2025-03-07T03:03:42.834+0000] {logging_mixin.py:190} INFO - [2025-03-07T03:03:42.834+0000] {dagbag.py:588} INFO - Filling up the DagBag from /home/Ashreem/airflow-env/lib/python3.12/site-packages/airflow/example_dags/example_workday_timetable.py
[2025-03-07T03:03:42.844+0000] {processor.py:925} INFO - DAG(s) 'example_workday_timetable' retrieved from /home/Ashreem/airflow-env/lib/python3.12/site-packages/airflow/example_dags/example_workday_timetable.py
[2025-03-07T03:03:42.875+0000] {logging_mixin.py:190} INFO - [2025-03-07T03:03:42.875+0000] {dag.py:3239} INFO - Sync 1 DAGs
[2025-03-07T03:03:42.966+0000] {logging_mixin.py:190} INFO - [2025-03-07T03:03:42.966+0000] {dag.py:4180} INFO - Setting next_dagrun for example_workday_timetable to 2021-01-04 00:00:00+00:00, run_after=2021-01-05 00:00:00+00:00
[2025-03-07T03:03:43.003+0000] {processor.py:208} INFO - Processing /home/Ashreem/airflow-env/lib/python3.12/site-packages/airflow/example_dags/example_workday_timetable.py took 0.182 seconds
[2025-03-07T03:04:45.198+0000] {processor.py:186} INFO - Started process (PID=48680) to work on /home/Ashreem/airflow-env/lib/python3.12/site-packages/airflow/example_dags/example_workday_timetable.py
[2025-03-07T03:04:45.200+0000] {processor.py:914} INFO - Processing file /home/Ashreem/airflow-env/lib/python3.12/site-packages/airflow/example_dags/example_workday_timetable.py for tasks to queue
[2025-03-07T03:04:45.203+0000] {logging_mixin.py:190} INFO - [2025-03-07T03:04:45.203+0000] {dagbag.py:588} INFO - Filling up the DagBag from /home/Ashreem/airflow-env/lib/python3.12/site-packages/airflow/example_dags/example_workday_timetable.py
[2025-03-07T03:04:45.212+0000] {processor.py:925} INFO - DAG(s) 'example_workday_timetable' retrieved from /home/Ashreem/airflow-env/lib/python3.12/site-packages/airflow/example_dags/example_workday_timetable.py
[2025-03-07T03:04:45.233+0000] {logging_mixin.py:190} INFO - [2025-03-07T03:04:45.233+0000] {dag.py:3239} INFO - Sync 1 DAGs
[2025-03-07T03:04:45.319+0000] {logging_mixin.py:190} INFO - [2025-03-07T03:04:45.319+0000] {dag.py:4180} INFO - Setting next_dagrun for example_workday_timetable to 2021-01-04 00:00:00+00:00, run_after=2021-01-05 00:00:00+00:00
[2025-03-07T03:04:45.360+0000] {processor.py:208} INFO - Processing /home/Ashreem/airflow-env/lib/python3.12/site-packages/airflow/example_dags/example_workday_timetable.py took 0.170 seconds
[2025-03-07T03:05:44.967+0000] {processor.py:186} INFO - Started process (PID=48929) to work on /home/Ashreem/airflow-env/lib/python3.12/site-packages/airflow/example_dags/example_workday_timetable.py
[2025-03-07T03:05:44.969+0000] {processor.py:914} INFO - Processing file /home/Ashreem/airflow-env/lib/python3.12/site-packages/airflow/example_dags/example_workday_timetable.py for tasks to queue
[2025-03-07T03:05:44.974+0000] {logging_mixin.py:190} INFO - [2025-03-07T03:05:44.973+0000] {dagbag.py:588} INFO - Filling up the DagBag from /home/Ashreem/airflow-env/lib/python3.12/site-packages/airflow/example_dags/example_workday_timetable.py
[2025-03-07T03:05:44.985+0000] {processor.py:925} INFO - DAG(s) 'example_workday_timetable' retrieved from /home/Ashreem/airflow-env/lib/python3.12/site-packages/airflow/example_dags/example_workday_timetable.py
[2025-03-07T03:05:45.009+0000] {logging_mixin.py:190} INFO - [2025-03-07T03:05:45.009+0000] {dag.py:3239} INFO - Sync 1 DAGs
[2025-03-07T03:05:45.101+0000] {logging_mixin.py:190} INFO - [2025-03-07T03:05:45.100+0000] {dag.py:4180} INFO - Setting next_dagrun for example_workday_timetable to 2021-01-04 00:00:00+00:00, run_after=2021-01-05 00:00:00+00:00
[2025-03-07T03:05:45.143+0000] {processor.py:208} INFO - Processing /home/Ashreem/airflow-env/lib/python3.12/site-packages/airflow/example_dags/example_workday_timetable.py took 0.186 seconds
[2025-03-07T03:06:52.059+0000] {processor.py:186} INFO - Started process (PID=48999) to work on /home/Ashreem/airflow-env/lib/python3.12/site-packages/airflow/example_dags/example_workday_timetable.py
[2025-03-07T03:06:52.060+0000] {processor.py:914} INFO - Processing file /home/Ashreem/airflow-env/lib/python3.12/site-packages/airflow/example_dags/example_workday_timetable.py for tasks to queue
[2025-03-07T03:06:52.064+0000] {logging_mixin.py:190} INFO - [2025-03-07T03:06:52.063+0000] {dagbag.py:588} INFO - Filling up the DagBag from /home/Ashreem/airflow-env/lib/python3.12/site-packages/airflow/example_dags/example_workday_timetable.py
[2025-03-07T03:06:52.073+0000] {processor.py:925} INFO - DAG(s) 'example_workday_timetable' retrieved from /home/Ashreem/airflow-env/lib/python3.12/site-packages/airflow/example_dags/example_workday_timetable.py
[2025-03-07T03:06:52.094+0000] {logging_mixin.py:190} INFO - [2025-03-07T03:06:52.094+0000] {dag.py:3239} INFO - Sync 1 DAGs
[2025-03-07T03:06:52.185+0000] {logging_mixin.py:190} INFO - [2025-03-07T03:06:52.185+0000] {dag.py:4180} INFO - Setting next_dagrun for example_workday_timetable to 2021-01-04 00:00:00+00:00, run_after=2021-01-05 00:00:00+00:00
[2025-03-07T03:06:52.230+0000] {processor.py:208} INFO - Processing /home/Ashreem/airflow-env/lib/python3.12/site-packages/airflow/example_dags/example_workday_timetable.py took 0.181 seconds
[2025-03-07T03:07:58.606+0000] {processor.py:186} INFO - Started process (PID=49080) to work on /home/Ashreem/airflow-env/lib/python3.12/site-packages/airflow/example_dags/example_workday_timetable.py
[2025-03-07T03:07:58.607+0000] {processor.py:914} INFO - Processing file /home/Ashreem/airflow-env/lib/python3.12/site-packages/airflow/example_dags/example_workday_timetable.py for tasks to queue
[2025-03-07T03:07:58.614+0000] {logging_mixin.py:190} INFO - [2025-03-07T03:07:58.613+0000] {dagbag.py:588} INFO - Filling up the DagBag from /home/Ashreem/airflow-env/lib/python3.12/site-packages/airflow/example_dags/example_workday_timetable.py
[2025-03-07T03:07:58.625+0000] {processor.py:925} INFO - DAG(s) 'example_workday_timetable' retrieved from /home/Ashreem/airflow-env/lib/python3.12/site-packages/airflow/example_dags/example_workday_timetable.py
[2025-03-07T03:07:58.653+0000] {logging_mixin.py:190} INFO - [2025-03-07T03:07:58.653+0000] {dag.py:3239} INFO - Sync 1 DAGs
[2025-03-07T03:07:58.738+0000] {logging_mixin.py:190} INFO - [2025-03-07T03:07:58.737+0000] {dag.py:4180} INFO - Setting next_dagrun for example_workday_timetable to 2021-01-04 00:00:00+00:00, run_after=2021-01-05 00:00:00+00:00
[2025-03-07T03:07:58.773+0000] {processor.py:208} INFO - Processing /home/Ashreem/airflow-env/lib/python3.12/site-packages/airflow/example_dags/example_workday_timetable.py took 0.185 seconds
[2025-03-07T03:09:00.973+0000] {processor.py:186} INFO - Started process (PID=49152) to work on /home/Ashreem/airflow-env/lib/python3.12/site-packages/airflow/example_dags/example_workday_timetable.py
[2025-03-07T03:09:00.974+0000] {processor.py:914} INFO - Processing file /home/Ashreem/airflow-env/lib/python3.12/site-packages/airflow/example_dags/example_workday_timetable.py for tasks to queue
[2025-03-07T03:09:00.978+0000] {logging_mixin.py:190} INFO - [2025-03-07T03:09:00.977+0000] {dagbag.py:588} INFO - Filling up the DagBag from /home/Ashreem/airflow-env/lib/python3.12/site-packages/airflow/example_dags/example_workday_timetable.py
[2025-03-07T03:09:00.986+0000] {processor.py:925} INFO - DAG(s) 'example_workday_timetable' retrieved from /home/Ashreem/airflow-env/lib/python3.12/site-packages/airflow/example_dags/example_workday_timetable.py
[2025-03-07T03:09:01.006+0000] {logging_mixin.py:190} INFO - [2025-03-07T03:09:01.005+0000] {dag.py:3239} INFO - Sync 1 DAGs
[2025-03-07T03:09:01.094+0000] {logging_mixin.py:190} INFO - [2025-03-07T03:09:01.094+0000] {dag.py:4180} INFO - Setting next_dagrun for example_workday_timetable to 2021-01-04 00:00:00+00:00, run_after=2021-01-05 00:00:00+00:00
[2025-03-07T03:09:01.143+0000] {processor.py:208} INFO - Processing /home/Ashreem/airflow-env/lib/python3.12/site-packages/airflow/example_dags/example_workday_timetable.py took 0.178 seconds
[2025-03-07T03:10:00.742+0000] {processor.py:186} INFO - Started process (PID=49212) to work on /home/Ashreem/airflow-env/lib/python3.12/site-packages/airflow/example_dags/example_workday_timetable.py
[2025-03-07T03:10:00.744+0000] {processor.py:914} INFO - Processing file /home/Ashreem/airflow-env/lib/python3.12/site-packages/airflow/example_dags/example_workday_timetable.py for tasks to queue
[2025-03-07T03:10:00.748+0000] {logging_mixin.py:190} INFO - [2025-03-07T03:10:00.747+0000] {dagbag.py:588} INFO - Filling up the DagBag from /home/Ashreem/airflow-env/lib/python3.12/site-packages/airflow/example_dags/example_workday_timetable.py
[2025-03-07T03:10:00.757+0000] {processor.py:925} INFO - DAG(s) 'example_workday_timetable' retrieved from /home/Ashreem/airflow-env/lib/python3.12/site-packages/airflow/example_dags/example_workday_timetable.py
[2025-03-07T03:10:00.779+0000] {logging_mixin.py:190} INFO - [2025-03-07T03:10:00.778+0000] {dag.py:3239} INFO - Sync 1 DAGs
[2025-03-07T03:10:00.866+0000] {logging_mixin.py:190} INFO - [2025-03-07T03:10:00.865+0000] {dag.py:4180} INFO - Setting next_dagrun for example_workday_timetable to 2021-01-04 00:00:00+00:00, run_after=2021-01-05 00:00:00+00:00
[2025-03-07T03:10:00.911+0000] {processor.py:208} INFO - Processing /home/Ashreem/airflow-env/lib/python3.12/site-packages/airflow/example_dags/example_workday_timetable.py took 0.177 seconds
