[2025-03-07T02:30:24.295+0000] {processor.py:186} INFO - Started process (PID=45978) to work on /home/Ashreem/airflow-env/lib/python3.12/site-packages/airflow/example_dags/example_time_delta_sensor_async.py
[2025-03-07T02:30:24.297+0000] {processor.py:914} INFO - Processing file /home/Ashreem/airflow-env/lib/python3.12/site-packages/airflow/example_dags/example_time_delta_sensor_async.py for tasks to queue
[2025-03-07T02:30:24.299+0000] {logging_mixin.py:190} INFO - [2025-03-07T02:30:24.299+0000] {dagbag.py:588} INFO - Filling up the DagBag from /home/Ashreem/airflow-env/lib/python3.12/site-packages/airflow/example_dags/example_time_delta_sensor_async.py
[2025-03-07T02:30:24.309+0000] {processor.py:925} INFO - DAG(s) 'example_time_delta_sensor_async' retrieved from /home/Ashreem/airflow-env/lib/python3.12/site-packages/airflow/example_dags/example_time_delta_sensor_async.py
[2025-03-07T02:30:24.484+0000] {logging_mixin.py:190} INFO - [2025-03-07T02:30:24.483+0000] {override.py:1930} INFO - Created Permission View: can read on DAG:example_time_delta_sensor_async
[2025-03-07T02:30:24.511+0000] {logging_mixin.py:190} INFO - [2025-03-07T02:30:24.510+0000] {override.py:1930} INFO - Created Permission View: can delete on DAG:example_time_delta_sensor_async
[2025-03-07T02:30:24.535+0000] {logging_mixin.py:190} INFO - [2025-03-07T02:30:24.534+0000] {override.py:1930} INFO - Created Permission View: can edit on DAG:example_time_delta_sensor_async
[2025-03-07T02:30:24.576+0000] {logging_mixin.py:190} INFO - [2025-03-07T02:30:24.575+0000] {override.py:1930} INFO - Created Permission View: can read on DAG Run:example_time_delta_sensor_async
[2025-03-07T02:30:24.597+0000] {logging_mixin.py:190} INFO - [2025-03-07T02:30:24.596+0000] {override.py:1930} INFO - Created Permission View: can delete on DAG Run:example_time_delta_sensor_async
[2025-03-07T02:30:24.621+0000] {logging_mixin.py:190} INFO - [2025-03-07T02:30:24.621+0000] {override.py:1930} INFO - Created Permission View: menu access on DAG Run:example_time_delta_sensor_async
[2025-03-07T02:30:24.641+0000] {logging_mixin.py:190} INFO - [2025-03-07T02:30:24.640+0000] {override.py:1930} INFO - Created Permission View: can create on DAG Run:example_time_delta_sensor_async
[2025-03-07T02:30:24.641+0000] {logging_mixin.py:190} INFO - [2025-03-07T02:30:24.641+0000] {dag.py:3239} INFO - Sync 1 DAGs
[2025-03-07T02:30:24.657+0000] {logging_mixin.py:190} INFO - [2025-03-07T02:30:24.657+0000] {dag.py:3262} INFO - Creating ORM DAG for example_time_delta_sensor_async
[2025-03-07T02:30:24.658+0000] {logging_mixin.py:190} INFO - [2025-03-07T02:30:24.658+0000] {dag.py:4180} INFO - Setting next_dagrun for example_time_delta_sensor_async to None, run_after=None
[2025-03-07T02:30:24.692+0000] {processor.py:208} INFO - Processing /home/Ashreem/airflow-env/lib/python3.12/site-packages/airflow/example_dags/example_time_delta_sensor_async.py took 0.405 seconds
[2025-03-07T02:33:04.997+0000] {processor.py:186} INFO - Started process (PID=46082) to work on /home/Ashreem/airflow-env/lib/python3.12/site-packages/airflow/example_dags/example_time_delta_sensor_async.py
[2025-03-07T02:33:05.000+0000] {processor.py:914} INFO - Processing file /home/Ashreem/airflow-env/lib/python3.12/site-packages/airflow/example_dags/example_time_delta_sensor_async.py for tasks to queue
[2025-03-07T02:33:05.002+0000] {logging_mixin.py:190} INFO - [2025-03-07T02:33:05.002+0000] {dagbag.py:588} INFO - Filling up the DagBag from /home/Ashreem/airflow-env/lib/python3.12/site-packages/airflow/example_dags/example_time_delta_sensor_async.py
[2025-03-07T02:33:05.013+0000] {processor.py:925} INFO - DAG(s) 'example_time_delta_sensor_async' retrieved from /home/Ashreem/airflow-env/lib/python3.12/site-packages/airflow/example_dags/example_time_delta_sensor_async.py
[2025-03-07T02:33:05.043+0000] {logging_mixin.py:190} INFO - [2025-03-07T02:33:05.042+0000] {dag.py:3239} INFO - Sync 1 DAGs
[2025-03-07T02:33:05.059+0000] {logging_mixin.py:190} INFO - [2025-03-07T02:33:05.059+0000] {dag.py:4180} INFO - Setting next_dagrun for example_time_delta_sensor_async to None, run_after=None
[2025-03-07T02:33:05.105+0000] {processor.py:208} INFO - Processing /home/Ashreem/airflow-env/lib/python3.12/site-packages/airflow/example_dags/example_time_delta_sensor_async.py took 0.118 seconds
[2025-03-07T02:34:09.010+0000] {processor.py:186} INFO - Started process (PID=46415) to work on /home/Ashreem/airflow-env/lib/python3.12/site-packages/airflow/example_dags/example_time_delta_sensor_async.py
[2025-03-07T02:34:09.012+0000] {processor.py:914} INFO - Processing file /home/Ashreem/airflow-env/lib/python3.12/site-packages/airflow/example_dags/example_time_delta_sensor_async.py for tasks to queue
[2025-03-07T02:34:09.014+0000] {logging_mixin.py:190} INFO - [2025-03-07T02:34:09.014+0000] {dagbag.py:588} INFO - Filling up the DagBag from /home/Ashreem/airflow-env/lib/python3.12/site-packages/airflow/example_dags/example_time_delta_sensor_async.py
[2025-03-07T02:34:09.025+0000] {processor.py:925} INFO - DAG(s) 'example_time_delta_sensor_async' retrieved from /home/Ashreem/airflow-env/lib/python3.12/site-packages/airflow/example_dags/example_time_delta_sensor_async.py
[2025-03-07T02:34:09.044+0000] {logging_mixin.py:190} INFO - [2025-03-07T02:34:09.044+0000] {dag.py:3239} INFO - Sync 1 DAGs
[2025-03-07T02:34:09.060+0000] {logging_mixin.py:190} INFO - [2025-03-07T02:34:09.060+0000] {dag.py:4180} INFO - Setting next_dagrun for example_time_delta_sensor_async to None, run_after=None
[2025-03-07T02:34:09.103+0000] {processor.py:208} INFO - Processing /home/Ashreem/airflow-env/lib/python3.12/site-packages/airflow/example_dags/example_time_delta_sensor_async.py took 0.100 seconds
[2025-03-07T02:35:16.572+0000] {processor.py:186} INFO - Started process (PID=46481) to work on /home/Ashreem/airflow-env/lib/python3.12/site-packages/airflow/example_dags/example_time_delta_sensor_async.py
[2025-03-07T02:35:16.574+0000] {processor.py:914} INFO - Processing file /home/Ashreem/airflow-env/lib/python3.12/site-packages/airflow/example_dags/example_time_delta_sensor_async.py for tasks to queue
[2025-03-07T02:35:16.577+0000] {logging_mixin.py:190} INFO - [2025-03-07T02:35:16.576+0000] {dagbag.py:588} INFO - Filling up the DagBag from /home/Ashreem/airflow-env/lib/python3.12/site-packages/airflow/example_dags/example_time_delta_sensor_async.py
[2025-03-07T02:35:16.586+0000] {processor.py:925} INFO - DAG(s) 'example_time_delta_sensor_async' retrieved from /home/Ashreem/airflow-env/lib/python3.12/site-packages/airflow/example_dags/example_time_delta_sensor_async.py
[2025-03-07T02:35:16.606+0000] {logging_mixin.py:190} INFO - [2025-03-07T02:35:16.606+0000] {dag.py:3239} INFO - Sync 1 DAGs
[2025-03-07T02:35:16.621+0000] {logging_mixin.py:190} INFO - [2025-03-07T02:35:16.621+0000] {dag.py:4180} INFO - Setting next_dagrun for example_time_delta_sensor_async to None, run_after=None
[2025-03-07T02:35:16.659+0000] {processor.py:208} INFO - Processing /home/Ashreem/airflow-env/lib/python3.12/site-packages/airflow/example_dags/example_time_delta_sensor_async.py took 0.094 seconds
[2025-03-07T02:36:23.532+0000] {processor.py:186} INFO - Started process (PID=46550) to work on /home/Ashreem/airflow-env/lib/python3.12/site-packages/airflow/example_dags/example_time_delta_sensor_async.py
[2025-03-07T02:36:23.534+0000] {processor.py:914} INFO - Processing file /home/Ashreem/airflow-env/lib/python3.12/site-packages/airflow/example_dags/example_time_delta_sensor_async.py for tasks to queue
[2025-03-07T02:36:23.537+0000] {logging_mixin.py:190} INFO - [2025-03-07T02:36:23.537+0000] {dagbag.py:588} INFO - Filling up the DagBag from /home/Ashreem/airflow-env/lib/python3.12/site-packages/airflow/example_dags/example_time_delta_sensor_async.py
[2025-03-07T02:36:23.549+0000] {processor.py:925} INFO - DAG(s) 'example_time_delta_sensor_async' retrieved from /home/Ashreem/airflow-env/lib/python3.12/site-packages/airflow/example_dags/example_time_delta_sensor_async.py
[2025-03-07T02:36:23.568+0000] {logging_mixin.py:190} INFO - [2025-03-07T02:36:23.568+0000] {dag.py:3239} INFO - Sync 1 DAGs
[2025-03-07T02:36:23.595+0000] {logging_mixin.py:190} INFO - [2025-03-07T02:36:23.595+0000] {dag.py:4180} INFO - Setting next_dagrun for example_time_delta_sensor_async to None, run_after=None
[2025-03-07T02:36:23.635+0000] {processor.py:208} INFO - Processing /home/Ashreem/airflow-env/lib/python3.12/site-packages/airflow/example_dags/example_time_delta_sensor_async.py took 0.111 seconds
[2025-03-07T02:37:28.476+0000] {processor.py:186} INFO - Started process (PID=46613) to work on /home/Ashreem/airflow-env/lib/python3.12/site-packages/airflow/example_dags/example_time_delta_sensor_async.py
[2025-03-07T02:37:28.478+0000] {processor.py:914} INFO - Processing file /home/Ashreem/airflow-env/lib/python3.12/site-packages/airflow/example_dags/example_time_delta_sensor_async.py for tasks to queue
[2025-03-07T02:37:28.481+0000] {logging_mixin.py:190} INFO - [2025-03-07T02:37:28.481+0000] {dagbag.py:588} INFO - Filling up the DagBag from /home/Ashreem/airflow-env/lib/python3.12/site-packages/airflow/example_dags/example_time_delta_sensor_async.py
[2025-03-07T02:37:28.491+0000] {processor.py:925} INFO - DAG(s) 'example_time_delta_sensor_async' retrieved from /home/Ashreem/airflow-env/lib/python3.12/site-packages/airflow/example_dags/example_time_delta_sensor_async.py
[2025-03-07T02:37:28.512+0000] {logging_mixin.py:190} INFO - [2025-03-07T02:37:28.512+0000] {dag.py:3239} INFO - Sync 1 DAGs
[2025-03-07T02:37:28.530+0000] {logging_mixin.py:190} INFO - [2025-03-07T02:37:28.530+0000] {dag.py:4180} INFO - Setting next_dagrun for example_time_delta_sensor_async to None, run_after=None
[2025-03-07T02:37:28.573+0000] {processor.py:208} INFO - Processing /home/Ashreem/airflow-env/lib/python3.12/site-packages/airflow/example_dags/example_time_delta_sensor_async.py took 0.112 seconds
[2025-03-07T02:38:30.572+0000] {processor.py:186} INFO - Started process (PID=46677) to work on /home/Ashreem/airflow-env/lib/python3.12/site-packages/airflow/example_dags/example_time_delta_sensor_async.py
[2025-03-07T02:38:30.574+0000] {processor.py:914} INFO - Processing file /home/Ashreem/airflow-env/lib/python3.12/site-packages/airflow/example_dags/example_time_delta_sensor_async.py for tasks to queue
[2025-03-07T02:38:30.578+0000] {logging_mixin.py:190} INFO - [2025-03-07T02:38:30.578+0000] {dagbag.py:588} INFO - Filling up the DagBag from /home/Ashreem/airflow-env/lib/python3.12/site-packages/airflow/example_dags/example_time_delta_sensor_async.py
[2025-03-07T02:38:30.592+0000] {processor.py:925} INFO - DAG(s) 'example_time_delta_sensor_async' retrieved from /home/Ashreem/airflow-env/lib/python3.12/site-packages/airflow/example_dags/example_time_delta_sensor_async.py
[2025-03-07T02:38:30.613+0000] {logging_mixin.py:190} INFO - [2025-03-07T02:38:30.613+0000] {dag.py:3239} INFO - Sync 1 DAGs
[2025-03-07T02:38:30.629+0000] {logging_mixin.py:190} INFO - [2025-03-07T02:38:30.629+0000] {dag.py:4180} INFO - Setting next_dagrun for example_time_delta_sensor_async to None, run_after=None
[2025-03-07T02:38:30.671+0000] {processor.py:208} INFO - Processing /home/Ashreem/airflow-env/lib/python3.12/site-packages/airflow/example_dags/example_time_delta_sensor_async.py took 0.110 seconds
[2025-03-07T02:39:33.366+0000] {processor.py:186} INFO - Started process (PID=46744) to work on /home/Ashreem/airflow-env/lib/python3.12/site-packages/airflow/example_dags/example_time_delta_sensor_async.py
[2025-03-07T02:39:33.367+0000] {processor.py:914} INFO - Processing file /home/Ashreem/airflow-env/lib/python3.12/site-packages/airflow/example_dags/example_time_delta_sensor_async.py for tasks to queue
[2025-03-07T02:39:33.371+0000] {logging_mixin.py:190} INFO - [2025-03-07T02:39:33.371+0000] {dagbag.py:588} INFO - Filling up the DagBag from /home/Ashreem/airflow-env/lib/python3.12/site-packages/airflow/example_dags/example_time_delta_sensor_async.py
[2025-03-07T02:39:33.382+0000] {processor.py:925} INFO - DAG(s) 'example_time_delta_sensor_async' retrieved from /home/Ashreem/airflow-env/lib/python3.12/site-packages/airflow/example_dags/example_time_delta_sensor_async.py
[2025-03-07T02:39:33.402+0000] {logging_mixin.py:190} INFO - [2025-03-07T02:39:33.402+0000] {dag.py:3239} INFO - Sync 1 DAGs
[2025-03-07T02:39:33.418+0000] {logging_mixin.py:190} INFO - [2025-03-07T02:39:33.418+0000] {dag.py:4180} INFO - Setting next_dagrun for example_time_delta_sensor_async to None, run_after=None
[2025-03-07T02:39:33.455+0000] {processor.py:208} INFO - Processing /home/Ashreem/airflow-env/lib/python3.12/site-packages/airflow/example_dags/example_time_delta_sensor_async.py took 0.101 seconds
[2025-03-07T02:40:38.039+0000] {processor.py:186} INFO - Started process (PID=46809) to work on /home/Ashreem/airflow-env/lib/python3.12/site-packages/airflow/example_dags/example_time_delta_sensor_async.py
[2025-03-07T02:40:38.042+0000] {processor.py:914} INFO - Processing file /home/Ashreem/airflow-env/lib/python3.12/site-packages/airflow/example_dags/example_time_delta_sensor_async.py for tasks to queue
[2025-03-07T02:40:38.045+0000] {logging_mixin.py:190} INFO - [2025-03-07T02:40:38.044+0000] {dagbag.py:588} INFO - Filling up the DagBag from /home/Ashreem/airflow-env/lib/python3.12/site-packages/airflow/example_dags/example_time_delta_sensor_async.py
[2025-03-07T02:40:38.054+0000] {processor.py:925} INFO - DAG(s) 'example_time_delta_sensor_async' retrieved from /home/Ashreem/airflow-env/lib/python3.12/site-packages/airflow/example_dags/example_time_delta_sensor_async.py
[2025-03-07T02:40:38.071+0000] {logging_mixin.py:190} INFO - [2025-03-07T02:40:38.071+0000] {dag.py:3239} INFO - Sync 1 DAGs
[2025-03-07T02:40:38.099+0000] {logging_mixin.py:190} INFO - [2025-03-07T02:40:38.099+0000] {dag.py:4180} INFO - Setting next_dagrun for example_time_delta_sensor_async to None, run_after=None
[2025-03-07T02:40:38.137+0000] {processor.py:208} INFO - Processing /home/Ashreem/airflow-env/lib/python3.12/site-packages/airflow/example_dags/example_time_delta_sensor_async.py took 0.106 seconds
[2025-03-07T02:41:40.318+0000] {processor.py:186} INFO - Started process (PID=46873) to work on /home/Ashreem/airflow-env/lib/python3.12/site-packages/airflow/example_dags/example_time_delta_sensor_async.py
[2025-03-07T02:41:40.319+0000] {processor.py:914} INFO - Processing file /home/Ashreem/airflow-env/lib/python3.12/site-packages/airflow/example_dags/example_time_delta_sensor_async.py for tasks to queue
[2025-03-07T02:41:40.323+0000] {logging_mixin.py:190} INFO - [2025-03-07T02:41:40.322+0000] {dagbag.py:588} INFO - Filling up the DagBag from /home/Ashreem/airflow-env/lib/python3.12/site-packages/airflow/example_dags/example_time_delta_sensor_async.py
[2025-03-07T02:41:40.334+0000] {processor.py:925} INFO - DAG(s) 'example_time_delta_sensor_async' retrieved from /home/Ashreem/airflow-env/lib/python3.12/site-packages/airflow/example_dags/example_time_delta_sensor_async.py
[2025-03-07T02:41:40.354+0000] {logging_mixin.py:190} INFO - [2025-03-07T02:41:40.354+0000] {dag.py:3239} INFO - Sync 1 DAGs
[2025-03-07T02:41:40.371+0000] {logging_mixin.py:190} INFO - [2025-03-07T02:41:40.370+0000] {dag.py:4180} INFO - Setting next_dagrun for example_time_delta_sensor_async to None, run_after=None
[2025-03-07T02:41:40.406+0000] {processor.py:208} INFO - Processing /home/Ashreem/airflow-env/lib/python3.12/site-packages/airflow/example_dags/example_time_delta_sensor_async.py took 0.097 seconds
[2025-03-07T02:42:44.913+0000] {processor.py:186} INFO - Started process (PID=46940) to work on /home/Ashreem/airflow-env/lib/python3.12/site-packages/airflow/example_dags/example_time_delta_sensor_async.py
[2025-03-07T02:42:44.915+0000] {processor.py:914} INFO - Processing file /home/Ashreem/airflow-env/lib/python3.12/site-packages/airflow/example_dags/example_time_delta_sensor_async.py for tasks to queue
[2025-03-07T02:42:44.917+0000] {logging_mixin.py:190} INFO - [2025-03-07T02:42:44.917+0000] {dagbag.py:588} INFO - Filling up the DagBag from /home/Ashreem/airflow-env/lib/python3.12/site-packages/airflow/example_dags/example_time_delta_sensor_async.py
[2025-03-07T02:42:44.926+0000] {processor.py:925} INFO - DAG(s) 'example_time_delta_sensor_async' retrieved from /home/Ashreem/airflow-env/lib/python3.12/site-packages/airflow/example_dags/example_time_delta_sensor_async.py
[2025-03-07T02:42:44.948+0000] {logging_mixin.py:190} INFO - [2025-03-07T02:42:44.947+0000] {dag.py:3239} INFO - Sync 1 DAGs
[2025-03-07T02:42:44.964+0000] {logging_mixin.py:190} INFO - [2025-03-07T02:42:44.964+0000] {dag.py:4180} INFO - Setting next_dagrun for example_time_delta_sensor_async to None, run_after=None
[2025-03-07T02:42:45.003+0000] {processor.py:208} INFO - Processing /home/Ashreem/airflow-env/lib/python3.12/site-packages/airflow/example_dags/example_time_delta_sensor_async.py took 0.097 seconds
[2025-03-07T02:43:48.782+0000] {processor.py:186} INFO - Started process (PID=47013) to work on /home/Ashreem/airflow-env/lib/python3.12/site-packages/airflow/example_dags/example_time_delta_sensor_async.py
[2025-03-07T02:43:48.783+0000] {processor.py:914} INFO - Processing file /home/Ashreem/airflow-env/lib/python3.12/site-packages/airflow/example_dags/example_time_delta_sensor_async.py for tasks to queue
[2025-03-07T02:43:48.786+0000] {logging_mixin.py:190} INFO - [2025-03-07T02:43:48.786+0000] {dagbag.py:588} INFO - Filling up the DagBag from /home/Ashreem/airflow-env/lib/python3.12/site-packages/airflow/example_dags/example_time_delta_sensor_async.py
[2025-03-07T02:43:48.796+0000] {processor.py:925} INFO - DAG(s) 'example_time_delta_sensor_async' retrieved from /home/Ashreem/airflow-env/lib/python3.12/site-packages/airflow/example_dags/example_time_delta_sensor_async.py
[2025-03-07T02:43:48.816+0000] {logging_mixin.py:190} INFO - [2025-03-07T02:43:48.816+0000] {dag.py:3239} INFO - Sync 1 DAGs
[2025-03-07T02:43:48.836+0000] {logging_mixin.py:190} INFO - [2025-03-07T02:43:48.836+0000] {dag.py:4180} INFO - Setting next_dagrun for example_time_delta_sensor_async to None, run_after=None
[2025-03-07T02:43:48.878+0000] {processor.py:208} INFO - Processing /home/Ashreem/airflow-env/lib/python3.12/site-packages/airflow/example_dags/example_time_delta_sensor_async.py took 0.104 seconds
[2025-03-07T02:44:50.277+0000] {processor.py:186} INFO - Started process (PID=47088) to work on /home/Ashreem/airflow-env/lib/python3.12/site-packages/airflow/example_dags/example_time_delta_sensor_async.py
[2025-03-07T02:44:50.278+0000] {processor.py:914} INFO - Processing file /home/Ashreem/airflow-env/lib/python3.12/site-packages/airflow/example_dags/example_time_delta_sensor_async.py for tasks to queue
[2025-03-07T02:44:50.281+0000] {logging_mixin.py:190} INFO - [2025-03-07T02:44:50.281+0000] {dagbag.py:588} INFO - Filling up the DagBag from /home/Ashreem/airflow-env/lib/python3.12/site-packages/airflow/example_dags/example_time_delta_sensor_async.py
[2025-03-07T02:44:50.290+0000] {processor.py:925} INFO - DAG(s) 'example_time_delta_sensor_async' retrieved from /home/Ashreem/airflow-env/lib/python3.12/site-packages/airflow/example_dags/example_time_delta_sensor_async.py
[2025-03-07T02:44:50.312+0000] {logging_mixin.py:190} INFO - [2025-03-07T02:44:50.311+0000] {dag.py:3239} INFO - Sync 1 DAGs
[2025-03-07T02:44:50.327+0000] {logging_mixin.py:190} INFO - [2025-03-07T02:44:50.326+0000] {dag.py:4180} INFO - Setting next_dagrun for example_time_delta_sensor_async to None, run_after=None
[2025-03-07T02:44:50.367+0000] {processor.py:208} INFO - Processing /home/Ashreem/airflow-env/lib/python3.12/site-packages/airflow/example_dags/example_time_delta_sensor_async.py took 0.097 seconds
[2025-03-07T02:45:53.380+0000] {processor.py:186} INFO - Started process (PID=47158) to work on /home/Ashreem/airflow-env/lib/python3.12/site-packages/airflow/example_dags/example_time_delta_sensor_async.py
[2025-03-07T02:45:53.383+0000] {processor.py:914} INFO - Processing file /home/Ashreem/airflow-env/lib/python3.12/site-packages/airflow/example_dags/example_time_delta_sensor_async.py for tasks to queue
[2025-03-07T02:45:53.388+0000] {logging_mixin.py:190} INFO - [2025-03-07T02:45:53.388+0000] {dagbag.py:588} INFO - Filling up the DagBag from /home/Ashreem/airflow-env/lib/python3.12/site-packages/airflow/example_dags/example_time_delta_sensor_async.py
[2025-03-07T02:45:53.398+0000] {processor.py:925} INFO - DAG(s) 'example_time_delta_sensor_async' retrieved from /home/Ashreem/airflow-env/lib/python3.12/site-packages/airflow/example_dags/example_time_delta_sensor_async.py
[2025-03-07T02:45:53.420+0000] {logging_mixin.py:190} INFO - [2025-03-07T02:45:53.420+0000] {dag.py:3239} INFO - Sync 1 DAGs
[2025-03-07T02:45:53.436+0000] {logging_mixin.py:190} INFO - [2025-03-07T02:45:53.435+0000] {dag.py:4180} INFO - Setting next_dagrun for example_time_delta_sensor_async to None, run_after=None
[2025-03-07T02:45:53.473+0000] {processor.py:208} INFO - Processing /home/Ashreem/airflow-env/lib/python3.12/site-packages/airflow/example_dags/example_time_delta_sensor_async.py took 0.102 seconds
[2025-03-07T02:46:56.383+0000] {processor.py:186} INFO - Started process (PID=47219) to work on /home/Ashreem/airflow-env/lib/python3.12/site-packages/airflow/example_dags/example_time_delta_sensor_async.py
[2025-03-07T02:46:56.385+0000] {processor.py:914} INFO - Processing file /home/Ashreem/airflow-env/lib/python3.12/site-packages/airflow/example_dags/example_time_delta_sensor_async.py for tasks to queue
[2025-03-07T02:46:56.387+0000] {logging_mixin.py:190} INFO - [2025-03-07T02:46:56.387+0000] {dagbag.py:588} INFO - Filling up the DagBag from /home/Ashreem/airflow-env/lib/python3.12/site-packages/airflow/example_dags/example_time_delta_sensor_async.py
[2025-03-07T02:46:56.397+0000] {processor.py:925} INFO - DAG(s) 'example_time_delta_sensor_async' retrieved from /home/Ashreem/airflow-env/lib/python3.12/site-packages/airflow/example_dags/example_time_delta_sensor_async.py
[2025-03-07T02:46:56.416+0000] {logging_mixin.py:190} INFO - [2025-03-07T02:46:56.416+0000] {dag.py:3239} INFO - Sync 1 DAGs
[2025-03-07T02:46:56.433+0000] {logging_mixin.py:190} INFO - [2025-03-07T02:46:56.433+0000] {dag.py:4180} INFO - Setting next_dagrun for example_time_delta_sensor_async to None, run_after=None
[2025-03-07T02:46:56.475+0000] {processor.py:208} INFO - Processing /home/Ashreem/airflow-env/lib/python3.12/site-packages/airflow/example_dags/example_time_delta_sensor_async.py took 0.100 seconds
[2025-03-07T02:48:01.961+0000] {processor.py:186} INFO - Started process (PID=47281) to work on /home/Ashreem/airflow-env/lib/python3.12/site-packages/airflow/example_dags/example_time_delta_sensor_async.py
[2025-03-07T02:48:01.963+0000] {processor.py:914} INFO - Processing file /home/Ashreem/airflow-env/lib/python3.12/site-packages/airflow/example_dags/example_time_delta_sensor_async.py for tasks to queue
[2025-03-07T02:48:01.967+0000] {logging_mixin.py:190} INFO - [2025-03-07T02:48:01.967+0000] {dagbag.py:588} INFO - Filling up the DagBag from /home/Ashreem/airflow-env/lib/python3.12/site-packages/airflow/example_dags/example_time_delta_sensor_async.py
[2025-03-07T02:48:01.977+0000] {processor.py:925} INFO - DAG(s) 'example_time_delta_sensor_async' retrieved from /home/Ashreem/airflow-env/lib/python3.12/site-packages/airflow/example_dags/example_time_delta_sensor_async.py
[2025-03-07T02:48:01.997+0000] {logging_mixin.py:190} INFO - [2025-03-07T02:48:01.996+0000] {dag.py:3239} INFO - Sync 1 DAGs
[2025-03-07T02:48:02.015+0000] {logging_mixin.py:190} INFO - [2025-03-07T02:48:02.015+0000] {dag.py:4180} INFO - Setting next_dagrun for example_time_delta_sensor_async to None, run_after=None
[2025-03-07T02:48:02.058+0000] {processor.py:208} INFO - Processing /home/Ashreem/airflow-env/lib/python3.12/site-packages/airflow/example_dags/example_time_delta_sensor_async.py took 0.108 seconds
[2025-03-07T02:49:10.325+0000] {processor.py:186} INFO - Started process (PID=47362) to work on /home/Ashreem/airflow-env/lib/python3.12/site-packages/airflow/example_dags/example_time_delta_sensor_async.py
[2025-03-07T02:49:10.327+0000] {processor.py:914} INFO - Processing file /home/Ashreem/airflow-env/lib/python3.12/site-packages/airflow/example_dags/example_time_delta_sensor_async.py for tasks to queue
[2025-03-07T02:49:10.329+0000] {logging_mixin.py:190} INFO - [2025-03-07T02:49:10.329+0000] {dagbag.py:588} INFO - Filling up the DagBag from /home/Ashreem/airflow-env/lib/python3.12/site-packages/airflow/example_dags/example_time_delta_sensor_async.py
[2025-03-07T02:49:10.340+0000] {processor.py:925} INFO - DAG(s) 'example_time_delta_sensor_async' retrieved from /home/Ashreem/airflow-env/lib/python3.12/site-packages/airflow/example_dags/example_time_delta_sensor_async.py
[2025-03-07T02:49:10.358+0000] {logging_mixin.py:190} INFO - [2025-03-07T02:49:10.358+0000] {dag.py:3239} INFO - Sync 1 DAGs
[2025-03-07T02:49:10.374+0000] {logging_mixin.py:190} INFO - [2025-03-07T02:49:10.374+0000] {dag.py:4180} INFO - Setting next_dagrun for example_time_delta_sensor_async to None, run_after=None
[2025-03-07T02:49:10.422+0000] {processor.py:208} INFO - Processing /home/Ashreem/airflow-env/lib/python3.12/site-packages/airflow/example_dags/example_time_delta_sensor_async.py took 0.105 seconds
[2025-03-07T02:50:18.048+0000] {processor.py:186} INFO - Started process (PID=47436) to work on /home/Ashreem/airflow-env/lib/python3.12/site-packages/airflow/example_dags/example_time_delta_sensor_async.py
[2025-03-07T02:50:18.049+0000] {processor.py:914} INFO - Processing file /home/Ashreem/airflow-env/lib/python3.12/site-packages/airflow/example_dags/example_time_delta_sensor_async.py for tasks to queue
[2025-03-07T02:50:18.053+0000] {logging_mixin.py:190} INFO - [2025-03-07T02:50:18.052+0000] {dagbag.py:588} INFO - Filling up the DagBag from /home/Ashreem/airflow-env/lib/python3.12/site-packages/airflow/example_dags/example_time_delta_sensor_async.py
[2025-03-07T02:50:18.062+0000] {processor.py:925} INFO - DAG(s) 'example_time_delta_sensor_async' retrieved from /home/Ashreem/airflow-env/lib/python3.12/site-packages/airflow/example_dags/example_time_delta_sensor_async.py
[2025-03-07T02:50:18.082+0000] {logging_mixin.py:190} INFO - [2025-03-07T02:50:18.082+0000] {dag.py:3239} INFO - Sync 1 DAGs
[2025-03-07T02:50:18.099+0000] {logging_mixin.py:190} INFO - [2025-03-07T02:50:18.099+0000] {dag.py:4180} INFO - Setting next_dagrun for example_time_delta_sensor_async to None, run_after=None
[2025-03-07T02:50:18.137+0000] {processor.py:208} INFO - Processing /home/Ashreem/airflow-env/lib/python3.12/site-packages/airflow/example_dags/example_time_delta_sensor_async.py took 0.097 seconds
[2025-03-07T02:51:18.062+0000] {processor.py:186} INFO - Started process (PID=47500) to work on /home/Ashreem/airflow-env/lib/python3.12/site-packages/airflow/example_dags/example_time_delta_sensor_async.py
[2025-03-07T02:51:18.063+0000] {processor.py:914} INFO - Processing file /home/Ashreem/airflow-env/lib/python3.12/site-packages/airflow/example_dags/example_time_delta_sensor_async.py for tasks to queue
[2025-03-07T02:51:18.067+0000] {logging_mixin.py:190} INFO - [2025-03-07T02:51:18.066+0000] {dagbag.py:588} INFO - Filling up the DagBag from /home/Ashreem/airflow-env/lib/python3.12/site-packages/airflow/example_dags/example_time_delta_sensor_async.py
[2025-03-07T02:51:18.076+0000] {processor.py:925} INFO - DAG(s) 'example_time_delta_sensor_async' retrieved from /home/Ashreem/airflow-env/lib/python3.12/site-packages/airflow/example_dags/example_time_delta_sensor_async.py
[2025-03-07T02:51:18.098+0000] {logging_mixin.py:190} INFO - [2025-03-07T02:51:18.098+0000] {dag.py:3239} INFO - Sync 1 DAGs
[2025-03-07T02:51:18.114+0000] {logging_mixin.py:190} INFO - [2025-03-07T02:51:18.114+0000] {dag.py:4180} INFO - Setting next_dagrun for example_time_delta_sensor_async to None, run_after=None
[2025-03-07T02:51:18.152+0000] {processor.py:208} INFO - Processing /home/Ashreem/airflow-env/lib/python3.12/site-packages/airflow/example_dags/example_time_delta_sensor_async.py took 0.098 seconds
[2025-03-07T02:52:23.412+0000] {processor.py:186} INFO - Started process (PID=47567) to work on /home/Ashreem/airflow-env/lib/python3.12/site-packages/airflow/example_dags/example_time_delta_sensor_async.py
[2025-03-07T02:52:23.413+0000] {processor.py:914} INFO - Processing file /home/Ashreem/airflow-env/lib/python3.12/site-packages/airflow/example_dags/example_time_delta_sensor_async.py for tasks to queue
[2025-03-07T02:52:23.416+0000] {logging_mixin.py:190} INFO - [2025-03-07T02:52:23.416+0000] {dagbag.py:588} INFO - Filling up the DagBag from /home/Ashreem/airflow-env/lib/python3.12/site-packages/airflow/example_dags/example_time_delta_sensor_async.py
[2025-03-07T02:52:23.429+0000] {processor.py:925} INFO - DAG(s) 'example_time_delta_sensor_async' retrieved from /home/Ashreem/airflow-env/lib/python3.12/site-packages/airflow/example_dags/example_time_delta_sensor_async.py
[2025-03-07T02:52:23.449+0000] {logging_mixin.py:190} INFO - [2025-03-07T02:52:23.449+0000] {dag.py:3239} INFO - Sync 1 DAGs
[2025-03-07T02:52:23.464+0000] {logging_mixin.py:190} INFO - [2025-03-07T02:52:23.464+0000] {dag.py:4180} INFO - Setting next_dagrun for example_time_delta_sensor_async to None, run_after=None
[2025-03-07T02:52:23.500+0000] {processor.py:208} INFO - Processing /home/Ashreem/airflow-env/lib/python3.12/site-packages/airflow/example_dags/example_time_delta_sensor_async.py took 0.097 seconds
[2025-03-07T02:53:28.101+0000] {processor.py:186} INFO - Started process (PID=47630) to work on /home/Ashreem/airflow-env/lib/python3.12/site-packages/airflow/example_dags/example_time_delta_sensor_async.py
[2025-03-07T02:53:28.103+0000] {processor.py:914} INFO - Processing file /home/Ashreem/airflow-env/lib/python3.12/site-packages/airflow/example_dags/example_time_delta_sensor_async.py for tasks to queue
[2025-03-07T02:53:28.106+0000] {logging_mixin.py:190} INFO - [2025-03-07T02:53:28.105+0000] {dagbag.py:588} INFO - Filling up the DagBag from /home/Ashreem/airflow-env/lib/python3.12/site-packages/airflow/example_dags/example_time_delta_sensor_async.py
[2025-03-07T02:53:28.115+0000] {processor.py:925} INFO - DAG(s) 'example_time_delta_sensor_async' retrieved from /home/Ashreem/airflow-env/lib/python3.12/site-packages/airflow/example_dags/example_time_delta_sensor_async.py
[2025-03-07T02:53:28.135+0000] {logging_mixin.py:190} INFO - [2025-03-07T02:53:28.134+0000] {dag.py:3239} INFO - Sync 1 DAGs
[2025-03-07T02:53:28.149+0000] {logging_mixin.py:190} INFO - [2025-03-07T02:53:28.149+0000] {dag.py:4180} INFO - Setting next_dagrun for example_time_delta_sensor_async to None, run_after=None
[2025-03-07T02:53:28.190+0000] {processor.py:208} INFO - Processing /home/Ashreem/airflow-env/lib/python3.12/site-packages/airflow/example_dags/example_time_delta_sensor_async.py took 0.096 seconds
[2025-03-07T02:54:30.568+0000] {processor.py:186} INFO - Started process (PID=47695) to work on /home/Ashreem/airflow-env/lib/python3.12/site-packages/airflow/example_dags/example_time_delta_sensor_async.py
[2025-03-07T02:54:30.569+0000] {processor.py:914} INFO - Processing file /home/Ashreem/airflow-env/lib/python3.12/site-packages/airflow/example_dags/example_time_delta_sensor_async.py for tasks to queue
[2025-03-07T02:54:30.572+0000] {logging_mixin.py:190} INFO - [2025-03-07T02:54:30.571+0000] {dagbag.py:588} INFO - Filling up the DagBag from /home/Ashreem/airflow-env/lib/python3.12/site-packages/airflow/example_dags/example_time_delta_sensor_async.py
[2025-03-07T02:54:30.582+0000] {processor.py:925} INFO - DAG(s) 'example_time_delta_sensor_async' retrieved from /home/Ashreem/airflow-env/lib/python3.12/site-packages/airflow/example_dags/example_time_delta_sensor_async.py
[2025-03-07T02:54:30.603+0000] {logging_mixin.py:190} INFO - [2025-03-07T02:54:30.603+0000] {dag.py:3239} INFO - Sync 1 DAGs
[2025-03-07T02:54:30.619+0000] {logging_mixin.py:190} INFO - [2025-03-07T02:54:30.619+0000] {dag.py:4180} INFO - Setting next_dagrun for example_time_delta_sensor_async to None, run_after=None
[2025-03-07T02:54:30.654+0000] {processor.py:208} INFO - Processing /home/Ashreem/airflow-env/lib/python3.12/site-packages/airflow/example_dags/example_time_delta_sensor_async.py took 0.094 seconds
[2025-03-07T02:55:31.400+0000] {processor.py:186} INFO - Started process (PID=47826) to work on /home/Ashreem/airflow-env/lib/python3.12/site-packages/airflow/example_dags/example_time_delta_sensor_async.py
[2025-03-07T02:55:31.402+0000] {processor.py:914} INFO - Processing file /home/Ashreem/airflow-env/lib/python3.12/site-packages/airflow/example_dags/example_time_delta_sensor_async.py for tasks to queue
[2025-03-07T02:55:31.404+0000] {logging_mixin.py:190} INFO - [2025-03-07T02:55:31.404+0000] {dagbag.py:588} INFO - Filling up the DagBag from /home/Ashreem/airflow-env/lib/python3.12/site-packages/airflow/example_dags/example_time_delta_sensor_async.py
[2025-03-07T02:55:31.414+0000] {processor.py:925} INFO - DAG(s) 'example_time_delta_sensor_async' retrieved from /home/Ashreem/airflow-env/lib/python3.12/site-packages/airflow/example_dags/example_time_delta_sensor_async.py
[2025-03-07T02:55:31.434+0000] {logging_mixin.py:190} INFO - [2025-03-07T02:55:31.433+0000] {dag.py:3239} INFO - Sync 1 DAGs
[2025-03-07T02:55:31.456+0000] {logging_mixin.py:190} INFO - [2025-03-07T02:55:31.454+0000] {dag.py:4180} INFO - Setting next_dagrun for example_time_delta_sensor_async to None, run_after=None
[2025-03-07T02:55:31.496+0000] {processor.py:208} INFO - Processing /home/Ashreem/airflow-env/lib/python3.12/site-packages/airflow/example_dags/example_time_delta_sensor_async.py took 0.103 seconds
[2025-03-07T02:56:32.032+0000] {processor.py:186} INFO - Started process (PID=47932) to work on /home/Ashreem/airflow-env/lib/python3.12/site-packages/airflow/example_dags/example_time_delta_sensor_async.py
[2025-03-07T02:56:32.034+0000] {processor.py:914} INFO - Processing file /home/Ashreem/airflow-env/lib/python3.12/site-packages/airflow/example_dags/example_time_delta_sensor_async.py for tasks to queue
[2025-03-07T02:56:32.037+0000] {logging_mixin.py:190} INFO - [2025-03-07T02:56:32.037+0000] {dagbag.py:588} INFO - Filling up the DagBag from /home/Ashreem/airflow-env/lib/python3.12/site-packages/airflow/example_dags/example_time_delta_sensor_async.py
[2025-03-07T02:56:32.050+0000] {processor.py:925} INFO - DAG(s) 'example_time_delta_sensor_async' retrieved from /home/Ashreem/airflow-env/lib/python3.12/site-packages/airflow/example_dags/example_time_delta_sensor_async.py
[2025-03-07T02:56:32.079+0000] {logging_mixin.py:190} INFO - [2025-03-07T02:56:32.079+0000] {dag.py:3239} INFO - Sync 1 DAGs
[2025-03-07T02:56:32.097+0000] {logging_mixin.py:190} INFO - [2025-03-07T02:56:32.097+0000] {dag.py:4180} INFO - Setting next_dagrun for example_time_delta_sensor_async to None, run_after=None
[2025-03-07T02:56:32.135+0000] {processor.py:208} INFO - Processing /home/Ashreem/airflow-env/lib/python3.12/site-packages/airflow/example_dags/example_time_delta_sensor_async.py took 0.112 seconds
[2025-03-07T02:56:37.383+0000] {processor.py:186} INFO - Started process (PID=47942) to work on /home/Ashreem/airflow-env/lib/python3.12/site-packages/airflow/example_dags/example_time_delta_sensor_async.py
[2025-03-07T02:56:37.384+0000] {processor.py:914} INFO - Processing file /home/Ashreem/airflow-env/lib/python3.12/site-packages/airflow/example_dags/example_time_delta_sensor_async.py for tasks to queue
[2025-03-07T02:56:37.388+0000] {logging_mixin.py:190} INFO - [2025-03-07T02:56:37.387+0000] {dagbag.py:588} INFO - Filling up the DagBag from /home/Ashreem/airflow-env/lib/python3.12/site-packages/airflow/example_dags/example_time_delta_sensor_async.py
[2025-03-07T02:56:37.398+0000] {processor.py:925} INFO - DAG(s) 'example_time_delta_sensor_async' retrieved from /home/Ashreem/airflow-env/lib/python3.12/site-packages/airflow/example_dags/example_time_delta_sensor_async.py
[2025-03-07T02:56:37.418+0000] {logging_mixin.py:190} INFO - [2025-03-07T02:56:37.418+0000] {dag.py:3239} INFO - Sync 1 DAGs
[2025-03-07T02:56:37.434+0000] {logging_mixin.py:190} INFO - [2025-03-07T02:56:37.434+0000] {dag.py:4180} INFO - Setting next_dagrun for example_time_delta_sensor_async to None, run_after=None
[2025-03-07T02:56:37.475+0000] {processor.py:208} INFO - Processing /home/Ashreem/airflow-env/lib/python3.12/site-packages/airflow/example_dags/example_time_delta_sensor_async.py took 0.102 seconds
[2025-03-07T02:57:41.795+0000] {processor.py:186} INFO - Started process (PID=48045) to work on /home/Ashreem/airflow-env/lib/python3.12/site-packages/airflow/example_dags/example_time_delta_sensor_async.py
[2025-03-07T02:57:41.796+0000] {processor.py:914} INFO - Processing file /home/Ashreem/airflow-env/lib/python3.12/site-packages/airflow/example_dags/example_time_delta_sensor_async.py for tasks to queue
[2025-03-07T02:57:41.800+0000] {logging_mixin.py:190} INFO - [2025-03-07T02:57:41.800+0000] {dagbag.py:588} INFO - Filling up the DagBag from /home/Ashreem/airflow-env/lib/python3.12/site-packages/airflow/example_dags/example_time_delta_sensor_async.py
[2025-03-07T02:57:41.810+0000] {processor.py:925} INFO - DAG(s) 'example_time_delta_sensor_async' retrieved from /home/Ashreem/airflow-env/lib/python3.12/site-packages/airflow/example_dags/example_time_delta_sensor_async.py
[2025-03-07T02:57:41.829+0000] {logging_mixin.py:190} INFO - [2025-03-07T02:57:41.828+0000] {dag.py:3239} INFO - Sync 1 DAGs
[2025-03-07T02:57:41.844+0000] {logging_mixin.py:190} INFO - [2025-03-07T02:57:41.844+0000] {dag.py:4180} INFO - Setting next_dagrun for example_time_delta_sensor_async to None, run_after=None
[2025-03-07T02:57:41.883+0000] {processor.py:208} INFO - Processing /home/Ashreem/airflow-env/lib/python3.12/site-packages/airflow/example_dags/example_time_delta_sensor_async.py took 0.095 seconds
[2025-03-07T02:58:46.223+0000] {processor.py:186} INFO - Started process (PID=48120) to work on /home/Ashreem/airflow-env/lib/python3.12/site-packages/airflow/example_dags/example_time_delta_sensor_async.py
[2025-03-07T02:58:46.224+0000] {processor.py:914} INFO - Processing file /home/Ashreem/airflow-env/lib/python3.12/site-packages/airflow/example_dags/example_time_delta_sensor_async.py for tasks to queue
[2025-03-07T02:58:46.228+0000] {logging_mixin.py:190} INFO - [2025-03-07T02:58:46.228+0000] {dagbag.py:588} INFO - Filling up the DagBag from /home/Ashreem/airflow-env/lib/python3.12/site-packages/airflow/example_dags/example_time_delta_sensor_async.py
[2025-03-07T02:58:46.237+0000] {processor.py:925} INFO - DAG(s) 'example_time_delta_sensor_async' retrieved from /home/Ashreem/airflow-env/lib/python3.12/site-packages/airflow/example_dags/example_time_delta_sensor_async.py
[2025-03-07T02:58:46.259+0000] {logging_mixin.py:190} INFO - [2025-03-07T02:58:46.259+0000] {dag.py:3239} INFO - Sync 1 DAGs
[2025-03-07T02:58:46.277+0000] {logging_mixin.py:190} INFO - [2025-03-07T02:58:46.277+0000] {dag.py:4180} INFO - Setting next_dagrun for example_time_delta_sensor_async to None, run_after=None
[2025-03-07T02:58:46.318+0000] {processor.py:208} INFO - Processing /home/Ashreem/airflow-env/lib/python3.12/site-packages/airflow/example_dags/example_time_delta_sensor_async.py took 0.103 seconds
[2025-03-07T02:59:52.466+0000] {processor.py:186} INFO - Started process (PID=48237) to work on /home/Ashreem/airflow-env/lib/python3.12/site-packages/airflow/example_dags/example_time_delta_sensor_async.py
[2025-03-07T02:59:52.467+0000] {processor.py:914} INFO - Processing file /home/Ashreem/airflow-env/lib/python3.12/site-packages/airflow/example_dags/example_time_delta_sensor_async.py for tasks to queue
[2025-03-07T02:59:52.472+0000] {logging_mixin.py:190} INFO - [2025-03-07T02:59:52.471+0000] {dagbag.py:588} INFO - Filling up the DagBag from /home/Ashreem/airflow-env/lib/python3.12/site-packages/airflow/example_dags/example_time_delta_sensor_async.py
[2025-03-07T02:59:52.482+0000] {processor.py:925} INFO - DAG(s) 'example_time_delta_sensor_async' retrieved from /home/Ashreem/airflow-env/lib/python3.12/site-packages/airflow/example_dags/example_time_delta_sensor_async.py
[2025-03-07T02:59:52.506+0000] {logging_mixin.py:190} INFO - [2025-03-07T02:59:52.506+0000] {dag.py:3239} INFO - Sync 1 DAGs
[2025-03-07T02:59:52.533+0000] {logging_mixin.py:190} INFO - [2025-03-07T02:59:52.533+0000] {dag.py:4180} INFO - Setting next_dagrun for example_time_delta_sensor_async to None, run_after=None
[2025-03-07T02:59:52.584+0000] {processor.py:208} INFO - Processing /home/Ashreem/airflow-env/lib/python3.12/site-packages/airflow/example_dags/example_time_delta_sensor_async.py took 0.126 seconds
[2025-03-07T03:00:59.630+0000] {processor.py:186} INFO - Started process (PID=48347) to work on /home/Ashreem/airflow-env/lib/python3.12/site-packages/airflow/example_dags/example_time_delta_sensor_async.py
[2025-03-07T03:00:59.632+0000] {processor.py:914} INFO - Processing file /home/Ashreem/airflow-env/lib/python3.12/site-packages/airflow/example_dags/example_time_delta_sensor_async.py for tasks to queue
[2025-03-07T03:00:59.635+0000] {logging_mixin.py:190} INFO - [2025-03-07T03:00:59.635+0000] {dagbag.py:588} INFO - Filling up the DagBag from /home/Ashreem/airflow-env/lib/python3.12/site-packages/airflow/example_dags/example_time_delta_sensor_async.py
[2025-03-07T03:00:59.645+0000] {processor.py:925} INFO - DAG(s) 'example_time_delta_sensor_async' retrieved from /home/Ashreem/airflow-env/lib/python3.12/site-packages/airflow/example_dags/example_time_delta_sensor_async.py
[2025-03-07T03:00:59.665+0000] {logging_mixin.py:190} INFO - [2025-03-07T03:00:59.665+0000] {dag.py:3239} INFO - Sync 1 DAGs
[2025-03-07T03:00:59.682+0000] {logging_mixin.py:190} INFO - [2025-03-07T03:00:59.681+0000] {dag.py:4180} INFO - Setting next_dagrun for example_time_delta_sensor_async to None, run_after=None
[2025-03-07T03:00:59.721+0000] {processor.py:208} INFO - Processing /home/Ashreem/airflow-env/lib/python3.12/site-packages/airflow/example_dags/example_time_delta_sensor_async.py took 0.098 seconds
[2025-03-07T03:02:00.721+0000] {processor.py:186} INFO - Started process (PID=48412) to work on /home/Ashreem/airflow-env/lib/python3.12/site-packages/airflow/example_dags/example_time_delta_sensor_async.py
[2025-03-07T03:02:00.723+0000] {processor.py:914} INFO - Processing file /home/Ashreem/airflow-env/lib/python3.12/site-packages/airflow/example_dags/example_time_delta_sensor_async.py for tasks to queue
[2025-03-07T03:02:00.726+0000] {logging_mixin.py:190} INFO - [2025-03-07T03:02:00.726+0000] {dagbag.py:588} INFO - Filling up the DagBag from /home/Ashreem/airflow-env/lib/python3.12/site-packages/airflow/example_dags/example_time_delta_sensor_async.py
[2025-03-07T03:02:00.738+0000] {processor.py:925} INFO - DAG(s) 'example_time_delta_sensor_async' retrieved from /home/Ashreem/airflow-env/lib/python3.12/site-packages/airflow/example_dags/example_time_delta_sensor_async.py
[2025-03-07T03:02:00.756+0000] {logging_mixin.py:190} INFO - [2025-03-07T03:02:00.756+0000] {dag.py:3239} INFO - Sync 1 DAGs
[2025-03-07T03:02:00.772+0000] {logging_mixin.py:190} INFO - [2025-03-07T03:02:00.771+0000] {dag.py:4180} INFO - Setting next_dagrun for example_time_delta_sensor_async to None, run_after=None
[2025-03-07T03:02:00.814+0000] {processor.py:208} INFO - Processing /home/Ashreem/airflow-env/lib/python3.12/site-packages/airflow/example_dags/example_time_delta_sensor_async.py took 0.101 seconds
[2025-03-07T03:03:01.387+0000] {processor.py:186} INFO - Started process (PID=48543) to work on /home/Ashreem/airflow-env/lib/python3.12/site-packages/airflow/example_dags/example_time_delta_sensor_async.py
[2025-03-07T03:03:01.389+0000] {processor.py:914} INFO - Processing file /home/Ashreem/airflow-env/lib/python3.12/site-packages/airflow/example_dags/example_time_delta_sensor_async.py for tasks to queue
[2025-03-07T03:03:01.393+0000] {logging_mixin.py:190} INFO - [2025-03-07T03:03:01.392+0000] {dagbag.py:588} INFO - Filling up the DagBag from /home/Ashreem/airflow-env/lib/python3.12/site-packages/airflow/example_dags/example_time_delta_sensor_async.py
[2025-03-07T03:03:01.402+0000] {processor.py:925} INFO - DAG(s) 'example_time_delta_sensor_async' retrieved from /home/Ashreem/airflow-env/lib/python3.12/site-packages/airflow/example_dags/example_time_delta_sensor_async.py
[2025-03-07T03:03:01.423+0000] {logging_mixin.py:190} INFO - [2025-03-07T03:03:01.422+0000] {dag.py:3239} INFO - Sync 1 DAGs
[2025-03-07T03:03:01.440+0000] {logging_mixin.py:190} INFO - [2025-03-07T03:03:01.439+0000] {dag.py:4180} INFO - Setting next_dagrun for example_time_delta_sensor_async to None, run_after=None
[2025-03-07T03:03:01.481+0000] {processor.py:208} INFO - Processing /home/Ashreem/airflow-env/lib/python3.12/site-packages/airflow/example_dags/example_time_delta_sensor_async.py took 0.104 seconds
[2025-03-07T03:03:47.114+0000] {processor.py:186} INFO - Started process (PID=48616) to work on /home/Ashreem/airflow-env/lib/python3.12/site-packages/airflow/example_dags/example_time_delta_sensor_async.py
[2025-03-07T03:03:47.117+0000] {processor.py:914} INFO - Processing file /home/Ashreem/airflow-env/lib/python3.12/site-packages/airflow/example_dags/example_time_delta_sensor_async.py for tasks to queue
[2025-03-07T03:03:47.120+0000] {logging_mixin.py:190} INFO - [2025-03-07T03:03:47.119+0000] {dagbag.py:588} INFO - Filling up the DagBag from /home/Ashreem/airflow-env/lib/python3.12/site-packages/airflow/example_dags/example_time_delta_sensor_async.py
[2025-03-07T03:03:47.131+0000] {processor.py:925} INFO - DAG(s) 'example_time_delta_sensor_async' retrieved from /home/Ashreem/airflow-env/lib/python3.12/site-packages/airflow/example_dags/example_time_delta_sensor_async.py
[2025-03-07T03:03:47.169+0000] {logging_mixin.py:190} INFO - [2025-03-07T03:03:47.169+0000] {dag.py:3239} INFO - Sync 1 DAGs
[2025-03-07T03:03:47.186+0000] {logging_mixin.py:190} INFO - [2025-03-07T03:03:47.186+0000] {dag.py:4180} INFO - Setting next_dagrun for example_time_delta_sensor_async to None, run_after=None
[2025-03-07T03:03:47.228+0000] {processor.py:208} INFO - Processing /home/Ashreem/airflow-env/lib/python3.12/site-packages/airflow/example_dags/example_time_delta_sensor_async.py took 0.125 seconds
[2025-03-07T03:04:49.351+0000] {processor.py:186} INFO - Started process (PID=48684) to work on /home/Ashreem/airflow-env/lib/python3.12/site-packages/airflow/example_dags/example_time_delta_sensor_async.py
[2025-03-07T03:04:49.354+0000] {processor.py:914} INFO - Processing file /home/Ashreem/airflow-env/lib/python3.12/site-packages/airflow/example_dags/example_time_delta_sensor_async.py for tasks to queue
[2025-03-07T03:04:49.357+0000] {logging_mixin.py:190} INFO - [2025-03-07T03:04:49.356+0000] {dagbag.py:588} INFO - Filling up the DagBag from /home/Ashreem/airflow-env/lib/python3.12/site-packages/airflow/example_dags/example_time_delta_sensor_async.py
[2025-03-07T03:04:49.366+0000] {processor.py:925} INFO - DAG(s) 'example_time_delta_sensor_async' retrieved from /home/Ashreem/airflow-env/lib/python3.12/site-packages/airflow/example_dags/example_time_delta_sensor_async.py
[2025-03-07T03:04:49.385+0000] {logging_mixin.py:190} INFO - [2025-03-07T03:04:49.385+0000] {dag.py:3239} INFO - Sync 1 DAGs
[2025-03-07T03:04:49.402+0000] {logging_mixin.py:190} INFO - [2025-03-07T03:04:49.402+0000] {dag.py:4180} INFO - Setting next_dagrun for example_time_delta_sensor_async to None, run_after=None
[2025-03-07T03:04:49.441+0000] {processor.py:208} INFO - Processing /home/Ashreem/airflow-env/lib/python3.12/site-packages/airflow/example_dags/example_time_delta_sensor_async.py took 0.098 seconds
[2025-03-07T03:05:49.451+0000] {processor.py:186} INFO - Started process (PID=48933) to work on /home/Ashreem/airflow-env/lib/python3.12/site-packages/airflow/example_dags/example_time_delta_sensor_async.py
[2025-03-07T03:05:49.453+0000] {processor.py:914} INFO - Processing file /home/Ashreem/airflow-env/lib/python3.12/site-packages/airflow/example_dags/example_time_delta_sensor_async.py for tasks to queue
[2025-03-07T03:05:49.456+0000] {logging_mixin.py:190} INFO - [2025-03-07T03:05:49.455+0000] {dagbag.py:588} INFO - Filling up the DagBag from /home/Ashreem/airflow-env/lib/python3.12/site-packages/airflow/example_dags/example_time_delta_sensor_async.py
[2025-03-07T03:05:49.466+0000] {processor.py:925} INFO - DAG(s) 'example_time_delta_sensor_async' retrieved from /home/Ashreem/airflow-env/lib/python3.12/site-packages/airflow/example_dags/example_time_delta_sensor_async.py
[2025-03-07T03:05:49.488+0000] {logging_mixin.py:190} INFO - [2025-03-07T03:05:49.488+0000] {dag.py:3239} INFO - Sync 1 DAGs
[2025-03-07T03:05:49.509+0000] {logging_mixin.py:190} INFO - [2025-03-07T03:05:49.509+0000] {dag.py:4180} INFO - Setting next_dagrun for example_time_delta_sensor_async to None, run_after=None
[2025-03-07T03:05:49.546+0000] {processor.py:208} INFO - Processing /home/Ashreem/airflow-env/lib/python3.12/site-packages/airflow/example_dags/example_time_delta_sensor_async.py took 0.106 seconds
[2025-03-07T03:06:56.415+0000] {processor.py:186} INFO - Started process (PID=49003) to work on /home/Ashreem/airflow-env/lib/python3.12/site-packages/airflow/example_dags/example_time_delta_sensor_async.py
[2025-03-07T03:06:56.417+0000] {processor.py:914} INFO - Processing file /home/Ashreem/airflow-env/lib/python3.12/site-packages/airflow/example_dags/example_time_delta_sensor_async.py for tasks to queue
[2025-03-07T03:06:56.420+0000] {logging_mixin.py:190} INFO - [2025-03-07T03:06:56.419+0000] {dagbag.py:588} INFO - Filling up the DagBag from /home/Ashreem/airflow-env/lib/python3.12/site-packages/airflow/example_dags/example_time_delta_sensor_async.py
[2025-03-07T03:06:56.430+0000] {processor.py:925} INFO - DAG(s) 'example_time_delta_sensor_async' retrieved from /home/Ashreem/airflow-env/lib/python3.12/site-packages/airflow/example_dags/example_time_delta_sensor_async.py
[2025-03-07T03:06:56.449+0000] {logging_mixin.py:190} INFO - [2025-03-07T03:06:56.449+0000] {dag.py:3239} INFO - Sync 1 DAGs
[2025-03-07T03:06:56.466+0000] {logging_mixin.py:190} INFO - [2025-03-07T03:06:56.466+0000] {dag.py:4180} INFO - Setting next_dagrun for example_time_delta_sensor_async to None, run_after=None
[2025-03-07T03:06:56.507+0000] {processor.py:208} INFO - Processing /home/Ashreem/airflow-env/lib/python3.12/site-packages/airflow/example_dags/example_time_delta_sensor_async.py took 0.100 seconds
[2025-03-07T03:08:02.892+0000] {processor.py:186} INFO - Started process (PID=49084) to work on /home/Ashreem/airflow-env/lib/python3.12/site-packages/airflow/example_dags/example_time_delta_sensor_async.py
[2025-03-07T03:08:02.894+0000] {processor.py:914} INFO - Processing file /home/Ashreem/airflow-env/lib/python3.12/site-packages/airflow/example_dags/example_time_delta_sensor_async.py for tasks to queue
[2025-03-07T03:08:02.897+0000] {logging_mixin.py:190} INFO - [2025-03-07T03:08:02.897+0000] {dagbag.py:588} INFO - Filling up the DagBag from /home/Ashreem/airflow-env/lib/python3.12/site-packages/airflow/example_dags/example_time_delta_sensor_async.py
[2025-03-07T03:08:02.908+0000] {processor.py:925} INFO - DAG(s) 'example_time_delta_sensor_async' retrieved from /home/Ashreem/airflow-env/lib/python3.12/site-packages/airflow/example_dags/example_time_delta_sensor_async.py
[2025-03-07T03:08:02.939+0000] {logging_mixin.py:190} INFO - [2025-03-07T03:08:02.939+0000] {dag.py:3239} INFO - Sync 1 DAGs
[2025-03-07T03:08:02.957+0000] {logging_mixin.py:190} INFO - [2025-03-07T03:08:02.956+0000] {dag.py:4180} INFO - Setting next_dagrun for example_time_delta_sensor_async to None, run_after=None
[2025-03-07T03:08:03.002+0000] {processor.py:208} INFO - Processing /home/Ashreem/airflow-env/lib/python3.12/site-packages/airflow/example_dags/example_time_delta_sensor_async.py took 0.121 seconds
[2025-03-07T03:09:05.117+0000] {processor.py:186} INFO - Started process (PID=49156) to work on /home/Ashreem/airflow-env/lib/python3.12/site-packages/airflow/example_dags/example_time_delta_sensor_async.py
[2025-03-07T03:09:05.119+0000] {processor.py:914} INFO - Processing file /home/Ashreem/airflow-env/lib/python3.12/site-packages/airflow/example_dags/example_time_delta_sensor_async.py for tasks to queue
[2025-03-07T03:09:05.122+0000] {logging_mixin.py:190} INFO - [2025-03-07T03:09:05.121+0000] {dagbag.py:588} INFO - Filling up the DagBag from /home/Ashreem/airflow-env/lib/python3.12/site-packages/airflow/example_dags/example_time_delta_sensor_async.py
[2025-03-07T03:09:05.133+0000] {processor.py:925} INFO - DAG(s) 'example_time_delta_sensor_async' retrieved from /home/Ashreem/airflow-env/lib/python3.12/site-packages/airflow/example_dags/example_time_delta_sensor_async.py
[2025-03-07T03:09:05.157+0000] {logging_mixin.py:190} INFO - [2025-03-07T03:09:05.156+0000] {dag.py:3239} INFO - Sync 1 DAGs
[2025-03-07T03:09:05.175+0000] {logging_mixin.py:190} INFO - [2025-03-07T03:09:05.174+0000] {dag.py:4180} INFO - Setting next_dagrun for example_time_delta_sensor_async to None, run_after=None
[2025-03-07T03:09:05.214+0000] {processor.py:208} INFO - Processing /home/Ashreem/airflow-env/lib/python3.12/site-packages/airflow/example_dags/example_time_delta_sensor_async.py took 0.104 seconds
[2025-03-07T03:10:05.207+0000] {processor.py:186} INFO - Started process (PID=49218) to work on /home/Ashreem/airflow-env/lib/python3.12/site-packages/airflow/example_dags/example_time_delta_sensor_async.py
[2025-03-07T03:10:05.209+0000] {processor.py:914} INFO - Processing file /home/Ashreem/airflow-env/lib/python3.12/site-packages/airflow/example_dags/example_time_delta_sensor_async.py for tasks to queue
[2025-03-07T03:10:05.212+0000] {logging_mixin.py:190} INFO - [2025-03-07T03:10:05.212+0000] {dagbag.py:588} INFO - Filling up the DagBag from /home/Ashreem/airflow-env/lib/python3.12/site-packages/airflow/example_dags/example_time_delta_sensor_async.py
[2025-03-07T03:10:05.222+0000] {processor.py:925} INFO - DAG(s) 'example_time_delta_sensor_async' retrieved from /home/Ashreem/airflow-env/lib/python3.12/site-packages/airflow/example_dags/example_time_delta_sensor_async.py
[2025-03-07T03:10:05.242+0000] {logging_mixin.py:190} INFO - [2025-03-07T03:10:05.242+0000] {dag.py:3239} INFO - Sync 1 DAGs
[2025-03-07T03:10:05.259+0000] {logging_mixin.py:190} INFO - [2025-03-07T03:10:05.259+0000] {dag.py:4180} INFO - Setting next_dagrun for example_time_delta_sensor_async to None, run_after=None
[2025-03-07T03:10:05.300+0000] {processor.py:208} INFO - Processing /home/Ashreem/airflow-env/lib/python3.12/site-packages/airflow/example_dags/example_time_delta_sensor_async.py took 0.102 seconds
