[2025-03-07T02:30:26.778+0000] {processor.py:186} INFO - Started process (PID=45980) to work on /home/Ashreem/airflow-env/lib/python3.12/site-packages/airflow/example_dags/example_skip_dag.py
[2025-03-07T02:30:26.779+0000] {processor.py:914} INFO - Processing file /home/Ashreem/airflow-env/lib/python3.12/site-packages/airflow/example_dags/example_skip_dag.py for tasks to queue
[2025-03-07T02:30:26.782+0000] {logging_mixin.py:190} INFO - [2025-03-07T02:30:26.782+0000] {dagbag.py:588} INFO - Filling up the DagBag from /home/Ashreem/airflow-env/lib/python3.12/site-packages/airflow/example_dags/example_skip_dag.py
[2025-03-07T02:30:26.794+0000] {processor.py:925} INFO - DAG(s) 'example_skip_dag' retrieved from /home/Ashreem/airflow-env/lib/python3.12/site-packages/airflow/example_dags/example_skip_dag.py
[2025-03-07T02:30:26.980+0000] {logging_mixin.py:190} INFO - [2025-03-07T02:30:26.979+0000] {override.py:1930} INFO - Created Permission View: can read on DAG:example_skip_dag
[2025-03-07T02:30:27.005+0000] {logging_mixin.py:190} INFO - [2025-03-07T02:30:27.004+0000] {override.py:1930} INFO - Created Permission View: can delete on DAG:example_skip_dag
[2025-03-07T02:30:27.027+0000] {logging_mixin.py:190} INFO - [2025-03-07T02:30:27.027+0000] {override.py:1930} INFO - Created Permission View: can edit on DAG:example_skip_dag
[2025-03-07T02:30:27.068+0000] {logging_mixin.py:190} INFO - [2025-03-07T02:30:27.067+0000] {override.py:1930} INFO - Created Permission View: can read on DAG Run:example_skip_dag
[2025-03-07T02:30:27.096+0000] {logging_mixin.py:190} INFO - [2025-03-07T02:30:27.095+0000] {override.py:1930} INFO - Created Permission View: can delete on DAG Run:example_skip_dag
[2025-03-07T02:30:27.119+0000] {logging_mixin.py:190} INFO - [2025-03-07T02:30:27.118+0000] {override.py:1930} INFO - Created Permission View: menu access on DAG Run:example_skip_dag
[2025-03-07T02:30:27.140+0000] {logging_mixin.py:190} INFO - [2025-03-07T02:30:27.140+0000] {override.py:1930} INFO - Created Permission View: can create on DAG Run:example_skip_dag
[2025-03-07T02:30:27.141+0000] {logging_mixin.py:190} INFO - [2025-03-07T02:30:27.141+0000] {dag.py:3239} INFO - Sync 1 DAGs
[2025-03-07T02:30:27.157+0000] {logging_mixin.py:190} INFO - [2025-03-07T02:30:27.157+0000] {dag.py:3262} INFO - Creating ORM DAG for example_skip_dag
[2025-03-07T02:30:27.169+0000] {logging_mixin.py:190} INFO - [2025-03-07T02:30:27.168+0000] {dag.py:4180} INFO - Setting next_dagrun for example_skip_dag to 2025-03-06 00:00:00+00:00, run_after=2025-03-07 00:00:00+00:00
[2025-03-07T02:30:27.210+0000] {processor.py:208} INFO - Processing /home/Ashreem/airflow-env/lib/python3.12/site-packages/airflow/example_dags/example_skip_dag.py took 0.441 seconds
[2025-03-07T02:33:06.495+0000] {processor.py:186} INFO - Started process (PID=46085) to work on /home/Ashreem/airflow-env/lib/python3.12/site-packages/airflow/example_dags/example_skip_dag.py
[2025-03-07T02:33:06.498+0000] {processor.py:914} INFO - Processing file /home/Ashreem/airflow-env/lib/python3.12/site-packages/airflow/example_dags/example_skip_dag.py for tasks to queue
[2025-03-07T02:33:06.502+0000] {logging_mixin.py:190} INFO - [2025-03-07T02:33:06.501+0000] {dagbag.py:588} INFO - Filling up the DagBag from /home/Ashreem/airflow-env/lib/python3.12/site-packages/airflow/example_dags/example_skip_dag.py
[2025-03-07T02:33:06.513+0000] {processor.py:925} INFO - DAG(s) 'example_skip_dag' retrieved from /home/Ashreem/airflow-env/lib/python3.12/site-packages/airflow/example_dags/example_skip_dag.py
[2025-03-07T02:33:06.538+0000] {logging_mixin.py:190} INFO - [2025-03-07T02:33:06.538+0000] {dag.py:3239} INFO - Sync 1 DAGs
[2025-03-07T02:33:06.567+0000] {logging_mixin.py:190} INFO - [2025-03-07T02:33:06.567+0000] {dag.py:4180} INFO - Setting next_dagrun for example_skip_dag to 2025-03-06 00:00:00+00:00, run_after=2025-03-07 00:00:00+00:00
[2025-03-07T02:33:06.611+0000] {processor.py:208} INFO - Processing /home/Ashreem/airflow-env/lib/python3.12/site-packages/airflow/example_dags/example_skip_dag.py took 0.124 seconds
[2025-03-07T02:34:11.291+0000] {processor.py:186} INFO - Started process (PID=46417) to work on /home/Ashreem/airflow-env/lib/python3.12/site-packages/airflow/example_dags/example_skip_dag.py
[2025-03-07T02:34:11.296+0000] {processor.py:914} INFO - Processing file /home/Ashreem/airflow-env/lib/python3.12/site-packages/airflow/example_dags/example_skip_dag.py for tasks to queue
[2025-03-07T02:34:11.298+0000] {logging_mixin.py:190} INFO - [2025-03-07T02:34:11.298+0000] {dagbag.py:588} INFO - Filling up the DagBag from /home/Ashreem/airflow-env/lib/python3.12/site-packages/airflow/example_dags/example_skip_dag.py
[2025-03-07T02:34:11.309+0000] {processor.py:925} INFO - DAG(s) 'example_skip_dag' retrieved from /home/Ashreem/airflow-env/lib/python3.12/site-packages/airflow/example_dags/example_skip_dag.py
[2025-03-07T02:34:11.329+0000] {logging_mixin.py:190} INFO - [2025-03-07T02:34:11.329+0000] {dag.py:3239} INFO - Sync 1 DAGs
[2025-03-07T02:34:11.354+0000] {logging_mixin.py:190} INFO - [2025-03-07T02:34:11.353+0000] {dag.py:4180} INFO - Setting next_dagrun for example_skip_dag to 2025-03-06 00:00:00+00:00, run_after=2025-03-07 00:00:00+00:00
[2025-03-07T02:34:11.391+0000] {processor.py:208} INFO - Processing /home/Ashreem/airflow-env/lib/python3.12/site-packages/airflow/example_dags/example_skip_dag.py took 0.108 seconds
[2025-03-07T02:35:18.080+0000] {processor.py:186} INFO - Started process (PID=46483) to work on /home/Ashreem/airflow-env/lib/python3.12/site-packages/airflow/example_dags/example_skip_dag.py
[2025-03-07T02:35:18.083+0000] {processor.py:914} INFO - Processing file /home/Ashreem/airflow-env/lib/python3.12/site-packages/airflow/example_dags/example_skip_dag.py for tasks to queue
[2025-03-07T02:35:18.086+0000] {logging_mixin.py:190} INFO - [2025-03-07T02:35:18.085+0000] {dagbag.py:588} INFO - Filling up the DagBag from /home/Ashreem/airflow-env/lib/python3.12/site-packages/airflow/example_dags/example_skip_dag.py
[2025-03-07T02:35:18.097+0000] {processor.py:925} INFO - DAG(s) 'example_skip_dag' retrieved from /home/Ashreem/airflow-env/lib/python3.12/site-packages/airflow/example_dags/example_skip_dag.py
[2025-03-07T02:35:18.123+0000] {logging_mixin.py:190} INFO - [2025-03-07T02:35:18.123+0000] {dag.py:3239} INFO - Sync 1 DAGs
[2025-03-07T02:35:18.146+0000] {logging_mixin.py:190} INFO - [2025-03-07T02:35:18.146+0000] {dag.py:4180} INFO - Setting next_dagrun for example_skip_dag to 2025-03-06 00:00:00+00:00, run_after=2025-03-07 00:00:00+00:00
[2025-03-07T02:35:18.185+0000] {processor.py:208} INFO - Processing /home/Ashreem/airflow-env/lib/python3.12/site-packages/airflow/example_dags/example_skip_dag.py took 0.112 seconds
[2025-03-07T02:36:26.052+0000] {processor.py:186} INFO - Started process (PID=46552) to work on /home/Ashreem/airflow-env/lib/python3.12/site-packages/airflow/example_dags/example_skip_dag.py
[2025-03-07T02:36:26.054+0000] {processor.py:914} INFO - Processing file /home/Ashreem/airflow-env/lib/python3.12/site-packages/airflow/example_dags/example_skip_dag.py for tasks to queue
[2025-03-07T02:36:26.057+0000] {logging_mixin.py:190} INFO - [2025-03-07T02:36:26.056+0000] {dagbag.py:588} INFO - Filling up the DagBag from /home/Ashreem/airflow-env/lib/python3.12/site-packages/airflow/example_dags/example_skip_dag.py
[2025-03-07T02:36:26.069+0000] {processor.py:925} INFO - DAG(s) 'example_skip_dag' retrieved from /home/Ashreem/airflow-env/lib/python3.12/site-packages/airflow/example_dags/example_skip_dag.py
[2025-03-07T02:36:26.094+0000] {logging_mixin.py:190} INFO - [2025-03-07T02:36:26.093+0000] {dag.py:3239} INFO - Sync 1 DAGs
[2025-03-07T02:36:26.119+0000] {logging_mixin.py:190} INFO - [2025-03-07T02:36:26.119+0000] {dag.py:4180} INFO - Setting next_dagrun for example_skip_dag to 2025-03-06 00:00:00+00:00, run_after=2025-03-07 00:00:00+00:00
[2025-03-07T02:36:26.154+0000] {processor.py:208} INFO - Processing /home/Ashreem/airflow-env/lib/python3.12/site-packages/airflow/example_dags/example_skip_dag.py took 0.114 seconds
[2025-03-07T02:37:30.967+0000] {processor.py:186} INFO - Started process (PID=46615) to work on /home/Ashreem/airflow-env/lib/python3.12/site-packages/airflow/example_dags/example_skip_dag.py
[2025-03-07T02:37:30.969+0000] {processor.py:914} INFO - Processing file /home/Ashreem/airflow-env/lib/python3.12/site-packages/airflow/example_dags/example_skip_dag.py for tasks to queue
[2025-03-07T02:37:30.973+0000] {logging_mixin.py:190} INFO - [2025-03-07T02:37:30.972+0000] {dagbag.py:588} INFO - Filling up the DagBag from /home/Ashreem/airflow-env/lib/python3.12/site-packages/airflow/example_dags/example_skip_dag.py
[2025-03-07T02:37:30.982+0000] {processor.py:925} INFO - DAG(s) 'example_skip_dag' retrieved from /home/Ashreem/airflow-env/lib/python3.12/site-packages/airflow/example_dags/example_skip_dag.py
[2025-03-07T02:37:31.003+0000] {logging_mixin.py:190} INFO - [2025-03-07T02:37:31.003+0000] {dag.py:3239} INFO - Sync 1 DAGs
[2025-03-07T02:37:31.028+0000] {logging_mixin.py:190} INFO - [2025-03-07T02:37:31.027+0000] {dag.py:4180} INFO - Setting next_dagrun for example_skip_dag to 2025-03-06 00:00:00+00:00, run_after=2025-03-07 00:00:00+00:00
[2025-03-07T02:37:31.074+0000] {processor.py:208} INFO - Processing /home/Ashreem/airflow-env/lib/python3.12/site-packages/airflow/example_dags/example_skip_dag.py took 0.116 seconds
[2025-03-07T02:38:33.083+0000] {processor.py:186} INFO - Started process (PID=46679) to work on /home/Ashreem/airflow-env/lib/python3.12/site-packages/airflow/example_dags/example_skip_dag.py
[2025-03-07T02:38:33.085+0000] {processor.py:914} INFO - Processing file /home/Ashreem/airflow-env/lib/python3.12/site-packages/airflow/example_dags/example_skip_dag.py for tasks to queue
[2025-03-07T02:38:33.089+0000] {logging_mixin.py:190} INFO - [2025-03-07T02:38:33.088+0000] {dagbag.py:588} INFO - Filling up the DagBag from /home/Ashreem/airflow-env/lib/python3.12/site-packages/airflow/example_dags/example_skip_dag.py
[2025-03-07T02:38:33.102+0000] {processor.py:925} INFO - DAG(s) 'example_skip_dag' retrieved from /home/Ashreem/airflow-env/lib/python3.12/site-packages/airflow/example_dags/example_skip_dag.py
[2025-03-07T02:38:33.135+0000] {logging_mixin.py:190} INFO - [2025-03-07T02:38:33.134+0000] {dag.py:3239} INFO - Sync 1 DAGs
[2025-03-07T02:38:33.164+0000] {logging_mixin.py:190} INFO - [2025-03-07T02:38:33.164+0000] {dag.py:4180} INFO - Setting next_dagrun for example_skip_dag to 2025-03-06 00:00:00+00:00, run_after=2025-03-07 00:00:00+00:00
[2025-03-07T02:38:33.205+0000] {processor.py:208} INFO - Processing /home/Ashreem/airflow-env/lib/python3.12/site-packages/airflow/example_dags/example_skip_dag.py took 0.131 seconds
[2025-03-07T02:39:35.181+0000] {processor.py:186} INFO - Started process (PID=46746) to work on /home/Ashreem/airflow-env/lib/python3.12/site-packages/airflow/example_dags/example_skip_dag.py
[2025-03-07T02:39:35.183+0000] {processor.py:914} INFO - Processing file /home/Ashreem/airflow-env/lib/python3.12/site-packages/airflow/example_dags/example_skip_dag.py for tasks to queue
[2025-03-07T02:39:35.186+0000] {logging_mixin.py:190} INFO - [2025-03-07T02:39:35.186+0000] {dagbag.py:588} INFO - Filling up the DagBag from /home/Ashreem/airflow-env/lib/python3.12/site-packages/airflow/example_dags/example_skip_dag.py
[2025-03-07T02:39:35.199+0000] {processor.py:925} INFO - DAG(s) 'example_skip_dag' retrieved from /home/Ashreem/airflow-env/lib/python3.12/site-packages/airflow/example_dags/example_skip_dag.py
[2025-03-07T02:39:35.222+0000] {logging_mixin.py:190} INFO - [2025-03-07T02:39:35.222+0000] {dag.py:3239} INFO - Sync 1 DAGs
[2025-03-07T02:39:35.252+0000] {logging_mixin.py:190} INFO - [2025-03-07T02:39:35.252+0000] {dag.py:4180} INFO - Setting next_dagrun for example_skip_dag to 2025-03-06 00:00:00+00:00, run_after=2025-03-07 00:00:00+00:00
[2025-03-07T02:39:35.296+0000] {processor.py:208} INFO - Processing /home/Ashreem/airflow-env/lib/python3.12/site-packages/airflow/example_dags/example_skip_dag.py took 0.128 seconds
[2025-03-07T02:40:39.584+0000] {processor.py:186} INFO - Started process (PID=46811) to work on /home/Ashreem/airflow-env/lib/python3.12/site-packages/airflow/example_dags/example_skip_dag.py
[2025-03-07T02:40:39.585+0000] {processor.py:914} INFO - Processing file /home/Ashreem/airflow-env/lib/python3.12/site-packages/airflow/example_dags/example_skip_dag.py for tasks to queue
[2025-03-07T02:40:39.589+0000] {logging_mixin.py:190} INFO - [2025-03-07T02:40:39.589+0000] {dagbag.py:588} INFO - Filling up the DagBag from /home/Ashreem/airflow-env/lib/python3.12/site-packages/airflow/example_dags/example_skip_dag.py
[2025-03-07T02:40:39.600+0000] {processor.py:925} INFO - DAG(s) 'example_skip_dag' retrieved from /home/Ashreem/airflow-env/lib/python3.12/site-packages/airflow/example_dags/example_skip_dag.py
[2025-03-07T02:40:39.623+0000] {logging_mixin.py:190} INFO - [2025-03-07T02:40:39.623+0000] {dag.py:3239} INFO - Sync 1 DAGs
[2025-03-07T02:40:39.651+0000] {logging_mixin.py:190} INFO - [2025-03-07T02:40:39.651+0000] {dag.py:4180} INFO - Setting next_dagrun for example_skip_dag to 2025-03-06 00:00:00+00:00, run_after=2025-03-07 00:00:00+00:00
[2025-03-07T02:40:39.686+0000] {processor.py:208} INFO - Processing /home/Ashreem/airflow-env/lib/python3.12/site-packages/airflow/example_dags/example_skip_dag.py took 0.113 seconds
[2025-03-07T02:41:42.383+0000] {processor.py:186} INFO - Started process (PID=46875) to work on /home/Ashreem/airflow-env/lib/python3.12/site-packages/airflow/example_dags/example_skip_dag.py
[2025-03-07T02:41:42.386+0000] {processor.py:914} INFO - Processing file /home/Ashreem/airflow-env/lib/python3.12/site-packages/airflow/example_dags/example_skip_dag.py for tasks to queue
[2025-03-07T02:41:42.390+0000] {logging_mixin.py:190} INFO - [2025-03-07T02:41:42.389+0000] {dagbag.py:588} INFO - Filling up the DagBag from /home/Ashreem/airflow-env/lib/python3.12/site-packages/airflow/example_dags/example_skip_dag.py
[2025-03-07T02:41:42.399+0000] {processor.py:925} INFO - DAG(s) 'example_skip_dag' retrieved from /home/Ashreem/airflow-env/lib/python3.12/site-packages/airflow/example_dags/example_skip_dag.py
[2025-03-07T02:41:42.420+0000] {logging_mixin.py:190} INFO - [2025-03-07T02:41:42.420+0000] {dag.py:3239} INFO - Sync 1 DAGs
[2025-03-07T02:41:42.444+0000] {logging_mixin.py:190} INFO - [2025-03-07T02:41:42.444+0000] {dag.py:4180} INFO - Setting next_dagrun for example_skip_dag to 2025-03-06 00:00:00+00:00, run_after=2025-03-07 00:00:00+00:00
[2025-03-07T02:41:42.483+0000] {processor.py:208} INFO - Processing /home/Ashreem/airflow-env/lib/python3.12/site-packages/airflow/example_dags/example_skip_dag.py took 0.109 seconds
[2025-03-07T02:42:46.415+0000] {processor.py:186} INFO - Started process (PID=46942) to work on /home/Ashreem/airflow-env/lib/python3.12/site-packages/airflow/example_dags/example_skip_dag.py
[2025-03-07T02:42:46.417+0000] {processor.py:914} INFO - Processing file /home/Ashreem/airflow-env/lib/python3.12/site-packages/airflow/example_dags/example_skip_dag.py for tasks to queue
[2025-03-07T02:42:46.419+0000] {logging_mixin.py:190} INFO - [2025-03-07T02:42:46.419+0000] {dagbag.py:588} INFO - Filling up the DagBag from /home/Ashreem/airflow-env/lib/python3.12/site-packages/airflow/example_dags/example_skip_dag.py
[2025-03-07T02:42:46.431+0000] {processor.py:925} INFO - DAG(s) 'example_skip_dag' retrieved from /home/Ashreem/airflow-env/lib/python3.12/site-packages/airflow/example_dags/example_skip_dag.py
[2025-03-07T02:42:46.455+0000] {logging_mixin.py:190} INFO - [2025-03-07T02:42:46.454+0000] {dag.py:3239} INFO - Sync 1 DAGs
[2025-03-07T02:42:46.483+0000] {logging_mixin.py:190} INFO - [2025-03-07T02:42:46.483+0000] {dag.py:4180} INFO - Setting next_dagrun for example_skip_dag to 2025-03-06 00:00:00+00:00, run_after=2025-03-07 00:00:00+00:00
[2025-03-07T02:42:46.518+0000] {processor.py:208} INFO - Processing /home/Ashreem/airflow-env/lib/python3.12/site-packages/airflow/example_dags/example_skip_dag.py took 0.110 seconds
[2025-03-07T02:43:50.741+0000] {processor.py:186} INFO - Started process (PID=47015) to work on /home/Ashreem/airflow-env/lib/python3.12/site-packages/airflow/example_dags/example_skip_dag.py
[2025-03-07T02:43:50.743+0000] {processor.py:914} INFO - Processing file /home/Ashreem/airflow-env/lib/python3.12/site-packages/airflow/example_dags/example_skip_dag.py for tasks to queue
[2025-03-07T02:43:50.746+0000] {logging_mixin.py:190} INFO - [2025-03-07T02:43:50.746+0000] {dagbag.py:588} INFO - Filling up the DagBag from /home/Ashreem/airflow-env/lib/python3.12/site-packages/airflow/example_dags/example_skip_dag.py
[2025-03-07T02:43:50.757+0000] {processor.py:925} INFO - DAG(s) 'example_skip_dag' retrieved from /home/Ashreem/airflow-env/lib/python3.12/site-packages/airflow/example_dags/example_skip_dag.py
[2025-03-07T02:43:50.777+0000] {logging_mixin.py:190} INFO - [2025-03-07T02:43:50.776+0000] {dag.py:3239} INFO - Sync 1 DAGs
[2025-03-07T02:43:50.801+0000] {logging_mixin.py:190} INFO - [2025-03-07T02:43:50.800+0000] {dag.py:4180} INFO - Setting next_dagrun for example_skip_dag to 2025-03-06 00:00:00+00:00, run_after=2025-03-07 00:00:00+00:00
[2025-03-07T02:43:50.842+0000] {processor.py:208} INFO - Processing /home/Ashreem/airflow-env/lib/python3.12/site-packages/airflow/example_dags/example_skip_dag.py took 0.109 seconds
[2025-03-07T02:44:52.115+0000] {processor.py:186} INFO - Started process (PID=47090) to work on /home/Ashreem/airflow-env/lib/python3.12/site-packages/airflow/example_dags/example_skip_dag.py
[2025-03-07T02:44:52.116+0000] {processor.py:914} INFO - Processing file /home/Ashreem/airflow-env/lib/python3.12/site-packages/airflow/example_dags/example_skip_dag.py for tasks to queue
[2025-03-07T02:44:52.120+0000] {logging_mixin.py:190} INFO - [2025-03-07T02:44:52.119+0000] {dagbag.py:588} INFO - Filling up the DagBag from /home/Ashreem/airflow-env/lib/python3.12/site-packages/airflow/example_dags/example_skip_dag.py
[2025-03-07T02:44:52.130+0000] {processor.py:925} INFO - DAG(s) 'example_skip_dag' retrieved from /home/Ashreem/airflow-env/lib/python3.12/site-packages/airflow/example_dags/example_skip_dag.py
[2025-03-07T02:44:52.155+0000] {logging_mixin.py:190} INFO - [2025-03-07T02:44:52.155+0000] {dag.py:3239} INFO - Sync 1 DAGs
[2025-03-07T02:44:52.180+0000] {logging_mixin.py:190} INFO - [2025-03-07T02:44:52.180+0000] {dag.py:4180} INFO - Setting next_dagrun for example_skip_dag to 2025-03-06 00:00:00+00:00, run_after=2025-03-07 00:00:00+00:00
[2025-03-07T02:44:52.219+0000] {processor.py:208} INFO - Processing /home/Ashreem/airflow-env/lib/python3.12/site-packages/airflow/example_dags/example_skip_dag.py took 0.112 seconds
[2025-03-07T02:45:55.876+0000] {processor.py:186} INFO - Started process (PID=47160) to work on /home/Ashreem/airflow-env/lib/python3.12/site-packages/airflow/example_dags/example_skip_dag.py
[2025-03-07T02:45:55.877+0000] {processor.py:914} INFO - Processing file /home/Ashreem/airflow-env/lib/python3.12/site-packages/airflow/example_dags/example_skip_dag.py for tasks to queue
[2025-03-07T02:45:55.880+0000] {logging_mixin.py:190} INFO - [2025-03-07T02:45:55.880+0000] {dagbag.py:588} INFO - Filling up the DagBag from /home/Ashreem/airflow-env/lib/python3.12/site-packages/airflow/example_dags/example_skip_dag.py
[2025-03-07T02:45:55.891+0000] {processor.py:925} INFO - DAG(s) 'example_skip_dag' retrieved from /home/Ashreem/airflow-env/lib/python3.12/site-packages/airflow/example_dags/example_skip_dag.py
[2025-03-07T02:45:55.915+0000] {logging_mixin.py:190} INFO - [2025-03-07T02:45:55.915+0000] {dag.py:3239} INFO - Sync 1 DAGs
[2025-03-07T02:45:55.941+0000] {logging_mixin.py:190} INFO - [2025-03-07T02:45:55.941+0000] {dag.py:4180} INFO - Setting next_dagrun for example_skip_dag to 2025-03-06 00:00:00+00:00, run_after=2025-03-07 00:00:00+00:00
[2025-03-07T02:45:55.983+0000] {processor.py:208} INFO - Processing /home/Ashreem/airflow-env/lib/python3.12/site-packages/airflow/example_dags/example_skip_dag.py took 0.115 seconds
[2025-03-07T02:46:58.873+0000] {processor.py:186} INFO - Started process (PID=47221) to work on /home/Ashreem/airflow-env/lib/python3.12/site-packages/airflow/example_dags/example_skip_dag.py
[2025-03-07T02:46:58.874+0000] {processor.py:914} INFO - Processing file /home/Ashreem/airflow-env/lib/python3.12/site-packages/airflow/example_dags/example_skip_dag.py for tasks to queue
[2025-03-07T02:46:58.877+0000] {logging_mixin.py:190} INFO - [2025-03-07T02:46:58.877+0000] {dagbag.py:588} INFO - Filling up the DagBag from /home/Ashreem/airflow-env/lib/python3.12/site-packages/airflow/example_dags/example_skip_dag.py
[2025-03-07T02:46:58.888+0000] {processor.py:925} INFO - DAG(s) 'example_skip_dag' retrieved from /home/Ashreem/airflow-env/lib/python3.12/site-packages/airflow/example_dags/example_skip_dag.py
[2025-03-07T02:46:58.909+0000] {logging_mixin.py:190} INFO - [2025-03-07T02:46:58.909+0000] {dag.py:3239} INFO - Sync 1 DAGs
[2025-03-07T02:46:58.933+0000] {logging_mixin.py:190} INFO - [2025-03-07T02:46:58.933+0000] {dag.py:4180} INFO - Setting next_dagrun for example_skip_dag to 2025-03-06 00:00:00+00:00, run_after=2025-03-07 00:00:00+00:00
[2025-03-07T02:46:58.974+0000] {processor.py:208} INFO - Processing /home/Ashreem/airflow-env/lib/python3.12/site-packages/airflow/example_dags/example_skip_dag.py took 0.108 seconds
[2025-03-07T02:48:04.477+0000] {processor.py:186} INFO - Started process (PID=47283) to work on /home/Ashreem/airflow-env/lib/python3.12/site-packages/airflow/example_dags/example_skip_dag.py
[2025-03-07T02:48:04.479+0000] {processor.py:914} INFO - Processing file /home/Ashreem/airflow-env/lib/python3.12/site-packages/airflow/example_dags/example_skip_dag.py for tasks to queue
[2025-03-07T02:48:04.482+0000] {logging_mixin.py:190} INFO - [2025-03-07T02:48:04.481+0000] {dagbag.py:588} INFO - Filling up the DagBag from /home/Ashreem/airflow-env/lib/python3.12/site-packages/airflow/example_dags/example_skip_dag.py
[2025-03-07T02:48:04.492+0000] {processor.py:925} INFO - DAG(s) 'example_skip_dag' retrieved from /home/Ashreem/airflow-env/lib/python3.12/site-packages/airflow/example_dags/example_skip_dag.py
[2025-03-07T02:48:04.515+0000] {logging_mixin.py:190} INFO - [2025-03-07T02:48:04.515+0000] {dag.py:3239} INFO - Sync 1 DAGs
[2025-03-07T02:48:04.543+0000] {logging_mixin.py:190} INFO - [2025-03-07T02:48:04.543+0000] {dag.py:4180} INFO - Setting next_dagrun for example_skip_dag to 2025-03-06 00:00:00+00:00, run_after=2025-03-07 00:00:00+00:00
[2025-03-07T02:48:04.590+0000] {processor.py:208} INFO - Processing /home/Ashreem/airflow-env/lib/python3.12/site-packages/airflow/example_dags/example_skip_dag.py took 0.121 seconds
[2025-03-07T02:49:12.818+0000] {processor.py:186} INFO - Started process (PID=47364) to work on /home/Ashreem/airflow-env/lib/python3.12/site-packages/airflow/example_dags/example_skip_dag.py
[2025-03-07T02:49:12.820+0000] {processor.py:914} INFO - Processing file /home/Ashreem/airflow-env/lib/python3.12/site-packages/airflow/example_dags/example_skip_dag.py for tasks to queue
[2025-03-07T02:49:12.823+0000] {logging_mixin.py:190} INFO - [2025-03-07T02:49:12.822+0000] {dagbag.py:588} INFO - Filling up the DagBag from /home/Ashreem/airflow-env/lib/python3.12/site-packages/airflow/example_dags/example_skip_dag.py
[2025-03-07T02:49:12.833+0000] {processor.py:925} INFO - DAG(s) 'example_skip_dag' retrieved from /home/Ashreem/airflow-env/lib/python3.12/site-packages/airflow/example_dags/example_skip_dag.py
[2025-03-07T02:49:12.854+0000] {logging_mixin.py:190} INFO - [2025-03-07T02:49:12.854+0000] {dag.py:3239} INFO - Sync 1 DAGs
[2025-03-07T02:49:12.881+0000] {logging_mixin.py:190} INFO - [2025-03-07T02:49:12.881+0000] {dag.py:4180} INFO - Setting next_dagrun for example_skip_dag to 2025-03-06 00:00:00+00:00, run_after=2025-03-07 00:00:00+00:00
[2025-03-07T02:49:12.981+0000] {processor.py:208} INFO - Processing /home/Ashreem/airflow-env/lib/python3.12/site-packages/airflow/example_dags/example_skip_dag.py took 0.171 seconds
[2025-03-07T02:50:20.563+0000] {processor.py:186} INFO - Started process (PID=47442) to work on /home/Ashreem/airflow-env/lib/python3.12/site-packages/airflow/example_dags/example_skip_dag.py
[2025-03-07T02:50:20.565+0000] {processor.py:914} INFO - Processing file /home/Ashreem/airflow-env/lib/python3.12/site-packages/airflow/example_dags/example_skip_dag.py for tasks to queue
[2025-03-07T02:50:20.569+0000] {logging_mixin.py:190} INFO - [2025-03-07T02:50:20.568+0000] {dagbag.py:588} INFO - Filling up the DagBag from /home/Ashreem/airflow-env/lib/python3.12/site-packages/airflow/example_dags/example_skip_dag.py
[2025-03-07T02:50:20.579+0000] {processor.py:925} INFO - DAG(s) 'example_skip_dag' retrieved from /home/Ashreem/airflow-env/lib/python3.12/site-packages/airflow/example_dags/example_skip_dag.py
[2025-03-07T02:50:20.603+0000] {logging_mixin.py:190} INFO - [2025-03-07T02:50:20.603+0000] {dag.py:3239} INFO - Sync 1 DAGs
[2025-03-07T02:50:20.632+0000] {logging_mixin.py:190} INFO - [2025-03-07T02:50:20.632+0000] {dag.py:4180} INFO - Setting next_dagrun for example_skip_dag to 2025-03-06 00:00:00+00:00, run_after=2025-03-07 00:00:00+00:00
[2025-03-07T02:50:20.670+0000] {processor.py:208} INFO - Processing /home/Ashreem/airflow-env/lib/python3.12/site-packages/airflow/example_dags/example_skip_dag.py took 0.115 seconds
[2025-03-07T02:51:19.576+0000] {processor.py:186} INFO - Started process (PID=47502) to work on /home/Ashreem/airflow-env/lib/python3.12/site-packages/airflow/example_dags/example_skip_dag.py
[2025-03-07T02:51:19.577+0000] {processor.py:914} INFO - Processing file /home/Ashreem/airflow-env/lib/python3.12/site-packages/airflow/example_dags/example_skip_dag.py for tasks to queue
[2025-03-07T02:51:19.583+0000] {logging_mixin.py:190} INFO - [2025-03-07T02:51:19.580+0000] {dagbag.py:588} INFO - Filling up the DagBag from /home/Ashreem/airflow-env/lib/python3.12/site-packages/airflow/example_dags/example_skip_dag.py
[2025-03-07T02:51:19.594+0000] {processor.py:925} INFO - DAG(s) 'example_skip_dag' retrieved from /home/Ashreem/airflow-env/lib/python3.12/site-packages/airflow/example_dags/example_skip_dag.py
[2025-03-07T02:51:19.616+0000] {logging_mixin.py:190} INFO - [2025-03-07T02:51:19.616+0000] {dag.py:3239} INFO - Sync 1 DAGs
[2025-03-07T02:51:19.643+0000] {logging_mixin.py:190} INFO - [2025-03-07T02:51:19.643+0000] {dag.py:4180} INFO - Setting next_dagrun for example_skip_dag to 2025-03-06 00:00:00+00:00, run_after=2025-03-07 00:00:00+00:00
[2025-03-07T02:51:19.676+0000] {processor.py:208} INFO - Processing /home/Ashreem/airflow-env/lib/python3.12/site-packages/airflow/example_dags/example_skip_dag.py took 0.109 seconds
[2025-03-07T02:52:25.905+0000] {processor.py:186} INFO - Started process (PID=47569) to work on /home/Ashreem/airflow-env/lib/python3.12/site-packages/airflow/example_dags/example_skip_dag.py
[2025-03-07T02:52:25.907+0000] {processor.py:914} INFO - Processing file /home/Ashreem/airflow-env/lib/python3.12/site-packages/airflow/example_dags/example_skip_dag.py for tasks to queue
[2025-03-07T02:52:25.910+0000] {logging_mixin.py:190} INFO - [2025-03-07T02:52:25.910+0000] {dagbag.py:588} INFO - Filling up the DagBag from /home/Ashreem/airflow-env/lib/python3.12/site-packages/airflow/example_dags/example_skip_dag.py
[2025-03-07T02:52:25.923+0000] {processor.py:925} INFO - DAG(s) 'example_skip_dag' retrieved from /home/Ashreem/airflow-env/lib/python3.12/site-packages/airflow/example_dags/example_skip_dag.py
[2025-03-07T02:52:25.946+0000] {logging_mixin.py:190} INFO - [2025-03-07T02:52:25.945+0000] {dag.py:3239} INFO - Sync 1 DAGs
[2025-03-07T02:52:25.974+0000] {logging_mixin.py:190} INFO - [2025-03-07T02:52:25.974+0000] {dag.py:4180} INFO - Setting next_dagrun for example_skip_dag to 2025-03-06 00:00:00+00:00, run_after=2025-03-07 00:00:00+00:00
[2025-03-07T02:52:26.011+0000] {processor.py:208} INFO - Processing /home/Ashreem/airflow-env/lib/python3.12/site-packages/airflow/example_dags/example_skip_dag.py took 0.114 seconds
[2025-03-07T02:53:29.634+0000] {processor.py:186} INFO - Started process (PID=47632) to work on /home/Ashreem/airflow-env/lib/python3.12/site-packages/airflow/example_dags/example_skip_dag.py
[2025-03-07T02:53:29.636+0000] {processor.py:914} INFO - Processing file /home/Ashreem/airflow-env/lib/python3.12/site-packages/airflow/example_dags/example_skip_dag.py for tasks to queue
[2025-03-07T02:53:29.639+0000] {logging_mixin.py:190} INFO - [2025-03-07T02:53:29.639+0000] {dagbag.py:588} INFO - Filling up the DagBag from /home/Ashreem/airflow-env/lib/python3.12/site-packages/airflow/example_dags/example_skip_dag.py
[2025-03-07T02:53:29.651+0000] {processor.py:925} INFO - DAG(s) 'example_skip_dag' retrieved from /home/Ashreem/airflow-env/lib/python3.12/site-packages/airflow/example_dags/example_skip_dag.py
[2025-03-07T02:53:29.676+0000] {logging_mixin.py:190} INFO - [2025-03-07T02:53:29.676+0000] {dag.py:3239} INFO - Sync 1 DAGs
[2025-03-07T02:53:29.703+0000] {logging_mixin.py:190} INFO - [2025-03-07T02:53:29.703+0000] {dag.py:4180} INFO - Setting next_dagrun for example_skip_dag to 2025-03-06 00:00:00+00:00, run_after=2025-03-07 00:00:00+00:00
[2025-03-07T02:53:29.739+0000] {processor.py:208} INFO - Processing /home/Ashreem/airflow-env/lib/python3.12/site-packages/airflow/example_dags/example_skip_dag.py took 0.112 seconds
[2025-03-07T02:54:32.106+0000] {processor.py:186} INFO - Started process (PID=47697) to work on /home/Ashreem/airflow-env/lib/python3.12/site-packages/airflow/example_dags/example_skip_dag.py
[2025-03-07T02:54:32.107+0000] {processor.py:914} INFO - Processing file /home/Ashreem/airflow-env/lib/python3.12/site-packages/airflow/example_dags/example_skip_dag.py for tasks to queue
[2025-03-07T02:54:32.111+0000] {logging_mixin.py:190} INFO - [2025-03-07T02:54:32.111+0000] {dagbag.py:588} INFO - Filling up the DagBag from /home/Ashreem/airflow-env/lib/python3.12/site-packages/airflow/example_dags/example_skip_dag.py
[2025-03-07T02:54:32.123+0000] {processor.py:925} INFO - DAG(s) 'example_skip_dag' retrieved from /home/Ashreem/airflow-env/lib/python3.12/site-packages/airflow/example_dags/example_skip_dag.py
[2025-03-07T02:54:32.147+0000] {logging_mixin.py:190} INFO - [2025-03-07T02:54:32.147+0000] {dag.py:3239} INFO - Sync 1 DAGs
[2025-03-07T02:54:32.174+0000] {logging_mixin.py:190} INFO - [2025-03-07T02:54:32.173+0000] {dag.py:4180} INFO - Setting next_dagrun for example_skip_dag to 2025-03-06 00:00:00+00:00, run_after=2025-03-07 00:00:00+00:00
[2025-03-07T02:54:32.215+0000] {processor.py:208} INFO - Processing /home/Ashreem/airflow-env/lib/python3.12/site-packages/airflow/example_dags/example_skip_dag.py took 0.117 seconds
[2025-03-07T02:55:33.926+0000] {processor.py:186} INFO - Started process (PID=47828) to work on /home/Ashreem/airflow-env/lib/python3.12/site-packages/airflow/example_dags/example_skip_dag.py
[2025-03-07T02:55:33.928+0000] {processor.py:914} INFO - Processing file /home/Ashreem/airflow-env/lib/python3.12/site-packages/airflow/example_dags/example_skip_dag.py for tasks to queue
[2025-03-07T02:55:33.932+0000] {logging_mixin.py:190} INFO - [2025-03-07T02:55:33.931+0000] {dagbag.py:588} INFO - Filling up the DagBag from /home/Ashreem/airflow-env/lib/python3.12/site-packages/airflow/example_dags/example_skip_dag.py
[2025-03-07T02:55:33.943+0000] {processor.py:925} INFO - DAG(s) 'example_skip_dag' retrieved from /home/Ashreem/airflow-env/lib/python3.12/site-packages/airflow/example_dags/example_skip_dag.py
[2025-03-07T02:55:33.986+0000] {logging_mixin.py:190} INFO - [2025-03-07T02:55:33.986+0000] {dag.py:3239} INFO - Sync 1 DAGs
[2025-03-07T02:55:34.012+0000] {logging_mixin.py:190} INFO - [2025-03-07T02:55:34.012+0000] {dag.py:4180} INFO - Setting next_dagrun for example_skip_dag to 2025-03-06 00:00:00+00:00, run_after=2025-03-07 00:00:00+00:00
[2025-03-07T02:55:34.055+0000] {processor.py:208} INFO - Processing /home/Ashreem/airflow-env/lib/python3.12/site-packages/airflow/example_dags/example_skip_dag.py took 0.140 seconds
[2025-03-07T02:56:34.538+0000] {processor.py:186} INFO - Started process (PID=47936) to work on /home/Ashreem/airflow-env/lib/python3.12/site-packages/airflow/example_dags/example_skip_dag.py
[2025-03-07T02:56:34.539+0000] {processor.py:914} INFO - Processing file /home/Ashreem/airflow-env/lib/python3.12/site-packages/airflow/example_dags/example_skip_dag.py for tasks to queue
[2025-03-07T02:56:34.543+0000] {logging_mixin.py:190} INFO - [2025-03-07T02:56:34.543+0000] {dagbag.py:588} INFO - Filling up the DagBag from /home/Ashreem/airflow-env/lib/python3.12/site-packages/airflow/example_dags/example_skip_dag.py
[2025-03-07T02:56:34.555+0000] {processor.py:925} INFO - DAG(s) 'example_skip_dag' retrieved from /home/Ashreem/airflow-env/lib/python3.12/site-packages/airflow/example_dags/example_skip_dag.py
[2025-03-07T02:56:34.578+0000] {logging_mixin.py:190} INFO - [2025-03-07T02:56:34.578+0000] {dag.py:3239} INFO - Sync 1 DAGs
[2025-03-07T02:56:34.605+0000] {logging_mixin.py:190} INFO - [2025-03-07T02:56:34.605+0000] {dag.py:4180} INFO - Setting next_dagrun for example_skip_dag to 2025-03-06 00:00:00+00:00, run_after=2025-03-07 00:00:00+00:00
[2025-03-07T02:56:34.640+0000] {processor.py:208} INFO - Processing /home/Ashreem/airflow-env/lib/python3.12/site-packages/airflow/example_dags/example_skip_dag.py took 0.111 seconds
[2025-03-07T02:56:39.636+0000] {processor.py:186} INFO - Started process (PID=47946) to work on /home/Ashreem/airflow-env/lib/python3.12/site-packages/airflow/example_dags/example_skip_dag.py
[2025-03-07T02:56:39.638+0000] {processor.py:914} INFO - Processing file /home/Ashreem/airflow-env/lib/python3.12/site-packages/airflow/example_dags/example_skip_dag.py for tasks to queue
[2025-03-07T02:56:39.641+0000] {logging_mixin.py:190} INFO - [2025-03-07T02:56:39.641+0000] {dagbag.py:588} INFO - Filling up the DagBag from /home/Ashreem/airflow-env/lib/python3.12/site-packages/airflow/example_dags/example_skip_dag.py
[2025-03-07T02:56:39.651+0000] {processor.py:925} INFO - DAG(s) 'example_skip_dag' retrieved from /home/Ashreem/airflow-env/lib/python3.12/site-packages/airflow/example_dags/example_skip_dag.py
[2025-03-07T02:56:39.680+0000] {logging_mixin.py:190} INFO - [2025-03-07T02:56:39.680+0000] {dag.py:3239} INFO - Sync 1 DAGs
[2025-03-07T02:56:39.708+0000] {logging_mixin.py:190} INFO - [2025-03-07T02:56:39.708+0000] {dag.py:4180} INFO - Setting next_dagrun for example_skip_dag to 2025-03-06 00:00:00+00:00, run_after=2025-03-07 00:00:00+00:00
[2025-03-07T02:56:39.769+0000] {processor.py:208} INFO - Processing /home/Ashreem/airflow-env/lib/python3.12/site-packages/airflow/example_dags/example_skip_dag.py took 0.141 seconds
[2025-03-07T02:57:43.564+0000] {processor.py:186} INFO - Started process (PID=48048) to work on /home/Ashreem/airflow-env/lib/python3.12/site-packages/airflow/example_dags/example_skip_dag.py
[2025-03-07T02:57:43.565+0000] {processor.py:914} INFO - Processing file /home/Ashreem/airflow-env/lib/python3.12/site-packages/airflow/example_dags/example_skip_dag.py for tasks to queue
[2025-03-07T02:57:43.569+0000] {logging_mixin.py:190} INFO - [2025-03-07T02:57:43.569+0000] {dagbag.py:588} INFO - Filling up the DagBag from /home/Ashreem/airflow-env/lib/python3.12/site-packages/airflow/example_dags/example_skip_dag.py
[2025-03-07T02:57:43.580+0000] {processor.py:925} INFO - DAG(s) 'example_skip_dag' retrieved from /home/Ashreem/airflow-env/lib/python3.12/site-packages/airflow/example_dags/example_skip_dag.py
[2025-03-07T02:57:43.602+0000] {logging_mixin.py:190} INFO - [2025-03-07T02:57:43.602+0000] {dag.py:3239} INFO - Sync 1 DAGs
[2025-03-07T02:57:43.631+0000] {logging_mixin.py:190} INFO - [2025-03-07T02:57:43.631+0000] {dag.py:4180} INFO - Setting next_dagrun for example_skip_dag to 2025-03-06 00:00:00+00:00, run_after=2025-03-07 00:00:00+00:00
[2025-03-07T02:57:43.669+0000] {processor.py:208} INFO - Processing /home/Ashreem/airflow-env/lib/python3.12/site-packages/airflow/example_dags/example_skip_dag.py took 0.113 seconds
[2025-03-07T02:58:48.465+0000] {processor.py:186} INFO - Started process (PID=48122) to work on /home/Ashreem/airflow-env/lib/python3.12/site-packages/airflow/example_dags/example_skip_dag.py
[2025-03-07T02:58:48.466+0000] {processor.py:914} INFO - Processing file /home/Ashreem/airflow-env/lib/python3.12/site-packages/airflow/example_dags/example_skip_dag.py for tasks to queue
[2025-03-07T02:58:48.469+0000] {logging_mixin.py:190} INFO - [2025-03-07T02:58:48.469+0000] {dagbag.py:588} INFO - Filling up the DagBag from /home/Ashreem/airflow-env/lib/python3.12/site-packages/airflow/example_dags/example_skip_dag.py
[2025-03-07T02:58:48.479+0000] {processor.py:925} INFO - DAG(s) 'example_skip_dag' retrieved from /home/Ashreem/airflow-env/lib/python3.12/site-packages/airflow/example_dags/example_skip_dag.py
[2025-03-07T02:58:48.502+0000] {logging_mixin.py:190} INFO - [2025-03-07T02:58:48.501+0000] {dag.py:3239} INFO - Sync 1 DAGs
[2025-03-07T02:58:48.527+0000] {logging_mixin.py:190} INFO - [2025-03-07T02:58:48.527+0000] {dag.py:4180} INFO - Setting next_dagrun for example_skip_dag to 2025-03-06 00:00:00+00:00, run_after=2025-03-07 00:00:00+00:00
[2025-03-07T02:58:48.568+0000] {processor.py:208} INFO - Processing /home/Ashreem/airflow-env/lib/python3.12/site-packages/airflow/example_dags/example_skip_dag.py took 0.110 seconds
[2025-03-07T02:59:55.045+0000] {processor.py:186} INFO - Started process (PID=48245) to work on /home/Ashreem/airflow-env/lib/python3.12/site-packages/airflow/example_dags/example_skip_dag.py
[2025-03-07T02:59:55.048+0000] {processor.py:914} INFO - Processing file /home/Ashreem/airflow-env/lib/python3.12/site-packages/airflow/example_dags/example_skip_dag.py for tasks to queue
[2025-03-07T02:59:55.053+0000] {logging_mixin.py:190} INFO - [2025-03-07T02:59:55.052+0000] {dagbag.py:588} INFO - Filling up the DagBag from /home/Ashreem/airflow-env/lib/python3.12/site-packages/airflow/example_dags/example_skip_dag.py
[2025-03-07T02:59:55.073+0000] {processor.py:925} INFO - DAG(s) 'example_skip_dag' retrieved from /home/Ashreem/airflow-env/lib/python3.12/site-packages/airflow/example_dags/example_skip_dag.py
[2025-03-07T02:59:55.108+0000] {logging_mixin.py:190} INFO - [2025-03-07T02:59:55.108+0000] {dag.py:3239} INFO - Sync 1 DAGs
[2025-03-07T02:59:55.146+0000] {logging_mixin.py:190} INFO - [2025-03-07T02:59:55.146+0000] {dag.py:4180} INFO - Setting next_dagrun for example_skip_dag to 2025-03-06 00:00:00+00:00, run_after=2025-03-07 00:00:00+00:00
[2025-03-07T02:59:55.189+0000] {processor.py:208} INFO - Processing /home/Ashreem/airflow-env/lib/python3.12/site-packages/airflow/example_dags/example_skip_dag.py took 0.154 seconds
[2025-03-07T03:01:01.676+0000] {processor.py:186} INFO - Started process (PID=48349) to work on /home/Ashreem/airflow-env/lib/python3.12/site-packages/airflow/example_dags/example_skip_dag.py
[2025-03-07T03:01:01.677+0000] {processor.py:914} INFO - Processing file /home/Ashreem/airflow-env/lib/python3.12/site-packages/airflow/example_dags/example_skip_dag.py for tasks to queue
[2025-03-07T03:01:01.681+0000] {logging_mixin.py:190} INFO - [2025-03-07T03:01:01.680+0000] {dagbag.py:588} INFO - Filling up the DagBag from /home/Ashreem/airflow-env/lib/python3.12/site-packages/airflow/example_dags/example_skip_dag.py
[2025-03-07T03:01:01.691+0000] {processor.py:925} INFO - DAG(s) 'example_skip_dag' retrieved from /home/Ashreem/airflow-env/lib/python3.12/site-packages/airflow/example_dags/example_skip_dag.py
[2025-03-07T03:01:01.712+0000] {logging_mixin.py:190} INFO - [2025-03-07T03:01:01.712+0000] {dag.py:3239} INFO - Sync 1 DAGs
[2025-03-07T03:01:01.737+0000] {logging_mixin.py:190} INFO - [2025-03-07T03:01:01.737+0000] {dag.py:4180} INFO - Setting next_dagrun for example_skip_dag to 2025-03-06 00:00:00+00:00, run_after=2025-03-07 00:00:00+00:00
[2025-03-07T03:01:01.773+0000] {processor.py:208} INFO - Processing /home/Ashreem/airflow-env/lib/python3.12/site-packages/airflow/example_dags/example_skip_dag.py took 0.106 seconds
[2025-03-07T03:02:03.025+0000] {processor.py:186} INFO - Started process (PID=48415) to work on /home/Ashreem/airflow-env/lib/python3.12/site-packages/airflow/example_dags/example_skip_dag.py
[2025-03-07T03:02:03.027+0000] {processor.py:914} INFO - Processing file /home/Ashreem/airflow-env/lib/python3.12/site-packages/airflow/example_dags/example_skip_dag.py for tasks to queue
[2025-03-07T03:02:03.031+0000] {logging_mixin.py:190} INFO - [2025-03-07T03:02:03.030+0000] {dagbag.py:588} INFO - Filling up the DagBag from /home/Ashreem/airflow-env/lib/python3.12/site-packages/airflow/example_dags/example_skip_dag.py
[2025-03-07T03:02:03.042+0000] {processor.py:925} INFO - DAG(s) 'example_skip_dag' retrieved from /home/Ashreem/airflow-env/lib/python3.12/site-packages/airflow/example_dags/example_skip_dag.py
[2025-03-07T03:02:03.065+0000] {logging_mixin.py:190} INFO - [2025-03-07T03:02:03.065+0000] {dag.py:3239} INFO - Sync 1 DAGs
[2025-03-07T03:02:03.094+0000] {logging_mixin.py:190} INFO - [2025-03-07T03:02:03.094+0000] {dag.py:4180} INFO - Setting next_dagrun for example_skip_dag to 2025-03-06 00:00:00+00:00, run_after=2025-03-07 00:00:00+00:00
[2025-03-07T03:02:03.130+0000] {processor.py:208} INFO - Processing /home/Ashreem/airflow-env/lib/python3.12/site-packages/airflow/example_dags/example_skip_dag.py took 0.115 seconds
[2025-03-07T03:03:03.878+0000] {processor.py:186} INFO - Started process (PID=48545) to work on /home/Ashreem/airflow-env/lib/python3.12/site-packages/airflow/example_dags/example_skip_dag.py
[2025-03-07T03:03:03.879+0000] {processor.py:914} INFO - Processing file /home/Ashreem/airflow-env/lib/python3.12/site-packages/airflow/example_dags/example_skip_dag.py for tasks to queue
[2025-03-07T03:03:03.883+0000] {logging_mixin.py:190} INFO - [2025-03-07T03:03:03.883+0000] {dagbag.py:588} INFO - Filling up the DagBag from /home/Ashreem/airflow-env/lib/python3.12/site-packages/airflow/example_dags/example_skip_dag.py
[2025-03-07T03:03:03.894+0000] {processor.py:925} INFO - DAG(s) 'example_skip_dag' retrieved from /home/Ashreem/airflow-env/lib/python3.12/site-packages/airflow/example_dags/example_skip_dag.py
[2025-03-07T03:03:03.917+0000] {logging_mixin.py:190} INFO - [2025-03-07T03:03:03.917+0000] {dag.py:3239} INFO - Sync 1 DAGs
[2025-03-07T03:03:03.941+0000] {logging_mixin.py:190} INFO - [2025-03-07T03:03:03.941+0000] {dag.py:4180} INFO - Setting next_dagrun for example_skip_dag to 2025-03-06 00:00:00+00:00, run_after=2025-03-07 00:00:00+00:00
[2025-03-07T03:03:03.983+0000] {processor.py:208} INFO - Processing /home/Ashreem/airflow-env/lib/python3.12/site-packages/airflow/example_dags/example_skip_dag.py took 0.112 seconds
[2025-03-07T03:03:48.603+0000] {processor.py:186} INFO - Started process (PID=48618) to work on /home/Ashreem/airflow-env/lib/python3.12/site-packages/airflow/example_dags/example_skip_dag.py
[2025-03-07T03:03:48.604+0000] {processor.py:914} INFO - Processing file /home/Ashreem/airflow-env/lib/python3.12/site-packages/airflow/example_dags/example_skip_dag.py for tasks to queue
[2025-03-07T03:03:48.608+0000] {logging_mixin.py:190} INFO - [2025-03-07T03:03:48.608+0000] {dagbag.py:588} INFO - Filling up the DagBag from /home/Ashreem/airflow-env/lib/python3.12/site-packages/airflow/example_dags/example_skip_dag.py
[2025-03-07T03:03:48.620+0000] {processor.py:925} INFO - DAG(s) 'example_skip_dag' retrieved from /home/Ashreem/airflow-env/lib/python3.12/site-packages/airflow/example_dags/example_skip_dag.py
[2025-03-07T03:03:48.646+0000] {logging_mixin.py:190} INFO - [2025-03-07T03:03:48.645+0000] {dag.py:3239} INFO - Sync 1 DAGs
[2025-03-07T03:03:48.674+0000] {logging_mixin.py:190} INFO - [2025-03-07T03:03:48.674+0000] {dag.py:4180} INFO - Setting next_dagrun for example_skip_dag to 2025-03-06 00:00:00+00:00, run_after=2025-03-07 00:00:00+00:00
[2025-03-07T03:03:48.711+0000] {processor.py:208} INFO - Processing /home/Ashreem/airflow-env/lib/python3.12/site-packages/airflow/example_dags/example_skip_dag.py took 0.116 seconds
[2025-03-07T03:04:50.897+0000] {processor.py:186} INFO - Started process (PID=48686) to work on /home/Ashreem/airflow-env/lib/python3.12/site-packages/airflow/example_dags/example_skip_dag.py
[2025-03-07T03:04:50.898+0000] {processor.py:914} INFO - Processing file /home/Ashreem/airflow-env/lib/python3.12/site-packages/airflow/example_dags/example_skip_dag.py for tasks to queue
[2025-03-07T03:04:50.901+0000] {logging_mixin.py:190} INFO - [2025-03-07T03:04:50.901+0000] {dagbag.py:588} INFO - Filling up the DagBag from /home/Ashreem/airflow-env/lib/python3.12/site-packages/airflow/example_dags/example_skip_dag.py
[2025-03-07T03:04:50.914+0000] {processor.py:925} INFO - DAG(s) 'example_skip_dag' retrieved from /home/Ashreem/airflow-env/lib/python3.12/site-packages/airflow/example_dags/example_skip_dag.py
[2025-03-07T03:04:50.937+0000] {logging_mixin.py:190} INFO - [2025-03-07T03:04:50.937+0000] {dag.py:3239} INFO - Sync 1 DAGs
[2025-03-07T03:04:50.964+0000] {logging_mixin.py:190} INFO - [2025-03-07T03:04:50.964+0000] {dag.py:4180} INFO - Setting next_dagrun for example_skip_dag to 2025-03-06 00:00:00+00:00, run_after=2025-03-07 00:00:00+00:00
[2025-03-07T03:04:51.001+0000] {processor.py:208} INFO - Processing /home/Ashreem/airflow-env/lib/python3.12/site-packages/airflow/example_dags/example_skip_dag.py took 0.116 seconds
[2025-03-07T03:05:51.947+0000] {processor.py:186} INFO - Started process (PID=48937) to work on /home/Ashreem/airflow-env/lib/python3.12/site-packages/airflow/example_dags/example_skip_dag.py
[2025-03-07T03:05:51.949+0000] {processor.py:914} INFO - Processing file /home/Ashreem/airflow-env/lib/python3.12/site-packages/airflow/example_dags/example_skip_dag.py for tasks to queue
[2025-03-07T03:05:51.951+0000] {logging_mixin.py:190} INFO - [2025-03-07T03:05:51.951+0000] {dagbag.py:588} INFO - Filling up the DagBag from /home/Ashreem/airflow-env/lib/python3.12/site-packages/airflow/example_dags/example_skip_dag.py
[2025-03-07T03:05:51.962+0000] {processor.py:925} INFO - DAG(s) 'example_skip_dag' retrieved from /home/Ashreem/airflow-env/lib/python3.12/site-packages/airflow/example_dags/example_skip_dag.py
[2025-03-07T03:05:51.984+0000] {logging_mixin.py:190} INFO - [2025-03-07T03:05:51.984+0000] {dag.py:3239} INFO - Sync 1 DAGs
[2025-03-07T03:05:52.012+0000] {logging_mixin.py:190} INFO - [2025-03-07T03:05:52.011+0000] {dag.py:4180} INFO - Setting next_dagrun for example_skip_dag to 2025-03-06 00:00:00+00:00, run_after=2025-03-07 00:00:00+00:00
[2025-03-07T03:05:52.058+0000] {processor.py:208} INFO - Processing /home/Ashreem/airflow-env/lib/python3.12/site-packages/airflow/example_dags/example_skip_dag.py took 0.119 seconds
[2025-03-07T03:06:58.907+0000] {processor.py:186} INFO - Started process (PID=49005) to work on /home/Ashreem/airflow-env/lib/python3.12/site-packages/airflow/example_dags/example_skip_dag.py
[2025-03-07T03:06:58.909+0000] {processor.py:914} INFO - Processing file /home/Ashreem/airflow-env/lib/python3.12/site-packages/airflow/example_dags/example_skip_dag.py for tasks to queue
[2025-03-07T03:06:58.911+0000] {logging_mixin.py:190} INFO - [2025-03-07T03:06:58.911+0000] {dagbag.py:588} INFO - Filling up the DagBag from /home/Ashreem/airflow-env/lib/python3.12/site-packages/airflow/example_dags/example_skip_dag.py
[2025-03-07T03:06:58.927+0000] {processor.py:925} INFO - DAG(s) 'example_skip_dag' retrieved from /home/Ashreem/airflow-env/lib/python3.12/site-packages/airflow/example_dags/example_skip_dag.py
[2025-03-07T03:06:58.950+0000] {logging_mixin.py:190} INFO - [2025-03-07T03:06:58.950+0000] {dag.py:3239} INFO - Sync 1 DAGs
[2025-03-07T03:06:58.979+0000] {logging_mixin.py:190} INFO - [2025-03-07T03:06:58.979+0000] {dag.py:4180} INFO - Setting next_dagrun for example_skip_dag to 2025-03-06 00:00:00+00:00, run_after=2025-03-07 00:00:00+00:00
[2025-03-07T03:06:59.017+0000] {processor.py:208} INFO - Processing /home/Ashreem/airflow-env/lib/python3.12/site-packages/airflow/example_dags/example_skip_dag.py took 0.120 seconds
[2025-03-07T03:08:04.394+0000] {processor.py:186} INFO - Started process (PID=49086) to work on /home/Ashreem/airflow-env/lib/python3.12/site-packages/airflow/example_dags/example_skip_dag.py
[2025-03-07T03:08:04.396+0000] {processor.py:914} INFO - Processing file /home/Ashreem/airflow-env/lib/python3.12/site-packages/airflow/example_dags/example_skip_dag.py for tasks to queue
[2025-03-07T03:08:04.400+0000] {logging_mixin.py:190} INFO - [2025-03-07T03:08:04.399+0000] {dagbag.py:588} INFO - Filling up the DagBag from /home/Ashreem/airflow-env/lib/python3.12/site-packages/airflow/example_dags/example_skip_dag.py
[2025-03-07T03:08:04.410+0000] {processor.py:925} INFO - DAG(s) 'example_skip_dag' retrieved from /home/Ashreem/airflow-env/lib/python3.12/site-packages/airflow/example_dags/example_skip_dag.py
[2025-03-07T03:08:04.434+0000] {logging_mixin.py:190} INFO - [2025-03-07T03:08:04.433+0000] {dag.py:3239} INFO - Sync 1 DAGs
[2025-03-07T03:08:04.465+0000] {logging_mixin.py:190} INFO - [2025-03-07T03:08:04.465+0000] {dag.py:4180} INFO - Setting next_dagrun for example_skip_dag to 2025-03-06 00:00:00+00:00, run_after=2025-03-07 00:00:00+00:00
[2025-03-07T03:08:04.502+0000] {processor.py:208} INFO - Processing /home/Ashreem/airflow-env/lib/python3.12/site-packages/airflow/example_dags/example_skip_dag.py took 0.115 seconds
[2025-03-07T03:09:06.670+0000] {processor.py:186} INFO - Started process (PID=49158) to work on /home/Ashreem/airflow-env/lib/python3.12/site-packages/airflow/example_dags/example_skip_dag.py
[2025-03-07T03:09:06.672+0000] {processor.py:914} INFO - Processing file /home/Ashreem/airflow-env/lib/python3.12/site-packages/airflow/example_dags/example_skip_dag.py for tasks to queue
[2025-03-07T03:09:06.675+0000] {logging_mixin.py:190} INFO - [2025-03-07T03:09:06.675+0000] {dagbag.py:588} INFO - Filling up the DagBag from /home/Ashreem/airflow-env/lib/python3.12/site-packages/airflow/example_dags/example_skip_dag.py
[2025-03-07T03:09:06.687+0000] {processor.py:925} INFO - DAG(s) 'example_skip_dag' retrieved from /home/Ashreem/airflow-env/lib/python3.12/site-packages/airflow/example_dags/example_skip_dag.py
[2025-03-07T03:09:06.713+0000] {logging_mixin.py:190} INFO - [2025-03-07T03:09:06.713+0000] {dag.py:3239} INFO - Sync 1 DAGs
[2025-03-07T03:09:06.743+0000] {logging_mixin.py:190} INFO - [2025-03-07T03:09:06.742+0000] {dag.py:4180} INFO - Setting next_dagrun for example_skip_dag to 2025-03-06 00:00:00+00:00, run_after=2025-03-07 00:00:00+00:00
[2025-03-07T03:09:06.783+0000] {processor.py:208} INFO - Processing /home/Ashreem/airflow-env/lib/python3.12/site-packages/airflow/example_dags/example_skip_dag.py took 0.121 seconds
[2025-03-07T03:10:07.703+0000] {processor.py:186} INFO - Started process (PID=49221) to work on /home/Ashreem/airflow-env/lib/python3.12/site-packages/airflow/example_dags/example_skip_dag.py
[2025-03-07T03:10:07.704+0000] {processor.py:914} INFO - Processing file /home/Ashreem/airflow-env/lib/python3.12/site-packages/airflow/example_dags/example_skip_dag.py for tasks to queue
[2025-03-07T03:10:07.709+0000] {logging_mixin.py:190} INFO - [2025-03-07T03:10:07.706+0000] {dagbag.py:588} INFO - Filling up the DagBag from /home/Ashreem/airflow-env/lib/python3.12/site-packages/airflow/example_dags/example_skip_dag.py
[2025-03-07T03:10:07.721+0000] {processor.py:925} INFO - DAG(s) 'example_skip_dag' retrieved from /home/Ashreem/airflow-env/lib/python3.12/site-packages/airflow/example_dags/example_skip_dag.py
[2025-03-07T03:10:07.743+0000] {logging_mixin.py:190} INFO - [2025-03-07T03:10:07.743+0000] {dag.py:3239} INFO - Sync 1 DAGs
[2025-03-07T03:10:07.769+0000] {logging_mixin.py:190} INFO - [2025-03-07T03:10:07.769+0000] {dag.py:4180} INFO - Setting next_dagrun for example_skip_dag to 2025-03-06 00:00:00+00:00, run_after=2025-03-07 00:00:00+00:00
[2025-03-07T03:10:07.805+0000] {processor.py:208} INFO - Processing /home/Ashreem/airflow-env/lib/python3.12/site-packages/airflow/example_dags/example_skip_dag.py took 0.111 seconds
