[2025-03-07T02:30:54.832+0000] {processor.py:186} INFO - Started process (PID=46002) to work on /home/Ashreem/airflow-env/lib/python3.12/site-packages/airflow/example_dags/example_external_task_marker_dag.py
[2025-03-07T02:30:54.834+0000] {processor.py:914} INFO - Processing file /home/Ashreem/airflow-env/lib/python3.12/site-packages/airflow/example_dags/example_external_task_marker_dag.py for tasks to queue
[2025-03-07T02:30:54.837+0000] {logging_mixin.py:190} INFO - [2025-03-07T02:30:54.837+0000] {dagbag.py:588} INFO - Filling up the DagBag from /home/Ashreem/airflow-env/lib/python3.12/site-packages/airflow/example_dags/example_external_task_marker_dag.py
[2025-03-07T02:30:54.852+0000] {processor.py:925} INFO - DAG(s) 'example_external_task_marker_parent', 'example_external_task_marker_child' retrieved from /home/Ashreem/airflow-env/lib/python3.12/site-packages/airflow/example_dags/example_external_task_marker_dag.py
[2025-03-07T02:30:55.013+0000] {logging_mixin.py:190} INFO - [2025-03-07T02:30:55.012+0000] {override.py:1930} INFO - Created Permission View: can read on DAG:example_external_task_marker_parent
[2025-03-07T02:30:55.039+0000] {logging_mixin.py:190} INFO - [2025-03-07T02:30:55.039+0000] {override.py:1930} INFO - Created Permission View: can delete on DAG:example_external_task_marker_parent
[2025-03-07T02:30:55.059+0000] {logging_mixin.py:190} INFO - [2025-03-07T02:30:55.059+0000] {override.py:1930} INFO - Created Permission View: can edit on DAG:example_external_task_marker_parent
[2025-03-07T02:30:55.099+0000] {logging_mixin.py:190} INFO - [2025-03-07T02:30:55.099+0000] {override.py:1930} INFO - Created Permission View: can read on DAG Run:example_external_task_marker_parent
[2025-03-07T02:30:55.124+0000] {logging_mixin.py:190} INFO - [2025-03-07T02:30:55.123+0000] {override.py:1930} INFO - Created Permission View: can delete on DAG Run:example_external_task_marker_parent
[2025-03-07T02:30:55.147+0000] {logging_mixin.py:190} INFO - [2025-03-07T02:30:55.147+0000] {override.py:1930} INFO - Created Permission View: menu access on DAG Run:example_external_task_marker_parent
[2025-03-07T02:30:55.208+0000] {logging_mixin.py:190} INFO - [2025-03-07T02:30:55.207+0000] {override.py:1930} INFO - Created Permission View: can create on DAG Run:example_external_task_marker_parent
[2025-03-07T02:30:55.257+0000] {logging_mixin.py:190} INFO - [2025-03-07T02:30:55.256+0000] {override.py:1930} INFO - Created Permission View: can read on DAG:example_external_task_marker_child
[2025-03-07T02:30:55.281+0000] {logging_mixin.py:190} INFO - [2025-03-07T02:30:55.280+0000] {override.py:1930} INFO - Created Permission View: can delete on DAG:example_external_task_marker_child
[2025-03-07T02:30:55.313+0000] {logging_mixin.py:190} INFO - [2025-03-07T02:30:55.312+0000] {override.py:1930} INFO - Created Permission View: can edit on DAG:example_external_task_marker_child
[2025-03-07T02:30:55.351+0000] {logging_mixin.py:190} INFO - [2025-03-07T02:30:55.351+0000] {override.py:1930} INFO - Created Permission View: can read on DAG Run:example_external_task_marker_child
[2025-03-07T02:30:55.371+0000] {logging_mixin.py:190} INFO - [2025-03-07T02:30:55.370+0000] {override.py:1930} INFO - Created Permission View: can delete on DAG Run:example_external_task_marker_child
[2025-03-07T02:30:55.391+0000] {logging_mixin.py:190} INFO - [2025-03-07T02:30:55.390+0000] {override.py:1930} INFO - Created Permission View: menu access on DAG Run:example_external_task_marker_child
[2025-03-07T02:30:55.411+0000] {logging_mixin.py:190} INFO - [2025-03-07T02:30:55.411+0000] {override.py:1930} INFO - Created Permission View: can create on DAG Run:example_external_task_marker_child
[2025-03-07T02:30:55.412+0000] {logging_mixin.py:190} INFO - [2025-03-07T02:30:55.412+0000] {dag.py:3239} INFO - Sync 2 DAGs
[2025-03-07T02:30:55.429+0000] {logging_mixin.py:190} INFO - [2025-03-07T02:30:55.428+0000] {dag.py:3262} INFO - Creating ORM DAG for example_external_task_marker_parent
[2025-03-07T02:30:55.429+0000] {logging_mixin.py:190} INFO - [2025-03-07T02:30:55.429+0000] {dag.py:3262} INFO - Creating ORM DAG for example_external_task_marker_child
[2025-03-07T02:30:55.430+0000] {logging_mixin.py:190} INFO - [2025-03-07T02:30:55.430+0000] {dag.py:4180} INFO - Setting next_dagrun for example_external_task_marker_child to None, run_after=None
[2025-03-07T02:30:55.431+0000] {logging_mixin.py:190} INFO - [2025-03-07T02:30:55.430+0000] {dag.py:4180} INFO - Setting next_dagrun for example_external_task_marker_parent to None, run_after=None
[2025-03-07T02:30:55.466+0000] {processor.py:208} INFO - Processing /home/Ashreem/airflow-env/lib/python3.12/site-packages/airflow/example_dags/example_external_task_marker_dag.py took 0.642 seconds
[2025-03-07T02:33:29.684+0000] {processor.py:186} INFO - Started process (PID=46107) to work on /home/Ashreem/airflow-env/lib/python3.12/site-packages/airflow/example_dags/example_external_task_marker_dag.py
[2025-03-07T02:33:29.686+0000] {processor.py:914} INFO - Processing file /home/Ashreem/airflow-env/lib/python3.12/site-packages/airflow/example_dags/example_external_task_marker_dag.py for tasks to queue
[2025-03-07T02:33:29.689+0000] {logging_mixin.py:190} INFO - [2025-03-07T02:33:29.688+0000] {dagbag.py:588} INFO - Filling up the DagBag from /home/Ashreem/airflow-env/lib/python3.12/site-packages/airflow/example_dags/example_external_task_marker_dag.py
[2025-03-07T02:33:29.700+0000] {processor.py:925} INFO - DAG(s) 'example_external_task_marker_parent', 'example_external_task_marker_child' retrieved from /home/Ashreem/airflow-env/lib/python3.12/site-packages/airflow/example_dags/example_external_task_marker_dag.py
[2025-03-07T02:33:29.723+0000] {logging_mixin.py:190} INFO - [2025-03-07T02:33:29.723+0000] {dag.py:3239} INFO - Sync 2 DAGs
[2025-03-07T02:33:29.742+0000] {logging_mixin.py:190} INFO - [2025-03-07T02:33:29.741+0000] {dag.py:4180} INFO - Setting next_dagrun for example_external_task_marker_child to None, run_after=None
[2025-03-07T02:33:29.745+0000] {logging_mixin.py:190} INFO - [2025-03-07T02:33:29.745+0000] {dag.py:4180} INFO - Setting next_dagrun for example_external_task_marker_parent to None, run_after=None
[2025-03-07T02:33:29.788+0000] {processor.py:208} INFO - Processing /home/Ashreem/airflow-env/lib/python3.12/site-packages/airflow/example_dags/example_external_task_marker_dag.py took 0.112 seconds
[2025-03-07T02:34:42.818+0000] {processor.py:186} INFO - Started process (PID=46446) to work on /home/Ashreem/airflow-env/lib/python3.12/site-packages/airflow/example_dags/example_external_task_marker_dag.py
[2025-03-07T02:34:42.820+0000] {processor.py:914} INFO - Processing file /home/Ashreem/airflow-env/lib/python3.12/site-packages/airflow/example_dags/example_external_task_marker_dag.py for tasks to queue
[2025-03-07T02:34:42.823+0000] {logging_mixin.py:190} INFO - [2025-03-07T02:34:42.822+0000] {dagbag.py:588} INFO - Filling up the DagBag from /home/Ashreem/airflow-env/lib/python3.12/site-packages/airflow/example_dags/example_external_task_marker_dag.py
[2025-03-07T02:34:42.835+0000] {processor.py:925} INFO - DAG(s) 'example_external_task_marker_parent', 'example_external_task_marker_child' retrieved from /home/Ashreem/airflow-env/lib/python3.12/site-packages/airflow/example_dags/example_external_task_marker_dag.py
[2025-03-07T02:34:42.861+0000] {logging_mixin.py:190} INFO - [2025-03-07T02:34:42.861+0000] {dag.py:3239} INFO - Sync 2 DAGs
[2025-03-07T02:34:42.878+0000] {logging_mixin.py:190} INFO - [2025-03-07T02:34:42.878+0000] {dag.py:4180} INFO - Setting next_dagrun for example_external_task_marker_child to None, run_after=None
[2025-03-07T02:34:42.883+0000] {logging_mixin.py:190} INFO - [2025-03-07T02:34:42.882+0000] {dag.py:4180} INFO - Setting next_dagrun for example_external_task_marker_parent to None, run_after=None
[2025-03-07T02:34:42.919+0000] {processor.py:208} INFO - Processing /home/Ashreem/airflow-env/lib/python3.12/site-packages/airflow/example_dags/example_external_task_marker_dag.py took 0.110 seconds
[2025-03-07T02:35:47.215+0000] {processor.py:186} INFO - Started process (PID=46511) to work on /home/Ashreem/airflow-env/lib/python3.12/site-packages/airflow/example_dags/example_external_task_marker_dag.py
[2025-03-07T02:35:47.217+0000] {processor.py:914} INFO - Processing file /home/Ashreem/airflow-env/lib/python3.12/site-packages/airflow/example_dags/example_external_task_marker_dag.py for tasks to queue
[2025-03-07T02:35:47.220+0000] {logging_mixin.py:190} INFO - [2025-03-07T02:35:47.219+0000] {dagbag.py:588} INFO - Filling up the DagBag from /home/Ashreem/airflow-env/lib/python3.12/site-packages/airflow/example_dags/example_external_task_marker_dag.py
[2025-03-07T02:35:47.231+0000] {processor.py:925} INFO - DAG(s) 'example_external_task_marker_parent', 'example_external_task_marker_child' retrieved from /home/Ashreem/airflow-env/lib/python3.12/site-packages/airflow/example_dags/example_external_task_marker_dag.py
[2025-03-07T02:35:47.253+0000] {logging_mixin.py:190} INFO - [2025-03-07T02:35:47.253+0000] {dag.py:3239} INFO - Sync 2 DAGs
[2025-03-07T02:35:47.270+0000] {logging_mixin.py:190} INFO - [2025-03-07T02:35:47.270+0000] {dag.py:4180} INFO - Setting next_dagrun for example_external_task_marker_child to None, run_after=None
[2025-03-07T02:35:47.274+0000] {logging_mixin.py:190} INFO - [2025-03-07T02:35:47.274+0000] {dag.py:4180} INFO - Setting next_dagrun for example_external_task_marker_parent to None, run_after=None
[2025-03-07T02:35:47.315+0000] {processor.py:208} INFO - Processing /home/Ashreem/airflow-env/lib/python3.12/site-packages/airflow/example_dags/example_external_task_marker_dag.py took 0.107 seconds
[2025-03-07T02:36:55.219+0000] {processor.py:186} INFO - Started process (PID=46582) to work on /home/Ashreem/airflow-env/lib/python3.12/site-packages/airflow/example_dags/example_external_task_marker_dag.py
[2025-03-07T02:36:55.221+0000] {processor.py:914} INFO - Processing file /home/Ashreem/airflow-env/lib/python3.12/site-packages/airflow/example_dags/example_external_task_marker_dag.py for tasks to queue
[2025-03-07T02:36:55.224+0000] {logging_mixin.py:190} INFO - [2025-03-07T02:36:55.223+0000] {dagbag.py:588} INFO - Filling up the DagBag from /home/Ashreem/airflow-env/lib/python3.12/site-packages/airflow/example_dags/example_external_task_marker_dag.py
[2025-03-07T02:36:55.235+0000] {processor.py:925} INFO - DAG(s) 'example_external_task_marker_child', 'example_external_task_marker_parent' retrieved from /home/Ashreem/airflow-env/lib/python3.12/site-packages/airflow/example_dags/example_external_task_marker_dag.py
[2025-03-07T02:36:55.256+0000] {logging_mixin.py:190} INFO - [2025-03-07T02:36:55.256+0000] {dag.py:3239} INFO - Sync 2 DAGs
[2025-03-07T02:36:55.272+0000] {logging_mixin.py:190} INFO - [2025-03-07T02:36:55.272+0000] {dag.py:4180} INFO - Setting next_dagrun for example_external_task_marker_child to None, run_after=None
[2025-03-07T02:36:55.275+0000] {logging_mixin.py:190} INFO - [2025-03-07T02:36:55.275+0000] {dag.py:4180} INFO - Setting next_dagrun for example_external_task_marker_parent to None, run_after=None
[2025-03-07T02:36:55.312+0000] {processor.py:208} INFO - Processing /home/Ashreem/airflow-env/lib/python3.12/site-packages/airflow/example_dags/example_external_task_marker_dag.py took 0.101 seconds
[2025-03-07T02:37:56.722+0000] {processor.py:186} INFO - Started process (PID=46642) to work on /home/Ashreem/airflow-env/lib/python3.12/site-packages/airflow/example_dags/example_external_task_marker_dag.py
[2025-03-07T02:37:56.723+0000] {processor.py:914} INFO - Processing file /home/Ashreem/airflow-env/lib/python3.12/site-packages/airflow/example_dags/example_external_task_marker_dag.py for tasks to queue
[2025-03-07T02:37:56.727+0000] {logging_mixin.py:190} INFO - [2025-03-07T02:37:56.726+0000] {dagbag.py:588} INFO - Filling up the DagBag from /home/Ashreem/airflow-env/lib/python3.12/site-packages/airflow/example_dags/example_external_task_marker_dag.py
[2025-03-07T02:37:56.739+0000] {processor.py:925} INFO - DAG(s) 'example_external_task_marker_parent', 'example_external_task_marker_child' retrieved from /home/Ashreem/airflow-env/lib/python3.12/site-packages/airflow/example_dags/example_external_task_marker_dag.py
[2025-03-07T02:37:56.761+0000] {logging_mixin.py:190} INFO - [2025-03-07T02:37:56.761+0000] {dag.py:3239} INFO - Sync 2 DAGs
[2025-03-07T02:37:56.776+0000] {logging_mixin.py:190} INFO - [2025-03-07T02:37:56.776+0000] {dag.py:4180} INFO - Setting next_dagrun for example_external_task_marker_child to None, run_after=None
[2025-03-07T02:37:56.781+0000] {logging_mixin.py:190} INFO - [2025-03-07T02:37:56.781+0000] {dag.py:4180} INFO - Setting next_dagrun for example_external_task_marker_parent to None, run_after=None
[2025-03-07T02:37:56.815+0000] {processor.py:208} INFO - Processing /home/Ashreem/airflow-env/lib/python3.12/site-packages/airflow/example_dags/example_external_task_marker_dag.py took 0.101 seconds
[2025-03-07T02:39:00.709+0000] {processor.py:186} INFO - Started process (PID=46712) to work on /home/Ashreem/airflow-env/lib/python3.12/site-packages/airflow/example_dags/example_external_task_marker_dag.py
[2025-03-07T02:39:00.710+0000] {processor.py:914} INFO - Processing file /home/Ashreem/airflow-env/lib/python3.12/site-packages/airflow/example_dags/example_external_task_marker_dag.py for tasks to queue
[2025-03-07T02:39:00.713+0000] {logging_mixin.py:190} INFO - [2025-03-07T02:39:00.712+0000] {dagbag.py:588} INFO - Filling up the DagBag from /home/Ashreem/airflow-env/lib/python3.12/site-packages/airflow/example_dags/example_external_task_marker_dag.py
[2025-03-07T02:39:00.725+0000] {processor.py:925} INFO - DAG(s) 'example_external_task_marker_parent', 'example_external_task_marker_child' retrieved from /home/Ashreem/airflow-env/lib/python3.12/site-packages/airflow/example_dags/example_external_task_marker_dag.py
[2025-03-07T02:39:00.750+0000] {logging_mixin.py:190} INFO - [2025-03-07T02:39:00.750+0000] {dag.py:3239} INFO - Sync 2 DAGs
[2025-03-07T02:39:00.767+0000] {logging_mixin.py:190} INFO - [2025-03-07T02:39:00.767+0000] {dag.py:4180} INFO - Setting next_dagrun for example_external_task_marker_child to None, run_after=None
[2025-03-07T02:39:00.771+0000] {logging_mixin.py:190} INFO - [2025-03-07T02:39:00.771+0000] {dag.py:4180} INFO - Setting next_dagrun for example_external_task_marker_parent to None, run_after=None
[2025-03-07T02:39:00.806+0000] {processor.py:208} INFO - Processing /home/Ashreem/airflow-env/lib/python3.12/site-packages/airflow/example_dags/example_external_task_marker_dag.py took 0.105 seconds
[2025-03-07T02:40:03.462+0000] {processor.py:186} INFO - Started process (PID=46774) to work on /home/Ashreem/airflow-env/lib/python3.12/site-packages/airflow/example_dags/example_external_task_marker_dag.py
[2025-03-07T02:40:03.464+0000] {processor.py:914} INFO - Processing file /home/Ashreem/airflow-env/lib/python3.12/site-packages/airflow/example_dags/example_external_task_marker_dag.py for tasks to queue
[2025-03-07T02:40:03.468+0000] {logging_mixin.py:190} INFO - [2025-03-07T02:40:03.468+0000] {dagbag.py:588} INFO - Filling up the DagBag from /home/Ashreem/airflow-env/lib/python3.12/site-packages/airflow/example_dags/example_external_task_marker_dag.py
[2025-03-07T02:40:03.483+0000] {processor.py:925} INFO - DAG(s) 'example_external_task_marker_child', 'example_external_task_marker_parent' retrieved from /home/Ashreem/airflow-env/lib/python3.12/site-packages/airflow/example_dags/example_external_task_marker_dag.py
[2025-03-07T02:40:03.511+0000] {logging_mixin.py:190} INFO - [2025-03-07T02:40:03.510+0000] {dag.py:3239} INFO - Sync 2 DAGs
[2025-03-07T02:40:03.533+0000] {logging_mixin.py:190} INFO - [2025-03-07T02:40:03.533+0000] {dag.py:4180} INFO - Setting next_dagrun for example_external_task_marker_child to None, run_after=None
[2025-03-07T02:40:03.539+0000] {logging_mixin.py:190} INFO - [2025-03-07T02:40:03.539+0000] {dag.py:4180} INFO - Setting next_dagrun for example_external_task_marker_parent to None, run_after=None
[2025-03-07T02:40:03.574+0000] {processor.py:208} INFO - Processing /home/Ashreem/airflow-env/lib/python3.12/site-packages/airflow/example_dags/example_external_task_marker_dag.py took 0.124 seconds
[2025-03-07T02:41:07.121+0000] {processor.py:186} INFO - Started process (PID=46841) to work on /home/Ashreem/airflow-env/lib/python3.12/site-packages/airflow/example_dags/example_external_task_marker_dag.py
[2025-03-07T02:41:07.122+0000] {processor.py:914} INFO - Processing file /home/Ashreem/airflow-env/lib/python3.12/site-packages/airflow/example_dags/example_external_task_marker_dag.py for tasks to queue
[2025-03-07T02:41:07.125+0000] {logging_mixin.py:190} INFO - [2025-03-07T02:41:07.124+0000] {dagbag.py:588} INFO - Filling up the DagBag from /home/Ashreem/airflow-env/lib/python3.12/site-packages/airflow/example_dags/example_external_task_marker_dag.py
[2025-03-07T02:41:07.137+0000] {processor.py:925} INFO - DAG(s) 'example_external_task_marker_child', 'example_external_task_marker_parent' retrieved from /home/Ashreem/airflow-env/lib/python3.12/site-packages/airflow/example_dags/example_external_task_marker_dag.py
[2025-03-07T02:41:07.160+0000] {logging_mixin.py:190} INFO - [2025-03-07T02:41:07.160+0000] {dag.py:3239} INFO - Sync 2 DAGs
[2025-03-07T02:41:07.185+0000] {logging_mixin.py:190} INFO - [2025-03-07T02:41:07.184+0000] {dag.py:4180} INFO - Setting next_dagrun for example_external_task_marker_child to None, run_after=None
[2025-03-07T02:41:07.189+0000] {logging_mixin.py:190} INFO - [2025-03-07T02:41:07.189+0000] {dag.py:4180} INFO - Setting next_dagrun for example_external_task_marker_parent to None, run_after=None
[2025-03-07T02:41:07.229+0000] {processor.py:208} INFO - Processing /home/Ashreem/airflow-env/lib/python3.12/site-packages/airflow/example_dags/example_external_task_marker_dag.py took 0.117 seconds
[2025-03-07T02:42:09.905+0000] {processor.py:186} INFO - Started process (PID=46902) to work on /home/Ashreem/airflow-env/lib/python3.12/site-packages/airflow/example_dags/example_external_task_marker_dag.py
[2025-03-07T02:42:09.906+0000] {processor.py:914} INFO - Processing file /home/Ashreem/airflow-env/lib/python3.12/site-packages/airflow/example_dags/example_external_task_marker_dag.py for tasks to queue
[2025-03-07T02:42:09.909+0000] {logging_mixin.py:190} INFO - [2025-03-07T02:42:09.908+0000] {dagbag.py:588} INFO - Filling up the DagBag from /home/Ashreem/airflow-env/lib/python3.12/site-packages/airflow/example_dags/example_external_task_marker_dag.py
[2025-03-07T02:42:09.920+0000] {processor.py:925} INFO - DAG(s) 'example_external_task_marker_child', 'example_external_task_marker_parent' retrieved from /home/Ashreem/airflow-env/lib/python3.12/site-packages/airflow/example_dags/example_external_task_marker_dag.py
[2025-03-07T02:42:09.942+0000] {logging_mixin.py:190} INFO - [2025-03-07T02:42:09.942+0000] {dag.py:3239} INFO - Sync 2 DAGs
[2025-03-07T02:42:09.962+0000] {logging_mixin.py:190} INFO - [2025-03-07T02:42:09.962+0000] {dag.py:4180} INFO - Setting next_dagrun for example_external_task_marker_child to None, run_after=None
[2025-03-07T02:42:09.967+0000] {logging_mixin.py:190} INFO - [2025-03-07T02:42:09.967+0000] {dag.py:4180} INFO - Setting next_dagrun for example_external_task_marker_parent to None, run_after=None
[2025-03-07T02:42:10.009+0000] {processor.py:208} INFO - Processing /home/Ashreem/airflow-env/lib/python3.12/site-packages/airflow/example_dags/example_external_task_marker_dag.py took 0.113 seconds
[2025-03-07T02:43:14.186+0000] {processor.py:186} INFO - Started process (PID=46971) to work on /home/Ashreem/airflow-env/lib/python3.12/site-packages/airflow/example_dags/example_external_task_marker_dag.py
[2025-03-07T02:43:14.187+0000] {processor.py:914} INFO - Processing file /home/Ashreem/airflow-env/lib/python3.12/site-packages/airflow/example_dags/example_external_task_marker_dag.py for tasks to queue
[2025-03-07T02:43:14.190+0000] {logging_mixin.py:190} INFO - [2025-03-07T02:43:14.190+0000] {dagbag.py:588} INFO - Filling up the DagBag from /home/Ashreem/airflow-env/lib/python3.12/site-packages/airflow/example_dags/example_external_task_marker_dag.py
[2025-03-07T02:43:14.202+0000] {processor.py:925} INFO - DAG(s) 'example_external_task_marker_parent', 'example_external_task_marker_child' retrieved from /home/Ashreem/airflow-env/lib/python3.12/site-packages/airflow/example_dags/example_external_task_marker_dag.py
[2025-03-07T02:43:14.226+0000] {logging_mixin.py:190} INFO - [2025-03-07T02:43:14.226+0000] {dag.py:3239} INFO - Sync 2 DAGs
[2025-03-07T02:43:14.245+0000] {logging_mixin.py:190} INFO - [2025-03-07T02:43:14.245+0000] {dag.py:4180} INFO - Setting next_dagrun for example_external_task_marker_child to None, run_after=None
[2025-03-07T02:43:14.250+0000] {logging_mixin.py:190} INFO - [2025-03-07T02:43:14.250+0000] {dag.py:4180} INFO - Setting next_dagrun for example_external_task_marker_parent to None, run_after=None
[2025-03-07T02:43:14.289+0000] {processor.py:208} INFO - Processing /home/Ashreem/airflow-env/lib/python3.12/site-packages/airflow/example_dags/example_external_task_marker_dag.py took 0.112 seconds
[2025-03-07T02:44:18.675+0000] {processor.py:186} INFO - Started process (PID=47042) to work on /home/Ashreem/airflow-env/lib/python3.12/site-packages/airflow/example_dags/example_external_task_marker_dag.py
[2025-03-07T02:44:18.678+0000] {processor.py:914} INFO - Processing file /home/Ashreem/airflow-env/lib/python3.12/site-packages/airflow/example_dags/example_external_task_marker_dag.py for tasks to queue
[2025-03-07T02:44:18.681+0000] {logging_mixin.py:190} INFO - [2025-03-07T02:44:18.680+0000] {dagbag.py:588} INFO - Filling up the DagBag from /home/Ashreem/airflow-env/lib/python3.12/site-packages/airflow/example_dags/example_external_task_marker_dag.py
[2025-03-07T02:44:18.693+0000] {processor.py:925} INFO - DAG(s) 'example_external_task_marker_child', 'example_external_task_marker_parent' retrieved from /home/Ashreem/airflow-env/lib/python3.12/site-packages/airflow/example_dags/example_external_task_marker_dag.py
[2025-03-07T02:44:18.719+0000] {logging_mixin.py:190} INFO - [2025-03-07T02:44:18.719+0000] {dag.py:3239} INFO - Sync 2 DAGs
[2025-03-07T02:44:18.735+0000] {logging_mixin.py:190} INFO - [2025-03-07T02:44:18.735+0000] {dag.py:4180} INFO - Setting next_dagrun for example_external_task_marker_child to None, run_after=None
[2025-03-07T02:44:18.739+0000] {logging_mixin.py:190} INFO - [2025-03-07T02:44:18.739+0000] {dag.py:4180} INFO - Setting next_dagrun for example_external_task_marker_parent to None, run_after=None
[2025-03-07T02:44:18.779+0000] {processor.py:208} INFO - Processing /home/Ashreem/airflow-env/lib/python3.12/site-packages/airflow/example_dags/example_external_task_marker_dag.py took 0.112 seconds
[2025-03-07T02:45:20.107+0000] {processor.py:186} INFO - Started process (PID=47122) to work on /home/Ashreem/airflow-env/lib/python3.12/site-packages/airflow/example_dags/example_external_task_marker_dag.py
[2025-03-07T02:45:20.109+0000] {processor.py:914} INFO - Processing file /home/Ashreem/airflow-env/lib/python3.12/site-packages/airflow/example_dags/example_external_task_marker_dag.py for tasks to queue
[2025-03-07T02:45:20.111+0000] {logging_mixin.py:190} INFO - [2025-03-07T02:45:20.111+0000] {dagbag.py:588} INFO - Filling up the DagBag from /home/Ashreem/airflow-env/lib/python3.12/site-packages/airflow/example_dags/example_external_task_marker_dag.py
[2025-03-07T02:45:20.123+0000] {processor.py:925} INFO - DAG(s) 'example_external_task_marker_parent', 'example_external_task_marker_child' retrieved from /home/Ashreem/airflow-env/lib/python3.12/site-packages/airflow/example_dags/example_external_task_marker_dag.py
[2025-03-07T02:45:20.148+0000] {logging_mixin.py:190} INFO - [2025-03-07T02:45:20.148+0000] {dag.py:3239} INFO - Sync 2 DAGs
[2025-03-07T02:45:20.171+0000] {logging_mixin.py:190} INFO - [2025-03-07T02:45:20.170+0000] {dag.py:4180} INFO - Setting next_dagrun for example_external_task_marker_child to None, run_after=None
[2025-03-07T02:45:20.175+0000] {logging_mixin.py:190} INFO - [2025-03-07T02:45:20.175+0000] {dag.py:4180} INFO - Setting next_dagrun for example_external_task_marker_parent to None, run_after=None
[2025-03-07T02:45:20.209+0000] {processor.py:208} INFO - Processing /home/Ashreem/airflow-env/lib/python3.12/site-packages/airflow/example_dags/example_external_task_marker_dag.py took 0.110 seconds
[2025-03-07T02:46:24.095+0000] {processor.py:186} INFO - Started process (PID=47188) to work on /home/Ashreem/airflow-env/lib/python3.12/site-packages/airflow/example_dags/example_external_task_marker_dag.py
[2025-03-07T02:46:24.096+0000] {processor.py:914} INFO - Processing file /home/Ashreem/airflow-env/lib/python3.12/site-packages/airflow/example_dags/example_external_task_marker_dag.py for tasks to queue
[2025-03-07T02:46:24.100+0000] {logging_mixin.py:190} INFO - [2025-03-07T02:46:24.100+0000] {dagbag.py:588} INFO - Filling up the DagBag from /home/Ashreem/airflow-env/lib/python3.12/site-packages/airflow/example_dags/example_external_task_marker_dag.py
[2025-03-07T02:46:24.112+0000] {processor.py:925} INFO - DAG(s) 'example_external_task_marker_child', 'example_external_task_marker_parent' retrieved from /home/Ashreem/airflow-env/lib/python3.12/site-packages/airflow/example_dags/example_external_task_marker_dag.py
[2025-03-07T02:46:24.134+0000] {logging_mixin.py:190} INFO - [2025-03-07T02:46:24.134+0000] {dag.py:3239} INFO - Sync 2 DAGs
[2025-03-07T02:46:24.154+0000] {logging_mixin.py:190} INFO - [2025-03-07T02:46:24.154+0000] {dag.py:4180} INFO - Setting next_dagrun for example_external_task_marker_child to None, run_after=None
[2025-03-07T02:46:24.159+0000] {logging_mixin.py:190} INFO - [2025-03-07T02:46:24.159+0000] {dag.py:4180} INFO - Setting next_dagrun for example_external_task_marker_parent to None, run_after=None
[2025-03-07T02:46:24.197+0000] {processor.py:208} INFO - Processing /home/Ashreem/airflow-env/lib/python3.12/site-packages/airflow/example_dags/example_external_task_marker_dag.py took 0.111 seconds
[2025-03-07T02:47:28.385+0000] {processor.py:186} INFO - Started process (PID=47248) to work on /home/Ashreem/airflow-env/lib/python3.12/site-packages/airflow/example_dags/example_external_task_marker_dag.py
[2025-03-07T02:47:28.388+0000] {processor.py:914} INFO - Processing file /home/Ashreem/airflow-env/lib/python3.12/site-packages/airflow/example_dags/example_external_task_marker_dag.py for tasks to queue
[2025-03-07T02:47:28.390+0000] {logging_mixin.py:190} INFO - [2025-03-07T02:47:28.390+0000] {dagbag.py:588} INFO - Filling up the DagBag from /home/Ashreem/airflow-env/lib/python3.12/site-packages/airflow/example_dags/example_external_task_marker_dag.py
[2025-03-07T02:47:28.402+0000] {processor.py:925} INFO - DAG(s) 'example_external_task_marker_child', 'example_external_task_marker_parent' retrieved from /home/Ashreem/airflow-env/lib/python3.12/site-packages/airflow/example_dags/example_external_task_marker_dag.py
[2025-03-07T02:47:28.425+0000] {logging_mixin.py:190} INFO - [2025-03-07T02:47:28.425+0000] {dag.py:3239} INFO - Sync 2 DAGs
[2025-03-07T02:47:28.441+0000] {logging_mixin.py:190} INFO - [2025-03-07T02:47:28.441+0000] {dag.py:4180} INFO - Setting next_dagrun for example_external_task_marker_child to None, run_after=None
[2025-03-07T02:47:28.445+0000] {logging_mixin.py:190} INFO - [2025-03-07T02:47:28.445+0000] {dag.py:4180} INFO - Setting next_dagrun for example_external_task_marker_parent to None, run_after=None
[2025-03-07T02:47:28.481+0000] {processor.py:208} INFO - Processing /home/Ashreem/airflow-env/lib/python3.12/site-packages/airflow/example_dags/example_external_task_marker_dag.py took 0.102 seconds
[2025-03-07T02:48:37.785+0000] {processor.py:186} INFO - Started process (PID=47328) to work on /home/Ashreem/airflow-env/lib/python3.12/site-packages/airflow/example_dags/example_external_task_marker_dag.py
[2025-03-07T02:48:37.787+0000] {processor.py:914} INFO - Processing file /home/Ashreem/airflow-env/lib/python3.12/site-packages/airflow/example_dags/example_external_task_marker_dag.py for tasks to queue
[2025-03-07T02:48:37.790+0000] {logging_mixin.py:190} INFO - [2025-03-07T02:48:37.790+0000] {dagbag.py:588} INFO - Filling up the DagBag from /home/Ashreem/airflow-env/lib/python3.12/site-packages/airflow/example_dags/example_external_task_marker_dag.py
[2025-03-07T02:48:37.803+0000] {processor.py:925} INFO - DAG(s) 'example_external_task_marker_child', 'example_external_task_marker_parent' retrieved from /home/Ashreem/airflow-env/lib/python3.12/site-packages/airflow/example_dags/example_external_task_marker_dag.py
[2025-03-07T02:48:37.826+0000] {logging_mixin.py:190} INFO - [2025-03-07T02:48:37.825+0000] {dag.py:3239} INFO - Sync 2 DAGs
[2025-03-07T02:48:37.843+0000] {logging_mixin.py:190} INFO - [2025-03-07T02:48:37.842+0000] {dag.py:4180} INFO - Setting next_dagrun for example_external_task_marker_child to None, run_after=None
[2025-03-07T02:48:37.846+0000] {logging_mixin.py:190} INFO - [2025-03-07T02:48:37.846+0000] {dag.py:4180} INFO - Setting next_dagrun for example_external_task_marker_parent to None, run_after=None
[2025-03-07T02:48:37.885+0000] {processor.py:208} INFO - Processing /home/Ashreem/airflow-env/lib/python3.12/site-packages/airflow/example_dags/example_external_task_marker_dag.py took 0.107 seconds
[2025-03-07T02:49:42.533+0000] {processor.py:186} INFO - Started process (PID=47399) to work on /home/Ashreem/airflow-env/lib/python3.12/site-packages/airflow/example_dags/example_external_task_marker_dag.py
[2025-03-07T02:49:42.535+0000] {processor.py:914} INFO - Processing file /home/Ashreem/airflow-env/lib/python3.12/site-packages/airflow/example_dags/example_external_task_marker_dag.py for tasks to queue
[2025-03-07T02:49:42.539+0000] {logging_mixin.py:190} INFO - [2025-03-07T02:49:42.538+0000] {dagbag.py:588} INFO - Filling up the DagBag from /home/Ashreem/airflow-env/lib/python3.12/site-packages/airflow/example_dags/example_external_task_marker_dag.py
[2025-03-07T02:49:42.549+0000] {processor.py:925} INFO - DAG(s) 'example_external_task_marker_child', 'example_external_task_marker_parent' retrieved from /home/Ashreem/airflow-env/lib/python3.12/site-packages/airflow/example_dags/example_external_task_marker_dag.py
[2025-03-07T02:49:42.571+0000] {logging_mixin.py:190} INFO - [2025-03-07T02:49:42.571+0000] {dag.py:3239} INFO - Sync 2 DAGs
[2025-03-07T02:49:42.587+0000] {logging_mixin.py:190} INFO - [2025-03-07T02:49:42.587+0000] {dag.py:4180} INFO - Setting next_dagrun for example_external_task_marker_child to None, run_after=None
[2025-03-07T02:49:42.591+0000] {logging_mixin.py:190} INFO - [2025-03-07T02:49:42.591+0000] {dag.py:4180} INFO - Setting next_dagrun for example_external_task_marker_parent to None, run_after=None
[2025-03-07T02:49:42.626+0000] {processor.py:208} INFO - Processing /home/Ashreem/airflow-env/lib/python3.12/site-packages/airflow/example_dags/example_external_task_marker_dag.py took 0.100 seconds
[2025-03-07T02:50:47.417+0000] {processor.py:186} INFO - Started process (PID=47470) to work on /home/Ashreem/airflow-env/lib/python3.12/site-packages/airflow/example_dags/example_external_task_marker_dag.py
[2025-03-07T02:50:47.419+0000] {processor.py:914} INFO - Processing file /home/Ashreem/airflow-env/lib/python3.12/site-packages/airflow/example_dags/example_external_task_marker_dag.py for tasks to queue
[2025-03-07T02:50:47.422+0000] {logging_mixin.py:190} INFO - [2025-03-07T02:50:47.421+0000] {dagbag.py:588} INFO - Filling up the DagBag from /home/Ashreem/airflow-env/lib/python3.12/site-packages/airflow/example_dags/example_external_task_marker_dag.py
[2025-03-07T02:50:47.434+0000] {processor.py:925} INFO - DAG(s) 'example_external_task_marker_parent', 'example_external_task_marker_child' retrieved from /home/Ashreem/airflow-env/lib/python3.12/site-packages/airflow/example_dags/example_external_task_marker_dag.py
[2025-03-07T02:50:47.457+0000] {logging_mixin.py:190} INFO - [2025-03-07T02:50:47.457+0000] {dag.py:3239} INFO - Sync 2 DAGs
[2025-03-07T02:50:47.477+0000] {logging_mixin.py:190} INFO - [2025-03-07T02:50:47.476+0000] {dag.py:4180} INFO - Setting next_dagrun for example_external_task_marker_child to None, run_after=None
[2025-03-07T02:50:47.480+0000] {logging_mixin.py:190} INFO - [2025-03-07T02:50:47.480+0000] {dag.py:4180} INFO - Setting next_dagrun for example_external_task_marker_parent to None, run_after=None
[2025-03-07T02:50:47.515+0000] {processor.py:208} INFO - Processing /home/Ashreem/airflow-env/lib/python3.12/site-packages/airflow/example_dags/example_external_task_marker_dag.py took 0.105 seconds
[2025-03-07T02:51:48.660+0000] {processor.py:186} INFO - Started process (PID=47531) to work on /home/Ashreem/airflow-env/lib/python3.12/site-packages/airflow/example_dags/example_external_task_marker_dag.py
[2025-03-07T02:51:48.662+0000] {processor.py:914} INFO - Processing file /home/Ashreem/airflow-env/lib/python3.12/site-packages/airflow/example_dags/example_external_task_marker_dag.py for tasks to queue
[2025-03-07T02:51:48.665+0000] {logging_mixin.py:190} INFO - [2025-03-07T02:51:48.664+0000] {dagbag.py:588} INFO - Filling up the DagBag from /home/Ashreem/airflow-env/lib/python3.12/site-packages/airflow/example_dags/example_external_task_marker_dag.py
[2025-03-07T02:51:48.678+0000] {processor.py:925} INFO - DAG(s) 'example_external_task_marker_parent', 'example_external_task_marker_child' retrieved from /home/Ashreem/airflow-env/lib/python3.12/site-packages/airflow/example_dags/example_external_task_marker_dag.py
[2025-03-07T02:51:48.703+0000] {logging_mixin.py:190} INFO - [2025-03-07T02:51:48.702+0000] {dag.py:3239} INFO - Sync 2 DAGs
[2025-03-07T02:51:48.721+0000] {logging_mixin.py:190} INFO - [2025-03-07T02:51:48.721+0000] {dag.py:4180} INFO - Setting next_dagrun for example_external_task_marker_child to None, run_after=None
[2025-03-07T02:51:48.725+0000] {logging_mixin.py:190} INFO - [2025-03-07T02:51:48.725+0000] {dag.py:4180} INFO - Setting next_dagrun for example_external_task_marker_parent to None, run_after=None
[2025-03-07T02:51:49.294+0000] {processor.py:208} INFO - Processing /home/Ashreem/airflow-env/lib/python3.12/site-packages/airflow/example_dags/example_external_task_marker_dag.py took 0.643 seconds
[2025-03-07T02:52:56.735+0000] {processor.py:186} INFO - Started process (PID=47600) to work on /home/Ashreem/airflow-env/lib/python3.12/site-packages/airflow/example_dags/example_external_task_marker_dag.py
[2025-03-07T02:52:56.737+0000] {processor.py:914} INFO - Processing file /home/Ashreem/airflow-env/lib/python3.12/site-packages/airflow/example_dags/example_external_task_marker_dag.py for tasks to queue
[2025-03-07T02:52:56.740+0000] {logging_mixin.py:190} INFO - [2025-03-07T02:52:56.740+0000] {dagbag.py:588} INFO - Filling up the DagBag from /home/Ashreem/airflow-env/lib/python3.12/site-packages/airflow/example_dags/example_external_task_marker_dag.py
[2025-03-07T02:52:56.753+0000] {processor.py:925} INFO - DAG(s) 'example_external_task_marker_parent', 'example_external_task_marker_child' retrieved from /home/Ashreem/airflow-env/lib/python3.12/site-packages/airflow/example_dags/example_external_task_marker_dag.py
[2025-03-07T02:52:56.775+0000] {logging_mixin.py:190} INFO - [2025-03-07T02:52:56.774+0000] {dag.py:3239} INFO - Sync 2 DAGs
[2025-03-07T02:52:56.792+0000] {logging_mixin.py:190} INFO - [2025-03-07T02:52:56.792+0000] {dag.py:4180} INFO - Setting next_dagrun for example_external_task_marker_child to None, run_after=None
[2025-03-07T02:52:56.796+0000] {logging_mixin.py:190} INFO - [2025-03-07T02:52:56.796+0000] {dag.py:4180} INFO - Setting next_dagrun for example_external_task_marker_parent to None, run_after=None
[2025-03-07T02:52:56.835+0000] {processor.py:208} INFO - Processing /home/Ashreem/airflow-env/lib/python3.12/site-packages/airflow/example_dags/example_external_task_marker_dag.py took 0.109 seconds
[2025-03-07T02:53:57.035+0000] {processor.py:186} INFO - Started process (PID=47664) to work on /home/Ashreem/airflow-env/lib/python3.12/site-packages/airflow/example_dags/example_external_task_marker_dag.py
[2025-03-07T02:53:57.037+0000] {processor.py:914} INFO - Processing file /home/Ashreem/airflow-env/lib/python3.12/site-packages/airflow/example_dags/example_external_task_marker_dag.py for tasks to queue
[2025-03-07T02:53:57.042+0000] {logging_mixin.py:190} INFO - [2025-03-07T02:53:57.041+0000] {dagbag.py:588} INFO - Filling up the DagBag from /home/Ashreem/airflow-env/lib/python3.12/site-packages/airflow/example_dags/example_external_task_marker_dag.py
[2025-03-07T02:53:57.053+0000] {processor.py:925} INFO - DAG(s) 'example_external_task_marker_parent', 'example_external_task_marker_child' retrieved from /home/Ashreem/airflow-env/lib/python3.12/site-packages/airflow/example_dags/example_external_task_marker_dag.py
[2025-03-07T02:53:57.080+0000] {logging_mixin.py:190} INFO - [2025-03-07T02:53:57.079+0000] {dag.py:3239} INFO - Sync 2 DAGs
[2025-03-07T02:53:57.097+0000] {logging_mixin.py:190} INFO - [2025-03-07T02:53:57.097+0000] {dag.py:4180} INFO - Setting next_dagrun for example_external_task_marker_child to None, run_after=None
[2025-03-07T02:53:57.103+0000] {logging_mixin.py:190} INFO - [2025-03-07T02:53:57.102+0000] {dag.py:4180} INFO - Setting next_dagrun for example_external_task_marker_parent to None, run_after=None
[2025-03-07T02:53:57.139+0000] {processor.py:208} INFO - Processing /home/Ashreem/airflow-env/lib/python3.12/site-packages/airflow/example_dags/example_external_task_marker_dag.py took 0.110 seconds
[2025-03-07T02:54:58.084+0000] {processor.py:186} INFO - Started process (PID=47726) to work on /home/Ashreem/airflow-env/lib/python3.12/site-packages/airflow/example_dags/example_external_task_marker_dag.py
[2025-03-07T02:54:58.085+0000] {processor.py:914} INFO - Processing file /home/Ashreem/airflow-env/lib/python3.12/site-packages/airflow/example_dags/example_external_task_marker_dag.py for tasks to queue
[2025-03-07T02:54:58.088+0000] {logging_mixin.py:190} INFO - [2025-03-07T02:54:58.088+0000] {dagbag.py:588} INFO - Filling up the DagBag from /home/Ashreem/airflow-env/lib/python3.12/site-packages/airflow/example_dags/example_external_task_marker_dag.py
[2025-03-07T02:54:58.099+0000] {processor.py:925} INFO - DAG(s) 'example_external_task_marker_parent', 'example_external_task_marker_child' retrieved from /home/Ashreem/airflow-env/lib/python3.12/site-packages/airflow/example_dags/example_external_task_marker_dag.py
[2025-03-07T02:54:58.123+0000] {logging_mixin.py:190} INFO - [2025-03-07T02:54:58.122+0000] {dag.py:3239} INFO - Sync 2 DAGs
[2025-03-07T02:54:58.142+0000] {logging_mixin.py:190} INFO - [2025-03-07T02:54:58.141+0000] {dag.py:4180} INFO - Setting next_dagrun for example_external_task_marker_child to None, run_after=None
[2025-03-07T02:54:58.148+0000] {logging_mixin.py:190} INFO - [2025-03-07T02:54:58.148+0000] {dag.py:4180} INFO - Setting next_dagrun for example_external_task_marker_parent to None, run_after=None
[2025-03-07T02:54:58.184+0000] {processor.py:208} INFO - Processing /home/Ashreem/airflow-env/lib/python3.12/site-packages/airflow/example_dags/example_external_task_marker_dag.py took 0.108 seconds
[2025-03-07T02:56:02.320+0000] {processor.py:186} INFO - Started process (PID=47858) to work on /home/Ashreem/airflow-env/lib/python3.12/site-packages/airflow/example_dags/example_external_task_marker_dag.py
[2025-03-07T02:56:02.322+0000] {processor.py:914} INFO - Processing file /home/Ashreem/airflow-env/lib/python3.12/site-packages/airflow/example_dags/example_external_task_marker_dag.py for tasks to queue
[2025-03-07T02:56:02.324+0000] {logging_mixin.py:190} INFO - [2025-03-07T02:56:02.324+0000] {dagbag.py:588} INFO - Filling up the DagBag from /home/Ashreem/airflow-env/lib/python3.12/site-packages/airflow/example_dags/example_external_task_marker_dag.py
[2025-03-07T02:56:02.337+0000] {processor.py:925} INFO - DAG(s) 'example_external_task_marker_child', 'example_external_task_marker_parent' retrieved from /home/Ashreem/airflow-env/lib/python3.12/site-packages/airflow/example_dags/example_external_task_marker_dag.py
[2025-03-07T02:56:02.362+0000] {logging_mixin.py:190} INFO - [2025-03-07T02:56:02.361+0000] {dag.py:3239} INFO - Sync 2 DAGs
[2025-03-07T02:56:02.380+0000] {logging_mixin.py:190} INFO - [2025-03-07T02:56:02.380+0000] {dag.py:4180} INFO - Setting next_dagrun for example_external_task_marker_child to None, run_after=None
[2025-03-07T02:56:02.385+0000] {logging_mixin.py:190} INFO - [2025-03-07T02:56:02.385+0000] {dag.py:4180} INFO - Setting next_dagrun for example_external_task_marker_parent to None, run_after=None
[2025-03-07T02:56:02.424+0000] {processor.py:208} INFO - Processing /home/Ashreem/airflow-env/lib/python3.12/site-packages/airflow/example_dags/example_external_task_marker_dag.py took 0.111 seconds
[2025-03-07T02:56:59.927+0000] {processor.py:186} INFO - Started process (PID=47982) to work on /home/Ashreem/airflow-env/lib/python3.12/site-packages/airflow/example_dags/example_external_task_marker_dag.py
[2025-03-07T02:56:59.929+0000] {processor.py:914} INFO - Processing file /home/Ashreem/airflow-env/lib/python3.12/site-packages/airflow/example_dags/example_external_task_marker_dag.py for tasks to queue
[2025-03-07T02:56:59.933+0000] {logging_mixin.py:190} INFO - [2025-03-07T02:56:59.932+0000] {dagbag.py:588} INFO - Filling up the DagBag from /home/Ashreem/airflow-env/lib/python3.12/site-packages/airflow/example_dags/example_external_task_marker_dag.py
[2025-03-07T02:56:59.945+0000] {processor.py:925} INFO - DAG(s) 'example_external_task_marker_parent', 'example_external_task_marker_child' retrieved from /home/Ashreem/airflow-env/lib/python3.12/site-packages/airflow/example_dags/example_external_task_marker_dag.py
[2025-03-07T02:56:59.972+0000] {logging_mixin.py:190} INFO - [2025-03-07T02:56:59.972+0000] {dag.py:3239} INFO - Sync 2 DAGs
[2025-03-07T02:56:59.991+0000] {logging_mixin.py:190} INFO - [2025-03-07T02:56:59.990+0000] {dag.py:4180} INFO - Setting next_dagrun for example_external_task_marker_child to None, run_after=None
[2025-03-07T02:56:59.995+0000] {logging_mixin.py:190} INFO - [2025-03-07T02:56:59.995+0000] {dag.py:4180} INFO - Setting next_dagrun for example_external_task_marker_parent to None, run_after=None
[2025-03-07T02:57:00.028+0000] {processor.py:208} INFO - Processing /home/Ashreem/airflow-env/lib/python3.12/site-packages/airflow/example_dags/example_external_task_marker_dag.py took 0.109 seconds
[2025-03-07T02:57:08.034+0000] {processor.py:186} INFO - Started process (PID=48000) to work on /home/Ashreem/airflow-env/lib/python3.12/site-packages/airflow/example_dags/example_external_task_marker_dag.py
[2025-03-07T02:57:08.035+0000] {processor.py:914} INFO - Processing file /home/Ashreem/airflow-env/lib/python3.12/site-packages/airflow/example_dags/example_external_task_marker_dag.py for tasks to queue
[2025-03-07T02:57:08.038+0000] {logging_mixin.py:190} INFO - [2025-03-07T02:57:08.037+0000] {dagbag.py:588} INFO - Filling up the DagBag from /home/Ashreem/airflow-env/lib/python3.12/site-packages/airflow/example_dags/example_external_task_marker_dag.py
[2025-03-07T02:57:08.053+0000] {processor.py:925} INFO - DAG(s) 'example_external_task_marker_child', 'example_external_task_marker_parent' retrieved from /home/Ashreem/airflow-env/lib/python3.12/site-packages/airflow/example_dags/example_external_task_marker_dag.py
[2025-03-07T02:57:08.080+0000] {logging_mixin.py:190} INFO - [2025-03-07T02:57:08.080+0000] {dag.py:3239} INFO - Sync 2 DAGs
[2025-03-07T02:57:08.098+0000] {logging_mixin.py:190} INFO - [2025-03-07T02:57:08.098+0000] {dag.py:4180} INFO - Setting next_dagrun for example_external_task_marker_child to None, run_after=None
[2025-03-07T02:57:08.103+0000] {logging_mixin.py:190} INFO - [2025-03-07T02:57:08.102+0000] {dag.py:4180} INFO - Setting next_dagrun for example_external_task_marker_parent to None, run_after=None
[2025-03-07T02:57:08.136+0000] {processor.py:208} INFO - Processing /home/Ashreem/airflow-env/lib/python3.12/site-packages/airflow/example_dags/example_external_task_marker_dag.py took 0.110 seconds
[2025-03-07T02:58:10.902+0000] {processor.py:186} INFO - Started process (PID=48078) to work on /home/Ashreem/airflow-env/lib/python3.12/site-packages/airflow/example_dags/example_external_task_marker_dag.py
[2025-03-07T02:58:10.904+0000] {processor.py:914} INFO - Processing file /home/Ashreem/airflow-env/lib/python3.12/site-packages/airflow/example_dags/example_external_task_marker_dag.py for tasks to queue
[2025-03-07T02:58:10.907+0000] {logging_mixin.py:190} INFO - [2025-03-07T02:58:10.907+0000] {dagbag.py:588} INFO - Filling up the DagBag from /home/Ashreem/airflow-env/lib/python3.12/site-packages/airflow/example_dags/example_external_task_marker_dag.py
[2025-03-07T02:58:10.919+0000] {processor.py:925} INFO - DAG(s) 'example_external_task_marker_parent', 'example_external_task_marker_child' retrieved from /home/Ashreem/airflow-env/lib/python3.12/site-packages/airflow/example_dags/example_external_task_marker_dag.py
[2025-03-07T02:58:10.944+0000] {logging_mixin.py:190} INFO - [2025-03-07T02:58:10.944+0000] {dag.py:3239} INFO - Sync 2 DAGs
[2025-03-07T02:58:10.964+0000] {logging_mixin.py:190} INFO - [2025-03-07T02:58:10.964+0000] {dag.py:4180} INFO - Setting next_dagrun for example_external_task_marker_child to None, run_after=None
[2025-03-07T02:58:10.968+0000] {logging_mixin.py:190} INFO - [2025-03-07T02:58:10.968+0000] {dag.py:4180} INFO - Setting next_dagrun for example_external_task_marker_parent to None, run_after=None
[2025-03-07T02:58:11.001+0000] {processor.py:208} INFO - Processing /home/Ashreem/airflow-env/lib/python3.12/site-packages/airflow/example_dags/example_external_task_marker_dag.py took 0.108 seconds
[2025-03-07T02:59:18.481+0000] {processor.py:186} INFO - Started process (PID=48192) to work on /home/Ashreem/airflow-env/lib/python3.12/site-packages/airflow/example_dags/example_external_task_marker_dag.py
[2025-03-07T02:59:18.482+0000] {processor.py:914} INFO - Processing file /home/Ashreem/airflow-env/lib/python3.12/site-packages/airflow/example_dags/example_external_task_marker_dag.py for tasks to queue
[2025-03-07T02:59:18.486+0000] {logging_mixin.py:190} INFO - [2025-03-07T02:59:18.485+0000] {dagbag.py:588} INFO - Filling up the DagBag from /home/Ashreem/airflow-env/lib/python3.12/site-packages/airflow/example_dags/example_external_task_marker_dag.py
[2025-03-07T02:59:18.498+0000] {processor.py:925} INFO - DAG(s) 'example_external_task_marker_child', 'example_external_task_marker_parent' retrieved from /home/Ashreem/airflow-env/lib/python3.12/site-packages/airflow/example_dags/example_external_task_marker_dag.py
[2025-03-07T02:59:18.521+0000] {logging_mixin.py:190} INFO - [2025-03-07T02:59:18.521+0000] {dag.py:3239} INFO - Sync 2 DAGs
[2025-03-07T02:59:18.537+0000] {logging_mixin.py:190} INFO - [2025-03-07T02:59:18.537+0000] {dag.py:4180} INFO - Setting next_dagrun for example_external_task_marker_child to None, run_after=None
[2025-03-07T02:59:18.541+0000] {logging_mixin.py:190} INFO - [2025-03-07T02:59:18.541+0000] {dag.py:4180} INFO - Setting next_dagrun for example_external_task_marker_parent to None, run_after=None
[2025-03-07T02:59:18.575+0000] {processor.py:208} INFO - Processing /home/Ashreem/airflow-env/lib/python3.12/site-packages/airflow/example_dags/example_external_task_marker_dag.py took 0.104 seconds
[2025-03-07T03:00:25.858+0000] {processor.py:186} INFO - Started process (PID=48307) to work on /home/Ashreem/airflow-env/lib/python3.12/site-packages/airflow/example_dags/example_external_task_marker_dag.py
[2025-03-07T03:00:25.859+0000] {processor.py:914} INFO - Processing file /home/Ashreem/airflow-env/lib/python3.12/site-packages/airflow/example_dags/example_external_task_marker_dag.py for tasks to queue
[2025-03-07T03:00:25.866+0000] {logging_mixin.py:190} INFO - [2025-03-07T03:00:25.865+0000] {dagbag.py:588} INFO - Filling up the DagBag from /home/Ashreem/airflow-env/lib/python3.12/site-packages/airflow/example_dags/example_external_task_marker_dag.py
[2025-03-07T03:00:25.878+0000] {processor.py:925} INFO - DAG(s) 'example_external_task_marker_child', 'example_external_task_marker_parent' retrieved from /home/Ashreem/airflow-env/lib/python3.12/site-packages/airflow/example_dags/example_external_task_marker_dag.py
[2025-03-07T03:00:25.904+0000] {logging_mixin.py:190} INFO - [2025-03-07T03:00:25.904+0000] {dag.py:3239} INFO - Sync 2 DAGs
[2025-03-07T03:00:25.925+0000] {logging_mixin.py:190} INFO - [2025-03-07T03:00:25.924+0000] {dag.py:4180} INFO - Setting next_dagrun for example_external_task_marker_child to None, run_after=None
[2025-03-07T03:00:25.930+0000] {logging_mixin.py:190} INFO - [2025-03-07T03:00:25.930+0000] {dag.py:4180} INFO - Setting next_dagrun for example_external_task_marker_parent to None, run_after=None
[2025-03-07T03:00:25.963+0000] {processor.py:208} INFO - Processing /home/Ashreem/airflow-env/lib/python3.12/site-packages/airflow/example_dags/example_external_task_marker_dag.py took 0.113 seconds
[2025-03-07T03:01:28.978+0000] {processor.py:186} INFO - Started process (PID=48379) to work on /home/Ashreem/airflow-env/lib/python3.12/site-packages/airflow/example_dags/example_external_task_marker_dag.py
[2025-03-07T03:01:28.980+0000] {processor.py:914} INFO - Processing file /home/Ashreem/airflow-env/lib/python3.12/site-packages/airflow/example_dags/example_external_task_marker_dag.py for tasks to queue
[2025-03-07T03:01:28.982+0000] {logging_mixin.py:190} INFO - [2025-03-07T03:01:28.982+0000] {dagbag.py:588} INFO - Filling up the DagBag from /home/Ashreem/airflow-env/lib/python3.12/site-packages/airflow/example_dags/example_external_task_marker_dag.py
[2025-03-07T03:01:28.994+0000] {processor.py:925} INFO - DAG(s) 'example_external_task_marker_parent', 'example_external_task_marker_child' retrieved from /home/Ashreem/airflow-env/lib/python3.12/site-packages/airflow/example_dags/example_external_task_marker_dag.py
[2025-03-07T03:01:29.021+0000] {logging_mixin.py:190} INFO - [2025-03-07T03:01:29.020+0000] {dag.py:3239} INFO - Sync 2 DAGs
[2025-03-07T03:01:29.040+0000] {logging_mixin.py:190} INFO - [2025-03-07T03:01:29.039+0000] {dag.py:4180} INFO - Setting next_dagrun for example_external_task_marker_child to None, run_after=None
[2025-03-07T03:01:29.044+0000] {logging_mixin.py:190} INFO - [2025-03-07T03:01:29.044+0000] {dag.py:4180} INFO - Setting next_dagrun for example_external_task_marker_parent to None, run_after=None
[2025-03-07T03:01:29.081+0000] {processor.py:208} INFO - Processing /home/Ashreem/airflow-env/lib/python3.12/site-packages/airflow/example_dags/example_external_task_marker_dag.py took 0.112 seconds
[2025-03-07T03:02:32.178+0000] {processor.py:186} INFO - Started process (PID=48511) to work on /home/Ashreem/airflow-env/lib/python3.12/site-packages/airflow/example_dags/example_external_task_marker_dag.py
[2025-03-07T03:02:32.179+0000] {processor.py:914} INFO - Processing file /home/Ashreem/airflow-env/lib/python3.12/site-packages/airflow/example_dags/example_external_task_marker_dag.py for tasks to queue
[2025-03-07T03:02:32.182+0000] {logging_mixin.py:190} INFO - [2025-03-07T03:02:32.181+0000] {dagbag.py:588} INFO - Filling up the DagBag from /home/Ashreem/airflow-env/lib/python3.12/site-packages/airflow/example_dags/example_external_task_marker_dag.py
[2025-03-07T03:02:32.193+0000] {processor.py:925} INFO - DAG(s) 'example_external_task_marker_child', 'example_external_task_marker_parent' retrieved from /home/Ashreem/airflow-env/lib/python3.12/site-packages/airflow/example_dags/example_external_task_marker_dag.py
[2025-03-07T03:02:32.214+0000] {logging_mixin.py:190} INFO - [2025-03-07T03:02:32.214+0000] {dag.py:3239} INFO - Sync 2 DAGs
[2025-03-07T03:02:32.230+0000] {logging_mixin.py:190} INFO - [2025-03-07T03:02:32.230+0000] {dag.py:4180} INFO - Setting next_dagrun for example_external_task_marker_child to None, run_after=None
[2025-03-07T03:02:32.234+0000] {logging_mixin.py:190} INFO - [2025-03-07T03:02:32.234+0000] {dag.py:4180} INFO - Setting next_dagrun for example_external_task_marker_parent to None, run_after=None
[2025-03-07T03:02:32.274+0000] {processor.py:208} INFO - Processing /home/Ashreem/airflow-env/lib/python3.12/site-packages/airflow/example_dags/example_external_task_marker_dag.py took 0.105 seconds
[2025-03-07T03:04:11.734+0000] {processor.py:186} INFO - Started process (PID=48644) to work on /home/Ashreem/airflow-env/lib/python3.12/site-packages/airflow/example_dags/example_external_task_marker_dag.py
[2025-03-07T03:04:11.738+0000] {processor.py:914} INFO - Processing file /home/Ashreem/airflow-env/lib/python3.12/site-packages/airflow/example_dags/example_external_task_marker_dag.py for tasks to queue
[2025-03-07T03:04:11.743+0000] {logging_mixin.py:190} INFO - [2025-03-07T03:04:11.742+0000] {dagbag.py:588} INFO - Filling up the DagBag from /home/Ashreem/airflow-env/lib/python3.12/site-packages/airflow/example_dags/example_external_task_marker_dag.py
[2025-03-07T03:04:11.757+0000] {processor.py:925} INFO - DAG(s) 'example_external_task_marker_child', 'example_external_task_marker_parent' retrieved from /home/Ashreem/airflow-env/lib/python3.12/site-packages/airflow/example_dags/example_external_task_marker_dag.py
[2025-03-07T03:04:11.786+0000] {logging_mixin.py:190} INFO - [2025-03-07T03:04:11.786+0000] {dag.py:3239} INFO - Sync 2 DAGs
[2025-03-07T03:04:11.804+0000] {logging_mixin.py:190} INFO - [2025-03-07T03:04:11.803+0000] {dag.py:4180} INFO - Setting next_dagrun for example_external_task_marker_child to None, run_after=None
[2025-03-07T03:04:11.808+0000] {logging_mixin.py:190} INFO - [2025-03-07T03:04:11.808+0000] {dag.py:4180} INFO - Setting next_dagrun for example_external_task_marker_parent to None, run_after=None
[2025-03-07T03:04:11.842+0000] {processor.py:208} INFO - Processing /home/Ashreem/airflow-env/lib/python3.12/site-packages/airflow/example_dags/example_external_task_marker_dag.py took 0.115 seconds
[2025-03-07T03:05:14.459+0000] {processor.py:186} INFO - Started process (PID=48771) to work on /home/Ashreem/airflow-env/lib/python3.12/site-packages/airflow/example_dags/example_external_task_marker_dag.py
[2025-03-07T03:05:14.461+0000] {processor.py:914} INFO - Processing file /home/Ashreem/airflow-env/lib/python3.12/site-packages/airflow/example_dags/example_external_task_marker_dag.py for tasks to queue
[2025-03-07T03:05:14.464+0000] {logging_mixin.py:190} INFO - [2025-03-07T03:05:14.464+0000] {dagbag.py:588} INFO - Filling up the DagBag from /home/Ashreem/airflow-env/lib/python3.12/site-packages/airflow/example_dags/example_external_task_marker_dag.py
[2025-03-07T03:05:14.477+0000] {processor.py:925} INFO - DAG(s) 'example_external_task_marker_child', 'example_external_task_marker_parent' retrieved from /home/Ashreem/airflow-env/lib/python3.12/site-packages/airflow/example_dags/example_external_task_marker_dag.py
[2025-03-07T03:05:14.504+0000] {logging_mixin.py:190} INFO - [2025-03-07T03:05:14.504+0000] {dag.py:3239} INFO - Sync 2 DAGs
[2025-03-07T03:05:14.524+0000] {logging_mixin.py:190} INFO - [2025-03-07T03:05:14.524+0000] {dag.py:4180} INFO - Setting next_dagrun for example_external_task_marker_child to None, run_after=None
[2025-03-07T03:05:14.528+0000] {logging_mixin.py:190} INFO - [2025-03-07T03:05:14.528+0000] {dag.py:4180} INFO - Setting next_dagrun for example_external_task_marker_parent to None, run_after=None
[2025-03-07T03:05:14.564+0000] {processor.py:208} INFO - Processing /home/Ashreem/airflow-env/lib/python3.12/site-packages/airflow/example_dags/example_external_task_marker_dag.py took 0.113 seconds
[2025-03-07T03:06:18.930+0000] {processor.py:186} INFO - Started process (PID=48965) to work on /home/Ashreem/airflow-env/lib/python3.12/site-packages/airflow/example_dags/example_external_task_marker_dag.py
[2025-03-07T03:06:18.933+0000] {processor.py:914} INFO - Processing file /home/Ashreem/airflow-env/lib/python3.12/site-packages/airflow/example_dags/example_external_task_marker_dag.py for tasks to queue
[2025-03-07T03:06:18.935+0000] {logging_mixin.py:190} INFO - [2025-03-07T03:06:18.935+0000] {dagbag.py:588} INFO - Filling up the DagBag from /home/Ashreem/airflow-env/lib/python3.12/site-packages/airflow/example_dags/example_external_task_marker_dag.py
[2025-03-07T03:06:18.948+0000] {processor.py:925} INFO - DAG(s) 'example_external_task_marker_parent', 'example_external_task_marker_child' retrieved from /home/Ashreem/airflow-env/lib/python3.12/site-packages/airflow/example_dags/example_external_task_marker_dag.py
[2025-03-07T03:06:18.971+0000] {logging_mixin.py:190} INFO - [2025-03-07T03:06:18.971+0000] {dag.py:3239} INFO - Sync 2 DAGs
[2025-03-07T03:06:18.991+0000] {logging_mixin.py:190} INFO - [2025-03-07T03:06:18.991+0000] {dag.py:4180} INFO - Setting next_dagrun for example_external_task_marker_child to None, run_after=None
[2025-03-07T03:06:18.996+0000] {logging_mixin.py:190} INFO - [2025-03-07T03:06:18.996+0000] {dag.py:4180} INFO - Setting next_dagrun for example_external_task_marker_parent to None, run_after=None
[2025-03-07T03:06:19.040+0000] {processor.py:208} INFO - Processing /home/Ashreem/airflow-env/lib/python3.12/site-packages/airflow/example_dags/example_external_task_marker_dag.py took 0.119 seconds
[2025-03-07T03:08:27.596+0000] {processor.py:186} INFO - Started process (PID=49111) to work on /home/Ashreem/airflow-env/lib/python3.12/site-packages/airflow/example_dags/example_external_task_marker_dag.py
[2025-03-07T03:08:27.598+0000] {processor.py:914} INFO - Processing file /home/Ashreem/airflow-env/lib/python3.12/site-packages/airflow/example_dags/example_external_task_marker_dag.py for tasks to queue
[2025-03-07T03:08:27.602+0000] {logging_mixin.py:190} INFO - [2025-03-07T03:08:27.601+0000] {dagbag.py:588} INFO - Filling up the DagBag from /home/Ashreem/airflow-env/lib/python3.12/site-packages/airflow/example_dags/example_external_task_marker_dag.py
[2025-03-07T03:08:27.613+0000] {processor.py:925} INFO - DAG(s) 'example_external_task_marker_child', 'example_external_task_marker_parent' retrieved from /home/Ashreem/airflow-env/lib/python3.12/site-packages/airflow/example_dags/example_external_task_marker_dag.py
[2025-03-07T03:08:27.641+0000] {logging_mixin.py:190} INFO - [2025-03-07T03:08:27.641+0000] {dag.py:3239} INFO - Sync 2 DAGs
[2025-03-07T03:08:27.658+0000] {logging_mixin.py:190} INFO - [2025-03-07T03:08:27.658+0000] {dag.py:4180} INFO - Setting next_dagrun for example_external_task_marker_child to None, run_after=None
[2025-03-07T03:08:27.663+0000] {logging_mixin.py:190} INFO - [2025-03-07T03:08:27.662+0000] {dag.py:4180} INFO - Setting next_dagrun for example_external_task_marker_parent to None, run_after=None
[2025-03-07T03:08:27.699+0000] {processor.py:208} INFO - Processing /home/Ashreem/airflow-env/lib/python3.12/site-packages/airflow/example_dags/example_external_task_marker_dag.py took 0.110 seconds
[2025-03-07T03:09:30.236+0000] {processor.py:186} INFO - Started process (PID=49182) to work on /home/Ashreem/airflow-env/lib/python3.12/site-packages/airflow/example_dags/example_external_task_marker_dag.py
[2025-03-07T03:09:30.238+0000] {processor.py:914} INFO - Processing file /home/Ashreem/airflow-env/lib/python3.12/site-packages/airflow/example_dags/example_external_task_marker_dag.py for tasks to queue
[2025-03-07T03:09:30.242+0000] {logging_mixin.py:190} INFO - [2025-03-07T03:09:30.241+0000] {dagbag.py:588} INFO - Filling up the DagBag from /home/Ashreem/airflow-env/lib/python3.12/site-packages/airflow/example_dags/example_external_task_marker_dag.py
[2025-03-07T03:09:30.255+0000] {processor.py:925} INFO - DAG(s) 'example_external_task_marker_child', 'example_external_task_marker_parent' retrieved from /home/Ashreem/airflow-env/lib/python3.12/site-packages/airflow/example_dags/example_external_task_marker_dag.py
[2025-03-07T03:09:30.278+0000] {logging_mixin.py:190} INFO - [2025-03-07T03:09:30.278+0000] {dag.py:3239} INFO - Sync 2 DAGs
[2025-03-07T03:09:30.296+0000] {logging_mixin.py:190} INFO - [2025-03-07T03:09:30.296+0000] {dag.py:4180} INFO - Setting next_dagrun for example_external_task_marker_child to None, run_after=None
[2025-03-07T03:09:30.300+0000] {logging_mixin.py:190} INFO - [2025-03-07T03:09:30.300+0000] {dag.py:4180} INFO - Setting next_dagrun for example_external_task_marker_parent to None, run_after=None
[2025-03-07T03:09:30.332+0000] {processor.py:208} INFO - Processing /home/Ashreem/airflow-env/lib/python3.12/site-packages/airflow/example_dags/example_external_task_marker_dag.py took 0.104 seconds
