[2025-03-07T02:30:53.056+0000] {processor.py:186} INFO - Started process (PID=46001) to work on /home/Ashreem/airflow-env/lib/python3.12/site-packages/airflow/example_dags/example_inlet_event_extra.py
[2025-03-07T02:30:53.057+0000] {processor.py:914} INFO - Processing file /home/Ashreem/airflow-env/lib/python3.12/site-packages/airflow/example_dags/example_inlet_event_extra.py for tasks to queue
[2025-03-07T02:30:53.060+0000] {logging_mixin.py:190} INFO - [2025-03-07T02:30:53.059+0000] {dagbag.py:588} INFO - Filling up the DagBag from /home/Ashreem/airflow-env/lib/python3.12/site-packages/airflow/example_dags/example_inlet_event_extra.py
[2025-03-07T02:30:53.076+0000] {processor.py:925} INFO - DAG(s) 'read_dataset_event', 'read_dataset_event_from_classic' retrieved from /home/Ashreem/airflow-env/lib/python3.12/site-packages/airflow/example_dags/example_inlet_event_extra.py
[2025-03-07T02:30:53.234+0000] {logging_mixin.py:190} INFO - [2025-03-07T02:30:53.233+0000] {override.py:1930} INFO - Created Permission View: can read on DAG:read_dataset_event
[2025-03-07T02:30:53.261+0000] {logging_mixin.py:190} INFO - [2025-03-07T02:30:53.261+0000] {override.py:1930} INFO - Created Permission View: can delete on DAG:read_dataset_event
[2025-03-07T02:30:53.282+0000] {logging_mixin.py:190} INFO - [2025-03-07T02:30:53.281+0000] {override.py:1930} INFO - Created Permission View: can edit on DAG:read_dataset_event
[2025-03-07T02:30:53.329+0000] {logging_mixin.py:190} INFO - [2025-03-07T02:30:53.328+0000] {override.py:1930} INFO - Created Permission View: can read on DAG Run:read_dataset_event
[2025-03-07T02:30:53.355+0000] {logging_mixin.py:190} INFO - [2025-03-07T02:30:53.354+0000] {override.py:1930} INFO - Created Permission View: can delete on DAG Run:read_dataset_event
[2025-03-07T02:30:53.378+0000] {logging_mixin.py:190} INFO - [2025-03-07T02:30:53.378+0000] {override.py:1930} INFO - Created Permission View: menu access on DAG Run:read_dataset_event
[2025-03-07T02:30:53.400+0000] {logging_mixin.py:190} INFO - [2025-03-07T02:30:53.400+0000] {override.py:1930} INFO - Created Permission View: can create on DAG Run:read_dataset_event
[2025-03-07T02:30:53.448+0000] {logging_mixin.py:190} INFO - [2025-03-07T02:30:53.447+0000] {override.py:1930} INFO - Created Permission View: can read on DAG:read_dataset_event_from_classic
[2025-03-07T02:30:53.471+0000] {logging_mixin.py:190} INFO - [2025-03-07T02:30:53.470+0000] {override.py:1930} INFO - Created Permission View: can delete on DAG:read_dataset_event_from_classic
[2025-03-07T02:30:53.494+0000] {logging_mixin.py:190} INFO - [2025-03-07T02:30:53.493+0000] {override.py:1930} INFO - Created Permission View: can edit on DAG:read_dataset_event_from_classic
[2025-03-07T02:30:53.535+0000] {logging_mixin.py:190} INFO - [2025-03-07T02:30:53.535+0000] {override.py:1930} INFO - Created Permission View: can read on DAG Run:read_dataset_event_from_classic
[2025-03-07T02:30:53.555+0000] {logging_mixin.py:190} INFO - [2025-03-07T02:30:53.555+0000] {override.py:1930} INFO - Created Permission View: can delete on DAG Run:read_dataset_event_from_classic
[2025-03-07T02:30:53.579+0000] {logging_mixin.py:190} INFO - [2025-03-07T02:30:53.578+0000] {override.py:1930} INFO - Created Permission View: menu access on DAG Run:read_dataset_event_from_classic
[2025-03-07T02:30:53.601+0000] {logging_mixin.py:190} INFO - [2025-03-07T02:30:53.600+0000] {override.py:1930} INFO - Created Permission View: can create on DAG Run:read_dataset_event_from_classic
[2025-03-07T02:30:53.601+0000] {logging_mixin.py:190} INFO - [2025-03-07T02:30:53.601+0000] {dag.py:3239} INFO - Sync 2 DAGs
[2025-03-07T02:30:53.615+0000] {logging_mixin.py:190} INFO - [2025-03-07T02:30:53.615+0000] {dag.py:3262} INFO - Creating ORM DAG for read_dataset_event_from_classic
[2025-03-07T02:30:53.615+0000] {logging_mixin.py:190} INFO - [2025-03-07T02:30:53.615+0000] {dag.py:3262} INFO - Creating ORM DAG for read_dataset_event
[2025-03-07T02:30:53.626+0000] {logging_mixin.py:190} INFO - [2025-03-07T02:30:53.626+0000] {dag.py:4180} INFO - Setting next_dagrun for read_dataset_event to 2025-03-06 00:00:00+00:00, run_after=2025-03-07 00:00:00+00:00
[2025-03-07T02:30:53.628+0000] {logging_mixin.py:190} INFO - [2025-03-07T02:30:53.628+0000] {dag.py:4180} INFO - Setting next_dagrun for read_dataset_event_from_classic to 2025-03-06 00:00:00+00:00, run_after=2025-03-07 00:00:00+00:00
[2025-03-07T02:30:53.663+0000] {processor.py:208} INFO - Processing /home/Ashreem/airflow-env/lib/python3.12/site-packages/airflow/example_dags/example_inlet_event_extra.py took 0.614 seconds
[2025-03-07T02:33:28.438+0000] {processor.py:186} INFO - Started process (PID=46106) to work on /home/Ashreem/airflow-env/lib/python3.12/site-packages/airflow/example_dags/example_inlet_event_extra.py
[2025-03-07T02:33:28.440+0000] {processor.py:914} INFO - Processing file /home/Ashreem/airflow-env/lib/python3.12/site-packages/airflow/example_dags/example_inlet_event_extra.py for tasks to queue
[2025-03-07T02:33:28.442+0000] {logging_mixin.py:190} INFO - [2025-03-07T02:33:28.442+0000] {dagbag.py:588} INFO - Filling up the DagBag from /home/Ashreem/airflow-env/lib/python3.12/site-packages/airflow/example_dags/example_inlet_event_extra.py
[2025-03-07T02:33:28.460+0000] {processor.py:925} INFO - DAG(s) 'read_dataset_event', 'read_dataset_event_from_classic' retrieved from /home/Ashreem/airflow-env/lib/python3.12/site-packages/airflow/example_dags/example_inlet_event_extra.py
[2025-03-07T02:33:28.492+0000] {logging_mixin.py:190} INFO - [2025-03-07T02:33:28.492+0000] {dag.py:3239} INFO - Sync 2 DAGs
[2025-03-07T02:33:28.518+0000] {logging_mixin.py:190} INFO - [2025-03-07T02:33:28.518+0000] {dag.py:4180} INFO - Setting next_dagrun for read_dataset_event to 2025-03-06 00:00:00+00:00, run_after=2025-03-07 00:00:00+00:00
[2025-03-07T02:33:28.523+0000] {logging_mixin.py:190} INFO - [2025-03-07T02:33:28.523+0000] {dag.py:4180} INFO - Setting next_dagrun for read_dataset_event_from_classic to 2025-03-06 00:00:00+00:00, run_after=2025-03-07 00:00:00+00:00
[2025-03-07T02:33:28.560+0000] {processor.py:208} INFO - Processing /home/Ashreem/airflow-env/lib/python3.12/site-packages/airflow/example_dags/example_inlet_event_extra.py took 0.131 seconds
[2025-03-07T02:34:41.544+0000] {processor.py:186} INFO - Started process (PID=46445) to work on /home/Ashreem/airflow-env/lib/python3.12/site-packages/airflow/example_dags/example_inlet_event_extra.py
[2025-03-07T02:34:41.547+0000] {processor.py:914} INFO - Processing file /home/Ashreem/airflow-env/lib/python3.12/site-packages/airflow/example_dags/example_inlet_event_extra.py for tasks to queue
[2025-03-07T02:34:41.550+0000] {logging_mixin.py:190} INFO - [2025-03-07T02:34:41.549+0000] {dagbag.py:588} INFO - Filling up the DagBag from /home/Ashreem/airflow-env/lib/python3.12/site-packages/airflow/example_dags/example_inlet_event_extra.py
[2025-03-07T02:34:41.567+0000] {processor.py:925} INFO - DAG(s) 'read_dataset_event', 'read_dataset_event_from_classic' retrieved from /home/Ashreem/airflow-env/lib/python3.12/site-packages/airflow/example_dags/example_inlet_event_extra.py
[2025-03-07T02:34:41.589+0000] {logging_mixin.py:190} INFO - [2025-03-07T02:34:41.588+0000] {dag.py:3239} INFO - Sync 2 DAGs
[2025-03-07T02:34:41.616+0000] {logging_mixin.py:190} INFO - [2025-03-07T02:34:41.616+0000] {dag.py:4180} INFO - Setting next_dagrun for read_dataset_event to 2025-03-06 00:00:00+00:00, run_after=2025-03-07 00:00:00+00:00
[2025-03-07T02:34:41.621+0000] {logging_mixin.py:190} INFO - [2025-03-07T02:34:41.620+0000] {dag.py:4180} INFO - Setting next_dagrun for read_dataset_event_from_classic to 2025-03-06 00:00:00+00:00, run_after=2025-03-07 00:00:00+00:00
[2025-03-07T02:34:41.665+0000] {processor.py:208} INFO - Processing /home/Ashreem/airflow-env/lib/python3.12/site-packages/airflow/example_dags/example_inlet_event_extra.py took 0.129 seconds
[2025-03-07T02:35:45.960+0000] {processor.py:186} INFO - Started process (PID=46510) to work on /home/Ashreem/airflow-env/lib/python3.12/site-packages/airflow/example_dags/example_inlet_event_extra.py
[2025-03-07T02:35:45.961+0000] {processor.py:914} INFO - Processing file /home/Ashreem/airflow-env/lib/python3.12/site-packages/airflow/example_dags/example_inlet_event_extra.py for tasks to queue
[2025-03-07T02:35:45.964+0000] {logging_mixin.py:190} INFO - [2025-03-07T02:35:45.964+0000] {dagbag.py:588} INFO - Filling up the DagBag from /home/Ashreem/airflow-env/lib/python3.12/site-packages/airflow/example_dags/example_inlet_event_extra.py
[2025-03-07T02:35:45.981+0000] {processor.py:925} INFO - DAG(s) 'read_dataset_event_from_classic', 'read_dataset_event' retrieved from /home/Ashreem/airflow-env/lib/python3.12/site-packages/airflow/example_dags/example_inlet_event_extra.py
[2025-03-07T02:35:46.004+0000] {logging_mixin.py:190} INFO - [2025-03-07T02:35:46.003+0000] {dag.py:3239} INFO - Sync 2 DAGs
[2025-03-07T02:35:46.036+0000] {logging_mixin.py:190} INFO - [2025-03-07T02:35:46.035+0000] {dag.py:4180} INFO - Setting next_dagrun for read_dataset_event to 2025-03-06 00:00:00+00:00, run_after=2025-03-07 00:00:00+00:00
[2025-03-07T02:35:46.041+0000] {logging_mixin.py:190} INFO - [2025-03-07T02:35:46.041+0000] {dag.py:4180} INFO - Setting next_dagrun for read_dataset_event_from_classic to 2025-03-06 00:00:00+00:00, run_after=2025-03-07 00:00:00+00:00
[2025-03-07T02:35:46.077+0000] {processor.py:208} INFO - Processing /home/Ashreem/airflow-env/lib/python3.12/site-packages/airflow/example_dags/example_inlet_event_extra.py took 0.124 seconds
[2025-03-07T02:36:53.970+0000] {processor.py:186} INFO - Started process (PID=46581) to work on /home/Ashreem/airflow-env/lib/python3.12/site-packages/airflow/example_dags/example_inlet_event_extra.py
[2025-03-07T02:36:53.971+0000] {processor.py:914} INFO - Processing file /home/Ashreem/airflow-env/lib/python3.12/site-packages/airflow/example_dags/example_inlet_event_extra.py for tasks to queue
[2025-03-07T02:36:53.974+0000] {logging_mixin.py:190} INFO - [2025-03-07T02:36:53.973+0000] {dagbag.py:588} INFO - Filling up the DagBag from /home/Ashreem/airflow-env/lib/python3.12/site-packages/airflow/example_dags/example_inlet_event_extra.py
[2025-03-07T02:36:53.990+0000] {processor.py:925} INFO - DAG(s) 'read_dataset_event_from_classic', 'read_dataset_event' retrieved from /home/Ashreem/airflow-env/lib/python3.12/site-packages/airflow/example_dags/example_inlet_event_extra.py
[2025-03-07T02:36:54.013+0000] {logging_mixin.py:190} INFO - [2025-03-07T02:36:54.013+0000] {dag.py:3239} INFO - Sync 2 DAGs
[2025-03-07T02:36:54.041+0000] {logging_mixin.py:190} INFO - [2025-03-07T02:36:54.041+0000] {dag.py:4180} INFO - Setting next_dagrun for read_dataset_event to 2025-03-06 00:00:00+00:00, run_after=2025-03-07 00:00:00+00:00
[2025-03-07T02:36:54.046+0000] {logging_mixin.py:190} INFO - [2025-03-07T02:36:54.046+0000] {dag.py:4180} INFO - Setting next_dagrun for read_dataset_event_from_classic to 2025-03-06 00:00:00+00:00, run_after=2025-03-07 00:00:00+00:00
[2025-03-07T02:36:54.088+0000] {processor.py:208} INFO - Processing /home/Ashreem/airflow-env/lib/python3.12/site-packages/airflow/example_dags/example_inlet_event_extra.py took 0.125 seconds
[2025-03-07T02:37:55.474+0000] {processor.py:186} INFO - Started process (PID=46641) to work on /home/Ashreem/airflow-env/lib/python3.12/site-packages/airflow/example_dags/example_inlet_event_extra.py
[2025-03-07T02:37:55.476+0000] {processor.py:914} INFO - Processing file /home/Ashreem/airflow-env/lib/python3.12/site-packages/airflow/example_dags/example_inlet_event_extra.py for tasks to queue
[2025-03-07T02:37:55.478+0000] {logging_mixin.py:190} INFO - [2025-03-07T02:37:55.478+0000] {dagbag.py:588} INFO - Filling up the DagBag from /home/Ashreem/airflow-env/lib/python3.12/site-packages/airflow/example_dags/example_inlet_event_extra.py
[2025-03-07T02:37:55.496+0000] {processor.py:925} INFO - DAG(s) 'read_dataset_event_from_classic', 'read_dataset_event' retrieved from /home/Ashreem/airflow-env/lib/python3.12/site-packages/airflow/example_dags/example_inlet_event_extra.py
[2025-03-07T02:37:55.517+0000] {logging_mixin.py:190} INFO - [2025-03-07T02:37:55.517+0000] {dag.py:3239} INFO - Sync 2 DAGs
[2025-03-07T02:37:55.547+0000] {logging_mixin.py:190} INFO - [2025-03-07T02:37:55.547+0000] {dag.py:4180} INFO - Setting next_dagrun for read_dataset_event to 2025-03-06 00:00:00+00:00, run_after=2025-03-07 00:00:00+00:00
[2025-03-07T02:37:55.552+0000] {logging_mixin.py:190} INFO - [2025-03-07T02:37:55.552+0000] {dag.py:4180} INFO - Setting next_dagrun for read_dataset_event_from_classic to 2025-03-06 00:00:00+00:00, run_after=2025-03-07 00:00:00+00:00
[2025-03-07T02:37:55.590+0000] {processor.py:208} INFO - Processing /home/Ashreem/airflow-env/lib/python3.12/site-packages/airflow/example_dags/example_inlet_event_extra.py took 0.124 seconds
[2025-03-07T02:39:00.241+0000] {processor.py:186} INFO - Started process (PID=46711) to work on /home/Ashreem/airflow-env/lib/python3.12/site-packages/airflow/example_dags/example_inlet_event_extra.py
[2025-03-07T02:39:00.243+0000] {processor.py:914} INFO - Processing file /home/Ashreem/airflow-env/lib/python3.12/site-packages/airflow/example_dags/example_inlet_event_extra.py for tasks to queue
[2025-03-07T02:39:00.246+0000] {logging_mixin.py:190} INFO - [2025-03-07T02:39:00.246+0000] {dagbag.py:588} INFO - Filling up the DagBag from /home/Ashreem/airflow-env/lib/python3.12/site-packages/airflow/example_dags/example_inlet_event_extra.py
[2025-03-07T02:39:00.264+0000] {processor.py:925} INFO - DAG(s) 'read_dataset_event', 'read_dataset_event_from_classic' retrieved from /home/Ashreem/airflow-env/lib/python3.12/site-packages/airflow/example_dags/example_inlet_event_extra.py
[2025-03-07T02:39:00.287+0000] {logging_mixin.py:190} INFO - [2025-03-07T02:39:00.286+0000] {dag.py:3239} INFO - Sync 2 DAGs
[2025-03-07T02:39:00.317+0000] {logging_mixin.py:190} INFO - [2025-03-07T02:39:00.317+0000] {dag.py:4180} INFO - Setting next_dagrun for read_dataset_event to 2025-03-06 00:00:00+00:00, run_after=2025-03-07 00:00:00+00:00
[2025-03-07T02:39:00.323+0000] {logging_mixin.py:190} INFO - [2025-03-07T02:39:00.323+0000] {dag.py:4180} INFO - Setting next_dagrun for read_dataset_event_from_classic to 2025-03-06 00:00:00+00:00, run_after=2025-03-07 00:00:00+00:00
[2025-03-07T02:39:00.362+0000] {processor.py:208} INFO - Processing /home/Ashreem/airflow-env/lib/python3.12/site-packages/airflow/example_dags/example_inlet_event_extra.py took 0.129 seconds
[2025-03-07T02:40:02.996+0000] {processor.py:186} INFO - Started process (PID=46773) to work on /home/Ashreem/airflow-env/lib/python3.12/site-packages/airflow/example_dags/example_inlet_event_extra.py
[2025-03-07T02:40:02.998+0000] {processor.py:914} INFO - Processing file /home/Ashreem/airflow-env/lib/python3.12/site-packages/airflow/example_dags/example_inlet_event_extra.py for tasks to queue
[2025-03-07T02:40:03.001+0000] {logging_mixin.py:190} INFO - [2025-03-07T02:40:03.000+0000] {dagbag.py:588} INFO - Filling up the DagBag from /home/Ashreem/airflow-env/lib/python3.12/site-packages/airflow/example_dags/example_inlet_event_extra.py
[2025-03-07T02:40:03.022+0000] {processor.py:925} INFO - DAG(s) 'read_dataset_event', 'read_dataset_event_from_classic' retrieved from /home/Ashreem/airflow-env/lib/python3.12/site-packages/airflow/example_dags/example_inlet_event_extra.py
[2025-03-07T02:40:03.046+0000] {logging_mixin.py:190} INFO - [2025-03-07T02:40:03.046+0000] {dag.py:3239} INFO - Sync 2 DAGs
[2025-03-07T02:40:03.077+0000] {logging_mixin.py:190} INFO - [2025-03-07T02:40:03.076+0000] {dag.py:4180} INFO - Setting next_dagrun for read_dataset_event to 2025-03-06 00:00:00+00:00, run_after=2025-03-07 00:00:00+00:00
[2025-03-07T02:40:03.084+0000] {logging_mixin.py:190} INFO - [2025-03-07T02:40:03.084+0000] {dag.py:4180} INFO - Setting next_dagrun for read_dataset_event_from_classic to 2025-03-06 00:00:00+00:00, run_after=2025-03-07 00:00:00+00:00
[2025-03-07T02:40:03.123+0000] {processor.py:208} INFO - Processing /home/Ashreem/airflow-env/lib/python3.12/site-packages/airflow/example_dags/example_inlet_event_extra.py took 0.135 seconds
[2025-03-07T02:41:05.848+0000] {processor.py:186} INFO - Started process (PID=46839) to work on /home/Ashreem/airflow-env/lib/python3.12/site-packages/airflow/example_dags/example_inlet_event_extra.py
[2025-03-07T02:41:05.851+0000] {processor.py:914} INFO - Processing file /home/Ashreem/airflow-env/lib/python3.12/site-packages/airflow/example_dags/example_inlet_event_extra.py for tasks to queue
[2025-03-07T02:41:05.853+0000] {logging_mixin.py:190} INFO - [2025-03-07T02:41:05.853+0000] {dagbag.py:588} INFO - Filling up the DagBag from /home/Ashreem/airflow-env/lib/python3.12/site-packages/airflow/example_dags/example_inlet_event_extra.py
[2025-03-07T02:41:05.873+0000] {processor.py:925} INFO - DAG(s) 'read_dataset_event', 'read_dataset_event_from_classic' retrieved from /home/Ashreem/airflow-env/lib/python3.12/site-packages/airflow/example_dags/example_inlet_event_extra.py
[2025-03-07T02:41:05.905+0000] {logging_mixin.py:190} INFO - [2025-03-07T02:41:05.904+0000] {dag.py:3239} INFO - Sync 2 DAGs
[2025-03-07T02:41:05.936+0000] {logging_mixin.py:190} INFO - [2025-03-07T02:41:05.936+0000] {dag.py:4180} INFO - Setting next_dagrun for read_dataset_event to 2025-03-06 00:00:00+00:00, run_after=2025-03-07 00:00:00+00:00
[2025-03-07T02:41:05.943+0000] {logging_mixin.py:190} INFO - [2025-03-07T02:41:05.943+0000] {dag.py:4180} INFO - Setting next_dagrun for read_dataset_event_from_classic to 2025-03-06 00:00:00+00:00, run_after=2025-03-07 00:00:00+00:00
[2025-03-07T02:41:05.979+0000] {processor.py:208} INFO - Processing /home/Ashreem/airflow-env/lib/python3.12/site-packages/airflow/example_dags/example_inlet_event_extra.py took 0.140 seconds
[2025-03-07T02:42:08.630+0000] {processor.py:186} INFO - Started process (PID=46901) to work on /home/Ashreem/airflow-env/lib/python3.12/site-packages/airflow/example_dags/example_inlet_event_extra.py
[2025-03-07T02:42:08.631+0000] {processor.py:914} INFO - Processing file /home/Ashreem/airflow-env/lib/python3.12/site-packages/airflow/example_dags/example_inlet_event_extra.py for tasks to queue
[2025-03-07T02:42:08.634+0000] {logging_mixin.py:190} INFO - [2025-03-07T02:42:08.633+0000] {dagbag.py:588} INFO - Filling up the DagBag from /home/Ashreem/airflow-env/lib/python3.12/site-packages/airflow/example_dags/example_inlet_event_extra.py
[2025-03-07T02:42:08.650+0000] {processor.py:925} INFO - DAG(s) 'read_dataset_event', 'read_dataset_event_from_classic' retrieved from /home/Ashreem/airflow-env/lib/python3.12/site-packages/airflow/example_dags/example_inlet_event_extra.py
[2025-03-07T02:42:08.670+0000] {logging_mixin.py:190} INFO - [2025-03-07T02:42:08.670+0000] {dag.py:3239} INFO - Sync 2 DAGs
[2025-03-07T02:42:08.700+0000] {logging_mixin.py:190} INFO - [2025-03-07T02:42:08.699+0000] {dag.py:4180} INFO - Setting next_dagrun for read_dataset_event to 2025-03-06 00:00:00+00:00, run_after=2025-03-07 00:00:00+00:00
[2025-03-07T02:42:08.705+0000] {logging_mixin.py:190} INFO - [2025-03-07T02:42:08.705+0000] {dag.py:4180} INFO - Setting next_dagrun for read_dataset_event_from_classic to 2025-03-06 00:00:00+00:00, run_after=2025-03-07 00:00:00+00:00
[2025-03-07T02:42:08.740+0000] {processor.py:208} INFO - Processing /home/Ashreem/airflow-env/lib/python3.12/site-packages/airflow/example_dags/example_inlet_event_extra.py took 0.117 seconds
[2025-03-07T02:43:12.939+0000] {processor.py:186} INFO - Started process (PID=46970) to work on /home/Ashreem/airflow-env/lib/python3.12/site-packages/airflow/example_dags/example_inlet_event_extra.py
[2025-03-07T02:43:12.941+0000] {processor.py:914} INFO - Processing file /home/Ashreem/airflow-env/lib/python3.12/site-packages/airflow/example_dags/example_inlet_event_extra.py for tasks to queue
[2025-03-07T02:43:12.943+0000] {logging_mixin.py:190} INFO - [2025-03-07T02:43:12.943+0000] {dagbag.py:588} INFO - Filling up the DagBag from /home/Ashreem/airflow-env/lib/python3.12/site-packages/airflow/example_dags/example_inlet_event_extra.py
[2025-03-07T02:43:12.965+0000] {processor.py:925} INFO - DAG(s) 'read_dataset_event_from_classic', 'read_dataset_event' retrieved from /home/Ashreem/airflow-env/lib/python3.12/site-packages/airflow/example_dags/example_inlet_event_extra.py
[2025-03-07T02:43:12.988+0000] {logging_mixin.py:190} INFO - [2025-03-07T02:43:12.987+0000] {dag.py:3239} INFO - Sync 2 DAGs
[2025-03-07T02:43:13.014+0000] {logging_mixin.py:190} INFO - [2025-03-07T02:43:13.014+0000] {dag.py:4180} INFO - Setting next_dagrun for read_dataset_event to 2025-03-06 00:00:00+00:00, run_after=2025-03-07 00:00:00+00:00
[2025-03-07T02:43:13.020+0000] {logging_mixin.py:190} INFO - [2025-03-07T02:43:13.020+0000] {dag.py:4180} INFO - Setting next_dagrun for read_dataset_event_from_classic to 2025-03-06 00:00:00+00:00, run_after=2025-03-07 00:00:00+00:00
[2025-03-07T02:43:13.051+0000] {processor.py:208} INFO - Processing /home/Ashreem/airflow-env/lib/python3.12/site-packages/airflow/example_dags/example_inlet_event_extra.py took 0.121 seconds
[2025-03-07T02:44:17.428+0000] {processor.py:186} INFO - Started process (PID=47041) to work on /home/Ashreem/airflow-env/lib/python3.12/site-packages/airflow/example_dags/example_inlet_event_extra.py
[2025-03-07T02:44:17.430+0000] {processor.py:914} INFO - Processing file /home/Ashreem/airflow-env/lib/python3.12/site-packages/airflow/example_dags/example_inlet_event_extra.py for tasks to queue
[2025-03-07T02:44:17.432+0000] {logging_mixin.py:190} INFO - [2025-03-07T02:44:17.432+0000] {dagbag.py:588} INFO - Filling up the DagBag from /home/Ashreem/airflow-env/lib/python3.12/site-packages/airflow/example_dags/example_inlet_event_extra.py
[2025-03-07T02:44:17.452+0000] {processor.py:925} INFO - DAG(s) 'read_dataset_event_from_classic', 'read_dataset_event' retrieved from /home/Ashreem/airflow-env/lib/python3.12/site-packages/airflow/example_dags/example_inlet_event_extra.py
[2025-03-07T02:44:17.476+0000] {logging_mixin.py:190} INFO - [2025-03-07T02:44:17.476+0000] {dag.py:3239} INFO - Sync 2 DAGs
[2025-03-07T02:44:17.505+0000] {logging_mixin.py:190} INFO - [2025-03-07T02:44:17.505+0000] {dag.py:4180} INFO - Setting next_dagrun for read_dataset_event to 2025-03-06 00:00:00+00:00, run_after=2025-03-07 00:00:00+00:00
[2025-03-07T02:44:17.510+0000] {logging_mixin.py:190} INFO - [2025-03-07T02:44:17.510+0000] {dag.py:4180} INFO - Setting next_dagrun for read_dataset_event_from_classic to 2025-03-06 00:00:00+00:00, run_after=2025-03-07 00:00:00+00:00
[2025-03-07T02:44:17.547+0000] {processor.py:208} INFO - Processing /home/Ashreem/airflow-env/lib/python3.12/site-packages/airflow/example_dags/example_inlet_event_extra.py took 0.126 seconds
[2025-03-07T02:45:18.860+0000] {processor.py:186} INFO - Started process (PID=47121) to work on /home/Ashreem/airflow-env/lib/python3.12/site-packages/airflow/example_dags/example_inlet_event_extra.py
[2025-03-07T02:45:18.862+0000] {processor.py:914} INFO - Processing file /home/Ashreem/airflow-env/lib/python3.12/site-packages/airflow/example_dags/example_inlet_event_extra.py for tasks to queue
[2025-03-07T02:45:18.864+0000] {logging_mixin.py:190} INFO - [2025-03-07T02:45:18.864+0000] {dagbag.py:588} INFO - Filling up the DagBag from /home/Ashreem/airflow-env/lib/python3.12/site-packages/airflow/example_dags/example_inlet_event_extra.py
[2025-03-07T02:45:18.883+0000] {processor.py:925} INFO - DAG(s) 'read_dataset_event_from_classic', 'read_dataset_event' retrieved from /home/Ashreem/airflow-env/lib/python3.12/site-packages/airflow/example_dags/example_inlet_event_extra.py
[2025-03-07T02:45:18.907+0000] {logging_mixin.py:190} INFO - [2025-03-07T02:45:18.906+0000] {dag.py:3239} INFO - Sync 2 DAGs
[2025-03-07T02:45:18.933+0000] {logging_mixin.py:190} INFO - [2025-03-07T02:45:18.933+0000] {dag.py:4180} INFO - Setting next_dagrun for read_dataset_event to 2025-03-06 00:00:00+00:00, run_after=2025-03-07 00:00:00+00:00
[2025-03-07T02:45:18.938+0000] {logging_mixin.py:190} INFO - [2025-03-07T02:45:18.938+0000] {dag.py:4180} INFO - Setting next_dagrun for read_dataset_event_from_classic to 2025-03-06 00:00:00+00:00, run_after=2025-03-07 00:00:00+00:00
[2025-03-07T02:45:18.974+0000] {processor.py:208} INFO - Processing /home/Ashreem/airflow-env/lib/python3.12/site-packages/airflow/example_dags/example_inlet_event_extra.py took 0.122 seconds
[2025-03-07T02:46:23.641+0000] {processor.py:186} INFO - Started process (PID=47187) to work on /home/Ashreem/airflow-env/lib/python3.12/site-packages/airflow/example_dags/example_inlet_event_extra.py
[2025-03-07T02:46:23.642+0000] {processor.py:914} INFO - Processing file /home/Ashreem/airflow-env/lib/python3.12/site-packages/airflow/example_dags/example_inlet_event_extra.py for tasks to queue
[2025-03-07T02:46:23.645+0000] {logging_mixin.py:190} INFO - [2025-03-07T02:46:23.645+0000] {dagbag.py:588} INFO - Filling up the DagBag from /home/Ashreem/airflow-env/lib/python3.12/site-packages/airflow/example_dags/example_inlet_event_extra.py
[2025-03-07T02:46:23.664+0000] {processor.py:925} INFO - DAG(s) 'read_dataset_event', 'read_dataset_event_from_classic' retrieved from /home/Ashreem/airflow-env/lib/python3.12/site-packages/airflow/example_dags/example_inlet_event_extra.py
[2025-03-07T02:46:23.684+0000] {logging_mixin.py:190} INFO - [2025-03-07T02:46:23.683+0000] {dag.py:3239} INFO - Sync 2 DAGs
[2025-03-07T02:46:23.714+0000] {logging_mixin.py:190} INFO - [2025-03-07T02:46:23.714+0000] {dag.py:4180} INFO - Setting next_dagrun for read_dataset_event to 2025-03-06 00:00:00+00:00, run_after=2025-03-07 00:00:00+00:00
[2025-03-07T02:46:23.719+0000] {logging_mixin.py:190} INFO - [2025-03-07T02:46:23.719+0000] {dag.py:4180} INFO - Setting next_dagrun for read_dataset_event_from_classic to 2025-03-06 00:00:00+00:00, run_after=2025-03-07 00:00:00+00:00
[2025-03-07T02:46:23.753+0000] {processor.py:208} INFO - Processing /home/Ashreem/airflow-env/lib/python3.12/site-packages/airflow/example_dags/example_inlet_event_extra.py took 0.121 seconds
[2025-03-07T02:47:27.143+0000] {processor.py:186} INFO - Started process (PID=47247) to work on /home/Ashreem/airflow-env/lib/python3.12/site-packages/airflow/example_dags/example_inlet_event_extra.py
[2025-03-07T02:47:27.146+0000] {processor.py:914} INFO - Processing file /home/Ashreem/airflow-env/lib/python3.12/site-packages/airflow/example_dags/example_inlet_event_extra.py for tasks to queue
[2025-03-07T02:47:27.148+0000] {logging_mixin.py:190} INFO - [2025-03-07T02:47:27.148+0000] {dagbag.py:588} INFO - Filling up the DagBag from /home/Ashreem/airflow-env/lib/python3.12/site-packages/airflow/example_dags/example_inlet_event_extra.py
[2025-03-07T02:47:27.167+0000] {processor.py:925} INFO - DAG(s) 'read_dataset_event', 'read_dataset_event_from_classic' retrieved from /home/Ashreem/airflow-env/lib/python3.12/site-packages/airflow/example_dags/example_inlet_event_extra.py
[2025-03-07T02:47:27.189+0000] {logging_mixin.py:190} INFO - [2025-03-07T02:47:27.188+0000] {dag.py:3239} INFO - Sync 2 DAGs
[2025-03-07T02:47:27.215+0000] {logging_mixin.py:190} INFO - [2025-03-07T02:47:27.215+0000] {dag.py:4180} INFO - Setting next_dagrun for read_dataset_event to 2025-03-06 00:00:00+00:00, run_after=2025-03-07 00:00:00+00:00
[2025-03-07T02:47:27.221+0000] {logging_mixin.py:190} INFO - [2025-03-07T02:47:27.220+0000] {dag.py:4180} INFO - Setting next_dagrun for read_dataset_event_from_classic to 2025-03-06 00:00:00+00:00, run_after=2025-03-07 00:00:00+00:00
[2025-03-07T02:47:27.255+0000] {processor.py:208} INFO - Processing /home/Ashreem/airflow-env/lib/python3.12/site-packages/airflow/example_dags/example_inlet_event_extra.py took 0.123 seconds
[2025-03-07T02:48:37.329+0000] {processor.py:186} INFO - Started process (PID=47323) to work on /home/Ashreem/airflow-env/lib/python3.12/site-packages/airflow/example_dags/example_inlet_event_extra.py
[2025-03-07T02:48:37.330+0000] {processor.py:914} INFO - Processing file /home/Ashreem/airflow-env/lib/python3.12/site-packages/airflow/example_dags/example_inlet_event_extra.py for tasks to queue
[2025-03-07T02:48:37.334+0000] {logging_mixin.py:190} INFO - [2025-03-07T02:48:37.333+0000] {dagbag.py:588} INFO - Filling up the DagBag from /home/Ashreem/airflow-env/lib/python3.12/site-packages/airflow/example_dags/example_inlet_event_extra.py
[2025-03-07T02:48:37.351+0000] {processor.py:925} INFO - DAG(s) 'read_dataset_event_from_classic', 'read_dataset_event' retrieved from /home/Ashreem/airflow-env/lib/python3.12/site-packages/airflow/example_dags/example_inlet_event_extra.py
[2025-03-07T02:48:37.375+0000] {logging_mixin.py:190} INFO - [2025-03-07T02:48:37.375+0000] {dag.py:3239} INFO - Sync 2 DAGs
[2025-03-07T02:48:37.409+0000] {logging_mixin.py:190} INFO - [2025-03-07T02:48:37.408+0000] {dag.py:4180} INFO - Setting next_dagrun for read_dataset_event to 2025-03-06 00:00:00+00:00, run_after=2025-03-07 00:00:00+00:00
[2025-03-07T02:48:37.418+0000] {logging_mixin.py:190} INFO - [2025-03-07T02:48:37.418+0000] {dag.py:4180} INFO - Setting next_dagrun for read_dataset_event_from_classic to 2025-03-06 00:00:00+00:00, run_after=2025-03-07 00:00:00+00:00
[2025-03-07T02:48:37.455+0000] {processor.py:208} INFO - Processing /home/Ashreem/airflow-env/lib/python3.12/site-packages/airflow/example_dags/example_inlet_event_extra.py took 0.134 seconds
[2025-03-07T02:49:41.289+0000] {processor.py:186} INFO - Started process (PID=47398) to work on /home/Ashreem/airflow-env/lib/python3.12/site-packages/airflow/example_dags/example_inlet_event_extra.py
[2025-03-07T02:49:41.291+0000] {processor.py:914} INFO - Processing file /home/Ashreem/airflow-env/lib/python3.12/site-packages/airflow/example_dags/example_inlet_event_extra.py for tasks to queue
[2025-03-07T02:49:41.293+0000] {logging_mixin.py:190} INFO - [2025-03-07T02:49:41.293+0000] {dagbag.py:588} INFO - Filling up the DagBag from /home/Ashreem/airflow-env/lib/python3.12/site-packages/airflow/example_dags/example_inlet_event_extra.py
[2025-03-07T02:49:41.313+0000] {processor.py:925} INFO - DAG(s) 'read_dataset_event_from_classic', 'read_dataset_event' retrieved from /home/Ashreem/airflow-env/lib/python3.12/site-packages/airflow/example_dags/example_inlet_event_extra.py
[2025-03-07T02:49:41.336+0000] {logging_mixin.py:190} INFO - [2025-03-07T02:49:41.335+0000] {dag.py:3239} INFO - Sync 2 DAGs
[2025-03-07T02:49:41.364+0000] {logging_mixin.py:190} INFO - [2025-03-07T02:49:41.363+0000] {dag.py:4180} INFO - Setting next_dagrun for read_dataset_event to 2025-03-06 00:00:00+00:00, run_after=2025-03-07 00:00:00+00:00
[2025-03-07T02:49:41.369+0000] {logging_mixin.py:190} INFO - [2025-03-07T02:49:41.369+0000] {dag.py:4180} INFO - Setting next_dagrun for read_dataset_event_from_classic to 2025-03-06 00:00:00+00:00, run_after=2025-03-07 00:00:00+00:00
[2025-03-07T02:49:41.412+0000] {processor.py:208} INFO - Processing /home/Ashreem/airflow-env/lib/python3.12/site-packages/airflow/example_dags/example_inlet_event_extra.py took 0.131 seconds
[2025-03-07T02:50:46.712+0000] {processor.py:186} INFO - Started process (PID=47469) to work on /home/Ashreem/airflow-env/lib/python3.12/site-packages/airflow/example_dags/example_inlet_event_extra.py
[2025-03-07T02:50:46.714+0000] {processor.py:914} INFO - Processing file /home/Ashreem/airflow-env/lib/python3.12/site-packages/airflow/example_dags/example_inlet_event_extra.py for tasks to queue
[2025-03-07T02:50:46.717+0000] {logging_mixin.py:190} INFO - [2025-03-07T02:50:46.716+0000] {dagbag.py:588} INFO - Filling up the DagBag from /home/Ashreem/airflow-env/lib/python3.12/site-packages/airflow/example_dags/example_inlet_event_extra.py
[2025-03-07T02:50:46.734+0000] {processor.py:925} INFO - DAG(s) 'read_dataset_event_from_classic', 'read_dataset_event' retrieved from /home/Ashreem/airflow-env/lib/python3.12/site-packages/airflow/example_dags/example_inlet_event_extra.py
[2025-03-07T02:50:46.754+0000] {logging_mixin.py:190} INFO - [2025-03-07T02:50:46.754+0000] {dag.py:3239} INFO - Sync 2 DAGs
[2025-03-07T02:50:46.781+0000] {logging_mixin.py:190} INFO - [2025-03-07T02:50:46.781+0000] {dag.py:4180} INFO - Setting next_dagrun for read_dataset_event to 2025-03-06 00:00:00+00:00, run_after=2025-03-07 00:00:00+00:00
[2025-03-07T02:50:46.787+0000] {logging_mixin.py:190} INFO - [2025-03-07T02:50:46.786+0000] {dag.py:4180} INFO - Setting next_dagrun for read_dataset_event_from_classic to 2025-03-06 00:00:00+00:00, run_after=2025-03-07 00:00:00+00:00
[2025-03-07T02:50:46.825+0000] {processor.py:208} INFO - Processing /home/Ashreem/airflow-env/lib/python3.12/site-packages/airflow/example_dags/example_inlet_event_extra.py took 0.122 seconds
[2025-03-07T02:51:47.634+0000] {processor.py:186} INFO - Started process (PID=47530) to work on /home/Ashreem/airflow-env/lib/python3.12/site-packages/airflow/example_dags/example_inlet_event_extra.py
[2025-03-07T02:51:47.636+0000] {processor.py:914} INFO - Processing file /home/Ashreem/airflow-env/lib/python3.12/site-packages/airflow/example_dags/example_inlet_event_extra.py for tasks to queue
[2025-03-07T02:51:47.639+0000] {logging_mixin.py:190} INFO - [2025-03-07T02:51:47.638+0000] {dagbag.py:588} INFO - Filling up the DagBag from /home/Ashreem/airflow-env/lib/python3.12/site-packages/airflow/example_dags/example_inlet_event_extra.py
[2025-03-07T02:51:47.657+0000] {processor.py:925} INFO - DAG(s) 'read_dataset_event_from_classic', 'read_dataset_event' retrieved from /home/Ashreem/airflow-env/lib/python3.12/site-packages/airflow/example_dags/example_inlet_event_extra.py
[2025-03-07T02:51:47.683+0000] {logging_mixin.py:190} INFO - [2025-03-07T02:51:47.682+0000] {dag.py:3239} INFO - Sync 2 DAGs
[2025-03-07T02:51:47.718+0000] {logging_mixin.py:190} INFO - [2025-03-07T02:51:47.717+0000] {dag.py:4180} INFO - Setting next_dagrun for read_dataset_event to 2025-03-06 00:00:00+00:00, run_after=2025-03-07 00:00:00+00:00
[2025-03-07T02:51:47.724+0000] {logging_mixin.py:190} INFO - [2025-03-07T02:51:47.724+0000] {dag.py:4180} INFO - Setting next_dagrun for read_dataset_event_from_classic to 2025-03-06 00:00:00+00:00, run_after=2025-03-07 00:00:00+00:00
[2025-03-07T02:51:47.759+0000] {processor.py:208} INFO - Processing /home/Ashreem/airflow-env/lib/python3.12/site-packages/airflow/example_dags/example_inlet_event_extra.py took 0.135 seconds
[2025-03-07T02:52:55.478+0000] {processor.py:186} INFO - Started process (PID=47599) to work on /home/Ashreem/airflow-env/lib/python3.12/site-packages/airflow/example_dags/example_inlet_event_extra.py
[2025-03-07T02:52:55.480+0000] {processor.py:914} INFO - Processing file /home/Ashreem/airflow-env/lib/python3.12/site-packages/airflow/example_dags/example_inlet_event_extra.py for tasks to queue
[2025-03-07T02:52:55.483+0000] {logging_mixin.py:190} INFO - [2025-03-07T02:52:55.482+0000] {dagbag.py:588} INFO - Filling up the DagBag from /home/Ashreem/airflow-env/lib/python3.12/site-packages/airflow/example_dags/example_inlet_event_extra.py
[2025-03-07T02:52:55.501+0000] {processor.py:925} INFO - DAG(s) 'read_dataset_event_from_classic', 'read_dataset_event' retrieved from /home/Ashreem/airflow-env/lib/python3.12/site-packages/airflow/example_dags/example_inlet_event_extra.py
[2025-03-07T02:52:55.523+0000] {logging_mixin.py:190} INFO - [2025-03-07T02:52:55.523+0000] {dag.py:3239} INFO - Sync 2 DAGs
[2025-03-07T02:52:55.550+0000] {logging_mixin.py:190} INFO - [2025-03-07T02:52:55.550+0000] {dag.py:4180} INFO - Setting next_dagrun for read_dataset_event to 2025-03-06 00:00:00+00:00, run_after=2025-03-07 00:00:00+00:00
[2025-03-07T02:52:55.556+0000] {logging_mixin.py:190} INFO - [2025-03-07T02:52:55.556+0000] {dag.py:4180} INFO - Setting next_dagrun for read_dataset_event_from_classic to 2025-03-06 00:00:00+00:00, run_after=2025-03-07 00:00:00+00:00
[2025-03-07T02:52:55.598+0000] {processor.py:208} INFO - Processing /home/Ashreem/airflow-env/lib/python3.12/site-packages/airflow/example_dags/example_inlet_event_extra.py took 0.128 seconds
[2025-03-07T02:53:55.790+0000] {processor.py:186} INFO - Started process (PID=47663) to work on /home/Ashreem/airflow-env/lib/python3.12/site-packages/airflow/example_dags/example_inlet_event_extra.py
[2025-03-07T02:53:55.793+0000] {processor.py:914} INFO - Processing file /home/Ashreem/airflow-env/lib/python3.12/site-packages/airflow/example_dags/example_inlet_event_extra.py for tasks to queue
[2025-03-07T02:53:55.795+0000] {logging_mixin.py:190} INFO - [2025-03-07T02:53:55.795+0000] {dagbag.py:588} INFO - Filling up the DagBag from /home/Ashreem/airflow-env/lib/python3.12/site-packages/airflow/example_dags/example_inlet_event_extra.py
[2025-03-07T02:53:55.811+0000] {processor.py:925} INFO - DAG(s) 'read_dataset_event', 'read_dataset_event_from_classic' retrieved from /home/Ashreem/airflow-env/lib/python3.12/site-packages/airflow/example_dags/example_inlet_event_extra.py
[2025-03-07T02:53:55.830+0000] {logging_mixin.py:190} INFO - [2025-03-07T02:53:55.830+0000] {dag.py:3239} INFO - Sync 2 DAGs
[2025-03-07T02:53:55.856+0000] {logging_mixin.py:190} INFO - [2025-03-07T02:53:55.856+0000] {dag.py:4180} INFO - Setting next_dagrun for read_dataset_event to 2025-03-06 00:00:00+00:00, run_after=2025-03-07 00:00:00+00:00
[2025-03-07T02:53:55.866+0000] {logging_mixin.py:190} INFO - [2025-03-07T02:53:55.865+0000] {dag.py:4180} INFO - Setting next_dagrun for read_dataset_event_from_classic to 2025-03-06 00:00:00+00:00, run_after=2025-03-07 00:00:00+00:00
[2025-03-07T02:53:55.903+0000] {processor.py:208} INFO - Processing /home/Ashreem/airflow-env/lib/python3.12/site-packages/airflow/example_dags/example_inlet_event_extra.py took 0.119 seconds
[2025-03-07T02:54:56.819+0000] {processor.py:186} INFO - Started process (PID=47725) to work on /home/Ashreem/airflow-env/lib/python3.12/site-packages/airflow/example_dags/example_inlet_event_extra.py
[2025-03-07T02:54:56.821+0000] {processor.py:914} INFO - Processing file /home/Ashreem/airflow-env/lib/python3.12/site-packages/airflow/example_dags/example_inlet_event_extra.py for tasks to queue
[2025-03-07T02:54:56.823+0000] {logging_mixin.py:190} INFO - [2025-03-07T02:54:56.823+0000] {dagbag.py:588} INFO - Filling up the DagBag from /home/Ashreem/airflow-env/lib/python3.12/site-packages/airflow/example_dags/example_inlet_event_extra.py
[2025-03-07T02:54:56.841+0000] {processor.py:925} INFO - DAG(s) 'read_dataset_event_from_classic', 'read_dataset_event' retrieved from /home/Ashreem/airflow-env/lib/python3.12/site-packages/airflow/example_dags/example_inlet_event_extra.py
[2025-03-07T02:54:56.864+0000] {logging_mixin.py:190} INFO - [2025-03-07T02:54:56.863+0000] {dag.py:3239} INFO - Sync 2 DAGs
[2025-03-07T02:54:56.890+0000] {logging_mixin.py:190} INFO - [2025-03-07T02:54:56.890+0000] {dag.py:4180} INFO - Setting next_dagrun for read_dataset_event to 2025-03-06 00:00:00+00:00, run_after=2025-03-07 00:00:00+00:00
[2025-03-07T02:54:56.894+0000] {logging_mixin.py:190} INFO - [2025-03-07T02:54:56.894+0000] {dag.py:4180} INFO - Setting next_dagrun for read_dataset_event_from_classic to 2025-03-06 00:00:00+00:00, run_after=2025-03-07 00:00:00+00:00
[2025-03-07T02:54:56.926+0000] {processor.py:208} INFO - Processing /home/Ashreem/airflow-env/lib/python3.12/site-packages/airflow/example_dags/example_inlet_event_extra.py took 0.117 seconds
[2025-03-07T02:56:01.076+0000] {processor.py:186} INFO - Started process (PID=47856) to work on /home/Ashreem/airflow-env/lib/python3.12/site-packages/airflow/example_dags/example_inlet_event_extra.py
[2025-03-07T02:56:01.078+0000] {processor.py:914} INFO - Processing file /home/Ashreem/airflow-env/lib/python3.12/site-packages/airflow/example_dags/example_inlet_event_extra.py for tasks to queue
[2025-03-07T02:56:01.081+0000] {logging_mixin.py:190} INFO - [2025-03-07T02:56:01.080+0000] {dagbag.py:588} INFO - Filling up the DagBag from /home/Ashreem/airflow-env/lib/python3.12/site-packages/airflow/example_dags/example_inlet_event_extra.py
[2025-03-07T02:56:01.099+0000] {processor.py:925} INFO - DAG(s) 'read_dataset_event', 'read_dataset_event_from_classic' retrieved from /home/Ashreem/airflow-env/lib/python3.12/site-packages/airflow/example_dags/example_inlet_event_extra.py
[2025-03-07T02:56:01.122+0000] {logging_mixin.py:190} INFO - [2025-03-07T02:56:01.121+0000] {dag.py:3239} INFO - Sync 2 DAGs
[2025-03-07T02:56:01.149+0000] {logging_mixin.py:190} INFO - [2025-03-07T02:56:01.149+0000] {dag.py:4180} INFO - Setting next_dagrun for read_dataset_event to 2025-03-06 00:00:00+00:00, run_after=2025-03-07 00:00:00+00:00
[2025-03-07T02:56:01.155+0000] {logging_mixin.py:190} INFO - [2025-03-07T02:56:01.155+0000] {dag.py:4180} INFO - Setting next_dagrun for read_dataset_event_from_classic to 2025-03-06 00:00:00+00:00, run_after=2025-03-07 00:00:00+00:00
[2025-03-07T02:56:01.195+0000] {processor.py:208} INFO - Processing /home/Ashreem/airflow-env/lib/python3.12/site-packages/airflow/example_dags/example_inlet_event_extra.py took 0.128 seconds
[2025-03-07T02:56:58.681+0000] {processor.py:186} INFO - Started process (PID=47980) to work on /home/Ashreem/airflow-env/lib/python3.12/site-packages/airflow/example_dags/example_inlet_event_extra.py
[2025-03-07T02:56:58.683+0000] {processor.py:914} INFO - Processing file /home/Ashreem/airflow-env/lib/python3.12/site-packages/airflow/example_dags/example_inlet_event_extra.py for tasks to queue
[2025-03-07T02:56:58.686+0000] {logging_mixin.py:190} INFO - [2025-03-07T02:56:58.685+0000] {dagbag.py:588} INFO - Filling up the DagBag from /home/Ashreem/airflow-env/lib/python3.12/site-packages/airflow/example_dags/example_inlet_event_extra.py
[2025-03-07T02:56:58.703+0000] {processor.py:925} INFO - DAG(s) 'read_dataset_event_from_classic', 'read_dataset_event' retrieved from /home/Ashreem/airflow-env/lib/python3.12/site-packages/airflow/example_dags/example_inlet_event_extra.py
[2025-03-07T02:56:58.740+0000] {logging_mixin.py:190} INFO - [2025-03-07T02:56:58.740+0000] {dag.py:3239} INFO - Sync 2 DAGs
[2025-03-07T02:56:58.771+0000] {logging_mixin.py:190} INFO - [2025-03-07T02:56:58.771+0000] {dag.py:4180} INFO - Setting next_dagrun for read_dataset_event to 2025-03-06 00:00:00+00:00, run_after=2025-03-07 00:00:00+00:00
[2025-03-07T02:56:58.777+0000] {logging_mixin.py:190} INFO - [2025-03-07T02:56:58.777+0000] {dag.py:4180} INFO - Setting next_dagrun for read_dataset_event_from_classic to 2025-03-06 00:00:00+00:00, run_after=2025-03-07 00:00:00+00:00
[2025-03-07T02:56:58.809+0000] {processor.py:208} INFO - Processing /home/Ashreem/airflow-env/lib/python3.12/site-packages/airflow/example_dags/example_inlet_event_extra.py took 0.136 seconds
[2025-03-07T02:57:06.779+0000] {processor.py:186} INFO - Started process (PID=47998) to work on /home/Ashreem/airflow-env/lib/python3.12/site-packages/airflow/example_dags/example_inlet_event_extra.py
[2025-03-07T02:57:06.780+0000] {processor.py:914} INFO - Processing file /home/Ashreem/airflow-env/lib/python3.12/site-packages/airflow/example_dags/example_inlet_event_extra.py for tasks to queue
[2025-03-07T02:57:06.783+0000] {logging_mixin.py:190} INFO - [2025-03-07T02:57:06.782+0000] {dagbag.py:588} INFO - Filling up the DagBag from /home/Ashreem/airflow-env/lib/python3.12/site-packages/airflow/example_dags/example_inlet_event_extra.py
[2025-03-07T02:57:06.800+0000] {processor.py:925} INFO - DAG(s) 'read_dataset_event_from_classic', 'read_dataset_event' retrieved from /home/Ashreem/airflow-env/lib/python3.12/site-packages/airflow/example_dags/example_inlet_event_extra.py
[2025-03-07T02:57:06.820+0000] {logging_mixin.py:190} INFO - [2025-03-07T02:57:06.820+0000] {dag.py:3239} INFO - Sync 2 DAGs
[2025-03-07T02:57:06.846+0000] {logging_mixin.py:190} INFO - [2025-03-07T02:57:06.845+0000] {dag.py:4180} INFO - Setting next_dagrun for read_dataset_event to 2025-03-06 00:00:00+00:00, run_after=2025-03-07 00:00:00+00:00
[2025-03-07T02:57:06.851+0000] {logging_mixin.py:190} INFO - [2025-03-07T02:57:06.850+0000] {dag.py:4180} INFO - Setting next_dagrun for read_dataset_event_from_classic to 2025-03-06 00:00:00+00:00, run_after=2025-03-07 00:00:00+00:00
[2025-03-07T02:57:06.892+0000] {processor.py:208} INFO - Processing /home/Ashreem/airflow-env/lib/python3.12/site-packages/airflow/example_dags/example_inlet_event_extra.py took 0.122 seconds
[2025-03-07T02:58:09.651+0000] {processor.py:186} INFO - Started process (PID=48077) to work on /home/Ashreem/airflow-env/lib/python3.12/site-packages/airflow/example_dags/example_inlet_event_extra.py
[2025-03-07T02:58:09.653+0000] {processor.py:914} INFO - Processing file /home/Ashreem/airflow-env/lib/python3.12/site-packages/airflow/example_dags/example_inlet_event_extra.py for tasks to queue
[2025-03-07T02:58:09.656+0000] {logging_mixin.py:190} INFO - [2025-03-07T02:58:09.655+0000] {dagbag.py:588} INFO - Filling up the DagBag from /home/Ashreem/airflow-env/lib/python3.12/site-packages/airflow/example_dags/example_inlet_event_extra.py
[2025-03-07T02:58:09.673+0000] {processor.py:925} INFO - DAG(s) 'read_dataset_event', 'read_dataset_event_from_classic' retrieved from /home/Ashreem/airflow-env/lib/python3.12/site-packages/airflow/example_dags/example_inlet_event_extra.py
[2025-03-07T02:58:09.695+0000] {logging_mixin.py:190} INFO - [2025-03-07T02:58:09.695+0000] {dag.py:3239} INFO - Sync 2 DAGs
[2025-03-07T02:58:09.724+0000] {logging_mixin.py:190} INFO - [2025-03-07T02:58:09.724+0000] {dag.py:4180} INFO - Setting next_dagrun for read_dataset_event to 2025-03-06 00:00:00+00:00, run_after=2025-03-07 00:00:00+00:00
[2025-03-07T02:58:09.729+0000] {logging_mixin.py:190} INFO - [2025-03-07T02:58:09.729+0000] {dag.py:4180} INFO - Setting next_dagrun for read_dataset_event_from_classic to 2025-03-06 00:00:00+00:00, run_after=2025-03-07 00:00:00+00:00
[2025-03-07T02:58:09.765+0000] {processor.py:208} INFO - Processing /home/Ashreem/airflow-env/lib/python3.12/site-packages/airflow/example_dags/example_inlet_event_extra.py took 0.122 seconds
[2025-03-07T02:59:17.235+0000] {processor.py:186} INFO - Started process (PID=48188) to work on /home/Ashreem/airflow-env/lib/python3.12/site-packages/airflow/example_dags/example_inlet_event_extra.py
[2025-03-07T02:59:17.236+0000] {processor.py:914} INFO - Processing file /home/Ashreem/airflow-env/lib/python3.12/site-packages/airflow/example_dags/example_inlet_event_extra.py for tasks to queue
[2025-03-07T02:59:17.239+0000] {logging_mixin.py:190} INFO - [2025-03-07T02:59:17.239+0000] {dagbag.py:588} INFO - Filling up the DagBag from /home/Ashreem/airflow-env/lib/python3.12/site-packages/airflow/example_dags/example_inlet_event_extra.py
[2025-03-07T02:59:17.258+0000] {processor.py:925} INFO - DAG(s) 'read_dataset_event', 'read_dataset_event_from_classic' retrieved from /home/Ashreem/airflow-env/lib/python3.12/site-packages/airflow/example_dags/example_inlet_event_extra.py
[2025-03-07T02:59:17.280+0000] {logging_mixin.py:190} INFO - [2025-03-07T02:59:17.280+0000] {dag.py:3239} INFO - Sync 2 DAGs
[2025-03-07T02:59:17.316+0000] {logging_mixin.py:190} INFO - [2025-03-07T02:59:17.316+0000] {dag.py:4180} INFO - Setting next_dagrun for read_dataset_event to 2025-03-06 00:00:00+00:00, run_after=2025-03-07 00:00:00+00:00
[2025-03-07T02:59:17.321+0000] {logging_mixin.py:190} INFO - [2025-03-07T02:59:17.321+0000] {dag.py:4180} INFO - Setting next_dagrun for read_dataset_event_from_classic to 2025-03-06 00:00:00+00:00, run_after=2025-03-07 00:00:00+00:00
[2025-03-07T02:59:17.356+0000] {processor.py:208} INFO - Processing /home/Ashreem/airflow-env/lib/python3.12/site-packages/airflow/example_dags/example_inlet_event_extra.py took 0.130 seconds
[2025-03-07T03:00:24.615+0000] {processor.py:186} INFO - Started process (PID=48306) to work on /home/Ashreem/airflow-env/lib/python3.12/site-packages/airflow/example_dags/example_inlet_event_extra.py
[2025-03-07T03:00:24.617+0000] {processor.py:914} INFO - Processing file /home/Ashreem/airflow-env/lib/python3.12/site-packages/airflow/example_dags/example_inlet_event_extra.py for tasks to queue
[2025-03-07T03:00:24.620+0000] {logging_mixin.py:190} INFO - [2025-03-07T03:00:24.620+0000] {dagbag.py:588} INFO - Filling up the DagBag from /home/Ashreem/airflow-env/lib/python3.12/site-packages/airflow/example_dags/example_inlet_event_extra.py
[2025-03-07T03:00:24.638+0000] {processor.py:925} INFO - DAG(s) 'read_dataset_event', 'read_dataset_event_from_classic' retrieved from /home/Ashreem/airflow-env/lib/python3.12/site-packages/airflow/example_dags/example_inlet_event_extra.py
[2025-03-07T03:00:24.657+0000] {logging_mixin.py:190} INFO - [2025-03-07T03:00:24.657+0000] {dag.py:3239} INFO - Sync 2 DAGs
[2025-03-07T03:00:24.686+0000] {logging_mixin.py:190} INFO - [2025-03-07T03:00:24.685+0000] {dag.py:4180} INFO - Setting next_dagrun for read_dataset_event to 2025-03-06 00:00:00+00:00, run_after=2025-03-07 00:00:00+00:00
[2025-03-07T03:00:24.691+0000] {logging_mixin.py:190} INFO - [2025-03-07T03:00:24.691+0000] {dag.py:4180} INFO - Setting next_dagrun for read_dataset_event_from_classic to 2025-03-06 00:00:00+00:00, run_after=2025-03-07 00:00:00+00:00
[2025-03-07T03:00:24.729+0000] {processor.py:208} INFO - Processing /home/Ashreem/airflow-env/lib/python3.12/site-packages/airflow/example_dags/example_inlet_event_extra.py took 0.123 seconds
[2025-03-07T03:01:27.728+0000] {processor.py:186} INFO - Started process (PID=48378) to work on /home/Ashreem/airflow-env/lib/python3.12/site-packages/airflow/example_dags/example_inlet_event_extra.py
[2025-03-07T03:01:27.729+0000] {processor.py:914} INFO - Processing file /home/Ashreem/airflow-env/lib/python3.12/site-packages/airflow/example_dags/example_inlet_event_extra.py for tasks to queue
[2025-03-07T03:01:27.732+0000] {logging_mixin.py:190} INFO - [2025-03-07T03:01:27.731+0000] {dagbag.py:588} INFO - Filling up the DagBag from /home/Ashreem/airflow-env/lib/python3.12/site-packages/airflow/example_dags/example_inlet_event_extra.py
[2025-03-07T03:01:27.748+0000] {processor.py:925} INFO - DAG(s) 'read_dataset_event_from_classic', 'read_dataset_event' retrieved from /home/Ashreem/airflow-env/lib/python3.12/site-packages/airflow/example_dags/example_inlet_event_extra.py
[2025-03-07T03:01:27.769+0000] {logging_mixin.py:190} INFO - [2025-03-07T03:01:27.769+0000] {dag.py:3239} INFO - Sync 2 DAGs
[2025-03-07T03:01:27.798+0000] {logging_mixin.py:190} INFO - [2025-03-07T03:01:27.798+0000] {dag.py:4180} INFO - Setting next_dagrun for read_dataset_event to 2025-03-06 00:00:00+00:00, run_after=2025-03-07 00:00:00+00:00
[2025-03-07T03:01:27.803+0000] {logging_mixin.py:190} INFO - [2025-03-07T03:01:27.803+0000] {dag.py:4180} INFO - Setting next_dagrun for read_dataset_event_from_classic to 2025-03-06 00:00:00+00:00, run_after=2025-03-07 00:00:00+00:00
[2025-03-07T03:01:27.839+0000] {processor.py:208} INFO - Processing /home/Ashreem/airflow-env/lib/python3.12/site-packages/airflow/example_dags/example_inlet_event_extra.py took 0.119 seconds
[2025-03-07T03:02:30.930+0000] {processor.py:186} INFO - Started process (PID=48510) to work on /home/Ashreem/airflow-env/lib/python3.12/site-packages/airflow/example_dags/example_inlet_event_extra.py
[2025-03-07T03:02:30.932+0000] {processor.py:914} INFO - Processing file /home/Ashreem/airflow-env/lib/python3.12/site-packages/airflow/example_dags/example_inlet_event_extra.py for tasks to queue
[2025-03-07T03:02:30.935+0000] {logging_mixin.py:190} INFO - [2025-03-07T03:02:30.934+0000] {dagbag.py:588} INFO - Filling up the DagBag from /home/Ashreem/airflow-env/lib/python3.12/site-packages/airflow/example_dags/example_inlet_event_extra.py
[2025-03-07T03:02:30.955+0000] {processor.py:925} INFO - DAG(s) 'read_dataset_event_from_classic', 'read_dataset_event' retrieved from /home/Ashreem/airflow-env/lib/python3.12/site-packages/airflow/example_dags/example_inlet_event_extra.py
[2025-03-07T03:02:30.978+0000] {logging_mixin.py:190} INFO - [2025-03-07T03:02:30.978+0000] {dag.py:3239} INFO - Sync 2 DAGs
[2025-03-07T03:02:31.008+0000] {logging_mixin.py:190} INFO - [2025-03-07T03:02:31.008+0000] {dag.py:4180} INFO - Setting next_dagrun for read_dataset_event to 2025-03-06 00:00:00+00:00, run_after=2025-03-07 00:00:00+00:00
[2025-03-07T03:02:31.014+0000] {logging_mixin.py:190} INFO - [2025-03-07T03:02:31.014+0000] {dag.py:4180} INFO - Setting next_dagrun for read_dataset_event_from_classic to 2025-03-06 00:00:00+00:00, run_after=2025-03-07 00:00:00+00:00
[2025-03-07T03:02:31.059+0000] {processor.py:208} INFO - Processing /home/Ashreem/airflow-env/lib/python3.12/site-packages/airflow/example_dags/example_inlet_event_extra.py took 0.137 seconds
[2025-03-07T03:04:10.487+0000] {processor.py:186} INFO - Started process (PID=48643) to work on /home/Ashreem/airflow-env/lib/python3.12/site-packages/airflow/example_dags/example_inlet_event_extra.py
[2025-03-07T03:04:10.488+0000] {processor.py:914} INFO - Processing file /home/Ashreem/airflow-env/lib/python3.12/site-packages/airflow/example_dags/example_inlet_event_extra.py for tasks to queue
[2025-03-07T03:04:10.491+0000] {logging_mixin.py:190} INFO - [2025-03-07T03:04:10.491+0000] {dagbag.py:588} INFO - Filling up the DagBag from /home/Ashreem/airflow-env/lib/python3.12/site-packages/airflow/example_dags/example_inlet_event_extra.py
[2025-03-07T03:04:10.510+0000] {processor.py:925} INFO - DAG(s) 'read_dataset_event', 'read_dataset_event_from_classic' retrieved from /home/Ashreem/airflow-env/lib/python3.12/site-packages/airflow/example_dags/example_inlet_event_extra.py
[2025-03-07T03:04:10.540+0000] {logging_mixin.py:190} INFO - [2025-03-07T03:04:10.540+0000] {dag.py:3239} INFO - Sync 2 DAGs
[2025-03-07T03:04:10.573+0000] {logging_mixin.py:190} INFO - [2025-03-07T03:04:10.572+0000] {dag.py:4180} INFO - Setting next_dagrun for read_dataset_event to 2025-03-06 00:00:00+00:00, run_after=2025-03-07 00:00:00+00:00
[2025-03-07T03:04:10.579+0000] {logging_mixin.py:190} INFO - [2025-03-07T03:04:10.578+0000] {dag.py:4180} INFO - Setting next_dagrun for read_dataset_event_from_classic to 2025-03-06 00:00:00+00:00, run_after=2025-03-07 00:00:00+00:00
[2025-03-07T03:04:10.614+0000] {processor.py:208} INFO - Processing /home/Ashreem/airflow-env/lib/python3.12/site-packages/airflow/example_dags/example_inlet_event_extra.py took 0.136 seconds
[2025-03-07T03:05:14.025+0000] {processor.py:186} INFO - Started process (PID=48732) to work on /home/Ashreem/airflow-env/lib/python3.12/site-packages/airflow/example_dags/example_inlet_event_extra.py
[2025-03-07T03:05:14.026+0000] {processor.py:914} INFO - Processing file /home/Ashreem/airflow-env/lib/python3.12/site-packages/airflow/example_dags/example_inlet_event_extra.py for tasks to queue
[2025-03-07T03:05:14.029+0000] {logging_mixin.py:190} INFO - [2025-03-07T03:05:14.029+0000] {dagbag.py:588} INFO - Filling up the DagBag from /home/Ashreem/airflow-env/lib/python3.12/site-packages/airflow/example_dags/example_inlet_event_extra.py
[2025-03-07T03:05:14.048+0000] {processor.py:925} INFO - DAG(s) 'read_dataset_event', 'read_dataset_event_from_classic' retrieved from /home/Ashreem/airflow-env/lib/python3.12/site-packages/airflow/example_dags/example_inlet_event_extra.py
[2025-03-07T03:05:14.086+0000] {logging_mixin.py:190} INFO - [2025-03-07T03:05:14.086+0000] {dag.py:3239} INFO - Sync 2 DAGs
[2025-03-07T03:05:14.116+0000] {logging_mixin.py:190} INFO - [2025-03-07T03:05:14.115+0000] {dag.py:4180} INFO - Setting next_dagrun for read_dataset_event to 2025-03-06 00:00:00+00:00, run_after=2025-03-07 00:00:00+00:00
[2025-03-07T03:05:14.121+0000] {logging_mixin.py:190} INFO - [2025-03-07T03:05:14.121+0000] {dag.py:4180} INFO - Setting next_dagrun for read_dataset_event_from_classic to 2025-03-06 00:00:00+00:00, run_after=2025-03-07 00:00:00+00:00
[2025-03-07T03:05:14.155+0000] {processor.py:208} INFO - Processing /home/Ashreem/airflow-env/lib/python3.12/site-packages/airflow/example_dags/example_inlet_event_extra.py took 0.138 seconds
[2025-03-07T03:06:17.875+0000] {processor.py:186} INFO - Started process (PID=48964) to work on /home/Ashreem/airflow-env/lib/python3.12/site-packages/airflow/example_dags/example_inlet_event_extra.py
[2025-03-07T03:06:17.877+0000] {processor.py:914} INFO - Processing file /home/Ashreem/airflow-env/lib/python3.12/site-packages/airflow/example_dags/example_inlet_event_extra.py for tasks to queue
[2025-03-07T03:06:17.880+0000] {logging_mixin.py:190} INFO - [2025-03-07T03:06:17.879+0000] {dagbag.py:588} INFO - Filling up the DagBag from /home/Ashreem/airflow-env/lib/python3.12/site-packages/airflow/example_dags/example_inlet_event_extra.py
[2025-03-07T03:06:17.897+0000] {processor.py:925} INFO - DAG(s) 'read_dataset_event_from_classic', 'read_dataset_event' retrieved from /home/Ashreem/airflow-env/lib/python3.12/site-packages/airflow/example_dags/example_inlet_event_extra.py
[2025-03-07T03:06:17.919+0000] {logging_mixin.py:190} INFO - [2025-03-07T03:06:17.919+0000] {dag.py:3239} INFO - Sync 2 DAGs
[2025-03-07T03:06:17.949+0000] {logging_mixin.py:190} INFO - [2025-03-07T03:06:17.949+0000] {dag.py:4180} INFO - Setting next_dagrun for read_dataset_event to 2025-03-06 00:00:00+00:00, run_after=2025-03-07 00:00:00+00:00
[2025-03-07T03:06:17.955+0000] {logging_mixin.py:190} INFO - [2025-03-07T03:06:17.954+0000] {dag.py:4180} INFO - Setting next_dagrun for read_dataset_event_from_classic to 2025-03-06 00:00:00+00:00, run_after=2025-03-07 00:00:00+00:00
[2025-03-07T03:06:17.993+0000] {processor.py:208} INFO - Processing /home/Ashreem/airflow-env/lib/python3.12/site-packages/airflow/example_dags/example_inlet_event_extra.py took 0.126 seconds
[2025-03-07T03:08:26.346+0000] {processor.py:186} INFO - Started process (PID=49110) to work on /home/Ashreem/airflow-env/lib/python3.12/site-packages/airflow/example_dags/example_inlet_event_extra.py
[2025-03-07T03:08:26.347+0000] {processor.py:914} INFO - Processing file /home/Ashreem/airflow-env/lib/python3.12/site-packages/airflow/example_dags/example_inlet_event_extra.py for tasks to queue
[2025-03-07T03:08:26.350+0000] {logging_mixin.py:190} INFO - [2025-03-07T03:08:26.349+0000] {dagbag.py:588} INFO - Filling up the DagBag from /home/Ashreem/airflow-env/lib/python3.12/site-packages/airflow/example_dags/example_inlet_event_extra.py
[2025-03-07T03:08:26.367+0000] {processor.py:925} INFO - DAG(s) 'read_dataset_event', 'read_dataset_event_from_classic' retrieved from /home/Ashreem/airflow-env/lib/python3.12/site-packages/airflow/example_dags/example_inlet_event_extra.py
[2025-03-07T03:08:26.394+0000] {logging_mixin.py:190} INFO - [2025-03-07T03:08:26.394+0000] {dag.py:3239} INFO - Sync 2 DAGs
[2025-03-07T03:08:26.426+0000] {logging_mixin.py:190} INFO - [2025-03-07T03:08:26.425+0000] {dag.py:4180} INFO - Setting next_dagrun for read_dataset_event to 2025-03-06 00:00:00+00:00, run_after=2025-03-07 00:00:00+00:00
[2025-03-07T03:08:26.431+0000] {logging_mixin.py:190} INFO - [2025-03-07T03:08:26.431+0000] {dag.py:4180} INFO - Setting next_dagrun for read_dataset_event_from_classic to 2025-03-06 00:00:00+00:00, run_after=2025-03-07 00:00:00+00:00
[2025-03-07T03:08:26.469+0000] {processor.py:208} INFO - Processing /home/Ashreem/airflow-env/lib/python3.12/site-packages/airflow/example_dags/example_inlet_event_extra.py took 0.130 seconds
[2025-03-07T03:09:29.818+0000] {processor.py:186} INFO - Started process (PID=49181) to work on /home/Ashreem/airflow-env/lib/python3.12/site-packages/airflow/example_dags/example_inlet_event_extra.py
[2025-03-07T03:09:29.821+0000] {processor.py:914} INFO - Processing file /home/Ashreem/airflow-env/lib/python3.12/site-packages/airflow/example_dags/example_inlet_event_extra.py for tasks to queue
[2025-03-07T03:09:29.824+0000] {logging_mixin.py:190} INFO - [2025-03-07T03:09:29.823+0000] {dagbag.py:588} INFO - Filling up the DagBag from /home/Ashreem/airflow-env/lib/python3.12/site-packages/airflow/example_dags/example_inlet_event_extra.py
[2025-03-07T03:09:29.842+0000] {processor.py:925} INFO - DAG(s) 'read_dataset_event_from_classic', 'read_dataset_event' retrieved from /home/Ashreem/airflow-env/lib/python3.12/site-packages/airflow/example_dags/example_inlet_event_extra.py
[2025-03-07T03:09:29.863+0000] {logging_mixin.py:190} INFO - [2025-03-07T03:09:29.863+0000] {dag.py:3239} INFO - Sync 2 DAGs
[2025-03-07T03:09:29.890+0000] {logging_mixin.py:190} INFO - [2025-03-07T03:09:29.890+0000] {dag.py:4180} INFO - Setting next_dagrun for read_dataset_event to 2025-03-06 00:00:00+00:00, run_after=2025-03-07 00:00:00+00:00
[2025-03-07T03:09:29.894+0000] {logging_mixin.py:190} INFO - [2025-03-07T03:09:29.894+0000] {dag.py:4180} INFO - Setting next_dagrun for read_dataset_event_from_classic to 2025-03-06 00:00:00+00:00, run_after=2025-03-07 00:00:00+00:00
[2025-03-07T03:09:29.931+0000] {processor.py:208} INFO - Processing /home/Ashreem/airflow-env/lib/python3.12/site-packages/airflow/example_dags/example_inlet_event_extra.py took 0.123 seconds
