[2025-03-07T02:30:25.201+0000] {processor.py:186} INFO - Started process (PID=45979) to work on /home/Ashreem/airflow-env/lib/python3.12/site-packages/airflow/example_dags/example_trigger_controller_dag.py
[2025-03-07T02:30:25.202+0000] {processor.py:914} INFO - Processing file /home/Ashreem/airflow-env/lib/python3.12/site-packages/airflow/example_dags/example_trigger_controller_dag.py for tasks to queue
[2025-03-07T02:30:25.205+0000] {logging_mixin.py:190} INFO - [2025-03-07T02:30:25.205+0000] {dagbag.py:588} INFO - Filling up the DagBag from /home/Ashreem/airflow-env/lib/python3.12/site-packages/airflow/example_dags/example_trigger_controller_dag.py
[2025-03-07T02:30:25.215+0000] {processor.py:925} INFO - DAG(s) 'example_trigger_controller_dag' retrieved from /home/Ashreem/airflow-env/lib/python3.12/site-packages/airflow/example_dags/example_trigger_controller_dag.py
[2025-03-07T02:30:25.385+0000] {logging_mixin.py:190} INFO - [2025-03-07T02:30:25.384+0000] {override.py:1930} INFO - Created Permission View: can read on DAG:example_trigger_controller_dag
[2025-03-07T02:30:25.415+0000] {logging_mixin.py:190} INFO - [2025-03-07T02:30:25.414+0000] {override.py:1930} INFO - Created Permission View: can delete on DAG:example_trigger_controller_dag
[2025-03-07T02:30:25.439+0000] {logging_mixin.py:190} INFO - [2025-03-07T02:30:25.438+0000] {override.py:1930} INFO - Created Permission View: can edit on DAG:example_trigger_controller_dag
[2025-03-07T02:30:25.482+0000] {logging_mixin.py:190} INFO - [2025-03-07T02:30:25.482+0000] {override.py:1930} INFO - Created Permission View: can read on DAG Run:example_trigger_controller_dag
[2025-03-07T02:30:25.504+0000] {logging_mixin.py:190} INFO - [2025-03-07T02:30:25.503+0000] {override.py:1930} INFO - Created Permission View: can delete on DAG Run:example_trigger_controller_dag
[2025-03-07T02:30:25.530+0000] {logging_mixin.py:190} INFO - [2025-03-07T02:30:25.529+0000] {override.py:1930} INFO - Created Permission View: menu access on DAG Run:example_trigger_controller_dag
[2025-03-07T02:30:25.553+0000] {logging_mixin.py:190} INFO - [2025-03-07T02:30:25.552+0000] {override.py:1930} INFO - Created Permission View: can create on DAG Run:example_trigger_controller_dag
[2025-03-07T02:30:25.553+0000] {logging_mixin.py:190} INFO - [2025-03-07T02:30:25.553+0000] {dag.py:3239} INFO - Sync 1 DAGs
[2025-03-07T02:30:25.570+0000] {logging_mixin.py:190} INFO - [2025-03-07T02:30:25.569+0000] {dag.py:3262} INFO - Creating ORM DAG for example_trigger_controller_dag
[2025-03-07T02:30:25.581+0000] {logging_mixin.py:190} INFO - [2025-03-07T02:30:25.581+0000] {dag.py:4180} INFO - Setting next_dagrun for example_trigger_controller_dag to 2021-01-01 00:00:00+00:00, run_after=2021-01-01 00:00:00+00:00
[2025-03-07T02:30:25.620+0000] {processor.py:208} INFO - Processing /home/Ashreem/airflow-env/lib/python3.12/site-packages/airflow/example_dags/example_trigger_controller_dag.py took 0.426 seconds
[2025-03-07T02:33:05.987+0000] {processor.py:186} INFO - Started process (PID=46083) to work on /home/Ashreem/airflow-env/lib/python3.12/site-packages/airflow/example_dags/example_trigger_controller_dag.py
[2025-03-07T02:33:05.988+0000] {processor.py:914} INFO - Processing file /home/Ashreem/airflow-env/lib/python3.12/site-packages/airflow/example_dags/example_trigger_controller_dag.py for tasks to queue
[2025-03-07T02:33:05.992+0000] {logging_mixin.py:190} INFO - [2025-03-07T02:33:05.991+0000] {dagbag.py:588} INFO - Filling up the DagBag from /home/Ashreem/airflow-env/lib/python3.12/site-packages/airflow/example_dags/example_trigger_controller_dag.py
[2025-03-07T02:33:06.000+0000] {processor.py:925} INFO - DAG(s) 'example_trigger_controller_dag' retrieved from /home/Ashreem/airflow-env/lib/python3.12/site-packages/airflow/example_dags/example_trigger_controller_dag.py
[2025-03-07T02:33:06.022+0000] {logging_mixin.py:190} INFO - [2025-03-07T02:33:06.021+0000] {dag.py:3239} INFO - Sync 1 DAGs
[2025-03-07T02:33:06.047+0000] {logging_mixin.py:190} INFO - [2025-03-07T02:33:06.046+0000] {dag.py:4180} INFO - Setting next_dagrun for example_trigger_controller_dag to 2021-01-01 00:00:00+00:00, run_after=2021-01-01 00:00:00+00:00
[2025-03-07T02:33:06.093+0000] {processor.py:208} INFO - Processing /home/Ashreem/airflow-env/lib/python3.12/site-packages/airflow/example_dags/example_trigger_controller_dag.py took 0.114 seconds
[2025-03-07T02:34:10.025+0000] {processor.py:186} INFO - Started process (PID=46416) to work on /home/Ashreem/airflow-env/lib/python3.12/site-packages/airflow/example_dags/example_trigger_controller_dag.py
[2025-03-07T02:34:10.027+0000] {processor.py:914} INFO - Processing file /home/Ashreem/airflow-env/lib/python3.12/site-packages/airflow/example_dags/example_trigger_controller_dag.py for tasks to queue
[2025-03-07T02:34:10.031+0000] {logging_mixin.py:190} INFO - [2025-03-07T02:34:10.030+0000] {dagbag.py:588} INFO - Filling up the DagBag from /home/Ashreem/airflow-env/lib/python3.12/site-packages/airflow/example_dags/example_trigger_controller_dag.py
[2025-03-07T02:34:10.043+0000] {processor.py:925} INFO - DAG(s) 'example_trigger_controller_dag' retrieved from /home/Ashreem/airflow-env/lib/python3.12/site-packages/airflow/example_dags/example_trigger_controller_dag.py
[2025-03-07T02:34:10.066+0000] {logging_mixin.py:190} INFO - [2025-03-07T02:34:10.066+0000] {dag.py:3239} INFO - Sync 1 DAGs
[2025-03-07T02:34:10.092+0000] {logging_mixin.py:190} INFO - [2025-03-07T02:34:10.091+0000] {dag.py:4180} INFO - Setting next_dagrun for example_trigger_controller_dag to 2021-01-01 00:00:00+00:00, run_after=2021-01-01 00:00:00+00:00
[2025-03-07T02:34:10.129+0000] {processor.py:208} INFO - Processing /home/Ashreem/airflow-env/lib/python3.12/site-packages/airflow/example_dags/example_trigger_controller_dag.py took 0.112 seconds
[2025-03-07T02:35:17.722+0000] {processor.py:186} INFO - Started process (PID=46482) to work on /home/Ashreem/airflow-env/lib/python3.12/site-packages/airflow/example_dags/example_trigger_controller_dag.py
[2025-03-07T02:35:17.723+0000] {processor.py:914} INFO - Processing file /home/Ashreem/airflow-env/lib/python3.12/site-packages/airflow/example_dags/example_trigger_controller_dag.py for tasks to queue
[2025-03-07T02:35:17.727+0000] {logging_mixin.py:190} INFO - [2025-03-07T02:35:17.726+0000] {dagbag.py:588} INFO - Filling up the DagBag from /home/Ashreem/airflow-env/lib/python3.12/site-packages/airflow/example_dags/example_trigger_controller_dag.py
[2025-03-07T02:35:17.736+0000] {processor.py:925} INFO - DAG(s) 'example_trigger_controller_dag' retrieved from /home/Ashreem/airflow-env/lib/python3.12/site-packages/airflow/example_dags/example_trigger_controller_dag.py
[2025-03-07T02:35:17.755+0000] {logging_mixin.py:190} INFO - [2025-03-07T02:35:17.754+0000] {dag.py:3239} INFO - Sync 1 DAGs
[2025-03-07T02:35:17.779+0000] {logging_mixin.py:190} INFO - [2025-03-07T02:35:17.778+0000] {dag.py:4180} INFO - Setting next_dagrun for example_trigger_controller_dag to 2021-01-01 00:00:00+00:00, run_after=2021-01-01 00:00:00+00:00
[2025-03-07T02:35:17.815+0000] {processor.py:208} INFO - Processing /home/Ashreem/airflow-env/lib/python3.12/site-packages/airflow/example_dags/example_trigger_controller_dag.py took 0.100 seconds
[2025-03-07T02:36:24.779+0000] {processor.py:186} INFO - Started process (PID=46551) to work on /home/Ashreem/airflow-env/lib/python3.12/site-packages/airflow/example_dags/example_trigger_controller_dag.py
[2025-03-07T02:36:24.781+0000] {processor.py:914} INFO - Processing file /home/Ashreem/airflow-env/lib/python3.12/site-packages/airflow/example_dags/example_trigger_controller_dag.py for tasks to queue
[2025-03-07T02:36:24.784+0000] {logging_mixin.py:190} INFO - [2025-03-07T02:36:24.784+0000] {dagbag.py:588} INFO - Filling up the DagBag from /home/Ashreem/airflow-env/lib/python3.12/site-packages/airflow/example_dags/example_trigger_controller_dag.py
[2025-03-07T02:36:24.794+0000] {processor.py:925} INFO - DAG(s) 'example_trigger_controller_dag' retrieved from /home/Ashreem/airflow-env/lib/python3.12/site-packages/airflow/example_dags/example_trigger_controller_dag.py
[2025-03-07T02:36:24.820+0000] {logging_mixin.py:190} INFO - [2025-03-07T02:36:24.819+0000] {dag.py:3239} INFO - Sync 1 DAGs
[2025-03-07T02:36:24.844+0000] {logging_mixin.py:190} INFO - [2025-03-07T02:36:24.843+0000] {dag.py:4180} INFO - Setting next_dagrun for example_trigger_controller_dag to 2021-01-01 00:00:00+00:00, run_after=2021-01-01 00:00:00+00:00
[2025-03-07T02:36:24.883+0000] {processor.py:208} INFO - Processing /home/Ashreem/airflow-env/lib/python3.12/site-packages/airflow/example_dags/example_trigger_controller_dag.py took 0.112 seconds
[2025-03-07T02:37:29.719+0000] {processor.py:186} INFO - Started process (PID=46614) to work on /home/Ashreem/airflow-env/lib/python3.12/site-packages/airflow/example_dags/example_trigger_controller_dag.py
[2025-03-07T02:37:29.720+0000] {processor.py:914} INFO - Processing file /home/Ashreem/airflow-env/lib/python3.12/site-packages/airflow/example_dags/example_trigger_controller_dag.py for tasks to queue
[2025-03-07T02:37:29.724+0000] {logging_mixin.py:190} INFO - [2025-03-07T02:37:29.723+0000] {dagbag.py:588} INFO - Filling up the DagBag from /home/Ashreem/airflow-env/lib/python3.12/site-packages/airflow/example_dags/example_trigger_controller_dag.py
[2025-03-07T02:37:29.733+0000] {processor.py:925} INFO - DAG(s) 'example_trigger_controller_dag' retrieved from /home/Ashreem/airflow-env/lib/python3.12/site-packages/airflow/example_dags/example_trigger_controller_dag.py
[2025-03-07T02:37:29.755+0000] {logging_mixin.py:190} INFO - [2025-03-07T02:37:29.755+0000] {dag.py:3239} INFO - Sync 1 DAGs
[2025-03-07T02:37:29.780+0000] {logging_mixin.py:190} INFO - [2025-03-07T02:37:29.780+0000] {dag.py:4180} INFO - Setting next_dagrun for example_trigger_controller_dag to 2021-01-01 00:00:00+00:00, run_after=2021-01-01 00:00:00+00:00
[2025-03-07T02:37:29.816+0000] {processor.py:208} INFO - Processing /home/Ashreem/airflow-env/lib/python3.12/site-packages/airflow/example_dags/example_trigger_controller_dag.py took 0.104 seconds
[2025-03-07T02:38:31.824+0000] {processor.py:186} INFO - Started process (PID=46678) to work on /home/Ashreem/airflow-env/lib/python3.12/site-packages/airflow/example_dags/example_trigger_controller_dag.py
[2025-03-07T02:38:31.825+0000] {processor.py:914} INFO - Processing file /home/Ashreem/airflow-env/lib/python3.12/site-packages/airflow/example_dags/example_trigger_controller_dag.py for tasks to queue
[2025-03-07T02:38:31.829+0000] {logging_mixin.py:190} INFO - [2025-03-07T02:38:31.828+0000] {dagbag.py:588} INFO - Filling up the DagBag from /home/Ashreem/airflow-env/lib/python3.12/site-packages/airflow/example_dags/example_trigger_controller_dag.py
[2025-03-07T02:38:31.838+0000] {processor.py:925} INFO - DAG(s) 'example_trigger_controller_dag' retrieved from /home/Ashreem/airflow-env/lib/python3.12/site-packages/airflow/example_dags/example_trigger_controller_dag.py
[2025-03-07T02:38:31.858+0000] {logging_mixin.py:190} INFO - [2025-03-07T02:38:31.858+0000] {dag.py:3239} INFO - Sync 1 DAGs
[2025-03-07T02:38:31.887+0000] {logging_mixin.py:190} INFO - [2025-03-07T02:38:31.887+0000] {dag.py:4180} INFO - Setting next_dagrun for example_trigger_controller_dag to 2021-01-01 00:00:00+00:00, run_after=2021-01-01 00:00:00+00:00
[2025-03-07T02:38:31.926+0000] {processor.py:208} INFO - Processing /home/Ashreem/airflow-env/lib/python3.12/site-packages/airflow/example_dags/example_trigger_controller_dag.py took 0.111 seconds
[2025-03-07T02:39:34.608+0000] {processor.py:186} INFO - Started process (PID=46745) to work on /home/Ashreem/airflow-env/lib/python3.12/site-packages/airflow/example_dags/example_trigger_controller_dag.py
[2025-03-07T02:39:34.610+0000] {processor.py:914} INFO - Processing file /home/Ashreem/airflow-env/lib/python3.12/site-packages/airflow/example_dags/example_trigger_controller_dag.py for tasks to queue
[2025-03-07T02:39:34.613+0000] {logging_mixin.py:190} INFO - [2025-03-07T02:39:34.613+0000] {dagbag.py:588} INFO - Filling up the DagBag from /home/Ashreem/airflow-env/lib/python3.12/site-packages/airflow/example_dags/example_trigger_controller_dag.py
[2025-03-07T02:39:34.623+0000] {processor.py:925} INFO - DAG(s) 'example_trigger_controller_dag' retrieved from /home/Ashreem/airflow-env/lib/python3.12/site-packages/airflow/example_dags/example_trigger_controller_dag.py
[2025-03-07T02:39:34.647+0000] {logging_mixin.py:190} INFO - [2025-03-07T02:39:34.647+0000] {dag.py:3239} INFO - Sync 1 DAGs
[2025-03-07T02:39:34.672+0000] {logging_mixin.py:190} INFO - [2025-03-07T02:39:34.671+0000] {dag.py:4180} INFO - Setting next_dagrun for example_trigger_controller_dag to 2021-01-01 00:00:00+00:00, run_after=2021-01-01 00:00:00+00:00
[2025-03-07T02:39:34.710+0000] {processor.py:208} INFO - Processing /home/Ashreem/airflow-env/lib/python3.12/site-packages/airflow/example_dags/example_trigger_controller_dag.py took 0.110 seconds
[2025-03-07T02:40:39.284+0000] {processor.py:186} INFO - Started process (PID=46810) to work on /home/Ashreem/airflow-env/lib/python3.12/site-packages/airflow/example_dags/example_trigger_controller_dag.py
[2025-03-07T02:40:39.286+0000] {processor.py:914} INFO - Processing file /home/Ashreem/airflow-env/lib/python3.12/site-packages/airflow/example_dags/example_trigger_controller_dag.py for tasks to queue
[2025-03-07T02:40:39.290+0000] {logging_mixin.py:190} INFO - [2025-03-07T02:40:39.290+0000] {dagbag.py:588} INFO - Filling up the DagBag from /home/Ashreem/airflow-env/lib/python3.12/site-packages/airflow/example_dags/example_trigger_controller_dag.py
[2025-03-07T02:40:39.301+0000] {processor.py:925} INFO - DAG(s) 'example_trigger_controller_dag' retrieved from /home/Ashreem/airflow-env/lib/python3.12/site-packages/airflow/example_dags/example_trigger_controller_dag.py
[2025-03-07T02:40:39.321+0000] {logging_mixin.py:190} INFO - [2025-03-07T02:40:39.321+0000] {dag.py:3239} INFO - Sync 1 DAGs
[2025-03-07T02:40:39.346+0000] {logging_mixin.py:190} INFO - [2025-03-07T02:40:39.345+0000] {dag.py:4180} INFO - Setting next_dagrun for example_trigger_controller_dag to 2021-01-01 00:00:00+00:00, run_after=2021-01-01 00:00:00+00:00
[2025-03-07T02:40:39.381+0000] {processor.py:208} INFO - Processing /home/Ashreem/airflow-env/lib/python3.12/site-packages/airflow/example_dags/example_trigger_controller_dag.py took 0.105 seconds
[2025-03-07T02:41:41.474+0000] {processor.py:186} INFO - Started process (PID=46874) to work on /home/Ashreem/airflow-env/lib/python3.12/site-packages/airflow/example_dags/example_trigger_controller_dag.py
[2025-03-07T02:41:41.475+0000] {processor.py:914} INFO - Processing file /home/Ashreem/airflow-env/lib/python3.12/site-packages/airflow/example_dags/example_trigger_controller_dag.py for tasks to queue
[2025-03-07T02:41:41.479+0000] {logging_mixin.py:190} INFO - [2025-03-07T02:41:41.479+0000] {dagbag.py:588} INFO - Filling up the DagBag from /home/Ashreem/airflow-env/lib/python3.12/site-packages/airflow/example_dags/example_trigger_controller_dag.py
[2025-03-07T02:41:41.488+0000] {processor.py:925} INFO - DAG(s) 'example_trigger_controller_dag' retrieved from /home/Ashreem/airflow-env/lib/python3.12/site-packages/airflow/example_dags/example_trigger_controller_dag.py
[2025-03-07T02:41:41.509+0000] {logging_mixin.py:190} INFO - [2025-03-07T02:41:41.508+0000] {dag.py:3239} INFO - Sync 1 DAGs
[2025-03-07T02:41:41.538+0000] {logging_mixin.py:190} INFO - [2025-03-07T02:41:41.537+0000] {dag.py:4180} INFO - Setting next_dagrun for example_trigger_controller_dag to 2021-01-01 00:00:00+00:00, run_after=2021-01-01 00:00:00+00:00
[2025-03-07T02:41:41.574+0000] {processor.py:208} INFO - Processing /home/Ashreem/airflow-env/lib/python3.12/site-packages/airflow/example_dags/example_trigger_controller_dag.py took 0.108 seconds
[2025-03-07T02:42:45.862+0000] {processor.py:186} INFO - Started process (PID=46941) to work on /home/Ashreem/airflow-env/lib/python3.12/site-packages/airflow/example_dags/example_trigger_controller_dag.py
[2025-03-07T02:42:45.864+0000] {processor.py:914} INFO - Processing file /home/Ashreem/airflow-env/lib/python3.12/site-packages/airflow/example_dags/example_trigger_controller_dag.py for tasks to queue
[2025-03-07T02:42:45.867+0000] {logging_mixin.py:190} INFO - [2025-03-07T02:42:45.867+0000] {dagbag.py:588} INFO - Filling up the DagBag from /home/Ashreem/airflow-env/lib/python3.12/site-packages/airflow/example_dags/example_trigger_controller_dag.py
[2025-03-07T02:42:45.878+0000] {processor.py:925} INFO - DAG(s) 'example_trigger_controller_dag' retrieved from /home/Ashreem/airflow-env/lib/python3.12/site-packages/airflow/example_dags/example_trigger_controller_dag.py
[2025-03-07T02:42:45.903+0000] {logging_mixin.py:190} INFO - [2025-03-07T02:42:45.903+0000] {dag.py:3239} INFO - Sync 1 DAGs
[2025-03-07T02:42:45.932+0000] {logging_mixin.py:190} INFO - [2025-03-07T02:42:45.931+0000] {dag.py:4180} INFO - Setting next_dagrun for example_trigger_controller_dag to 2021-01-01 00:00:00+00:00, run_after=2021-01-01 00:00:00+00:00
[2025-03-07T02:42:45.969+0000] {processor.py:208} INFO - Processing /home/Ashreem/airflow-env/lib/python3.12/site-packages/airflow/example_dags/example_trigger_controller_dag.py took 0.115 seconds
[2025-03-07T02:43:50.025+0000] {processor.py:186} INFO - Started process (PID=47014) to work on /home/Ashreem/airflow-env/lib/python3.12/site-packages/airflow/example_dags/example_trigger_controller_dag.py
[2025-03-07T02:43:50.027+0000] {processor.py:914} INFO - Processing file /home/Ashreem/airflow-env/lib/python3.12/site-packages/airflow/example_dags/example_trigger_controller_dag.py for tasks to queue
[2025-03-07T02:43:50.030+0000] {logging_mixin.py:190} INFO - [2025-03-07T02:43:50.029+0000] {dagbag.py:588} INFO - Filling up the DagBag from /home/Ashreem/airflow-env/lib/python3.12/site-packages/airflow/example_dags/example_trigger_controller_dag.py
[2025-03-07T02:43:50.042+0000] {processor.py:925} INFO - DAG(s) 'example_trigger_controller_dag' retrieved from /home/Ashreem/airflow-env/lib/python3.12/site-packages/airflow/example_dags/example_trigger_controller_dag.py
[2025-03-07T02:43:50.062+0000] {logging_mixin.py:190} INFO - [2025-03-07T02:43:50.062+0000] {dag.py:3239} INFO - Sync 1 DAGs
[2025-03-07T02:43:50.089+0000] {logging_mixin.py:190} INFO - [2025-03-07T02:43:50.089+0000] {dag.py:4180} INFO - Setting next_dagrun for example_trigger_controller_dag to 2021-01-01 00:00:00+00:00, run_after=2021-01-01 00:00:00+00:00
[2025-03-07T02:43:50.132+0000] {processor.py:208} INFO - Processing /home/Ashreem/airflow-env/lib/python3.12/site-packages/airflow/example_dags/example_trigger_controller_dag.py took 0.114 seconds
[2025-03-07T02:44:51.547+0000] {processor.py:186} INFO - Started process (PID=47089) to work on /home/Ashreem/airflow-env/lib/python3.12/site-packages/airflow/example_dags/example_trigger_controller_dag.py
[2025-03-07T02:44:51.550+0000] {processor.py:914} INFO - Processing file /home/Ashreem/airflow-env/lib/python3.12/site-packages/airflow/example_dags/example_trigger_controller_dag.py for tasks to queue
[2025-03-07T02:44:51.553+0000] {logging_mixin.py:190} INFO - [2025-03-07T02:44:51.553+0000] {dagbag.py:588} INFO - Filling up the DagBag from /home/Ashreem/airflow-env/lib/python3.12/site-packages/airflow/example_dags/example_trigger_controller_dag.py
[2025-03-07T02:44:51.563+0000] {processor.py:925} INFO - DAG(s) 'example_trigger_controller_dag' retrieved from /home/Ashreem/airflow-env/lib/python3.12/site-packages/airflow/example_dags/example_trigger_controller_dag.py
[2025-03-07T02:44:51.584+0000] {logging_mixin.py:190} INFO - [2025-03-07T02:44:51.583+0000] {dag.py:3239} INFO - Sync 1 DAGs
[2025-03-07T02:44:51.612+0000] {logging_mixin.py:190} INFO - [2025-03-07T02:44:51.612+0000] {dag.py:4180} INFO - Setting next_dagrun for example_trigger_controller_dag to 2021-01-01 00:00:00+00:00, run_after=2021-01-01 00:00:00+00:00
[2025-03-07T02:44:51.651+0000] {processor.py:208} INFO - Processing /home/Ashreem/airflow-env/lib/python3.12/site-packages/airflow/example_dags/example_trigger_controller_dag.py took 0.113 seconds
[2025-03-07T02:45:54.625+0000] {processor.py:186} INFO - Started process (PID=47159) to work on /home/Ashreem/airflow-env/lib/python3.12/site-packages/airflow/example_dags/example_trigger_controller_dag.py
[2025-03-07T02:45:54.626+0000] {processor.py:914} INFO - Processing file /home/Ashreem/airflow-env/lib/python3.12/site-packages/airflow/example_dags/example_trigger_controller_dag.py for tasks to queue
[2025-03-07T02:45:54.630+0000] {logging_mixin.py:190} INFO - [2025-03-07T02:45:54.630+0000] {dagbag.py:588} INFO - Filling up the DagBag from /home/Ashreem/airflow-env/lib/python3.12/site-packages/airflow/example_dags/example_trigger_controller_dag.py
[2025-03-07T02:45:54.639+0000] {processor.py:925} INFO - DAG(s) 'example_trigger_controller_dag' retrieved from /home/Ashreem/airflow-env/lib/python3.12/site-packages/airflow/example_dags/example_trigger_controller_dag.py
[2025-03-07T02:45:54.659+0000] {logging_mixin.py:190} INFO - [2025-03-07T02:45:54.659+0000] {dag.py:3239} INFO - Sync 1 DAGs
[2025-03-07T02:45:54.685+0000] {logging_mixin.py:190} INFO - [2025-03-07T02:45:54.685+0000] {dag.py:4180} INFO - Setting next_dagrun for example_trigger_controller_dag to 2021-01-01 00:00:00+00:00, run_after=2021-01-01 00:00:00+00:00
[2025-03-07T02:45:54.723+0000] {processor.py:208} INFO - Processing /home/Ashreem/airflow-env/lib/python3.12/site-packages/airflow/example_dags/example_trigger_controller_dag.py took 0.105 seconds
[2025-03-07T02:46:57.628+0000] {processor.py:186} INFO - Started process (PID=47220) to work on /home/Ashreem/airflow-env/lib/python3.12/site-packages/airflow/example_dags/example_trigger_controller_dag.py
[2025-03-07T02:46:57.630+0000] {processor.py:914} INFO - Processing file /home/Ashreem/airflow-env/lib/python3.12/site-packages/airflow/example_dags/example_trigger_controller_dag.py for tasks to queue
[2025-03-07T02:46:57.632+0000] {logging_mixin.py:190} INFO - [2025-03-07T02:46:57.632+0000] {dagbag.py:588} INFO - Filling up the DagBag from /home/Ashreem/airflow-env/lib/python3.12/site-packages/airflow/example_dags/example_trigger_controller_dag.py
[2025-03-07T02:46:57.642+0000] {processor.py:925} INFO - DAG(s) 'example_trigger_controller_dag' retrieved from /home/Ashreem/airflow-env/lib/python3.12/site-packages/airflow/example_dags/example_trigger_controller_dag.py
[2025-03-07T02:46:57.664+0000] {logging_mixin.py:190} INFO - [2025-03-07T02:46:57.663+0000] {dag.py:3239} INFO - Sync 1 DAGs
[2025-03-07T02:46:57.691+0000] {logging_mixin.py:190} INFO - [2025-03-07T02:46:57.690+0000] {dag.py:4180} INFO - Setting next_dagrun for example_trigger_controller_dag to 2021-01-01 00:00:00+00:00, run_after=2021-01-01 00:00:00+00:00
[2025-03-07T02:46:57.732+0000] {processor.py:208} INFO - Processing /home/Ashreem/airflow-env/lib/python3.12/site-packages/airflow/example_dags/example_trigger_controller_dag.py took 0.112 seconds
[2025-03-07T02:48:03.232+0000] {processor.py:186} INFO - Started process (PID=47282) to work on /home/Ashreem/airflow-env/lib/python3.12/site-packages/airflow/example_dags/example_trigger_controller_dag.py
[2025-03-07T02:48:03.233+0000] {processor.py:914} INFO - Processing file /home/Ashreem/airflow-env/lib/python3.12/site-packages/airflow/example_dags/example_trigger_controller_dag.py for tasks to queue
[2025-03-07T02:48:03.237+0000] {logging_mixin.py:190} INFO - [2025-03-07T02:48:03.237+0000] {dagbag.py:588} INFO - Filling up the DagBag from /home/Ashreem/airflow-env/lib/python3.12/site-packages/airflow/example_dags/example_trigger_controller_dag.py
[2025-03-07T02:48:03.248+0000] {processor.py:925} INFO - DAG(s) 'example_trigger_controller_dag' retrieved from /home/Ashreem/airflow-env/lib/python3.12/site-packages/airflow/example_dags/example_trigger_controller_dag.py
[2025-03-07T02:48:03.270+0000] {logging_mixin.py:190} INFO - [2025-03-07T02:48:03.269+0000] {dag.py:3239} INFO - Sync 1 DAGs
[2025-03-07T02:48:03.294+0000] {logging_mixin.py:190} INFO - [2025-03-07T02:48:03.294+0000] {dag.py:4180} INFO - Setting next_dagrun for example_trigger_controller_dag to 2021-01-01 00:00:00+00:00, run_after=2021-01-01 00:00:00+00:00
[2025-03-07T02:48:03.332+0000] {processor.py:208} INFO - Processing /home/Ashreem/airflow-env/lib/python3.12/site-packages/airflow/example_dags/example_trigger_controller_dag.py took 0.109 seconds
[2025-03-07T02:49:11.573+0000] {processor.py:186} INFO - Started process (PID=47363) to work on /home/Ashreem/airflow-env/lib/python3.12/site-packages/airflow/example_dags/example_trigger_controller_dag.py
[2025-03-07T02:49:11.574+0000] {processor.py:914} INFO - Processing file /home/Ashreem/airflow-env/lib/python3.12/site-packages/airflow/example_dags/example_trigger_controller_dag.py for tasks to queue
[2025-03-07T02:49:11.577+0000] {logging_mixin.py:190} INFO - [2025-03-07T02:49:11.577+0000] {dagbag.py:588} INFO - Filling up the DagBag from /home/Ashreem/airflow-env/lib/python3.12/site-packages/airflow/example_dags/example_trigger_controller_dag.py
[2025-03-07T02:49:11.591+0000] {processor.py:925} INFO - DAG(s) 'example_trigger_controller_dag' retrieved from /home/Ashreem/airflow-env/lib/python3.12/site-packages/airflow/example_dags/example_trigger_controller_dag.py
[2025-03-07T02:49:11.611+0000] {logging_mixin.py:190} INFO - [2025-03-07T02:49:11.610+0000] {dag.py:3239} INFO - Sync 1 DAGs
[2025-03-07T02:49:11.637+0000] {logging_mixin.py:190} INFO - [2025-03-07T02:49:11.637+0000] {dag.py:4180} INFO - Setting next_dagrun for example_trigger_controller_dag to 2021-01-01 00:00:00+00:00, run_after=2021-01-01 00:00:00+00:00
[2025-03-07T02:49:11.705+0000] {processor.py:208} INFO - Processing /home/Ashreem/airflow-env/lib/python3.12/site-packages/airflow/example_dags/example_trigger_controller_dag.py took 0.141 seconds
[2025-03-07T02:50:19.319+0000] {processor.py:186} INFO - Started process (PID=47441) to work on /home/Ashreem/airflow-env/lib/python3.12/site-packages/airflow/example_dags/example_trigger_controller_dag.py
[2025-03-07T02:50:19.321+0000] {processor.py:914} INFO - Processing file /home/Ashreem/airflow-env/lib/python3.12/site-packages/airflow/example_dags/example_trigger_controller_dag.py for tasks to queue
[2025-03-07T02:50:19.325+0000] {logging_mixin.py:190} INFO - [2025-03-07T02:50:19.324+0000] {dagbag.py:588} INFO - Filling up the DagBag from /home/Ashreem/airflow-env/lib/python3.12/site-packages/airflow/example_dags/example_trigger_controller_dag.py
[2025-03-07T02:50:19.334+0000] {processor.py:925} INFO - DAG(s) 'example_trigger_controller_dag' retrieved from /home/Ashreem/airflow-env/lib/python3.12/site-packages/airflow/example_dags/example_trigger_controller_dag.py
[2025-03-07T02:50:19.352+0000] {logging_mixin.py:190} INFO - [2025-03-07T02:50:19.352+0000] {dag.py:3239} INFO - Sync 1 DAGs
[2025-03-07T02:50:19.379+0000] {logging_mixin.py:190} INFO - [2025-03-07T02:50:19.378+0000] {dag.py:4180} INFO - Setting next_dagrun for example_trigger_controller_dag to 2021-01-01 00:00:00+00:00, run_after=2021-01-01 00:00:00+00:00
[2025-03-07T02:50:19.419+0000] {processor.py:208} INFO - Processing /home/Ashreem/airflow-env/lib/python3.12/site-packages/airflow/example_dags/example_trigger_controller_dag.py took 0.110 seconds
[2025-03-07T02:51:18.326+0000] {processor.py:186} INFO - Started process (PID=47501) to work on /home/Ashreem/airflow-env/lib/python3.12/site-packages/airflow/example_dags/example_trigger_controller_dag.py
[2025-03-07T02:51:18.327+0000] {processor.py:914} INFO - Processing file /home/Ashreem/airflow-env/lib/python3.12/site-packages/airflow/example_dags/example_trigger_controller_dag.py for tasks to queue
[2025-03-07T02:51:18.330+0000] {logging_mixin.py:190} INFO - [2025-03-07T02:51:18.330+0000] {dagbag.py:588} INFO - Filling up the DagBag from /home/Ashreem/airflow-env/lib/python3.12/site-packages/airflow/example_dags/example_trigger_controller_dag.py
[2025-03-07T02:51:18.339+0000] {processor.py:925} INFO - DAG(s) 'example_trigger_controller_dag' retrieved from /home/Ashreem/airflow-env/lib/python3.12/site-packages/airflow/example_dags/example_trigger_controller_dag.py
[2025-03-07T02:51:18.359+0000] {logging_mixin.py:190} INFO - [2025-03-07T02:51:18.359+0000] {dag.py:3239} INFO - Sync 1 DAGs
[2025-03-07T02:51:18.385+0000] {logging_mixin.py:190} INFO - [2025-03-07T02:51:18.385+0000] {dag.py:4180} INFO - Setting next_dagrun for example_trigger_controller_dag to 2021-01-01 00:00:00+00:00, run_after=2021-01-01 00:00:00+00:00
[2025-03-07T02:51:18.427+0000] {processor.py:208} INFO - Processing /home/Ashreem/airflow-env/lib/python3.12/site-packages/airflow/example_dags/example_trigger_controller_dag.py took 0.108 seconds
[2025-03-07T02:52:24.657+0000] {processor.py:186} INFO - Started process (PID=47568) to work on /home/Ashreem/airflow-env/lib/python3.12/site-packages/airflow/example_dags/example_trigger_controller_dag.py
[2025-03-07T02:52:24.659+0000] {processor.py:914} INFO - Processing file /home/Ashreem/airflow-env/lib/python3.12/site-packages/airflow/example_dags/example_trigger_controller_dag.py for tasks to queue
[2025-03-07T02:52:24.662+0000] {logging_mixin.py:190} INFO - [2025-03-07T02:52:24.662+0000] {dagbag.py:588} INFO - Filling up the DagBag from /home/Ashreem/airflow-env/lib/python3.12/site-packages/airflow/example_dags/example_trigger_controller_dag.py
[2025-03-07T02:52:24.672+0000] {processor.py:925} INFO - DAG(s) 'example_trigger_controller_dag' retrieved from /home/Ashreem/airflow-env/lib/python3.12/site-packages/airflow/example_dags/example_trigger_controller_dag.py
[2025-03-07T02:52:24.690+0000] {logging_mixin.py:190} INFO - [2025-03-07T02:52:24.690+0000] {dag.py:3239} INFO - Sync 1 DAGs
[2025-03-07T02:52:24.715+0000] {logging_mixin.py:190} INFO - [2025-03-07T02:52:24.715+0000] {dag.py:4180} INFO - Setting next_dagrun for example_trigger_controller_dag to 2021-01-01 00:00:00+00:00, run_after=2021-01-01 00:00:00+00:00
[2025-03-07T02:52:24.756+0000] {processor.py:208} INFO - Processing /home/Ashreem/airflow-env/lib/python3.12/site-packages/airflow/example_dags/example_trigger_controller_dag.py took 0.107 seconds
[2025-03-07T02:53:28.358+0000] {processor.py:186} INFO - Started process (PID=47631) to work on /home/Ashreem/airflow-env/lib/python3.12/site-packages/airflow/example_dags/example_trigger_controller_dag.py
[2025-03-07T02:53:28.359+0000] {processor.py:914} INFO - Processing file /home/Ashreem/airflow-env/lib/python3.12/site-packages/airflow/example_dags/example_trigger_controller_dag.py for tasks to queue
[2025-03-07T02:53:28.365+0000] {logging_mixin.py:190} INFO - [2025-03-07T02:53:28.364+0000] {dagbag.py:588} INFO - Filling up the DagBag from /home/Ashreem/airflow-env/lib/python3.12/site-packages/airflow/example_dags/example_trigger_controller_dag.py
[2025-03-07T02:53:28.377+0000] {processor.py:925} INFO - DAG(s) 'example_trigger_controller_dag' retrieved from /home/Ashreem/airflow-env/lib/python3.12/site-packages/airflow/example_dags/example_trigger_controller_dag.py
[2025-03-07T02:53:28.394+0000] {logging_mixin.py:190} INFO - [2025-03-07T02:53:28.393+0000] {dag.py:3239} INFO - Sync 1 DAGs
[2025-03-07T02:53:28.422+0000] {logging_mixin.py:190} INFO - [2025-03-07T02:53:28.422+0000] {dag.py:4180} INFO - Setting next_dagrun for example_trigger_controller_dag to 2021-01-01 00:00:00+00:00, run_after=2021-01-01 00:00:00+00:00
[2025-03-07T02:53:28.462+0000] {processor.py:208} INFO - Processing /home/Ashreem/airflow-env/lib/python3.12/site-packages/airflow/example_dags/example_trigger_controller_dag.py took 0.111 seconds
[2025-03-07T02:54:30.837+0000] {processor.py:186} INFO - Started process (PID=47696) to work on /home/Ashreem/airflow-env/lib/python3.12/site-packages/airflow/example_dags/example_trigger_controller_dag.py
[2025-03-07T02:54:30.839+0000] {processor.py:914} INFO - Processing file /home/Ashreem/airflow-env/lib/python3.12/site-packages/airflow/example_dags/example_trigger_controller_dag.py for tasks to queue
[2025-03-07T02:54:30.843+0000] {logging_mixin.py:190} INFO - [2025-03-07T02:54:30.842+0000] {dagbag.py:588} INFO - Filling up the DagBag from /home/Ashreem/airflow-env/lib/python3.12/site-packages/airflow/example_dags/example_trigger_controller_dag.py
[2025-03-07T02:54:30.853+0000] {processor.py:925} INFO - DAG(s) 'example_trigger_controller_dag' retrieved from /home/Ashreem/airflow-env/lib/python3.12/site-packages/airflow/example_dags/example_trigger_controller_dag.py
[2025-03-07T02:54:30.873+0000] {logging_mixin.py:190} INFO - [2025-03-07T02:54:30.873+0000] {dag.py:3239} INFO - Sync 1 DAGs
[2025-03-07T02:54:30.902+0000] {logging_mixin.py:190} INFO - [2025-03-07T02:54:30.901+0000] {dag.py:4180} INFO - Setting next_dagrun for example_trigger_controller_dag to 2021-01-01 00:00:00+00:00, run_after=2021-01-01 00:00:00+00:00
[2025-03-07T02:54:30.943+0000] {processor.py:208} INFO - Processing /home/Ashreem/airflow-env/lib/python3.12/site-packages/airflow/example_dags/example_trigger_controller_dag.py took 0.114 seconds
[2025-03-07T02:55:32.647+0000] {processor.py:186} INFO - Started process (PID=47827) to work on /home/Ashreem/airflow-env/lib/python3.12/site-packages/airflow/example_dags/example_trigger_controller_dag.py
[2025-03-07T02:55:32.649+0000] {processor.py:914} INFO - Processing file /home/Ashreem/airflow-env/lib/python3.12/site-packages/airflow/example_dags/example_trigger_controller_dag.py for tasks to queue
[2025-03-07T02:55:32.653+0000] {logging_mixin.py:190} INFO - [2025-03-07T02:55:32.653+0000] {dagbag.py:588} INFO - Filling up the DagBag from /home/Ashreem/airflow-env/lib/python3.12/site-packages/airflow/example_dags/example_trigger_controller_dag.py
[2025-03-07T02:55:32.663+0000] {processor.py:925} INFO - DAG(s) 'example_trigger_controller_dag' retrieved from /home/Ashreem/airflow-env/lib/python3.12/site-packages/airflow/example_dags/example_trigger_controller_dag.py
[2025-03-07T02:55:32.682+0000] {logging_mixin.py:190} INFO - [2025-03-07T02:55:32.682+0000] {dag.py:3239} INFO - Sync 1 DAGs
[2025-03-07T02:55:32.709+0000] {logging_mixin.py:190} INFO - [2025-03-07T02:55:32.708+0000] {dag.py:4180} INFO - Setting next_dagrun for example_trigger_controller_dag to 2021-01-01 00:00:00+00:00, run_after=2021-01-01 00:00:00+00:00
[2025-03-07T02:55:32.748+0000] {processor.py:208} INFO - Processing /home/Ashreem/airflow-env/lib/python3.12/site-packages/airflow/example_dags/example_trigger_controller_dag.py took 0.108 seconds
[2025-03-07T02:56:33.285+0000] {processor.py:186} INFO - Started process (PID=47934) to work on /home/Ashreem/airflow-env/lib/python3.12/site-packages/airflow/example_dags/example_trigger_controller_dag.py
[2025-03-07T02:56:33.286+0000] {processor.py:914} INFO - Processing file /home/Ashreem/airflow-env/lib/python3.12/site-packages/airflow/example_dags/example_trigger_controller_dag.py for tasks to queue
[2025-03-07T02:56:33.289+0000] {logging_mixin.py:190} INFO - [2025-03-07T02:56:33.289+0000] {dagbag.py:588} INFO - Filling up the DagBag from /home/Ashreem/airflow-env/lib/python3.12/site-packages/airflow/example_dags/example_trigger_controller_dag.py
[2025-03-07T02:56:33.298+0000] {processor.py:925} INFO - DAG(s) 'example_trigger_controller_dag' retrieved from /home/Ashreem/airflow-env/lib/python3.12/site-packages/airflow/example_dags/example_trigger_controller_dag.py
[2025-03-07T02:56:33.320+0000] {logging_mixin.py:190} INFO - [2025-03-07T02:56:33.319+0000] {dag.py:3239} INFO - Sync 1 DAGs
[2025-03-07T02:56:33.351+0000] {logging_mixin.py:190} INFO - [2025-03-07T02:56:33.351+0000] {dag.py:4180} INFO - Setting next_dagrun for example_trigger_controller_dag to 2021-01-01 00:00:00+00:00, run_after=2021-01-01 00:00:00+00:00
[2025-03-07T02:56:33.387+0000] {processor.py:208} INFO - Processing /home/Ashreem/airflow-env/lib/python3.12/site-packages/airflow/example_dags/example_trigger_controller_dag.py took 0.111 seconds
[2025-03-07T02:56:38.380+0000] {processor.py:186} INFO - Started process (PID=47944) to work on /home/Ashreem/airflow-env/lib/python3.12/site-packages/airflow/example_dags/example_trigger_controller_dag.py
[2025-03-07T02:56:38.381+0000] {processor.py:914} INFO - Processing file /home/Ashreem/airflow-env/lib/python3.12/site-packages/airflow/example_dags/example_trigger_controller_dag.py for tasks to queue
[2025-03-07T02:56:38.384+0000] {logging_mixin.py:190} INFO - [2025-03-07T02:56:38.384+0000] {dagbag.py:588} INFO - Filling up the DagBag from /home/Ashreem/airflow-env/lib/python3.12/site-packages/airflow/example_dags/example_trigger_controller_dag.py
[2025-03-07T02:56:38.395+0000] {processor.py:925} INFO - DAG(s) 'example_trigger_controller_dag' retrieved from /home/Ashreem/airflow-env/lib/python3.12/site-packages/airflow/example_dags/example_trigger_controller_dag.py
[2025-03-07T02:56:38.416+0000] {logging_mixin.py:190} INFO - [2025-03-07T02:56:38.415+0000] {dag.py:3239} INFO - Sync 1 DAGs
[2025-03-07T02:56:38.442+0000] {logging_mixin.py:190} INFO - [2025-03-07T02:56:38.442+0000] {dag.py:4180} INFO - Setting next_dagrun for example_trigger_controller_dag to 2021-01-01 00:00:00+00:00, run_after=2021-01-01 00:00:00+00:00
[2025-03-07T02:56:38.476+0000] {processor.py:208} INFO - Processing /home/Ashreem/airflow-env/lib/python3.12/site-packages/airflow/example_dags/example_trigger_controller_dag.py took 0.105 seconds
[2025-03-07T02:57:42.292+0000] {processor.py:186} INFO - Started process (PID=48046) to work on /home/Ashreem/airflow-env/lib/python3.12/site-packages/airflow/example_dags/example_trigger_controller_dag.py
[2025-03-07T02:57:42.294+0000] {processor.py:914} INFO - Processing file /home/Ashreem/airflow-env/lib/python3.12/site-packages/airflow/example_dags/example_trigger_controller_dag.py for tasks to queue
[2025-03-07T02:57:42.297+0000] {logging_mixin.py:190} INFO - [2025-03-07T02:57:42.297+0000] {dagbag.py:588} INFO - Filling up the DagBag from /home/Ashreem/airflow-env/lib/python3.12/site-packages/airflow/example_dags/example_trigger_controller_dag.py
[2025-03-07T02:57:42.307+0000] {processor.py:925} INFO - DAG(s) 'example_trigger_controller_dag' retrieved from /home/Ashreem/airflow-env/lib/python3.12/site-packages/airflow/example_dags/example_trigger_controller_dag.py
[2025-03-07T02:57:42.331+0000] {logging_mixin.py:190} INFO - [2025-03-07T02:57:42.331+0000] {dag.py:3239} INFO - Sync 1 DAGs
[2025-03-07T02:57:42.357+0000] {logging_mixin.py:190} INFO - [2025-03-07T02:57:42.357+0000] {dag.py:4180} INFO - Setting next_dagrun for example_trigger_controller_dag to 2021-01-01 00:00:00+00:00, run_after=2021-01-01 00:00:00+00:00
[2025-03-07T02:57:42.394+0000] {processor.py:208} INFO - Processing /home/Ashreem/airflow-env/lib/python3.12/site-packages/airflow/example_dags/example_trigger_controller_dag.py took 0.109 seconds
[2025-03-07T02:58:47.473+0000] {processor.py:186} INFO - Started process (PID=48121) to work on /home/Ashreem/airflow-env/lib/python3.12/site-packages/airflow/example_dags/example_trigger_controller_dag.py
[2025-03-07T02:58:47.475+0000] {processor.py:914} INFO - Processing file /home/Ashreem/airflow-env/lib/python3.12/site-packages/airflow/example_dags/example_trigger_controller_dag.py for tasks to queue
[2025-03-07T02:58:47.478+0000] {logging_mixin.py:190} INFO - [2025-03-07T02:58:47.478+0000] {dagbag.py:588} INFO - Filling up the DagBag from /home/Ashreem/airflow-env/lib/python3.12/site-packages/airflow/example_dags/example_trigger_controller_dag.py
[2025-03-07T02:58:47.487+0000] {processor.py:925} INFO - DAG(s) 'example_trigger_controller_dag' retrieved from /home/Ashreem/airflow-env/lib/python3.12/site-packages/airflow/example_dags/example_trigger_controller_dag.py
[2025-03-07T02:58:47.506+0000] {logging_mixin.py:190} INFO - [2025-03-07T02:58:47.506+0000] {dag.py:3239} INFO - Sync 1 DAGs
[2025-03-07T02:58:47.534+0000] {logging_mixin.py:190} INFO - [2025-03-07T02:58:47.534+0000] {dag.py:4180} INFO - Setting next_dagrun for example_trigger_controller_dag to 2021-01-01 00:00:00+00:00, run_after=2021-01-01 00:00:00+00:00
[2025-03-07T02:58:47.571+0000] {processor.py:208} INFO - Processing /home/Ashreem/airflow-env/lib/python3.12/site-packages/airflow/example_dags/example_trigger_controller_dag.py took 0.110 seconds
[2025-03-07T02:59:53.766+0000] {processor.py:186} INFO - Started process (PID=48244) to work on /home/Ashreem/airflow-env/lib/python3.12/site-packages/airflow/example_dags/example_trigger_controller_dag.py
[2025-03-07T02:59:53.768+0000] {processor.py:914} INFO - Processing file /home/Ashreem/airflow-env/lib/python3.12/site-packages/airflow/example_dags/example_trigger_controller_dag.py for tasks to queue
[2025-03-07T02:59:53.775+0000] {logging_mixin.py:190} INFO - [2025-03-07T02:59:53.773+0000] {dagbag.py:588} INFO - Filling up the DagBag from /home/Ashreem/airflow-env/lib/python3.12/site-packages/airflow/example_dags/example_trigger_controller_dag.py
[2025-03-07T02:59:53.789+0000] {processor.py:925} INFO - DAG(s) 'example_trigger_controller_dag' retrieved from /home/Ashreem/airflow-env/lib/python3.12/site-packages/airflow/example_dags/example_trigger_controller_dag.py
[2025-03-07T02:59:53.817+0000] {logging_mixin.py:190} INFO - [2025-03-07T02:59:53.816+0000] {dag.py:3239} INFO - Sync 1 DAGs
[2025-03-07T02:59:53.858+0000] {logging_mixin.py:190} INFO - [2025-03-07T02:59:53.856+0000] {dag.py:4180} INFO - Setting next_dagrun for example_trigger_controller_dag to 2021-01-01 00:00:00+00:00, run_after=2021-01-01 00:00:00+00:00
[2025-03-07T02:59:53.909+0000] {processor.py:208} INFO - Processing /home/Ashreem/airflow-env/lib/python3.12/site-packages/airflow/example_dags/example_trigger_controller_dag.py took 0.157 seconds
[2025-03-07T03:01:00.899+0000] {processor.py:186} INFO - Started process (PID=48348) to work on /home/Ashreem/airflow-env/lib/python3.12/site-packages/airflow/example_dags/example_trigger_controller_dag.py
[2025-03-07T03:01:00.901+0000] {processor.py:914} INFO - Processing file /home/Ashreem/airflow-env/lib/python3.12/site-packages/airflow/example_dags/example_trigger_controller_dag.py for tasks to queue
[2025-03-07T03:01:00.905+0000] {logging_mixin.py:190} INFO - [2025-03-07T03:01:00.904+0000] {dagbag.py:588} INFO - Filling up the DagBag from /home/Ashreem/airflow-env/lib/python3.12/site-packages/airflow/example_dags/example_trigger_controller_dag.py
[2025-03-07T03:01:00.916+0000] {processor.py:925} INFO - DAG(s) 'example_trigger_controller_dag' retrieved from /home/Ashreem/airflow-env/lib/python3.12/site-packages/airflow/example_dags/example_trigger_controller_dag.py
[2025-03-07T03:01:00.938+0000] {logging_mixin.py:190} INFO - [2025-03-07T03:01:00.937+0000] {dag.py:3239} INFO - Sync 1 DAGs
[2025-03-07T03:01:00.961+0000] {logging_mixin.py:190} INFO - [2025-03-07T03:01:00.961+0000] {dag.py:4180} INFO - Setting next_dagrun for example_trigger_controller_dag to 2021-01-01 00:00:00+00:00, run_after=2021-01-01 00:00:00+00:00
[2025-03-07T03:01:01.000+0000] {processor.py:208} INFO - Processing /home/Ashreem/airflow-env/lib/python3.12/site-packages/airflow/example_dags/example_trigger_controller_dag.py took 0.109 seconds
[2025-03-07T03:02:01.791+0000] {processor.py:186} INFO - Started process (PID=48413) to work on /home/Ashreem/airflow-env/lib/python3.12/site-packages/airflow/example_dags/example_trigger_controller_dag.py
[2025-03-07T03:02:01.793+0000] {processor.py:914} INFO - Processing file /home/Ashreem/airflow-env/lib/python3.12/site-packages/airflow/example_dags/example_trigger_controller_dag.py for tasks to queue
[2025-03-07T03:02:01.796+0000] {logging_mixin.py:190} INFO - [2025-03-07T03:02:01.796+0000] {dagbag.py:588} INFO - Filling up the DagBag from /home/Ashreem/airflow-env/lib/python3.12/site-packages/airflow/example_dags/example_trigger_controller_dag.py
[2025-03-07T03:02:01.806+0000] {processor.py:925} INFO - DAG(s) 'example_trigger_controller_dag' retrieved from /home/Ashreem/airflow-env/lib/python3.12/site-packages/airflow/example_dags/example_trigger_controller_dag.py
[2025-03-07T03:02:01.825+0000] {logging_mixin.py:190} INFO - [2025-03-07T03:02:01.824+0000] {dag.py:3239} INFO - Sync 1 DAGs
[2025-03-07T03:02:01.856+0000] {logging_mixin.py:190} INFO - [2025-03-07T03:02:01.856+0000] {dag.py:4180} INFO - Setting next_dagrun for example_trigger_controller_dag to 2021-01-01 00:00:00+00:00, run_after=2021-01-01 00:00:00+00:00
[2025-03-07T03:02:01.895+0000] {processor.py:208} INFO - Processing /home/Ashreem/airflow-env/lib/python3.12/site-packages/airflow/example_dags/example_trigger_controller_dag.py took 0.113 seconds
[2025-03-07T03:03:02.636+0000] {processor.py:186} INFO - Started process (PID=48544) to work on /home/Ashreem/airflow-env/lib/python3.12/site-packages/airflow/example_dags/example_trigger_controller_dag.py
[2025-03-07T03:03:02.638+0000] {processor.py:914} INFO - Processing file /home/Ashreem/airflow-env/lib/python3.12/site-packages/airflow/example_dags/example_trigger_controller_dag.py for tasks to queue
[2025-03-07T03:03:02.641+0000] {logging_mixin.py:190} INFO - [2025-03-07T03:03:02.641+0000] {dagbag.py:588} INFO - Filling up the DagBag from /home/Ashreem/airflow-env/lib/python3.12/site-packages/airflow/example_dags/example_trigger_controller_dag.py
[2025-03-07T03:03:02.655+0000] {processor.py:925} INFO - DAG(s) 'example_trigger_controller_dag' retrieved from /home/Ashreem/airflow-env/lib/python3.12/site-packages/airflow/example_dags/example_trigger_controller_dag.py
[2025-03-07T03:03:02.677+0000] {logging_mixin.py:190} INFO - [2025-03-07T03:03:02.677+0000] {dag.py:3239} INFO - Sync 1 DAGs
[2025-03-07T03:03:02.707+0000] {logging_mixin.py:190} INFO - [2025-03-07T03:03:02.707+0000] {dag.py:4180} INFO - Setting next_dagrun for example_trigger_controller_dag to 2021-01-01 00:00:00+00:00, run_after=2021-01-01 00:00:00+00:00
[2025-03-07T03:03:02.743+0000] {processor.py:208} INFO - Processing /home/Ashreem/airflow-env/lib/python3.12/site-packages/airflow/example_dags/example_trigger_controller_dag.py took 0.116 seconds
[2025-03-07T03:03:48.099+0000] {processor.py:186} INFO - Started process (PID=48617) to work on /home/Ashreem/airflow-env/lib/python3.12/site-packages/airflow/example_dags/example_trigger_controller_dag.py
[2025-03-07T03:03:48.100+0000] {processor.py:914} INFO - Processing file /home/Ashreem/airflow-env/lib/python3.12/site-packages/airflow/example_dags/example_trigger_controller_dag.py for tasks to queue
[2025-03-07T03:03:48.104+0000] {logging_mixin.py:190} INFO - [2025-03-07T03:03:48.103+0000] {dagbag.py:588} INFO - Filling up the DagBag from /home/Ashreem/airflow-env/lib/python3.12/site-packages/airflow/example_dags/example_trigger_controller_dag.py
[2025-03-07T03:03:48.113+0000] {processor.py:925} INFO - DAG(s) 'example_trigger_controller_dag' retrieved from /home/Ashreem/airflow-env/lib/python3.12/site-packages/airflow/example_dags/example_trigger_controller_dag.py
[2025-03-07T03:03:48.134+0000] {logging_mixin.py:190} INFO - [2025-03-07T03:03:48.134+0000] {dag.py:3239} INFO - Sync 1 DAGs
[2025-03-07T03:03:48.162+0000] {logging_mixin.py:190} INFO - [2025-03-07T03:03:48.162+0000] {dag.py:4180} INFO - Setting next_dagrun for example_trigger_controller_dag to 2021-01-01 00:00:00+00:00, run_after=2021-01-01 00:00:00+00:00
[2025-03-07T03:03:48.208+0000] {processor.py:208} INFO - Processing /home/Ashreem/airflow-env/lib/python3.12/site-packages/airflow/example_dags/example_trigger_controller_dag.py took 0.117 seconds
[2025-03-07T03:04:50.599+0000] {processor.py:186} INFO - Started process (PID=48685) to work on /home/Ashreem/airflow-env/lib/python3.12/site-packages/airflow/example_dags/example_trigger_controller_dag.py
[2025-03-07T03:04:50.601+0000] {processor.py:914} INFO - Processing file /home/Ashreem/airflow-env/lib/python3.12/site-packages/airflow/example_dags/example_trigger_controller_dag.py for tasks to queue
[2025-03-07T03:04:50.603+0000] {logging_mixin.py:190} INFO - [2025-03-07T03:04:50.603+0000] {dagbag.py:588} INFO - Filling up the DagBag from /home/Ashreem/airflow-env/lib/python3.12/site-packages/airflow/example_dags/example_trigger_controller_dag.py
[2025-03-07T03:04:50.612+0000] {processor.py:925} INFO - DAG(s) 'example_trigger_controller_dag' retrieved from /home/Ashreem/airflow-env/lib/python3.12/site-packages/airflow/example_dags/example_trigger_controller_dag.py
[2025-03-07T03:04:50.634+0000] {logging_mixin.py:190} INFO - [2025-03-07T03:04:50.633+0000] {dag.py:3239} INFO - Sync 1 DAGs
[2025-03-07T03:04:50.657+0000] {logging_mixin.py:190} INFO - [2025-03-07T03:04:50.656+0000] {dag.py:4180} INFO - Setting next_dagrun for example_trigger_controller_dag to 2021-01-01 00:00:00+00:00, run_after=2021-01-01 00:00:00+00:00
[2025-03-07T03:04:50.696+0000] {processor.py:208} INFO - Processing /home/Ashreem/airflow-env/lib/python3.12/site-packages/airflow/example_dags/example_trigger_controller_dag.py took 0.104 seconds
[2025-03-07T03:05:50.694+0000] {processor.py:186} INFO - Started process (PID=48934) to work on /home/Ashreem/airflow-env/lib/python3.12/site-packages/airflow/example_dags/example_trigger_controller_dag.py
[2025-03-07T03:05:50.696+0000] {processor.py:914} INFO - Processing file /home/Ashreem/airflow-env/lib/python3.12/site-packages/airflow/example_dags/example_trigger_controller_dag.py for tasks to queue
[2025-03-07T03:05:50.700+0000] {logging_mixin.py:190} INFO - [2025-03-07T03:05:50.698+0000] {dagbag.py:588} INFO - Filling up the DagBag from /home/Ashreem/airflow-env/lib/python3.12/site-packages/airflow/example_dags/example_trigger_controller_dag.py
[2025-03-07T03:05:50.711+0000] {processor.py:925} INFO - DAG(s) 'example_trigger_controller_dag' retrieved from /home/Ashreem/airflow-env/lib/python3.12/site-packages/airflow/example_dags/example_trigger_controller_dag.py
[2025-03-07T03:05:50.732+0000] {logging_mixin.py:190} INFO - [2025-03-07T03:05:50.732+0000] {dag.py:3239} INFO - Sync 1 DAGs
[2025-03-07T03:05:50.760+0000] {logging_mixin.py:190} INFO - [2025-03-07T03:05:50.760+0000] {dag.py:4180} INFO - Setting next_dagrun for example_trigger_controller_dag to 2021-01-01 00:00:00+00:00, run_after=2021-01-01 00:00:00+00:00
[2025-03-07T03:05:50.799+0000] {processor.py:208} INFO - Processing /home/Ashreem/airflow-env/lib/python3.12/site-packages/airflow/example_dags/example_trigger_controller_dag.py took 0.113 seconds
[2025-03-07T03:06:57.658+0000] {processor.py:186} INFO - Started process (PID=49004) to work on /home/Ashreem/airflow-env/lib/python3.12/site-packages/airflow/example_dags/example_trigger_controller_dag.py
[2025-03-07T03:06:57.660+0000] {processor.py:914} INFO - Processing file /home/Ashreem/airflow-env/lib/python3.12/site-packages/airflow/example_dags/example_trigger_controller_dag.py for tasks to queue
[2025-03-07T03:06:57.662+0000] {logging_mixin.py:190} INFO - [2025-03-07T03:06:57.662+0000] {dagbag.py:588} INFO - Filling up the DagBag from /home/Ashreem/airflow-env/lib/python3.12/site-packages/airflow/example_dags/example_trigger_controller_dag.py
[2025-03-07T03:06:57.672+0000] {processor.py:925} INFO - DAG(s) 'example_trigger_controller_dag' retrieved from /home/Ashreem/airflow-env/lib/python3.12/site-packages/airflow/example_dags/example_trigger_controller_dag.py
[2025-03-07T03:06:57.691+0000] {logging_mixin.py:190} INFO - [2025-03-07T03:06:57.691+0000] {dag.py:3239} INFO - Sync 1 DAGs
[2025-03-07T03:06:57.719+0000] {logging_mixin.py:190} INFO - [2025-03-07T03:06:57.719+0000] {dag.py:4180} INFO - Setting next_dagrun for example_trigger_controller_dag to 2021-01-01 00:00:00+00:00, run_after=2021-01-01 00:00:00+00:00
[2025-03-07T03:06:57.756+0000] {processor.py:208} INFO - Processing /home/Ashreem/airflow-env/lib/python3.12/site-packages/airflow/example_dags/example_trigger_controller_dag.py took 0.105 seconds
[2025-03-07T03:08:03.873+0000] {processor.py:186} INFO - Started process (PID=49085) to work on /home/Ashreem/airflow-env/lib/python3.12/site-packages/airflow/example_dags/example_trigger_controller_dag.py
[2025-03-07T03:08:03.874+0000] {processor.py:914} INFO - Processing file /home/Ashreem/airflow-env/lib/python3.12/site-packages/airflow/example_dags/example_trigger_controller_dag.py for tasks to queue
[2025-03-07T03:08:03.878+0000] {logging_mixin.py:190} INFO - [2025-03-07T03:08:03.877+0000] {dagbag.py:588} INFO - Filling up the DagBag from /home/Ashreem/airflow-env/lib/python3.12/site-packages/airflow/example_dags/example_trigger_controller_dag.py
[2025-03-07T03:08:03.888+0000] {processor.py:925} INFO - DAG(s) 'example_trigger_controller_dag' retrieved from /home/Ashreem/airflow-env/lib/python3.12/site-packages/airflow/example_dags/example_trigger_controller_dag.py
[2025-03-07T03:08:03.909+0000] {logging_mixin.py:190} INFO - [2025-03-07T03:08:03.909+0000] {dag.py:3239} INFO - Sync 1 DAGs
[2025-03-07T03:08:03.936+0000] {logging_mixin.py:190} INFO - [2025-03-07T03:08:03.936+0000] {dag.py:4180} INFO - Setting next_dagrun for example_trigger_controller_dag to 2021-01-01 00:00:00+00:00, run_after=2021-01-01 00:00:00+00:00
[2025-03-07T03:08:03.972+0000] {processor.py:208} INFO - Processing /home/Ashreem/airflow-env/lib/python3.12/site-packages/airflow/example_dags/example_trigger_controller_dag.py took 0.107 seconds
[2025-03-07T03:09:06.365+0000] {processor.py:186} INFO - Started process (PID=49157) to work on /home/Ashreem/airflow-env/lib/python3.12/site-packages/airflow/example_dags/example_trigger_controller_dag.py
[2025-03-07T03:09:06.366+0000] {processor.py:914} INFO - Processing file /home/Ashreem/airflow-env/lib/python3.12/site-packages/airflow/example_dags/example_trigger_controller_dag.py for tasks to queue
[2025-03-07T03:09:06.369+0000] {logging_mixin.py:190} INFO - [2025-03-07T03:09:06.368+0000] {dagbag.py:588} INFO - Filling up the DagBag from /home/Ashreem/airflow-env/lib/python3.12/site-packages/airflow/example_dags/example_trigger_controller_dag.py
[2025-03-07T03:09:06.379+0000] {processor.py:925} INFO - DAG(s) 'example_trigger_controller_dag' retrieved from /home/Ashreem/airflow-env/lib/python3.12/site-packages/airflow/example_dags/example_trigger_controller_dag.py
[2025-03-07T03:09:06.398+0000] {logging_mixin.py:190} INFO - [2025-03-07T03:09:06.398+0000] {dag.py:3239} INFO - Sync 1 DAGs
[2025-03-07T03:09:06.427+0000] {logging_mixin.py:190} INFO - [2025-03-07T03:09:06.426+0000] {dag.py:4180} INFO - Setting next_dagrun for example_trigger_controller_dag to 2021-01-01 00:00:00+00:00, run_after=2021-01-01 00:00:00+00:00
[2025-03-07T03:09:06.464+0000] {processor.py:208} INFO - Processing /home/Ashreem/airflow-env/lib/python3.12/site-packages/airflow/example_dags/example_trigger_controller_dag.py took 0.108 seconds
[2025-03-07T03:10:06.451+0000] {processor.py:186} INFO - Started process (PID=49219) to work on /home/Ashreem/airflow-env/lib/python3.12/site-packages/airflow/example_dags/example_trigger_controller_dag.py
[2025-03-07T03:10:06.453+0000] {processor.py:914} INFO - Processing file /home/Ashreem/airflow-env/lib/python3.12/site-packages/airflow/example_dags/example_trigger_controller_dag.py for tasks to queue
[2025-03-07T03:10:06.455+0000] {logging_mixin.py:190} INFO - [2025-03-07T03:10:06.455+0000] {dagbag.py:588} INFO - Filling up the DagBag from /home/Ashreem/airflow-env/lib/python3.12/site-packages/airflow/example_dags/example_trigger_controller_dag.py
[2025-03-07T03:10:06.465+0000] {processor.py:925} INFO - DAG(s) 'example_trigger_controller_dag' retrieved from /home/Ashreem/airflow-env/lib/python3.12/site-packages/airflow/example_dags/example_trigger_controller_dag.py
[2025-03-07T03:10:06.485+0000] {logging_mixin.py:190} INFO - [2025-03-07T03:10:06.484+0000] {dag.py:3239} INFO - Sync 1 DAGs
[2025-03-07T03:10:06.511+0000] {logging_mixin.py:190} INFO - [2025-03-07T03:10:06.510+0000] {dag.py:4180} INFO - Setting next_dagrun for example_trigger_controller_dag to 2021-01-01 00:00:00+00:00, run_after=2021-01-01 00:00:00+00:00
[2025-03-07T03:10:06.551+0000] {processor.py:208} INFO - Processing /home/Ashreem/airflow-env/lib/python3.12/site-packages/airflow/example_dags/example_trigger_controller_dag.py took 0.107 seconds
