[2025-03-07T02:30:56.578+0000] {processor.py:186} INFO - Started process (PID=46003) to work on /home/Ashreem/airflow-env/lib/python3.12/site-packages/airflow/example_dags/example_dynamic_task_mapping_with_no_taskflow_operators.py
[2025-03-07T02:30:56.579+0000] {processor.py:914} INFO - Processing file /home/Ashreem/airflow-env/lib/python3.12/site-packages/airflow/example_dags/example_dynamic_task_mapping_with_no_taskflow_operators.py for tasks to queue
[2025-03-07T02:30:56.582+0000] {logging_mixin.py:190} INFO - [2025-03-07T02:30:56.582+0000] {dagbag.py:588} INFO - Filling up the DagBag from /home/Ashreem/airflow-env/lib/python3.12/site-packages/airflow/example_dags/example_dynamic_task_mapping_with_no_taskflow_operators.py
[2025-03-07T02:30:56.595+0000] {processor.py:925} INFO - DAG(s) 'example_dynamic_task_mapping_with_no_taskflow_operators' retrieved from /home/Ashreem/airflow-env/lib/python3.12/site-packages/airflow/example_dags/example_dynamic_task_mapping_with_no_taskflow_operators.py
[2025-03-07T02:30:56.757+0000] {logging_mixin.py:190} INFO - [2025-03-07T02:30:56.756+0000] {override.py:1930} INFO - Created Permission View: can read on DAG:example_dynamic_task_mapping_with_no_taskflow_operators
[2025-03-07T02:30:56.782+0000] {logging_mixin.py:190} INFO - [2025-03-07T02:30:56.781+0000] {override.py:1930} INFO - Created Permission View: can delete on DAG:example_dynamic_task_mapping_with_no_taskflow_operators
[2025-03-07T02:30:56.803+0000] {logging_mixin.py:190} INFO - [2025-03-07T02:30:56.802+0000] {override.py:1930} INFO - Created Permission View: can edit on DAG:example_dynamic_task_mapping_with_no_taskflow_operators
[2025-03-07T02:30:56.846+0000] {logging_mixin.py:190} INFO - [2025-03-07T02:30:56.846+0000] {override.py:1930} INFO - Created Permission View: can read on DAG Run:example_dynamic_task_mapping_with_no_taskflow_operators
[2025-03-07T02:30:56.869+0000] {logging_mixin.py:190} INFO - [2025-03-07T02:30:56.868+0000] {override.py:1930} INFO - Created Permission View: can delete on DAG Run:example_dynamic_task_mapping_with_no_taskflow_operators
[2025-03-07T02:30:56.890+0000] {logging_mixin.py:190} INFO - [2025-03-07T02:30:56.890+0000] {override.py:1930} INFO - Created Permission View: menu access on DAG Run:example_dynamic_task_mapping_with_no_taskflow_operators
[2025-03-07T02:30:56.912+0000] {logging_mixin.py:190} INFO - [2025-03-07T02:30:56.912+0000] {override.py:1930} INFO - Created Permission View: can create on DAG Run:example_dynamic_task_mapping_with_no_taskflow_operators
[2025-03-07T02:30:56.913+0000] {logging_mixin.py:190} INFO - [2025-03-07T02:30:56.913+0000] {dag.py:3239} INFO - Sync 1 DAGs
[2025-03-07T02:30:56.929+0000] {logging_mixin.py:190} INFO - [2025-03-07T02:30:56.929+0000] {dag.py:3262} INFO - Creating ORM DAG for example_dynamic_task_mapping_with_no_taskflow_operators
[2025-03-07T02:30:56.930+0000] {logging_mixin.py:190} INFO - [2025-03-07T02:30:56.930+0000] {dag.py:4180} INFO - Setting next_dagrun for example_dynamic_task_mapping_with_no_taskflow_operators to None, run_after=None
[2025-03-07T02:30:56.970+0000] {processor.py:208} INFO - Processing /home/Ashreem/airflow-env/lib/python3.12/site-packages/airflow/example_dags/example_dynamic_task_mapping_with_no_taskflow_operators.py took 0.398 seconds
[2025-03-07T02:33:30.927+0000] {processor.py:186} INFO - Started process (PID=46110) to work on /home/Ashreem/airflow-env/lib/python3.12/site-packages/airflow/example_dags/example_dynamic_task_mapping_with_no_taskflow_operators.py
[2025-03-07T02:33:30.929+0000] {processor.py:914} INFO - Processing file /home/Ashreem/airflow-env/lib/python3.12/site-packages/airflow/example_dags/example_dynamic_task_mapping_with_no_taskflow_operators.py for tasks to queue
[2025-03-07T02:33:30.932+0000] {logging_mixin.py:190} INFO - [2025-03-07T02:33:30.931+0000] {dagbag.py:588} INFO - Filling up the DagBag from /home/Ashreem/airflow-env/lib/python3.12/site-packages/airflow/example_dags/example_dynamic_task_mapping_with_no_taskflow_operators.py
[2025-03-07T02:33:30.942+0000] {processor.py:925} INFO - DAG(s) 'example_dynamic_task_mapping_with_no_taskflow_operators' retrieved from /home/Ashreem/airflow-env/lib/python3.12/site-packages/airflow/example_dags/example_dynamic_task_mapping_with_no_taskflow_operators.py
[2025-03-07T02:33:30.963+0000] {logging_mixin.py:190} INFO - [2025-03-07T02:33:30.962+0000] {dag.py:3239} INFO - Sync 1 DAGs
[2025-03-07T02:33:30.978+0000] {logging_mixin.py:190} INFO - [2025-03-07T02:33:30.978+0000] {dag.py:4180} INFO - Setting next_dagrun for example_dynamic_task_mapping_with_no_taskflow_operators to None, run_after=None
[2025-03-07T02:33:31.022+0000] {processor.py:208} INFO - Processing /home/Ashreem/airflow-env/lib/python3.12/site-packages/airflow/example_dags/example_dynamic_task_mapping_with_no_taskflow_operators.py took 0.102 seconds
[2025-03-07T02:34:44.066+0000] {processor.py:186} INFO - Started process (PID=46447) to work on /home/Ashreem/airflow-env/lib/python3.12/site-packages/airflow/example_dags/example_dynamic_task_mapping_with_no_taskflow_operators.py
[2025-03-07T02:34:44.067+0000] {processor.py:914} INFO - Processing file /home/Ashreem/airflow-env/lib/python3.12/site-packages/airflow/example_dags/example_dynamic_task_mapping_with_no_taskflow_operators.py for tasks to queue
[2025-03-07T02:34:44.071+0000] {logging_mixin.py:190} INFO - [2025-03-07T02:34:44.071+0000] {dagbag.py:588} INFO - Filling up the DagBag from /home/Ashreem/airflow-env/lib/python3.12/site-packages/airflow/example_dags/example_dynamic_task_mapping_with_no_taskflow_operators.py
[2025-03-07T02:34:44.083+0000] {processor.py:925} INFO - DAG(s) 'example_dynamic_task_mapping_with_no_taskflow_operators' retrieved from /home/Ashreem/airflow-env/lib/python3.12/site-packages/airflow/example_dags/example_dynamic_task_mapping_with_no_taskflow_operators.py
[2025-03-07T02:34:44.102+0000] {logging_mixin.py:190} INFO - [2025-03-07T02:34:44.101+0000] {dag.py:3239} INFO - Sync 1 DAGs
[2025-03-07T02:34:44.118+0000] {logging_mixin.py:190} INFO - [2025-03-07T02:34:44.118+0000] {dag.py:4180} INFO - Setting next_dagrun for example_dynamic_task_mapping_with_no_taskflow_operators to None, run_after=None
[2025-03-07T02:34:44.160+0000] {processor.py:208} INFO - Processing /home/Ashreem/airflow-env/lib/python3.12/site-packages/airflow/example_dags/example_dynamic_task_mapping_with_no_taskflow_operators.py took 0.102 seconds
[2025-03-07T02:35:48.470+0000] {processor.py:186} INFO - Started process (PID=46513) to work on /home/Ashreem/airflow-env/lib/python3.12/site-packages/airflow/example_dags/example_dynamic_task_mapping_with_no_taskflow_operators.py
[2025-03-07T02:35:48.472+0000] {processor.py:914} INFO - Processing file /home/Ashreem/airflow-env/lib/python3.12/site-packages/airflow/example_dags/example_dynamic_task_mapping_with_no_taskflow_operators.py for tasks to queue
[2025-03-07T02:35:48.475+0000] {logging_mixin.py:190} INFO - [2025-03-07T02:35:48.474+0000] {dagbag.py:588} INFO - Filling up the DagBag from /home/Ashreem/airflow-env/lib/python3.12/site-packages/airflow/example_dags/example_dynamic_task_mapping_with_no_taskflow_operators.py
[2025-03-07T02:35:48.487+0000] {processor.py:925} INFO - DAG(s) 'example_dynamic_task_mapping_with_no_taskflow_operators' retrieved from /home/Ashreem/airflow-env/lib/python3.12/site-packages/airflow/example_dags/example_dynamic_task_mapping_with_no_taskflow_operators.py
[2025-03-07T02:35:48.506+0000] {logging_mixin.py:190} INFO - [2025-03-07T02:35:48.506+0000] {dag.py:3239} INFO - Sync 1 DAGs
[2025-03-07T02:35:48.523+0000] {logging_mixin.py:190} INFO - [2025-03-07T02:35:48.523+0000] {dag.py:4180} INFO - Setting next_dagrun for example_dynamic_task_mapping_with_no_taskflow_operators to None, run_after=None
[2025-03-07T02:35:48.563+0000] {processor.py:208} INFO - Processing /home/Ashreem/airflow-env/lib/python3.12/site-packages/airflow/example_dags/example_dynamic_task_mapping_with_no_taskflow_operators.py took 0.103 seconds
[2025-03-07T02:36:56.058+0000] {processor.py:186} INFO - Started process (PID=46583) to work on /home/Ashreem/airflow-env/lib/python3.12/site-packages/airflow/example_dags/example_dynamic_task_mapping_with_no_taskflow_operators.py
[2025-03-07T02:36:56.059+0000] {processor.py:914} INFO - Processing file /home/Ashreem/airflow-env/lib/python3.12/site-packages/airflow/example_dags/example_dynamic_task_mapping_with_no_taskflow_operators.py for tasks to queue
[2025-03-07T02:36:56.062+0000] {logging_mixin.py:190} INFO - [2025-03-07T02:36:56.061+0000] {dagbag.py:588} INFO - Filling up the DagBag from /home/Ashreem/airflow-env/lib/python3.12/site-packages/airflow/example_dags/example_dynamic_task_mapping_with_no_taskflow_operators.py
[2025-03-07T02:36:56.072+0000] {processor.py:925} INFO - DAG(s) 'example_dynamic_task_mapping_with_no_taskflow_operators' retrieved from /home/Ashreem/airflow-env/lib/python3.12/site-packages/airflow/example_dags/example_dynamic_task_mapping_with_no_taskflow_operators.py
[2025-03-07T02:36:56.090+0000] {logging_mixin.py:190} INFO - [2025-03-07T02:36:56.089+0000] {dag.py:3239} INFO - Sync 1 DAGs
[2025-03-07T02:36:56.105+0000] {logging_mixin.py:190} INFO - [2025-03-07T02:36:56.105+0000] {dag.py:4180} INFO - Setting next_dagrun for example_dynamic_task_mapping_with_no_taskflow_operators to None, run_after=None
[2025-03-07T02:36:56.149+0000] {processor.py:208} INFO - Processing /home/Ashreem/airflow-env/lib/python3.12/site-packages/airflow/example_dags/example_dynamic_task_mapping_with_no_taskflow_operators.py took 0.099 seconds
[2025-03-07T02:37:57.959+0000] {processor.py:186} INFO - Started process (PID=46643) to work on /home/Ashreem/airflow-env/lib/python3.12/site-packages/airflow/example_dags/example_dynamic_task_mapping_with_no_taskflow_operators.py
[2025-03-07T02:37:57.961+0000] {processor.py:914} INFO - Processing file /home/Ashreem/airflow-env/lib/python3.12/site-packages/airflow/example_dags/example_dynamic_task_mapping_with_no_taskflow_operators.py for tasks to queue
[2025-03-07T02:37:57.965+0000] {logging_mixin.py:190} INFO - [2025-03-07T02:37:57.964+0000] {dagbag.py:588} INFO - Filling up the DagBag from /home/Ashreem/airflow-env/lib/python3.12/site-packages/airflow/example_dags/example_dynamic_task_mapping_with_no_taskflow_operators.py
[2025-03-07T02:37:57.982+0000] {processor.py:925} INFO - DAG(s) 'example_dynamic_task_mapping_with_no_taskflow_operators' retrieved from /home/Ashreem/airflow-env/lib/python3.12/site-packages/airflow/example_dags/example_dynamic_task_mapping_with_no_taskflow_operators.py
[2025-03-07T02:37:58.008+0000] {logging_mixin.py:190} INFO - [2025-03-07T02:37:58.008+0000] {dag.py:3239} INFO - Sync 1 DAGs
[2025-03-07T02:37:58.026+0000] {logging_mixin.py:190} INFO - [2025-03-07T02:37:58.026+0000] {dag.py:4180} INFO - Setting next_dagrun for example_dynamic_task_mapping_with_no_taskflow_operators to None, run_after=None
[2025-03-07T02:37:58.064+0000] {processor.py:208} INFO - Processing /home/Ashreem/airflow-env/lib/python3.12/site-packages/airflow/example_dags/example_dynamic_task_mapping_with_no_taskflow_operators.py took 0.118 seconds
[2025-03-07T02:39:01.979+0000] {processor.py:186} INFO - Started process (PID=46713) to work on /home/Ashreem/airflow-env/lib/python3.12/site-packages/airflow/example_dags/example_dynamic_task_mapping_with_no_taskflow_operators.py
[2025-03-07T02:39:01.980+0000] {processor.py:914} INFO - Processing file /home/Ashreem/airflow-env/lib/python3.12/site-packages/airflow/example_dags/example_dynamic_task_mapping_with_no_taskflow_operators.py for tasks to queue
[2025-03-07T02:39:01.983+0000] {logging_mixin.py:190} INFO - [2025-03-07T02:39:01.983+0000] {dagbag.py:588} INFO - Filling up the DagBag from /home/Ashreem/airflow-env/lib/python3.12/site-packages/airflow/example_dags/example_dynamic_task_mapping_with_no_taskflow_operators.py
[2025-03-07T02:39:01.995+0000] {processor.py:925} INFO - DAG(s) 'example_dynamic_task_mapping_with_no_taskflow_operators' retrieved from /home/Ashreem/airflow-env/lib/python3.12/site-packages/airflow/example_dags/example_dynamic_task_mapping_with_no_taskflow_operators.py
[2025-03-07T02:39:02.014+0000] {logging_mixin.py:190} INFO - [2025-03-07T02:39:02.014+0000] {dag.py:3239} INFO - Sync 1 DAGs
[2025-03-07T02:39:02.033+0000] {logging_mixin.py:190} INFO - [2025-03-07T02:39:02.032+0000] {dag.py:4180} INFO - Setting next_dagrun for example_dynamic_task_mapping_with_no_taskflow_operators to None, run_after=None
[2025-03-07T02:39:02.073+0000] {processor.py:208} INFO - Processing /home/Ashreem/airflow-env/lib/python3.12/site-packages/airflow/example_dags/example_dynamic_task_mapping_with_no_taskflow_operators.py took 0.102 seconds
[2025-03-07T02:40:04.733+0000] {processor.py:186} INFO - Started process (PID=46775) to work on /home/Ashreem/airflow-env/lib/python3.12/site-packages/airflow/example_dags/example_dynamic_task_mapping_with_no_taskflow_operators.py
[2025-03-07T02:40:04.736+0000] {processor.py:914} INFO - Processing file /home/Ashreem/airflow-env/lib/python3.12/site-packages/airflow/example_dags/example_dynamic_task_mapping_with_no_taskflow_operators.py for tasks to queue
[2025-03-07T02:40:04.739+0000] {logging_mixin.py:190} INFO - [2025-03-07T02:40:04.739+0000] {dagbag.py:588} INFO - Filling up the DagBag from /home/Ashreem/airflow-env/lib/python3.12/site-packages/airflow/example_dags/example_dynamic_task_mapping_with_no_taskflow_operators.py
[2025-03-07T02:40:04.751+0000] {processor.py:925} INFO - DAG(s) 'example_dynamic_task_mapping_with_no_taskflow_operators' retrieved from /home/Ashreem/airflow-env/lib/python3.12/site-packages/airflow/example_dags/example_dynamic_task_mapping_with_no_taskflow_operators.py
[2025-03-07T02:40:04.774+0000] {logging_mixin.py:190} INFO - [2025-03-07T02:40:04.774+0000] {dag.py:3239} INFO - Sync 1 DAGs
[2025-03-07T02:40:04.793+0000] {logging_mixin.py:190} INFO - [2025-03-07T02:40:04.792+0000] {dag.py:4180} INFO - Setting next_dagrun for example_dynamic_task_mapping_with_no_taskflow_operators to None, run_after=None
[2025-03-07T02:40:04.838+0000] {processor.py:208} INFO - Processing /home/Ashreem/airflow-env/lib/python3.12/site-packages/airflow/example_dags/example_dynamic_task_mapping_with_no_taskflow_operators.py took 0.115 seconds
[2025-03-07T02:41:07.406+0000] {processor.py:186} INFO - Started process (PID=46842) to work on /home/Ashreem/airflow-env/lib/python3.12/site-packages/airflow/example_dags/example_dynamic_task_mapping_with_no_taskflow_operators.py
[2025-03-07T02:41:07.408+0000] {processor.py:914} INFO - Processing file /home/Ashreem/airflow-env/lib/python3.12/site-packages/airflow/example_dags/example_dynamic_task_mapping_with_no_taskflow_operators.py for tasks to queue
[2025-03-07T02:41:07.410+0000] {logging_mixin.py:190} INFO - [2025-03-07T02:41:07.410+0000] {dagbag.py:588} INFO - Filling up the DagBag from /home/Ashreem/airflow-env/lib/python3.12/site-packages/airflow/example_dags/example_dynamic_task_mapping_with_no_taskflow_operators.py
[2025-03-07T02:41:07.423+0000] {processor.py:925} INFO - DAG(s) 'example_dynamic_task_mapping_with_no_taskflow_operators' retrieved from /home/Ashreem/airflow-env/lib/python3.12/site-packages/airflow/example_dags/example_dynamic_task_mapping_with_no_taskflow_operators.py
[2025-03-07T02:41:07.443+0000] {logging_mixin.py:190} INFO - [2025-03-07T02:41:07.442+0000] {dag.py:3239} INFO - Sync 1 DAGs
[2025-03-07T02:41:07.459+0000] {logging_mixin.py:190} INFO - [2025-03-07T02:41:07.459+0000] {dag.py:4180} INFO - Setting next_dagrun for example_dynamic_task_mapping_with_no_taskflow_operators to None, run_after=None
[2025-03-07T02:41:07.498+0000] {processor.py:208} INFO - Processing /home/Ashreem/airflow-env/lib/python3.12/site-packages/airflow/example_dags/example_dynamic_task_mapping_with_no_taskflow_operators.py took 0.100 seconds
[2025-03-07T02:42:10.692+0000] {processor.py:186} INFO - Started process (PID=46903) to work on /home/Ashreem/airflow-env/lib/python3.12/site-packages/airflow/example_dags/example_dynamic_task_mapping_with_no_taskflow_operators.py
[2025-03-07T02:42:10.694+0000] {processor.py:914} INFO - Processing file /home/Ashreem/airflow-env/lib/python3.12/site-packages/airflow/example_dags/example_dynamic_task_mapping_with_no_taskflow_operators.py for tasks to queue
[2025-03-07T02:42:10.697+0000] {logging_mixin.py:190} INFO - [2025-03-07T02:42:10.697+0000] {dagbag.py:588} INFO - Filling up the DagBag from /home/Ashreem/airflow-env/lib/python3.12/site-packages/airflow/example_dags/example_dynamic_task_mapping_with_no_taskflow_operators.py
[2025-03-07T02:42:10.711+0000] {processor.py:925} INFO - DAG(s) 'example_dynamic_task_mapping_with_no_taskflow_operators' retrieved from /home/Ashreem/airflow-env/lib/python3.12/site-packages/airflow/example_dags/example_dynamic_task_mapping_with_no_taskflow_operators.py
[2025-03-07T02:42:10.732+0000] {logging_mixin.py:190} INFO - [2025-03-07T02:42:10.732+0000] {dag.py:3239} INFO - Sync 1 DAGs
[2025-03-07T02:42:10.747+0000] {logging_mixin.py:190} INFO - [2025-03-07T02:42:10.747+0000] {dag.py:4180} INFO - Setting next_dagrun for example_dynamic_task_mapping_with_no_taskflow_operators to None, run_after=None
[2025-03-07T02:42:10.789+0000] {processor.py:208} INFO - Processing /home/Ashreem/airflow-env/lib/python3.12/site-packages/airflow/example_dags/example_dynamic_task_mapping_with_no_taskflow_operators.py took 0.105 seconds
[2025-03-07T02:43:15.430+0000] {processor.py:186} INFO - Started process (PID=46974) to work on /home/Ashreem/airflow-env/lib/python3.12/site-packages/airflow/example_dags/example_dynamic_task_mapping_with_no_taskflow_operators.py
[2025-03-07T02:43:15.432+0000] {processor.py:914} INFO - Processing file /home/Ashreem/airflow-env/lib/python3.12/site-packages/airflow/example_dags/example_dynamic_task_mapping_with_no_taskflow_operators.py for tasks to queue
[2025-03-07T02:43:15.435+0000] {logging_mixin.py:190} INFO - [2025-03-07T02:43:15.434+0000] {dagbag.py:588} INFO - Filling up the DagBag from /home/Ashreem/airflow-env/lib/python3.12/site-packages/airflow/example_dags/example_dynamic_task_mapping_with_no_taskflow_operators.py
[2025-03-07T02:43:15.447+0000] {processor.py:925} INFO - DAG(s) 'example_dynamic_task_mapping_with_no_taskflow_operators' retrieved from /home/Ashreem/airflow-env/lib/python3.12/site-packages/airflow/example_dags/example_dynamic_task_mapping_with_no_taskflow_operators.py
[2025-03-07T02:43:15.472+0000] {logging_mixin.py:190} INFO - [2025-03-07T02:43:15.472+0000] {dag.py:3239} INFO - Sync 1 DAGs
[2025-03-07T02:43:15.488+0000] {logging_mixin.py:190} INFO - [2025-03-07T02:43:15.488+0000] {dag.py:4180} INFO - Setting next_dagrun for example_dynamic_task_mapping_with_no_taskflow_operators to None, run_after=None
[2025-03-07T02:43:15.529+0000] {processor.py:208} INFO - Processing /home/Ashreem/airflow-env/lib/python3.12/site-packages/airflow/example_dags/example_dynamic_task_mapping_with_no_taskflow_operators.py took 0.109 seconds
[2025-03-07T02:44:19.030+0000] {processor.py:186} INFO - Started process (PID=47043) to work on /home/Ashreem/airflow-env/lib/python3.12/site-packages/airflow/example_dags/example_dynamic_task_mapping_with_no_taskflow_operators.py
[2025-03-07T02:44:19.031+0000] {processor.py:914} INFO - Processing file /home/Ashreem/airflow-env/lib/python3.12/site-packages/airflow/example_dags/example_dynamic_task_mapping_with_no_taskflow_operators.py for tasks to queue
[2025-03-07T02:44:19.034+0000] {logging_mixin.py:190} INFO - [2025-03-07T02:44:19.034+0000] {dagbag.py:588} INFO - Filling up the DagBag from /home/Ashreem/airflow-env/lib/python3.12/site-packages/airflow/example_dags/example_dynamic_task_mapping_with_no_taskflow_operators.py
[2025-03-07T02:44:19.051+0000] {processor.py:925} INFO - DAG(s) 'example_dynamic_task_mapping_with_no_taskflow_operators' retrieved from /home/Ashreem/airflow-env/lib/python3.12/site-packages/airflow/example_dags/example_dynamic_task_mapping_with_no_taskflow_operators.py
[2025-03-07T02:44:19.074+0000] {logging_mixin.py:190} INFO - [2025-03-07T02:44:19.073+0000] {dag.py:3239} INFO - Sync 1 DAGs
[2025-03-07T02:44:19.091+0000] {logging_mixin.py:190} INFO - [2025-03-07T02:44:19.090+0000] {dag.py:4180} INFO - Setting next_dagrun for example_dynamic_task_mapping_with_no_taskflow_operators to None, run_after=None
[2025-03-07T02:44:19.132+0000] {processor.py:208} INFO - Processing /home/Ashreem/airflow-env/lib/python3.12/site-packages/airflow/example_dags/example_dynamic_task_mapping_with_no_taskflow_operators.py took 0.112 seconds
[2025-03-07T02:45:21.356+0000] {processor.py:186} INFO - Started process (PID=47123) to work on /home/Ashreem/airflow-env/lib/python3.12/site-packages/airflow/example_dags/example_dynamic_task_mapping_with_no_taskflow_operators.py
[2025-03-07T02:45:21.357+0000] {processor.py:914} INFO - Processing file /home/Ashreem/airflow-env/lib/python3.12/site-packages/airflow/example_dags/example_dynamic_task_mapping_with_no_taskflow_operators.py for tasks to queue
[2025-03-07T02:45:21.360+0000] {logging_mixin.py:190} INFO - [2025-03-07T02:45:21.360+0000] {dagbag.py:588} INFO - Filling up the DagBag from /home/Ashreem/airflow-env/lib/python3.12/site-packages/airflow/example_dags/example_dynamic_task_mapping_with_no_taskflow_operators.py
[2025-03-07T02:45:21.375+0000] {processor.py:925} INFO - DAG(s) 'example_dynamic_task_mapping_with_no_taskflow_operators' retrieved from /home/Ashreem/airflow-env/lib/python3.12/site-packages/airflow/example_dags/example_dynamic_task_mapping_with_no_taskflow_operators.py
[2025-03-07T02:45:21.398+0000] {logging_mixin.py:190} INFO - [2025-03-07T02:45:21.398+0000] {dag.py:3239} INFO - Sync 1 DAGs
[2025-03-07T02:45:21.415+0000] {logging_mixin.py:190} INFO - [2025-03-07T02:45:21.415+0000] {dag.py:4180} INFO - Setting next_dagrun for example_dynamic_task_mapping_with_no_taskflow_operators to None, run_after=None
[2025-03-07T02:45:21.454+0000] {processor.py:208} INFO - Processing /home/Ashreem/airflow-env/lib/python3.12/site-packages/airflow/example_dags/example_dynamic_task_mapping_with_no_taskflow_operators.py took 0.107 seconds
[2025-03-07T02:46:25.386+0000] {processor.py:186} INFO - Started process (PID=47189) to work on /home/Ashreem/airflow-env/lib/python3.12/site-packages/airflow/example_dags/example_dynamic_task_mapping_with_no_taskflow_operators.py
[2025-03-07T02:46:25.389+0000] {processor.py:914} INFO - Processing file /home/Ashreem/airflow-env/lib/python3.12/site-packages/airflow/example_dags/example_dynamic_task_mapping_with_no_taskflow_operators.py for tasks to queue
[2025-03-07T02:46:25.391+0000] {logging_mixin.py:190} INFO - [2025-03-07T02:46:25.391+0000] {dagbag.py:588} INFO - Filling up the DagBag from /home/Ashreem/airflow-env/lib/python3.12/site-packages/airflow/example_dags/example_dynamic_task_mapping_with_no_taskflow_operators.py
[2025-03-07T02:46:25.403+0000] {processor.py:925} INFO - DAG(s) 'example_dynamic_task_mapping_with_no_taskflow_operators' retrieved from /home/Ashreem/airflow-env/lib/python3.12/site-packages/airflow/example_dags/example_dynamic_task_mapping_with_no_taskflow_operators.py
[2025-03-07T02:46:25.422+0000] {logging_mixin.py:190} INFO - [2025-03-07T02:46:25.422+0000] {dag.py:3239} INFO - Sync 1 DAGs
[2025-03-07T02:46:25.441+0000] {logging_mixin.py:190} INFO - [2025-03-07T02:46:25.441+0000] {dag.py:4180} INFO - Setting next_dagrun for example_dynamic_task_mapping_with_no_taskflow_operators to None, run_after=None
[2025-03-07T02:46:25.477+0000] {processor.py:208} INFO - Processing /home/Ashreem/airflow-env/lib/python3.12/site-packages/airflow/example_dags/example_dynamic_task_mapping_with_no_taskflow_operators.py took 0.099 seconds
[2025-03-07T02:47:29.629+0000] {processor.py:186} INFO - Started process (PID=47249) to work on /home/Ashreem/airflow-env/lib/python3.12/site-packages/airflow/example_dags/example_dynamic_task_mapping_with_no_taskflow_operators.py
[2025-03-07T02:47:29.631+0000] {processor.py:914} INFO - Processing file /home/Ashreem/airflow-env/lib/python3.12/site-packages/airflow/example_dags/example_dynamic_task_mapping_with_no_taskflow_operators.py for tasks to queue
[2025-03-07T02:47:29.634+0000] {logging_mixin.py:190} INFO - [2025-03-07T02:47:29.634+0000] {dagbag.py:588} INFO - Filling up the DagBag from /home/Ashreem/airflow-env/lib/python3.12/site-packages/airflow/example_dags/example_dynamic_task_mapping_with_no_taskflow_operators.py
[2025-03-07T02:47:29.644+0000] {processor.py:925} INFO - DAG(s) 'example_dynamic_task_mapping_with_no_taskflow_operators' retrieved from /home/Ashreem/airflow-env/lib/python3.12/site-packages/airflow/example_dags/example_dynamic_task_mapping_with_no_taskflow_operators.py
[2025-03-07T02:47:29.664+0000] {logging_mixin.py:190} INFO - [2025-03-07T02:47:29.663+0000] {dag.py:3239} INFO - Sync 1 DAGs
[2025-03-07T02:47:29.685+0000] {logging_mixin.py:190} INFO - [2025-03-07T02:47:29.684+0000] {dag.py:4180} INFO - Setting next_dagrun for example_dynamic_task_mapping_with_no_taskflow_operators to None, run_after=None
[2025-03-07T02:47:29.722+0000] {processor.py:208} INFO - Processing /home/Ashreem/airflow-env/lib/python3.12/site-packages/airflow/example_dags/example_dynamic_task_mapping_with_no_taskflow_operators.py took 0.100 seconds
[2025-03-07T02:48:39.033+0000] {processor.py:186} INFO - Started process (PID=47329) to work on /home/Ashreem/airflow-env/lib/python3.12/site-packages/airflow/example_dags/example_dynamic_task_mapping_with_no_taskflow_operators.py
[2025-03-07T02:48:39.035+0000] {processor.py:914} INFO - Processing file /home/Ashreem/airflow-env/lib/python3.12/site-packages/airflow/example_dags/example_dynamic_task_mapping_with_no_taskflow_operators.py for tasks to queue
[2025-03-07T02:48:39.038+0000] {logging_mixin.py:190} INFO - [2025-03-07T02:48:39.037+0000] {dagbag.py:588} INFO - Filling up the DagBag from /home/Ashreem/airflow-env/lib/python3.12/site-packages/airflow/example_dags/example_dynamic_task_mapping_with_no_taskflow_operators.py
[2025-03-07T02:48:39.048+0000] {processor.py:925} INFO - DAG(s) 'example_dynamic_task_mapping_with_no_taskflow_operators' retrieved from /home/Ashreem/airflow-env/lib/python3.12/site-packages/airflow/example_dags/example_dynamic_task_mapping_with_no_taskflow_operators.py
[2025-03-07T02:48:39.066+0000] {logging_mixin.py:190} INFO - [2025-03-07T02:48:39.066+0000] {dag.py:3239} INFO - Sync 1 DAGs
[2025-03-07T02:48:39.086+0000] {logging_mixin.py:190} INFO - [2025-03-07T02:48:39.085+0000] {dag.py:4180} INFO - Setting next_dagrun for example_dynamic_task_mapping_with_no_taskflow_operators to None, run_after=None
[2025-03-07T02:48:39.126+0000] {processor.py:208} INFO - Processing /home/Ashreem/airflow-env/lib/python3.12/site-packages/airflow/example_dags/example_dynamic_task_mapping_with_no_taskflow_operators.py took 0.101 seconds
[2025-03-07T02:49:43.780+0000] {processor.py:186} INFO - Started process (PID=47400) to work on /home/Ashreem/airflow-env/lib/python3.12/site-packages/airflow/example_dags/example_dynamic_task_mapping_with_no_taskflow_operators.py
[2025-03-07T02:49:43.781+0000] {processor.py:914} INFO - Processing file /home/Ashreem/airflow-env/lib/python3.12/site-packages/airflow/example_dags/example_dynamic_task_mapping_with_no_taskflow_operators.py for tasks to queue
[2025-03-07T02:49:43.784+0000] {logging_mixin.py:190} INFO - [2025-03-07T02:49:43.783+0000] {dagbag.py:588} INFO - Filling up the DagBag from /home/Ashreem/airflow-env/lib/python3.12/site-packages/airflow/example_dags/example_dynamic_task_mapping_with_no_taskflow_operators.py
[2025-03-07T02:49:43.796+0000] {processor.py:925} INFO - DAG(s) 'example_dynamic_task_mapping_with_no_taskflow_operators' retrieved from /home/Ashreem/airflow-env/lib/python3.12/site-packages/airflow/example_dags/example_dynamic_task_mapping_with_no_taskflow_operators.py
[2025-03-07T02:49:43.815+0000] {logging_mixin.py:190} INFO - [2025-03-07T02:49:43.815+0000] {dag.py:3239} INFO - Sync 1 DAGs
[2025-03-07T02:49:43.831+0000] {logging_mixin.py:190} INFO - [2025-03-07T02:49:43.831+0000] {dag.py:4180} INFO - Setting next_dagrun for example_dynamic_task_mapping_with_no_taskflow_operators to None, run_after=None
[2025-03-07T02:49:43.867+0000] {processor.py:208} INFO - Processing /home/Ashreem/airflow-env/lib/python3.12/site-packages/airflow/example_dags/example_dynamic_task_mapping_with_no_taskflow_operators.py took 0.094 seconds
[2025-03-07T02:50:47.987+0000] {processor.py:186} INFO - Started process (PID=47471) to work on /home/Ashreem/airflow-env/lib/python3.12/site-packages/airflow/example_dags/example_dynamic_task_mapping_with_no_taskflow_operators.py
[2025-03-07T02:50:47.989+0000] {processor.py:914} INFO - Processing file /home/Ashreem/airflow-env/lib/python3.12/site-packages/airflow/example_dags/example_dynamic_task_mapping_with_no_taskflow_operators.py for tasks to queue
[2025-03-07T02:50:47.991+0000] {logging_mixin.py:190} INFO - [2025-03-07T02:50:47.991+0000] {dagbag.py:588} INFO - Filling up the DagBag from /home/Ashreem/airflow-env/lib/python3.12/site-packages/airflow/example_dags/example_dynamic_task_mapping_with_no_taskflow_operators.py
[2025-03-07T02:50:48.006+0000] {processor.py:925} INFO - DAG(s) 'example_dynamic_task_mapping_with_no_taskflow_operators' retrieved from /home/Ashreem/airflow-env/lib/python3.12/site-packages/airflow/example_dags/example_dynamic_task_mapping_with_no_taskflow_operators.py
[2025-03-07T02:50:48.025+0000] {logging_mixin.py:190} INFO - [2025-03-07T02:50:48.025+0000] {dag.py:3239} INFO - Sync 1 DAGs
[2025-03-07T02:50:48.040+0000] {logging_mixin.py:190} INFO - [2025-03-07T02:50:48.040+0000] {dag.py:4180} INFO - Setting next_dagrun for example_dynamic_task_mapping_with_no_taskflow_operators to None, run_after=None
[2025-03-07T02:50:48.079+0000] {processor.py:208} INFO - Processing /home/Ashreem/airflow-env/lib/python3.12/site-packages/airflow/example_dags/example_dynamic_task_mapping_with_no_taskflow_operators.py took 0.100 seconds
[2025-03-07T02:51:50.139+0000] {processor.py:186} INFO - Started process (PID=47532) to work on /home/Ashreem/airflow-env/lib/python3.12/site-packages/airflow/example_dags/example_dynamic_task_mapping_with_no_taskflow_operators.py
[2025-03-07T02:51:50.141+0000] {processor.py:914} INFO - Processing file /home/Ashreem/airflow-env/lib/python3.12/site-packages/airflow/example_dags/example_dynamic_task_mapping_with_no_taskflow_operators.py for tasks to queue
[2025-03-07T02:51:50.145+0000] {logging_mixin.py:190} INFO - [2025-03-07T02:51:50.144+0000] {dagbag.py:588} INFO - Filling up the DagBag from /home/Ashreem/airflow-env/lib/python3.12/site-packages/airflow/example_dags/example_dynamic_task_mapping_with_no_taskflow_operators.py
[2025-03-07T02:51:50.157+0000] {processor.py:925} INFO - DAG(s) 'example_dynamic_task_mapping_with_no_taskflow_operators' retrieved from /home/Ashreem/airflow-env/lib/python3.12/site-packages/airflow/example_dags/example_dynamic_task_mapping_with_no_taskflow_operators.py
[2025-03-07T02:51:50.178+0000] {logging_mixin.py:190} INFO - [2025-03-07T02:51:50.177+0000] {dag.py:3239} INFO - Sync 1 DAGs
[2025-03-07T02:51:50.196+0000] {logging_mixin.py:190} INFO - [2025-03-07T02:51:50.196+0000] {dag.py:4180} INFO - Setting next_dagrun for example_dynamic_task_mapping_with_no_taskflow_operators to None, run_after=None
[2025-03-07T02:51:50.278+0000] {processor.py:208} INFO - Processing /home/Ashreem/airflow-env/lib/python3.12/site-packages/airflow/example_dags/example_dynamic_task_mapping_with_no_taskflow_operators.py took 0.146 seconds
[2025-03-07T02:52:57.079+0000] {processor.py:186} INFO - Started process (PID=47601) to work on /home/Ashreem/airflow-env/lib/python3.12/site-packages/airflow/example_dags/example_dynamic_task_mapping_with_no_taskflow_operators.py
[2025-03-07T02:52:57.083+0000] {processor.py:914} INFO - Processing file /home/Ashreem/airflow-env/lib/python3.12/site-packages/airflow/example_dags/example_dynamic_task_mapping_with_no_taskflow_operators.py for tasks to queue
[2025-03-07T02:52:57.086+0000] {logging_mixin.py:190} INFO - [2025-03-07T02:52:57.086+0000] {dagbag.py:588} INFO - Filling up the DagBag from /home/Ashreem/airflow-env/lib/python3.12/site-packages/airflow/example_dags/example_dynamic_task_mapping_with_no_taskflow_operators.py
[2025-03-07T02:52:57.098+0000] {processor.py:925} INFO - DAG(s) 'example_dynamic_task_mapping_with_no_taskflow_operators' retrieved from /home/Ashreem/airflow-env/lib/python3.12/site-packages/airflow/example_dags/example_dynamic_task_mapping_with_no_taskflow_operators.py
[2025-03-07T02:52:57.121+0000] {logging_mixin.py:190} INFO - [2025-03-07T02:52:57.121+0000] {dag.py:3239} INFO - Sync 1 DAGs
[2025-03-07T02:52:57.146+0000] {logging_mixin.py:190} INFO - [2025-03-07T02:52:57.146+0000] {dag.py:4180} INFO - Setting next_dagrun for example_dynamic_task_mapping_with_no_taskflow_operators to None, run_after=None
[2025-03-07T02:52:57.183+0000] {processor.py:208} INFO - Processing /home/Ashreem/airflow-env/lib/python3.12/site-packages/airflow/example_dags/example_dynamic_task_mapping_with_no_taskflow_operators.py took 0.113 seconds
[2025-03-07T02:53:58.284+0000] {processor.py:186} INFO - Started process (PID=47665) to work on /home/Ashreem/airflow-env/lib/python3.12/site-packages/airflow/example_dags/example_dynamic_task_mapping_with_no_taskflow_operators.py
[2025-03-07T02:53:58.285+0000] {processor.py:914} INFO - Processing file /home/Ashreem/airflow-env/lib/python3.12/site-packages/airflow/example_dags/example_dynamic_task_mapping_with_no_taskflow_operators.py for tasks to queue
[2025-03-07T02:53:58.289+0000] {logging_mixin.py:190} INFO - [2025-03-07T02:53:58.288+0000] {dagbag.py:588} INFO - Filling up the DagBag from /home/Ashreem/airflow-env/lib/python3.12/site-packages/airflow/example_dags/example_dynamic_task_mapping_with_no_taskflow_operators.py
[2025-03-07T02:53:58.301+0000] {processor.py:925} INFO - DAG(s) 'example_dynamic_task_mapping_with_no_taskflow_operators' retrieved from /home/Ashreem/airflow-env/lib/python3.12/site-packages/airflow/example_dags/example_dynamic_task_mapping_with_no_taskflow_operators.py
[2025-03-07T02:53:58.320+0000] {logging_mixin.py:190} INFO - [2025-03-07T02:53:58.320+0000] {dag.py:3239} INFO - Sync 1 DAGs
[2025-03-07T02:53:58.337+0000] {logging_mixin.py:190} INFO - [2025-03-07T02:53:58.337+0000] {dag.py:4180} INFO - Setting next_dagrun for example_dynamic_task_mapping_with_no_taskflow_operators to None, run_after=None
[2025-03-07T02:53:58.378+0000] {processor.py:208} INFO - Processing /home/Ashreem/airflow-env/lib/python3.12/site-packages/airflow/example_dags/example_dynamic_task_mapping_with_no_taskflow_operators.py took 0.103 seconds
[2025-03-07T02:54:59.331+0000] {processor.py:186} INFO - Started process (PID=47727) to work on /home/Ashreem/airflow-env/lib/python3.12/site-packages/airflow/example_dags/example_dynamic_task_mapping_with_no_taskflow_operators.py
[2025-03-07T02:54:59.333+0000] {processor.py:914} INFO - Processing file /home/Ashreem/airflow-env/lib/python3.12/site-packages/airflow/example_dags/example_dynamic_task_mapping_with_no_taskflow_operators.py for tasks to queue
[2025-03-07T02:54:59.336+0000] {logging_mixin.py:190} INFO - [2025-03-07T02:54:59.336+0000] {dagbag.py:588} INFO - Filling up the DagBag from /home/Ashreem/airflow-env/lib/python3.12/site-packages/airflow/example_dags/example_dynamic_task_mapping_with_no_taskflow_operators.py
[2025-03-07T02:54:59.350+0000] {processor.py:925} INFO - DAG(s) 'example_dynamic_task_mapping_with_no_taskflow_operators' retrieved from /home/Ashreem/airflow-env/lib/python3.12/site-packages/airflow/example_dags/example_dynamic_task_mapping_with_no_taskflow_operators.py
[2025-03-07T02:54:59.373+0000] {logging_mixin.py:190} INFO - [2025-03-07T02:54:59.373+0000] {dag.py:3239} INFO - Sync 1 DAGs
[2025-03-07T02:54:59.393+0000] {logging_mixin.py:190} INFO - [2025-03-07T02:54:59.392+0000] {dag.py:4180} INFO - Setting next_dagrun for example_dynamic_task_mapping_with_no_taskflow_operators to None, run_after=None
[2025-03-07T02:54:59.432+0000] {processor.py:208} INFO - Processing /home/Ashreem/airflow-env/lib/python3.12/site-packages/airflow/example_dags/example_dynamic_task_mapping_with_no_taskflow_operators.py took 0.109 seconds
[2025-03-07T02:56:03.569+0000] {processor.py:186} INFO - Started process (PID=47859) to work on /home/Ashreem/airflow-env/lib/python3.12/site-packages/airflow/example_dags/example_dynamic_task_mapping_with_no_taskflow_operators.py
[2025-03-07T02:56:03.571+0000] {processor.py:914} INFO - Processing file /home/Ashreem/airflow-env/lib/python3.12/site-packages/airflow/example_dags/example_dynamic_task_mapping_with_no_taskflow_operators.py for tasks to queue
[2025-03-07T02:56:03.574+0000] {logging_mixin.py:190} INFO - [2025-03-07T02:56:03.573+0000] {dagbag.py:588} INFO - Filling up the DagBag from /home/Ashreem/airflow-env/lib/python3.12/site-packages/airflow/example_dags/example_dynamic_task_mapping_with_no_taskflow_operators.py
[2025-03-07T02:56:03.587+0000] {processor.py:925} INFO - DAG(s) 'example_dynamic_task_mapping_with_no_taskflow_operators' retrieved from /home/Ashreem/airflow-env/lib/python3.12/site-packages/airflow/example_dags/example_dynamic_task_mapping_with_no_taskflow_operators.py
[2025-03-07T02:56:03.607+0000] {logging_mixin.py:190} INFO - [2025-03-07T02:56:03.607+0000] {dag.py:3239} INFO - Sync 1 DAGs
[2025-03-07T02:56:03.625+0000] {logging_mixin.py:190} INFO - [2025-03-07T02:56:03.625+0000] {dag.py:4180} INFO - Setting next_dagrun for example_dynamic_task_mapping_with_no_taskflow_operators to None, run_after=None
[2025-03-07T02:56:03.670+0000] {processor.py:208} INFO - Processing /home/Ashreem/airflow-env/lib/python3.12/site-packages/airflow/example_dags/example_dynamic_task_mapping_with_no_taskflow_operators.py took 0.108 seconds
[2025-03-07T02:57:01.173+0000] {processor.py:186} INFO - Started process (PID=47985) to work on /home/Ashreem/airflow-env/lib/python3.12/site-packages/airflow/example_dags/example_dynamic_task_mapping_with_no_taskflow_operators.py
[2025-03-07T02:57:01.175+0000] {processor.py:914} INFO - Processing file /home/Ashreem/airflow-env/lib/python3.12/site-packages/airflow/example_dags/example_dynamic_task_mapping_with_no_taskflow_operators.py for tasks to queue
[2025-03-07T02:57:01.178+0000] {logging_mixin.py:190} INFO - [2025-03-07T02:57:01.177+0000] {dagbag.py:588} INFO - Filling up the DagBag from /home/Ashreem/airflow-env/lib/python3.12/site-packages/airflow/example_dags/example_dynamic_task_mapping_with_no_taskflow_operators.py
[2025-03-07T02:57:01.189+0000] {processor.py:925} INFO - DAG(s) 'example_dynamic_task_mapping_with_no_taskflow_operators' retrieved from /home/Ashreem/airflow-env/lib/python3.12/site-packages/airflow/example_dags/example_dynamic_task_mapping_with_no_taskflow_operators.py
[2025-03-07T02:57:01.211+0000] {logging_mixin.py:190} INFO - [2025-03-07T02:57:01.211+0000] {dag.py:3239} INFO - Sync 1 DAGs
[2025-03-07T02:57:01.227+0000] {logging_mixin.py:190} INFO - [2025-03-07T02:57:01.226+0000] {dag.py:4180} INFO - Setting next_dagrun for example_dynamic_task_mapping_with_no_taskflow_operators to None, run_after=None
[2025-03-07T02:57:01.261+0000] {processor.py:208} INFO - Processing /home/Ashreem/airflow-env/lib/python3.12/site-packages/airflow/example_dags/example_dynamic_task_mapping_with_no_taskflow_operators.py took 0.096 seconds
[2025-03-07T02:57:08.789+0000] {processor.py:186} INFO - Started process (PID=48001) to work on /home/Ashreem/airflow-env/lib/python3.12/site-packages/airflow/example_dags/example_dynamic_task_mapping_with_no_taskflow_operators.py
[2025-03-07T02:57:08.790+0000] {processor.py:914} INFO - Processing file /home/Ashreem/airflow-env/lib/python3.12/site-packages/airflow/example_dags/example_dynamic_task_mapping_with_no_taskflow_operators.py for tasks to queue
[2025-03-07T02:57:08.793+0000] {logging_mixin.py:190} INFO - [2025-03-07T02:57:08.793+0000] {dagbag.py:588} INFO - Filling up the DagBag from /home/Ashreem/airflow-env/lib/python3.12/site-packages/airflow/example_dags/example_dynamic_task_mapping_with_no_taskflow_operators.py
[2025-03-07T02:57:08.805+0000] {processor.py:925} INFO - DAG(s) 'example_dynamic_task_mapping_with_no_taskflow_operators' retrieved from /home/Ashreem/airflow-env/lib/python3.12/site-packages/airflow/example_dags/example_dynamic_task_mapping_with_no_taskflow_operators.py
[2025-03-07T02:57:08.826+0000] {logging_mixin.py:190} INFO - [2025-03-07T02:57:08.825+0000] {dag.py:3239} INFO - Sync 1 DAGs
[2025-03-07T02:57:08.841+0000] {logging_mixin.py:190} INFO - [2025-03-07T02:57:08.840+0000] {dag.py:4180} INFO - Setting next_dagrun for example_dynamic_task_mapping_with_no_taskflow_operators to None, run_after=None
[2025-03-07T02:57:08.881+0000] {processor.py:208} INFO - Processing /home/Ashreem/airflow-env/lib/python3.12/site-packages/airflow/example_dags/example_dynamic_task_mapping_with_no_taskflow_operators.py took 0.103 seconds
[2025-03-07T02:58:12.146+0000] {processor.py:186} INFO - Started process (PID=48079) to work on /home/Ashreem/airflow-env/lib/python3.12/site-packages/airflow/example_dags/example_dynamic_task_mapping_with_no_taskflow_operators.py
[2025-03-07T02:58:12.148+0000] {processor.py:914} INFO - Processing file /home/Ashreem/airflow-env/lib/python3.12/site-packages/airflow/example_dags/example_dynamic_task_mapping_with_no_taskflow_operators.py for tasks to queue
[2025-03-07T02:58:12.150+0000] {logging_mixin.py:190} INFO - [2025-03-07T02:58:12.150+0000] {dagbag.py:588} INFO - Filling up the DagBag from /home/Ashreem/airflow-env/lib/python3.12/site-packages/airflow/example_dags/example_dynamic_task_mapping_with_no_taskflow_operators.py
[2025-03-07T02:58:12.162+0000] {processor.py:925} INFO - DAG(s) 'example_dynamic_task_mapping_with_no_taskflow_operators' retrieved from /home/Ashreem/airflow-env/lib/python3.12/site-packages/airflow/example_dags/example_dynamic_task_mapping_with_no_taskflow_operators.py
[2025-03-07T02:58:12.181+0000] {logging_mixin.py:190} INFO - [2025-03-07T02:58:12.181+0000] {dag.py:3239} INFO - Sync 1 DAGs
[2025-03-07T02:58:12.197+0000] {logging_mixin.py:190} INFO - [2025-03-07T02:58:12.197+0000] {dag.py:4180} INFO - Setting next_dagrun for example_dynamic_task_mapping_with_no_taskflow_operators to None, run_after=None
[2025-03-07T02:58:12.238+0000] {processor.py:208} INFO - Processing /home/Ashreem/airflow-env/lib/python3.12/site-packages/airflow/example_dags/example_dynamic_task_mapping_with_no_taskflow_operators.py took 0.101 seconds
[2025-03-07T02:59:19.700+0000] {processor.py:186} INFO - Started process (PID=48193) to work on /home/Ashreem/airflow-env/lib/python3.12/site-packages/airflow/example_dags/example_dynamic_task_mapping_with_no_taskflow_operators.py
[2025-03-07T02:59:19.702+0000] {processor.py:914} INFO - Processing file /home/Ashreem/airflow-env/lib/python3.12/site-packages/airflow/example_dags/example_dynamic_task_mapping_with_no_taskflow_operators.py for tasks to queue
[2025-03-07T02:59:19.705+0000] {logging_mixin.py:190} INFO - [2025-03-07T02:59:19.704+0000] {dagbag.py:588} INFO - Filling up the DagBag from /home/Ashreem/airflow-env/lib/python3.12/site-packages/airflow/example_dags/example_dynamic_task_mapping_with_no_taskflow_operators.py
[2025-03-07T02:59:19.718+0000] {processor.py:925} INFO - DAG(s) 'example_dynamic_task_mapping_with_no_taskflow_operators' retrieved from /home/Ashreem/airflow-env/lib/python3.12/site-packages/airflow/example_dags/example_dynamic_task_mapping_with_no_taskflow_operators.py
[2025-03-07T02:59:19.737+0000] {logging_mixin.py:190} INFO - [2025-03-07T02:59:19.737+0000] {dag.py:3239} INFO - Sync 1 DAGs
[2025-03-07T02:59:19.753+0000] {logging_mixin.py:190} INFO - [2025-03-07T02:59:19.753+0000] {dag.py:4180} INFO - Setting next_dagrun for example_dynamic_task_mapping_with_no_taskflow_operators to None, run_after=None
[2025-03-07T02:59:19.799+0000] {processor.py:208} INFO - Processing /home/Ashreem/airflow-env/lib/python3.12/site-packages/airflow/example_dags/example_dynamic_task_mapping_with_no_taskflow_operators.py took 0.106 seconds
[2025-03-07T03:00:26.734+0000] {processor.py:186} INFO - Started process (PID=48308) to work on /home/Ashreem/airflow-env/lib/python3.12/site-packages/airflow/example_dags/example_dynamic_task_mapping_with_no_taskflow_operators.py
[2025-03-07T03:00:26.737+0000] {processor.py:914} INFO - Processing file /home/Ashreem/airflow-env/lib/python3.12/site-packages/airflow/example_dags/example_dynamic_task_mapping_with_no_taskflow_operators.py for tasks to queue
[2025-03-07T03:00:26.740+0000] {logging_mixin.py:190} INFO - [2025-03-07T03:00:26.740+0000] {dagbag.py:588} INFO - Filling up the DagBag from /home/Ashreem/airflow-env/lib/python3.12/site-packages/airflow/example_dags/example_dynamic_task_mapping_with_no_taskflow_operators.py
[2025-03-07T03:00:26.754+0000] {processor.py:925} INFO - DAG(s) 'example_dynamic_task_mapping_with_no_taskflow_operators' retrieved from /home/Ashreem/airflow-env/lib/python3.12/site-packages/airflow/example_dags/example_dynamic_task_mapping_with_no_taskflow_operators.py
[2025-03-07T03:00:26.779+0000] {logging_mixin.py:190} INFO - [2025-03-07T03:00:26.778+0000] {dag.py:3239} INFO - Sync 1 DAGs
[2025-03-07T03:00:26.800+0000] {logging_mixin.py:190} INFO - [2025-03-07T03:00:26.800+0000] {dag.py:4180} INFO - Setting next_dagrun for example_dynamic_task_mapping_with_no_taskflow_operators to None, run_after=None
[2025-03-07T03:00:26.835+0000] {processor.py:208} INFO - Processing /home/Ashreem/airflow-env/lib/python3.12/site-packages/airflow/example_dags/example_dynamic_task_mapping_with_no_taskflow_operators.py took 0.111 seconds
[2025-03-07T03:01:30.223+0000] {processor.py:186} INFO - Started process (PID=48380) to work on /home/Ashreem/airflow-env/lib/python3.12/site-packages/airflow/example_dags/example_dynamic_task_mapping_with_no_taskflow_operators.py
[2025-03-07T03:01:30.225+0000] {processor.py:914} INFO - Processing file /home/Ashreem/airflow-env/lib/python3.12/site-packages/airflow/example_dags/example_dynamic_task_mapping_with_no_taskflow_operators.py for tasks to queue
[2025-03-07T03:01:30.228+0000] {logging_mixin.py:190} INFO - [2025-03-07T03:01:30.228+0000] {dagbag.py:588} INFO - Filling up the DagBag from /home/Ashreem/airflow-env/lib/python3.12/site-packages/airflow/example_dags/example_dynamic_task_mapping_with_no_taskflow_operators.py
[2025-03-07T03:01:30.240+0000] {processor.py:925} INFO - DAG(s) 'example_dynamic_task_mapping_with_no_taskflow_operators' retrieved from /home/Ashreem/airflow-env/lib/python3.12/site-packages/airflow/example_dags/example_dynamic_task_mapping_with_no_taskflow_operators.py
[2025-03-07T03:01:30.260+0000] {logging_mixin.py:190} INFO - [2025-03-07T03:01:30.260+0000] {dag.py:3239} INFO - Sync 1 DAGs
[2025-03-07T03:01:30.276+0000] {logging_mixin.py:190} INFO - [2025-03-07T03:01:30.276+0000] {dag.py:4180} INFO - Setting next_dagrun for example_dynamic_task_mapping_with_no_taskflow_operators to None, run_after=None
[2025-03-07T03:01:30.319+0000] {processor.py:208} INFO - Processing /home/Ashreem/airflow-env/lib/python3.12/site-packages/airflow/example_dags/example_dynamic_task_mapping_with_no_taskflow_operators.py took 0.103 seconds
[2025-03-07T03:02:32.964+0000] {processor.py:186} INFO - Started process (PID=48513) to work on /home/Ashreem/airflow-env/lib/python3.12/site-packages/airflow/example_dags/example_dynamic_task_mapping_with_no_taskflow_operators.py
[2025-03-07T03:02:32.966+0000] {processor.py:914} INFO - Processing file /home/Ashreem/airflow-env/lib/python3.12/site-packages/airflow/example_dags/example_dynamic_task_mapping_with_no_taskflow_operators.py for tasks to queue
[2025-03-07T03:02:32.969+0000] {logging_mixin.py:190} INFO - [2025-03-07T03:02:32.968+0000] {dagbag.py:588} INFO - Filling up the DagBag from /home/Ashreem/airflow-env/lib/python3.12/site-packages/airflow/example_dags/example_dynamic_task_mapping_with_no_taskflow_operators.py
[2025-03-07T03:02:32.980+0000] {processor.py:925} INFO - DAG(s) 'example_dynamic_task_mapping_with_no_taskflow_operators' retrieved from /home/Ashreem/airflow-env/lib/python3.12/site-packages/airflow/example_dags/example_dynamic_task_mapping_with_no_taskflow_operators.py
[2025-03-07T03:02:33.001+0000] {logging_mixin.py:190} INFO - [2025-03-07T03:02:33.001+0000] {dag.py:3239} INFO - Sync 1 DAGs
[2025-03-07T03:02:33.018+0000] {logging_mixin.py:190} INFO - [2025-03-07T03:02:33.017+0000] {dag.py:4180} INFO - Setting next_dagrun for example_dynamic_task_mapping_with_no_taskflow_operators to None, run_after=None
[2025-03-07T03:02:33.054+0000] {processor.py:208} INFO - Processing /home/Ashreem/airflow-env/lib/python3.12/site-packages/airflow/example_dags/example_dynamic_task_mapping_with_no_taskflow_operators.py took 0.098 seconds
[2025-03-07T03:04:12.983+0000] {processor.py:186} INFO - Started process (PID=48645) to work on /home/Ashreem/airflow-env/lib/python3.12/site-packages/airflow/example_dags/example_dynamic_task_mapping_with_no_taskflow_operators.py
[2025-03-07T03:04:12.984+0000] {processor.py:914} INFO - Processing file /home/Ashreem/airflow-env/lib/python3.12/site-packages/airflow/example_dags/example_dynamic_task_mapping_with_no_taskflow_operators.py for tasks to queue
[2025-03-07T03:04:12.988+0000] {logging_mixin.py:190} INFO - [2025-03-07T03:04:12.987+0000] {dagbag.py:588} INFO - Filling up the DagBag from /home/Ashreem/airflow-env/lib/python3.12/site-packages/airflow/example_dags/example_dynamic_task_mapping_with_no_taskflow_operators.py
[2025-03-07T03:04:12.999+0000] {processor.py:925} INFO - DAG(s) 'example_dynamic_task_mapping_with_no_taskflow_operators' retrieved from /home/Ashreem/airflow-env/lib/python3.12/site-packages/airflow/example_dags/example_dynamic_task_mapping_with_no_taskflow_operators.py
[2025-03-07T03:04:13.023+0000] {logging_mixin.py:190} INFO - [2025-03-07T03:04:13.023+0000] {dag.py:3239} INFO - Sync 1 DAGs
[2025-03-07T03:04:13.039+0000] {logging_mixin.py:190} INFO - [2025-03-07T03:04:13.039+0000] {dag.py:4180} INFO - Setting next_dagrun for example_dynamic_task_mapping_with_no_taskflow_operators to None, run_after=None
[2025-03-07T03:04:13.079+0000] {processor.py:208} INFO - Processing /home/Ashreem/airflow-env/lib/python3.12/site-packages/airflow/example_dags/example_dynamic_task_mapping_with_no_taskflow_operators.py took 0.103 seconds
[2025-03-07T03:05:15.715+0000] {processor.py:186} INFO - Started process (PID=48819) to work on /home/Ashreem/airflow-env/lib/python3.12/site-packages/airflow/example_dags/example_dynamic_task_mapping_with_no_taskflow_operators.py
[2025-03-07T03:05:15.716+0000] {processor.py:914} INFO - Processing file /home/Ashreem/airflow-env/lib/python3.12/site-packages/airflow/example_dags/example_dynamic_task_mapping_with_no_taskflow_operators.py for tasks to queue
[2025-03-07T03:05:15.719+0000] {logging_mixin.py:190} INFO - [2025-03-07T03:05:15.719+0000] {dagbag.py:588} INFO - Filling up the DagBag from /home/Ashreem/airflow-env/lib/python3.12/site-packages/airflow/example_dags/example_dynamic_task_mapping_with_no_taskflow_operators.py
[2025-03-07T03:05:15.731+0000] {processor.py:925} INFO - DAG(s) 'example_dynamic_task_mapping_with_no_taskflow_operators' retrieved from /home/Ashreem/airflow-env/lib/python3.12/site-packages/airflow/example_dags/example_dynamic_task_mapping_with_no_taskflow_operators.py
[2025-03-07T03:05:15.752+0000] {logging_mixin.py:190} INFO - [2025-03-07T03:05:15.752+0000] {dag.py:3239} INFO - Sync 1 DAGs
[2025-03-07T03:05:15.775+0000] {logging_mixin.py:190} INFO - [2025-03-07T03:05:15.775+0000] {dag.py:4180} INFO - Setting next_dagrun for example_dynamic_task_mapping_with_no_taskflow_operators to None, run_after=None
[2025-03-07T03:05:15.815+0000] {processor.py:208} INFO - Processing /home/Ashreem/airflow-env/lib/python3.12/site-packages/airflow/example_dags/example_dynamic_task_mapping_with_no_taskflow_operators.py took 0.108 seconds
[2025-03-07T03:06:20.201+0000] {processor.py:186} INFO - Started process (PID=48966) to work on /home/Ashreem/airflow-env/lib/python3.12/site-packages/airflow/example_dags/example_dynamic_task_mapping_with_no_taskflow_operators.py
[2025-03-07T03:06:20.202+0000] {processor.py:914} INFO - Processing file /home/Ashreem/airflow-env/lib/python3.12/site-packages/airflow/example_dags/example_dynamic_task_mapping_with_no_taskflow_operators.py for tasks to queue
[2025-03-07T03:06:20.205+0000] {logging_mixin.py:190} INFO - [2025-03-07T03:06:20.204+0000] {dagbag.py:588} INFO - Filling up the DagBag from /home/Ashreem/airflow-env/lib/python3.12/site-packages/airflow/example_dags/example_dynamic_task_mapping_with_no_taskflow_operators.py
[2025-03-07T03:06:20.217+0000] {processor.py:925} INFO - DAG(s) 'example_dynamic_task_mapping_with_no_taskflow_operators' retrieved from /home/Ashreem/airflow-env/lib/python3.12/site-packages/airflow/example_dags/example_dynamic_task_mapping_with_no_taskflow_operators.py
[2025-03-07T03:06:20.236+0000] {logging_mixin.py:190} INFO - [2025-03-07T03:06:20.235+0000] {dag.py:3239} INFO - Sync 1 DAGs
[2025-03-07T03:06:20.252+0000] {logging_mixin.py:190} INFO - [2025-03-07T03:06:20.252+0000] {dag.py:4180} INFO - Setting next_dagrun for example_dynamic_task_mapping_with_no_taskflow_operators to None, run_after=None
[2025-03-07T03:06:20.292+0000] {processor.py:208} INFO - Processing /home/Ashreem/airflow-env/lib/python3.12/site-packages/airflow/example_dags/example_dynamic_task_mapping_with_no_taskflow_operators.py took 0.100 seconds
[2025-03-07T03:08:28.848+0000] {processor.py:186} INFO - Started process (PID=49112) to work on /home/Ashreem/airflow-env/lib/python3.12/site-packages/airflow/example_dags/example_dynamic_task_mapping_with_no_taskflow_operators.py
[2025-03-07T03:08:28.850+0000] {processor.py:914} INFO - Processing file /home/Ashreem/airflow-env/lib/python3.12/site-packages/airflow/example_dags/example_dynamic_task_mapping_with_no_taskflow_operators.py for tasks to queue
[2025-03-07T03:08:28.854+0000] {logging_mixin.py:190} INFO - [2025-03-07T03:08:28.853+0000] {dagbag.py:588} INFO - Filling up the DagBag from /home/Ashreem/airflow-env/lib/python3.12/site-packages/airflow/example_dags/example_dynamic_task_mapping_with_no_taskflow_operators.py
[2025-03-07T03:08:28.867+0000] {processor.py:925} INFO - DAG(s) 'example_dynamic_task_mapping_with_no_taskflow_operators' retrieved from /home/Ashreem/airflow-env/lib/python3.12/site-packages/airflow/example_dags/example_dynamic_task_mapping_with_no_taskflow_operators.py
[2025-03-07T03:08:28.889+0000] {logging_mixin.py:190} INFO - [2025-03-07T03:08:28.888+0000] {dag.py:3239} INFO - Sync 1 DAGs
[2025-03-07T03:08:28.905+0000] {logging_mixin.py:190} INFO - [2025-03-07T03:08:28.905+0000] {dag.py:4180} INFO - Setting next_dagrun for example_dynamic_task_mapping_with_no_taskflow_operators to None, run_after=None
[2025-03-07T03:08:28.943+0000] {processor.py:208} INFO - Processing /home/Ashreem/airflow-env/lib/python3.12/site-packages/airflow/example_dags/example_dynamic_task_mapping_with_no_taskflow_operators.py took 0.103 seconds
[2025-03-07T03:09:31.484+0000] {processor.py:186} INFO - Started process (PID=49183) to work on /home/Ashreem/airflow-env/lib/python3.12/site-packages/airflow/example_dags/example_dynamic_task_mapping_with_no_taskflow_operators.py
[2025-03-07T03:09:31.486+0000] {processor.py:914} INFO - Processing file /home/Ashreem/airflow-env/lib/python3.12/site-packages/airflow/example_dags/example_dynamic_task_mapping_with_no_taskflow_operators.py for tasks to queue
[2025-03-07T03:09:31.488+0000] {logging_mixin.py:190} INFO - [2025-03-07T03:09:31.488+0000] {dagbag.py:588} INFO - Filling up the DagBag from /home/Ashreem/airflow-env/lib/python3.12/site-packages/airflow/example_dags/example_dynamic_task_mapping_with_no_taskflow_operators.py
[2025-03-07T03:09:31.499+0000] {processor.py:925} INFO - DAG(s) 'example_dynamic_task_mapping_with_no_taskflow_operators' retrieved from /home/Ashreem/airflow-env/lib/python3.12/site-packages/airflow/example_dags/example_dynamic_task_mapping_with_no_taskflow_operators.py
[2025-03-07T03:09:31.517+0000] {logging_mixin.py:190} INFO - [2025-03-07T03:09:31.517+0000] {dag.py:3239} INFO - Sync 1 DAGs
[2025-03-07T03:09:31.533+0000] {logging_mixin.py:190} INFO - [2025-03-07T03:09:31.533+0000] {dag.py:4180} INFO - Setting next_dagrun for example_dynamic_task_mapping_with_no_taskflow_operators to None, run_after=None
[2025-03-07T03:09:31.572+0000] {processor.py:208} INFO - Processing /home/Ashreem/airflow-env/lib/python3.12/site-packages/airflow/example_dags/example_dynamic_task_mapping_with_no_taskflow_operators.py took 0.096 seconds
