[2025-03-07T02:30:37.916+0000] {processor.py:186} INFO - Started process (PID=45989) to work on /home/Ashreem/airflow-env/lib/python3.12/site-packages/airflow/example_dags/example_sensor_decorator.py
[2025-03-07T02:30:37.918+0000] {processor.py:914} INFO - Processing file /home/Ashreem/airflow-env/lib/python3.12/site-packages/airflow/example_dags/example_sensor_decorator.py for tasks to queue
[2025-03-07T02:30:37.920+0000] {logging_mixin.py:190} INFO - [2025-03-07T02:30:37.920+0000] {dagbag.py:588} INFO - Filling up the DagBag from /home/Ashreem/airflow-env/lib/python3.12/site-packages/airflow/example_dags/example_sensor_decorator.py
[2025-03-07T02:30:37.933+0000] {processor.py:925} INFO - DAG(s) 'example_sensor_decorator' retrieved from /home/Ashreem/airflow-env/lib/python3.12/site-packages/airflow/example_dags/example_sensor_decorator.py
[2025-03-07T02:30:38.105+0000] {logging_mixin.py:190} INFO - [2025-03-07T02:30:38.104+0000] {override.py:1930} INFO - Created Permission View: can read on DAG:example_sensor_decorator
[2025-03-07T02:30:38.129+0000] {logging_mixin.py:190} INFO - [2025-03-07T02:30:38.129+0000] {override.py:1930} INFO - Created Permission View: can delete on DAG:example_sensor_decorator
[2025-03-07T02:30:38.155+0000] {logging_mixin.py:190} INFO - [2025-03-07T02:30:38.154+0000] {override.py:1930} INFO - Created Permission View: can edit on DAG:example_sensor_decorator
[2025-03-07T02:30:38.195+0000] {logging_mixin.py:190} INFO - [2025-03-07T02:30:38.194+0000] {override.py:1930} INFO - Created Permission View: can read on DAG Run:example_sensor_decorator
[2025-03-07T02:30:38.214+0000] {logging_mixin.py:190} INFO - [2025-03-07T02:30:38.214+0000] {override.py:1930} INFO - Created Permission View: can delete on DAG Run:example_sensor_decorator
[2025-03-07T02:30:38.233+0000] {logging_mixin.py:190} INFO - [2025-03-07T02:30:38.233+0000] {override.py:1930} INFO - Created Permission View: menu access on DAG Run:example_sensor_decorator
[2025-03-07T02:30:38.252+0000] {logging_mixin.py:190} INFO - [2025-03-07T02:30:38.251+0000] {override.py:1930} INFO - Created Permission View: can create on DAG Run:example_sensor_decorator
[2025-03-07T02:30:38.253+0000] {logging_mixin.py:190} INFO - [2025-03-07T02:30:38.252+0000] {dag.py:3239} INFO - Sync 1 DAGs
[2025-03-07T02:30:38.268+0000] {logging_mixin.py:190} INFO - [2025-03-07T02:30:38.267+0000] {dag.py:3262} INFO - Creating ORM DAG for example_sensor_decorator
[2025-03-07T02:30:38.268+0000] {logging_mixin.py:190} INFO - [2025-03-07T02:30:38.268+0000] {dag.py:4180} INFO - Setting next_dagrun for example_sensor_decorator to None, run_after=None
[2025-03-07T02:30:38.303+0000] {processor.py:208} INFO - Processing /home/Ashreem/airflow-env/lib/python3.12/site-packages/airflow/example_dags/example_sensor_decorator.py took 0.394 seconds
[2025-03-07T02:33:15.957+0000] {processor.py:186} INFO - Started process (PID=46093) to work on /home/Ashreem/airflow-env/lib/python3.12/site-packages/airflow/example_dags/example_sensor_decorator.py
[2025-03-07T02:33:15.959+0000] {processor.py:914} INFO - Processing file /home/Ashreem/airflow-env/lib/python3.12/site-packages/airflow/example_dags/example_sensor_decorator.py for tasks to queue
[2025-03-07T02:33:15.962+0000] {logging_mixin.py:190} INFO - [2025-03-07T02:33:15.961+0000] {dagbag.py:588} INFO - Filling up the DagBag from /home/Ashreem/airflow-env/lib/python3.12/site-packages/airflow/example_dags/example_sensor_decorator.py
[2025-03-07T02:33:15.974+0000] {processor.py:925} INFO - DAG(s) 'example_sensor_decorator' retrieved from /home/Ashreem/airflow-env/lib/python3.12/site-packages/airflow/example_dags/example_sensor_decorator.py
[2025-03-07T02:33:15.999+0000] {logging_mixin.py:190} INFO - [2025-03-07T02:33:15.998+0000] {dag.py:3239} INFO - Sync 1 DAGs
[2025-03-07T02:33:16.016+0000] {logging_mixin.py:190} INFO - [2025-03-07T02:33:16.016+0000] {dag.py:4180} INFO - Setting next_dagrun for example_sensor_decorator to None, run_after=None
[2025-03-07T02:33:16.058+0000] {processor.py:208} INFO - Processing /home/Ashreem/airflow-env/lib/python3.12/site-packages/airflow/example_dags/example_sensor_decorator.py took 0.110 seconds
[2025-03-07T02:34:20.300+0000] {processor.py:186} INFO - Started process (PID=46425) to work on /home/Ashreem/airflow-env/lib/python3.12/site-packages/airflow/example_dags/example_sensor_decorator.py
[2025-03-07T02:34:20.797+0000] {processor.py:914} INFO - Processing file /home/Ashreem/airflow-env/lib/python3.12/site-packages/airflow/example_dags/example_sensor_decorator.py for tasks to queue
[2025-03-07T02:34:20.800+0000] {logging_mixin.py:190} INFO - [2025-03-07T02:34:20.799+0000] {dagbag.py:588} INFO - Filling up the DagBag from /home/Ashreem/airflow-env/lib/python3.12/site-packages/airflow/example_dags/example_sensor_decorator.py
[2025-03-07T02:34:20.812+0000] {processor.py:925} INFO - DAG(s) 'example_sensor_decorator' retrieved from /home/Ashreem/airflow-env/lib/python3.12/site-packages/airflow/example_dags/example_sensor_decorator.py
[2025-03-07T02:34:20.831+0000] {logging_mixin.py:190} INFO - [2025-03-07T02:34:20.831+0000] {dag.py:3239} INFO - Sync 1 DAGs
[2025-03-07T02:34:20.848+0000] {logging_mixin.py:190} INFO - [2025-03-07T02:34:20.848+0000] {dag.py:4180} INFO - Setting next_dagrun for example_sensor_decorator to None, run_after=None
[2025-03-07T02:34:20.910+0000] {processor.py:208} INFO - Processing /home/Ashreem/airflow-env/lib/python3.12/site-packages/airflow/example_dags/example_sensor_decorator.py took 0.620 seconds
[2025-03-07T02:35:27.119+0000] {processor.py:186} INFO - Started process (PID=46491) to work on /home/Ashreem/airflow-env/lib/python3.12/site-packages/airflow/example_dags/example_sensor_decorator.py
[2025-03-07T02:35:27.120+0000] {processor.py:914} INFO - Processing file /home/Ashreem/airflow-env/lib/python3.12/site-packages/airflow/example_dags/example_sensor_decorator.py for tasks to queue
[2025-03-07T02:35:27.123+0000] {logging_mixin.py:190} INFO - [2025-03-07T02:35:27.122+0000] {dagbag.py:588} INFO - Filling up the DagBag from /home/Ashreem/airflow-env/lib/python3.12/site-packages/airflow/example_dags/example_sensor_decorator.py
[2025-03-07T02:35:27.134+0000] {processor.py:925} INFO - DAG(s) 'example_sensor_decorator' retrieved from /home/Ashreem/airflow-env/lib/python3.12/site-packages/airflow/example_dags/example_sensor_decorator.py
[2025-03-07T02:35:27.154+0000] {logging_mixin.py:190} INFO - [2025-03-07T02:35:27.154+0000] {dag.py:3239} INFO - Sync 1 DAGs
[2025-03-07T02:35:27.170+0000] {logging_mixin.py:190} INFO - [2025-03-07T02:35:27.169+0000] {dag.py:4180} INFO - Setting next_dagrun for example_sensor_decorator to None, run_after=None
[2025-03-07T02:35:27.211+0000] {processor.py:208} INFO - Processing /home/Ashreem/airflow-env/lib/python3.12/site-packages/airflow/example_dags/example_sensor_decorator.py took 0.100 seconds
[2025-03-07T02:36:35.074+0000] {processor.py:186} INFO - Started process (PID=46560) to work on /home/Ashreem/airflow-env/lib/python3.12/site-packages/airflow/example_dags/example_sensor_decorator.py
[2025-03-07T02:36:35.076+0000] {processor.py:914} INFO - Processing file /home/Ashreem/airflow-env/lib/python3.12/site-packages/airflow/example_dags/example_sensor_decorator.py for tasks to queue
[2025-03-07T02:36:35.079+0000] {logging_mixin.py:190} INFO - [2025-03-07T02:36:35.078+0000] {dagbag.py:588} INFO - Filling up the DagBag from /home/Ashreem/airflow-env/lib/python3.12/site-packages/airflow/example_dags/example_sensor_decorator.py
[2025-03-07T02:36:35.092+0000] {processor.py:925} INFO - DAG(s) 'example_sensor_decorator' retrieved from /home/Ashreem/airflow-env/lib/python3.12/site-packages/airflow/example_dags/example_sensor_decorator.py
[2025-03-07T02:36:35.116+0000] {logging_mixin.py:190} INFO - [2025-03-07T02:36:35.116+0000] {dag.py:3239} INFO - Sync 1 DAGs
[2025-03-07T02:36:35.132+0000] {logging_mixin.py:190} INFO - [2025-03-07T02:36:35.132+0000] {dag.py:4180} INFO - Setting next_dagrun for example_sensor_decorator to None, run_after=None
[2025-03-07T02:36:35.172+0000] {processor.py:208} INFO - Processing /home/Ashreem/airflow-env/lib/python3.12/site-packages/airflow/example_dags/example_sensor_decorator.py took 0.108 seconds
[2025-03-07T02:37:38.750+0000] {processor.py:186} INFO - Started process (PID=46624) to work on /home/Ashreem/airflow-env/lib/python3.12/site-packages/airflow/example_dags/example_sensor_decorator.py
[2025-03-07T02:37:38.752+0000] {processor.py:914} INFO - Processing file /home/Ashreem/airflow-env/lib/python3.12/site-packages/airflow/example_dags/example_sensor_decorator.py for tasks to queue
[2025-03-07T02:37:38.755+0000] {logging_mixin.py:190} INFO - [2025-03-07T02:37:38.755+0000] {dagbag.py:588} INFO - Filling up the DagBag from /home/Ashreem/airflow-env/lib/python3.12/site-packages/airflow/example_dags/example_sensor_decorator.py
[2025-03-07T02:37:38.767+0000] {processor.py:925} INFO - DAG(s) 'example_sensor_decorator' retrieved from /home/Ashreem/airflow-env/lib/python3.12/site-packages/airflow/example_dags/example_sensor_decorator.py
[2025-03-07T02:37:38.787+0000] {logging_mixin.py:190} INFO - [2025-03-07T02:37:38.787+0000] {dag.py:3239} INFO - Sync 1 DAGs
[2025-03-07T02:37:38.804+0000] {logging_mixin.py:190} INFO - [2025-03-07T02:37:38.804+0000] {dag.py:4180} INFO - Setting next_dagrun for example_sensor_decorator to None, run_after=None
[2025-03-07T02:37:38.842+0000] {processor.py:208} INFO - Processing /home/Ashreem/airflow-env/lib/python3.12/site-packages/airflow/example_dags/example_sensor_decorator.py took 0.099 seconds
[2025-03-07T02:38:41.119+0000] {processor.py:186} INFO - Started process (PID=46693) to work on /home/Ashreem/airflow-env/lib/python3.12/site-packages/airflow/example_dags/example_sensor_decorator.py
[2025-03-07T02:38:41.121+0000] {processor.py:914} INFO - Processing file /home/Ashreem/airflow-env/lib/python3.12/site-packages/airflow/example_dags/example_sensor_decorator.py for tasks to queue
[2025-03-07T02:38:41.124+0000] {logging_mixin.py:190} INFO - [2025-03-07T02:38:41.124+0000] {dagbag.py:588} INFO - Filling up the DagBag from /home/Ashreem/airflow-env/lib/python3.12/site-packages/airflow/example_dags/example_sensor_decorator.py
[2025-03-07T02:38:41.137+0000] {processor.py:925} INFO - DAG(s) 'example_sensor_decorator' retrieved from /home/Ashreem/airflow-env/lib/python3.12/site-packages/airflow/example_dags/example_sensor_decorator.py
[2025-03-07T02:38:41.161+0000] {logging_mixin.py:190} INFO - [2025-03-07T02:38:41.161+0000] {dag.py:3239} INFO - Sync 1 DAGs
[2025-03-07T02:38:41.179+0000] {logging_mixin.py:190} INFO - [2025-03-07T02:38:41.179+0000] {dag.py:4180} INFO - Setting next_dagrun for example_sensor_decorator to None, run_after=None
[2025-03-07T02:38:41.220+0000] {processor.py:208} INFO - Processing /home/Ashreem/airflow-env/lib/python3.12/site-packages/airflow/example_dags/example_sensor_decorator.py took 0.109 seconds
[2025-03-07T02:39:44.930+0000] {processor.py:186} INFO - Started process (PID=46756) to work on /home/Ashreem/airflow-env/lib/python3.12/site-packages/airflow/example_dags/example_sensor_decorator.py
[2025-03-07T02:39:44.932+0000] {processor.py:914} INFO - Processing file /home/Ashreem/airflow-env/lib/python3.12/site-packages/airflow/example_dags/example_sensor_decorator.py for tasks to queue
[2025-03-07T02:39:44.937+0000] {logging_mixin.py:190} INFO - [2025-03-07T02:39:44.937+0000] {dagbag.py:588} INFO - Filling up the DagBag from /home/Ashreem/airflow-env/lib/python3.12/site-packages/airflow/example_dags/example_sensor_decorator.py
[2025-03-07T02:39:44.950+0000] {processor.py:925} INFO - DAG(s) 'example_sensor_decorator' retrieved from /home/Ashreem/airflow-env/lib/python3.12/site-packages/airflow/example_dags/example_sensor_decorator.py
[2025-03-07T02:39:44.972+0000] {logging_mixin.py:190} INFO - [2025-03-07T02:39:44.972+0000] {dag.py:3239} INFO - Sync 1 DAGs
[2025-03-07T02:39:44.990+0000] {logging_mixin.py:190} INFO - [2025-03-07T02:39:44.990+0000] {dag.py:4180} INFO - Setting next_dagrun for example_sensor_decorator to None, run_after=None
[2025-03-07T02:39:45.039+0000] {processor.py:208} INFO - Processing /home/Ashreem/airflow-env/lib/python3.12/site-packages/airflow/example_dags/example_sensor_decorator.py took 0.117 seconds
[2025-03-07T02:40:48.160+0000] {processor.py:186} INFO - Started process (PID=46820) to work on /home/Ashreem/airflow-env/lib/python3.12/site-packages/airflow/example_dags/example_sensor_decorator.py
[2025-03-07T02:40:48.162+0000] {processor.py:914} INFO - Processing file /home/Ashreem/airflow-env/lib/python3.12/site-packages/airflow/example_dags/example_sensor_decorator.py for tasks to queue
[2025-03-07T02:40:48.165+0000] {logging_mixin.py:190} INFO - [2025-03-07T02:40:48.164+0000] {dagbag.py:588} INFO - Filling up the DagBag from /home/Ashreem/airflow-env/lib/python3.12/site-packages/airflow/example_dags/example_sensor_decorator.py
[2025-03-07T02:40:48.178+0000] {processor.py:925} INFO - DAG(s) 'example_sensor_decorator' retrieved from /home/Ashreem/airflow-env/lib/python3.12/site-packages/airflow/example_dags/example_sensor_decorator.py
[2025-03-07T02:40:48.199+0000] {logging_mixin.py:190} INFO - [2025-03-07T02:40:48.198+0000] {dag.py:3239} INFO - Sync 1 DAGs
[2025-03-07T02:40:48.220+0000] {logging_mixin.py:190} INFO - [2025-03-07T02:40:48.220+0000] {dag.py:4180} INFO - Setting next_dagrun for example_sensor_decorator to None, run_after=None
[2025-03-07T02:40:48.259+0000] {processor.py:208} INFO - Processing /home/Ashreem/airflow-env/lib/python3.12/site-packages/airflow/example_dags/example_sensor_decorator.py took 0.107 seconds
[2025-03-07T02:41:50.741+0000] {processor.py:186} INFO - Started process (PID=46883) to work on /home/Ashreem/airflow-env/lib/python3.12/site-packages/airflow/example_dags/example_sensor_decorator.py
[2025-03-07T02:41:50.742+0000] {processor.py:914} INFO - Processing file /home/Ashreem/airflow-env/lib/python3.12/site-packages/airflow/example_dags/example_sensor_decorator.py for tasks to queue
[2025-03-07T02:41:50.745+0000] {logging_mixin.py:190} INFO - [2025-03-07T02:41:50.745+0000] {dagbag.py:588} INFO - Filling up the DagBag from /home/Ashreem/airflow-env/lib/python3.12/site-packages/airflow/example_dags/example_sensor_decorator.py
[2025-03-07T02:41:50.757+0000] {processor.py:925} INFO - DAG(s) 'example_sensor_decorator' retrieved from /home/Ashreem/airflow-env/lib/python3.12/site-packages/airflow/example_dags/example_sensor_decorator.py
[2025-03-07T02:41:50.775+0000] {logging_mixin.py:190} INFO - [2025-03-07T02:41:50.775+0000] {dag.py:3239} INFO - Sync 1 DAGs
[2025-03-07T02:41:50.791+0000] {logging_mixin.py:190} INFO - [2025-03-07T02:41:50.790+0000] {dag.py:4180} INFO - Setting next_dagrun for example_sensor_decorator to None, run_after=None
[2025-03-07T02:41:50.832+0000] {processor.py:208} INFO - Processing /home/Ashreem/airflow-env/lib/python3.12/site-packages/airflow/example_dags/example_sensor_decorator.py took 0.099 seconds
[2025-03-07T02:42:55.231+0000] {processor.py:186} INFO - Started process (PID=46950) to work on /home/Ashreem/airflow-env/lib/python3.12/site-packages/airflow/example_dags/example_sensor_decorator.py
[2025-03-07T02:42:55.235+0000] {processor.py:914} INFO - Processing file /home/Ashreem/airflow-env/lib/python3.12/site-packages/airflow/example_dags/example_sensor_decorator.py for tasks to queue
[2025-03-07T02:42:55.238+0000] {logging_mixin.py:190} INFO - [2025-03-07T02:42:55.237+0000] {dagbag.py:588} INFO - Filling up the DagBag from /home/Ashreem/airflow-env/lib/python3.12/site-packages/airflow/example_dags/example_sensor_decorator.py
[2025-03-07T02:42:55.250+0000] {processor.py:925} INFO - DAG(s) 'example_sensor_decorator' retrieved from /home/Ashreem/airflow-env/lib/python3.12/site-packages/airflow/example_dags/example_sensor_decorator.py
[2025-03-07T02:42:55.278+0000] {logging_mixin.py:190} INFO - [2025-03-07T02:42:55.278+0000] {dag.py:3239} INFO - Sync 1 DAGs
[2025-03-07T02:42:55.296+0000] {logging_mixin.py:190} INFO - [2025-03-07T02:42:55.296+0000] {dag.py:4180} INFO - Setting next_dagrun for example_sensor_decorator to None, run_after=None
[2025-03-07T02:42:55.355+0000] {processor.py:208} INFO - Processing /home/Ashreem/airflow-env/lib/python3.12/site-packages/airflow/example_dags/example_sensor_decorator.py took 0.131 seconds
[2025-03-07T02:43:59.322+0000] {processor.py:186} INFO - Started process (PID=47023) to work on /home/Ashreem/airflow-env/lib/python3.12/site-packages/airflow/example_dags/example_sensor_decorator.py
[2025-03-07T02:43:59.323+0000] {processor.py:914} INFO - Processing file /home/Ashreem/airflow-env/lib/python3.12/site-packages/airflow/example_dags/example_sensor_decorator.py for tasks to queue
[2025-03-07T02:43:59.326+0000] {logging_mixin.py:190} INFO - [2025-03-07T02:43:59.325+0000] {dagbag.py:588} INFO - Filling up the DagBag from /home/Ashreem/airflow-env/lib/python3.12/site-packages/airflow/example_dags/example_sensor_decorator.py
[2025-03-07T02:43:59.338+0000] {processor.py:925} INFO - DAG(s) 'example_sensor_decorator' retrieved from /home/Ashreem/airflow-env/lib/python3.12/site-packages/airflow/example_dags/example_sensor_decorator.py
[2025-03-07T02:43:59.364+0000] {logging_mixin.py:190} INFO - [2025-03-07T02:43:59.364+0000] {dag.py:3239} INFO - Sync 1 DAGs
[2025-03-07T02:43:59.382+0000] {logging_mixin.py:190} INFO - [2025-03-07T02:43:59.382+0000] {dag.py:4180} INFO - Setting next_dagrun for example_sensor_decorator to None, run_after=None
[2025-03-07T02:43:59.427+0000] {processor.py:208} INFO - Processing /home/Ashreem/airflow-env/lib/python3.12/site-packages/airflow/example_dags/example_sensor_decorator.py took 0.113 seconds
[2025-03-07T02:45:00.729+0000] {processor.py:186} INFO - Started process (PID=47098) to work on /home/Ashreem/airflow-env/lib/python3.12/site-packages/airflow/example_dags/example_sensor_decorator.py
[2025-03-07T02:45:00.731+0000] {processor.py:914} INFO - Processing file /home/Ashreem/airflow-env/lib/python3.12/site-packages/airflow/example_dags/example_sensor_decorator.py for tasks to queue
[2025-03-07T02:45:00.735+0000] {logging_mixin.py:190} INFO - [2025-03-07T02:45:00.734+0000] {dagbag.py:588} INFO - Filling up the DagBag from /home/Ashreem/airflow-env/lib/python3.12/site-packages/airflow/example_dags/example_sensor_decorator.py
[2025-03-07T02:45:00.747+0000] {processor.py:925} INFO - DAG(s) 'example_sensor_decorator' retrieved from /home/Ashreem/airflow-env/lib/python3.12/site-packages/airflow/example_dags/example_sensor_decorator.py
[2025-03-07T02:45:00.775+0000] {logging_mixin.py:190} INFO - [2025-03-07T02:45:00.775+0000] {dag.py:3239} INFO - Sync 1 DAGs
[2025-03-07T02:45:00.791+0000] {logging_mixin.py:190} INFO - [2025-03-07T02:45:00.791+0000] {dag.py:4180} INFO - Setting next_dagrun for example_sensor_decorator to None, run_after=None
[2025-03-07T02:45:00.830+0000] {processor.py:208} INFO - Processing /home/Ashreem/airflow-env/lib/python3.12/site-packages/airflow/example_dags/example_sensor_decorator.py took 0.109 seconds
[2025-03-07T02:46:04.882+0000] {processor.py:186} INFO - Started process (PID=47168) to work on /home/Ashreem/airflow-env/lib/python3.12/site-packages/airflow/example_dags/example_sensor_decorator.py
[2025-03-07T02:46:04.883+0000] {processor.py:914} INFO - Processing file /home/Ashreem/airflow-env/lib/python3.12/site-packages/airflow/example_dags/example_sensor_decorator.py for tasks to queue
[2025-03-07T02:46:04.886+0000] {logging_mixin.py:190} INFO - [2025-03-07T02:46:04.886+0000] {dagbag.py:588} INFO - Filling up the DagBag from /home/Ashreem/airflow-env/lib/python3.12/site-packages/airflow/example_dags/example_sensor_decorator.py
[2025-03-07T02:46:04.897+0000] {processor.py:925} INFO - DAG(s) 'example_sensor_decorator' retrieved from /home/Ashreem/airflow-env/lib/python3.12/site-packages/airflow/example_dags/example_sensor_decorator.py
[2025-03-07T02:46:04.919+0000] {logging_mixin.py:190} INFO - [2025-03-07T02:46:04.919+0000] {dag.py:3239} INFO - Sync 1 DAGs
[2025-03-07T02:46:04.934+0000] {logging_mixin.py:190} INFO - [2025-03-07T02:46:04.934+0000] {dag.py:4180} INFO - Setting next_dagrun for example_sensor_decorator to None, run_after=None
[2025-03-07T02:46:04.974+0000] {processor.py:208} INFO - Processing /home/Ashreem/airflow-env/lib/python3.12/site-packages/airflow/example_dags/example_sensor_decorator.py took 0.101 seconds
[2025-03-07T02:47:07.919+0000] {processor.py:186} INFO - Started process (PID=47230) to work on /home/Ashreem/airflow-env/lib/python3.12/site-packages/airflow/example_dags/example_sensor_decorator.py
[2025-03-07T02:47:07.921+0000] {processor.py:914} INFO - Processing file /home/Ashreem/airflow-env/lib/python3.12/site-packages/airflow/example_dags/example_sensor_decorator.py for tasks to queue
[2025-03-07T02:47:07.924+0000] {logging_mixin.py:190} INFO - [2025-03-07T02:47:07.923+0000] {dagbag.py:588} INFO - Filling up the DagBag from /home/Ashreem/airflow-env/lib/python3.12/site-packages/airflow/example_dags/example_sensor_decorator.py
[2025-03-07T02:47:07.936+0000] {processor.py:925} INFO - DAG(s) 'example_sensor_decorator' retrieved from /home/Ashreem/airflow-env/lib/python3.12/site-packages/airflow/example_dags/example_sensor_decorator.py
[2025-03-07T02:47:07.957+0000] {logging_mixin.py:190} INFO - [2025-03-07T02:47:07.957+0000] {dag.py:3239} INFO - Sync 1 DAGs
[2025-03-07T02:47:07.973+0000] {logging_mixin.py:190} INFO - [2025-03-07T02:47:07.973+0000] {dag.py:4180} INFO - Setting next_dagrun for example_sensor_decorator to None, run_after=None
[2025-03-07T02:47:08.015+0000] {processor.py:208} INFO - Processing /home/Ashreem/airflow-env/lib/python3.12/site-packages/airflow/example_dags/example_sensor_decorator.py took 0.105 seconds
[2025-03-07T02:48:14.506+0000] {processor.py:186} INFO - Started process (PID=47294) to work on /home/Ashreem/airflow-env/lib/python3.12/site-packages/airflow/example_dags/example_sensor_decorator.py
[2025-03-07T02:48:14.508+0000] {processor.py:914} INFO - Processing file /home/Ashreem/airflow-env/lib/python3.12/site-packages/airflow/example_dags/example_sensor_decorator.py for tasks to queue
[2025-03-07T02:48:14.511+0000] {logging_mixin.py:190} INFO - [2025-03-07T02:48:14.510+0000] {dagbag.py:588} INFO - Filling up the DagBag from /home/Ashreem/airflow-env/lib/python3.12/site-packages/airflow/example_dags/example_sensor_decorator.py
[2025-03-07T02:48:14.523+0000] {processor.py:925} INFO - DAG(s) 'example_sensor_decorator' retrieved from /home/Ashreem/airflow-env/lib/python3.12/site-packages/airflow/example_dags/example_sensor_decorator.py
[2025-03-07T02:48:14.546+0000] {logging_mixin.py:190} INFO - [2025-03-07T02:48:14.545+0000] {dag.py:3239} INFO - Sync 1 DAGs
[2025-03-07T02:48:14.563+0000] {logging_mixin.py:190} INFO - [2025-03-07T02:48:14.562+0000] {dag.py:4180} INFO - Setting next_dagrun for example_sensor_decorator to None, run_after=None
[2025-03-07T02:48:14.601+0000] {processor.py:208} INFO - Processing /home/Ashreem/airflow-env/lib/python3.12/site-packages/airflow/example_dags/example_sensor_decorator.py took 0.103 seconds
[2025-03-07T02:49:21.867+0000] {processor.py:186} INFO - Started process (PID=47374) to work on /home/Ashreem/airflow-env/lib/python3.12/site-packages/airflow/example_dags/example_sensor_decorator.py
[2025-03-07T02:49:21.869+0000] {processor.py:914} INFO - Processing file /home/Ashreem/airflow-env/lib/python3.12/site-packages/airflow/example_dags/example_sensor_decorator.py for tasks to queue
[2025-03-07T02:49:21.872+0000] {logging_mixin.py:190} INFO - [2025-03-07T02:49:21.871+0000] {dagbag.py:588} INFO - Filling up the DagBag from /home/Ashreem/airflow-env/lib/python3.12/site-packages/airflow/example_dags/example_sensor_decorator.py
[2025-03-07T02:49:21.884+0000] {processor.py:925} INFO - DAG(s) 'example_sensor_decorator' retrieved from /home/Ashreem/airflow-env/lib/python3.12/site-packages/airflow/example_dags/example_sensor_decorator.py
[2025-03-07T02:49:21.903+0000] {logging_mixin.py:190} INFO - [2025-03-07T02:49:21.903+0000] {dag.py:3239} INFO - Sync 1 DAGs
[2025-03-07T02:49:21.919+0000] {logging_mixin.py:190} INFO - [2025-03-07T02:49:21.919+0000] {dag.py:4180} INFO - Setting next_dagrun for example_sensor_decorator to None, run_after=None
[2025-03-07T02:49:21.973+0000] {processor.py:208} INFO - Processing /home/Ashreem/airflow-env/lib/python3.12/site-packages/airflow/example_dags/example_sensor_decorator.py took 0.116 seconds
[2025-03-07T02:50:29.568+0000] {processor.py:186} INFO - Started process (PID=47450) to work on /home/Ashreem/airflow-env/lib/python3.12/site-packages/airflow/example_dags/example_sensor_decorator.py
[2025-03-07T02:50:29.570+0000] {processor.py:914} INFO - Processing file /home/Ashreem/airflow-env/lib/python3.12/site-packages/airflow/example_dags/example_sensor_decorator.py for tasks to queue
[2025-03-07T02:50:29.572+0000] {logging_mixin.py:190} INFO - [2025-03-07T02:50:29.572+0000] {dagbag.py:588} INFO - Filling up the DagBag from /home/Ashreem/airflow-env/lib/python3.12/site-packages/airflow/example_dags/example_sensor_decorator.py
[2025-03-07T02:50:29.586+0000] {processor.py:925} INFO - DAG(s) 'example_sensor_decorator' retrieved from /home/Ashreem/airflow-env/lib/python3.12/site-packages/airflow/example_dags/example_sensor_decorator.py
[2025-03-07T02:50:29.605+0000] {logging_mixin.py:190} INFO - [2025-03-07T02:50:29.605+0000] {dag.py:3239} INFO - Sync 1 DAGs
[2025-03-07T02:50:29.621+0000] {logging_mixin.py:190} INFO - [2025-03-07T02:50:29.621+0000] {dag.py:4180} INFO - Setting next_dagrun for example_sensor_decorator to None, run_after=None
[2025-03-07T02:50:29.655+0000] {processor.py:208} INFO - Processing /home/Ashreem/airflow-env/lib/python3.12/site-packages/airflow/example_dags/example_sensor_decorator.py took 0.095 seconds
[2025-03-07T02:51:28.590+0000] {processor.py:186} INFO - Started process (PID=47510) to work on /home/Ashreem/airflow-env/lib/python3.12/site-packages/airflow/example_dags/example_sensor_decorator.py
[2025-03-07T02:51:28.592+0000] {processor.py:914} INFO - Processing file /home/Ashreem/airflow-env/lib/python3.12/site-packages/airflow/example_dags/example_sensor_decorator.py for tasks to queue
[2025-03-07T02:51:28.597+0000] {logging_mixin.py:190} INFO - [2025-03-07T02:51:28.596+0000] {dagbag.py:588} INFO - Filling up the DagBag from /home/Ashreem/airflow-env/lib/python3.12/site-packages/airflow/example_dags/example_sensor_decorator.py
[2025-03-07T02:51:28.608+0000] {processor.py:925} INFO - DAG(s) 'example_sensor_decorator' retrieved from /home/Ashreem/airflow-env/lib/python3.12/site-packages/airflow/example_dags/example_sensor_decorator.py
[2025-03-07T02:51:28.627+0000] {logging_mixin.py:190} INFO - [2025-03-07T02:51:28.627+0000] {dag.py:3239} INFO - Sync 1 DAGs
[2025-03-07T02:51:28.644+0000] {logging_mixin.py:190} INFO - [2025-03-07T02:51:28.644+0000] {dag.py:4180} INFO - Setting next_dagrun for example_sensor_decorator to None, run_after=None
[2025-03-07T02:51:28.678+0000] {processor.py:208} INFO - Processing /home/Ashreem/airflow-env/lib/python3.12/site-packages/airflow/example_dags/example_sensor_decorator.py took 0.095 seconds
[2025-03-07T02:52:34.935+0000] {processor.py:186} INFO - Started process (PID=47577) to work on /home/Ashreem/airflow-env/lib/python3.12/site-packages/airflow/example_dags/example_sensor_decorator.py
[2025-03-07T02:52:34.936+0000] {processor.py:914} INFO - Processing file /home/Ashreem/airflow-env/lib/python3.12/site-packages/airflow/example_dags/example_sensor_decorator.py for tasks to queue
[2025-03-07T02:52:34.939+0000] {logging_mixin.py:190} INFO - [2025-03-07T02:52:34.938+0000] {dagbag.py:588} INFO - Filling up the DagBag from /home/Ashreem/airflow-env/lib/python3.12/site-packages/airflow/example_dags/example_sensor_decorator.py
[2025-03-07T02:52:34.949+0000] {processor.py:925} INFO - DAG(s) 'example_sensor_decorator' retrieved from /home/Ashreem/airflow-env/lib/python3.12/site-packages/airflow/example_dags/example_sensor_decorator.py
[2025-03-07T02:52:34.969+0000] {logging_mixin.py:190} INFO - [2025-03-07T02:52:34.968+0000] {dag.py:3239} INFO - Sync 1 DAGs
[2025-03-07T02:52:34.984+0000] {logging_mixin.py:190} INFO - [2025-03-07T02:52:34.983+0000] {dag.py:4180} INFO - Setting next_dagrun for example_sensor_decorator to None, run_after=None
[2025-03-07T02:52:35.025+0000] {processor.py:208} INFO - Processing /home/Ashreem/airflow-env/lib/python3.12/site-packages/airflow/example_dags/example_sensor_decorator.py took 0.098 seconds
[2025-03-07T02:53:38.335+0000] {processor.py:186} INFO - Started process (PID=47645) to work on /home/Ashreem/airflow-env/lib/python3.12/site-packages/airflow/example_dags/example_sensor_decorator.py
[2025-03-07T02:53:38.337+0000] {processor.py:914} INFO - Processing file /home/Ashreem/airflow-env/lib/python3.12/site-packages/airflow/example_dags/example_sensor_decorator.py for tasks to queue
[2025-03-07T02:53:38.339+0000] {logging_mixin.py:190} INFO - [2025-03-07T02:53:38.339+0000] {dagbag.py:588} INFO - Filling up the DagBag from /home/Ashreem/airflow-env/lib/python3.12/site-packages/airflow/example_dags/example_sensor_decorator.py
[2025-03-07T02:53:38.350+0000] {processor.py:925} INFO - DAG(s) 'example_sensor_decorator' retrieved from /home/Ashreem/airflow-env/lib/python3.12/site-packages/airflow/example_dags/example_sensor_decorator.py
[2025-03-07T02:53:38.371+0000] {logging_mixin.py:190} INFO - [2025-03-07T02:53:38.371+0000] {dag.py:3239} INFO - Sync 1 DAGs
[2025-03-07T02:53:38.388+0000] {logging_mixin.py:190} INFO - [2025-03-07T02:53:38.387+0000] {dag.py:4180} INFO - Setting next_dagrun for example_sensor_decorator to None, run_after=None
[2025-03-07T02:53:38.422+0000] {processor.py:208} INFO - Processing /home/Ashreem/airflow-env/lib/python3.12/site-packages/airflow/example_dags/example_sensor_decorator.py took 0.095 seconds
[2025-03-07T02:54:41.113+0000] {processor.py:186} INFO - Started process (PID=47706) to work on /home/Ashreem/airflow-env/lib/python3.12/site-packages/airflow/example_dags/example_sensor_decorator.py
[2025-03-07T02:54:41.115+0000] {processor.py:914} INFO - Processing file /home/Ashreem/airflow-env/lib/python3.12/site-packages/airflow/example_dags/example_sensor_decorator.py for tasks to queue
[2025-03-07T02:54:41.118+0000] {logging_mixin.py:190} INFO - [2025-03-07T02:54:41.117+0000] {dagbag.py:588} INFO - Filling up the DagBag from /home/Ashreem/airflow-env/lib/python3.12/site-packages/airflow/example_dags/example_sensor_decorator.py
[2025-03-07T02:54:41.133+0000] {processor.py:925} INFO - DAG(s) 'example_sensor_decorator' retrieved from /home/Ashreem/airflow-env/lib/python3.12/site-packages/airflow/example_dags/example_sensor_decorator.py
[2025-03-07T02:54:41.158+0000] {logging_mixin.py:190} INFO - [2025-03-07T02:54:41.158+0000] {dag.py:3239} INFO - Sync 1 DAGs
[2025-03-07T02:54:41.175+0000] {logging_mixin.py:190} INFO - [2025-03-07T02:54:41.175+0000] {dag.py:4180} INFO - Setting next_dagrun for example_sensor_decorator to None, run_after=None
[2025-03-07T02:54:41.213+0000] {processor.py:208} INFO - Processing /home/Ashreem/airflow-env/lib/python3.12/site-packages/airflow/example_dags/example_sensor_decorator.py took 0.107 seconds
[2025-03-07T02:55:41.684+0000] {processor.py:186} INFO - Started process (PID=47838) to work on /home/Ashreem/airflow-env/lib/python3.12/site-packages/airflow/example_dags/example_sensor_decorator.py
[2025-03-07T02:55:41.685+0000] {processor.py:914} INFO - Processing file /home/Ashreem/airflow-env/lib/python3.12/site-packages/airflow/example_dags/example_sensor_decorator.py for tasks to queue
[2025-03-07T02:55:41.688+0000] {logging_mixin.py:190} INFO - [2025-03-07T02:55:41.687+0000] {dagbag.py:588} INFO - Filling up the DagBag from /home/Ashreem/airflow-env/lib/python3.12/site-packages/airflow/example_dags/example_sensor_decorator.py
[2025-03-07T02:55:41.700+0000] {processor.py:925} INFO - DAG(s) 'example_sensor_decorator' retrieved from /home/Ashreem/airflow-env/lib/python3.12/site-packages/airflow/example_dags/example_sensor_decorator.py
[2025-03-07T02:55:41.718+0000] {logging_mixin.py:190} INFO - [2025-03-07T02:55:41.718+0000] {dag.py:3239} INFO - Sync 1 DAGs
[2025-03-07T02:55:41.734+0000] {logging_mixin.py:190} INFO - [2025-03-07T02:55:41.733+0000] {dag.py:4180} INFO - Setting next_dagrun for example_sensor_decorator to None, run_after=None
[2025-03-07T02:55:41.772+0000] {processor.py:208} INFO - Processing /home/Ashreem/airflow-env/lib/python3.12/site-packages/airflow/example_dags/example_sensor_decorator.py took 0.097 seconds
[2025-03-07T02:56:44.770+0000] {processor.py:186} INFO - Started process (PID=47955) to work on /home/Ashreem/airflow-env/lib/python3.12/site-packages/airflow/example_dags/example_sensor_decorator.py
[2025-03-07T02:56:44.771+0000] {processor.py:914} INFO - Processing file /home/Ashreem/airflow-env/lib/python3.12/site-packages/airflow/example_dags/example_sensor_decorator.py for tasks to queue
[2025-03-07T02:56:44.774+0000] {logging_mixin.py:190} INFO - [2025-03-07T02:56:44.773+0000] {dagbag.py:588} INFO - Filling up the DagBag from /home/Ashreem/airflow-env/lib/python3.12/site-packages/airflow/example_dags/example_sensor_decorator.py
[2025-03-07T02:56:44.786+0000] {processor.py:925} INFO - DAG(s) 'example_sensor_decorator' retrieved from /home/Ashreem/airflow-env/lib/python3.12/site-packages/airflow/example_dags/example_sensor_decorator.py
[2025-03-07T02:56:44.808+0000] {logging_mixin.py:190} INFO - [2025-03-07T02:56:44.808+0000] {dag.py:3239} INFO - Sync 1 DAGs
[2025-03-07T02:56:44.826+0000] {logging_mixin.py:190} INFO - [2025-03-07T02:56:44.826+0000] {dag.py:4180} INFO - Setting next_dagrun for example_sensor_decorator to None, run_after=None
[2025-03-07T02:56:44.866+0000] {processor.py:208} INFO - Processing /home/Ashreem/airflow-env/lib/python3.12/site-packages/airflow/example_dags/example_sensor_decorator.py took 0.105 seconds
[2025-03-07T02:56:48.222+0000] {processor.py:186} INFO - Started process (PID=47961) to work on /home/Ashreem/airflow-env/lib/python3.12/site-packages/airflow/example_dags/example_sensor_decorator.py
[2025-03-07T02:56:48.223+0000] {processor.py:914} INFO - Processing file /home/Ashreem/airflow-env/lib/python3.12/site-packages/airflow/example_dags/example_sensor_decorator.py for tasks to queue
[2025-03-07T02:56:48.226+0000] {logging_mixin.py:190} INFO - [2025-03-07T02:56:48.225+0000] {dagbag.py:588} INFO - Filling up the DagBag from /home/Ashreem/airflow-env/lib/python3.12/site-packages/airflow/example_dags/example_sensor_decorator.py
[2025-03-07T02:56:48.237+0000] {processor.py:925} INFO - DAG(s) 'example_sensor_decorator' retrieved from /home/Ashreem/airflow-env/lib/python3.12/site-packages/airflow/example_dags/example_sensor_decorator.py
[2025-03-07T02:56:48.258+0000] {logging_mixin.py:190} INFO - [2025-03-07T02:56:48.258+0000] {dag.py:3239} INFO - Sync 1 DAGs
[2025-03-07T02:56:48.275+0000] {logging_mixin.py:190} INFO - [2025-03-07T02:56:48.274+0000] {dag.py:4180} INFO - Setting next_dagrun for example_sensor_decorator to None, run_after=None
[2025-03-07T02:56:48.317+0000] {processor.py:208} INFO - Processing /home/Ashreem/airflow-env/lib/python3.12/site-packages/airflow/example_dags/example_sensor_decorator.py took 0.103 seconds
[2025-03-07T02:57:51.961+0000] {processor.py:186} INFO - Started process (PID=48058) to work on /home/Ashreem/airflow-env/lib/python3.12/site-packages/airflow/example_dags/example_sensor_decorator.py
[2025-03-07T02:57:51.963+0000] {processor.py:914} INFO - Processing file /home/Ashreem/airflow-env/lib/python3.12/site-packages/airflow/example_dags/example_sensor_decorator.py for tasks to queue
[2025-03-07T02:57:51.965+0000] {logging_mixin.py:190} INFO - [2025-03-07T02:57:51.965+0000] {dagbag.py:588} INFO - Filling up the DagBag from /home/Ashreem/airflow-env/lib/python3.12/site-packages/airflow/example_dags/example_sensor_decorator.py
[2025-03-07T02:57:51.977+0000] {processor.py:925} INFO - DAG(s) 'example_sensor_decorator' retrieved from /home/Ashreem/airflow-env/lib/python3.12/site-packages/airflow/example_dags/example_sensor_decorator.py
[2025-03-07T02:57:51.995+0000] {logging_mixin.py:190} INFO - [2025-03-07T02:57:51.994+0000] {dag.py:3239} INFO - Sync 1 DAGs
[2025-03-07T02:57:52.012+0000] {logging_mixin.py:190} INFO - [2025-03-07T02:57:52.011+0000] {dag.py:4180} INFO - Setting next_dagrun for example_sensor_decorator to None, run_after=None
[2025-03-07T02:57:52.048+0000] {processor.py:208} INFO - Processing /home/Ashreem/airflow-env/lib/python3.12/site-packages/airflow/example_dags/example_sensor_decorator.py took 0.095 seconds
[2025-03-07T02:58:56.673+0000] {processor.py:186} INFO - Started process (PID=48130) to work on /home/Ashreem/airflow-env/lib/python3.12/site-packages/airflow/example_dags/example_sensor_decorator.py
[2025-03-07T02:58:56.676+0000] {processor.py:914} INFO - Processing file /home/Ashreem/airflow-env/lib/python3.12/site-packages/airflow/example_dags/example_sensor_decorator.py for tasks to queue
[2025-03-07T02:58:56.678+0000] {logging_mixin.py:190} INFO - [2025-03-07T02:58:56.678+0000] {dagbag.py:588} INFO - Filling up the DagBag from /home/Ashreem/airflow-env/lib/python3.12/site-packages/airflow/example_dags/example_sensor_decorator.py
[2025-03-07T02:58:56.689+0000] {processor.py:925} INFO - DAG(s) 'example_sensor_decorator' retrieved from /home/Ashreem/airflow-env/lib/python3.12/site-packages/airflow/example_dags/example_sensor_decorator.py
[2025-03-07T02:58:56.707+0000] {logging_mixin.py:190} INFO - [2025-03-07T02:58:56.706+0000] {dag.py:3239} INFO - Sync 1 DAGs
[2025-03-07T02:58:56.723+0000] {logging_mixin.py:190} INFO - [2025-03-07T02:58:56.723+0000] {dag.py:4180} INFO - Setting next_dagrun for example_sensor_decorator to None, run_after=None
[2025-03-07T02:58:56.763+0000] {processor.py:208} INFO - Processing /home/Ashreem/airflow-env/lib/python3.12/site-packages/airflow/example_dags/example_sensor_decorator.py took 0.097 seconds
[2025-03-07T03:00:04.229+0000] {processor.py:186} INFO - Started process (PID=48276) to work on /home/Ashreem/airflow-env/lib/python3.12/site-packages/airflow/example_dags/example_sensor_decorator.py
[2025-03-07T03:00:04.230+0000] {processor.py:914} INFO - Processing file /home/Ashreem/airflow-env/lib/python3.12/site-packages/airflow/example_dags/example_sensor_decorator.py for tasks to queue
[2025-03-07T03:00:04.233+0000] {logging_mixin.py:190} INFO - [2025-03-07T03:00:04.232+0000] {dagbag.py:588} INFO - Filling up the DagBag from /home/Ashreem/airflow-env/lib/python3.12/site-packages/airflow/example_dags/example_sensor_decorator.py
[2025-03-07T03:00:04.248+0000] {processor.py:925} INFO - DAG(s) 'example_sensor_decorator' retrieved from /home/Ashreem/airflow-env/lib/python3.12/site-packages/airflow/example_dags/example_sensor_decorator.py
[2025-03-07T03:00:04.267+0000] {logging_mixin.py:190} INFO - [2025-03-07T03:00:04.267+0000] {dag.py:3239} INFO - Sync 1 DAGs
[2025-03-07T03:00:04.293+0000] {logging_mixin.py:190} INFO - [2025-03-07T03:00:04.292+0000] {dag.py:4180} INFO - Setting next_dagrun for example_sensor_decorator to None, run_after=None
[2025-03-07T03:00:04.338+0000] {processor.py:208} INFO - Processing /home/Ashreem/airflow-env/lib/python3.12/site-packages/airflow/example_dags/example_sensor_decorator.py took 0.118 seconds
[2025-03-07T03:01:11.207+0000] {processor.py:186} INFO - Started process (PID=48360) to work on /home/Ashreem/airflow-env/lib/python3.12/site-packages/airflow/example_dags/example_sensor_decorator.py
[2025-03-07T03:01:11.208+0000] {processor.py:914} INFO - Processing file /home/Ashreem/airflow-env/lib/python3.12/site-packages/airflow/example_dags/example_sensor_decorator.py for tasks to queue
[2025-03-07T03:01:11.211+0000] {logging_mixin.py:190} INFO - [2025-03-07T03:01:11.210+0000] {dagbag.py:588} INFO - Filling up the DagBag from /home/Ashreem/airflow-env/lib/python3.12/site-packages/airflow/example_dags/example_sensor_decorator.py
[2025-03-07T03:01:11.222+0000] {processor.py:925} INFO - DAG(s) 'example_sensor_decorator' retrieved from /home/Ashreem/airflow-env/lib/python3.12/site-packages/airflow/example_dags/example_sensor_decorator.py
[2025-03-07T03:01:11.241+0000] {logging_mixin.py:190} INFO - [2025-03-07T03:01:11.241+0000] {dag.py:3239} INFO - Sync 1 DAGs
[2025-03-07T03:01:11.257+0000] {logging_mixin.py:190} INFO - [2025-03-07T03:01:11.257+0000] {dag.py:4180} INFO - Setting next_dagrun for example_sensor_decorator to None, run_after=None
[2025-03-07T03:01:11.297+0000] {processor.py:208} INFO - Processing /home/Ashreem/airflow-env/lib/python3.12/site-packages/airflow/example_dags/example_sensor_decorator.py took 0.098 seconds
[2025-03-07T03:02:12.067+0000] {processor.py:186} INFO - Started process (PID=48424) to work on /home/Ashreem/airflow-env/lib/python3.12/site-packages/airflow/example_dags/example_sensor_decorator.py
[2025-03-07T03:02:12.069+0000] {processor.py:914} INFO - Processing file /home/Ashreem/airflow-env/lib/python3.12/site-packages/airflow/example_dags/example_sensor_decorator.py for tasks to queue
[2025-03-07T03:02:12.074+0000] {logging_mixin.py:190} INFO - [2025-03-07T03:02:12.073+0000] {dagbag.py:588} INFO - Filling up the DagBag from /home/Ashreem/airflow-env/lib/python3.12/site-packages/airflow/example_dags/example_sensor_decorator.py
[2025-03-07T03:02:12.087+0000] {processor.py:925} INFO - DAG(s) 'example_sensor_decorator' retrieved from /home/Ashreem/airflow-env/lib/python3.12/site-packages/airflow/example_dags/example_sensor_decorator.py
[2025-03-07T03:02:12.109+0000] {logging_mixin.py:190} INFO - [2025-03-07T03:02:12.109+0000] {dag.py:3239} INFO - Sync 1 DAGs
[2025-03-07T03:02:12.127+0000] {logging_mixin.py:190} INFO - [2025-03-07T03:02:12.127+0000] {dag.py:4180} INFO - Setting next_dagrun for example_sensor_decorator to None, run_after=None
[2025-03-07T03:02:12.165+0000] {processor.py:208} INFO - Processing /home/Ashreem/airflow-env/lib/python3.12/site-packages/airflow/example_dags/example_sensor_decorator.py took 0.107 seconds
[2025-03-07T03:03:12.924+0000] {processor.py:186} INFO - Started process (PID=48554) to work on /home/Ashreem/airflow-env/lib/python3.12/site-packages/airflow/example_dags/example_sensor_decorator.py
[2025-03-07T03:03:12.925+0000] {processor.py:914} INFO - Processing file /home/Ashreem/airflow-env/lib/python3.12/site-packages/airflow/example_dags/example_sensor_decorator.py for tasks to queue
[2025-03-07T03:03:12.928+0000] {logging_mixin.py:190} INFO - [2025-03-07T03:03:12.928+0000] {dagbag.py:588} INFO - Filling up the DagBag from /home/Ashreem/airflow-env/lib/python3.12/site-packages/airflow/example_dags/example_sensor_decorator.py
[2025-03-07T03:03:12.942+0000] {processor.py:925} INFO - DAG(s) 'example_sensor_decorator' retrieved from /home/Ashreem/airflow-env/lib/python3.12/site-packages/airflow/example_dags/example_sensor_decorator.py
[2025-03-07T03:03:12.963+0000] {logging_mixin.py:190} INFO - [2025-03-07T03:03:12.963+0000] {dag.py:3239} INFO - Sync 1 DAGs
[2025-03-07T03:03:12.982+0000] {logging_mixin.py:190} INFO - [2025-03-07T03:03:12.981+0000] {dag.py:4180} INFO - Setting next_dagrun for example_sensor_decorator to None, run_after=None
[2025-03-07T03:03:13.023+0000] {processor.py:208} INFO - Processing /home/Ashreem/airflow-env/lib/python3.12/site-packages/airflow/example_dags/example_sensor_decorator.py took 0.108 seconds
[2025-03-07T03:03:58.080+0000] {processor.py:186} INFO - Started process (PID=48626) to work on /home/Ashreem/airflow-env/lib/python3.12/site-packages/airflow/example_dags/example_sensor_decorator.py
[2025-03-07T03:03:58.082+0000] {processor.py:914} INFO - Processing file /home/Ashreem/airflow-env/lib/python3.12/site-packages/airflow/example_dags/example_sensor_decorator.py for tasks to queue
[2025-03-07T03:03:58.085+0000] {logging_mixin.py:190} INFO - [2025-03-07T03:03:58.084+0000] {dagbag.py:588} INFO - Filling up the DagBag from /home/Ashreem/airflow-env/lib/python3.12/site-packages/airflow/example_dags/example_sensor_decorator.py
[2025-03-07T03:03:58.097+0000] {processor.py:925} INFO - DAG(s) 'example_sensor_decorator' retrieved from /home/Ashreem/airflow-env/lib/python3.12/site-packages/airflow/example_dags/example_sensor_decorator.py
[2025-03-07T03:03:58.122+0000] {logging_mixin.py:190} INFO - [2025-03-07T03:03:58.122+0000] {dag.py:3239} INFO - Sync 1 DAGs
[2025-03-07T03:03:58.140+0000] {logging_mixin.py:190} INFO - [2025-03-07T03:03:58.140+0000] {dag.py:4180} INFO - Setting next_dagrun for example_sensor_decorator to None, run_after=None
[2025-03-07T03:03:58.176+0000] {processor.py:208} INFO - Processing /home/Ashreem/airflow-env/lib/python3.12/site-packages/airflow/example_dags/example_sensor_decorator.py took 0.104 seconds
[2025-03-07T03:04:59.599+0000] {processor.py:186} INFO - Started process (PID=48694) to work on /home/Ashreem/airflow-env/lib/python3.12/site-packages/airflow/example_dags/example_sensor_decorator.py
[2025-03-07T03:04:59.601+0000] {processor.py:914} INFO - Processing file /home/Ashreem/airflow-env/lib/python3.12/site-packages/airflow/example_dags/example_sensor_decorator.py for tasks to queue
[2025-03-07T03:04:59.605+0000] {logging_mixin.py:190} INFO - [2025-03-07T03:04:59.604+0000] {dagbag.py:588} INFO - Filling up the DagBag from /home/Ashreem/airflow-env/lib/python3.12/site-packages/airflow/example_dags/example_sensor_decorator.py
[2025-03-07T03:04:59.620+0000] {processor.py:925} INFO - DAG(s) 'example_sensor_decorator' retrieved from /home/Ashreem/airflow-env/lib/python3.12/site-packages/airflow/example_dags/example_sensor_decorator.py
[2025-03-07T03:04:59.641+0000] {logging_mixin.py:190} INFO - [2025-03-07T03:04:59.641+0000] {dag.py:3239} INFO - Sync 1 DAGs
[2025-03-07T03:04:59.659+0000] {logging_mixin.py:190} INFO - [2025-03-07T03:04:59.659+0000] {dag.py:4180} INFO - Setting next_dagrun for example_sensor_decorator to None, run_after=None
[2025-03-07T03:04:59.700+0000] {processor.py:208} INFO - Processing /home/Ashreem/airflow-env/lib/python3.12/site-packages/airflow/example_dags/example_sensor_decorator.py took 0.108 seconds
[2025-03-07T03:06:00.947+0000] {processor.py:186} INFO - Started process (PID=48945) to work on /home/Ashreem/airflow-env/lib/python3.12/site-packages/airflow/example_dags/example_sensor_decorator.py
[2025-03-07T03:06:00.948+0000] {processor.py:914} INFO - Processing file /home/Ashreem/airflow-env/lib/python3.12/site-packages/airflow/example_dags/example_sensor_decorator.py for tasks to queue
[2025-03-07T03:06:00.951+0000] {logging_mixin.py:190} INFO - [2025-03-07T03:06:00.951+0000] {dagbag.py:588} INFO - Filling up the DagBag from /home/Ashreem/airflow-env/lib/python3.12/site-packages/airflow/example_dags/example_sensor_decorator.py
[2025-03-07T03:06:00.963+0000] {processor.py:925} INFO - DAG(s) 'example_sensor_decorator' retrieved from /home/Ashreem/airflow-env/lib/python3.12/site-packages/airflow/example_dags/example_sensor_decorator.py
[2025-03-07T03:06:00.983+0000] {logging_mixin.py:190} INFO - [2025-03-07T03:06:00.982+0000] {dag.py:3239} INFO - Sync 1 DAGs
[2025-03-07T03:06:01.001+0000] {logging_mixin.py:190} INFO - [2025-03-07T03:06:01.000+0000] {dag.py:4180} INFO - Setting next_dagrun for example_sensor_decorator to None, run_after=None
[2025-03-07T03:06:01.040+0000] {processor.py:208} INFO - Processing /home/Ashreem/airflow-env/lib/python3.12/site-packages/airflow/example_dags/example_sensor_decorator.py took 0.102 seconds
[2025-03-07T03:07:07.957+0000] {processor.py:186} INFO - Started process (PID=49014) to work on /home/Ashreem/airflow-env/lib/python3.12/site-packages/airflow/example_dags/example_sensor_decorator.py
[2025-03-07T03:07:07.959+0000] {processor.py:914} INFO - Processing file /home/Ashreem/airflow-env/lib/python3.12/site-packages/airflow/example_dags/example_sensor_decorator.py for tasks to queue
[2025-03-07T03:07:07.962+0000] {logging_mixin.py:190} INFO - [2025-03-07T03:07:07.962+0000] {dagbag.py:588} INFO - Filling up the DagBag from /home/Ashreem/airflow-env/lib/python3.12/site-packages/airflow/example_dags/example_sensor_decorator.py
[2025-03-07T03:07:07.975+0000] {processor.py:925} INFO - DAG(s) 'example_sensor_decorator' retrieved from /home/Ashreem/airflow-env/lib/python3.12/site-packages/airflow/example_dags/example_sensor_decorator.py
[2025-03-07T03:07:07.995+0000] {logging_mixin.py:190} INFO - [2025-03-07T03:07:07.994+0000] {dag.py:3239} INFO - Sync 1 DAGs
[2025-03-07T03:07:08.016+0000] {logging_mixin.py:190} INFO - [2025-03-07T03:07:08.016+0000] {dag.py:4180} INFO - Setting next_dagrun for example_sensor_decorator to None, run_after=None
[2025-03-07T03:07:08.058+0000] {processor.py:208} INFO - Processing /home/Ashreem/airflow-env/lib/python3.12/site-packages/airflow/example_dags/example_sensor_decorator.py took 0.109 seconds
[2025-03-07T03:08:13.850+0000] {processor.py:186} INFO - Started process (PID=49095) to work on /home/Ashreem/airflow-env/lib/python3.12/site-packages/airflow/example_dags/example_sensor_decorator.py
[2025-03-07T03:08:13.852+0000] {processor.py:914} INFO - Processing file /home/Ashreem/airflow-env/lib/python3.12/site-packages/airflow/example_dags/example_sensor_decorator.py for tasks to queue
[2025-03-07T03:08:13.855+0000] {logging_mixin.py:190} INFO - [2025-03-07T03:08:13.854+0000] {dagbag.py:588} INFO - Filling up the DagBag from /home/Ashreem/airflow-env/lib/python3.12/site-packages/airflow/example_dags/example_sensor_decorator.py
[2025-03-07T03:08:13.866+0000] {processor.py:925} INFO - DAG(s) 'example_sensor_decorator' retrieved from /home/Ashreem/airflow-env/lib/python3.12/site-packages/airflow/example_dags/example_sensor_decorator.py
[2025-03-07T03:08:13.887+0000] {logging_mixin.py:190} INFO - [2025-03-07T03:08:13.887+0000] {dag.py:3239} INFO - Sync 1 DAGs
[2025-03-07T03:08:13.906+0000] {logging_mixin.py:190} INFO - [2025-03-07T03:08:13.906+0000] {dag.py:4180} INFO - Setting next_dagrun for example_sensor_decorator to None, run_after=None
[2025-03-07T03:08:13.941+0000] {processor.py:208} INFO - Processing /home/Ashreem/airflow-env/lib/python3.12/site-packages/airflow/example_dags/example_sensor_decorator.py took 0.099 seconds
[2025-03-07T03:09:15.365+0000] {processor.py:186} INFO - Started process (PID=49167) to work on /home/Ashreem/airflow-env/lib/python3.12/site-packages/airflow/example_dags/example_sensor_decorator.py
[2025-03-07T03:09:15.367+0000] {processor.py:914} INFO - Processing file /home/Ashreem/airflow-env/lib/python3.12/site-packages/airflow/example_dags/example_sensor_decorator.py for tasks to queue
[2025-03-07T03:09:15.370+0000] {logging_mixin.py:190} INFO - [2025-03-07T03:09:15.369+0000] {dagbag.py:588} INFO - Filling up the DagBag from /home/Ashreem/airflow-env/lib/python3.12/site-packages/airflow/example_dags/example_sensor_decorator.py
[2025-03-07T03:09:15.383+0000] {processor.py:925} INFO - DAG(s) 'example_sensor_decorator' retrieved from /home/Ashreem/airflow-env/lib/python3.12/site-packages/airflow/example_dags/example_sensor_decorator.py
[2025-03-07T03:09:15.402+0000] {logging_mixin.py:190} INFO - [2025-03-07T03:09:15.402+0000] {dag.py:3239} INFO - Sync 1 DAGs
[2025-03-07T03:09:15.418+0000] {logging_mixin.py:190} INFO - [2025-03-07T03:09:15.418+0000] {dag.py:4180} INFO - Setting next_dagrun for example_sensor_decorator to None, run_after=None
[2025-03-07T03:09:15.458+0000] {processor.py:208} INFO - Processing /home/Ashreem/airflow-env/lib/python3.12/site-packages/airflow/example_dags/example_sensor_decorator.py took 0.100 seconds
[2025-03-07T03:10:16.700+0000] {processor.py:186} INFO - Started process (PID=49230) to work on /home/Ashreem/airflow-env/lib/python3.12/site-packages/airflow/example_dags/example_sensor_decorator.py
[2025-03-07T03:10:16.704+0000] {processor.py:914} INFO - Processing file /home/Ashreem/airflow-env/lib/python3.12/site-packages/airflow/example_dags/example_sensor_decorator.py for tasks to queue
[2025-03-07T03:10:16.709+0000] {logging_mixin.py:190} INFO - [2025-03-07T03:10:16.708+0000] {dagbag.py:588} INFO - Filling up the DagBag from /home/Ashreem/airflow-env/lib/python3.12/site-packages/airflow/example_dags/example_sensor_decorator.py
[2025-03-07T03:10:16.724+0000] {processor.py:925} INFO - DAG(s) 'example_sensor_decorator' retrieved from /home/Ashreem/airflow-env/lib/python3.12/site-packages/airflow/example_dags/example_sensor_decorator.py
[2025-03-07T03:10:16.750+0000] {logging_mixin.py:190} INFO - [2025-03-07T03:10:16.750+0000] {dag.py:3239} INFO - Sync 1 DAGs
[2025-03-07T03:10:16.767+0000] {logging_mixin.py:190} INFO - [2025-03-07T03:10:16.767+0000] {dag.py:4180} INFO - Setting next_dagrun for example_sensor_decorator to None, run_after=None
[2025-03-07T03:10:16.806+0000] {processor.py:208} INFO - Processing /home/Ashreem/airflow-env/lib/python3.12/site-packages/airflow/example_dags/example_sensor_decorator.py took 0.115 seconds
