[2025-03-07T02:31:03.436+0000] {processor.py:186} INFO - Started process (PID=46008) to work on /home/Ashreem/airflow-env/lib/python3.12/site-packages/airflow/example_dags/example_dataset_alias_with_no_taskflow.py
[2025-03-07T02:31:03.437+0000] {processor.py:914} INFO - Processing file /home/Ashreem/airflow-env/lib/python3.12/site-packages/airflow/example_dags/example_dataset_alias_with_no_taskflow.py for tasks to queue
[2025-03-07T02:31:03.440+0000] {logging_mixin.py:190} INFO - [2025-03-07T02:31:03.439+0000] {dagbag.py:588} INFO - Filling up the DagBag from /home/Ashreem/airflow-env/lib/python3.12/site-packages/airflow/example_dags/example_dataset_alias_with_no_taskflow.py
[2025-03-07T02:31:03.467+0000] {processor.py:925} INFO - DAG(s) 'dataset_alias_example_alias_producer_with_no_taskflow', 'dataset_s3_bucket_consumer_with_no_taskflow', 'dataset_s3_bucket_producer_with_no_taskflow', 'dataset_alias_example_alias_consumer_with_no_taskflow' retrieved from /home/Ashreem/airflow-env/lib/python3.12/site-packages/airflow/example_dags/example_dataset_alias_with_no_taskflow.py
[2025-03-07T02:31:03.623+0000] {logging_mixin.py:190} INFO - [2025-03-07T02:31:03.622+0000] {override.py:1930} INFO - Created Permission View: can read on DAG:dataset_alias_example_alias_producer_with_no_taskflow
[2025-03-07T02:31:03.653+0000] {logging_mixin.py:190} INFO - [2025-03-07T02:31:03.653+0000] {override.py:1930} INFO - Created Permission View: can delete on DAG:dataset_alias_example_alias_producer_with_no_taskflow
[2025-03-07T02:31:03.674+0000] {logging_mixin.py:190} INFO - [2025-03-07T02:31:03.674+0000] {override.py:1930} INFO - Created Permission View: can edit on DAG:dataset_alias_example_alias_producer_with_no_taskflow
[2025-03-07T02:31:03.715+0000] {logging_mixin.py:190} INFO - [2025-03-07T02:31:03.714+0000] {override.py:1930} INFO - Created Permission View: can read on DAG Run:dataset_alias_example_alias_producer_with_no_taskflow
[2025-03-07T02:31:03.735+0000] {logging_mixin.py:190} INFO - [2025-03-07T02:31:03.734+0000] {override.py:1930} INFO - Created Permission View: can delete on DAG Run:dataset_alias_example_alias_producer_with_no_taskflow
[2025-03-07T02:31:03.766+0000] {logging_mixin.py:190} INFO - [2025-03-07T02:31:03.765+0000] {override.py:1930} INFO - Created Permission View: menu access on DAG Run:dataset_alias_example_alias_producer_with_no_taskflow
[2025-03-07T02:31:03.789+0000] {logging_mixin.py:190} INFO - [2025-03-07T02:31:03.788+0000] {override.py:1930} INFO - Created Permission View: can create on DAG Run:dataset_alias_example_alias_producer_with_no_taskflow
[2025-03-07T02:31:03.836+0000] {logging_mixin.py:190} INFO - [2025-03-07T02:31:03.835+0000] {override.py:1930} INFO - Created Permission View: can read on DAG:dataset_s3_bucket_consumer_with_no_taskflow
[2025-03-07T02:31:03.860+0000] {logging_mixin.py:190} INFO - [2025-03-07T02:31:03.859+0000] {override.py:1930} INFO - Created Permission View: can delete on DAG:dataset_s3_bucket_consumer_with_no_taskflow
[2025-03-07T02:31:03.882+0000] {logging_mixin.py:190} INFO - [2025-03-07T02:31:03.881+0000] {override.py:1930} INFO - Created Permission View: can edit on DAG:dataset_s3_bucket_consumer_with_no_taskflow
[2025-03-07T02:31:03.925+0000] {logging_mixin.py:190} INFO - [2025-03-07T02:31:03.925+0000] {override.py:1930} INFO - Created Permission View: can read on DAG Run:dataset_s3_bucket_consumer_with_no_taskflow
[2025-03-07T02:31:03.951+0000] {logging_mixin.py:190} INFO - [2025-03-07T02:31:03.950+0000] {override.py:1930} INFO - Created Permission View: can delete on DAG Run:dataset_s3_bucket_consumer_with_no_taskflow
[2025-03-07T02:31:03.978+0000] {logging_mixin.py:190} INFO - [2025-03-07T02:31:03.977+0000] {override.py:1930} INFO - Created Permission View: menu access on DAG Run:dataset_s3_bucket_consumer_with_no_taskflow
[2025-03-07T02:31:04.000+0000] {logging_mixin.py:190} INFO - [2025-03-07T02:31:03.999+0000] {override.py:1930} INFO - Created Permission View: can create on DAG Run:dataset_s3_bucket_consumer_with_no_taskflow
[2025-03-07T02:31:04.046+0000] {logging_mixin.py:190} INFO - [2025-03-07T02:31:04.045+0000] {override.py:1930} INFO - Created Permission View: can read on DAG:dataset_s3_bucket_producer_with_no_taskflow
[2025-03-07T02:31:04.069+0000] {logging_mixin.py:190} INFO - [2025-03-07T02:31:04.069+0000] {override.py:1930} INFO - Created Permission View: can delete on DAG:dataset_s3_bucket_producer_with_no_taskflow
[2025-03-07T02:31:04.094+0000] {logging_mixin.py:190} INFO - [2025-03-07T02:31:04.094+0000] {override.py:1930} INFO - Created Permission View: can edit on DAG:dataset_s3_bucket_producer_with_no_taskflow
[2025-03-07T02:31:04.132+0000] {logging_mixin.py:190} INFO - [2025-03-07T02:31:04.132+0000] {override.py:1930} INFO - Created Permission View: can read on DAG Run:dataset_s3_bucket_producer_with_no_taskflow
[2025-03-07T02:31:04.156+0000] {logging_mixin.py:190} INFO - [2025-03-07T02:31:04.155+0000] {override.py:1930} INFO - Created Permission View: can delete on DAG Run:dataset_s3_bucket_producer_with_no_taskflow
[2025-03-07T02:31:04.178+0000] {logging_mixin.py:190} INFO - [2025-03-07T02:31:04.177+0000] {override.py:1930} INFO - Created Permission View: menu access on DAG Run:dataset_s3_bucket_producer_with_no_taskflow
[2025-03-07T02:31:04.204+0000] {logging_mixin.py:190} INFO - [2025-03-07T02:31:04.203+0000] {override.py:1930} INFO - Created Permission View: can create on DAG Run:dataset_s3_bucket_producer_with_no_taskflow
[2025-03-07T02:31:04.257+0000] {logging_mixin.py:190} INFO - [2025-03-07T02:31:04.257+0000] {override.py:1930} INFO - Created Permission View: can read on DAG:dataset_alias_example_alias_consumer_with_no_taskflow
[2025-03-07T02:31:04.285+0000] {logging_mixin.py:190} INFO - [2025-03-07T02:31:04.284+0000] {override.py:1930} INFO - Created Permission View: can delete on DAG:dataset_alias_example_alias_consumer_with_no_taskflow
[2025-03-07T02:31:04.311+0000] {logging_mixin.py:190} INFO - [2025-03-07T02:31:04.310+0000] {override.py:1930} INFO - Created Permission View: can edit on DAG:dataset_alias_example_alias_consumer_with_no_taskflow
[2025-03-07T02:31:04.350+0000] {logging_mixin.py:190} INFO - [2025-03-07T02:31:04.349+0000] {override.py:1930} INFO - Created Permission View: can read on DAG Run:dataset_alias_example_alias_consumer_with_no_taskflow
[2025-03-07T02:31:04.372+0000] {logging_mixin.py:190} INFO - [2025-03-07T02:31:04.372+0000] {override.py:1930} INFO - Created Permission View: can delete on DAG Run:dataset_alias_example_alias_consumer_with_no_taskflow
[2025-03-07T02:31:04.394+0000] {logging_mixin.py:190} INFO - [2025-03-07T02:31:04.393+0000] {override.py:1930} INFO - Created Permission View: menu access on DAG Run:dataset_alias_example_alias_consumer_with_no_taskflow
[2025-03-07T02:31:04.417+0000] {logging_mixin.py:190} INFO - [2025-03-07T02:31:04.417+0000] {override.py:1930} INFO - Created Permission View: can create on DAG Run:dataset_alias_example_alias_consumer_with_no_taskflow
[2025-03-07T02:31:04.418+0000] {logging_mixin.py:190} INFO - [2025-03-07T02:31:04.417+0000] {dag.py:3239} INFO - Sync 4 DAGs
[2025-03-07T02:31:04.433+0000] {logging_mixin.py:190} INFO - [2025-03-07T02:31:04.432+0000] {dag.py:3262} INFO - Creating ORM DAG for dataset_s3_bucket_consumer_with_no_taskflow
[2025-03-07T02:31:04.434+0000] {logging_mixin.py:190} INFO - [2025-03-07T02:31:04.433+0000] {dag.py:3262} INFO - Creating ORM DAG for dataset_alias_example_alias_consumer_with_no_taskflow
[2025-03-07T02:31:04.434+0000] {logging_mixin.py:190} INFO - [2025-03-07T02:31:04.434+0000] {dag.py:3262} INFO - Creating ORM DAG for dataset_s3_bucket_producer_with_no_taskflow
[2025-03-07T02:31:04.435+0000] {logging_mixin.py:190} INFO - [2025-03-07T02:31:04.435+0000] {dag.py:3262} INFO - Creating ORM DAG for dataset_alias_example_alias_producer_with_no_taskflow
[2025-03-07T02:31:04.446+0000] {logging_mixin.py:190} INFO - [2025-03-07T02:31:04.446+0000] {dag.py:4180} INFO - Setting next_dagrun for dataset_alias_example_alias_consumer_with_no_taskflow to None, run_after=None
[2025-03-07T02:31:04.447+0000] {logging_mixin.py:190} INFO - [2025-03-07T02:31:04.447+0000] {dag.py:4180} INFO - Setting next_dagrun for dataset_alias_example_alias_producer_with_no_taskflow to None, run_after=None
[2025-03-07T02:31:04.448+0000] {logging_mixin.py:190} INFO - [2025-03-07T02:31:04.448+0000] {dag.py:4180} INFO - Setting next_dagrun for dataset_s3_bucket_consumer_with_no_taskflow to None, run_after=None
[2025-03-07T02:31:04.449+0000] {logging_mixin.py:190} INFO - [2025-03-07T02:31:04.448+0000] {dag.py:4180} INFO - Setting next_dagrun for dataset_s3_bucket_producer_with_no_taskflow to None, run_after=None
[2025-03-07T02:31:04.500+0000] {processor.py:208} INFO - Processing /home/Ashreem/airflow-env/lib/python3.12/site-packages/airflow/example_dags/example_dataset_alias_with_no_taskflow.py took 1.074 seconds
[2025-03-07T02:33:33.711+0000] {processor.py:186} INFO - Started process (PID=46113) to work on /home/Ashreem/airflow-env/lib/python3.12/site-packages/airflow/example_dags/example_dataset_alias_with_no_taskflow.py
[2025-03-07T02:33:33.713+0000] {processor.py:914} INFO - Processing file /home/Ashreem/airflow-env/lib/python3.12/site-packages/airflow/example_dags/example_dataset_alias_with_no_taskflow.py for tasks to queue
[2025-03-07T02:33:33.715+0000] {logging_mixin.py:190} INFO - [2025-03-07T02:33:33.715+0000] {dagbag.py:588} INFO - Filling up the DagBag from /home/Ashreem/airflow-env/lib/python3.12/site-packages/airflow/example_dags/example_dataset_alias_with_no_taskflow.py
[2025-03-07T02:33:33.746+0000] {processor.py:925} INFO - DAG(s) 'dataset_alias_example_alias_consumer_with_no_taskflow', 'dataset_s3_bucket_producer_with_no_taskflow', 'dataset_alias_example_alias_producer_with_no_taskflow', 'dataset_s3_bucket_consumer_with_no_taskflow' retrieved from /home/Ashreem/airflow-env/lib/python3.12/site-packages/airflow/example_dags/example_dataset_alias_with_no_taskflow.py
[2025-03-07T02:33:33.771+0000] {logging_mixin.py:190} INFO - [2025-03-07T02:33:33.770+0000] {dag.py:3239} INFO - Sync 4 DAGs
[2025-03-07T02:33:33.795+0000] {logging_mixin.py:190} INFO - [2025-03-07T02:33:33.795+0000] {dag.py:4180} INFO - Setting next_dagrun for dataset_alias_example_alias_consumer_with_no_taskflow to None, run_after=None
[2025-03-07T02:33:33.797+0000] {logging_mixin.py:190} INFO - [2025-03-07T02:33:33.797+0000] {dag.py:4180} INFO - Setting next_dagrun for dataset_alias_example_alias_producer_with_no_taskflow to None, run_after=None
[2025-03-07T02:33:33.799+0000] {logging_mixin.py:190} INFO - [2025-03-07T02:33:33.799+0000] {dag.py:4180} INFO - Setting next_dagrun for dataset_s3_bucket_consumer_with_no_taskflow to None, run_after=None
[2025-03-07T02:33:33.800+0000] {logging_mixin.py:190} INFO - [2025-03-07T02:33:33.800+0000] {dag.py:4180} INFO - Setting next_dagrun for dataset_s3_bucket_producer_with_no_taskflow to None, run_after=None
[2025-03-07T02:33:33.844+0000] {processor.py:208} INFO - Processing /home/Ashreem/airflow-env/lib/python3.12/site-packages/airflow/example_dags/example_dataset_alias_with_no_taskflow.py took 0.142 seconds
[2025-03-07T02:34:46.821+0000] {processor.py:186} INFO - Started process (PID=46450) to work on /home/Ashreem/airflow-env/lib/python3.12/site-packages/airflow/example_dags/example_dataset_alias_with_no_taskflow.py
[2025-03-07T02:34:46.823+0000] {processor.py:914} INFO - Processing file /home/Ashreem/airflow-env/lib/python3.12/site-packages/airflow/example_dags/example_dataset_alias_with_no_taskflow.py for tasks to queue
[2025-03-07T02:34:46.826+0000] {logging_mixin.py:190} INFO - [2025-03-07T02:34:46.826+0000] {dagbag.py:588} INFO - Filling up the DagBag from /home/Ashreem/airflow-env/lib/python3.12/site-packages/airflow/example_dags/example_dataset_alias_with_no_taskflow.py
[2025-03-07T02:34:46.856+0000] {processor.py:925} INFO - DAG(s) 'dataset_alias_example_alias_producer_with_no_taskflow', 'dataset_alias_example_alias_consumer_with_no_taskflow', 'dataset_s3_bucket_consumer_with_no_taskflow', 'dataset_s3_bucket_producer_with_no_taskflow' retrieved from /home/Ashreem/airflow-env/lib/python3.12/site-packages/airflow/example_dags/example_dataset_alias_with_no_taskflow.py
[2025-03-07T02:34:46.877+0000] {logging_mixin.py:190} INFO - [2025-03-07T02:34:46.877+0000] {dag.py:3239} INFO - Sync 4 DAGs
[2025-03-07T02:34:46.901+0000] {logging_mixin.py:190} INFO - [2025-03-07T02:34:46.901+0000] {dag.py:4180} INFO - Setting next_dagrun for dataset_alias_example_alias_consumer_with_no_taskflow to None, run_after=None
[2025-03-07T02:34:46.904+0000] {logging_mixin.py:190} INFO - [2025-03-07T02:34:46.903+0000] {dag.py:4180} INFO - Setting next_dagrun for dataset_alias_example_alias_producer_with_no_taskflow to None, run_after=None
[2025-03-07T02:34:46.905+0000] {logging_mixin.py:190} INFO - [2025-03-07T02:34:46.904+0000] {dag.py:4180} INFO - Setting next_dagrun for dataset_s3_bucket_consumer_with_no_taskflow to None, run_after=None
[2025-03-07T02:34:46.905+0000] {logging_mixin.py:190} INFO - [2025-03-07T02:34:46.905+0000] {dag.py:4180} INFO - Setting next_dagrun for dataset_s3_bucket_producer_with_no_taskflow to None, run_after=None
[2025-03-07T02:34:46.961+0000] {processor.py:208} INFO - Processing /home/Ashreem/airflow-env/lib/python3.12/site-packages/airflow/example_dags/example_dataset_alias_with_no_taskflow.py took 0.148 seconds
[2025-03-07T02:35:50.689+0000] {processor.py:186} INFO - Started process (PID=46516) to work on /home/Ashreem/airflow-env/lib/python3.12/site-packages/airflow/example_dags/example_dataset_alias_with_no_taskflow.py
[2025-03-07T02:35:50.691+0000] {processor.py:914} INFO - Processing file /home/Ashreem/airflow-env/lib/python3.12/site-packages/airflow/example_dags/example_dataset_alias_with_no_taskflow.py for tasks to queue
[2025-03-07T02:35:50.693+0000] {logging_mixin.py:190} INFO - [2025-03-07T02:35:50.693+0000] {dagbag.py:588} INFO - Filling up the DagBag from /home/Ashreem/airflow-env/lib/python3.12/site-packages/airflow/example_dags/example_dataset_alias_with_no_taskflow.py
[2025-03-07T02:35:50.726+0000] {processor.py:925} INFO - DAG(s) 'dataset_s3_bucket_producer_with_no_taskflow', 'dataset_s3_bucket_consumer_with_no_taskflow', 'dataset_alias_example_alias_consumer_with_no_taskflow', 'dataset_alias_example_alias_producer_with_no_taskflow' retrieved from /home/Ashreem/airflow-env/lib/python3.12/site-packages/airflow/example_dags/example_dataset_alias_with_no_taskflow.py
[2025-03-07T02:35:50.749+0000] {logging_mixin.py:190} INFO - [2025-03-07T02:35:50.748+0000] {dag.py:3239} INFO - Sync 4 DAGs
[2025-03-07T02:35:50.776+0000] {logging_mixin.py:190} INFO - [2025-03-07T02:35:50.776+0000] {dag.py:4180} INFO - Setting next_dagrun for dataset_alias_example_alias_consumer_with_no_taskflow to None, run_after=None
[2025-03-07T02:35:50.779+0000] {logging_mixin.py:190} INFO - [2025-03-07T02:35:50.778+0000] {dag.py:4180} INFO - Setting next_dagrun for dataset_alias_example_alias_producer_with_no_taskflow to None, run_after=None
[2025-03-07T02:35:50.780+0000] {logging_mixin.py:190} INFO - [2025-03-07T02:35:50.780+0000] {dag.py:4180} INFO - Setting next_dagrun for dataset_s3_bucket_consumer_with_no_taskflow to None, run_after=None
[2025-03-07T02:35:50.781+0000] {logging_mixin.py:190} INFO - [2025-03-07T02:35:50.781+0000] {dag.py:4180} INFO - Setting next_dagrun for dataset_s3_bucket_producer_with_no_taskflow to None, run_after=None
[2025-03-07T02:35:50.824+0000] {processor.py:208} INFO - Processing /home/Ashreem/airflow-env/lib/python3.12/site-packages/airflow/example_dags/example_dataset_alias_with_no_taskflow.py took 0.142 seconds
[2025-03-07T02:36:59.940+0000] {processor.py:186} INFO - Started process (PID=46586) to work on /home/Ashreem/airflow-env/lib/python3.12/site-packages/airflow/example_dags/example_dataset_alias_with_no_taskflow.py
[2025-03-07T02:36:59.942+0000] {processor.py:914} INFO - Processing file /home/Ashreem/airflow-env/lib/python3.12/site-packages/airflow/example_dags/example_dataset_alias_with_no_taskflow.py for tasks to queue
[2025-03-07T02:36:59.945+0000] {logging_mixin.py:190} INFO - [2025-03-07T02:36:59.944+0000] {dagbag.py:588} INFO - Filling up the DagBag from /home/Ashreem/airflow-env/lib/python3.12/site-packages/airflow/example_dags/example_dataset_alias_with_no_taskflow.py
[2025-03-07T02:36:59.975+0000] {processor.py:925} INFO - DAG(s) 'dataset_s3_bucket_producer_with_no_taskflow', 'dataset_alias_example_alias_consumer_with_no_taskflow', 'dataset_s3_bucket_consumer_with_no_taskflow', 'dataset_alias_example_alias_producer_with_no_taskflow' retrieved from /home/Ashreem/airflow-env/lib/python3.12/site-packages/airflow/example_dags/example_dataset_alias_with_no_taskflow.py
[2025-03-07T02:36:59.997+0000] {logging_mixin.py:190} INFO - [2025-03-07T02:36:59.997+0000] {dag.py:3239} INFO - Sync 4 DAGs
[2025-03-07T02:37:00.024+0000] {logging_mixin.py:190} INFO - [2025-03-07T02:37:00.023+0000] {dag.py:4180} INFO - Setting next_dagrun for dataset_alias_example_alias_consumer_with_no_taskflow to None, run_after=None
[2025-03-07T02:37:00.027+0000] {logging_mixin.py:190} INFO - [2025-03-07T02:37:00.026+0000] {dag.py:4180} INFO - Setting next_dagrun for dataset_alias_example_alias_producer_with_no_taskflow to None, run_after=None
[2025-03-07T02:37:00.028+0000] {logging_mixin.py:190} INFO - [2025-03-07T02:37:00.028+0000] {dag.py:4180} INFO - Setting next_dagrun for dataset_s3_bucket_consumer_with_no_taskflow to None, run_after=None
[2025-03-07T02:37:00.029+0000] {logging_mixin.py:190} INFO - [2025-03-07T02:37:00.029+0000] {dag.py:4180} INFO - Setting next_dagrun for dataset_s3_bucket_producer_with_no_taskflow to None, run_after=None
[2025-03-07T02:37:00.072+0000] {processor.py:208} INFO - Processing /home/Ashreem/airflow-env/lib/python3.12/site-packages/airflow/example_dags/example_dataset_alias_with_no_taskflow.py took 0.139 seconds
[2025-03-07T02:38:01.838+0000] {processor.py:186} INFO - Started process (PID=46646) to work on /home/Ashreem/airflow-env/lib/python3.12/site-packages/airflow/example_dags/example_dataset_alias_with_no_taskflow.py
[2025-03-07T02:38:01.843+0000] {processor.py:914} INFO - Processing file /home/Ashreem/airflow-env/lib/python3.12/site-packages/airflow/example_dags/example_dataset_alias_with_no_taskflow.py for tasks to queue
[2025-03-07T02:38:01.846+0000] {logging_mixin.py:190} INFO - [2025-03-07T02:38:01.846+0000] {dagbag.py:588} INFO - Filling up the DagBag from /home/Ashreem/airflow-env/lib/python3.12/site-packages/airflow/example_dags/example_dataset_alias_with_no_taskflow.py
[2025-03-07T02:38:01.877+0000] {processor.py:925} INFO - DAG(s) 'dataset_s3_bucket_producer_with_no_taskflow', 'dataset_alias_example_alias_producer_with_no_taskflow', 'dataset_s3_bucket_consumer_with_no_taskflow', 'dataset_alias_example_alias_consumer_with_no_taskflow' retrieved from /home/Ashreem/airflow-env/lib/python3.12/site-packages/airflow/example_dags/example_dataset_alias_with_no_taskflow.py
[2025-03-07T02:38:01.899+0000] {logging_mixin.py:190} INFO - [2025-03-07T02:38:01.899+0000] {dag.py:3239} INFO - Sync 4 DAGs
[2025-03-07T02:38:01.923+0000] {logging_mixin.py:190} INFO - [2025-03-07T02:38:01.923+0000] {dag.py:4180} INFO - Setting next_dagrun for dataset_alias_example_alias_consumer_with_no_taskflow to None, run_after=None
[2025-03-07T02:38:01.926+0000] {logging_mixin.py:190} INFO - [2025-03-07T02:38:01.925+0000] {dag.py:4180} INFO - Setting next_dagrun for dataset_alias_example_alias_producer_with_no_taskflow to None, run_after=None
[2025-03-07T02:38:01.927+0000] {logging_mixin.py:190} INFO - [2025-03-07T02:38:01.927+0000] {dag.py:4180} INFO - Setting next_dagrun for dataset_s3_bucket_consumer_with_no_taskflow to None, run_after=None
[2025-03-07T02:38:01.928+0000] {logging_mixin.py:190} INFO - [2025-03-07T02:38:01.928+0000] {dag.py:4180} INFO - Setting next_dagrun for dataset_s3_bucket_producer_with_no_taskflow to None, run_after=None
[2025-03-07T02:38:01.973+0000] {processor.py:208} INFO - Processing /home/Ashreem/airflow-env/lib/python3.12/site-packages/airflow/example_dags/example_dataset_alias_with_no_taskflow.py took 0.145 seconds
[2025-03-07T02:39:05.674+0000] {processor.py:186} INFO - Started process (PID=46716) to work on /home/Ashreem/airflow-env/lib/python3.12/site-packages/airflow/example_dags/example_dataset_alias_with_no_taskflow.py
[2025-03-07T02:39:05.675+0000] {processor.py:914} INFO - Processing file /home/Ashreem/airflow-env/lib/python3.12/site-packages/airflow/example_dags/example_dataset_alias_with_no_taskflow.py for tasks to queue
[2025-03-07T02:39:05.678+0000] {logging_mixin.py:190} INFO - [2025-03-07T02:39:05.677+0000] {dagbag.py:588} INFO - Filling up the DagBag from /home/Ashreem/airflow-env/lib/python3.12/site-packages/airflow/example_dags/example_dataset_alias_with_no_taskflow.py
[2025-03-07T02:39:05.710+0000] {processor.py:925} INFO - DAG(s) 'dataset_s3_bucket_producer_with_no_taskflow', 'dataset_alias_example_alias_producer_with_no_taskflow', 'dataset_alias_example_alias_consumer_with_no_taskflow', 'dataset_s3_bucket_consumer_with_no_taskflow' retrieved from /home/Ashreem/airflow-env/lib/python3.12/site-packages/airflow/example_dags/example_dataset_alias_with_no_taskflow.py
[2025-03-07T02:39:05.733+0000] {logging_mixin.py:190} INFO - [2025-03-07T02:39:05.733+0000] {dag.py:3239} INFO - Sync 4 DAGs
[2025-03-07T02:39:05.761+0000] {logging_mixin.py:190} INFO - [2025-03-07T02:39:05.760+0000] {dag.py:4180} INFO - Setting next_dagrun for dataset_alias_example_alias_consumer_with_no_taskflow to None, run_after=None
[2025-03-07T02:39:05.764+0000] {logging_mixin.py:190} INFO - [2025-03-07T02:39:05.763+0000] {dag.py:4180} INFO - Setting next_dagrun for dataset_alias_example_alias_producer_with_no_taskflow to None, run_after=None
[2025-03-07T02:39:05.765+0000] {logging_mixin.py:190} INFO - [2025-03-07T02:39:05.764+0000] {dag.py:4180} INFO - Setting next_dagrun for dataset_s3_bucket_consumer_with_no_taskflow to None, run_after=None
[2025-03-07T02:39:05.766+0000] {logging_mixin.py:190} INFO - [2025-03-07T02:39:05.765+0000] {dag.py:4180} INFO - Setting next_dagrun for dataset_s3_bucket_producer_with_no_taskflow to None, run_after=None
[2025-03-07T02:39:05.804+0000] {processor.py:208} INFO - Processing /home/Ashreem/airflow-env/lib/python3.12/site-packages/airflow/example_dags/example_dataset_alias_with_no_taskflow.py took 0.138 seconds
[2025-03-07T02:40:08.650+0000] {processor.py:186} INFO - Started process (PID=46779) to work on /home/Ashreem/airflow-env/lib/python3.12/site-packages/airflow/example_dags/example_dataset_alias_with_no_taskflow.py
[2025-03-07T02:40:08.652+0000] {processor.py:914} INFO - Processing file /home/Ashreem/airflow-env/lib/python3.12/site-packages/airflow/example_dags/example_dataset_alias_with_no_taskflow.py for tasks to queue
[2025-03-07T02:40:08.657+0000] {logging_mixin.py:190} INFO - [2025-03-07T02:40:08.656+0000] {dagbag.py:588} INFO - Filling up the DagBag from /home/Ashreem/airflow-env/lib/python3.12/site-packages/airflow/example_dags/example_dataset_alias_with_no_taskflow.py
[2025-03-07T02:40:08.693+0000] {processor.py:925} INFO - DAG(s) 'dataset_s3_bucket_consumer_with_no_taskflow', 'dataset_alias_example_alias_consumer_with_no_taskflow', 'dataset_s3_bucket_producer_with_no_taskflow', 'dataset_alias_example_alias_producer_with_no_taskflow' retrieved from /home/Ashreem/airflow-env/lib/python3.12/site-packages/airflow/example_dags/example_dataset_alias_with_no_taskflow.py
[2025-03-07T02:40:08.715+0000] {logging_mixin.py:190} INFO - [2025-03-07T02:40:08.715+0000] {dag.py:3239} INFO - Sync 4 DAGs
[2025-03-07T02:40:08.740+0000] {logging_mixin.py:190} INFO - [2025-03-07T02:40:08.739+0000] {dag.py:4180} INFO - Setting next_dagrun for dataset_alias_example_alias_consumer_with_no_taskflow to None, run_after=None
[2025-03-07T02:40:08.742+0000] {logging_mixin.py:190} INFO - [2025-03-07T02:40:08.742+0000] {dag.py:4180} INFO - Setting next_dagrun for dataset_alias_example_alias_producer_with_no_taskflow to None, run_after=None
[2025-03-07T02:40:08.743+0000] {logging_mixin.py:190} INFO - [2025-03-07T02:40:08.743+0000] {dag.py:4180} INFO - Setting next_dagrun for dataset_s3_bucket_consumer_with_no_taskflow to None, run_after=None
[2025-03-07T02:40:08.744+0000] {logging_mixin.py:190} INFO - [2025-03-07T02:40:08.744+0000] {dag.py:4180} INFO - Setting next_dagrun for dataset_s3_bucket_producer_with_no_taskflow to None, run_after=None
[2025-03-07T02:40:08.788+0000] {processor.py:208} INFO - Processing /home/Ashreem/airflow-env/lib/python3.12/site-packages/airflow/example_dags/example_dataset_alias_with_no_taskflow.py took 0.148 seconds
[2025-03-07T02:41:11.118+0000] {processor.py:186} INFO - Started process (PID=46845) to work on /home/Ashreem/airflow-env/lib/python3.12/site-packages/airflow/example_dags/example_dataset_alias_with_no_taskflow.py
[2025-03-07T02:41:11.120+0000] {processor.py:914} INFO - Processing file /home/Ashreem/airflow-env/lib/python3.12/site-packages/airflow/example_dags/example_dataset_alias_with_no_taskflow.py for tasks to queue
[2025-03-07T02:41:11.123+0000] {logging_mixin.py:190} INFO - [2025-03-07T02:41:11.122+0000] {dagbag.py:588} INFO - Filling up the DagBag from /home/Ashreem/airflow-env/lib/python3.12/site-packages/airflow/example_dags/example_dataset_alias_with_no_taskflow.py
[2025-03-07T02:41:11.155+0000] {processor.py:925} INFO - DAG(s) 'dataset_alias_example_alias_producer_with_no_taskflow', 'dataset_s3_bucket_producer_with_no_taskflow', 'dataset_alias_example_alias_consumer_with_no_taskflow', 'dataset_s3_bucket_consumer_with_no_taskflow' retrieved from /home/Ashreem/airflow-env/lib/python3.12/site-packages/airflow/example_dags/example_dataset_alias_with_no_taskflow.py
[2025-03-07T02:41:11.179+0000] {logging_mixin.py:190} INFO - [2025-03-07T02:41:11.179+0000] {dag.py:3239} INFO - Sync 4 DAGs
[2025-03-07T02:41:11.204+0000] {logging_mixin.py:190} INFO - [2025-03-07T02:41:11.204+0000] {dag.py:4180} INFO - Setting next_dagrun for dataset_alias_example_alias_consumer_with_no_taskflow to None, run_after=None
[2025-03-07T02:41:11.206+0000] {logging_mixin.py:190} INFO - [2025-03-07T02:41:11.206+0000] {dag.py:4180} INFO - Setting next_dagrun for dataset_alias_example_alias_producer_with_no_taskflow to None, run_after=None
[2025-03-07T02:41:11.208+0000] {logging_mixin.py:190} INFO - [2025-03-07T02:41:11.207+0000] {dag.py:4180} INFO - Setting next_dagrun for dataset_s3_bucket_consumer_with_no_taskflow to None, run_after=None
[2025-03-07T02:41:11.208+0000] {logging_mixin.py:190} INFO - [2025-03-07T02:41:11.208+0000] {dag.py:4180} INFO - Setting next_dagrun for dataset_s3_bucket_producer_with_no_taskflow to None, run_after=None
[2025-03-07T02:41:11.248+0000] {processor.py:208} INFO - Processing /home/Ashreem/airflow-env/lib/python3.12/site-packages/airflow/example_dags/example_dataset_alias_with_no_taskflow.py took 0.138 seconds
[2025-03-07T02:42:13.901+0000] {processor.py:186} INFO - Started process (PID=46906) to work on /home/Ashreem/airflow-env/lib/python3.12/site-packages/airflow/example_dags/example_dataset_alias_with_no_taskflow.py
[2025-03-07T02:42:13.903+0000] {processor.py:914} INFO - Processing file /home/Ashreem/airflow-env/lib/python3.12/site-packages/airflow/example_dags/example_dataset_alias_with_no_taskflow.py for tasks to queue
[2025-03-07T02:42:13.906+0000] {logging_mixin.py:190} INFO - [2025-03-07T02:42:13.906+0000] {dagbag.py:588} INFO - Filling up the DagBag from /home/Ashreem/airflow-env/lib/python3.12/site-packages/airflow/example_dags/example_dataset_alias_with_no_taskflow.py
[2025-03-07T02:42:13.936+0000] {processor.py:925} INFO - DAG(s) 'dataset_s3_bucket_consumer_with_no_taskflow', 'dataset_alias_example_alias_producer_with_no_taskflow', 'dataset_s3_bucket_producer_with_no_taskflow', 'dataset_alias_example_alias_consumer_with_no_taskflow' retrieved from /home/Ashreem/airflow-env/lib/python3.12/site-packages/airflow/example_dags/example_dataset_alias_with_no_taskflow.py
[2025-03-07T02:42:13.959+0000] {logging_mixin.py:190} INFO - [2025-03-07T02:42:13.959+0000] {dag.py:3239} INFO - Sync 4 DAGs
[2025-03-07T02:42:13.983+0000] {logging_mixin.py:190} INFO - [2025-03-07T02:42:13.982+0000] {dag.py:4180} INFO - Setting next_dagrun for dataset_alias_example_alias_consumer_with_no_taskflow to None, run_after=None
[2025-03-07T02:42:13.985+0000] {logging_mixin.py:190} INFO - [2025-03-07T02:42:13.985+0000] {dag.py:4180} INFO - Setting next_dagrun for dataset_alias_example_alias_producer_with_no_taskflow to None, run_after=None
[2025-03-07T02:42:13.986+0000] {logging_mixin.py:190} INFO - [2025-03-07T02:42:13.986+0000] {dag.py:4180} INFO - Setting next_dagrun for dataset_s3_bucket_consumer_with_no_taskflow to None, run_after=None
[2025-03-07T02:42:13.987+0000] {logging_mixin.py:190} INFO - [2025-03-07T02:42:13.987+0000] {dag.py:4180} INFO - Setting next_dagrun for dataset_s3_bucket_producer_with_no_taskflow to None, run_after=None
[2025-03-07T02:42:14.031+0000] {processor.py:208} INFO - Processing /home/Ashreem/airflow-env/lib/python3.12/site-packages/airflow/example_dags/example_dataset_alias_with_no_taskflow.py took 0.139 seconds
[2025-03-07T02:43:18.734+0000] {processor.py:186} INFO - Started process (PID=46979) to work on /home/Ashreem/airflow-env/lib/python3.12/site-packages/airflow/example_dags/example_dataset_alias_with_no_taskflow.py
[2025-03-07T02:43:18.735+0000] {processor.py:914} INFO - Processing file /home/Ashreem/airflow-env/lib/python3.12/site-packages/airflow/example_dags/example_dataset_alias_with_no_taskflow.py for tasks to queue
[2025-03-07T02:43:18.738+0000] {logging_mixin.py:190} INFO - [2025-03-07T02:43:18.738+0000] {dagbag.py:588} INFO - Filling up the DagBag from /home/Ashreem/airflow-env/lib/python3.12/site-packages/airflow/example_dags/example_dataset_alias_with_no_taskflow.py
[2025-03-07T02:43:18.770+0000] {processor.py:925} INFO - DAG(s) 'dataset_s3_bucket_consumer_with_no_taskflow', 'dataset_alias_example_alias_consumer_with_no_taskflow', 'dataset_alias_example_alias_producer_with_no_taskflow', 'dataset_s3_bucket_producer_with_no_taskflow' retrieved from /home/Ashreem/airflow-env/lib/python3.12/site-packages/airflow/example_dags/example_dataset_alias_with_no_taskflow.py
[2025-03-07T02:43:18.796+0000] {logging_mixin.py:190} INFO - [2025-03-07T02:43:18.796+0000] {dag.py:3239} INFO - Sync 4 DAGs
[2025-03-07T02:43:18.823+0000] {logging_mixin.py:190} INFO - [2025-03-07T02:43:18.823+0000] {dag.py:4180} INFO - Setting next_dagrun for dataset_alias_example_alias_consumer_with_no_taskflow to None, run_after=None
[2025-03-07T02:43:18.825+0000] {logging_mixin.py:190} INFO - [2025-03-07T02:43:18.825+0000] {dag.py:4180} INFO - Setting next_dagrun for dataset_alias_example_alias_producer_with_no_taskflow to None, run_after=None
[2025-03-07T02:43:18.826+0000] {logging_mixin.py:190} INFO - [2025-03-07T02:43:18.826+0000] {dag.py:4180} INFO - Setting next_dagrun for dataset_s3_bucket_consumer_with_no_taskflow to None, run_after=None
[2025-03-07T02:43:18.827+0000] {logging_mixin.py:190} INFO - [2025-03-07T02:43:18.827+0000] {dag.py:4180} INFO - Setting next_dagrun for dataset_s3_bucket_producer_with_no_taskflow to None, run_after=None
[2025-03-07T02:43:18.872+0000] {processor.py:208} INFO - Processing /home/Ashreem/airflow-env/lib/python3.12/site-packages/airflow/example_dags/example_dataset_alias_with_no_taskflow.py took 0.145 seconds
[2025-03-07T02:44:22.611+0000] {processor.py:186} INFO - Started process (PID=47046) to work on /home/Ashreem/airflow-env/lib/python3.12/site-packages/airflow/example_dags/example_dataset_alias_with_no_taskflow.py
[2025-03-07T02:44:22.613+0000] {processor.py:914} INFO - Processing file /home/Ashreem/airflow-env/lib/python3.12/site-packages/airflow/example_dags/example_dataset_alias_with_no_taskflow.py for tasks to queue
[2025-03-07T02:44:22.615+0000] {logging_mixin.py:190} INFO - [2025-03-07T02:44:22.615+0000] {dagbag.py:588} INFO - Filling up the DagBag from /home/Ashreem/airflow-env/lib/python3.12/site-packages/airflow/example_dags/example_dataset_alias_with_no_taskflow.py
[2025-03-07T02:44:22.648+0000] {processor.py:925} INFO - DAG(s) 'dataset_s3_bucket_consumer_with_no_taskflow', 'dataset_alias_example_alias_consumer_with_no_taskflow', 'dataset_alias_example_alias_producer_with_no_taskflow', 'dataset_s3_bucket_producer_with_no_taskflow' retrieved from /home/Ashreem/airflow-env/lib/python3.12/site-packages/airflow/example_dags/example_dataset_alias_with_no_taskflow.py
[2025-03-07T02:44:22.673+0000] {logging_mixin.py:190} INFO - [2025-03-07T02:44:22.673+0000] {dag.py:3239} INFO - Sync 4 DAGs
[2025-03-07T02:44:22.697+0000] {logging_mixin.py:190} INFO - [2025-03-07T02:44:22.697+0000] {dag.py:4180} INFO - Setting next_dagrun for dataset_alias_example_alias_consumer_with_no_taskflow to None, run_after=None
[2025-03-07T02:44:22.700+0000] {logging_mixin.py:190} INFO - [2025-03-07T02:44:22.700+0000] {dag.py:4180} INFO - Setting next_dagrun for dataset_alias_example_alias_producer_with_no_taskflow to None, run_after=None
[2025-03-07T02:44:22.701+0000] {logging_mixin.py:190} INFO - [2025-03-07T02:44:22.701+0000] {dag.py:4180} INFO - Setting next_dagrun for dataset_s3_bucket_consumer_with_no_taskflow to None, run_after=None
[2025-03-07T02:44:22.702+0000] {logging_mixin.py:190} INFO - [2025-03-07T02:44:22.702+0000] {dag.py:4180} INFO - Setting next_dagrun for dataset_s3_bucket_producer_with_no_taskflow to None, run_after=None
[2025-03-07T02:44:22.741+0000] {processor.py:208} INFO - Processing /home/Ashreem/airflow-env/lib/python3.12/site-packages/airflow/example_dags/example_dataset_alias_with_no_taskflow.py took 0.138 seconds
[2025-03-07T02:45:25.222+0000] {processor.py:186} INFO - Started process (PID=47126) to work on /home/Ashreem/airflow-env/lib/python3.12/site-packages/airflow/example_dags/example_dataset_alias_with_no_taskflow.py
[2025-03-07T02:45:25.224+0000] {processor.py:914} INFO - Processing file /home/Ashreem/airflow-env/lib/python3.12/site-packages/airflow/example_dags/example_dataset_alias_with_no_taskflow.py for tasks to queue
[2025-03-07T02:45:25.227+0000] {logging_mixin.py:190} INFO - [2025-03-07T02:45:25.226+0000] {dagbag.py:588} INFO - Filling up the DagBag from /home/Ashreem/airflow-env/lib/python3.12/site-packages/airflow/example_dags/example_dataset_alias_with_no_taskflow.py
[2025-03-07T02:45:25.258+0000] {processor.py:925} INFO - DAG(s) 'dataset_s3_bucket_producer_with_no_taskflow', 'dataset_alias_example_alias_consumer_with_no_taskflow', 'dataset_s3_bucket_consumer_with_no_taskflow', 'dataset_alias_example_alias_producer_with_no_taskflow' retrieved from /home/Ashreem/airflow-env/lib/python3.12/site-packages/airflow/example_dags/example_dataset_alias_with_no_taskflow.py
[2025-03-07T02:45:25.286+0000] {logging_mixin.py:190} INFO - [2025-03-07T02:45:25.286+0000] {dag.py:3239} INFO - Sync 4 DAGs
[2025-03-07T02:45:25.315+0000] {logging_mixin.py:190} INFO - [2025-03-07T02:45:25.314+0000] {dag.py:4180} INFO - Setting next_dagrun for dataset_alias_example_alias_consumer_with_no_taskflow to None, run_after=None
[2025-03-07T02:45:25.317+0000] {logging_mixin.py:190} INFO - [2025-03-07T02:45:25.317+0000] {dag.py:4180} INFO - Setting next_dagrun for dataset_alias_example_alias_producer_with_no_taskflow to None, run_after=None
[2025-03-07T02:45:25.318+0000] {logging_mixin.py:190} INFO - [2025-03-07T02:45:25.318+0000] {dag.py:4180} INFO - Setting next_dagrun for dataset_s3_bucket_consumer_with_no_taskflow to None, run_after=None
[2025-03-07T02:45:25.319+0000] {logging_mixin.py:190} INFO - [2025-03-07T02:45:25.319+0000] {dag.py:4180} INFO - Setting next_dagrun for dataset_s3_bucket_producer_with_no_taskflow to None, run_after=None
[2025-03-07T02:45:25.363+0000] {processor.py:208} INFO - Processing /home/Ashreem/airflow-env/lib/python3.12/site-packages/airflow/example_dags/example_dataset_alias_with_no_taskflow.py took 0.148 seconds
[2025-03-07T02:46:29.122+0000] {processor.py:186} INFO - Started process (PID=47192) to work on /home/Ashreem/airflow-env/lib/python3.12/site-packages/airflow/example_dags/example_dataset_alias_with_no_taskflow.py
[2025-03-07T02:46:29.123+0000] {processor.py:914} INFO - Processing file /home/Ashreem/airflow-env/lib/python3.12/site-packages/airflow/example_dags/example_dataset_alias_with_no_taskflow.py for tasks to queue
[2025-03-07T02:46:29.126+0000] {logging_mixin.py:190} INFO - [2025-03-07T02:46:29.126+0000] {dagbag.py:588} INFO - Filling up the DagBag from /home/Ashreem/airflow-env/lib/python3.12/site-packages/airflow/example_dags/example_dataset_alias_with_no_taskflow.py
[2025-03-07T02:46:29.158+0000] {processor.py:925} INFO - DAG(s) 'dataset_alias_example_alias_consumer_with_no_taskflow', 'dataset_s3_bucket_consumer_with_no_taskflow', 'dataset_s3_bucket_producer_with_no_taskflow', 'dataset_alias_example_alias_producer_with_no_taskflow' retrieved from /home/Ashreem/airflow-env/lib/python3.12/site-packages/airflow/example_dags/example_dataset_alias_with_no_taskflow.py
[2025-03-07T02:46:29.182+0000] {logging_mixin.py:190} INFO - [2025-03-07T02:46:29.181+0000] {dag.py:3239} INFO - Sync 4 DAGs
[2025-03-07T02:46:29.210+0000] {logging_mixin.py:190} INFO - [2025-03-07T02:46:29.210+0000] {dag.py:4180} INFO - Setting next_dagrun for dataset_alias_example_alias_consumer_with_no_taskflow to None, run_after=None
[2025-03-07T02:46:29.212+0000] {logging_mixin.py:190} INFO - [2025-03-07T02:46:29.212+0000] {dag.py:4180} INFO - Setting next_dagrun for dataset_alias_example_alias_producer_with_no_taskflow to None, run_after=None
[2025-03-07T02:46:29.214+0000] {logging_mixin.py:190} INFO - [2025-03-07T02:46:29.213+0000] {dag.py:4180} INFO - Setting next_dagrun for dataset_s3_bucket_consumer_with_no_taskflow to None, run_after=None
[2025-03-07T02:46:29.215+0000] {logging_mixin.py:190} INFO - [2025-03-07T02:46:29.214+0000] {dag.py:4180} INFO - Setting next_dagrun for dataset_s3_bucket_producer_with_no_taskflow to None, run_after=None
[2025-03-07T02:46:29.254+0000] {processor.py:208} INFO - Processing /home/Ashreem/airflow-env/lib/python3.12/site-packages/airflow/example_dags/example_dataset_alias_with_no_taskflow.py took 0.141 seconds
[2025-03-07T02:47:32.421+0000] {processor.py:186} INFO - Started process (PID=47252) to work on /home/Ashreem/airflow-env/lib/python3.12/site-packages/airflow/example_dags/example_dataset_alias_with_no_taskflow.py
[2025-03-07T02:47:32.422+0000] {processor.py:914} INFO - Processing file /home/Ashreem/airflow-env/lib/python3.12/site-packages/airflow/example_dags/example_dataset_alias_with_no_taskflow.py for tasks to queue
[2025-03-07T02:47:32.425+0000] {logging_mixin.py:190} INFO - [2025-03-07T02:47:32.425+0000] {dagbag.py:588} INFO - Filling up the DagBag from /home/Ashreem/airflow-env/lib/python3.12/site-packages/airflow/example_dags/example_dataset_alias_with_no_taskflow.py
[2025-03-07T02:47:32.458+0000] {processor.py:925} INFO - DAG(s) 'dataset_s3_bucket_consumer_with_no_taskflow', 'dataset_s3_bucket_producer_with_no_taskflow', 'dataset_alias_example_alias_producer_with_no_taskflow', 'dataset_alias_example_alias_consumer_with_no_taskflow' retrieved from /home/Ashreem/airflow-env/lib/python3.12/site-packages/airflow/example_dags/example_dataset_alias_with_no_taskflow.py
[2025-03-07T02:47:32.482+0000] {logging_mixin.py:190} INFO - [2025-03-07T02:47:32.481+0000] {dag.py:3239} INFO - Sync 4 DAGs
[2025-03-07T02:47:32.505+0000] {logging_mixin.py:190} INFO - [2025-03-07T02:47:32.505+0000] {dag.py:4180} INFO - Setting next_dagrun for dataset_alias_example_alias_consumer_with_no_taskflow to None, run_after=None
[2025-03-07T02:47:32.508+0000] {logging_mixin.py:190} INFO - [2025-03-07T02:47:32.507+0000] {dag.py:4180} INFO - Setting next_dagrun for dataset_alias_example_alias_producer_with_no_taskflow to None, run_after=None
[2025-03-07T02:47:32.509+0000] {logging_mixin.py:190} INFO - [2025-03-07T02:47:32.509+0000] {dag.py:4180} INFO - Setting next_dagrun for dataset_s3_bucket_consumer_with_no_taskflow to None, run_after=None
[2025-03-07T02:47:32.510+0000] {logging_mixin.py:190} INFO - [2025-03-07T02:47:32.510+0000] {dag.py:4180} INFO - Setting next_dagrun for dataset_s3_bucket_producer_with_no_taskflow to None, run_after=None
[2025-03-07T02:47:32.552+0000] {processor.py:208} INFO - Processing /home/Ashreem/airflow-env/lib/python3.12/site-packages/airflow/example_dags/example_dataset_alias_with_no_taskflow.py took 0.139 seconds
[2025-03-07T02:48:42.783+0000] {processor.py:186} INFO - Started process (PID=47333) to work on /home/Ashreem/airflow-env/lib/python3.12/site-packages/airflow/example_dags/example_dataset_alias_with_no_taskflow.py
[2025-03-07T02:48:42.785+0000] {processor.py:914} INFO - Processing file /home/Ashreem/airflow-env/lib/python3.12/site-packages/airflow/example_dags/example_dataset_alias_with_no_taskflow.py for tasks to queue
[2025-03-07T02:48:42.788+0000] {logging_mixin.py:190} INFO - [2025-03-07T02:48:42.787+0000] {dagbag.py:588} INFO - Filling up the DagBag from /home/Ashreem/airflow-env/lib/python3.12/site-packages/airflow/example_dags/example_dataset_alias_with_no_taskflow.py
[2025-03-07T02:48:42.817+0000] {processor.py:925} INFO - DAG(s) 'dataset_alias_example_alias_consumer_with_no_taskflow', 'dataset_s3_bucket_producer_with_no_taskflow', 'dataset_s3_bucket_consumer_with_no_taskflow', 'dataset_alias_example_alias_producer_with_no_taskflow' retrieved from /home/Ashreem/airflow-env/lib/python3.12/site-packages/airflow/example_dags/example_dataset_alias_with_no_taskflow.py
[2025-03-07T02:48:42.839+0000] {logging_mixin.py:190} INFO - [2025-03-07T02:48:42.839+0000] {dag.py:3239} INFO - Sync 4 DAGs
[2025-03-07T02:48:42.865+0000] {logging_mixin.py:190} INFO - [2025-03-07T02:48:42.865+0000] {dag.py:4180} INFO - Setting next_dagrun for dataset_alias_example_alias_consumer_with_no_taskflow to None, run_after=None
[2025-03-07T02:48:42.867+0000] {logging_mixin.py:190} INFO - [2025-03-07T02:48:42.867+0000] {dag.py:4180} INFO - Setting next_dagrun for dataset_alias_example_alias_producer_with_no_taskflow to None, run_after=None
[2025-03-07T02:48:42.868+0000] {logging_mixin.py:190} INFO - [2025-03-07T02:48:42.868+0000] {dag.py:4180} INFO - Setting next_dagrun for dataset_s3_bucket_consumer_with_no_taskflow to None, run_after=None
[2025-03-07T02:48:42.869+0000] {logging_mixin.py:190} INFO - [2025-03-07T02:48:42.869+0000] {dag.py:4180} INFO - Setting next_dagrun for dataset_s3_bucket_producer_with_no_taskflow to None, run_after=None
[2025-03-07T02:48:42.914+0000] {processor.py:208} INFO - Processing /home/Ashreem/airflow-env/lib/python3.12/site-packages/airflow/example_dags/example_dataset_alias_with_no_taskflow.py took 0.138 seconds
[2025-03-07T02:49:47.086+0000] {processor.py:186} INFO - Started process (PID=47405) to work on /home/Ashreem/airflow-env/lib/python3.12/site-packages/airflow/example_dags/example_dataset_alias_with_no_taskflow.py
[2025-03-07T02:49:47.088+0000] {processor.py:914} INFO - Processing file /home/Ashreem/airflow-env/lib/python3.12/site-packages/airflow/example_dags/example_dataset_alias_with_no_taskflow.py for tasks to queue
[2025-03-07T02:49:47.090+0000] {logging_mixin.py:190} INFO - [2025-03-07T02:49:47.090+0000] {dagbag.py:588} INFO - Filling up the DagBag from /home/Ashreem/airflow-env/lib/python3.12/site-packages/airflow/example_dags/example_dataset_alias_with_no_taskflow.py
[2025-03-07T02:49:47.119+0000] {processor.py:925} INFO - DAG(s) 'dataset_alias_example_alias_producer_with_no_taskflow', 'dataset_alias_example_alias_consumer_with_no_taskflow', 'dataset_s3_bucket_producer_with_no_taskflow', 'dataset_s3_bucket_consumer_with_no_taskflow' retrieved from /home/Ashreem/airflow-env/lib/python3.12/site-packages/airflow/example_dags/example_dataset_alias_with_no_taskflow.py
[2025-03-07T02:49:47.144+0000] {logging_mixin.py:190} INFO - [2025-03-07T02:49:47.143+0000] {dag.py:3239} INFO - Sync 4 DAGs
[2025-03-07T02:49:47.175+0000] {logging_mixin.py:190} INFO - [2025-03-07T02:49:47.175+0000] {dag.py:4180} INFO - Setting next_dagrun for dataset_alias_example_alias_consumer_with_no_taskflow to None, run_after=None
[2025-03-07T02:49:47.177+0000] {logging_mixin.py:190} INFO - [2025-03-07T02:49:47.177+0000] {dag.py:4180} INFO - Setting next_dagrun for dataset_alias_example_alias_producer_with_no_taskflow to None, run_after=None
[2025-03-07T02:49:47.178+0000] {logging_mixin.py:190} INFO - [2025-03-07T02:49:47.178+0000] {dag.py:4180} INFO - Setting next_dagrun for dataset_s3_bucket_consumer_with_no_taskflow to None, run_after=None
[2025-03-07T02:49:47.179+0000] {logging_mixin.py:190} INFO - [2025-03-07T02:49:47.179+0000] {dag.py:4180} INFO - Setting next_dagrun for dataset_s3_bucket_producer_with_no_taskflow to None, run_after=None
[2025-03-07T02:49:47.220+0000] {processor.py:208} INFO - Processing /home/Ashreem/airflow-env/lib/python3.12/site-packages/airflow/example_dags/example_dataset_alias_with_no_taskflow.py took 0.144 seconds
[2025-03-07T02:50:51.429+0000] {processor.py:186} INFO - Started process (PID=47474) to work on /home/Ashreem/airflow-env/lib/python3.12/site-packages/airflow/example_dags/example_dataset_alias_with_no_taskflow.py
[2025-03-07T02:50:51.431+0000] {processor.py:914} INFO - Processing file /home/Ashreem/airflow-env/lib/python3.12/site-packages/airflow/example_dags/example_dataset_alias_with_no_taskflow.py for tasks to queue
[2025-03-07T02:50:51.434+0000] {logging_mixin.py:190} INFO - [2025-03-07T02:50:51.433+0000] {dagbag.py:588} INFO - Filling up the DagBag from /home/Ashreem/airflow-env/lib/python3.12/site-packages/airflow/example_dags/example_dataset_alias_with_no_taskflow.py
[2025-03-07T02:50:51.471+0000] {processor.py:925} INFO - DAG(s) 'dataset_s3_bucket_producer_with_no_taskflow', 'dataset_alias_example_alias_producer_with_no_taskflow', 'dataset_s3_bucket_consumer_with_no_taskflow', 'dataset_alias_example_alias_consumer_with_no_taskflow' retrieved from /home/Ashreem/airflow-env/lib/python3.12/site-packages/airflow/example_dags/example_dataset_alias_with_no_taskflow.py
[2025-03-07T02:50:51.494+0000] {logging_mixin.py:190} INFO - [2025-03-07T02:50:51.494+0000] {dag.py:3239} INFO - Sync 4 DAGs
[2025-03-07T02:50:51.518+0000] {logging_mixin.py:190} INFO - [2025-03-07T02:50:51.518+0000] {dag.py:4180} INFO - Setting next_dagrun for dataset_alias_example_alias_consumer_with_no_taskflow to None, run_after=None
[2025-03-07T02:50:51.521+0000] {logging_mixin.py:190} INFO - [2025-03-07T02:50:51.521+0000] {dag.py:4180} INFO - Setting next_dagrun for dataset_alias_example_alias_producer_with_no_taskflow to None, run_after=None
[2025-03-07T02:50:51.522+0000] {logging_mixin.py:190} INFO - [2025-03-07T02:50:51.522+0000] {dag.py:4180} INFO - Setting next_dagrun for dataset_s3_bucket_consumer_with_no_taskflow to None, run_after=None
[2025-03-07T02:50:51.523+0000] {logging_mixin.py:190} INFO - [2025-03-07T02:50:51.523+0000] {dag.py:4180} INFO - Setting next_dagrun for dataset_s3_bucket_producer_with_no_taskflow to None, run_after=None
[2025-03-07T02:50:51.564+0000] {processor.py:208} INFO - Processing /home/Ashreem/airflow-env/lib/python3.12/site-packages/airflow/example_dags/example_dataset_alias_with_no_taskflow.py took 0.143 seconds
[2025-03-07T02:51:53.991+0000] {processor.py:186} INFO - Started process (PID=47535) to work on /home/Ashreem/airflow-env/lib/python3.12/site-packages/airflow/example_dags/example_dataset_alias_with_no_taskflow.py
[2025-03-07T02:51:53.992+0000] {processor.py:914} INFO - Processing file /home/Ashreem/airflow-env/lib/python3.12/site-packages/airflow/example_dags/example_dataset_alias_with_no_taskflow.py for tasks to queue
[2025-03-07T02:51:53.995+0000] {logging_mixin.py:190} INFO - [2025-03-07T02:51:53.994+0000] {dagbag.py:588} INFO - Filling up the DagBag from /home/Ashreem/airflow-env/lib/python3.12/site-packages/airflow/example_dags/example_dataset_alias_with_no_taskflow.py
[2025-03-07T02:51:54.024+0000] {processor.py:925} INFO - DAG(s) 'dataset_s3_bucket_producer_with_no_taskflow', 'dataset_s3_bucket_consumer_with_no_taskflow', 'dataset_alias_example_alias_producer_with_no_taskflow', 'dataset_alias_example_alias_consumer_with_no_taskflow' retrieved from /home/Ashreem/airflow-env/lib/python3.12/site-packages/airflow/example_dags/example_dataset_alias_with_no_taskflow.py
[2025-03-07T02:51:54.048+0000] {logging_mixin.py:190} INFO - [2025-03-07T02:51:54.048+0000] {dag.py:3239} INFO - Sync 4 DAGs
[2025-03-07T02:51:54.074+0000] {logging_mixin.py:190} INFO - [2025-03-07T02:51:54.074+0000] {dag.py:4180} INFO - Setting next_dagrun for dataset_alias_example_alias_consumer_with_no_taskflow to None, run_after=None
[2025-03-07T02:51:54.079+0000] {logging_mixin.py:190} INFO - [2025-03-07T02:51:54.079+0000] {dag.py:4180} INFO - Setting next_dagrun for dataset_alias_example_alias_producer_with_no_taskflow to None, run_after=None
[2025-03-07T02:51:54.080+0000] {logging_mixin.py:190} INFO - [2025-03-07T02:51:54.080+0000] {dag.py:4180} INFO - Setting next_dagrun for dataset_s3_bucket_consumer_with_no_taskflow to None, run_after=None
[2025-03-07T02:51:54.081+0000] {logging_mixin.py:190} INFO - [2025-03-07T02:51:54.081+0000] {dag.py:4180} INFO - Setting next_dagrun for dataset_s3_bucket_producer_with_no_taskflow to None, run_after=None
[2025-03-07T02:51:54.123+0000] {processor.py:208} INFO - Processing /home/Ashreem/airflow-env/lib/python3.12/site-packages/airflow/example_dags/example_dataset_alias_with_no_taskflow.py took 0.139 seconds
[2025-03-07T02:53:00.852+0000] {processor.py:186} INFO - Started process (PID=47604) to work on /home/Ashreem/airflow-env/lib/python3.12/site-packages/airflow/example_dags/example_dataset_alias_with_no_taskflow.py
[2025-03-07T02:53:00.855+0000] {processor.py:914} INFO - Processing file /home/Ashreem/airflow-env/lib/python3.12/site-packages/airflow/example_dags/example_dataset_alias_with_no_taskflow.py for tasks to queue
[2025-03-07T02:53:00.857+0000] {logging_mixin.py:190} INFO - [2025-03-07T02:53:00.857+0000] {dagbag.py:588} INFO - Filling up the DagBag from /home/Ashreem/airflow-env/lib/python3.12/site-packages/airflow/example_dags/example_dataset_alias_with_no_taskflow.py
[2025-03-07T02:53:00.889+0000] {processor.py:925} INFO - DAG(s) 'dataset_alias_example_alias_consumer_with_no_taskflow', 'dataset_alias_example_alias_producer_with_no_taskflow', 'dataset_s3_bucket_producer_with_no_taskflow', 'dataset_s3_bucket_consumer_with_no_taskflow' retrieved from /home/Ashreem/airflow-env/lib/python3.12/site-packages/airflow/example_dags/example_dataset_alias_with_no_taskflow.py
[2025-03-07T02:53:00.912+0000] {logging_mixin.py:190} INFO - [2025-03-07T02:53:00.912+0000] {dag.py:3239} INFO - Sync 4 DAGs
[2025-03-07T02:53:00.942+0000] {logging_mixin.py:190} INFO - [2025-03-07T02:53:00.942+0000] {dag.py:4180} INFO - Setting next_dagrun for dataset_alias_example_alias_consumer_with_no_taskflow to None, run_after=None
[2025-03-07T02:53:00.945+0000] {logging_mixin.py:190} INFO - [2025-03-07T02:53:00.945+0000] {dag.py:4180} INFO - Setting next_dagrun for dataset_alias_example_alias_producer_with_no_taskflow to None, run_after=None
[2025-03-07T02:53:00.946+0000] {logging_mixin.py:190} INFO - [2025-03-07T02:53:00.946+0000] {dag.py:4180} INFO - Setting next_dagrun for dataset_s3_bucket_consumer_with_no_taskflow to None, run_after=None
[2025-03-07T02:53:00.947+0000] {logging_mixin.py:190} INFO - [2025-03-07T02:53:00.947+0000] {dag.py:4180} INFO - Setting next_dagrun for dataset_s3_bucket_producer_with_no_taskflow to None, run_after=None
[2025-03-07T02:53:00.988+0000] {processor.py:208} INFO - Processing /home/Ashreem/airflow-env/lib/python3.12/site-packages/airflow/example_dags/example_dataset_alias_with_no_taskflow.py took 0.144 seconds
[2025-03-07T02:54:02.049+0000] {processor.py:186} INFO - Started process (PID=47668) to work on /home/Ashreem/airflow-env/lib/python3.12/site-packages/airflow/example_dags/example_dataset_alias_with_no_taskflow.py
[2025-03-07T02:54:02.050+0000] {processor.py:914} INFO - Processing file /home/Ashreem/airflow-env/lib/python3.12/site-packages/airflow/example_dags/example_dataset_alias_with_no_taskflow.py for tasks to queue
[2025-03-07T02:54:02.054+0000] {logging_mixin.py:190} INFO - [2025-03-07T02:54:02.054+0000] {dagbag.py:588} INFO - Filling up the DagBag from /home/Ashreem/airflow-env/lib/python3.12/site-packages/airflow/example_dags/example_dataset_alias_with_no_taskflow.py
[2025-03-07T02:54:02.088+0000] {processor.py:925} INFO - DAG(s) 'dataset_alias_example_alias_consumer_with_no_taskflow', 'dataset_s3_bucket_producer_with_no_taskflow', 'dataset_s3_bucket_consumer_with_no_taskflow', 'dataset_alias_example_alias_producer_with_no_taskflow' retrieved from /home/Ashreem/airflow-env/lib/python3.12/site-packages/airflow/example_dags/example_dataset_alias_with_no_taskflow.py
[2025-03-07T02:54:02.109+0000] {logging_mixin.py:190} INFO - [2025-03-07T02:54:02.109+0000] {dag.py:3239} INFO - Sync 4 DAGs
[2025-03-07T02:54:02.132+0000] {logging_mixin.py:190} INFO - [2025-03-07T02:54:02.132+0000] {dag.py:4180} INFO - Setting next_dagrun for dataset_alias_example_alias_consumer_with_no_taskflow to None, run_after=None
[2025-03-07T02:54:02.135+0000] {logging_mixin.py:190} INFO - [2025-03-07T02:54:02.135+0000] {dag.py:4180} INFO - Setting next_dagrun for dataset_alias_example_alias_producer_with_no_taskflow to None, run_after=None
[2025-03-07T02:54:02.136+0000] {logging_mixin.py:190} INFO - [2025-03-07T02:54:02.136+0000] {dag.py:4180} INFO - Setting next_dagrun for dataset_s3_bucket_consumer_with_no_taskflow to None, run_after=None
[2025-03-07T02:54:02.137+0000] {logging_mixin.py:190} INFO - [2025-03-07T02:54:02.137+0000] {dag.py:4180} INFO - Setting next_dagrun for dataset_s3_bucket_producer_with_no_taskflow to None, run_after=None
[2025-03-07T02:54:02.184+0000] {processor.py:208} INFO - Processing /home/Ashreem/airflow-env/lib/python3.12/site-packages/airflow/example_dags/example_dataset_alias_with_no_taskflow.py took 0.144 seconds
[2025-03-07T02:55:03.191+0000] {processor.py:186} INFO - Started process (PID=47735) to work on /home/Ashreem/airflow-env/lib/python3.12/site-packages/airflow/example_dags/example_dataset_alias_with_no_taskflow.py
[2025-03-07T02:55:03.194+0000] {processor.py:914} INFO - Processing file /home/Ashreem/airflow-env/lib/python3.12/site-packages/airflow/example_dags/example_dataset_alias_with_no_taskflow.py for tasks to queue
[2025-03-07T02:55:03.197+0000] {logging_mixin.py:190} INFO - [2025-03-07T02:55:03.196+0000] {dagbag.py:588} INFO - Filling up the DagBag from /home/Ashreem/airflow-env/lib/python3.12/site-packages/airflow/example_dags/example_dataset_alias_with_no_taskflow.py
[2025-03-07T02:55:03.229+0000] {processor.py:925} INFO - DAG(s) 'dataset_s3_bucket_producer_with_no_taskflow', 'dataset_alias_example_alias_producer_with_no_taskflow', 'dataset_alias_example_alias_consumer_with_no_taskflow', 'dataset_s3_bucket_consumer_with_no_taskflow' retrieved from /home/Ashreem/airflow-env/lib/python3.12/site-packages/airflow/example_dags/example_dataset_alias_with_no_taskflow.py
[2025-03-07T02:55:03.250+0000] {logging_mixin.py:190} INFO - [2025-03-07T02:55:03.250+0000] {dag.py:3239} INFO - Sync 4 DAGs
[2025-03-07T02:55:03.275+0000] {logging_mixin.py:190} INFO - [2025-03-07T02:55:03.275+0000] {dag.py:4180} INFO - Setting next_dagrun for dataset_alias_example_alias_consumer_with_no_taskflow to None, run_after=None
[2025-03-07T02:55:03.277+0000] {logging_mixin.py:190} INFO - [2025-03-07T02:55:03.277+0000] {dag.py:4180} INFO - Setting next_dagrun for dataset_alias_example_alias_producer_with_no_taskflow to None, run_after=None
[2025-03-07T02:55:03.278+0000] {logging_mixin.py:190} INFO - [2025-03-07T02:55:03.278+0000] {dag.py:4180} INFO - Setting next_dagrun for dataset_s3_bucket_consumer_with_no_taskflow to None, run_after=None
[2025-03-07T02:55:03.280+0000] {logging_mixin.py:190} INFO - [2025-03-07T02:55:03.279+0000] {dag.py:4180} INFO - Setting next_dagrun for dataset_s3_bucket_producer_with_no_taskflow to None, run_after=None
[2025-03-07T02:55:03.322+0000] {processor.py:208} INFO - Processing /home/Ashreem/airflow-env/lib/python3.12/site-packages/airflow/example_dags/example_dataset_alias_with_no_taskflow.py took 0.138 seconds
[2025-03-07T02:56:06.886+0000] {processor.py:186} INFO - Started process (PID=47873) to work on /home/Ashreem/airflow-env/lib/python3.12/site-packages/airflow/example_dags/example_dataset_alias_with_no_taskflow.py
[2025-03-07T02:56:06.888+0000] {processor.py:914} INFO - Processing file /home/Ashreem/airflow-env/lib/python3.12/site-packages/airflow/example_dags/example_dataset_alias_with_no_taskflow.py for tasks to queue
[2025-03-07T02:56:06.893+0000] {logging_mixin.py:190} INFO - [2025-03-07T02:56:06.890+0000] {dagbag.py:588} INFO - Filling up the DagBag from /home/Ashreem/airflow-env/lib/python3.12/site-packages/airflow/example_dags/example_dataset_alias_with_no_taskflow.py
[2025-03-07T02:56:06.939+0000] {processor.py:925} INFO - DAG(s) 'dataset_s3_bucket_consumer_with_no_taskflow', 'dataset_s3_bucket_producer_with_no_taskflow', 'dataset_alias_example_alias_producer_with_no_taskflow', 'dataset_alias_example_alias_consumer_with_no_taskflow' retrieved from /home/Ashreem/airflow-env/lib/python3.12/site-packages/airflow/example_dags/example_dataset_alias_with_no_taskflow.py
[2025-03-07T02:56:06.977+0000] {logging_mixin.py:190} INFO - [2025-03-07T02:56:06.976+0000] {dag.py:3239} INFO - Sync 4 DAGs
[2025-03-07T02:56:07.018+0000] {logging_mixin.py:190} INFO - [2025-03-07T02:56:07.018+0000] {dag.py:4180} INFO - Setting next_dagrun for dataset_alias_example_alias_consumer_with_no_taskflow to None, run_after=None
[2025-03-07T02:56:07.023+0000] {logging_mixin.py:190} INFO - [2025-03-07T02:56:07.023+0000] {dag.py:4180} INFO - Setting next_dagrun for dataset_alias_example_alias_producer_with_no_taskflow to None, run_after=None
[2025-03-07T02:56:07.024+0000] {logging_mixin.py:190} INFO - [2025-03-07T02:56:07.024+0000] {dag.py:4180} INFO - Setting next_dagrun for dataset_s3_bucket_consumer_with_no_taskflow to None, run_after=None
[2025-03-07T02:56:07.025+0000] {logging_mixin.py:190} INFO - [2025-03-07T02:56:07.025+0000] {dag.py:4180} INFO - Setting next_dagrun for dataset_s3_bucket_producer_with_no_taskflow to None, run_after=None
[2025-03-07T02:56:07.083+0000] {processor.py:208} INFO - Processing /home/Ashreem/airflow-env/lib/python3.12/site-packages/airflow/example_dags/example_dataset_alias_with_no_taskflow.py took 0.210 seconds
[2025-03-07T02:57:04.059+0000] {processor.py:186} INFO - Started process (PID=47991) to work on /home/Ashreem/airflow-env/lib/python3.12/site-packages/airflow/example_dags/example_dataset_alias_with_no_taskflow.py
[2025-03-07T02:57:04.061+0000] {processor.py:914} INFO - Processing file /home/Ashreem/airflow-env/lib/python3.12/site-packages/airflow/example_dags/example_dataset_alias_with_no_taskflow.py for tasks to queue
[2025-03-07T02:57:04.063+0000] {logging_mixin.py:190} INFO - [2025-03-07T02:57:04.063+0000] {dagbag.py:588} INFO - Filling up the DagBag from /home/Ashreem/airflow-env/lib/python3.12/site-packages/airflow/example_dags/example_dataset_alias_with_no_taskflow.py
[2025-03-07T02:57:04.097+0000] {processor.py:925} INFO - DAG(s) 'dataset_s3_bucket_consumer_with_no_taskflow', 'dataset_s3_bucket_producer_with_no_taskflow', 'dataset_alias_example_alias_consumer_with_no_taskflow', 'dataset_alias_example_alias_producer_with_no_taskflow' retrieved from /home/Ashreem/airflow-env/lib/python3.12/site-packages/airflow/example_dags/example_dataset_alias_with_no_taskflow.py
[2025-03-07T02:57:04.120+0000] {logging_mixin.py:190} INFO - [2025-03-07T02:57:04.119+0000] {dag.py:3239} INFO - Sync 4 DAGs
[2025-03-07T02:57:04.145+0000] {logging_mixin.py:190} INFO - [2025-03-07T02:57:04.145+0000] {dag.py:4180} INFO - Setting next_dagrun for dataset_alias_example_alias_consumer_with_no_taskflow to None, run_after=None
[2025-03-07T02:57:04.147+0000] {logging_mixin.py:190} INFO - [2025-03-07T02:57:04.147+0000] {dag.py:4180} INFO - Setting next_dagrun for dataset_alias_example_alias_producer_with_no_taskflow to None, run_after=None
[2025-03-07T02:57:04.150+0000] {logging_mixin.py:190} INFO - [2025-03-07T02:57:04.150+0000] {dag.py:4180} INFO - Setting next_dagrun for dataset_s3_bucket_consumer_with_no_taskflow to None, run_after=None
[2025-03-07T02:57:04.152+0000] {logging_mixin.py:190} INFO - [2025-03-07T02:57:04.151+0000] {dag.py:4180} INFO - Setting next_dagrun for dataset_s3_bucket_producer_with_no_taskflow to None, run_after=None
[2025-03-07T02:57:04.191+0000] {processor.py:208} INFO - Processing /home/Ashreem/airflow-env/lib/python3.12/site-packages/airflow/example_dags/example_dataset_alias_with_no_taskflow.py took 0.151 seconds
[2025-03-07T02:57:12.563+0000] {processor.py:186} INFO - Started process (PID=48009) to work on /home/Ashreem/airflow-env/lib/python3.12/site-packages/airflow/example_dags/example_dataset_alias_with_no_taskflow.py
[2025-03-07T02:57:12.564+0000] {processor.py:914} INFO - Processing file /home/Ashreem/airflow-env/lib/python3.12/site-packages/airflow/example_dags/example_dataset_alias_with_no_taskflow.py for tasks to queue
[2025-03-07T02:57:12.567+0000] {logging_mixin.py:190} INFO - [2025-03-07T02:57:12.566+0000] {dagbag.py:588} INFO - Filling up the DagBag from /home/Ashreem/airflow-env/lib/python3.12/site-packages/airflow/example_dags/example_dataset_alias_with_no_taskflow.py
[2025-03-07T02:57:12.596+0000] {processor.py:925} INFO - DAG(s) 'dataset_alias_example_alias_producer_with_no_taskflow', 'dataset_alias_example_alias_consumer_with_no_taskflow', 'dataset_s3_bucket_producer_with_no_taskflow', 'dataset_s3_bucket_consumer_with_no_taskflow' retrieved from /home/Ashreem/airflow-env/lib/python3.12/site-packages/airflow/example_dags/example_dataset_alias_with_no_taskflow.py
[2025-03-07T02:57:12.620+0000] {logging_mixin.py:190} INFO - [2025-03-07T02:57:12.620+0000] {dag.py:3239} INFO - Sync 4 DAGs
[2025-03-07T02:57:12.648+0000] {logging_mixin.py:190} INFO - [2025-03-07T02:57:12.648+0000] {dag.py:4180} INFO - Setting next_dagrun for dataset_alias_example_alias_consumer_with_no_taskflow to None, run_after=None
[2025-03-07T02:57:12.651+0000] {logging_mixin.py:190} INFO - [2025-03-07T02:57:12.651+0000] {dag.py:4180} INFO - Setting next_dagrun for dataset_alias_example_alias_producer_with_no_taskflow to None, run_after=None
[2025-03-07T02:57:12.652+0000] {logging_mixin.py:190} INFO - [2025-03-07T02:57:12.652+0000] {dag.py:4180} INFO - Setting next_dagrun for dataset_s3_bucket_consumer_with_no_taskflow to None, run_after=None
[2025-03-07T02:57:12.653+0000] {logging_mixin.py:190} INFO - [2025-03-07T02:57:12.653+0000] {dag.py:4180} INFO - Setting next_dagrun for dataset_s3_bucket_producer_with_no_taskflow to None, run_after=None
[2025-03-07T02:57:12.692+0000] {processor.py:208} INFO - Processing /home/Ashreem/airflow-env/lib/python3.12/site-packages/airflow/example_dags/example_dataset_alias_with_no_taskflow.py took 0.137 seconds
[2025-03-07T02:58:16.013+0000] {processor.py:186} INFO - Started process (PID=48083) to work on /home/Ashreem/airflow-env/lib/python3.12/site-packages/airflow/example_dags/example_dataset_alias_with_no_taskflow.py
[2025-03-07T02:58:16.015+0000] {processor.py:914} INFO - Processing file /home/Ashreem/airflow-env/lib/python3.12/site-packages/airflow/example_dags/example_dataset_alias_with_no_taskflow.py for tasks to queue
[2025-03-07T02:58:16.018+0000] {logging_mixin.py:190} INFO - [2025-03-07T02:58:16.017+0000] {dagbag.py:588} INFO - Filling up the DagBag from /home/Ashreem/airflow-env/lib/python3.12/site-packages/airflow/example_dags/example_dataset_alias_with_no_taskflow.py
[2025-03-07T02:58:16.047+0000] {processor.py:925} INFO - DAG(s) 'dataset_alias_example_alias_producer_with_no_taskflow', 'dataset_alias_example_alias_consumer_with_no_taskflow', 'dataset_s3_bucket_consumer_with_no_taskflow', 'dataset_s3_bucket_producer_with_no_taskflow' retrieved from /home/Ashreem/airflow-env/lib/python3.12/site-packages/airflow/example_dags/example_dataset_alias_with_no_taskflow.py
[2025-03-07T02:58:16.074+0000] {logging_mixin.py:190} INFO - [2025-03-07T02:58:16.074+0000] {dag.py:3239} INFO - Sync 4 DAGs
[2025-03-07T02:58:16.101+0000] {logging_mixin.py:190} INFO - [2025-03-07T02:58:16.100+0000] {dag.py:4180} INFO - Setting next_dagrun for dataset_alias_example_alias_consumer_with_no_taskflow to None, run_after=None
[2025-03-07T02:58:16.103+0000] {logging_mixin.py:190} INFO - [2025-03-07T02:58:16.103+0000] {dag.py:4180} INFO - Setting next_dagrun for dataset_alias_example_alias_producer_with_no_taskflow to None, run_after=None
[2025-03-07T02:58:16.104+0000] {logging_mixin.py:190} INFO - [2025-03-07T02:58:16.104+0000] {dag.py:4180} INFO - Setting next_dagrun for dataset_s3_bucket_consumer_with_no_taskflow to None, run_after=None
[2025-03-07T02:58:16.105+0000] {logging_mixin.py:190} INFO - [2025-03-07T02:58:16.105+0000] {dag.py:4180} INFO - Setting next_dagrun for dataset_s3_bucket_producer_with_no_taskflow to None, run_after=None
[2025-03-07T02:58:16.145+0000] {processor.py:208} INFO - Processing /home/Ashreem/airflow-env/lib/python3.12/site-packages/airflow/example_dags/example_dataset_alias_with_no_taskflow.py took 0.140 seconds
[2025-03-07T02:59:23.572+0000] {processor.py:186} INFO - Started process (PID=48196) to work on /home/Ashreem/airflow-env/lib/python3.12/site-packages/airflow/example_dags/example_dataset_alias_with_no_taskflow.py
[2025-03-07T02:59:23.574+0000] {processor.py:914} INFO - Processing file /home/Ashreem/airflow-env/lib/python3.12/site-packages/airflow/example_dags/example_dataset_alias_with_no_taskflow.py for tasks to queue
[2025-03-07T02:59:23.576+0000] {logging_mixin.py:190} INFO - [2025-03-07T02:59:23.576+0000] {dagbag.py:588} INFO - Filling up the DagBag from /home/Ashreem/airflow-env/lib/python3.12/site-packages/airflow/example_dags/example_dataset_alias_with_no_taskflow.py
[2025-03-07T02:59:23.608+0000] {processor.py:925} INFO - DAG(s) 'dataset_s3_bucket_consumer_with_no_taskflow', 'dataset_alias_example_alias_consumer_with_no_taskflow', 'dataset_alias_example_alias_producer_with_no_taskflow', 'dataset_s3_bucket_producer_with_no_taskflow' retrieved from /home/Ashreem/airflow-env/lib/python3.12/site-packages/airflow/example_dags/example_dataset_alias_with_no_taskflow.py
[2025-03-07T02:59:23.633+0000] {logging_mixin.py:190} INFO - [2025-03-07T02:59:23.633+0000] {dag.py:3239} INFO - Sync 4 DAGs
[2025-03-07T02:59:23.668+0000] {logging_mixin.py:190} INFO - [2025-03-07T02:59:23.668+0000] {dag.py:4180} INFO - Setting next_dagrun for dataset_alias_example_alias_consumer_with_no_taskflow to None, run_after=None
[2025-03-07T02:59:23.671+0000] {logging_mixin.py:190} INFO - [2025-03-07T02:59:23.671+0000] {dag.py:4180} INFO - Setting next_dagrun for dataset_alias_example_alias_producer_with_no_taskflow to None, run_after=None
[2025-03-07T02:59:23.672+0000] {logging_mixin.py:190} INFO - [2025-03-07T02:59:23.672+0000] {dag.py:4180} INFO - Setting next_dagrun for dataset_s3_bucket_consumer_with_no_taskflow to None, run_after=None
[2025-03-07T02:59:23.673+0000] {logging_mixin.py:190} INFO - [2025-03-07T02:59:23.673+0000] {dag.py:4180} INFO - Setting next_dagrun for dataset_s3_bucket_producer_with_no_taskflow to None, run_after=None
[2025-03-07T02:59:23.717+0000] {processor.py:208} INFO - Processing /home/Ashreem/airflow-env/lib/python3.12/site-packages/airflow/example_dags/example_dataset_alias_with_no_taskflow.py took 0.153 seconds
[2025-03-07T03:00:29.891+0000] {processor.py:186} INFO - Started process (PID=48311) to work on /home/Ashreem/airflow-env/lib/python3.12/site-packages/airflow/example_dags/example_dataset_alias_with_no_taskflow.py
[2025-03-07T03:00:29.893+0000] {processor.py:914} INFO - Processing file /home/Ashreem/airflow-env/lib/python3.12/site-packages/airflow/example_dags/example_dataset_alias_with_no_taskflow.py for tasks to queue
[2025-03-07T03:00:29.895+0000] {logging_mixin.py:190} INFO - [2025-03-07T03:00:29.895+0000] {dagbag.py:588} INFO - Filling up the DagBag from /home/Ashreem/airflow-env/lib/python3.12/site-packages/airflow/example_dags/example_dataset_alias_with_no_taskflow.py
[2025-03-07T03:00:29.928+0000] {processor.py:925} INFO - DAG(s) 'dataset_s3_bucket_producer_with_no_taskflow', 'dataset_s3_bucket_consumer_with_no_taskflow', 'dataset_alias_example_alias_producer_with_no_taskflow', 'dataset_alias_example_alias_consumer_with_no_taskflow' retrieved from /home/Ashreem/airflow-env/lib/python3.12/site-packages/airflow/example_dags/example_dataset_alias_with_no_taskflow.py
[2025-03-07T03:00:29.952+0000] {logging_mixin.py:190} INFO - [2025-03-07T03:00:29.951+0000] {dag.py:3239} INFO - Sync 4 DAGs
[2025-03-07T03:00:29.977+0000] {logging_mixin.py:190} INFO - [2025-03-07T03:00:29.977+0000] {dag.py:4180} INFO - Setting next_dagrun for dataset_alias_example_alias_consumer_with_no_taskflow to None, run_after=None
[2025-03-07T03:00:29.979+0000] {logging_mixin.py:190} INFO - [2025-03-07T03:00:29.979+0000] {dag.py:4180} INFO - Setting next_dagrun for dataset_alias_example_alias_producer_with_no_taskflow to None, run_after=None
[2025-03-07T03:00:29.981+0000] {logging_mixin.py:190} INFO - [2025-03-07T03:00:29.980+0000] {dag.py:4180} INFO - Setting next_dagrun for dataset_s3_bucket_consumer_with_no_taskflow to None, run_after=None
[2025-03-07T03:00:29.981+0000] {logging_mixin.py:190} INFO - [2025-03-07T03:00:29.981+0000] {dag.py:4180} INFO - Setting next_dagrun for dataset_s3_bucket_producer_with_no_taskflow to None, run_after=None
[2025-03-07T03:00:30.026+0000] {processor.py:208} INFO - Processing /home/Ashreem/airflow-env/lib/python3.12/site-packages/airflow/example_dags/example_dataset_alias_with_no_taskflow.py took 0.143 seconds
[2025-03-07T03:01:32.421+0000] {processor.py:186} INFO - Started process (PID=48383) to work on /home/Ashreem/airflow-env/lib/python3.12/site-packages/airflow/example_dags/example_dataset_alias_with_no_taskflow.py
[2025-03-07T03:01:32.423+0000] {processor.py:914} INFO - Processing file /home/Ashreem/airflow-env/lib/python3.12/site-packages/airflow/example_dags/example_dataset_alias_with_no_taskflow.py for tasks to queue
[2025-03-07T03:01:32.426+0000] {logging_mixin.py:190} INFO - [2025-03-07T03:01:32.425+0000] {dagbag.py:588} INFO - Filling up the DagBag from /home/Ashreem/airflow-env/lib/python3.12/site-packages/airflow/example_dags/example_dataset_alias_with_no_taskflow.py
[2025-03-07T03:01:32.455+0000] {processor.py:925} INFO - DAG(s) 'dataset_alias_example_alias_producer_with_no_taskflow', 'dataset_s3_bucket_consumer_with_no_taskflow', 'dataset_s3_bucket_producer_with_no_taskflow', 'dataset_alias_example_alias_consumer_with_no_taskflow' retrieved from /home/Ashreem/airflow-env/lib/python3.12/site-packages/airflow/example_dags/example_dataset_alias_with_no_taskflow.py
[2025-03-07T03:01:32.482+0000] {logging_mixin.py:190} INFO - [2025-03-07T03:01:32.482+0000] {dag.py:3239} INFO - Sync 4 DAGs
[2025-03-07T03:01:32.506+0000] {logging_mixin.py:190} INFO - [2025-03-07T03:01:32.506+0000] {dag.py:4180} INFO - Setting next_dagrun for dataset_alias_example_alias_consumer_with_no_taskflow to None, run_after=None
[2025-03-07T03:01:32.509+0000] {logging_mixin.py:190} INFO - [2025-03-07T03:01:32.509+0000] {dag.py:4180} INFO - Setting next_dagrun for dataset_alias_example_alias_producer_with_no_taskflow to None, run_after=None
[2025-03-07T03:01:32.510+0000] {logging_mixin.py:190} INFO - [2025-03-07T03:01:32.510+0000] {dag.py:4180} INFO - Setting next_dagrun for dataset_s3_bucket_consumer_with_no_taskflow to None, run_after=None
[2025-03-07T03:01:32.511+0000] {logging_mixin.py:190} INFO - [2025-03-07T03:01:32.511+0000] {dag.py:4180} INFO - Setting next_dagrun for dataset_s3_bucket_producer_with_no_taskflow to None, run_after=None
[2025-03-07T03:01:32.551+0000] {processor.py:208} INFO - Processing /home/Ashreem/airflow-env/lib/python3.12/site-packages/airflow/example_dags/example_dataset_alias_with_no_taskflow.py took 0.138 seconds
[2025-03-07T03:02:36.382+0000] {processor.py:186} INFO - Started process (PID=48516) to work on /home/Ashreem/airflow-env/lib/python3.12/site-packages/airflow/example_dags/example_dataset_alias_with_no_taskflow.py
[2025-03-07T03:02:36.383+0000] {processor.py:914} INFO - Processing file /home/Ashreem/airflow-env/lib/python3.12/site-packages/airflow/example_dags/example_dataset_alias_with_no_taskflow.py for tasks to queue
[2025-03-07T03:02:36.387+0000] {logging_mixin.py:190} INFO - [2025-03-07T03:02:36.386+0000] {dagbag.py:588} INFO - Filling up the DagBag from /home/Ashreem/airflow-env/lib/python3.12/site-packages/airflow/example_dags/example_dataset_alias_with_no_taskflow.py
[2025-03-07T03:02:36.428+0000] {processor.py:925} INFO - DAG(s) 'dataset_alias_example_alias_producer_with_no_taskflow', 'dataset_s3_bucket_consumer_with_no_taskflow', 'dataset_alias_example_alias_consumer_with_no_taskflow', 'dataset_s3_bucket_producer_with_no_taskflow' retrieved from /home/Ashreem/airflow-env/lib/python3.12/site-packages/airflow/example_dags/example_dataset_alias_with_no_taskflow.py
[2025-03-07T03:02:36.451+0000] {logging_mixin.py:190} INFO - [2025-03-07T03:02:36.451+0000] {dag.py:3239} INFO - Sync 4 DAGs
[2025-03-07T03:02:36.476+0000] {logging_mixin.py:190} INFO - [2025-03-07T03:02:36.475+0000] {dag.py:4180} INFO - Setting next_dagrun for dataset_alias_example_alias_consumer_with_no_taskflow to None, run_after=None
[2025-03-07T03:02:36.478+0000] {logging_mixin.py:190} INFO - [2025-03-07T03:02:36.478+0000] {dag.py:4180} INFO - Setting next_dagrun for dataset_alias_example_alias_producer_with_no_taskflow to None, run_after=None
[2025-03-07T03:02:36.479+0000] {logging_mixin.py:190} INFO - [2025-03-07T03:02:36.479+0000] {dag.py:4180} INFO - Setting next_dagrun for dataset_s3_bucket_consumer_with_no_taskflow to None, run_after=None
[2025-03-07T03:02:36.480+0000] {logging_mixin.py:190} INFO - [2025-03-07T03:02:36.480+0000] {dag.py:4180} INFO - Setting next_dagrun for dataset_s3_bucket_producer_with_no_taskflow to None, run_after=None
[2025-03-07T03:02:36.527+0000] {processor.py:208} INFO - Processing /home/Ashreem/airflow-env/lib/python3.12/site-packages/airflow/example_dags/example_dataset_alias_with_no_taskflow.py took 0.153 seconds
[2025-03-07T03:04:15.754+0000] {processor.py:186} INFO - Started process (PID=48648) to work on /home/Ashreem/airflow-env/lib/python3.12/site-packages/airflow/example_dags/example_dataset_alias_with_no_taskflow.py
[2025-03-07T03:04:15.756+0000] {processor.py:914} INFO - Processing file /home/Ashreem/airflow-env/lib/python3.12/site-packages/airflow/example_dags/example_dataset_alias_with_no_taskflow.py for tasks to queue
[2025-03-07T03:04:15.758+0000] {logging_mixin.py:190} INFO - [2025-03-07T03:04:15.758+0000] {dagbag.py:588} INFO - Filling up the DagBag from /home/Ashreem/airflow-env/lib/python3.12/site-packages/airflow/example_dags/example_dataset_alias_with_no_taskflow.py
[2025-03-07T03:04:15.789+0000] {processor.py:925} INFO - DAG(s) 'dataset_s3_bucket_producer_with_no_taskflow', 'dataset_alias_example_alias_consumer_with_no_taskflow', 'dataset_s3_bucket_consumer_with_no_taskflow', 'dataset_alias_example_alias_producer_with_no_taskflow' retrieved from /home/Ashreem/airflow-env/lib/python3.12/site-packages/airflow/example_dags/example_dataset_alias_with_no_taskflow.py
[2025-03-07T03:04:15.812+0000] {logging_mixin.py:190} INFO - [2025-03-07T03:04:15.812+0000] {dag.py:3239} INFO - Sync 4 DAGs
[2025-03-07T03:04:15.839+0000] {logging_mixin.py:190} INFO - [2025-03-07T03:04:15.839+0000] {dag.py:4180} INFO - Setting next_dagrun for dataset_alias_example_alias_consumer_with_no_taskflow to None, run_after=None
[2025-03-07T03:04:15.841+0000] {logging_mixin.py:190} INFO - [2025-03-07T03:04:15.841+0000] {dag.py:4180} INFO - Setting next_dagrun for dataset_alias_example_alias_producer_with_no_taskflow to None, run_after=None
[2025-03-07T03:04:15.842+0000] {logging_mixin.py:190} INFO - [2025-03-07T03:04:15.842+0000] {dag.py:4180} INFO - Setting next_dagrun for dataset_s3_bucket_consumer_with_no_taskflow to None, run_after=None
[2025-03-07T03:04:15.843+0000] {logging_mixin.py:190} INFO - [2025-03-07T03:04:15.843+0000] {dag.py:4180} INFO - Setting next_dagrun for dataset_s3_bucket_producer_with_no_taskflow to None, run_after=None
[2025-03-07T03:04:15.882+0000] {processor.py:208} INFO - Processing /home/Ashreem/airflow-env/lib/python3.12/site-packages/airflow/example_dags/example_dataset_alias_with_no_taskflow.py took 0.135 seconds
[2025-03-07T03:05:19.406+0000] {processor.py:186} INFO - Started process (PID=48847) to work on /home/Ashreem/airflow-env/lib/python3.12/site-packages/airflow/example_dags/example_dataset_alias_with_no_taskflow.py
[2025-03-07T03:05:19.407+0000] {processor.py:914} INFO - Processing file /home/Ashreem/airflow-env/lib/python3.12/site-packages/airflow/example_dags/example_dataset_alias_with_no_taskflow.py for tasks to queue
[2025-03-07T03:05:19.410+0000] {logging_mixin.py:190} INFO - [2025-03-07T03:05:19.410+0000] {dagbag.py:588} INFO - Filling up the DagBag from /home/Ashreem/airflow-env/lib/python3.12/site-packages/airflow/example_dags/example_dataset_alias_with_no_taskflow.py
[2025-03-07T03:05:19.442+0000] {processor.py:925} INFO - DAG(s) 'dataset_alias_example_alias_producer_with_no_taskflow', 'dataset_s3_bucket_producer_with_no_taskflow', 'dataset_alias_example_alias_consumer_with_no_taskflow', 'dataset_s3_bucket_consumer_with_no_taskflow' retrieved from /home/Ashreem/airflow-env/lib/python3.12/site-packages/airflow/example_dags/example_dataset_alias_with_no_taskflow.py
[2025-03-07T03:05:19.468+0000] {logging_mixin.py:190} INFO - [2025-03-07T03:05:19.467+0000] {dag.py:3239} INFO - Sync 4 DAGs
[2025-03-07T03:05:19.495+0000] {logging_mixin.py:190} INFO - [2025-03-07T03:05:19.494+0000] {dag.py:4180} INFO - Setting next_dagrun for dataset_alias_example_alias_consumer_with_no_taskflow to None, run_after=None
[2025-03-07T03:05:19.498+0000] {logging_mixin.py:190} INFO - [2025-03-07T03:05:19.497+0000] {dag.py:4180} INFO - Setting next_dagrun for dataset_alias_example_alias_producer_with_no_taskflow to None, run_after=None
[2025-03-07T03:05:19.499+0000] {logging_mixin.py:190} INFO - [2025-03-07T03:05:19.498+0000] {dag.py:4180} INFO - Setting next_dagrun for dataset_s3_bucket_consumer_with_no_taskflow to None, run_after=None
[2025-03-07T03:05:19.500+0000] {logging_mixin.py:190} INFO - [2025-03-07T03:05:19.500+0000] {dag.py:4180} INFO - Setting next_dagrun for dataset_s3_bucket_producer_with_no_taskflow to None, run_after=None
[2025-03-07T03:05:19.536+0000] {processor.py:208} INFO - Processing /home/Ashreem/airflow-env/lib/python3.12/site-packages/airflow/example_dags/example_dataset_alias_with_no_taskflow.py took 0.138 seconds
[2025-03-07T03:06:24.109+0000] {processor.py:186} INFO - Started process (PID=48969) to work on /home/Ashreem/airflow-env/lib/python3.12/site-packages/airflow/example_dags/example_dataset_alias_with_no_taskflow.py
[2025-03-07T03:06:24.111+0000] {processor.py:914} INFO - Processing file /home/Ashreem/airflow-env/lib/python3.12/site-packages/airflow/example_dags/example_dataset_alias_with_no_taskflow.py for tasks to queue
[2025-03-07T03:06:24.114+0000] {logging_mixin.py:190} INFO - [2025-03-07T03:06:24.113+0000] {dagbag.py:588} INFO - Filling up the DagBag from /home/Ashreem/airflow-env/lib/python3.12/site-packages/airflow/example_dags/example_dataset_alias_with_no_taskflow.py
[2025-03-07T03:06:24.145+0000] {processor.py:925} INFO - DAG(s) 'dataset_alias_example_alias_consumer_with_no_taskflow', 'dataset_alias_example_alias_producer_with_no_taskflow', 'dataset_s3_bucket_consumer_with_no_taskflow', 'dataset_s3_bucket_producer_with_no_taskflow' retrieved from /home/Ashreem/airflow-env/lib/python3.12/site-packages/airflow/example_dags/example_dataset_alias_with_no_taskflow.py
[2025-03-07T03:06:24.174+0000] {logging_mixin.py:190} INFO - [2025-03-07T03:06:24.174+0000] {dag.py:3239} INFO - Sync 4 DAGs
[2025-03-07T03:06:24.205+0000] {logging_mixin.py:190} INFO - [2025-03-07T03:06:24.204+0000] {dag.py:4180} INFO - Setting next_dagrun for dataset_alias_example_alias_consumer_with_no_taskflow to None, run_after=None
[2025-03-07T03:06:24.208+0000] {logging_mixin.py:190} INFO - [2025-03-07T03:06:24.207+0000] {dag.py:4180} INFO - Setting next_dagrun for dataset_alias_example_alias_producer_with_no_taskflow to None, run_after=None
[2025-03-07T03:06:24.209+0000] {logging_mixin.py:190} INFO - [2025-03-07T03:06:24.209+0000] {dag.py:4180} INFO - Setting next_dagrun for dataset_s3_bucket_consumer_with_no_taskflow to None, run_after=None
[2025-03-07T03:06:24.210+0000] {logging_mixin.py:190} INFO - [2025-03-07T03:06:24.210+0000] {dag.py:4180} INFO - Setting next_dagrun for dataset_s3_bucket_producer_with_no_taskflow to None, run_after=None
[2025-03-07T03:06:24.250+0000] {processor.py:208} INFO - Processing /home/Ashreem/airflow-env/lib/python3.12/site-packages/airflow/example_dags/example_dataset_alias_with_no_taskflow.py took 0.149 seconds
[2025-03-07T03:08:31.613+0000] {processor.py:186} INFO - Started process (PID=49116) to work on /home/Ashreem/airflow-env/lib/python3.12/site-packages/airflow/example_dags/example_dataset_alias_with_no_taskflow.py
[2025-03-07T03:08:31.615+0000] {processor.py:914} INFO - Processing file /home/Ashreem/airflow-env/lib/python3.12/site-packages/airflow/example_dags/example_dataset_alias_with_no_taskflow.py for tasks to queue
[2025-03-07T03:08:31.618+0000] {logging_mixin.py:190} INFO - [2025-03-07T03:08:31.617+0000] {dagbag.py:588} INFO - Filling up the DagBag from /home/Ashreem/airflow-env/lib/python3.12/site-packages/airflow/example_dags/example_dataset_alias_with_no_taskflow.py
[2025-03-07T03:08:31.650+0000] {processor.py:925} INFO - DAG(s) 'dataset_alias_example_alias_consumer_with_no_taskflow', 'dataset_s3_bucket_consumer_with_no_taskflow', 'dataset_alias_example_alias_producer_with_no_taskflow', 'dataset_s3_bucket_producer_with_no_taskflow' retrieved from /home/Ashreem/airflow-env/lib/python3.12/site-packages/airflow/example_dags/example_dataset_alias_with_no_taskflow.py
[2025-03-07T03:08:31.674+0000] {logging_mixin.py:190} INFO - [2025-03-07T03:08:31.673+0000] {dag.py:3239} INFO - Sync 4 DAGs
[2025-03-07T03:08:31.700+0000] {logging_mixin.py:190} INFO - [2025-03-07T03:08:31.699+0000] {dag.py:4180} INFO - Setting next_dagrun for dataset_alias_example_alias_consumer_with_no_taskflow to None, run_after=None
[2025-03-07T03:08:31.702+0000] {logging_mixin.py:190} INFO - [2025-03-07T03:08:31.702+0000] {dag.py:4180} INFO - Setting next_dagrun for dataset_alias_example_alias_producer_with_no_taskflow to None, run_after=None
[2025-03-07T03:08:31.703+0000] {logging_mixin.py:190} INFO - [2025-03-07T03:08:31.703+0000] {dag.py:4180} INFO - Setting next_dagrun for dataset_s3_bucket_consumer_with_no_taskflow to None, run_after=None
[2025-03-07T03:08:31.704+0000] {logging_mixin.py:190} INFO - [2025-03-07T03:08:31.704+0000] {dag.py:4180} INFO - Setting next_dagrun for dataset_s3_bucket_producer_with_no_taskflow to None, run_after=None
[2025-03-07T03:08:31.743+0000] {processor.py:208} INFO - Processing /home/Ashreem/airflow-env/lib/python3.12/site-packages/airflow/example_dags/example_dataset_alias_with_no_taskflow.py took 0.138 seconds
[2025-03-07T03:09:35.182+0000] {processor.py:186} INFO - Started process (PID=49186) to work on /home/Ashreem/airflow-env/lib/python3.12/site-packages/airflow/example_dags/example_dataset_alias_with_no_taskflow.py
[2025-03-07T03:09:35.184+0000] {processor.py:914} INFO - Processing file /home/Ashreem/airflow-env/lib/python3.12/site-packages/airflow/example_dags/example_dataset_alias_with_no_taskflow.py for tasks to queue
[2025-03-07T03:09:35.187+0000] {logging_mixin.py:190} INFO - [2025-03-07T03:09:35.186+0000] {dagbag.py:588} INFO - Filling up the DagBag from /home/Ashreem/airflow-env/lib/python3.12/site-packages/airflow/example_dags/example_dataset_alias_with_no_taskflow.py
[2025-03-07T03:09:35.219+0000] {processor.py:925} INFO - DAG(s) 'dataset_s3_bucket_consumer_with_no_taskflow', 'dataset_s3_bucket_producer_with_no_taskflow', 'dataset_alias_example_alias_consumer_with_no_taskflow', 'dataset_alias_example_alias_producer_with_no_taskflow' retrieved from /home/Ashreem/airflow-env/lib/python3.12/site-packages/airflow/example_dags/example_dataset_alias_with_no_taskflow.py
[2025-03-07T03:09:35.245+0000] {logging_mixin.py:190} INFO - [2025-03-07T03:09:35.245+0000] {dag.py:3239} INFO - Sync 4 DAGs
[2025-03-07T03:09:35.274+0000] {logging_mixin.py:190} INFO - [2025-03-07T03:09:35.274+0000] {dag.py:4180} INFO - Setting next_dagrun for dataset_alias_example_alias_consumer_with_no_taskflow to None, run_after=None
[2025-03-07T03:09:35.277+0000] {logging_mixin.py:190} INFO - [2025-03-07T03:09:35.277+0000] {dag.py:4180} INFO - Setting next_dagrun for dataset_alias_example_alias_producer_with_no_taskflow to None, run_after=None
[2025-03-07T03:09:35.278+0000] {logging_mixin.py:190} INFO - [2025-03-07T03:09:35.278+0000] {dag.py:4180} INFO - Setting next_dagrun for dataset_s3_bucket_consumer_with_no_taskflow to None, run_after=None
[2025-03-07T03:09:35.279+0000] {logging_mixin.py:190} INFO - [2025-03-07T03:09:35.279+0000] {dag.py:4180} INFO - Setting next_dagrun for dataset_s3_bucket_producer_with_no_taskflow to None, run_after=None
[2025-03-07T03:09:35.321+0000] {processor.py:208} INFO - Processing /home/Ashreem/airflow-env/lib/python3.12/site-packages/airflow/example_dags/example_dataset_alias_with_no_taskflow.py took 0.146 seconds
