[2025-03-07T02:30:46.582+0000] {processor.py:186} INFO - Started process (PID=45995) to work on /home/Ashreem/airflow-env/lib/python3.12/site-packages/airflow/example_dags/example_nested_branch_dag.py
[2025-03-07T02:30:46.583+0000] {processor.py:914} INFO - Processing file /home/Ashreem/airflow-env/lib/python3.12/site-packages/airflow/example_dags/example_nested_branch_dag.py for tasks to queue
[2025-03-07T02:30:46.586+0000] {logging_mixin.py:190} INFO - [2025-03-07T02:30:46.585+0000] {dagbag.py:588} INFO - Filling up the DagBag from /home/Ashreem/airflow-env/lib/python3.12/site-packages/airflow/example_dags/example_nested_branch_dag.py
[2025-03-07T02:30:46.600+0000] {processor.py:925} INFO - DAG(s) 'example_nested_branch_dag' retrieved from /home/Ashreem/airflow-env/lib/python3.12/site-packages/airflow/example_dags/example_nested_branch_dag.py
[2025-03-07T02:30:46.766+0000] {logging_mixin.py:190} INFO - [2025-03-07T02:30:46.765+0000] {override.py:1930} INFO - Created Permission View: can read on DAG:example_nested_branch_dag
[2025-03-07T02:30:46.792+0000] {logging_mixin.py:190} INFO - [2025-03-07T02:30:46.791+0000] {override.py:1930} INFO - Created Permission View: can delete on DAG:example_nested_branch_dag
[2025-03-07T02:30:46.825+0000] {logging_mixin.py:190} INFO - [2025-03-07T02:30:46.824+0000] {override.py:1930} INFO - Created Permission View: can edit on DAG:example_nested_branch_dag
[2025-03-07T02:30:46.872+0000] {logging_mixin.py:190} INFO - [2025-03-07T02:30:46.871+0000] {override.py:1930} INFO - Created Permission View: can read on DAG Run:example_nested_branch_dag
[2025-03-07T02:30:46.894+0000] {logging_mixin.py:190} INFO - [2025-03-07T02:30:46.893+0000] {override.py:1930} INFO - Created Permission View: can delete on DAG Run:example_nested_branch_dag
[2025-03-07T02:30:46.920+0000] {logging_mixin.py:190} INFO - [2025-03-07T02:30:46.919+0000] {override.py:1930} INFO - Created Permission View: menu access on DAG Run:example_nested_branch_dag
[2025-03-07T02:30:46.942+0000] {logging_mixin.py:190} INFO - [2025-03-07T02:30:46.941+0000] {override.py:1930} INFO - Created Permission View: can create on DAG Run:example_nested_branch_dag
[2025-03-07T02:30:46.942+0000] {logging_mixin.py:190} INFO - [2025-03-07T02:30:46.942+0000] {dag.py:3239} INFO - Sync 1 DAGs
[2025-03-07T02:30:46.958+0000] {logging_mixin.py:190} INFO - [2025-03-07T02:30:46.958+0000] {dag.py:3262} INFO - Creating ORM DAG for example_nested_branch_dag
[2025-03-07T02:30:46.970+0000] {logging_mixin.py:190} INFO - [2025-03-07T02:30:46.970+0000] {dag.py:4180} INFO - Setting next_dagrun for example_nested_branch_dag to 2025-03-06 00:00:00+00:00, run_after=2025-03-07 00:00:00+00:00
[2025-03-07T02:30:47.006+0000] {processor.py:208} INFO - Processing /home/Ashreem/airflow-env/lib/python3.12/site-packages/airflow/example_dags/example_nested_branch_dag.py took 0.431 seconds
[2025-03-07T02:33:21.892+0000] {processor.py:186} INFO - Started process (PID=46100) to work on /home/Ashreem/airflow-env/lib/python3.12/site-packages/airflow/example_dags/example_nested_branch_dag.py
[2025-03-07T02:33:21.893+0000] {processor.py:914} INFO - Processing file /home/Ashreem/airflow-env/lib/python3.12/site-packages/airflow/example_dags/example_nested_branch_dag.py for tasks to queue
[2025-03-07T02:33:21.896+0000] {logging_mixin.py:190} INFO - [2025-03-07T02:33:21.896+0000] {dagbag.py:588} INFO - Filling up the DagBag from /home/Ashreem/airflow-env/lib/python3.12/site-packages/airflow/example_dags/example_nested_branch_dag.py
[2025-03-07T02:33:21.916+0000] {processor.py:925} INFO - DAG(s) 'example_nested_branch_dag' retrieved from /home/Ashreem/airflow-env/lib/python3.12/site-packages/airflow/example_dags/example_nested_branch_dag.py
[2025-03-07T02:33:21.939+0000] {logging_mixin.py:190} INFO - [2025-03-07T02:33:21.939+0000] {dag.py:3239} INFO - Sync 1 DAGs
[2025-03-07T02:33:21.966+0000] {logging_mixin.py:190} INFO - [2025-03-07T02:33:21.966+0000] {dag.py:4180} INFO - Setting next_dagrun for example_nested_branch_dag to 2025-03-06 00:00:00+00:00, run_after=2025-03-07 00:00:00+00:00
[2025-03-07T02:33:22.003+0000] {processor.py:208} INFO - Processing /home/Ashreem/airflow-env/lib/python3.12/site-packages/airflow/example_dags/example_nested_branch_dag.py took 0.119 seconds
[2025-03-07T02:34:35.605+0000] {processor.py:186} INFO - Started process (PID=46438) to work on /home/Ashreem/airflow-env/lib/python3.12/site-packages/airflow/example_dags/example_nested_branch_dag.py
[2025-03-07T02:34:35.607+0000] {processor.py:914} INFO - Processing file /home/Ashreem/airflow-env/lib/python3.12/site-packages/airflow/example_dags/example_nested_branch_dag.py for tasks to queue
[2025-03-07T02:34:35.610+0000] {logging_mixin.py:190} INFO - [2025-03-07T02:34:35.609+0000] {dagbag.py:588} INFO - Filling up the DagBag from /home/Ashreem/airflow-env/lib/python3.12/site-packages/airflow/example_dags/example_nested_branch_dag.py
[2025-03-07T02:34:35.627+0000] {processor.py:925} INFO - DAG(s) 'example_nested_branch_dag' retrieved from /home/Ashreem/airflow-env/lib/python3.12/site-packages/airflow/example_dags/example_nested_branch_dag.py
[2025-03-07T02:34:35.647+0000] {logging_mixin.py:190} INFO - [2025-03-07T02:34:35.647+0000] {dag.py:3239} INFO - Sync 1 DAGs
[2025-03-07T02:34:35.673+0000] {logging_mixin.py:190} INFO - [2025-03-07T02:34:35.673+0000] {dag.py:4180} INFO - Setting next_dagrun for example_nested_branch_dag to 2025-03-06 00:00:00+00:00, run_after=2025-03-07 00:00:00+00:00
[2025-03-07T02:34:35.707+0000] {processor.py:208} INFO - Processing /home/Ashreem/airflow-env/lib/python3.12/site-packages/airflow/example_dags/example_nested_branch_dag.py took 0.109 seconds
[2025-03-07T02:35:40.093+0000] {processor.py:186} INFO - Started process (PID=46504) to work on /home/Ashreem/airflow-env/lib/python3.12/site-packages/airflow/example_dags/example_nested_branch_dag.py
[2025-03-07T02:35:40.095+0000] {processor.py:914} INFO - Processing file /home/Ashreem/airflow-env/lib/python3.12/site-packages/airflow/example_dags/example_nested_branch_dag.py for tasks to queue
[2025-03-07T02:35:40.098+0000] {logging_mixin.py:190} INFO - [2025-03-07T02:35:40.098+0000] {dagbag.py:588} INFO - Filling up the DagBag from /home/Ashreem/airflow-env/lib/python3.12/site-packages/airflow/example_dags/example_nested_branch_dag.py
[2025-03-07T02:35:40.116+0000] {processor.py:925} INFO - DAG(s) 'example_nested_branch_dag' retrieved from /home/Ashreem/airflow-env/lib/python3.12/site-packages/airflow/example_dags/example_nested_branch_dag.py
[2025-03-07T02:35:40.139+0000] {logging_mixin.py:190} INFO - [2025-03-07T02:35:40.139+0000] {dag.py:3239} INFO - Sync 1 DAGs
[2025-03-07T02:35:40.165+0000] {logging_mixin.py:190} INFO - [2025-03-07T02:35:40.165+0000] {dag.py:4180} INFO - Setting next_dagrun for example_nested_branch_dag to 2025-03-06 00:00:00+00:00, run_after=2025-03-07 00:00:00+00:00
[2025-03-07T02:35:40.200+0000] {processor.py:208} INFO - Processing /home/Ashreem/airflow-env/lib/python3.12/site-packages/airflow/example_dags/example_nested_branch_dag.py took 0.114 seconds
[2025-03-07T02:36:48.468+0000] {processor.py:186} INFO - Started process (PID=46575) to work on /home/Ashreem/airflow-env/lib/python3.12/site-packages/airflow/example_dags/example_nested_branch_dag.py
[2025-03-07T02:36:48.470+0000] {processor.py:914} INFO - Processing file /home/Ashreem/airflow-env/lib/python3.12/site-packages/airflow/example_dags/example_nested_branch_dag.py for tasks to queue
[2025-03-07T02:36:48.474+0000] {logging_mixin.py:190} INFO - [2025-03-07T02:36:48.473+0000] {dagbag.py:588} INFO - Filling up the DagBag from /home/Ashreem/airflow-env/lib/python3.12/site-packages/airflow/example_dags/example_nested_branch_dag.py
[2025-03-07T02:36:48.490+0000] {processor.py:925} INFO - DAG(s) 'example_nested_branch_dag' retrieved from /home/Ashreem/airflow-env/lib/python3.12/site-packages/airflow/example_dags/example_nested_branch_dag.py
[2025-03-07T02:36:48.514+0000] {logging_mixin.py:190} INFO - [2025-03-07T02:36:48.514+0000] {dag.py:3239} INFO - Sync 1 DAGs
[2025-03-07T02:36:48.543+0000] {logging_mixin.py:190} INFO - [2025-03-07T02:36:48.543+0000] {dag.py:4180} INFO - Setting next_dagrun for example_nested_branch_dag to 2025-03-06 00:00:00+00:00, run_after=2025-03-07 00:00:00+00:00
[2025-03-07T02:36:48.580+0000] {processor.py:208} INFO - Processing /home/Ashreem/airflow-env/lib/python3.12/site-packages/airflow/example_dags/example_nested_branch_dag.py took 0.120 seconds
[2025-03-07T02:37:50.028+0000] {processor.py:186} INFO - Started process (PID=46635) to work on /home/Ashreem/airflow-env/lib/python3.12/site-packages/airflow/example_dags/example_nested_branch_dag.py
[2025-03-07T02:37:50.029+0000] {processor.py:914} INFO - Processing file /home/Ashreem/airflow-env/lib/python3.12/site-packages/airflow/example_dags/example_nested_branch_dag.py for tasks to queue
[2025-03-07T02:37:50.032+0000] {logging_mixin.py:190} INFO - [2025-03-07T02:37:50.032+0000] {dagbag.py:588} INFO - Filling up the DagBag from /home/Ashreem/airflow-env/lib/python3.12/site-packages/airflow/example_dags/example_nested_branch_dag.py
[2025-03-07T02:37:50.048+0000] {processor.py:925} INFO - DAG(s) 'example_nested_branch_dag' retrieved from /home/Ashreem/airflow-env/lib/python3.12/site-packages/airflow/example_dags/example_nested_branch_dag.py
[2025-03-07T02:37:50.070+0000] {logging_mixin.py:190} INFO - [2025-03-07T02:37:50.069+0000] {dag.py:3239} INFO - Sync 1 DAGs
[2025-03-07T02:37:50.101+0000] {logging_mixin.py:190} INFO - [2025-03-07T02:37:50.100+0000] {dag.py:4180} INFO - Setting next_dagrun for example_nested_branch_dag to 2025-03-06 00:00:00+00:00, run_after=2025-03-07 00:00:00+00:00
[2025-03-07T02:37:50.135+0000] {processor.py:208} INFO - Processing /home/Ashreem/airflow-env/lib/python3.12/site-packages/airflow/example_dags/example_nested_branch_dag.py took 0.115 seconds
[2025-03-07T02:38:52.913+0000] {processor.py:186} INFO - Started process (PID=46705) to work on /home/Ashreem/airflow-env/lib/python3.12/site-packages/airflow/example_dags/example_nested_branch_dag.py
[2025-03-07T02:38:52.914+0000] {processor.py:914} INFO - Processing file /home/Ashreem/airflow-env/lib/python3.12/site-packages/airflow/example_dags/example_nested_branch_dag.py for tasks to queue
[2025-03-07T02:38:52.917+0000] {logging_mixin.py:190} INFO - [2025-03-07T02:38:52.917+0000] {dagbag.py:588} INFO - Filling up the DagBag from /home/Ashreem/airflow-env/lib/python3.12/site-packages/airflow/example_dags/example_nested_branch_dag.py
[2025-03-07T02:38:52.934+0000] {processor.py:925} INFO - DAG(s) 'example_nested_branch_dag' retrieved from /home/Ashreem/airflow-env/lib/python3.12/site-packages/airflow/example_dags/example_nested_branch_dag.py
[2025-03-07T02:38:52.957+0000] {logging_mixin.py:190} INFO - [2025-03-07T02:38:52.957+0000] {dag.py:3239} INFO - Sync 1 DAGs
[2025-03-07T02:38:52.984+0000] {logging_mixin.py:190} INFO - [2025-03-07T02:38:52.984+0000] {dag.py:4180} INFO - Setting next_dagrun for example_nested_branch_dag to 2025-03-06 00:00:00+00:00, run_after=2025-03-07 00:00:00+00:00
[2025-03-07T02:38:53.025+0000] {processor.py:208} INFO - Processing /home/Ashreem/airflow-env/lib/python3.12/site-packages/airflow/example_dags/example_nested_branch_dag.py took 0.120 seconds
[2025-03-07T02:39:55.687+0000] {processor.py:186} INFO - Started process (PID=46767) to work on /home/Ashreem/airflow-env/lib/python3.12/site-packages/airflow/example_dags/example_nested_branch_dag.py
[2025-03-07T02:39:55.689+0000] {processor.py:914} INFO - Processing file /home/Ashreem/airflow-env/lib/python3.12/site-packages/airflow/example_dags/example_nested_branch_dag.py for tasks to queue
[2025-03-07T02:39:55.691+0000] {logging_mixin.py:190} INFO - [2025-03-07T02:39:55.691+0000] {dagbag.py:588} INFO - Filling up the DagBag from /home/Ashreem/airflow-env/lib/python3.12/site-packages/airflow/example_dags/example_nested_branch_dag.py
[2025-03-07T02:39:55.709+0000] {processor.py:925} INFO - DAG(s) 'example_nested_branch_dag' retrieved from /home/Ashreem/airflow-env/lib/python3.12/site-packages/airflow/example_dags/example_nested_branch_dag.py
[2025-03-07T02:39:55.730+0000] {logging_mixin.py:190} INFO - [2025-03-07T02:39:55.730+0000] {dag.py:3239} INFO - Sync 1 DAGs
[2025-03-07T02:39:55.760+0000] {logging_mixin.py:190} INFO - [2025-03-07T02:39:55.760+0000] {dag.py:4180} INFO - Setting next_dagrun for example_nested_branch_dag to 2025-03-06 00:00:00+00:00, run_after=2025-03-07 00:00:00+00:00
[2025-03-07T02:39:55.798+0000] {processor.py:208} INFO - Processing /home/Ashreem/airflow-env/lib/python3.12/site-packages/airflow/example_dags/example_nested_branch_dag.py took 0.120 seconds
[2025-03-07T02:40:59.649+0000] {processor.py:186} INFO - Started process (PID=46833) to work on /home/Ashreem/airflow-env/lib/python3.12/site-packages/airflow/example_dags/example_nested_branch_dag.py
[2025-03-07T02:40:59.651+0000] {processor.py:914} INFO - Processing file /home/Ashreem/airflow-env/lib/python3.12/site-packages/airflow/example_dags/example_nested_branch_dag.py for tasks to queue
[2025-03-07T02:40:59.654+0000] {logging_mixin.py:190} INFO - [2025-03-07T02:40:59.653+0000] {dagbag.py:588} INFO - Filling up the DagBag from /home/Ashreem/airflow-env/lib/python3.12/site-packages/airflow/example_dags/example_nested_branch_dag.py
[2025-03-07T02:40:59.670+0000] {processor.py:925} INFO - DAG(s) 'example_nested_branch_dag' retrieved from /home/Ashreem/airflow-env/lib/python3.12/site-packages/airflow/example_dags/example_nested_branch_dag.py
[2025-03-07T02:40:59.692+0000] {logging_mixin.py:190} INFO - [2025-03-07T02:40:59.692+0000] {dag.py:3239} INFO - Sync 1 DAGs
[2025-03-07T02:40:59.724+0000] {logging_mixin.py:190} INFO - [2025-03-07T02:40:59.724+0000] {dag.py:4180} INFO - Setting next_dagrun for example_nested_branch_dag to 2025-03-06 00:00:00+00:00, run_after=2025-03-07 00:00:00+00:00
[2025-03-07T02:40:59.760+0000] {processor.py:208} INFO - Processing /home/Ashreem/airflow-env/lib/python3.12/site-packages/airflow/example_dags/example_nested_branch_dag.py took 0.118 seconds
[2025-03-07T02:42:02.142+0000] {processor.py:186} INFO - Started process (PID=46894) to work on /home/Ashreem/airflow-env/lib/python3.12/site-packages/airflow/example_dags/example_nested_branch_dag.py
[2025-03-07T02:42:02.144+0000] {processor.py:914} INFO - Processing file /home/Ashreem/airflow-env/lib/python3.12/site-packages/airflow/example_dags/example_nested_branch_dag.py for tasks to queue
[2025-03-07T02:42:02.148+0000] {logging_mixin.py:190} INFO - [2025-03-07T02:42:02.147+0000] {dagbag.py:588} INFO - Filling up the DagBag from /home/Ashreem/airflow-env/lib/python3.12/site-packages/airflow/example_dags/example_nested_branch_dag.py
[2025-03-07T02:42:02.164+0000] {processor.py:925} INFO - DAG(s) 'example_nested_branch_dag' retrieved from /home/Ashreem/airflow-env/lib/python3.12/site-packages/airflow/example_dags/example_nested_branch_dag.py
[2025-03-07T02:42:02.188+0000] {logging_mixin.py:190} INFO - [2025-03-07T02:42:02.187+0000] {dag.py:3239} INFO - Sync 1 DAGs
[2025-03-07T02:42:02.215+0000] {logging_mixin.py:190} INFO - [2025-03-07T02:42:02.215+0000] {dag.py:4180} INFO - Setting next_dagrun for example_nested_branch_dag to 2025-03-06 00:00:00+00:00, run_after=2025-03-07 00:00:00+00:00
[2025-03-07T02:42:02.255+0000] {processor.py:208} INFO - Processing /home/Ashreem/airflow-env/lib/python3.12/site-packages/airflow/example_dags/example_nested_branch_dag.py took 0.123 seconds
[2025-03-07T02:43:06.942+0000] {processor.py:186} INFO - Started process (PID=46964) to work on /home/Ashreem/airflow-env/lib/python3.12/site-packages/airflow/example_dags/example_nested_branch_dag.py
[2025-03-07T02:43:06.944+0000] {processor.py:914} INFO - Processing file /home/Ashreem/airflow-env/lib/python3.12/site-packages/airflow/example_dags/example_nested_branch_dag.py for tasks to queue
[2025-03-07T02:43:06.947+0000] {logging_mixin.py:190} INFO - [2025-03-07T02:43:06.946+0000] {dagbag.py:588} INFO - Filling up the DagBag from /home/Ashreem/airflow-env/lib/python3.12/site-packages/airflow/example_dags/example_nested_branch_dag.py
[2025-03-07T02:43:06.962+0000] {processor.py:925} INFO - DAG(s) 'example_nested_branch_dag' retrieved from /home/Ashreem/airflow-env/lib/python3.12/site-packages/airflow/example_dags/example_nested_branch_dag.py
[2025-03-07T02:43:06.984+0000] {logging_mixin.py:190} INFO - [2025-03-07T02:43:06.983+0000] {dag.py:3239} INFO - Sync 1 DAGs
[2025-03-07T02:43:07.011+0000] {logging_mixin.py:190} INFO - [2025-03-07T02:43:07.011+0000] {dag.py:4180} INFO - Setting next_dagrun for example_nested_branch_dag to 2025-03-06 00:00:00+00:00, run_after=2025-03-07 00:00:00+00:00
[2025-03-07T02:43:07.052+0000] {processor.py:208} INFO - Processing /home/Ashreem/airflow-env/lib/python3.12/site-packages/airflow/example_dags/example_nested_branch_dag.py took 0.118 seconds
[2025-03-07T02:44:11.109+0000] {processor.py:186} INFO - Started process (PID=47035) to work on /home/Ashreem/airflow-env/lib/python3.12/site-packages/airflow/example_dags/example_nested_branch_dag.py
[2025-03-07T02:44:11.111+0000] {processor.py:914} INFO - Processing file /home/Ashreem/airflow-env/lib/python3.12/site-packages/airflow/example_dags/example_nested_branch_dag.py for tasks to queue
[2025-03-07T02:44:11.114+0000] {logging_mixin.py:190} INFO - [2025-03-07T02:44:11.114+0000] {dagbag.py:588} INFO - Filling up the DagBag from /home/Ashreem/airflow-env/lib/python3.12/site-packages/airflow/example_dags/example_nested_branch_dag.py
[2025-03-07T02:44:11.131+0000] {processor.py:925} INFO - DAG(s) 'example_nested_branch_dag' retrieved from /home/Ashreem/airflow-env/lib/python3.12/site-packages/airflow/example_dags/example_nested_branch_dag.py
[2025-03-07T02:44:11.153+0000] {logging_mixin.py:190} INFO - [2025-03-07T02:44:11.153+0000] {dag.py:3239} INFO - Sync 1 DAGs
[2025-03-07T02:44:11.183+0000] {logging_mixin.py:190} INFO - [2025-03-07T02:44:11.182+0000] {dag.py:4180} INFO - Setting next_dagrun for example_nested_branch_dag to 2025-03-06 00:00:00+00:00, run_after=2025-03-07 00:00:00+00:00
[2025-03-07T02:44:11.227+0000] {processor.py:208} INFO - Processing /home/Ashreem/airflow-env/lib/python3.12/site-packages/airflow/example_dags/example_nested_branch_dag.py took 0.125 seconds
[2025-03-07T02:45:12.445+0000] {processor.py:186} INFO - Started process (PID=47115) to work on /home/Ashreem/airflow-env/lib/python3.12/site-packages/airflow/example_dags/example_nested_branch_dag.py
[2025-03-07T02:45:12.447+0000] {processor.py:914} INFO - Processing file /home/Ashreem/airflow-env/lib/python3.12/site-packages/airflow/example_dags/example_nested_branch_dag.py for tasks to queue
[2025-03-07T02:45:12.450+0000] {logging_mixin.py:190} INFO - [2025-03-07T02:45:12.450+0000] {dagbag.py:588} INFO - Filling up the DagBag from /home/Ashreem/airflow-env/lib/python3.12/site-packages/airflow/example_dags/example_nested_branch_dag.py
[2025-03-07T02:45:12.471+0000] {processor.py:925} INFO - DAG(s) 'example_nested_branch_dag' retrieved from /home/Ashreem/airflow-env/lib/python3.12/site-packages/airflow/example_dags/example_nested_branch_dag.py
[2025-03-07T02:45:12.494+0000] {logging_mixin.py:190} INFO - [2025-03-07T02:45:12.494+0000] {dag.py:3239} INFO - Sync 1 DAGs
[2025-03-07T02:45:12.522+0000] {logging_mixin.py:190} INFO - [2025-03-07T02:45:12.522+0000] {dag.py:4180} INFO - Setting next_dagrun for example_nested_branch_dag to 2025-03-06 00:00:00+00:00, run_after=2025-03-07 00:00:00+00:00
[2025-03-07T02:45:12.557+0000] {processor.py:208} INFO - Processing /home/Ashreem/airflow-env/lib/python3.12/site-packages/airflow/example_dags/example_nested_branch_dag.py took 0.119 seconds
[2025-03-07T02:46:17.109+0000] {processor.py:186} INFO - Started process (PID=47181) to work on /home/Ashreem/airflow-env/lib/python3.12/site-packages/airflow/example_dags/example_nested_branch_dag.py
[2025-03-07T02:46:17.111+0000] {processor.py:914} INFO - Processing file /home/Ashreem/airflow-env/lib/python3.12/site-packages/airflow/example_dags/example_nested_branch_dag.py for tasks to queue
[2025-03-07T02:46:17.114+0000] {logging_mixin.py:190} INFO - [2025-03-07T02:46:17.113+0000] {dagbag.py:588} INFO - Filling up the DagBag from /home/Ashreem/airflow-env/lib/python3.12/site-packages/airflow/example_dags/example_nested_branch_dag.py
[2025-03-07T02:46:17.132+0000] {processor.py:925} INFO - DAG(s) 'example_nested_branch_dag' retrieved from /home/Ashreem/airflow-env/lib/python3.12/site-packages/airflow/example_dags/example_nested_branch_dag.py
[2025-03-07T02:46:17.157+0000] {logging_mixin.py:190} INFO - [2025-03-07T02:46:17.157+0000] {dag.py:3239} INFO - Sync 1 DAGs
[2025-03-07T02:46:17.185+0000] {logging_mixin.py:190} INFO - [2025-03-07T02:46:17.185+0000] {dag.py:4180} INFO - Setting next_dagrun for example_nested_branch_dag to 2025-03-06 00:00:00+00:00, run_after=2025-03-07 00:00:00+00:00
[2025-03-07T02:46:17.222+0000] {processor.py:208} INFO - Processing /home/Ashreem/airflow-env/lib/python3.12/site-packages/airflow/example_dags/example_nested_branch_dag.py took 0.121 seconds
[2025-03-07T02:47:20.595+0000] {processor.py:186} INFO - Started process (PID=47241) to work on /home/Ashreem/airflow-env/lib/python3.12/site-packages/airflow/example_dags/example_nested_branch_dag.py
[2025-03-07T02:47:20.597+0000] {processor.py:914} INFO - Processing file /home/Ashreem/airflow-env/lib/python3.12/site-packages/airflow/example_dags/example_nested_branch_dag.py for tasks to queue
[2025-03-07T02:47:20.600+0000] {logging_mixin.py:190} INFO - [2025-03-07T02:47:20.599+0000] {dagbag.py:588} INFO - Filling up the DagBag from /home/Ashreem/airflow-env/lib/python3.12/site-packages/airflow/example_dags/example_nested_branch_dag.py
[2025-03-07T02:47:20.617+0000] {processor.py:925} INFO - DAG(s) 'example_nested_branch_dag' retrieved from /home/Ashreem/airflow-env/lib/python3.12/site-packages/airflow/example_dags/example_nested_branch_dag.py
[2025-03-07T02:47:20.640+0000] {logging_mixin.py:190} INFO - [2025-03-07T02:47:20.640+0000] {dag.py:3239} INFO - Sync 1 DAGs
[2025-03-07T02:47:20.666+0000] {logging_mixin.py:190} INFO - [2025-03-07T02:47:20.666+0000] {dag.py:4180} INFO - Setting next_dagrun for example_nested_branch_dag to 2025-03-06 00:00:00+00:00, run_after=2025-03-07 00:00:00+00:00
[2025-03-07T02:47:20.706+0000] {processor.py:208} INFO - Processing /home/Ashreem/airflow-env/lib/python3.12/site-packages/airflow/example_dags/example_nested_branch_dag.py took 0.119 seconds
[2025-03-07T02:48:31.013+0000] {processor.py:186} INFO - Started process (PID=47312) to work on /home/Ashreem/airflow-env/lib/python3.12/site-packages/airflow/example_dags/example_nested_branch_dag.py
[2025-03-07T02:48:31.015+0000] {processor.py:914} INFO - Processing file /home/Ashreem/airflow-env/lib/python3.12/site-packages/airflow/example_dags/example_nested_branch_dag.py for tasks to queue
[2025-03-07T02:48:31.018+0000] {logging_mixin.py:190} INFO - [2025-03-07T02:48:31.018+0000] {dagbag.py:588} INFO - Filling up the DagBag from /home/Ashreem/airflow-env/lib/python3.12/site-packages/airflow/example_dags/example_nested_branch_dag.py
[2025-03-07T02:48:31.034+0000] {processor.py:925} INFO - DAG(s) 'example_nested_branch_dag' retrieved from /home/Ashreem/airflow-env/lib/python3.12/site-packages/airflow/example_dags/example_nested_branch_dag.py
[2025-03-07T02:48:31.056+0000] {logging_mixin.py:190} INFO - [2025-03-07T02:48:31.056+0000] {dag.py:3239} INFO - Sync 1 DAGs
[2025-03-07T02:48:31.093+0000] {logging_mixin.py:190} INFO - [2025-03-07T02:48:31.092+0000] {dag.py:4180} INFO - Setting next_dagrun for example_nested_branch_dag to 2025-03-06 00:00:00+00:00, run_after=2025-03-07 00:00:00+00:00
[2025-03-07T02:48:31.130+0000] {processor.py:208} INFO - Processing /home/Ashreem/airflow-env/lib/python3.12/site-packages/airflow/example_dags/example_nested_branch_dag.py took 0.125 seconds
[2025-03-07T02:49:34.745+0000] {processor.py:186} INFO - Started process (PID=47391) to work on /home/Ashreem/airflow-env/lib/python3.12/site-packages/airflow/example_dags/example_nested_branch_dag.py
[2025-03-07T02:49:34.747+0000] {processor.py:914} INFO - Processing file /home/Ashreem/airflow-env/lib/python3.12/site-packages/airflow/example_dags/example_nested_branch_dag.py for tasks to queue
[2025-03-07T02:49:34.749+0000] {logging_mixin.py:190} INFO - [2025-03-07T02:49:34.749+0000] {dagbag.py:588} INFO - Filling up the DagBag from /home/Ashreem/airflow-env/lib/python3.12/site-packages/airflow/example_dags/example_nested_branch_dag.py
[2025-03-07T02:49:34.766+0000] {processor.py:925} INFO - DAG(s) 'example_nested_branch_dag' retrieved from /home/Ashreem/airflow-env/lib/python3.12/site-packages/airflow/example_dags/example_nested_branch_dag.py
[2025-03-07T02:49:34.789+0000] {logging_mixin.py:190} INFO - [2025-03-07T02:49:34.789+0000] {dag.py:3239} INFO - Sync 1 DAGs
[2025-03-07T02:49:34.823+0000] {logging_mixin.py:190} INFO - [2025-03-07T02:49:34.823+0000] {dag.py:4180} INFO - Setting next_dagrun for example_nested_branch_dag to 2025-03-06 00:00:00+00:00, run_after=2025-03-07 00:00:00+00:00
[2025-03-07T02:49:34.859+0000] {processor.py:208} INFO - Processing /home/Ashreem/airflow-env/lib/python3.12/site-packages/airflow/example_dags/example_nested_branch_dag.py took 0.121 seconds
[2025-03-07T02:50:41.061+0000] {processor.py:186} INFO - Started process (PID=47462) to work on /home/Ashreem/airflow-env/lib/python3.12/site-packages/airflow/example_dags/example_nested_branch_dag.py
[2025-03-07T02:50:41.062+0000] {processor.py:914} INFO - Processing file /home/Ashreem/airflow-env/lib/python3.12/site-packages/airflow/example_dags/example_nested_branch_dag.py for tasks to queue
[2025-03-07T02:50:41.065+0000] {logging_mixin.py:190} INFO - [2025-03-07T02:50:41.065+0000] {dagbag.py:588} INFO - Filling up the DagBag from /home/Ashreem/airflow-env/lib/python3.12/site-packages/airflow/example_dags/example_nested_branch_dag.py
[2025-03-07T02:50:41.087+0000] {processor.py:925} INFO - DAG(s) 'example_nested_branch_dag' retrieved from /home/Ashreem/airflow-env/lib/python3.12/site-packages/airflow/example_dags/example_nested_branch_dag.py
[2025-03-07T02:50:41.110+0000] {logging_mixin.py:190} INFO - [2025-03-07T02:50:41.110+0000] {dag.py:3239} INFO - Sync 1 DAGs
[2025-03-07T02:50:41.141+0000] {logging_mixin.py:190} INFO - [2025-03-07T02:50:41.140+0000] {dag.py:4180} INFO - Setting next_dagrun for example_nested_branch_dag to 2025-03-06 00:00:00+00:00, run_after=2025-03-07 00:00:00+00:00
[2025-03-07T02:50:41.182+0000] {processor.py:208} INFO - Processing /home/Ashreem/airflow-env/lib/python3.12/site-packages/airflow/example_dags/example_nested_branch_dag.py took 0.129 seconds
[2025-03-07T02:51:41.147+0000] {processor.py:186} INFO - Started process (PID=47523) to work on /home/Ashreem/airflow-env/lib/python3.12/site-packages/airflow/example_dags/example_nested_branch_dag.py
[2025-03-07T02:51:41.149+0000] {processor.py:914} INFO - Processing file /home/Ashreem/airflow-env/lib/python3.12/site-packages/airflow/example_dags/example_nested_branch_dag.py for tasks to queue
[2025-03-07T02:51:41.152+0000] {logging_mixin.py:190} INFO - [2025-03-07T02:51:41.151+0000] {dagbag.py:588} INFO - Filling up the DagBag from /home/Ashreem/airflow-env/lib/python3.12/site-packages/airflow/example_dags/example_nested_branch_dag.py
[2025-03-07T02:51:41.170+0000] {processor.py:925} INFO - DAG(s) 'example_nested_branch_dag' retrieved from /home/Ashreem/airflow-env/lib/python3.12/site-packages/airflow/example_dags/example_nested_branch_dag.py
[2025-03-07T02:51:41.199+0000] {logging_mixin.py:190} INFO - [2025-03-07T02:51:41.199+0000] {dag.py:3239} INFO - Sync 1 DAGs
[2025-03-07T02:51:41.229+0000] {logging_mixin.py:190} INFO - [2025-03-07T02:51:41.229+0000] {dag.py:4180} INFO - Setting next_dagrun for example_nested_branch_dag to 2025-03-06 00:00:00+00:00, run_after=2025-03-07 00:00:00+00:00
[2025-03-07T02:51:41.272+0000] {processor.py:208} INFO - Processing /home/Ashreem/airflow-env/lib/python3.12/site-packages/airflow/example_dags/example_nested_branch_dag.py took 0.133 seconds
[2025-03-07T02:52:49.445+0000] {processor.py:186} INFO - Started process (PID=47593) to work on /home/Ashreem/airflow-env/lib/python3.12/site-packages/airflow/example_dags/example_nested_branch_dag.py
[2025-03-07T02:52:49.447+0000] {processor.py:914} INFO - Processing file /home/Ashreem/airflow-env/lib/python3.12/site-packages/airflow/example_dags/example_nested_branch_dag.py for tasks to queue
[2025-03-07T02:52:49.450+0000] {logging_mixin.py:190} INFO - [2025-03-07T02:52:49.449+0000] {dagbag.py:588} INFO - Filling up the DagBag from /home/Ashreem/airflow-env/lib/python3.12/site-packages/airflow/example_dags/example_nested_branch_dag.py
[2025-03-07T02:52:49.472+0000] {processor.py:925} INFO - DAG(s) 'example_nested_branch_dag' retrieved from /home/Ashreem/airflow-env/lib/python3.12/site-packages/airflow/example_dags/example_nested_branch_dag.py
[2025-03-07T02:52:49.493+0000] {logging_mixin.py:190} INFO - [2025-03-07T02:52:49.493+0000] {dag.py:3239} INFO - Sync 1 DAGs
[2025-03-07T02:52:49.521+0000] {logging_mixin.py:190} INFO - [2025-03-07T02:52:49.521+0000] {dag.py:4180} INFO - Setting next_dagrun for example_nested_branch_dag to 2025-03-06 00:00:00+00:00, run_after=2025-03-07 00:00:00+00:00
[2025-03-07T02:52:49.564+0000] {processor.py:208} INFO - Processing /home/Ashreem/airflow-env/lib/python3.12/site-packages/airflow/example_dags/example_nested_branch_dag.py took 0.129 seconds
[2025-03-07T02:53:49.689+0000] {processor.py:186} INFO - Started process (PID=47657) to work on /home/Ashreem/airflow-env/lib/python3.12/site-packages/airflow/example_dags/example_nested_branch_dag.py
[2025-03-07T02:53:49.691+0000] {processor.py:914} INFO - Processing file /home/Ashreem/airflow-env/lib/python3.12/site-packages/airflow/example_dags/example_nested_branch_dag.py for tasks to queue
[2025-03-07T02:53:49.694+0000] {logging_mixin.py:190} INFO - [2025-03-07T02:53:49.694+0000] {dagbag.py:588} INFO - Filling up the DagBag from /home/Ashreem/airflow-env/lib/python3.12/site-packages/airflow/example_dags/example_nested_branch_dag.py
[2025-03-07T02:53:49.713+0000] {processor.py:925} INFO - DAG(s) 'example_nested_branch_dag' retrieved from /home/Ashreem/airflow-env/lib/python3.12/site-packages/airflow/example_dags/example_nested_branch_dag.py
[2025-03-07T02:53:49.733+0000] {logging_mixin.py:190} INFO - [2025-03-07T02:53:49.733+0000] {dag.py:3239} INFO - Sync 1 DAGs
[2025-03-07T02:53:49.764+0000] {logging_mixin.py:190} INFO - [2025-03-07T02:53:49.764+0000] {dag.py:4180} INFO - Setting next_dagrun for example_nested_branch_dag to 2025-03-06 00:00:00+00:00, run_after=2025-03-07 00:00:00+00:00
[2025-03-07T02:53:49.804+0000] {processor.py:208} INFO - Processing /home/Ashreem/airflow-env/lib/python3.12/site-packages/airflow/example_dags/example_nested_branch_dag.py took 0.123 seconds
[2025-03-07T02:54:51.553+0000] {processor.py:186} INFO - Started process (PID=47718) to work on /home/Ashreem/airflow-env/lib/python3.12/site-packages/airflow/example_dags/example_nested_branch_dag.py
[2025-03-07T02:54:51.555+0000] {processor.py:914} INFO - Processing file /home/Ashreem/airflow-env/lib/python3.12/site-packages/airflow/example_dags/example_nested_branch_dag.py for tasks to queue
[2025-03-07T02:54:51.558+0000] {logging_mixin.py:190} INFO - [2025-03-07T02:54:51.557+0000] {dagbag.py:588} INFO - Filling up the DagBag from /home/Ashreem/airflow-env/lib/python3.12/site-packages/airflow/example_dags/example_nested_branch_dag.py
[2025-03-07T02:54:51.573+0000] {processor.py:925} INFO - DAG(s) 'example_nested_branch_dag' retrieved from /home/Ashreem/airflow-env/lib/python3.12/site-packages/airflow/example_dags/example_nested_branch_dag.py
[2025-03-07T02:54:51.597+0000] {logging_mixin.py:190} INFO - [2025-03-07T02:54:51.597+0000] {dag.py:3239} INFO - Sync 1 DAGs
[2025-03-07T02:54:51.623+0000] {logging_mixin.py:190} INFO - [2025-03-07T02:54:51.623+0000] {dag.py:4180} INFO - Setting next_dagrun for example_nested_branch_dag to 2025-03-06 00:00:00+00:00, run_after=2025-03-07 00:00:00+00:00
[2025-03-07T02:54:51.659+0000] {processor.py:208} INFO - Processing /home/Ashreem/airflow-env/lib/python3.12/site-packages/airflow/example_dags/example_nested_branch_dag.py took 0.114 seconds
[2025-03-07T02:55:54.649+0000] {processor.py:186} INFO - Started process (PID=47850) to work on /home/Ashreem/airflow-env/lib/python3.12/site-packages/airflow/example_dags/example_nested_branch_dag.py
[2025-03-07T02:55:54.651+0000] {processor.py:914} INFO - Processing file /home/Ashreem/airflow-env/lib/python3.12/site-packages/airflow/example_dags/example_nested_branch_dag.py for tasks to queue
[2025-03-07T02:55:54.653+0000] {logging_mixin.py:190} INFO - [2025-03-07T02:55:54.653+0000] {dagbag.py:588} INFO - Filling up the DagBag from /home/Ashreem/airflow-env/lib/python3.12/site-packages/airflow/example_dags/example_nested_branch_dag.py
[2025-03-07T02:55:54.669+0000] {processor.py:925} INFO - DAG(s) 'example_nested_branch_dag' retrieved from /home/Ashreem/airflow-env/lib/python3.12/site-packages/airflow/example_dags/example_nested_branch_dag.py
[2025-03-07T02:55:54.691+0000] {logging_mixin.py:190} INFO - [2025-03-07T02:55:54.691+0000] {dag.py:3239} INFO - Sync 1 DAGs
[2025-03-07T02:55:54.722+0000] {logging_mixin.py:190} INFO - [2025-03-07T02:55:54.722+0000] {dag.py:4180} INFO - Setting next_dagrun for example_nested_branch_dag to 2025-03-06 00:00:00+00:00, run_after=2025-03-07 00:00:00+00:00
[2025-03-07T02:55:54.764+0000] {processor.py:208} INFO - Processing /home/Ashreem/airflow-env/lib/python3.12/site-packages/airflow/example_dags/example_nested_branch_dag.py took 0.122 seconds
[2025-03-07T02:56:52.291+0000] {processor.py:186} INFO - Started process (PID=47968) to work on /home/Ashreem/airflow-env/lib/python3.12/site-packages/airflow/example_dags/example_nested_branch_dag.py
[2025-03-07T02:56:52.293+0000] {processor.py:914} INFO - Processing file /home/Ashreem/airflow-env/lib/python3.12/site-packages/airflow/example_dags/example_nested_branch_dag.py for tasks to queue
[2025-03-07T02:56:52.297+0000] {logging_mixin.py:190} INFO - [2025-03-07T02:56:52.296+0000] {dagbag.py:588} INFO - Filling up the DagBag from /home/Ashreem/airflow-env/lib/python3.12/site-packages/airflow/example_dags/example_nested_branch_dag.py
[2025-03-07T02:56:52.312+0000] {processor.py:925} INFO - DAG(s) 'example_nested_branch_dag' retrieved from /home/Ashreem/airflow-env/lib/python3.12/site-packages/airflow/example_dags/example_nested_branch_dag.py
[2025-03-07T02:56:52.335+0000] {logging_mixin.py:190} INFO - [2025-03-07T02:56:52.335+0000] {dag.py:3239} INFO - Sync 1 DAGs
[2025-03-07T02:56:52.363+0000] {logging_mixin.py:190} INFO - [2025-03-07T02:56:52.362+0000] {dag.py:4180} INFO - Setting next_dagrun for example_nested_branch_dag to 2025-03-06 00:00:00+00:00, run_after=2025-03-07 00:00:00+00:00
[2025-03-07T02:56:52.401+0000] {processor.py:208} INFO - Processing /home/Ashreem/airflow-env/lib/python3.12/site-packages/airflow/example_dags/example_nested_branch_dag.py took 0.118 seconds
[2025-03-07T02:57:00.877+0000] {processor.py:186} INFO - Started process (PID=47984) to work on /home/Ashreem/airflow-env/lib/python3.12/site-packages/airflow/example_dags/example_nested_branch_dag.py
[2025-03-07T02:57:00.879+0000] {processor.py:914} INFO - Processing file /home/Ashreem/airflow-env/lib/python3.12/site-packages/airflow/example_dags/example_nested_branch_dag.py for tasks to queue
[2025-03-07T02:57:00.883+0000] {logging_mixin.py:190} INFO - [2025-03-07T02:57:00.882+0000] {dagbag.py:588} INFO - Filling up the DagBag from /home/Ashreem/airflow-env/lib/python3.12/site-packages/airflow/example_dags/example_nested_branch_dag.py
[2025-03-07T02:57:00.901+0000] {processor.py:925} INFO - DAG(s) 'example_nested_branch_dag' retrieved from /home/Ashreem/airflow-env/lib/python3.12/site-packages/airflow/example_dags/example_nested_branch_dag.py
[2025-03-07T02:57:00.930+0000] {logging_mixin.py:190} INFO - [2025-03-07T02:57:00.929+0000] {dag.py:3239} INFO - Sync 1 DAGs
[2025-03-07T02:57:00.963+0000] {logging_mixin.py:190} INFO - [2025-03-07T02:57:00.962+0000] {dag.py:4180} INFO - Setting next_dagrun for example_nested_branch_dag to 2025-03-06 00:00:00+00:00, run_after=2025-03-07 00:00:00+00:00
[2025-03-07T02:57:01.002+0000] {processor.py:208} INFO - Processing /home/Ashreem/airflow-env/lib/python3.12/site-packages/airflow/example_dags/example_nested_branch_dag.py took 0.134 seconds
[2025-03-07T02:58:03.117+0000] {processor.py:186} INFO - Started process (PID=48070) to work on /home/Ashreem/airflow-env/lib/python3.12/site-packages/airflow/example_dags/example_nested_branch_dag.py
[2025-03-07T02:58:03.119+0000] {processor.py:914} INFO - Processing file /home/Ashreem/airflow-env/lib/python3.12/site-packages/airflow/example_dags/example_nested_branch_dag.py for tasks to queue
[2025-03-07T02:58:03.122+0000] {logging_mixin.py:190} INFO - [2025-03-07T02:58:03.122+0000] {dagbag.py:588} INFO - Filling up the DagBag from /home/Ashreem/airflow-env/lib/python3.12/site-packages/airflow/example_dags/example_nested_branch_dag.py
[2025-03-07T02:58:03.139+0000] {processor.py:925} INFO - DAG(s) 'example_nested_branch_dag' retrieved from /home/Ashreem/airflow-env/lib/python3.12/site-packages/airflow/example_dags/example_nested_branch_dag.py
[2025-03-07T02:58:03.165+0000] {logging_mixin.py:190} INFO - [2025-03-07T02:58:03.164+0000] {dag.py:3239} INFO - Sync 1 DAGs
[2025-03-07T02:58:03.193+0000] {logging_mixin.py:190} INFO - [2025-03-07T02:58:03.193+0000] {dag.py:4180} INFO - Setting next_dagrun for example_nested_branch_dag to 2025-03-06 00:00:00+00:00, run_after=2025-03-07 00:00:00+00:00
[2025-03-07T02:58:03.229+0000] {processor.py:208} INFO - Processing /home/Ashreem/airflow-env/lib/python3.12/site-packages/airflow/example_dags/example_nested_branch_dag.py took 0.119 seconds
[2025-03-07T02:59:10.671+0000] {processor.py:186} INFO - Started process (PID=48175) to work on /home/Ashreem/airflow-env/lib/python3.12/site-packages/airflow/example_dags/example_nested_branch_dag.py
[2025-03-07T02:59:10.672+0000] {processor.py:914} INFO - Processing file /home/Ashreem/airflow-env/lib/python3.12/site-packages/airflow/example_dags/example_nested_branch_dag.py for tasks to queue
[2025-03-07T02:59:10.675+0000] {logging_mixin.py:190} INFO - [2025-03-07T02:59:10.675+0000] {dagbag.py:588} INFO - Filling up the DagBag from /home/Ashreem/airflow-env/lib/python3.12/site-packages/airflow/example_dags/example_nested_branch_dag.py
[2025-03-07T02:59:10.693+0000] {processor.py:925} INFO - DAG(s) 'example_nested_branch_dag' retrieved from /home/Ashreem/airflow-env/lib/python3.12/site-packages/airflow/example_dags/example_nested_branch_dag.py
[2025-03-07T02:59:10.729+0000] {logging_mixin.py:190} INFO - [2025-03-07T02:59:10.729+0000] {dag.py:3239} INFO - Sync 1 DAGs
[2025-03-07T02:59:10.756+0000] {logging_mixin.py:190} INFO - [2025-03-07T02:59:10.756+0000] {dag.py:4180} INFO - Setting next_dagrun for example_nested_branch_dag to 2025-03-06 00:00:00+00:00, run_after=2025-03-07 00:00:00+00:00
[2025-03-07T02:59:10.798+0000] {processor.py:208} INFO - Processing /home/Ashreem/airflow-env/lib/python3.12/site-packages/airflow/example_dags/example_nested_branch_dag.py took 0.134 seconds
[2025-03-07T03:00:18.164+0000] {processor.py:186} INFO - Started process (PID=48300) to work on /home/Ashreem/airflow-env/lib/python3.12/site-packages/airflow/example_dags/example_nested_branch_dag.py
[2025-03-07T03:00:18.166+0000] {processor.py:914} INFO - Processing file /home/Ashreem/airflow-env/lib/python3.12/site-packages/airflow/example_dags/example_nested_branch_dag.py for tasks to queue
[2025-03-07T03:00:18.169+0000] {logging_mixin.py:190} INFO - [2025-03-07T03:00:18.168+0000] {dagbag.py:588} INFO - Filling up the DagBag from /home/Ashreem/airflow-env/lib/python3.12/site-packages/airflow/example_dags/example_nested_branch_dag.py
[2025-03-07T03:00:18.185+0000] {processor.py:925} INFO - DAG(s) 'example_nested_branch_dag' retrieved from /home/Ashreem/airflow-env/lib/python3.12/site-packages/airflow/example_dags/example_nested_branch_dag.py
[2025-03-07T03:00:18.210+0000] {logging_mixin.py:190} INFO - [2025-03-07T03:00:18.209+0000] {dag.py:3239} INFO - Sync 1 DAGs
[2025-03-07T03:00:18.240+0000] {logging_mixin.py:190} INFO - [2025-03-07T03:00:18.239+0000] {dag.py:4180} INFO - Setting next_dagrun for example_nested_branch_dag to 2025-03-06 00:00:00+00:00, run_after=2025-03-07 00:00:00+00:00
[2025-03-07T03:00:18.287+0000] {processor.py:208} INFO - Processing /home/Ashreem/airflow-env/lib/python3.12/site-packages/airflow/example_dags/example_nested_branch_dag.py took 0.132 seconds
[2025-03-07T03:01:21.513+0000] {processor.py:186} INFO - Started process (PID=48372) to work on /home/Ashreem/airflow-env/lib/python3.12/site-packages/airflow/example_dags/example_nested_branch_dag.py
[2025-03-07T03:01:21.514+0000] {processor.py:914} INFO - Processing file /home/Ashreem/airflow-env/lib/python3.12/site-packages/airflow/example_dags/example_nested_branch_dag.py for tasks to queue
[2025-03-07T03:01:21.517+0000] {logging_mixin.py:190} INFO - [2025-03-07T03:01:21.516+0000] {dagbag.py:588} INFO - Filling up the DagBag from /home/Ashreem/airflow-env/lib/python3.12/site-packages/airflow/example_dags/example_nested_branch_dag.py
[2025-03-07T03:01:21.544+0000] {processor.py:925} INFO - DAG(s) 'example_nested_branch_dag' retrieved from /home/Ashreem/airflow-env/lib/python3.12/site-packages/airflow/example_dags/example_nested_branch_dag.py
[2025-03-07T03:01:21.567+0000] {logging_mixin.py:190} INFO - [2025-03-07T03:01:21.566+0000] {dag.py:3239} INFO - Sync 1 DAGs
[2025-03-07T03:01:21.594+0000] {logging_mixin.py:190} INFO - [2025-03-07T03:01:21.594+0000] {dag.py:4180} INFO - Setting next_dagrun for example_nested_branch_dag to 2025-03-06 00:00:00+00:00, run_after=2025-03-07 00:00:00+00:00
[2025-03-07T03:01:21.629+0000] {processor.py:208} INFO - Processing /home/Ashreem/airflow-env/lib/python3.12/site-packages/airflow/example_dags/example_nested_branch_dag.py took 0.124 seconds
[2025-03-07T03:02:24.781+0000] {processor.py:186} INFO - Started process (PID=48438) to work on /home/Ashreem/airflow-env/lib/python3.12/site-packages/airflow/example_dags/example_nested_branch_dag.py
[2025-03-07T03:02:24.782+0000] {processor.py:914} INFO - Processing file /home/Ashreem/airflow-env/lib/python3.12/site-packages/airflow/example_dags/example_nested_branch_dag.py for tasks to queue
[2025-03-07T03:02:24.785+0000] {logging_mixin.py:190} INFO - [2025-03-07T03:02:24.784+0000] {dagbag.py:588} INFO - Filling up the DagBag from /home/Ashreem/airflow-env/lib/python3.12/site-packages/airflow/example_dags/example_nested_branch_dag.py
[2025-03-07T03:02:24.800+0000] {processor.py:925} INFO - DAG(s) 'example_nested_branch_dag' retrieved from /home/Ashreem/airflow-env/lib/python3.12/site-packages/airflow/example_dags/example_nested_branch_dag.py
[2025-03-07T03:02:24.822+0000] {logging_mixin.py:190} INFO - [2025-03-07T03:02:24.822+0000] {dag.py:3239} INFO - Sync 1 DAGs
[2025-03-07T03:02:24.853+0000] {logging_mixin.py:190} INFO - [2025-03-07T03:02:24.852+0000] {dag.py:4180} INFO - Setting next_dagrun for example_nested_branch_dag to 2025-03-06 00:00:00+00:00, run_after=2025-03-07 00:00:00+00:00
[2025-03-07T03:02:24.900+0000] {processor.py:208} INFO - Processing /home/Ashreem/airflow-env/lib/python3.12/site-packages/airflow/example_dags/example_nested_branch_dag.py took 0.127 seconds
[2025-03-07T03:04:03.981+0000] {processor.py:186} INFO - Started process (PID=48634) to work on /home/Ashreem/airflow-env/lib/python3.12/site-packages/airflow/example_dags/example_nested_branch_dag.py
[2025-03-07T03:04:03.984+0000] {processor.py:914} INFO - Processing file /home/Ashreem/airflow-env/lib/python3.12/site-packages/airflow/example_dags/example_nested_branch_dag.py for tasks to queue
[2025-03-07T03:04:03.986+0000] {logging_mixin.py:190} INFO - [2025-03-07T03:04:03.986+0000] {dagbag.py:588} INFO - Filling up the DagBag from /home/Ashreem/airflow-env/lib/python3.12/site-packages/airflow/example_dags/example_nested_branch_dag.py
[2025-03-07T03:04:04.005+0000] {processor.py:925} INFO - DAG(s) 'example_nested_branch_dag' retrieved from /home/Ashreem/airflow-env/lib/python3.12/site-packages/airflow/example_dags/example_nested_branch_dag.py
[2025-03-07T03:04:04.031+0000] {logging_mixin.py:190} INFO - [2025-03-07T03:04:04.030+0000] {dag.py:3239} INFO - Sync 1 DAGs
[2025-03-07T03:04:04.063+0000] {logging_mixin.py:190} INFO - [2025-03-07T03:04:04.063+0000] {dag.py:4180} INFO - Setting next_dagrun for example_nested_branch_dag to 2025-03-06 00:00:00+00:00, run_after=2025-03-07 00:00:00+00:00
[2025-03-07T03:04:04.101+0000] {processor.py:208} INFO - Processing /home/Ashreem/airflow-env/lib/python3.12/site-packages/airflow/example_dags/example_nested_branch_dag.py took 0.126 seconds
[2025-03-07T03:05:07.607+0000] {processor.py:186} INFO - Started process (PID=48709) to work on /home/Ashreem/airflow-env/lib/python3.12/site-packages/airflow/example_dags/example_nested_branch_dag.py
[2025-03-07T03:05:07.608+0000] {processor.py:914} INFO - Processing file /home/Ashreem/airflow-env/lib/python3.12/site-packages/airflow/example_dags/example_nested_branch_dag.py for tasks to queue
[2025-03-07T03:05:07.611+0000] {logging_mixin.py:190} INFO - [2025-03-07T03:05:07.610+0000] {dagbag.py:588} INFO - Filling up the DagBag from /home/Ashreem/airflow-env/lib/python3.12/site-packages/airflow/example_dags/example_nested_branch_dag.py
[2025-03-07T03:05:07.627+0000] {processor.py:925} INFO - DAG(s) 'example_nested_branch_dag' retrieved from /home/Ashreem/airflow-env/lib/python3.12/site-packages/airflow/example_dags/example_nested_branch_dag.py
[2025-03-07T03:05:07.650+0000] {logging_mixin.py:190} INFO - [2025-03-07T03:05:07.650+0000] {dag.py:3239} INFO - Sync 1 DAGs
[2025-03-07T03:05:07.676+0000] {logging_mixin.py:190} INFO - [2025-03-07T03:05:07.676+0000] {dag.py:4180} INFO - Setting next_dagrun for example_nested_branch_dag to 2025-03-06 00:00:00+00:00, run_after=2025-03-07 00:00:00+00:00
[2025-03-07T03:05:07.715+0000] {processor.py:208} INFO - Processing /home/Ashreem/airflow-env/lib/python3.12/site-packages/airflow/example_dags/example_nested_branch_dag.py took 0.116 seconds
[2025-03-07T03:06:11.158+0000] {processor.py:186} INFO - Started process (PID=48958) to work on /home/Ashreem/airflow-env/lib/python3.12/site-packages/airflow/example_dags/example_nested_branch_dag.py
[2025-03-07T03:06:11.160+0000] {processor.py:914} INFO - Processing file /home/Ashreem/airflow-env/lib/python3.12/site-packages/airflow/example_dags/example_nested_branch_dag.py for tasks to queue
[2025-03-07T03:06:11.164+0000] {logging_mixin.py:190} INFO - [2025-03-07T03:06:11.163+0000] {dagbag.py:588} INFO - Filling up the DagBag from /home/Ashreem/airflow-env/lib/python3.12/site-packages/airflow/example_dags/example_nested_branch_dag.py
[2025-03-07T03:06:11.181+0000] {processor.py:925} INFO - DAG(s) 'example_nested_branch_dag' retrieved from /home/Ashreem/airflow-env/lib/python3.12/site-packages/airflow/example_dags/example_nested_branch_dag.py
[2025-03-07T03:06:11.203+0000] {logging_mixin.py:190} INFO - [2025-03-07T03:06:11.203+0000] {dag.py:3239} INFO - Sync 1 DAGs
[2025-03-07T03:06:11.230+0000] {logging_mixin.py:190} INFO - [2025-03-07T03:06:11.229+0000] {dag.py:4180} INFO - Setting next_dagrun for example_nested_branch_dag to 2025-03-06 00:00:00+00:00, run_after=2025-03-07 00:00:00+00:00
[2025-03-07T03:06:11.275+0000] {processor.py:208} INFO - Processing /home/Ashreem/airflow-env/lib/python3.12/site-packages/airflow/example_dags/example_nested_branch_dag.py took 0.125 seconds
[2025-03-07T03:08:19.810+0000] {processor.py:186} INFO - Started process (PID=49102) to work on /home/Ashreem/airflow-env/lib/python3.12/site-packages/airflow/example_dags/example_nested_branch_dag.py
[2025-03-07T03:08:19.811+0000] {processor.py:914} INFO - Processing file /home/Ashreem/airflow-env/lib/python3.12/site-packages/airflow/example_dags/example_nested_branch_dag.py for tasks to queue
[2025-03-07T03:08:19.814+0000] {logging_mixin.py:190} INFO - [2025-03-07T03:08:19.814+0000] {dagbag.py:588} INFO - Filling up the DagBag from /home/Ashreem/airflow-env/lib/python3.12/site-packages/airflow/example_dags/example_nested_branch_dag.py
[2025-03-07T03:08:19.831+0000] {processor.py:925} INFO - DAG(s) 'example_nested_branch_dag' retrieved from /home/Ashreem/airflow-env/lib/python3.12/site-packages/airflow/example_dags/example_nested_branch_dag.py
[2025-03-07T03:08:19.862+0000] {logging_mixin.py:190} INFO - [2025-03-07T03:08:19.861+0000] {dag.py:3239} INFO - Sync 1 DAGs
[2025-03-07T03:08:19.893+0000] {logging_mixin.py:190} INFO - [2025-03-07T03:08:19.892+0000] {dag.py:4180} INFO - Setting next_dagrun for example_nested_branch_dag to 2025-03-06 00:00:00+00:00, run_after=2025-03-07 00:00:00+00:00
[2025-03-07T03:08:19.931+0000] {processor.py:208} INFO - Processing /home/Ashreem/airflow-env/lib/python3.12/site-packages/airflow/example_dags/example_nested_branch_dag.py took 0.129 seconds
[2025-03-07T03:09:23.384+0000] {processor.py:186} INFO - Started process (PID=49175) to work on /home/Ashreem/airflow-env/lib/python3.12/site-packages/airflow/example_dags/example_nested_branch_dag.py
[2025-03-07T03:09:23.386+0000] {processor.py:914} INFO - Processing file /home/Ashreem/airflow-env/lib/python3.12/site-packages/airflow/example_dags/example_nested_branch_dag.py for tasks to queue
[2025-03-07T03:09:23.390+0000] {logging_mixin.py:190} INFO - [2025-03-07T03:09:23.390+0000] {dagbag.py:588} INFO - Filling up the DagBag from /home/Ashreem/airflow-env/lib/python3.12/site-packages/airflow/example_dags/example_nested_branch_dag.py
[2025-03-07T03:09:23.406+0000] {processor.py:925} INFO - DAG(s) 'example_nested_branch_dag' retrieved from /home/Ashreem/airflow-env/lib/python3.12/site-packages/airflow/example_dags/example_nested_branch_dag.py
[2025-03-07T03:09:23.429+0000] {logging_mixin.py:190} INFO - [2025-03-07T03:09:23.429+0000] {dag.py:3239} INFO - Sync 1 DAGs
[2025-03-07T03:09:23.458+0000] {logging_mixin.py:190} INFO - [2025-03-07T03:09:23.457+0000] {dag.py:4180} INFO - Setting next_dagrun for example_nested_branch_dag to 2025-03-06 00:00:00+00:00, run_after=2025-03-07 00:00:00+00:00
[2025-03-07T03:09:23.495+0000] {processor.py:208} INFO - Processing /home/Ashreem/airflow-env/lib/python3.12/site-packages/airflow/example_dags/example_nested_branch_dag.py took 0.119 seconds
