[2025-03-07T02:31:12.432+0000] {processor.py:186} INFO - Started process (PID=46014) to work on /home/Ashreem/airflow-env/lib/python3.12/site-packages/airflow/example_dags/example_branch_labels.py
[2025-03-07T02:31:12.433+0000] {processor.py:914} INFO - Processing file /home/Ashreem/airflow-env/lib/python3.12/site-packages/airflow/example_dags/example_branch_labels.py for tasks to queue
[2025-03-07T02:31:12.436+0000] {logging_mixin.py:190} INFO - [2025-03-07T02:31:12.435+0000] {dagbag.py:588} INFO - Filling up the DagBag from /home/Ashreem/airflow-env/lib/python3.12/site-packages/airflow/example_dags/example_branch_labels.py
[2025-03-07T02:31:12.451+0000] {processor.py:925} INFO - DAG(s) 'example_branch_labels' retrieved from /home/Ashreem/airflow-env/lib/python3.12/site-packages/airflow/example_dags/example_branch_labels.py
[2025-03-07T02:31:12.611+0000] {logging_mixin.py:190} INFO - [2025-03-07T02:31:12.611+0000] {override.py:1930} INFO - Created Permission View: can read on DAG:example_branch_labels
[2025-03-07T02:31:12.636+0000] {logging_mixin.py:190} INFO - [2025-03-07T02:31:12.635+0000] {override.py:1930} INFO - Created Permission View: can delete on DAG:example_branch_labels
[2025-03-07T02:31:12.656+0000] {logging_mixin.py:190} INFO - [2025-03-07T02:31:12.656+0000] {override.py:1930} INFO - Created Permission View: can edit on DAG:example_branch_labels
[2025-03-07T02:31:12.697+0000] {logging_mixin.py:190} INFO - [2025-03-07T02:31:12.696+0000] {override.py:1930} INFO - Created Permission View: can read on DAG Run:example_branch_labels
[2025-03-07T02:31:12.726+0000] {logging_mixin.py:190} INFO - [2025-03-07T02:31:12.725+0000] {override.py:1930} INFO - Created Permission View: can delete on DAG Run:example_branch_labels
[2025-03-07T02:31:12.746+0000] {logging_mixin.py:190} INFO - [2025-03-07T02:31:12.746+0000] {override.py:1930} INFO - Created Permission View: menu access on DAG Run:example_branch_labels
[2025-03-07T02:31:12.767+0000] {logging_mixin.py:190} INFO - [2025-03-07T02:31:12.767+0000] {override.py:1930} INFO - Created Permission View: can create on DAG Run:example_branch_labels
[2025-03-07T02:31:12.767+0000] {logging_mixin.py:190} INFO - [2025-03-07T02:31:12.767+0000] {dag.py:3239} INFO - Sync 1 DAGs
[2025-03-07T02:31:12.783+0000] {logging_mixin.py:190} INFO - [2025-03-07T02:31:12.783+0000] {dag.py:3262} INFO - Creating ORM DAG for example_branch_labels
[2025-03-07T02:31:12.796+0000] {logging_mixin.py:190} INFO - [2025-03-07T02:31:12.796+0000] {dag.py:4180} INFO - Setting next_dagrun for example_branch_labels to 2025-03-06 00:00:00+00:00, run_after=2025-03-07 00:00:00+00:00
[2025-03-07T02:31:12.850+0000] {processor.py:208} INFO - Processing /home/Ashreem/airflow-env/lib/python3.12/site-packages/airflow/example_dags/example_branch_labels.py took 0.426 seconds
[2025-03-07T02:33:39.089+0000] {processor.py:186} INFO - Started process (PID=46123) to work on /home/Ashreem/airflow-env/lib/python3.12/site-packages/airflow/example_dags/example_branch_labels.py
[2025-03-07T02:33:39.091+0000] {processor.py:914} INFO - Processing file /home/Ashreem/airflow-env/lib/python3.12/site-packages/airflow/example_dags/example_branch_labels.py for tasks to queue
[2025-03-07T02:33:39.093+0000] {logging_mixin.py:190} INFO - [2025-03-07T02:33:39.093+0000] {dagbag.py:588} INFO - Filling up the DagBag from /home/Ashreem/airflow-env/lib/python3.12/site-packages/airflow/example_dags/example_branch_labels.py
[2025-03-07T02:33:39.106+0000] {processor.py:925} INFO - DAG(s) 'example_branch_labels' retrieved from /home/Ashreem/airflow-env/lib/python3.12/site-packages/airflow/example_dags/example_branch_labels.py
[2025-03-07T02:33:39.127+0000] {logging_mixin.py:190} INFO - [2025-03-07T02:33:39.126+0000] {dag.py:3239} INFO - Sync 1 DAGs
[2025-03-07T02:33:39.151+0000] {logging_mixin.py:190} INFO - [2025-03-07T02:33:39.151+0000] {dag.py:4180} INFO - Setting next_dagrun for example_branch_labels to 2025-03-06 00:00:00+00:00, run_after=2025-03-07 00:00:00+00:00
[2025-03-07T02:33:39.189+0000] {processor.py:208} INFO - Processing /home/Ashreem/airflow-env/lib/python3.12/site-packages/airflow/example_dags/example_branch_labels.py took 0.111 seconds
[2025-03-07T02:34:52.089+0000] {processor.py:186} INFO - Started process (PID=46455) to work on /home/Ashreem/airflow-env/lib/python3.12/site-packages/airflow/example_dags/example_branch_labels.py
[2025-03-07T02:34:52.091+0000] {processor.py:914} INFO - Processing file /home/Ashreem/airflow-env/lib/python3.12/site-packages/airflow/example_dags/example_branch_labels.py for tasks to queue
[2025-03-07T02:34:52.093+0000] {logging_mixin.py:190} INFO - [2025-03-07T02:34:52.093+0000] {dagbag.py:588} INFO - Filling up the DagBag from /home/Ashreem/airflow-env/lib/python3.12/site-packages/airflow/example_dags/example_branch_labels.py
[2025-03-07T02:34:52.107+0000] {processor.py:925} INFO - DAG(s) 'example_branch_labels' retrieved from /home/Ashreem/airflow-env/lib/python3.12/site-packages/airflow/example_dags/example_branch_labels.py
[2025-03-07T02:34:52.129+0000] {logging_mixin.py:190} INFO - [2025-03-07T02:34:52.128+0000] {dag.py:3239} INFO - Sync 1 DAGs
[2025-03-07T02:34:52.153+0000] {logging_mixin.py:190} INFO - [2025-03-07T02:34:52.153+0000] {dag.py:4180} INFO - Setting next_dagrun for example_branch_labels to 2025-03-06 00:00:00+00:00, run_after=2025-03-07 00:00:00+00:00
[2025-03-07T02:34:52.187+0000] {processor.py:208} INFO - Processing /home/Ashreem/airflow-env/lib/python3.12/site-packages/airflow/example_dags/example_branch_labels.py took 0.106 seconds
[2025-03-07T02:35:56.941+0000] {processor.py:186} INFO - Started process (PID=46521) to work on /home/Ashreem/airflow-env/lib/python3.12/site-packages/airflow/example_dags/example_branch_labels.py
[2025-03-07T02:35:56.943+0000] {processor.py:914} INFO - Processing file /home/Ashreem/airflow-env/lib/python3.12/site-packages/airflow/example_dags/example_branch_labels.py for tasks to queue
[2025-03-07T02:35:56.946+0000] {logging_mixin.py:190} INFO - [2025-03-07T02:35:56.945+0000] {dagbag.py:588} INFO - Filling up the DagBag from /home/Ashreem/airflow-env/lib/python3.12/site-packages/airflow/example_dags/example_branch_labels.py
[2025-03-07T02:35:56.959+0000] {processor.py:925} INFO - DAG(s) 'example_branch_labels' retrieved from /home/Ashreem/airflow-env/lib/python3.12/site-packages/airflow/example_dags/example_branch_labels.py
[2025-03-07T02:35:56.979+0000] {logging_mixin.py:190} INFO - [2025-03-07T02:35:56.978+0000] {dag.py:3239} INFO - Sync 1 DAGs
[2025-03-07T02:35:57.025+0000] {logging_mixin.py:190} INFO - [2025-03-07T02:35:57.024+0000] {dag.py:4180} INFO - Setting next_dagrun for example_branch_labels to 2025-03-06 00:00:00+00:00, run_after=2025-03-07 00:00:00+00:00
[2025-03-07T02:35:57.060+0000] {processor.py:208} INFO - Processing /home/Ashreem/airflow-env/lib/python3.12/site-packages/airflow/example_dags/example_branch_labels.py took 0.126 seconds
[2025-03-07T02:37:05.560+0000] {processor.py:186} INFO - Started process (PID=46591) to work on /home/Ashreem/airflow-env/lib/python3.12/site-packages/airflow/example_dags/example_branch_labels.py
[2025-03-07T02:37:05.561+0000] {processor.py:914} INFO - Processing file /home/Ashreem/airflow-env/lib/python3.12/site-packages/airflow/example_dags/example_branch_labels.py for tasks to queue
[2025-03-07T02:37:05.564+0000] {logging_mixin.py:190} INFO - [2025-03-07T02:37:05.564+0000] {dagbag.py:588} INFO - Filling up the DagBag from /home/Ashreem/airflow-env/lib/python3.12/site-packages/airflow/example_dags/example_branch_labels.py
[2025-03-07T02:37:05.578+0000] {processor.py:925} INFO - DAG(s) 'example_branch_labels' retrieved from /home/Ashreem/airflow-env/lib/python3.12/site-packages/airflow/example_dags/example_branch_labels.py
[2025-03-07T02:37:05.598+0000] {logging_mixin.py:190} INFO - [2025-03-07T02:37:05.598+0000] {dag.py:3239} INFO - Sync 1 DAGs
[2025-03-07T02:37:05.624+0000] {logging_mixin.py:190} INFO - [2025-03-07T02:37:05.623+0000] {dag.py:4180} INFO - Setting next_dagrun for example_branch_labels to 2025-03-06 00:00:00+00:00, run_after=2025-03-07 00:00:00+00:00
[2025-03-07T02:37:05.664+0000] {processor.py:208} INFO - Processing /home/Ashreem/airflow-env/lib/python3.12/site-packages/airflow/example_dags/example_branch_labels.py took 0.112 seconds
[2025-03-07T02:38:07.305+0000] {processor.py:186} INFO - Started process (PID=46652) to work on /home/Ashreem/airflow-env/lib/python3.12/site-packages/airflow/example_dags/example_branch_labels.py
[2025-03-07T02:38:07.306+0000] {processor.py:914} INFO - Processing file /home/Ashreem/airflow-env/lib/python3.12/site-packages/airflow/example_dags/example_branch_labels.py for tasks to queue
[2025-03-07T02:38:07.309+0000] {logging_mixin.py:190} INFO - [2025-03-07T02:38:07.308+0000] {dagbag.py:588} INFO - Filling up the DagBag from /home/Ashreem/airflow-env/lib/python3.12/site-packages/airflow/example_dags/example_branch_labels.py
[2025-03-07T02:38:07.323+0000] {processor.py:925} INFO - DAG(s) 'example_branch_labels' retrieved from /home/Ashreem/airflow-env/lib/python3.12/site-packages/airflow/example_dags/example_branch_labels.py
[2025-03-07T02:38:07.346+0000] {logging_mixin.py:190} INFO - [2025-03-07T02:38:07.346+0000] {dag.py:3239} INFO - Sync 1 DAGs
[2025-03-07T02:38:07.373+0000] {logging_mixin.py:190} INFO - [2025-03-07T02:38:07.373+0000] {dag.py:4180} INFO - Setting next_dagrun for example_branch_labels to 2025-03-06 00:00:00+00:00, run_after=2025-03-07 00:00:00+00:00
[2025-03-07T02:38:07.409+0000] {processor.py:208} INFO - Processing /home/Ashreem/airflow-env/lib/python3.12/site-packages/airflow/example_dags/example_branch_labels.py took 0.112 seconds
[2025-03-07T02:39:10.674+0000] {processor.py:186} INFO - Started process (PID=46722) to work on /home/Ashreem/airflow-env/lib/python3.12/site-packages/airflow/example_dags/example_branch_labels.py
[2025-03-07T02:39:10.676+0000] {processor.py:914} INFO - Processing file /home/Ashreem/airflow-env/lib/python3.12/site-packages/airflow/example_dags/example_branch_labels.py for tasks to queue
[2025-03-07T02:39:10.679+0000] {logging_mixin.py:190} INFO - [2025-03-07T02:39:10.678+0000] {dagbag.py:588} INFO - Filling up the DagBag from /home/Ashreem/airflow-env/lib/python3.12/site-packages/airflow/example_dags/example_branch_labels.py
[2025-03-07T02:39:10.693+0000] {processor.py:925} INFO - DAG(s) 'example_branch_labels' retrieved from /home/Ashreem/airflow-env/lib/python3.12/site-packages/airflow/example_dags/example_branch_labels.py
[2025-03-07T02:39:10.714+0000] {logging_mixin.py:190} INFO - [2025-03-07T02:39:10.714+0000] {dag.py:3239} INFO - Sync 1 DAGs
[2025-03-07T02:39:10.744+0000] {logging_mixin.py:190} INFO - [2025-03-07T02:39:10.744+0000] {dag.py:4180} INFO - Setting next_dagrun for example_branch_labels to 2025-03-06 00:00:00+00:00, run_after=2025-03-07 00:00:00+00:00
[2025-03-07T02:39:10.778+0000] {processor.py:208} INFO - Processing /home/Ashreem/airflow-env/lib/python3.12/site-packages/airflow/example_dags/example_branch_labels.py took 0.111 seconds
[2025-03-07T02:40:13.931+0000] {processor.py:186} INFO - Started process (PID=46784) to work on /home/Ashreem/airflow-env/lib/python3.12/site-packages/airflow/example_dags/example_branch_labels.py
[2025-03-07T02:40:13.933+0000] {processor.py:914} INFO - Processing file /home/Ashreem/airflow-env/lib/python3.12/site-packages/airflow/example_dags/example_branch_labels.py for tasks to queue
[2025-03-07T02:40:13.936+0000] {logging_mixin.py:190} INFO - [2025-03-07T02:40:13.936+0000] {dagbag.py:588} INFO - Filling up the DagBag from /home/Ashreem/airflow-env/lib/python3.12/site-packages/airflow/example_dags/example_branch_labels.py
[2025-03-07T02:40:13.952+0000] {processor.py:925} INFO - DAG(s) 'example_branch_labels' retrieved from /home/Ashreem/airflow-env/lib/python3.12/site-packages/airflow/example_dags/example_branch_labels.py
[2025-03-07T02:40:13.974+0000] {logging_mixin.py:190} INFO - [2025-03-07T02:40:13.974+0000] {dag.py:3239} INFO - Sync 1 DAGs
[2025-03-07T02:40:14.001+0000] {logging_mixin.py:190} INFO - [2025-03-07T02:40:14.001+0000] {dag.py:4180} INFO - Setting next_dagrun for example_branch_labels to 2025-03-06 00:00:00+00:00, run_after=2025-03-07 00:00:00+00:00
[2025-03-07T02:40:14.044+0000] {processor.py:208} INFO - Processing /home/Ashreem/airflow-env/lib/python3.12/site-packages/airflow/example_dags/example_branch_labels.py took 0.122 seconds
[2025-03-07T02:41:17.400+0000] {processor.py:186} INFO - Started process (PID=46850) to work on /home/Ashreem/airflow-env/lib/python3.12/site-packages/airflow/example_dags/example_branch_labels.py
[2025-03-07T02:41:17.402+0000] {processor.py:914} INFO - Processing file /home/Ashreem/airflow-env/lib/python3.12/site-packages/airflow/example_dags/example_branch_labels.py for tasks to queue
[2025-03-07T02:41:17.405+0000] {logging_mixin.py:190} INFO - [2025-03-07T02:41:17.405+0000] {dagbag.py:588} INFO - Filling up the DagBag from /home/Ashreem/airflow-env/lib/python3.12/site-packages/airflow/example_dags/example_branch_labels.py
[2025-03-07T02:41:17.418+0000] {processor.py:925} INFO - DAG(s) 'example_branch_labels' retrieved from /home/Ashreem/airflow-env/lib/python3.12/site-packages/airflow/example_dags/example_branch_labels.py
[2025-03-07T02:41:17.441+0000] {logging_mixin.py:190} INFO - [2025-03-07T02:41:17.441+0000] {dag.py:3239} INFO - Sync 1 DAGs
[2025-03-07T02:41:17.471+0000] {logging_mixin.py:190} INFO - [2025-03-07T02:41:17.470+0000] {dag.py:4180} INFO - Setting next_dagrun for example_branch_labels to 2025-03-06 00:00:00+00:00, run_after=2025-03-07 00:00:00+00:00
[2025-03-07T02:41:17.504+0000] {processor.py:208} INFO - Processing /home/Ashreem/airflow-env/lib/python3.12/site-packages/airflow/example_dags/example_branch_labels.py took 0.112 seconds
[2025-03-07T02:42:20.184+0000] {processor.py:186} INFO - Started process (PID=46911) to work on /home/Ashreem/airflow-env/lib/python3.12/site-packages/airflow/example_dags/example_branch_labels.py
[2025-03-07T02:42:20.185+0000] {processor.py:914} INFO - Processing file /home/Ashreem/airflow-env/lib/python3.12/site-packages/airflow/example_dags/example_branch_labels.py for tasks to queue
[2025-03-07T02:42:20.188+0000] {logging_mixin.py:190} INFO - [2025-03-07T02:42:20.188+0000] {dagbag.py:588} INFO - Filling up the DagBag from /home/Ashreem/airflow-env/lib/python3.12/site-packages/airflow/example_dags/example_branch_labels.py
[2025-03-07T02:42:20.203+0000] {processor.py:925} INFO - DAG(s) 'example_branch_labels' retrieved from /home/Ashreem/airflow-env/lib/python3.12/site-packages/airflow/example_dags/example_branch_labels.py
[2025-03-07T02:42:20.224+0000] {logging_mixin.py:190} INFO - [2025-03-07T02:42:20.224+0000] {dag.py:3239} INFO - Sync 1 DAGs
[2025-03-07T02:42:20.254+0000] {logging_mixin.py:190} INFO - [2025-03-07T02:42:20.253+0000] {dag.py:4180} INFO - Setting next_dagrun for example_branch_labels to 2025-03-06 00:00:00+00:00, run_after=2025-03-07 00:00:00+00:00
[2025-03-07T02:42:20.298+0000] {processor.py:208} INFO - Processing /home/Ashreem/airflow-env/lib/python3.12/site-packages/airflow/example_dags/example_branch_labels.py took 0.122 seconds
[2025-03-07T02:43:25.003+0000] {processor.py:186} INFO - Started process (PID=46984) to work on /home/Ashreem/airflow-env/lib/python3.12/site-packages/airflow/example_dags/example_branch_labels.py
[2025-03-07T02:43:25.005+0000] {processor.py:914} INFO - Processing file /home/Ashreem/airflow-env/lib/python3.12/site-packages/airflow/example_dags/example_branch_labels.py for tasks to queue
[2025-03-07T02:43:25.008+0000] {logging_mixin.py:190} INFO - [2025-03-07T02:43:25.008+0000] {dagbag.py:588} INFO - Filling up the DagBag from /home/Ashreem/airflow-env/lib/python3.12/site-packages/airflow/example_dags/example_branch_labels.py
[2025-03-07T02:43:25.022+0000] {processor.py:925} INFO - DAG(s) 'example_branch_labels' retrieved from /home/Ashreem/airflow-env/lib/python3.12/site-packages/airflow/example_dags/example_branch_labels.py
[2025-03-07T02:43:25.044+0000] {logging_mixin.py:190} INFO - [2025-03-07T02:43:25.043+0000] {dag.py:3239} INFO - Sync 1 DAGs
[2025-03-07T02:43:25.080+0000] {logging_mixin.py:190} INFO - [2025-03-07T02:43:25.079+0000] {dag.py:4180} INFO - Setting next_dagrun for example_branch_labels to 2025-03-06 00:00:00+00:00, run_after=2025-03-07 00:00:00+00:00
[2025-03-07T02:43:25.122+0000] {processor.py:208} INFO - Processing /home/Ashreem/airflow-env/lib/python3.12/site-packages/airflow/example_dags/example_branch_labels.py took 0.127 seconds
[2025-03-07T02:44:27.961+0000] {processor.py:186} INFO - Started process (PID=47051) to work on /home/Ashreem/airflow-env/lib/python3.12/site-packages/airflow/example_dags/example_branch_labels.py
[2025-03-07T02:44:27.963+0000] {processor.py:914} INFO - Processing file /home/Ashreem/airflow-env/lib/python3.12/site-packages/airflow/example_dags/example_branch_labels.py for tasks to queue
[2025-03-07T02:44:27.966+0000] {logging_mixin.py:190} INFO - [2025-03-07T02:44:27.966+0000] {dagbag.py:588} INFO - Filling up the DagBag from /home/Ashreem/airflow-env/lib/python3.12/site-packages/airflow/example_dags/example_branch_labels.py
[2025-03-07T02:44:27.982+0000] {processor.py:925} INFO - DAG(s) 'example_branch_labels' retrieved from /home/Ashreem/airflow-env/lib/python3.12/site-packages/airflow/example_dags/example_branch_labels.py
[2025-03-07T02:44:28.005+0000] {logging_mixin.py:190} INFO - [2025-03-07T02:44:28.004+0000] {dag.py:3239} INFO - Sync 1 DAGs
[2025-03-07T02:44:28.030+0000] {logging_mixin.py:190} INFO - [2025-03-07T02:44:28.029+0000] {dag.py:4180} INFO - Setting next_dagrun for example_branch_labels to 2025-03-06 00:00:00+00:00, run_after=2025-03-07 00:00:00+00:00
[2025-03-07T02:44:28.067+0000] {processor.py:208} INFO - Processing /home/Ashreem/airflow-env/lib/python3.12/site-packages/airflow/example_dags/example_branch_labels.py took 0.116 seconds
[2025-03-07T02:45:31.359+0000] {processor.py:186} INFO - Started process (PID=47131) to work on /home/Ashreem/airflow-env/lib/python3.12/site-packages/airflow/example_dags/example_branch_labels.py
[2025-03-07T02:45:31.360+0000] {processor.py:914} INFO - Processing file /home/Ashreem/airflow-env/lib/python3.12/site-packages/airflow/example_dags/example_branch_labels.py for tasks to queue
[2025-03-07T02:45:31.363+0000] {logging_mixin.py:190} INFO - [2025-03-07T02:45:31.363+0000] {dagbag.py:588} INFO - Filling up the DagBag from /home/Ashreem/airflow-env/lib/python3.12/site-packages/airflow/example_dags/example_branch_labels.py
[2025-03-07T02:45:31.377+0000] {processor.py:925} INFO - DAG(s) 'example_branch_labels' retrieved from /home/Ashreem/airflow-env/lib/python3.12/site-packages/airflow/example_dags/example_branch_labels.py
[2025-03-07T02:45:31.398+0000] {logging_mixin.py:190} INFO - [2025-03-07T02:45:31.397+0000] {dag.py:3239} INFO - Sync 1 DAGs
[2025-03-07T02:45:31.425+0000] {logging_mixin.py:190} INFO - [2025-03-07T02:45:31.425+0000] {dag.py:4180} INFO - Setting next_dagrun for example_branch_labels to 2025-03-06 00:00:00+00:00, run_after=2025-03-07 00:00:00+00:00
[2025-03-07T02:45:31.474+0000] {processor.py:208} INFO - Processing /home/Ashreem/airflow-env/lib/python3.12/site-packages/airflow/example_dags/example_branch_labels.py took 0.125 seconds
[2025-03-07T02:46:34.397+0000] {processor.py:186} INFO - Started process (PID=47197) to work on /home/Ashreem/airflow-env/lib/python3.12/site-packages/airflow/example_dags/example_branch_labels.py
[2025-03-07T02:46:34.398+0000] {processor.py:914} INFO - Processing file /home/Ashreem/airflow-env/lib/python3.12/site-packages/airflow/example_dags/example_branch_labels.py for tasks to queue
[2025-03-07T02:46:34.401+0000] {logging_mixin.py:190} INFO - [2025-03-07T02:46:34.401+0000] {dagbag.py:588} INFO - Filling up the DagBag from /home/Ashreem/airflow-env/lib/python3.12/site-packages/airflow/example_dags/example_branch_labels.py
[2025-03-07T02:46:34.416+0000] {processor.py:925} INFO - DAG(s) 'example_branch_labels' retrieved from /home/Ashreem/airflow-env/lib/python3.12/site-packages/airflow/example_dags/example_branch_labels.py
[2025-03-07T02:46:34.437+0000] {logging_mixin.py:190} INFO - [2025-03-07T02:46:34.436+0000] {dag.py:3239} INFO - Sync 1 DAGs
[2025-03-07T02:46:34.464+0000] {logging_mixin.py:190} INFO - [2025-03-07T02:46:34.464+0000] {dag.py:4180} INFO - Setting next_dagrun for example_branch_labels to 2025-03-06 00:00:00+00:00, run_after=2025-03-07 00:00:00+00:00
[2025-03-07T02:46:34.535+0000] {processor.py:208} INFO - Processing /home/Ashreem/airflow-env/lib/python3.12/site-packages/airflow/example_dags/example_branch_labels.py took 0.156 seconds
[2025-03-07T02:47:37.691+0000] {processor.py:186} INFO - Started process (PID=47258) to work on /home/Ashreem/airflow-env/lib/python3.12/site-packages/airflow/example_dags/example_branch_labels.py
[2025-03-07T02:47:37.693+0000] {processor.py:914} INFO - Processing file /home/Ashreem/airflow-env/lib/python3.12/site-packages/airflow/example_dags/example_branch_labels.py for tasks to queue
[2025-03-07T02:47:37.696+0000] {logging_mixin.py:190} INFO - [2025-03-07T02:47:37.695+0000] {dagbag.py:588} INFO - Filling up the DagBag from /home/Ashreem/airflow-env/lib/python3.12/site-packages/airflow/example_dags/example_branch_labels.py
[2025-03-07T02:47:37.710+0000] {processor.py:925} INFO - DAG(s) 'example_branch_labels' retrieved from /home/Ashreem/airflow-env/lib/python3.12/site-packages/airflow/example_dags/example_branch_labels.py
[2025-03-07T02:47:37.733+0000] {logging_mixin.py:190} INFO - [2025-03-07T02:47:37.733+0000] {dag.py:3239} INFO - Sync 1 DAGs
[2025-03-07T02:47:37.765+0000] {logging_mixin.py:190} INFO - [2025-03-07T02:47:37.764+0000] {dag.py:4180} INFO - Setting next_dagrun for example_branch_labels to 2025-03-06 00:00:00+00:00, run_after=2025-03-07 00:00:00+00:00
[2025-03-07T02:47:37.801+0000] {processor.py:208} INFO - Processing /home/Ashreem/airflow-env/lib/python3.12/site-packages/airflow/example_dags/example_branch_labels.py took 0.118 seconds
[2025-03-07T02:48:48.053+0000] {processor.py:186} INFO - Started process (PID=47338) to work on /home/Ashreem/airflow-env/lib/python3.12/site-packages/airflow/example_dags/example_branch_labels.py
[2025-03-07T02:48:48.057+0000] {processor.py:914} INFO - Processing file /home/Ashreem/airflow-env/lib/python3.12/site-packages/airflow/example_dags/example_branch_labels.py for tasks to queue
[2025-03-07T02:48:48.060+0000] {logging_mixin.py:190} INFO - [2025-03-07T02:48:48.060+0000] {dagbag.py:588} INFO - Filling up the DagBag from /home/Ashreem/airflow-env/lib/python3.12/site-packages/airflow/example_dags/example_branch_labels.py
[2025-03-07T02:48:48.074+0000] {processor.py:925} INFO - DAG(s) 'example_branch_labels' retrieved from /home/Ashreem/airflow-env/lib/python3.12/site-packages/airflow/example_dags/example_branch_labels.py
[2025-03-07T02:48:48.096+0000] {logging_mixin.py:190} INFO - [2025-03-07T02:48:48.095+0000] {dag.py:3239} INFO - Sync 1 DAGs
[2025-03-07T02:48:48.121+0000] {logging_mixin.py:190} INFO - [2025-03-07T02:48:48.121+0000] {dag.py:4180} INFO - Setting next_dagrun for example_branch_labels to 2025-03-06 00:00:00+00:00, run_after=2025-03-07 00:00:00+00:00
[2025-03-07T02:48:48.160+0000] {processor.py:208} INFO - Processing /home/Ashreem/airflow-env/lib/python3.12/site-packages/airflow/example_dags/example_branch_labels.py took 0.114 seconds
[2025-03-07T02:49:52.579+0000] {processor.py:186} INFO - Started process (PID=47410) to work on /home/Ashreem/airflow-env/lib/python3.12/site-packages/airflow/example_dags/example_branch_labels.py
[2025-03-07T02:49:52.581+0000] {processor.py:914} INFO - Processing file /home/Ashreem/airflow-env/lib/python3.12/site-packages/airflow/example_dags/example_branch_labels.py for tasks to queue
[2025-03-07T02:49:52.583+0000] {logging_mixin.py:190} INFO - [2025-03-07T02:49:52.583+0000] {dagbag.py:588} INFO - Filling up the DagBag from /home/Ashreem/airflow-env/lib/python3.12/site-packages/airflow/example_dags/example_branch_labels.py
[2025-03-07T02:49:52.597+0000] {processor.py:925} INFO - DAG(s) 'example_branch_labels' retrieved from /home/Ashreem/airflow-env/lib/python3.12/site-packages/airflow/example_dags/example_branch_labels.py
[2025-03-07T02:49:52.622+0000] {logging_mixin.py:190} INFO - [2025-03-07T02:49:52.622+0000] {dag.py:3239} INFO - Sync 1 DAGs
[2025-03-07T02:49:52.647+0000] {logging_mixin.py:190} INFO - [2025-03-07T02:49:52.647+0000] {dag.py:4180} INFO - Setting next_dagrun for example_branch_labels to 2025-03-06 00:00:00+00:00, run_after=2025-03-07 00:00:00+00:00
[2025-03-07T02:49:52.687+0000] {processor.py:208} INFO - Processing /home/Ashreem/airflow-env/lib/python3.12/site-packages/airflow/example_dags/example_branch_labels.py took 0.118 seconds
[2025-03-07T02:50:56.895+0000] {processor.py:186} INFO - Started process (PID=47479) to work on /home/Ashreem/airflow-env/lib/python3.12/site-packages/airflow/example_dags/example_branch_labels.py
[2025-03-07T02:50:56.897+0000] {processor.py:914} INFO - Processing file /home/Ashreem/airflow-env/lib/python3.12/site-packages/airflow/example_dags/example_branch_labels.py for tasks to queue
[2025-03-07T02:50:56.899+0000] {logging_mixin.py:190} INFO - [2025-03-07T02:50:56.899+0000] {dagbag.py:588} INFO - Filling up the DagBag from /home/Ashreem/airflow-env/lib/python3.12/site-packages/airflow/example_dags/example_branch_labels.py
[2025-03-07T02:50:56.912+0000] {processor.py:925} INFO - DAG(s) 'example_branch_labels' retrieved from /home/Ashreem/airflow-env/lib/python3.12/site-packages/airflow/example_dags/example_branch_labels.py
[2025-03-07T02:50:56.932+0000] {logging_mixin.py:190} INFO - [2025-03-07T02:50:56.932+0000] {dag.py:3239} INFO - Sync 1 DAGs
[2025-03-07T02:50:56.956+0000] {logging_mixin.py:190} INFO - [2025-03-07T02:50:56.956+0000] {dag.py:4180} INFO - Setting next_dagrun for example_branch_labels to 2025-03-06 00:00:00+00:00, run_after=2025-03-07 00:00:00+00:00
[2025-03-07T02:50:56.992+0000] {processor.py:208} INFO - Processing /home/Ashreem/airflow-env/lib/python3.12/site-packages/airflow/example_dags/example_branch_labels.py took 0.105 seconds
[2025-03-07T02:52:00.074+0000] {processor.py:186} INFO - Started process (PID=47540) to work on /home/Ashreem/airflow-env/lib/python3.12/site-packages/airflow/example_dags/example_branch_labels.py
[2025-03-07T02:52:00.076+0000] {processor.py:914} INFO - Processing file /home/Ashreem/airflow-env/lib/python3.12/site-packages/airflow/example_dags/example_branch_labels.py for tasks to queue
[2025-03-07T02:52:00.079+0000] {logging_mixin.py:190} INFO - [2025-03-07T02:52:00.078+0000] {dagbag.py:588} INFO - Filling up the DagBag from /home/Ashreem/airflow-env/lib/python3.12/site-packages/airflow/example_dags/example_branch_labels.py
[2025-03-07T02:52:00.092+0000] {processor.py:925} INFO - DAG(s) 'example_branch_labels' retrieved from /home/Ashreem/airflow-env/lib/python3.12/site-packages/airflow/example_dags/example_branch_labels.py
[2025-03-07T02:52:00.117+0000] {logging_mixin.py:190} INFO - [2025-03-07T02:52:00.117+0000] {dag.py:3239} INFO - Sync 1 DAGs
[2025-03-07T02:52:00.147+0000] {logging_mixin.py:190} INFO - [2025-03-07T02:52:00.146+0000] {dag.py:4180} INFO - Setting next_dagrun for example_branch_labels to 2025-03-06 00:00:00+00:00, run_after=2025-03-07 00:00:00+00:00
[2025-03-07T02:52:00.185+0000] {processor.py:208} INFO - Processing /home/Ashreem/airflow-env/lib/python3.12/site-packages/airflow/example_dags/example_branch_labels.py took 0.116 seconds
[2025-03-07T02:53:05.435+0000] {processor.py:186} INFO - Started process (PID=47609) to work on /home/Ashreem/airflow-env/lib/python3.12/site-packages/airflow/example_dags/example_branch_labels.py
[2025-03-07T02:53:05.437+0000] {processor.py:914} INFO - Processing file /home/Ashreem/airflow-env/lib/python3.12/site-packages/airflow/example_dags/example_branch_labels.py for tasks to queue
[2025-03-07T02:53:05.439+0000] {logging_mixin.py:190} INFO - [2025-03-07T02:53:05.439+0000] {dagbag.py:588} INFO - Filling up the DagBag from /home/Ashreem/airflow-env/lib/python3.12/site-packages/airflow/example_dags/example_branch_labels.py
[2025-03-07T02:53:05.456+0000] {processor.py:925} INFO - DAG(s) 'example_branch_labels' retrieved from /home/Ashreem/airflow-env/lib/python3.12/site-packages/airflow/example_dags/example_branch_labels.py
[2025-03-07T02:53:05.481+0000] {logging_mixin.py:190} INFO - [2025-03-07T02:53:05.481+0000] {dag.py:3239} INFO - Sync 1 DAGs
[2025-03-07T02:53:05.507+0000] {logging_mixin.py:190} INFO - [2025-03-07T02:53:05.507+0000] {dag.py:4180} INFO - Setting next_dagrun for example_branch_labels to 2025-03-06 00:00:00+00:00, run_after=2025-03-07 00:00:00+00:00
[2025-03-07T02:53:05.546+0000] {processor.py:208} INFO - Processing /home/Ashreem/airflow-env/lib/python3.12/site-packages/airflow/example_dags/example_branch_labels.py took 0.118 seconds
[2025-03-07T02:54:07.325+0000] {processor.py:186} INFO - Started process (PID=47674) to work on /home/Ashreem/airflow-env/lib/python3.12/site-packages/airflow/example_dags/example_branch_labels.py
[2025-03-07T02:54:07.327+0000] {processor.py:914} INFO - Processing file /home/Ashreem/airflow-env/lib/python3.12/site-packages/airflow/example_dags/example_branch_labels.py for tasks to queue
[2025-03-07T02:54:07.330+0000] {logging_mixin.py:190} INFO - [2025-03-07T02:54:07.329+0000] {dagbag.py:588} INFO - Filling up the DagBag from /home/Ashreem/airflow-env/lib/python3.12/site-packages/airflow/example_dags/example_branch_labels.py
[2025-03-07T02:54:07.342+0000] {processor.py:925} INFO - DAG(s) 'example_branch_labels' retrieved from /home/Ashreem/airflow-env/lib/python3.12/site-packages/airflow/example_dags/example_branch_labels.py
[2025-03-07T02:54:07.362+0000] {logging_mixin.py:190} INFO - [2025-03-07T02:54:07.362+0000] {dag.py:3239} INFO - Sync 1 DAGs
[2025-03-07T02:54:07.392+0000] {logging_mixin.py:190} INFO - [2025-03-07T02:54:07.392+0000] {dag.py:4180} INFO - Setting next_dagrun for example_branch_labels to 2025-03-06 00:00:00+00:00, run_after=2025-03-07 00:00:00+00:00
[2025-03-07T02:54:07.430+0000] {processor.py:208} INFO - Processing /home/Ashreem/airflow-env/lib/python3.12/site-packages/airflow/example_dags/example_branch_labels.py took 0.112 seconds
[2025-03-07T02:55:08.362+0000] {processor.py:186} INFO - Started process (PID=47741) to work on /home/Ashreem/airflow-env/lib/python3.12/site-packages/airflow/example_dags/example_branch_labels.py
[2025-03-07T02:55:08.363+0000] {processor.py:914} INFO - Processing file /home/Ashreem/airflow-env/lib/python3.12/site-packages/airflow/example_dags/example_branch_labels.py for tasks to queue
[2025-03-07T02:55:08.366+0000] {logging_mixin.py:190} INFO - [2025-03-07T02:55:08.365+0000] {dagbag.py:588} INFO - Filling up the DagBag from /home/Ashreem/airflow-env/lib/python3.12/site-packages/airflow/example_dags/example_branch_labels.py
[2025-03-07T02:55:08.382+0000] {processor.py:925} INFO - DAG(s) 'example_branch_labels' retrieved from /home/Ashreem/airflow-env/lib/python3.12/site-packages/airflow/example_dags/example_branch_labels.py
[2025-03-07T02:55:08.407+0000] {logging_mixin.py:190} INFO - [2025-03-07T02:55:08.407+0000] {dag.py:3239} INFO - Sync 1 DAGs
[2025-03-07T02:55:08.436+0000] {logging_mixin.py:190} INFO - [2025-03-07T02:55:08.435+0000] {dag.py:4180} INFO - Setting next_dagrun for example_branch_labels to 2025-03-06 00:00:00+00:00, run_after=2025-03-07 00:00:00+00:00
[2025-03-07T02:55:08.477+0000] {processor.py:208} INFO - Processing /home/Ashreem/airflow-env/lib/python3.12/site-packages/airflow/example_dags/example_branch_labels.py took 0.123 seconds
[2025-03-07T02:56:12.780+0000] {processor.py:186} INFO - Started process (PID=47895) to work on /home/Ashreem/airflow-env/lib/python3.12/site-packages/airflow/example_dags/example_branch_labels.py
[2025-03-07T02:56:12.782+0000] {processor.py:914} INFO - Processing file /home/Ashreem/airflow-env/lib/python3.12/site-packages/airflow/example_dags/example_branch_labels.py for tasks to queue
[2025-03-07T02:56:12.786+0000] {logging_mixin.py:190} INFO - [2025-03-07T02:56:12.784+0000] {dagbag.py:588} INFO - Filling up the DagBag from /home/Ashreem/airflow-env/lib/python3.12/site-packages/airflow/example_dags/example_branch_labels.py
[2025-03-07T02:56:12.800+0000] {processor.py:925} INFO - DAG(s) 'example_branch_labels' retrieved from /home/Ashreem/airflow-env/lib/python3.12/site-packages/airflow/example_dags/example_branch_labels.py
[2025-03-07T02:56:12.831+0000] {logging_mixin.py:190} INFO - [2025-03-07T02:56:12.831+0000] {dag.py:3239} INFO - Sync 1 DAGs
[2025-03-07T02:56:12.859+0000] {logging_mixin.py:190} INFO - [2025-03-07T02:56:12.859+0000] {dag.py:4180} INFO - Setting next_dagrun for example_branch_labels to 2025-03-06 00:00:00+00:00, run_after=2025-03-07 00:00:00+00:00
[2025-03-07T02:56:12.901+0000] {processor.py:208} INFO - Processing /home/Ashreem/airflow-env/lib/python3.12/site-packages/airflow/example_dags/example_branch_labels.py took 0.128 seconds
[2025-03-07T02:57:10.421+0000] {processor.py:186} INFO - Started process (PID=48004) to work on /home/Ashreem/airflow-env/lib/python3.12/site-packages/airflow/example_dags/example_branch_labels.py
[2025-03-07T02:57:10.423+0000] {processor.py:914} INFO - Processing file /home/Ashreem/airflow-env/lib/python3.12/site-packages/airflow/example_dags/example_branch_labels.py for tasks to queue
[2025-03-07T02:57:10.426+0000] {logging_mixin.py:190} INFO - [2025-03-07T02:57:10.425+0000] {dagbag.py:588} INFO - Filling up the DagBag from /home/Ashreem/airflow-env/lib/python3.12/site-packages/airflow/example_dags/example_branch_labels.py
[2025-03-07T02:57:10.439+0000] {processor.py:925} INFO - DAG(s) 'example_branch_labels' retrieved from /home/Ashreem/airflow-env/lib/python3.12/site-packages/airflow/example_dags/example_branch_labels.py
[2025-03-07T02:57:10.461+0000] {logging_mixin.py:190} INFO - [2025-03-07T02:57:10.461+0000] {dag.py:3239} INFO - Sync 1 DAGs
[2025-03-07T02:57:10.486+0000] {logging_mixin.py:190} INFO - [2025-03-07T02:57:10.486+0000] {dag.py:4180} INFO - Setting next_dagrun for example_branch_labels to 2025-03-06 00:00:00+00:00, run_after=2025-03-07 00:00:00+00:00
[2025-03-07T02:57:10.525+0000] {processor.py:208} INFO - Processing /home/Ashreem/airflow-env/lib/python3.12/site-packages/airflow/example_dags/example_branch_labels.py took 0.111 seconds
[2025-03-07T02:57:18.310+0000] {processor.py:186} INFO - Started process (PID=48017) to work on /home/Ashreem/airflow-env/lib/python3.12/site-packages/airflow/example_dags/example_branch_labels.py
[2025-03-07T02:57:18.311+0000] {processor.py:914} INFO - Processing file /home/Ashreem/airflow-env/lib/python3.12/site-packages/airflow/example_dags/example_branch_labels.py for tasks to queue
[2025-03-07T02:57:18.314+0000] {logging_mixin.py:190} INFO - [2025-03-07T02:57:18.314+0000] {dagbag.py:588} INFO - Filling up the DagBag from /home/Ashreem/airflow-env/lib/python3.12/site-packages/airflow/example_dags/example_branch_labels.py
[2025-03-07T02:57:18.328+0000] {processor.py:925} INFO - DAG(s) 'example_branch_labels' retrieved from /home/Ashreem/airflow-env/lib/python3.12/site-packages/airflow/example_dags/example_branch_labels.py
[2025-03-07T02:57:18.351+0000] {logging_mixin.py:190} INFO - [2025-03-07T02:57:18.351+0000] {dag.py:3239} INFO - Sync 1 DAGs
[2025-03-07T02:57:18.382+0000] {logging_mixin.py:190} INFO - [2025-03-07T02:57:18.382+0000] {dag.py:4180} INFO - Setting next_dagrun for example_branch_labels to 2025-03-06 00:00:00+00:00, run_after=2025-03-07 00:00:00+00:00
[2025-03-07T02:57:18.424+0000] {processor.py:208} INFO - Processing /home/Ashreem/airflow-env/lib/python3.12/site-packages/airflow/example_dags/example_branch_labels.py took 0.123 seconds
[2025-03-07T02:58:21.385+0000] {processor.py:186} INFO - Started process (PID=48088) to work on /home/Ashreem/airflow-env/lib/python3.12/site-packages/airflow/example_dags/example_branch_labels.py
[2025-03-07T02:58:21.387+0000] {processor.py:914} INFO - Processing file /home/Ashreem/airflow-env/lib/python3.12/site-packages/airflow/example_dags/example_branch_labels.py for tasks to queue
[2025-03-07T02:58:21.390+0000] {logging_mixin.py:190} INFO - [2025-03-07T02:58:21.389+0000] {dagbag.py:588} INFO - Filling up the DagBag from /home/Ashreem/airflow-env/lib/python3.12/site-packages/airflow/example_dags/example_branch_labels.py
[2025-03-07T02:58:21.405+0000] {processor.py:925} INFO - DAG(s) 'example_branch_labels' retrieved from /home/Ashreem/airflow-env/lib/python3.12/site-packages/airflow/example_dags/example_branch_labels.py
[2025-03-07T02:58:21.429+0000] {logging_mixin.py:190} INFO - [2025-03-07T02:58:21.429+0000] {dag.py:3239} INFO - Sync 1 DAGs
[2025-03-07T02:58:21.466+0000] {logging_mixin.py:190} INFO - [2025-03-07T02:58:21.465+0000] {dag.py:4180} INFO - Setting next_dagrun for example_branch_labels to 2025-03-06 00:00:00+00:00, run_after=2025-03-07 00:00:00+00:00
[2025-03-07T02:58:21.505+0000] {processor.py:208} INFO - Processing /home/Ashreem/airflow-env/lib/python3.12/site-packages/airflow/example_dags/example_branch_labels.py took 0.129 seconds
[2025-03-07T02:59:28.848+0000] {processor.py:186} INFO - Started process (PID=48205) to work on /home/Ashreem/airflow-env/lib/python3.12/site-packages/airflow/example_dags/example_branch_labels.py
[2025-03-07T02:59:28.850+0000] {processor.py:914} INFO - Processing file /home/Ashreem/airflow-env/lib/python3.12/site-packages/airflow/example_dags/example_branch_labels.py for tasks to queue
[2025-03-07T02:59:28.852+0000] {logging_mixin.py:190} INFO - [2025-03-07T02:59:28.852+0000] {dagbag.py:588} INFO - Filling up the DagBag from /home/Ashreem/airflow-env/lib/python3.12/site-packages/airflow/example_dags/example_branch_labels.py
[2025-03-07T02:59:28.865+0000] {processor.py:925} INFO - DAG(s) 'example_branch_labels' retrieved from /home/Ashreem/airflow-env/lib/python3.12/site-packages/airflow/example_dags/example_branch_labels.py
[2025-03-07T02:59:28.885+0000] {logging_mixin.py:190} INFO - [2025-03-07T02:59:28.885+0000] {dag.py:3239} INFO - Sync 1 DAGs
[2025-03-07T02:59:28.916+0000] {logging_mixin.py:190} INFO - [2025-03-07T02:59:28.916+0000] {dag.py:4180} INFO - Setting next_dagrun for example_branch_labels to 2025-03-06 00:00:00+00:00, run_after=2025-03-07 00:00:00+00:00
[2025-03-07T02:59:28.950+0000] {processor.py:208} INFO - Processing /home/Ashreem/airflow-env/lib/python3.12/site-packages/airflow/example_dags/example_branch_labels.py took 0.109 seconds
[2025-03-07T03:00:36.148+0000] {processor.py:186} INFO - Started process (PID=48317) to work on /home/Ashreem/airflow-env/lib/python3.12/site-packages/airflow/example_dags/example_branch_labels.py
[2025-03-07T03:00:36.149+0000] {processor.py:914} INFO - Processing file /home/Ashreem/airflow-env/lib/python3.12/site-packages/airflow/example_dags/example_branch_labels.py for tasks to queue
[2025-03-07T03:00:36.152+0000] {logging_mixin.py:190} INFO - [2025-03-07T03:00:36.151+0000] {dagbag.py:588} INFO - Filling up the DagBag from /home/Ashreem/airflow-env/lib/python3.12/site-packages/airflow/example_dags/example_branch_labels.py
[2025-03-07T03:00:36.165+0000] {processor.py:925} INFO - DAG(s) 'example_branch_labels' retrieved from /home/Ashreem/airflow-env/lib/python3.12/site-packages/airflow/example_dags/example_branch_labels.py
[2025-03-07T03:00:36.186+0000] {logging_mixin.py:190} INFO - [2025-03-07T03:00:36.186+0000] {dag.py:3239} INFO - Sync 1 DAGs
[2025-03-07T03:00:36.216+0000] {logging_mixin.py:190} INFO - [2025-03-07T03:00:36.216+0000] {dag.py:4180} INFO - Setting next_dagrun for example_branch_labels to 2025-03-06 00:00:00+00:00, run_after=2025-03-07 00:00:00+00:00
[2025-03-07T03:00:36.261+0000] {processor.py:208} INFO - Processing /home/Ashreem/airflow-env/lib/python3.12/site-packages/airflow/example_dags/example_branch_labels.py took 0.120 seconds
[2025-03-07T03:01:38.559+0000] {processor.py:186} INFO - Started process (PID=48389) to work on /home/Ashreem/airflow-env/lib/python3.12/site-packages/airflow/example_dags/example_branch_labels.py
[2025-03-07T03:01:38.560+0000] {processor.py:914} INFO - Processing file /home/Ashreem/airflow-env/lib/python3.12/site-packages/airflow/example_dags/example_branch_labels.py for tasks to queue
[2025-03-07T03:01:38.563+0000] {logging_mixin.py:190} INFO - [2025-03-07T03:01:38.563+0000] {dagbag.py:588} INFO - Filling up the DagBag from /home/Ashreem/airflow-env/lib/python3.12/site-packages/airflow/example_dags/example_branch_labels.py
[2025-03-07T03:01:38.577+0000] {processor.py:925} INFO - DAG(s) 'example_branch_labels' retrieved from /home/Ashreem/airflow-env/lib/python3.12/site-packages/airflow/example_dags/example_branch_labels.py
[2025-03-07T03:01:38.597+0000] {logging_mixin.py:190} INFO - [2025-03-07T03:01:38.597+0000] {dag.py:3239} INFO - Sync 1 DAGs
[2025-03-07T03:01:38.627+0000] {logging_mixin.py:190} INFO - [2025-03-07T03:01:38.626+0000] {dag.py:4180} INFO - Setting next_dagrun for example_branch_labels to 2025-03-06 00:00:00+00:00, run_after=2025-03-07 00:00:00+00:00
[2025-03-07T03:01:38.664+0000] {processor.py:208} INFO - Processing /home/Ashreem/airflow-env/lib/python3.12/site-packages/airflow/example_dags/example_branch_labels.py took 0.113 seconds
[2025-03-07T03:02:41.900+0000] {processor.py:186} INFO - Started process (PID=48522) to work on /home/Ashreem/airflow-env/lib/python3.12/site-packages/airflow/example_dags/example_branch_labels.py
[2025-03-07T03:02:41.902+0000] {processor.py:914} INFO - Processing file /home/Ashreem/airflow-env/lib/python3.12/site-packages/airflow/example_dags/example_branch_labels.py for tasks to queue
[2025-03-07T03:02:41.905+0000] {logging_mixin.py:190} INFO - [2025-03-07T03:02:41.904+0000] {dagbag.py:588} INFO - Filling up the DagBag from /home/Ashreem/airflow-env/lib/python3.12/site-packages/airflow/example_dags/example_branch_labels.py
[2025-03-07T03:02:41.919+0000] {processor.py:925} INFO - DAG(s) 'example_branch_labels' retrieved from /home/Ashreem/airflow-env/lib/python3.12/site-packages/airflow/example_dags/example_branch_labels.py
[2025-03-07T03:02:41.940+0000] {logging_mixin.py:190} INFO - [2025-03-07T03:02:41.940+0000] {dag.py:3239} INFO - Sync 1 DAGs
[2025-03-07T03:02:41.966+0000] {logging_mixin.py:190} INFO - [2025-03-07T03:02:41.966+0000] {dag.py:4180} INFO - Setting next_dagrun for example_branch_labels to 2025-03-06 00:00:00+00:00, run_after=2025-03-07 00:00:00+00:00
[2025-03-07T03:02:42.002+0000] {processor.py:208} INFO - Processing /home/Ashreem/airflow-env/lib/python3.12/site-packages/airflow/example_dags/example_branch_labels.py took 0.110 seconds
[2025-03-07T03:04:21.138+0000] {processor.py:186} INFO - Started process (PID=48654) to work on /home/Ashreem/airflow-env/lib/python3.12/site-packages/airflow/example_dags/example_branch_labels.py
[2025-03-07T03:04:21.140+0000] {processor.py:914} INFO - Processing file /home/Ashreem/airflow-env/lib/python3.12/site-packages/airflow/example_dags/example_branch_labels.py for tasks to queue
[2025-03-07T03:04:21.143+0000] {logging_mixin.py:190} INFO - [2025-03-07T03:04:21.142+0000] {dagbag.py:588} INFO - Filling up the DagBag from /home/Ashreem/airflow-env/lib/python3.12/site-packages/airflow/example_dags/example_branch_labels.py
[2025-03-07T03:04:21.159+0000] {processor.py:925} INFO - DAG(s) 'example_branch_labels' retrieved from /home/Ashreem/airflow-env/lib/python3.12/site-packages/airflow/example_dags/example_branch_labels.py
[2025-03-07T03:04:21.181+0000] {logging_mixin.py:190} INFO - [2025-03-07T03:04:21.180+0000] {dag.py:3239} INFO - Sync 1 DAGs
[2025-03-07T03:04:21.211+0000] {logging_mixin.py:190} INFO - [2025-03-07T03:04:21.210+0000] {dag.py:4180} INFO - Setting next_dagrun for example_branch_labels to 2025-03-06 00:00:00+00:00, run_after=2025-03-07 00:00:00+00:00
[2025-03-07T03:04:21.252+0000] {processor.py:208} INFO - Processing /home/Ashreem/airflow-env/lib/python3.12/site-packages/airflow/example_dags/example_branch_labels.py took 0.128 seconds
[2025-03-07T03:05:24.683+0000] {processor.py:186} INFO - Started process (PID=48904) to work on /home/Ashreem/airflow-env/lib/python3.12/site-packages/airflow/example_dags/example_branch_labels.py
[2025-03-07T03:05:24.684+0000] {processor.py:914} INFO - Processing file /home/Ashreem/airflow-env/lib/python3.12/site-packages/airflow/example_dags/example_branch_labels.py for tasks to queue
[2025-03-07T03:05:24.687+0000] {logging_mixin.py:190} INFO - [2025-03-07T03:05:24.686+0000] {dagbag.py:588} INFO - Filling up the DagBag from /home/Ashreem/airflow-env/lib/python3.12/site-packages/airflow/example_dags/example_branch_labels.py
[2025-03-07T03:05:24.699+0000] {processor.py:925} INFO - DAG(s) 'example_branch_labels' retrieved from /home/Ashreem/airflow-env/lib/python3.12/site-packages/airflow/example_dags/example_branch_labels.py
[2025-03-07T03:05:24.720+0000] {logging_mixin.py:190} INFO - [2025-03-07T03:05:24.719+0000] {dag.py:3239} INFO - Sync 1 DAGs
[2025-03-07T03:05:24.754+0000] {logging_mixin.py:190} INFO - [2025-03-07T03:05:24.753+0000] {dag.py:4180} INFO - Setting next_dagrun for example_branch_labels to 2025-03-06 00:00:00+00:00, run_after=2025-03-07 00:00:00+00:00
[2025-03-07T03:05:24.798+0000] {processor.py:208} INFO - Processing /home/Ashreem/airflow-env/lib/python3.12/site-packages/airflow/example_dags/example_branch_labels.py took 0.123 seconds
[2025-03-07T03:06:30.406+0000] {processor.py:186} INFO - Started process (PID=48974) to work on /home/Ashreem/airflow-env/lib/python3.12/site-packages/airflow/example_dags/example_branch_labels.py
[2025-03-07T03:06:30.408+0000] {processor.py:914} INFO - Processing file /home/Ashreem/airflow-env/lib/python3.12/site-packages/airflow/example_dags/example_branch_labels.py for tasks to queue
[2025-03-07T03:06:30.410+0000] {logging_mixin.py:190} INFO - [2025-03-07T03:06:30.410+0000] {dagbag.py:588} INFO - Filling up the DagBag from /home/Ashreem/airflow-env/lib/python3.12/site-packages/airflow/example_dags/example_branch_labels.py
[2025-03-07T03:06:30.425+0000] {processor.py:925} INFO - DAG(s) 'example_branch_labels' retrieved from /home/Ashreem/airflow-env/lib/python3.12/site-packages/airflow/example_dags/example_branch_labels.py
[2025-03-07T03:06:30.446+0000] {logging_mixin.py:190} INFO - [2025-03-07T03:06:30.446+0000] {dag.py:3239} INFO - Sync 1 DAGs
[2025-03-07T03:06:30.472+0000] {logging_mixin.py:190} INFO - [2025-03-07T03:06:30.472+0000] {dag.py:4180} INFO - Setting next_dagrun for example_branch_labels to 2025-03-06 00:00:00+00:00, run_after=2025-03-07 00:00:00+00:00
[2025-03-07T03:06:30.507+0000] {processor.py:208} INFO - Processing /home/Ashreem/airflow-env/lib/python3.12/site-packages/airflow/example_dags/example_branch_labels.py took 0.108 seconds
[2025-03-07T03:08:36.984+0000] {processor.py:186} INFO - Started process (PID=49124) to work on /home/Ashreem/airflow-env/lib/python3.12/site-packages/airflow/example_dags/example_branch_labels.py
[2025-03-07T03:08:36.985+0000] {processor.py:914} INFO - Processing file /home/Ashreem/airflow-env/lib/python3.12/site-packages/airflow/example_dags/example_branch_labels.py for tasks to queue
[2025-03-07T03:08:36.988+0000] {logging_mixin.py:190} INFO - [2025-03-07T03:08:36.987+0000] {dagbag.py:588} INFO - Filling up the DagBag from /home/Ashreem/airflow-env/lib/python3.12/site-packages/airflow/example_dags/example_branch_labels.py
[2025-03-07T03:08:37.004+0000] {processor.py:925} INFO - DAG(s) 'example_branch_labels' retrieved from /home/Ashreem/airflow-env/lib/python3.12/site-packages/airflow/example_dags/example_branch_labels.py
[2025-03-07T03:08:37.026+0000] {logging_mixin.py:190} INFO - [2025-03-07T03:08:37.026+0000] {dag.py:3239} INFO - Sync 1 DAGs
[2025-03-07T03:08:37.053+0000] {logging_mixin.py:190} INFO - [2025-03-07T03:08:37.053+0000] {dag.py:4180} INFO - Setting next_dagrun for example_branch_labels to 2025-03-06 00:00:00+00:00, run_after=2025-03-07 00:00:00+00:00
[2025-03-07T03:08:37.091+0000] {processor.py:208} INFO - Processing /home/Ashreem/airflow-env/lib/python3.12/site-packages/airflow/example_dags/example_branch_labels.py took 0.115 seconds
[2025-03-07T03:09:40.443+0000] {processor.py:186} INFO - Started process (PID=49192) to work on /home/Ashreem/airflow-env/lib/python3.12/site-packages/airflow/example_dags/example_branch_labels.py
[2025-03-07T03:09:40.445+0000] {processor.py:914} INFO - Processing file /home/Ashreem/airflow-env/lib/python3.12/site-packages/airflow/example_dags/example_branch_labels.py for tasks to queue
[2025-03-07T03:09:40.448+0000] {logging_mixin.py:190} INFO - [2025-03-07T03:09:40.448+0000] {dagbag.py:588} INFO - Filling up the DagBag from /home/Ashreem/airflow-env/lib/python3.12/site-packages/airflow/example_dags/example_branch_labels.py
[2025-03-07T03:09:40.461+0000] {processor.py:925} INFO - DAG(s) 'example_branch_labels' retrieved from /home/Ashreem/airflow-env/lib/python3.12/site-packages/airflow/example_dags/example_branch_labels.py
[2025-03-07T03:09:40.482+0000] {logging_mixin.py:190} INFO - [2025-03-07T03:09:40.482+0000] {dag.py:3239} INFO - Sync 1 DAGs
[2025-03-07T03:09:40.508+0000] {logging_mixin.py:190} INFO - [2025-03-07T03:09:40.507+0000] {dag.py:4180} INFO - Setting next_dagrun for example_branch_labels to 2025-03-06 00:00:00+00:00, run_after=2025-03-07 00:00:00+00:00
[2025-03-07T03:09:40.544+0000] {processor.py:208} INFO - Processing /home/Ashreem/airflow-env/lib/python3.12/site-packages/airflow/example_dags/example_branch_labels.py took 0.109 seconds
