[2025-03-07T02:30:50.602+0000] {processor.py:186} INFO - Started process (PID=45998) to work on /home/Ashreem/airflow-env/lib/python3.12/site-packages/airflow/example_dags/example_local_kubernetes_executor.py
[2025-03-07T02:30:50.603+0000] {processor.py:914} INFO - Processing file /home/Ashreem/airflow-env/lib/python3.12/site-packages/airflow/example_dags/example_local_kubernetes_executor.py for tasks to queue
[2025-03-07T02:30:50.606+0000] {logging_mixin.py:190} INFO - [2025-03-07T02:30:50.605+0000] {dagbag.py:588} INFO - Filling up the DagBag from /home/Ashreem/airflow-env/lib/python3.12/site-packages/airflow/example_dags/example_local_kubernetes_executor.py
[2025-03-07T02:30:50.610+0000] {logging_mixin.py:190} INFO - [2025-03-07T02:30:50.609+0000] {example_local_kubernetes_executor.py:40} WARNING - Could not import DAGs in example_local_kubernetes_executor.py
Traceback (most recent call last):
  File "/home/Ashreem/airflow-env/lib/python3.12/site-packages/airflow/example_dags/example_local_kubernetes_executor.py", line 38, in <module>
    from kubernetes.client import models as k8s
ModuleNotFoundError: No module named 'kubernetes'
[2025-03-07T02:30:50.610+0000] {logging_mixin.py:190} INFO - [2025-03-07T02:30:50.610+0000] {example_local_kubernetes_executor.py:41} WARNING - Install Kubernetes dependencies with: pip install apache-airflow[cncf.kubernetes]
[2025-03-07T02:30:50.610+0000] {processor.py:927} WARNING - No viable dags retrieved from /home/Ashreem/airflow-env/lib/python3.12/site-packages/airflow/example_dags/example_local_kubernetes_executor.py
[2025-03-07T02:30:50.622+0000] {processor.py:208} INFO - Processing /home/Ashreem/airflow-env/lib/python3.12/site-packages/airflow/example_dags/example_local_kubernetes_executor.py took 0.028 seconds
[2025-03-07T02:33:25.661+0000] {processor.py:186} INFO - Started process (PID=46103) to work on /home/Ashreem/airflow-env/lib/python3.12/site-packages/airflow/example_dags/example_local_kubernetes_executor.py
[2025-03-07T02:33:25.662+0000] {processor.py:914} INFO - Processing file /home/Ashreem/airflow-env/lib/python3.12/site-packages/airflow/example_dags/example_local_kubernetes_executor.py for tasks to queue
[2025-03-07T02:33:25.665+0000] {logging_mixin.py:190} INFO - [2025-03-07T02:33:25.664+0000] {dagbag.py:588} INFO - Filling up the DagBag from /home/Ashreem/airflow-env/lib/python3.12/site-packages/airflow/example_dags/example_local_kubernetes_executor.py
[2025-03-07T02:33:25.669+0000] {logging_mixin.py:190} INFO - [2025-03-07T02:33:25.669+0000] {example_local_kubernetes_executor.py:40} WARNING - Could not import DAGs in example_local_kubernetes_executor.py
Traceback (most recent call last):
  File "/home/Ashreem/airflow-env/lib/python3.12/site-packages/airflow/example_dags/example_local_kubernetes_executor.py", line 38, in <module>
    from kubernetes.client import models as k8s
ModuleNotFoundError: No module named 'kubernetes'
[2025-03-07T02:33:25.670+0000] {logging_mixin.py:190} INFO - [2025-03-07T02:33:25.670+0000] {example_local_kubernetes_executor.py:41} WARNING - Install Kubernetes dependencies with: pip install apache-airflow[cncf.kubernetes]
[2025-03-07T02:33:25.670+0000] {processor.py:927} WARNING - No viable dags retrieved from /home/Ashreem/airflow-env/lib/python3.12/site-packages/airflow/example_dags/example_local_kubernetes_executor.py
[2025-03-07T02:33:25.683+0000] {processor.py:208} INFO - Processing /home/Ashreem/airflow-env/lib/python3.12/site-packages/airflow/example_dags/example_local_kubernetes_executor.py took 0.029 seconds
[2025-03-07T02:34:38.788+0000] {processor.py:186} INFO - Started process (PID=46442) to work on /home/Ashreem/airflow-env/lib/python3.12/site-packages/airflow/example_dags/example_local_kubernetes_executor.py
[2025-03-07T02:34:38.790+0000] {processor.py:914} INFO - Processing file /home/Ashreem/airflow-env/lib/python3.12/site-packages/airflow/example_dags/example_local_kubernetes_executor.py for tasks to queue
[2025-03-07T02:34:38.792+0000] {logging_mixin.py:190} INFO - [2025-03-07T02:34:38.792+0000] {dagbag.py:588} INFO - Filling up the DagBag from /home/Ashreem/airflow-env/lib/python3.12/site-packages/airflow/example_dags/example_local_kubernetes_executor.py
[2025-03-07T02:34:38.798+0000] {logging_mixin.py:190} INFO - [2025-03-07T02:34:38.797+0000] {example_local_kubernetes_executor.py:40} WARNING - Could not import DAGs in example_local_kubernetes_executor.py
Traceback (most recent call last):
  File "/home/Ashreem/airflow-env/lib/python3.12/site-packages/airflow/example_dags/example_local_kubernetes_executor.py", line 38, in <module>
    from kubernetes.client import models as k8s
ModuleNotFoundError: No module named 'kubernetes'
[2025-03-07T02:34:38.798+0000] {logging_mixin.py:190} INFO - [2025-03-07T02:34:38.798+0000] {example_local_kubernetes_executor.py:41} WARNING - Install Kubernetes dependencies with: pip install apache-airflow[cncf.kubernetes]
[2025-03-07T02:34:38.799+0000] {processor.py:927} WARNING - No viable dags retrieved from /home/Ashreem/airflow-env/lib/python3.12/site-packages/airflow/example_dags/example_local_kubernetes_executor.py
[2025-03-07T02:34:38.811+0000] {processor.py:208} INFO - Processing /home/Ashreem/airflow-env/lib/python3.12/site-packages/airflow/example_dags/example_local_kubernetes_executor.py took 0.030 seconds
[2025-03-07T02:35:42.937+0000] {processor.py:186} INFO - Started process (PID=46507) to work on /home/Ashreem/airflow-env/lib/python3.12/site-packages/airflow/example_dags/example_local_kubernetes_executor.py
[2025-03-07T02:35:42.939+0000] {processor.py:914} INFO - Processing file /home/Ashreem/airflow-env/lib/python3.12/site-packages/airflow/example_dags/example_local_kubernetes_executor.py for tasks to queue
[2025-03-07T02:35:42.943+0000] {logging_mixin.py:190} INFO - [2025-03-07T02:35:42.942+0000] {dagbag.py:588} INFO - Filling up the DagBag from /home/Ashreem/airflow-env/lib/python3.12/site-packages/airflow/example_dags/example_local_kubernetes_executor.py
[2025-03-07T02:35:42.948+0000] {logging_mixin.py:190} INFO - [2025-03-07T02:35:42.947+0000] {example_local_kubernetes_executor.py:40} WARNING - Could not import DAGs in example_local_kubernetes_executor.py
Traceback (most recent call last):
  File "/home/Ashreem/airflow-env/lib/python3.12/site-packages/airflow/example_dags/example_local_kubernetes_executor.py", line 38, in <module>
    from kubernetes.client import models as k8s
ModuleNotFoundError: No module named 'kubernetes'
[2025-03-07T02:35:42.948+0000] {logging_mixin.py:190} INFO - [2025-03-07T02:35:42.948+0000] {example_local_kubernetes_executor.py:41} WARNING - Install Kubernetes dependencies with: pip install apache-airflow[cncf.kubernetes]
[2025-03-07T02:35:42.948+0000] {processor.py:927} WARNING - No viable dags retrieved from /home/Ashreem/airflow-env/lib/python3.12/site-packages/airflow/example_dags/example_local_kubernetes_executor.py
[2025-03-07T02:35:42.962+0000] {processor.py:208} INFO - Processing /home/Ashreem/airflow-env/lib/python3.12/site-packages/airflow/example_dags/example_local_kubernetes_executor.py took 0.033 seconds
[2025-03-07T02:36:51.230+0000] {processor.py:186} INFO - Started process (PID=46578) to work on /home/Ashreem/airflow-env/lib/python3.12/site-packages/airflow/example_dags/example_local_kubernetes_executor.py
[2025-03-07T02:36:51.231+0000] {processor.py:914} INFO - Processing file /home/Ashreem/airflow-env/lib/python3.12/site-packages/airflow/example_dags/example_local_kubernetes_executor.py for tasks to queue
[2025-03-07T02:36:51.235+0000] {logging_mixin.py:190} INFO - [2025-03-07T02:36:51.234+0000] {dagbag.py:588} INFO - Filling up the DagBag from /home/Ashreem/airflow-env/lib/python3.12/site-packages/airflow/example_dags/example_local_kubernetes_executor.py
[2025-03-07T02:36:51.242+0000] {logging_mixin.py:190} INFO - [2025-03-07T02:36:51.242+0000] {example_local_kubernetes_executor.py:40} WARNING - Could not import DAGs in example_local_kubernetes_executor.py
Traceback (most recent call last):
  File "/home/Ashreem/airflow-env/lib/python3.12/site-packages/airflow/example_dags/example_local_kubernetes_executor.py", line 38, in <module>
    from kubernetes.client import models as k8s
ModuleNotFoundError: No module named 'kubernetes'
[2025-03-07T02:36:51.243+0000] {logging_mixin.py:190} INFO - [2025-03-07T02:36:51.242+0000] {example_local_kubernetes_executor.py:41} WARNING - Install Kubernetes dependencies with: pip install apache-airflow[cncf.kubernetes]
[2025-03-07T02:36:51.243+0000] {processor.py:927} WARNING - No viable dags retrieved from /home/Ashreem/airflow-env/lib/python3.12/site-packages/airflow/example_dags/example_local_kubernetes_executor.py
[2025-03-07T02:36:51.256+0000] {processor.py:208} INFO - Processing /home/Ashreem/airflow-env/lib/python3.12/site-packages/airflow/example_dags/example_local_kubernetes_executor.py took 0.036 seconds
[2025-03-07T02:37:52.783+0000] {processor.py:186} INFO - Started process (PID=46638) to work on /home/Ashreem/airflow-env/lib/python3.12/site-packages/airflow/example_dags/example_local_kubernetes_executor.py
[2025-03-07T02:37:52.785+0000] {processor.py:914} INFO - Processing file /home/Ashreem/airflow-env/lib/python3.12/site-packages/airflow/example_dags/example_local_kubernetes_executor.py for tasks to queue
[2025-03-07T02:37:52.787+0000] {logging_mixin.py:190} INFO - [2025-03-07T02:37:52.787+0000] {dagbag.py:588} INFO - Filling up the DagBag from /home/Ashreem/airflow-env/lib/python3.12/site-packages/airflow/example_dags/example_local_kubernetes_executor.py
[2025-03-07T02:37:52.792+0000] {logging_mixin.py:190} INFO - [2025-03-07T02:37:52.792+0000] {example_local_kubernetes_executor.py:40} WARNING - Could not import DAGs in example_local_kubernetes_executor.py
Traceback (most recent call last):
  File "/home/Ashreem/airflow-env/lib/python3.12/site-packages/airflow/example_dags/example_local_kubernetes_executor.py", line 38, in <module>
    from kubernetes.client import models as k8s
ModuleNotFoundError: No module named 'kubernetes'
[2025-03-07T02:37:52.793+0000] {logging_mixin.py:190} INFO - [2025-03-07T02:37:52.793+0000] {example_local_kubernetes_executor.py:41} WARNING - Install Kubernetes dependencies with: pip install apache-airflow[cncf.kubernetes]
[2025-03-07T02:37:52.793+0000] {processor.py:927} WARNING - No viable dags retrieved from /home/Ashreem/airflow-env/lib/python3.12/site-packages/airflow/example_dags/example_local_kubernetes_executor.py
[2025-03-07T02:37:52.809+0000] {processor.py:208} INFO - Processing /home/Ashreem/airflow-env/lib/python3.12/site-packages/airflow/example_dags/example_local_kubernetes_executor.py took 0.037 seconds
[2025-03-07T02:38:56.699+0000] {processor.py:186} INFO - Started process (PID=46708) to work on /home/Ashreem/airflow-env/lib/python3.12/site-packages/airflow/example_dags/example_local_kubernetes_executor.py
[2025-03-07T02:38:56.701+0000] {processor.py:914} INFO - Processing file /home/Ashreem/airflow-env/lib/python3.12/site-packages/airflow/example_dags/example_local_kubernetes_executor.py for tasks to queue
[2025-03-07T02:38:56.706+0000] {logging_mixin.py:190} INFO - [2025-03-07T02:38:56.705+0000] {dagbag.py:588} INFO - Filling up the DagBag from /home/Ashreem/airflow-env/lib/python3.12/site-packages/airflow/example_dags/example_local_kubernetes_executor.py
[2025-03-07T02:38:56.712+0000] {logging_mixin.py:190} INFO - [2025-03-07T02:38:56.711+0000] {example_local_kubernetes_executor.py:40} WARNING - Could not import DAGs in example_local_kubernetes_executor.py
Traceback (most recent call last):
  File "/home/Ashreem/airflow-env/lib/python3.12/site-packages/airflow/example_dags/example_local_kubernetes_executor.py", line 38, in <module>
    from kubernetes.client import models as k8s
ModuleNotFoundError: No module named 'kubernetes'
[2025-03-07T02:38:56.712+0000] {logging_mixin.py:190} INFO - [2025-03-07T02:38:56.712+0000] {example_local_kubernetes_executor.py:41} WARNING - Install Kubernetes dependencies with: pip install apache-airflow[cncf.kubernetes]
[2025-03-07T02:38:56.713+0000] {processor.py:927} WARNING - No viable dags retrieved from /home/Ashreem/airflow-env/lib/python3.12/site-packages/airflow/example_dags/example_local_kubernetes_executor.py
[2025-03-07T02:38:56.728+0000] {processor.py:208} INFO - Processing /home/Ashreem/airflow-env/lib/python3.12/site-packages/airflow/example_dags/example_local_kubernetes_executor.py took 0.039 seconds
[2025-03-07T02:39:59.457+0000] {processor.py:186} INFO - Started process (PID=46770) to work on /home/Ashreem/airflow-env/lib/python3.12/site-packages/airflow/example_dags/example_local_kubernetes_executor.py
[2025-03-07T02:39:59.458+0000] {processor.py:914} INFO - Processing file /home/Ashreem/airflow-env/lib/python3.12/site-packages/airflow/example_dags/example_local_kubernetes_executor.py for tasks to queue
[2025-03-07T02:39:59.462+0000] {logging_mixin.py:190} INFO - [2025-03-07T02:39:59.461+0000] {dagbag.py:588} INFO - Filling up the DagBag from /home/Ashreem/airflow-env/lib/python3.12/site-packages/airflow/example_dags/example_local_kubernetes_executor.py
[2025-03-07T02:39:59.467+0000] {logging_mixin.py:190} INFO - [2025-03-07T02:39:59.466+0000] {example_local_kubernetes_executor.py:40} WARNING - Could not import DAGs in example_local_kubernetes_executor.py
Traceback (most recent call last):
  File "/home/Ashreem/airflow-env/lib/python3.12/site-packages/airflow/example_dags/example_local_kubernetes_executor.py", line 38, in <module>
    from kubernetes.client import models as k8s
ModuleNotFoundError: No module named 'kubernetes'
[2025-03-07T02:39:59.467+0000] {logging_mixin.py:190} INFO - [2025-03-07T02:39:59.467+0000] {example_local_kubernetes_executor.py:41} WARNING - Install Kubernetes dependencies with: pip install apache-airflow[cncf.kubernetes]
[2025-03-07T02:39:59.467+0000] {processor.py:927} WARNING - No viable dags retrieved from /home/Ashreem/airflow-env/lib/python3.12/site-packages/airflow/example_dags/example_local_kubernetes_executor.py
[2025-03-07T02:39:59.480+0000] {processor.py:208} INFO - Processing /home/Ashreem/airflow-env/lib/python3.12/site-packages/airflow/example_dags/example_local_kubernetes_executor.py took 0.032 seconds
[2025-03-07T02:41:03.100+0000] {processor.py:186} INFO - Started process (PID=46836) to work on /home/Ashreem/airflow-env/lib/python3.12/site-packages/airflow/example_dags/example_local_kubernetes_executor.py
[2025-03-07T02:41:03.101+0000] {processor.py:914} INFO - Processing file /home/Ashreem/airflow-env/lib/python3.12/site-packages/airflow/example_dags/example_local_kubernetes_executor.py for tasks to queue
[2025-03-07T02:41:03.107+0000] {logging_mixin.py:190} INFO - [2025-03-07T02:41:03.106+0000] {dagbag.py:588} INFO - Filling up the DagBag from /home/Ashreem/airflow-env/lib/python3.12/site-packages/airflow/example_dags/example_local_kubernetes_executor.py
[2025-03-07T02:41:03.113+0000] {logging_mixin.py:190} INFO - [2025-03-07T02:41:03.112+0000] {example_local_kubernetes_executor.py:40} WARNING - Could not import DAGs in example_local_kubernetes_executor.py
Traceback (most recent call last):
  File "/home/Ashreem/airflow-env/lib/python3.12/site-packages/airflow/example_dags/example_local_kubernetes_executor.py", line 38, in <module>
    from kubernetes.client import models as k8s
ModuleNotFoundError: No module named 'kubernetes'
[2025-03-07T02:41:03.113+0000] {logging_mixin.py:190} INFO - [2025-03-07T02:41:03.113+0000] {example_local_kubernetes_executor.py:41} WARNING - Install Kubernetes dependencies with: pip install apache-airflow[cncf.kubernetes]
[2025-03-07T02:41:03.113+0000] {processor.py:927} WARNING - No viable dags retrieved from /home/Ashreem/airflow-env/lib/python3.12/site-packages/airflow/example_dags/example_local_kubernetes_executor.py
[2025-03-07T02:41:03.128+0000] {processor.py:208} INFO - Processing /home/Ashreem/airflow-env/lib/python3.12/site-packages/airflow/example_dags/example_local_kubernetes_executor.py took 0.037 seconds
[2025-03-07T02:42:05.879+0000] {processor.py:186} INFO - Started process (PID=46897) to work on /home/Ashreem/airflow-env/lib/python3.12/site-packages/airflow/example_dags/example_local_kubernetes_executor.py
[2025-03-07T02:42:05.881+0000] {processor.py:914} INFO - Processing file /home/Ashreem/airflow-env/lib/python3.12/site-packages/airflow/example_dags/example_local_kubernetes_executor.py for tasks to queue
[2025-03-07T02:42:05.884+0000] {logging_mixin.py:190} INFO - [2025-03-07T02:42:05.884+0000] {dagbag.py:588} INFO - Filling up the DagBag from /home/Ashreem/airflow-env/lib/python3.12/site-packages/airflow/example_dags/example_local_kubernetes_executor.py
[2025-03-07T02:42:05.889+0000] {logging_mixin.py:190} INFO - [2025-03-07T02:42:05.889+0000] {example_local_kubernetes_executor.py:40} WARNING - Could not import DAGs in example_local_kubernetes_executor.py
Traceback (most recent call last):
  File "/home/Ashreem/airflow-env/lib/python3.12/site-packages/airflow/example_dags/example_local_kubernetes_executor.py", line 38, in <module>
    from kubernetes.client import models as k8s
ModuleNotFoundError: No module named 'kubernetes'
[2025-03-07T02:42:05.890+0000] {logging_mixin.py:190} INFO - [2025-03-07T02:42:05.890+0000] {example_local_kubernetes_executor.py:41} WARNING - Install Kubernetes dependencies with: pip install apache-airflow[cncf.kubernetes]
[2025-03-07T02:42:05.890+0000] {processor.py:927} WARNING - No viable dags retrieved from /home/Ashreem/airflow-env/lib/python3.12/site-packages/airflow/example_dags/example_local_kubernetes_executor.py
[2025-03-07T02:42:05.904+0000] {processor.py:208} INFO - Processing /home/Ashreem/airflow-env/lib/python3.12/site-packages/airflow/example_dags/example_local_kubernetes_executor.py took 0.033 seconds
[2025-03-07T02:43:09.936+0000] {processor.py:186} INFO - Started process (PID=46967) to work on /home/Ashreem/airflow-env/lib/python3.12/site-packages/airflow/example_dags/example_local_kubernetes_executor.py
[2025-03-07T02:43:09.938+0000] {processor.py:914} INFO - Processing file /home/Ashreem/airflow-env/lib/python3.12/site-packages/airflow/example_dags/example_local_kubernetes_executor.py for tasks to queue
[2025-03-07T02:43:09.941+0000] {logging_mixin.py:190} INFO - [2025-03-07T02:43:09.940+0000] {dagbag.py:588} INFO - Filling up the DagBag from /home/Ashreem/airflow-env/lib/python3.12/site-packages/airflow/example_dags/example_local_kubernetes_executor.py
[2025-03-07T02:43:09.945+0000] {logging_mixin.py:190} INFO - [2025-03-07T02:43:09.945+0000] {example_local_kubernetes_executor.py:40} WARNING - Could not import DAGs in example_local_kubernetes_executor.py
Traceback (most recent call last):
  File "/home/Ashreem/airflow-env/lib/python3.12/site-packages/airflow/example_dags/example_local_kubernetes_executor.py", line 38, in <module>
    from kubernetes.client import models as k8s
ModuleNotFoundError: No module named 'kubernetes'
[2025-03-07T02:43:09.946+0000] {logging_mixin.py:190} INFO - [2025-03-07T02:43:09.946+0000] {example_local_kubernetes_executor.py:41} WARNING - Install Kubernetes dependencies with: pip install apache-airflow[cncf.kubernetes]
[2025-03-07T02:43:09.946+0000] {processor.py:927} WARNING - No viable dags retrieved from /home/Ashreem/airflow-env/lib/python3.12/site-packages/airflow/example_dags/example_local_kubernetes_executor.py
[2025-03-07T02:43:09.962+0000] {processor.py:208} INFO - Processing /home/Ashreem/airflow-env/lib/python3.12/site-packages/airflow/example_dags/example_local_kubernetes_executor.py took 0.033 seconds
[2025-03-07T02:44:13.858+0000] {processor.py:186} INFO - Started process (PID=47038) to work on /home/Ashreem/airflow-env/lib/python3.12/site-packages/airflow/example_dags/example_local_kubernetes_executor.py
[2025-03-07T02:44:13.860+0000] {processor.py:914} INFO - Processing file /home/Ashreem/airflow-env/lib/python3.12/site-packages/airflow/example_dags/example_local_kubernetes_executor.py for tasks to queue
[2025-03-07T02:44:13.862+0000] {logging_mixin.py:190} INFO - [2025-03-07T02:44:13.862+0000] {dagbag.py:588} INFO - Filling up the DagBag from /home/Ashreem/airflow-env/lib/python3.12/site-packages/airflow/example_dags/example_local_kubernetes_executor.py
[2025-03-07T02:44:13.866+0000] {logging_mixin.py:190} INFO - [2025-03-07T02:44:13.866+0000] {example_local_kubernetes_executor.py:40} WARNING - Could not import DAGs in example_local_kubernetes_executor.py
Traceback (most recent call last):
  File "/home/Ashreem/airflow-env/lib/python3.12/site-packages/airflow/example_dags/example_local_kubernetes_executor.py", line 38, in <module>
    from kubernetes.client import models as k8s
ModuleNotFoundError: No module named 'kubernetes'
[2025-03-07T02:44:13.867+0000] {logging_mixin.py:190} INFO - [2025-03-07T02:44:13.867+0000] {example_local_kubernetes_executor.py:41} WARNING - Install Kubernetes dependencies with: pip install apache-airflow[cncf.kubernetes]
[2025-03-07T02:44:13.867+0000] {processor.py:927} WARNING - No viable dags retrieved from /home/Ashreem/airflow-env/lib/python3.12/site-packages/airflow/example_dags/example_local_kubernetes_executor.py
[2025-03-07T02:44:13.879+0000] {processor.py:208} INFO - Processing /home/Ashreem/airflow-env/lib/python3.12/site-packages/airflow/example_dags/example_local_kubernetes_executor.py took 0.029 seconds
[2025-03-07T02:45:16.103+0000] {processor.py:186} INFO - Started process (PID=47118) to work on /home/Ashreem/airflow-env/lib/python3.12/site-packages/airflow/example_dags/example_local_kubernetes_executor.py
[2025-03-07T02:45:16.104+0000] {processor.py:914} INFO - Processing file /home/Ashreem/airflow-env/lib/python3.12/site-packages/airflow/example_dags/example_local_kubernetes_executor.py for tasks to queue
[2025-03-07T02:45:16.106+0000] {logging_mixin.py:190} INFO - [2025-03-07T02:45:16.106+0000] {dagbag.py:588} INFO - Filling up the DagBag from /home/Ashreem/airflow-env/lib/python3.12/site-packages/airflow/example_dags/example_local_kubernetes_executor.py
[2025-03-07T02:45:16.111+0000] {logging_mixin.py:190} INFO - [2025-03-07T02:45:16.110+0000] {example_local_kubernetes_executor.py:40} WARNING - Could not import DAGs in example_local_kubernetes_executor.py
Traceback (most recent call last):
  File "/home/Ashreem/airflow-env/lib/python3.12/site-packages/airflow/example_dags/example_local_kubernetes_executor.py", line 38, in <module>
    from kubernetes.client import models as k8s
ModuleNotFoundError: No module named 'kubernetes'
[2025-03-07T02:45:16.111+0000] {logging_mixin.py:190} INFO - [2025-03-07T02:45:16.111+0000] {example_local_kubernetes_executor.py:41} WARNING - Install Kubernetes dependencies with: pip install apache-airflow[cncf.kubernetes]
[2025-03-07T02:45:16.111+0000] {processor.py:927} WARNING - No viable dags retrieved from /home/Ashreem/airflow-env/lib/python3.12/site-packages/airflow/example_dags/example_local_kubernetes_executor.py
[2025-03-07T02:45:16.125+0000] {processor.py:208} INFO - Processing /home/Ashreem/airflow-env/lib/python3.12/site-packages/airflow/example_dags/example_local_kubernetes_executor.py took 0.030 seconds
[2025-03-07T02:46:20.095+0000] {processor.py:186} INFO - Started process (PID=47184) to work on /home/Ashreem/airflow-env/lib/python3.12/site-packages/airflow/example_dags/example_local_kubernetes_executor.py
[2025-03-07T02:46:20.097+0000] {processor.py:914} INFO - Processing file /home/Ashreem/airflow-env/lib/python3.12/site-packages/airflow/example_dags/example_local_kubernetes_executor.py for tasks to queue
[2025-03-07T02:46:20.100+0000] {logging_mixin.py:190} INFO - [2025-03-07T02:46:20.100+0000] {dagbag.py:588} INFO - Filling up the DagBag from /home/Ashreem/airflow-env/lib/python3.12/site-packages/airflow/example_dags/example_local_kubernetes_executor.py
[2025-03-07T02:46:20.105+0000] {logging_mixin.py:190} INFO - [2025-03-07T02:46:20.104+0000] {example_local_kubernetes_executor.py:40} WARNING - Could not import DAGs in example_local_kubernetes_executor.py
Traceback (most recent call last):
  File "/home/Ashreem/airflow-env/lib/python3.12/site-packages/airflow/example_dags/example_local_kubernetes_executor.py", line 38, in <module>
    from kubernetes.client import models as k8s
ModuleNotFoundError: No module named 'kubernetes'
[2025-03-07T02:46:20.106+0000] {logging_mixin.py:190} INFO - [2025-03-07T02:46:20.106+0000] {example_local_kubernetes_executor.py:41} WARNING - Install Kubernetes dependencies with: pip install apache-airflow[cncf.kubernetes]
[2025-03-07T02:46:20.106+0000] {processor.py:927} WARNING - No viable dags retrieved from /home/Ashreem/airflow-env/lib/python3.12/site-packages/airflow/example_dags/example_local_kubernetes_executor.py
[2025-03-07T02:46:20.122+0000] {processor.py:208} INFO - Processing /home/Ashreem/airflow-env/lib/python3.12/site-packages/airflow/example_dags/example_local_kubernetes_executor.py took 0.035 seconds
[2025-03-07T02:47:24.359+0000] {processor.py:186} INFO - Started process (PID=47244) to work on /home/Ashreem/airflow-env/lib/python3.12/site-packages/airflow/example_dags/example_local_kubernetes_executor.py
[2025-03-07T02:47:24.362+0000] {processor.py:914} INFO - Processing file /home/Ashreem/airflow-env/lib/python3.12/site-packages/airflow/example_dags/example_local_kubernetes_executor.py for tasks to queue
[2025-03-07T02:47:24.366+0000] {logging_mixin.py:190} INFO - [2025-03-07T02:47:24.365+0000] {dagbag.py:588} INFO - Filling up the DagBag from /home/Ashreem/airflow-env/lib/python3.12/site-packages/airflow/example_dags/example_local_kubernetes_executor.py
[2025-03-07T02:47:24.372+0000] {logging_mixin.py:190} INFO - [2025-03-07T02:47:24.371+0000] {example_local_kubernetes_executor.py:40} WARNING - Could not import DAGs in example_local_kubernetes_executor.py
Traceback (most recent call last):
  File "/home/Ashreem/airflow-env/lib/python3.12/site-packages/airflow/example_dags/example_local_kubernetes_executor.py", line 38, in <module>
    from kubernetes.client import models as k8s
ModuleNotFoundError: No module named 'kubernetes'
[2025-03-07T02:47:24.372+0000] {logging_mixin.py:190} INFO - [2025-03-07T02:47:24.372+0000] {example_local_kubernetes_executor.py:41} WARNING - Install Kubernetes dependencies with: pip install apache-airflow[cncf.kubernetes]
[2025-03-07T02:47:24.373+0000] {processor.py:927} WARNING - No viable dags retrieved from /home/Ashreem/airflow-env/lib/python3.12/site-packages/airflow/example_dags/example_local_kubernetes_executor.py
[2025-03-07T02:47:24.386+0000] {processor.py:208} INFO - Processing /home/Ashreem/airflow-env/lib/python3.12/site-packages/airflow/example_dags/example_local_kubernetes_executor.py took 0.037 seconds
[2025-03-07T02:48:33.785+0000] {processor.py:186} INFO - Started process (PID=47317) to work on /home/Ashreem/airflow-env/lib/python3.12/site-packages/airflow/example_dags/example_local_kubernetes_executor.py
[2025-03-07T02:48:33.787+0000] {processor.py:914} INFO - Processing file /home/Ashreem/airflow-env/lib/python3.12/site-packages/airflow/example_dags/example_local_kubernetes_executor.py for tasks to queue
[2025-03-07T02:48:33.791+0000] {logging_mixin.py:190} INFO - [2025-03-07T02:48:33.790+0000] {dagbag.py:588} INFO - Filling up the DagBag from /home/Ashreem/airflow-env/lib/python3.12/site-packages/airflow/example_dags/example_local_kubernetes_executor.py
[2025-03-07T02:48:33.795+0000] {logging_mixin.py:190} INFO - [2025-03-07T02:48:33.794+0000] {example_local_kubernetes_executor.py:40} WARNING - Could not import DAGs in example_local_kubernetes_executor.py
Traceback (most recent call last):
  File "/home/Ashreem/airflow-env/lib/python3.12/site-packages/airflow/example_dags/example_local_kubernetes_executor.py", line 38, in <module>
    from kubernetes.client import models as k8s
ModuleNotFoundError: No module named 'kubernetes'
[2025-03-07T02:48:33.795+0000] {logging_mixin.py:190} INFO - [2025-03-07T02:48:33.795+0000] {example_local_kubernetes_executor.py:41} WARNING - Install Kubernetes dependencies with: pip install apache-airflow[cncf.kubernetes]
[2025-03-07T02:48:33.796+0000] {processor.py:927} WARNING - No viable dags retrieved from /home/Ashreem/airflow-env/lib/python3.12/site-packages/airflow/example_dags/example_local_kubernetes_executor.py
[2025-03-07T02:48:33.810+0000] {processor.py:208} INFO - Processing /home/Ashreem/airflow-env/lib/python3.12/site-packages/airflow/example_dags/example_local_kubernetes_executor.py took 0.033 seconds
[2025-03-07T02:49:38.520+0000] {processor.py:186} INFO - Started process (PID=47395) to work on /home/Ashreem/airflow-env/lib/python3.12/site-packages/airflow/example_dags/example_local_kubernetes_executor.py
[2025-03-07T02:49:38.522+0000] {processor.py:914} INFO - Processing file /home/Ashreem/airflow-env/lib/python3.12/site-packages/airflow/example_dags/example_local_kubernetes_executor.py for tasks to queue
[2025-03-07T02:49:38.525+0000] {logging_mixin.py:190} INFO - [2025-03-07T02:49:38.524+0000] {dagbag.py:588} INFO - Filling up the DagBag from /home/Ashreem/airflow-env/lib/python3.12/site-packages/airflow/example_dags/example_local_kubernetes_executor.py
[2025-03-07T02:49:38.530+0000] {logging_mixin.py:190} INFO - [2025-03-07T02:49:38.529+0000] {example_local_kubernetes_executor.py:40} WARNING - Could not import DAGs in example_local_kubernetes_executor.py
Traceback (most recent call last):
  File "/home/Ashreem/airflow-env/lib/python3.12/site-packages/airflow/example_dags/example_local_kubernetes_executor.py", line 38, in <module>
    from kubernetes.client import models as k8s
ModuleNotFoundError: No module named 'kubernetes'
[2025-03-07T02:49:38.530+0000] {logging_mixin.py:190} INFO - [2025-03-07T02:49:38.530+0000] {example_local_kubernetes_executor.py:41} WARNING - Install Kubernetes dependencies with: pip install apache-airflow[cncf.kubernetes]
[2025-03-07T02:49:38.530+0000] {processor.py:927} WARNING - No viable dags retrieved from /home/Ashreem/airflow-env/lib/python3.12/site-packages/airflow/example_dags/example_local_kubernetes_executor.py
[2025-03-07T02:49:38.544+0000] {processor.py:208} INFO - Processing /home/Ashreem/airflow-env/lib/python3.12/site-packages/airflow/example_dags/example_local_kubernetes_executor.py took 0.032 seconds
[2025-03-07T02:50:43.956+0000] {processor.py:186} INFO - Started process (PID=47466) to work on /home/Ashreem/airflow-env/lib/python3.12/site-packages/airflow/example_dags/example_local_kubernetes_executor.py
[2025-03-07T02:50:43.957+0000] {processor.py:914} INFO - Processing file /home/Ashreem/airflow-env/lib/python3.12/site-packages/airflow/example_dags/example_local_kubernetes_executor.py for tasks to queue
[2025-03-07T02:50:43.960+0000] {logging_mixin.py:190} INFO - [2025-03-07T02:50:43.960+0000] {dagbag.py:588} INFO - Filling up the DagBag from /home/Ashreem/airflow-env/lib/python3.12/site-packages/airflow/example_dags/example_local_kubernetes_executor.py
[2025-03-07T02:50:43.964+0000] {logging_mixin.py:190} INFO - [2025-03-07T02:50:43.963+0000] {example_local_kubernetes_executor.py:40} WARNING - Could not import DAGs in example_local_kubernetes_executor.py
Traceback (most recent call last):
  File "/home/Ashreem/airflow-env/lib/python3.12/site-packages/airflow/example_dags/example_local_kubernetes_executor.py", line 38, in <module>
    from kubernetes.client import models as k8s
ModuleNotFoundError: No module named 'kubernetes'
[2025-03-07T02:50:43.965+0000] {logging_mixin.py:190} INFO - [2025-03-07T02:50:43.964+0000] {example_local_kubernetes_executor.py:41} WARNING - Install Kubernetes dependencies with: pip install apache-airflow[cncf.kubernetes]
[2025-03-07T02:50:43.965+0000] {processor.py:927} WARNING - No viable dags retrieved from /home/Ashreem/airflow-env/lib/python3.12/site-packages/airflow/example_dags/example_local_kubernetes_executor.py
[2025-03-07T02:50:43.982+0000] {processor.py:208} INFO - Processing /home/Ashreem/airflow-env/lib/python3.12/site-packages/airflow/example_dags/example_local_kubernetes_executor.py took 0.034 seconds
[2025-03-07T02:51:44.065+0000] {processor.py:186} INFO - Started process (PID=47527) to work on /home/Ashreem/airflow-env/lib/python3.12/site-packages/airflow/example_dags/example_local_kubernetes_executor.py
[2025-03-07T02:51:44.068+0000] {processor.py:914} INFO - Processing file /home/Ashreem/airflow-env/lib/python3.12/site-packages/airflow/example_dags/example_local_kubernetes_executor.py for tasks to queue
[2025-03-07T02:51:44.071+0000] {logging_mixin.py:190} INFO - [2025-03-07T02:51:44.071+0000] {dagbag.py:588} INFO - Filling up the DagBag from /home/Ashreem/airflow-env/lib/python3.12/site-packages/airflow/example_dags/example_local_kubernetes_executor.py
[2025-03-07T02:51:44.076+0000] {logging_mixin.py:190} INFO - [2025-03-07T02:51:44.075+0000] {example_local_kubernetes_executor.py:40} WARNING - Could not import DAGs in example_local_kubernetes_executor.py
Traceback (most recent call last):
  File "/home/Ashreem/airflow-env/lib/python3.12/site-packages/airflow/example_dags/example_local_kubernetes_executor.py", line 38, in <module>
    from kubernetes.client import models as k8s
ModuleNotFoundError: No module named 'kubernetes'
[2025-03-07T02:51:44.077+0000] {logging_mixin.py:190} INFO - [2025-03-07T02:51:44.076+0000] {example_local_kubernetes_executor.py:41} WARNING - Install Kubernetes dependencies with: pip install apache-airflow[cncf.kubernetes]
[2025-03-07T02:51:44.077+0000] {processor.py:927} WARNING - No viable dags retrieved from /home/Ashreem/airflow-env/lib/python3.12/site-packages/airflow/example_dags/example_local_kubernetes_executor.py
[2025-03-07T02:51:44.092+0000] {processor.py:208} INFO - Processing /home/Ashreem/airflow-env/lib/python3.12/site-packages/airflow/example_dags/example_local_kubernetes_executor.py took 0.036 seconds
[2025-03-07T02:52:51.901+0000] {processor.py:186} INFO - Started process (PID=47596) to work on /home/Ashreem/airflow-env/lib/python3.12/site-packages/airflow/example_dags/example_local_kubernetes_executor.py
[2025-03-07T02:52:51.902+0000] {processor.py:914} INFO - Processing file /home/Ashreem/airflow-env/lib/python3.12/site-packages/airflow/example_dags/example_local_kubernetes_executor.py for tasks to queue
[2025-03-07T02:52:51.906+0000] {logging_mixin.py:190} INFO - [2025-03-07T02:52:51.905+0000] {dagbag.py:588} INFO - Filling up the DagBag from /home/Ashreem/airflow-env/lib/python3.12/site-packages/airflow/example_dags/example_local_kubernetes_executor.py
[2025-03-07T02:52:51.911+0000] {logging_mixin.py:190} INFO - [2025-03-07T02:52:51.909+0000] {example_local_kubernetes_executor.py:40} WARNING - Could not import DAGs in example_local_kubernetes_executor.py
Traceback (most recent call last):
  File "/home/Ashreem/airflow-env/lib/python3.12/site-packages/airflow/example_dags/example_local_kubernetes_executor.py", line 38, in <module>
    from kubernetes.client import models as k8s
ModuleNotFoundError: No module named 'kubernetes'
[2025-03-07T02:52:51.912+0000] {logging_mixin.py:190} INFO - [2025-03-07T02:52:51.911+0000] {example_local_kubernetes_executor.py:41} WARNING - Install Kubernetes dependencies with: pip install apache-airflow[cncf.kubernetes]
[2025-03-07T02:52:51.913+0000] {processor.py:927} WARNING - No viable dags retrieved from /home/Ashreem/airflow-env/lib/python3.12/site-packages/airflow/example_dags/example_local_kubernetes_executor.py
[2025-03-07T02:52:51.928+0000] {processor.py:208} INFO - Processing /home/Ashreem/airflow-env/lib/python3.12/site-packages/airflow/example_dags/example_local_kubernetes_executor.py took 0.036 seconds
[2025-03-07T02:53:52.581+0000] {processor.py:186} INFO - Started process (PID=47660) to work on /home/Ashreem/airflow-env/lib/python3.12/site-packages/airflow/example_dags/example_local_kubernetes_executor.py
[2025-03-07T02:53:52.583+0000] {processor.py:914} INFO - Processing file /home/Ashreem/airflow-env/lib/python3.12/site-packages/airflow/example_dags/example_local_kubernetes_executor.py for tasks to queue
[2025-03-07T02:53:52.587+0000] {logging_mixin.py:190} INFO - [2025-03-07T02:53:52.586+0000] {dagbag.py:588} INFO - Filling up the DagBag from /home/Ashreem/airflow-env/lib/python3.12/site-packages/airflow/example_dags/example_local_kubernetes_executor.py
[2025-03-07T02:53:52.591+0000] {logging_mixin.py:190} INFO - [2025-03-07T02:53:52.590+0000] {example_local_kubernetes_executor.py:40} WARNING - Could not import DAGs in example_local_kubernetes_executor.py
Traceback (most recent call last):
  File "/home/Ashreem/airflow-env/lib/python3.12/site-packages/airflow/example_dags/example_local_kubernetes_executor.py", line 38, in <module>
    from kubernetes.client import models as k8s
ModuleNotFoundError: No module named 'kubernetes'
[2025-03-07T02:53:52.591+0000] {logging_mixin.py:190} INFO - [2025-03-07T02:53:52.591+0000] {example_local_kubernetes_executor.py:41} WARNING - Install Kubernetes dependencies with: pip install apache-airflow[cncf.kubernetes]
[2025-03-07T02:53:52.591+0000] {processor.py:927} WARNING - No viable dags retrieved from /home/Ashreem/airflow-env/lib/python3.12/site-packages/airflow/example_dags/example_local_kubernetes_executor.py
[2025-03-07T02:53:52.605+0000] {processor.py:208} INFO - Processing /home/Ashreem/airflow-env/lib/python3.12/site-packages/airflow/example_dags/example_local_kubernetes_executor.py took 0.031 seconds
[2025-03-07T02:54:53.847+0000] {processor.py:186} INFO - Started process (PID=47721) to work on /home/Ashreem/airflow-env/lib/python3.12/site-packages/airflow/example_dags/example_local_kubernetes_executor.py
[2025-03-07T02:54:53.848+0000] {processor.py:914} INFO - Processing file /home/Ashreem/airflow-env/lib/python3.12/site-packages/airflow/example_dags/example_local_kubernetes_executor.py for tasks to queue
[2025-03-07T02:54:53.850+0000] {logging_mixin.py:190} INFO - [2025-03-07T02:54:53.850+0000] {dagbag.py:588} INFO - Filling up the DagBag from /home/Ashreem/airflow-env/lib/python3.12/site-packages/airflow/example_dags/example_local_kubernetes_executor.py
[2025-03-07T02:54:53.854+0000] {logging_mixin.py:190} INFO - [2025-03-07T02:54:53.854+0000] {example_local_kubernetes_executor.py:40} WARNING - Could not import DAGs in example_local_kubernetes_executor.py
Traceback (most recent call last):
  File "/home/Ashreem/airflow-env/lib/python3.12/site-packages/airflow/example_dags/example_local_kubernetes_executor.py", line 38, in <module>
    from kubernetes.client import models as k8s
ModuleNotFoundError: No module named 'kubernetes'
[2025-03-07T02:54:53.855+0000] {logging_mixin.py:190} INFO - [2025-03-07T02:54:53.855+0000] {example_local_kubernetes_executor.py:41} WARNING - Install Kubernetes dependencies with: pip install apache-airflow[cncf.kubernetes]
[2025-03-07T02:54:53.855+0000] {processor.py:927} WARNING - No viable dags retrieved from /home/Ashreem/airflow-env/lib/python3.12/site-packages/airflow/example_dags/example_local_kubernetes_executor.py
[2025-03-07T02:54:53.868+0000] {processor.py:208} INFO - Processing /home/Ashreem/airflow-env/lib/python3.12/site-packages/airflow/example_dags/example_local_kubernetes_executor.py took 0.029 seconds
[2025-03-07T02:55:57.749+0000] {processor.py:186} INFO - Started process (PID=47853) to work on /home/Ashreem/airflow-env/lib/python3.12/site-packages/airflow/example_dags/example_local_kubernetes_executor.py
[2025-03-07T02:55:57.751+0000] {processor.py:914} INFO - Processing file /home/Ashreem/airflow-env/lib/python3.12/site-packages/airflow/example_dags/example_local_kubernetes_executor.py for tasks to queue
[2025-03-07T02:55:57.753+0000] {logging_mixin.py:190} INFO - [2025-03-07T02:55:57.753+0000] {dagbag.py:588} INFO - Filling up the DagBag from /home/Ashreem/airflow-env/lib/python3.12/site-packages/airflow/example_dags/example_local_kubernetes_executor.py
[2025-03-07T02:55:57.758+0000] {logging_mixin.py:190} INFO - [2025-03-07T02:55:57.758+0000] {example_local_kubernetes_executor.py:40} WARNING - Could not import DAGs in example_local_kubernetes_executor.py
Traceback (most recent call last):
  File "/home/Ashreem/airflow-env/lib/python3.12/site-packages/airflow/example_dags/example_local_kubernetes_executor.py", line 38, in <module>
    from kubernetes.client import models as k8s
ModuleNotFoundError: No module named 'kubernetes'
[2025-03-07T02:55:57.759+0000] {logging_mixin.py:190} INFO - [2025-03-07T02:55:57.759+0000] {example_local_kubernetes_executor.py:41} WARNING - Install Kubernetes dependencies with: pip install apache-airflow[cncf.kubernetes]
[2025-03-07T02:55:57.759+0000] {processor.py:927} WARNING - No viable dags retrieved from /home/Ashreem/airflow-env/lib/python3.12/site-packages/airflow/example_dags/example_local_kubernetes_executor.py
[2025-03-07T02:55:57.772+0000] {processor.py:208} INFO - Processing /home/Ashreem/airflow-env/lib/python3.12/site-packages/airflow/example_dags/example_local_kubernetes_executor.py took 0.033 seconds
[2025-03-07T02:56:56.038+0000] {processor.py:186} INFO - Started process (PID=47975) to work on /home/Ashreem/airflow-env/lib/python3.12/site-packages/airflow/example_dags/example_local_kubernetes_executor.py
[2025-03-07T02:56:56.041+0000] {processor.py:914} INFO - Processing file /home/Ashreem/airflow-env/lib/python3.12/site-packages/airflow/example_dags/example_local_kubernetes_executor.py for tasks to queue
[2025-03-07T02:56:56.046+0000] {logging_mixin.py:190} INFO - [2025-03-07T02:56:56.046+0000] {dagbag.py:588} INFO - Filling up the DagBag from /home/Ashreem/airflow-env/lib/python3.12/site-packages/airflow/example_dags/example_local_kubernetes_executor.py
[2025-03-07T02:56:56.051+0000] {logging_mixin.py:190} INFO - [2025-03-07T02:56:56.050+0000] {example_local_kubernetes_executor.py:40} WARNING - Could not import DAGs in example_local_kubernetes_executor.py
Traceback (most recent call last):
  File "/home/Ashreem/airflow-env/lib/python3.12/site-packages/airflow/example_dags/example_local_kubernetes_executor.py", line 38, in <module>
    from kubernetes.client import models as k8s
ModuleNotFoundError: No module named 'kubernetes'
[2025-03-07T02:56:56.052+0000] {logging_mixin.py:190} INFO - [2025-03-07T02:56:56.051+0000] {example_local_kubernetes_executor.py:41} WARNING - Install Kubernetes dependencies with: pip install apache-airflow[cncf.kubernetes]
[2025-03-07T02:56:56.052+0000] {processor.py:927} WARNING - No viable dags retrieved from /home/Ashreem/airflow-env/lib/python3.12/site-packages/airflow/example_dags/example_local_kubernetes_executor.py
[2025-03-07T02:56:56.066+0000] {processor.py:208} INFO - Processing /home/Ashreem/airflow-env/lib/python3.12/site-packages/airflow/example_dags/example_local_kubernetes_executor.py took 0.038 seconds
[2025-03-07T02:57:04.635+0000] {processor.py:186} INFO - Started process (PID=47992) to work on /home/Ashreem/airflow-env/lib/python3.12/site-packages/airflow/example_dags/example_local_kubernetes_executor.py
[2025-03-07T02:57:04.637+0000] {processor.py:914} INFO - Processing file /home/Ashreem/airflow-env/lib/python3.12/site-packages/airflow/example_dags/example_local_kubernetes_executor.py for tasks to queue
[2025-03-07T02:57:04.640+0000] {logging_mixin.py:190} INFO - [2025-03-07T02:57:04.639+0000] {dagbag.py:588} INFO - Filling up the DagBag from /home/Ashreem/airflow-env/lib/python3.12/site-packages/airflow/example_dags/example_local_kubernetes_executor.py
[2025-03-07T02:57:04.644+0000] {logging_mixin.py:190} INFO - [2025-03-07T02:57:04.644+0000] {example_local_kubernetes_executor.py:40} WARNING - Could not import DAGs in example_local_kubernetes_executor.py
Traceback (most recent call last):
  File "/home/Ashreem/airflow-env/lib/python3.12/site-packages/airflow/example_dags/example_local_kubernetes_executor.py", line 38, in <module>
    from kubernetes.client import models as k8s
ModuleNotFoundError: No module named 'kubernetes'
[2025-03-07T02:57:04.645+0000] {logging_mixin.py:190} INFO - [2025-03-07T02:57:04.644+0000] {example_local_kubernetes_executor.py:41} WARNING - Install Kubernetes dependencies with: pip install apache-airflow[cncf.kubernetes]
[2025-03-07T02:57:04.645+0000] {processor.py:927} WARNING - No viable dags retrieved from /home/Ashreem/airflow-env/lib/python3.12/site-packages/airflow/example_dags/example_local_kubernetes_executor.py
[2025-03-07T02:57:04.660+0000] {processor.py:208} INFO - Processing /home/Ashreem/airflow-env/lib/python3.12/site-packages/airflow/example_dags/example_local_kubernetes_executor.py took 0.032 seconds
[2025-03-07T02:58:06.885+0000] {processor.py:186} INFO - Started process (PID=48074) to work on /home/Ashreem/airflow-env/lib/python3.12/site-packages/airflow/example_dags/example_local_kubernetes_executor.py
[2025-03-07T02:58:06.887+0000] {processor.py:914} INFO - Processing file /home/Ashreem/airflow-env/lib/python3.12/site-packages/airflow/example_dags/example_local_kubernetes_executor.py for tasks to queue
[2025-03-07T02:58:06.890+0000] {logging_mixin.py:190} INFO - [2025-03-07T02:58:06.890+0000] {dagbag.py:588} INFO - Filling up the DagBag from /home/Ashreem/airflow-env/lib/python3.12/site-packages/airflow/example_dags/example_local_kubernetes_executor.py
[2025-03-07T02:58:06.896+0000] {logging_mixin.py:190} INFO - [2025-03-07T02:58:06.895+0000] {example_local_kubernetes_executor.py:40} WARNING - Could not import DAGs in example_local_kubernetes_executor.py
Traceback (most recent call last):
  File "/home/Ashreem/airflow-env/lib/python3.12/site-packages/airflow/example_dags/example_local_kubernetes_executor.py", line 38, in <module>
    from kubernetes.client import models as k8s
ModuleNotFoundError: No module named 'kubernetes'
[2025-03-07T02:58:06.896+0000] {logging_mixin.py:190} INFO - [2025-03-07T02:58:06.896+0000] {example_local_kubernetes_executor.py:41} WARNING - Install Kubernetes dependencies with: pip install apache-airflow[cncf.kubernetes]
[2025-03-07T02:58:06.896+0000] {processor.py:927} WARNING - No viable dags retrieved from /home/Ashreem/airflow-env/lib/python3.12/site-packages/airflow/example_dags/example_local_kubernetes_executor.py
[2025-03-07T02:58:06.912+0000] {processor.py:208} INFO - Processing /home/Ashreem/airflow-env/lib/python3.12/site-packages/airflow/example_dags/example_local_kubernetes_executor.py took 0.038 seconds
[2025-03-07T02:59:14.468+0000] {processor.py:186} INFO - Started process (PID=48181) to work on /home/Ashreem/airflow-env/lib/python3.12/site-packages/airflow/example_dags/example_local_kubernetes_executor.py
[2025-03-07T02:59:14.469+0000] {processor.py:914} INFO - Processing file /home/Ashreem/airflow-env/lib/python3.12/site-packages/airflow/example_dags/example_local_kubernetes_executor.py for tasks to queue
[2025-03-07T02:59:14.472+0000] {logging_mixin.py:190} INFO - [2025-03-07T02:59:14.471+0000] {dagbag.py:588} INFO - Filling up the DagBag from /home/Ashreem/airflow-env/lib/python3.12/site-packages/airflow/example_dags/example_local_kubernetes_executor.py
[2025-03-07T02:59:14.479+0000] {logging_mixin.py:190} INFO - [2025-03-07T02:59:14.478+0000] {example_local_kubernetes_executor.py:40} WARNING - Could not import DAGs in example_local_kubernetes_executor.py
Traceback (most recent call last):
  File "/home/Ashreem/airflow-env/lib/python3.12/site-packages/airflow/example_dags/example_local_kubernetes_executor.py", line 38, in <module>
    from kubernetes.client import models as k8s
ModuleNotFoundError: No module named 'kubernetes'
[2025-03-07T02:59:14.479+0000] {logging_mixin.py:190} INFO - [2025-03-07T02:59:14.479+0000] {example_local_kubernetes_executor.py:41} WARNING - Install Kubernetes dependencies with: pip install apache-airflow[cncf.kubernetes]
[2025-03-07T02:59:14.480+0000] {processor.py:927} WARNING - No viable dags retrieved from /home/Ashreem/airflow-env/lib/python3.12/site-packages/airflow/example_dags/example_local_kubernetes_executor.py
[2025-03-07T02:59:14.494+0000] {processor.py:208} INFO - Processing /home/Ashreem/airflow-env/lib/python3.12/site-packages/airflow/example_dags/example_local_kubernetes_executor.py took 0.034 seconds
[2025-03-07T03:00:21.034+0000] {processor.py:186} INFO - Started process (PID=48303) to work on /home/Ashreem/airflow-env/lib/python3.12/site-packages/airflow/example_dags/example_local_kubernetes_executor.py
[2025-03-07T03:00:21.036+0000] {processor.py:914} INFO - Processing file /home/Ashreem/airflow-env/lib/python3.12/site-packages/airflow/example_dags/example_local_kubernetes_executor.py for tasks to queue
[2025-03-07T03:00:21.039+0000] {logging_mixin.py:190} INFO - [2025-03-07T03:00:21.039+0000] {dagbag.py:588} INFO - Filling up the DagBag from /home/Ashreem/airflow-env/lib/python3.12/site-packages/airflow/example_dags/example_local_kubernetes_executor.py
[2025-03-07T03:00:21.045+0000] {logging_mixin.py:190} INFO - [2025-03-07T03:00:21.044+0000] {example_local_kubernetes_executor.py:40} WARNING - Could not import DAGs in example_local_kubernetes_executor.py
Traceback (most recent call last):
  File "/home/Ashreem/airflow-env/lib/python3.12/site-packages/airflow/example_dags/example_local_kubernetes_executor.py", line 38, in <module>
    from kubernetes.client import models as k8s
ModuleNotFoundError: No module named 'kubernetes'
[2025-03-07T03:00:21.045+0000] {logging_mixin.py:190} INFO - [2025-03-07T03:00:21.045+0000] {example_local_kubernetes_executor.py:41} WARNING - Install Kubernetes dependencies with: pip install apache-airflow[cncf.kubernetes]
[2025-03-07T03:00:21.046+0000] {processor.py:927} WARNING - No viable dags retrieved from /home/Ashreem/airflow-env/lib/python3.12/site-packages/airflow/example_dags/example_local_kubernetes_executor.py
[2025-03-07T03:00:21.062+0000] {processor.py:208} INFO - Processing /home/Ashreem/airflow-env/lib/python3.12/site-packages/airflow/example_dags/example_local_kubernetes_executor.py took 0.042 seconds
[2025-03-07T03:01:24.668+0000] {processor.py:186} INFO - Started process (PID=48375) to work on /home/Ashreem/airflow-env/lib/python3.12/site-packages/airflow/example_dags/example_local_kubernetes_executor.py
[2025-03-07T03:01:24.670+0000] {processor.py:914} INFO - Processing file /home/Ashreem/airflow-env/lib/python3.12/site-packages/airflow/example_dags/example_local_kubernetes_executor.py for tasks to queue
[2025-03-07T03:01:24.674+0000] {logging_mixin.py:190} INFO - [2025-03-07T03:01:24.673+0000] {dagbag.py:588} INFO - Filling up the DagBag from /home/Ashreem/airflow-env/lib/python3.12/site-packages/airflow/example_dags/example_local_kubernetes_executor.py
[2025-03-07T03:01:24.684+0000] {logging_mixin.py:190} INFO - [2025-03-07T03:01:24.684+0000] {example_local_kubernetes_executor.py:40} WARNING - Could not import DAGs in example_local_kubernetes_executor.py
Traceback (most recent call last):
  File "/home/Ashreem/airflow-env/lib/python3.12/site-packages/airflow/example_dags/example_local_kubernetes_executor.py", line 38, in <module>
    from kubernetes.client import models as k8s
ModuleNotFoundError: No module named 'kubernetes'
[2025-03-07T03:01:24.685+0000] {logging_mixin.py:190} INFO - [2025-03-07T03:01:24.685+0000] {example_local_kubernetes_executor.py:41} WARNING - Install Kubernetes dependencies with: pip install apache-airflow[cncf.kubernetes]
[2025-03-07T03:01:24.685+0000] {processor.py:927} WARNING - No viable dags retrieved from /home/Ashreem/airflow-env/lib/python3.12/site-packages/airflow/example_dags/example_local_kubernetes_executor.py
[2025-03-07T03:01:24.703+0000] {processor.py:208} INFO - Processing /home/Ashreem/airflow-env/lib/python3.12/site-packages/airflow/example_dags/example_local_kubernetes_executor.py took 0.044 seconds
[2025-03-07T03:02:27.788+0000] {processor.py:186} INFO - Started process (PID=48498) to work on /home/Ashreem/airflow-env/lib/python3.12/site-packages/airflow/example_dags/example_local_kubernetes_executor.py
[2025-03-07T03:02:27.791+0000] {processor.py:914} INFO - Processing file /home/Ashreem/airflow-env/lib/python3.12/site-packages/airflow/example_dags/example_local_kubernetes_executor.py for tasks to queue
[2025-03-07T03:02:27.794+0000] {logging_mixin.py:190} INFO - [2025-03-07T03:02:27.793+0000] {dagbag.py:588} INFO - Filling up the DagBag from /home/Ashreem/airflow-env/lib/python3.12/site-packages/airflow/example_dags/example_local_kubernetes_executor.py
[2025-03-07T03:02:27.798+0000] {logging_mixin.py:190} INFO - [2025-03-07T03:02:27.797+0000] {example_local_kubernetes_executor.py:40} WARNING - Could not import DAGs in example_local_kubernetes_executor.py
Traceback (most recent call last):
  File "/home/Ashreem/airflow-env/lib/python3.12/site-packages/airflow/example_dags/example_local_kubernetes_executor.py", line 38, in <module>
    from kubernetes.client import models as k8s
ModuleNotFoundError: No module named 'kubernetes'
[2025-03-07T03:02:27.798+0000] {logging_mixin.py:190} INFO - [2025-03-07T03:02:27.798+0000] {example_local_kubernetes_executor.py:41} WARNING - Install Kubernetes dependencies with: pip install apache-airflow[cncf.kubernetes]
[2025-03-07T03:02:27.799+0000] {processor.py:927} WARNING - No viable dags retrieved from /home/Ashreem/airflow-env/lib/python3.12/site-packages/airflow/example_dags/example_local_kubernetes_executor.py
[2025-03-07T03:02:27.812+0000] {processor.py:208} INFO - Processing /home/Ashreem/airflow-env/lib/python3.12/site-packages/airflow/example_dags/example_local_kubernetes_executor.py took 0.032 seconds
[2025-03-07T03:04:07.727+0000] {processor.py:186} INFO - Started process (PID=48640) to work on /home/Ashreem/airflow-env/lib/python3.12/site-packages/airflow/example_dags/example_local_kubernetes_executor.py
[2025-03-07T03:04:07.729+0000] {processor.py:914} INFO - Processing file /home/Ashreem/airflow-env/lib/python3.12/site-packages/airflow/example_dags/example_local_kubernetes_executor.py for tasks to queue
[2025-03-07T03:04:07.732+0000] {logging_mixin.py:190} INFO - [2025-03-07T03:04:07.731+0000] {dagbag.py:588} INFO - Filling up the DagBag from /home/Ashreem/airflow-env/lib/python3.12/site-packages/airflow/example_dags/example_local_kubernetes_executor.py
[2025-03-07T03:04:07.735+0000] {logging_mixin.py:190} INFO - [2025-03-07T03:04:07.735+0000] {example_local_kubernetes_executor.py:40} WARNING - Could not import DAGs in example_local_kubernetes_executor.py
Traceback (most recent call last):
  File "/home/Ashreem/airflow-env/lib/python3.12/site-packages/airflow/example_dags/example_local_kubernetes_executor.py", line 38, in <module>
    from kubernetes.client import models as k8s
ModuleNotFoundError: No module named 'kubernetes'
[2025-03-07T03:04:07.736+0000] {logging_mixin.py:190} INFO - [2025-03-07T03:04:07.736+0000] {example_local_kubernetes_executor.py:41} WARNING - Install Kubernetes dependencies with: pip install apache-airflow[cncf.kubernetes]
[2025-03-07T03:04:07.736+0000] {processor.py:927} WARNING - No viable dags retrieved from /home/Ashreem/airflow-env/lib/python3.12/site-packages/airflow/example_dags/example_local_kubernetes_executor.py
[2025-03-07T03:04:07.749+0000] {processor.py:208} INFO - Processing /home/Ashreem/airflow-env/lib/python3.12/site-packages/airflow/example_dags/example_local_kubernetes_executor.py took 0.030 seconds
[2025-03-07T03:05:11.108+0000] {processor.py:186} INFO - Started process (PID=48712) to work on /home/Ashreem/airflow-env/lib/python3.12/site-packages/airflow/example_dags/example_local_kubernetes_executor.py
[2025-03-07T03:05:11.109+0000] {processor.py:914} INFO - Processing file /home/Ashreem/airflow-env/lib/python3.12/site-packages/airflow/example_dags/example_local_kubernetes_executor.py for tasks to queue
[2025-03-07T03:05:11.112+0000] {logging_mixin.py:190} INFO - [2025-03-07T03:05:11.112+0000] {dagbag.py:588} INFO - Filling up the DagBag from /home/Ashreem/airflow-env/lib/python3.12/site-packages/airflow/example_dags/example_local_kubernetes_executor.py
[2025-03-07T03:05:11.118+0000] {logging_mixin.py:190} INFO - [2025-03-07T03:05:11.117+0000] {example_local_kubernetes_executor.py:40} WARNING - Could not import DAGs in example_local_kubernetes_executor.py
Traceback (most recent call last):
  File "/home/Ashreem/airflow-env/lib/python3.12/site-packages/airflow/example_dags/example_local_kubernetes_executor.py", line 38, in <module>
    from kubernetes.client import models as k8s
ModuleNotFoundError: No module named 'kubernetes'
[2025-03-07T03:05:11.118+0000] {logging_mixin.py:190} INFO - [2025-03-07T03:05:11.118+0000] {example_local_kubernetes_executor.py:41} WARNING - Install Kubernetes dependencies with: pip install apache-airflow[cncf.kubernetes]
[2025-03-07T03:05:11.119+0000] {processor.py:927} WARNING - No viable dags retrieved from /home/Ashreem/airflow-env/lib/python3.12/site-packages/airflow/example_dags/example_local_kubernetes_executor.py
[2025-03-07T03:05:11.135+0000] {processor.py:208} INFO - Processing /home/Ashreem/airflow-env/lib/python3.12/site-packages/airflow/example_dags/example_local_kubernetes_executor.py took 0.038 seconds
[2025-03-07T03:06:14.929+0000] {processor.py:186} INFO - Started process (PID=48961) to work on /home/Ashreem/airflow-env/lib/python3.12/site-packages/airflow/example_dags/example_local_kubernetes_executor.py
[2025-03-07T03:06:14.931+0000] {processor.py:914} INFO - Processing file /home/Ashreem/airflow-env/lib/python3.12/site-packages/airflow/example_dags/example_local_kubernetes_executor.py for tasks to queue
[2025-03-07T03:06:14.934+0000] {logging_mixin.py:190} INFO - [2025-03-07T03:06:14.933+0000] {dagbag.py:588} INFO - Filling up the DagBag from /home/Ashreem/airflow-env/lib/python3.12/site-packages/airflow/example_dags/example_local_kubernetes_executor.py
[2025-03-07T03:06:14.938+0000] {logging_mixin.py:190} INFO - [2025-03-07T03:06:14.937+0000] {example_local_kubernetes_executor.py:40} WARNING - Could not import DAGs in example_local_kubernetes_executor.py
Traceback (most recent call last):
  File "/home/Ashreem/airflow-env/lib/python3.12/site-packages/airflow/example_dags/example_local_kubernetes_executor.py", line 38, in <module>
    from kubernetes.client import models as k8s
ModuleNotFoundError: No module named 'kubernetes'
[2025-03-07T03:06:14.938+0000] {logging_mixin.py:190} INFO - [2025-03-07T03:06:14.938+0000] {example_local_kubernetes_executor.py:41} WARNING - Install Kubernetes dependencies with: pip install apache-airflow[cncf.kubernetes]
[2025-03-07T03:06:14.939+0000] {processor.py:927} WARNING - No viable dags retrieved from /home/Ashreem/airflow-env/lib/python3.12/site-packages/airflow/example_dags/example_local_kubernetes_executor.py
[2025-03-07T03:06:14.956+0000] {processor.py:208} INFO - Processing /home/Ashreem/airflow-env/lib/python3.12/site-packages/airflow/example_dags/example_local_kubernetes_executor.py took 0.034 seconds
[2025-03-07T03:08:23.571+0000] {processor.py:186} INFO - Started process (PID=49107) to work on /home/Ashreem/airflow-env/lib/python3.12/site-packages/airflow/example_dags/example_local_kubernetes_executor.py
[2025-03-07T03:08:23.573+0000] {processor.py:914} INFO - Processing file /home/Ashreem/airflow-env/lib/python3.12/site-packages/airflow/example_dags/example_local_kubernetes_executor.py for tasks to queue
[2025-03-07T03:08:23.576+0000] {logging_mixin.py:190} INFO - [2025-03-07T03:08:23.576+0000] {dagbag.py:588} INFO - Filling up the DagBag from /home/Ashreem/airflow-env/lib/python3.12/site-packages/airflow/example_dags/example_local_kubernetes_executor.py
[2025-03-07T03:08:23.581+0000] {logging_mixin.py:190} INFO - [2025-03-07T03:08:23.580+0000] {example_local_kubernetes_executor.py:40} WARNING - Could not import DAGs in example_local_kubernetes_executor.py
Traceback (most recent call last):
  File "/home/Ashreem/airflow-env/lib/python3.12/site-packages/airflow/example_dags/example_local_kubernetes_executor.py", line 38, in <module>
    from kubernetes.client import models as k8s
ModuleNotFoundError: No module named 'kubernetes'
[2025-03-07T03:08:23.582+0000] {logging_mixin.py:190} INFO - [2025-03-07T03:08:23.581+0000] {example_local_kubernetes_executor.py:41} WARNING - Install Kubernetes dependencies with: pip install apache-airflow[cncf.kubernetes]
[2025-03-07T03:08:23.582+0000] {processor.py:927} WARNING - No viable dags retrieved from /home/Ashreem/airflow-env/lib/python3.12/site-packages/airflow/example_dags/example_local_kubernetes_executor.py
[2025-03-07T03:08:23.594+0000] {processor.py:208} INFO - Processing /home/Ashreem/airflow-env/lib/python3.12/site-packages/airflow/example_dags/example_local_kubernetes_executor.py took 0.031 seconds
[2025-03-07T03:09:26.864+0000] {processor.py:186} INFO - Started process (PID=49178) to work on /home/Ashreem/airflow-env/lib/python3.12/site-packages/airflow/example_dags/example_local_kubernetes_executor.py
[2025-03-07T03:09:26.866+0000] {processor.py:914} INFO - Processing file /home/Ashreem/airflow-env/lib/python3.12/site-packages/airflow/example_dags/example_local_kubernetes_executor.py for tasks to queue
[2025-03-07T03:09:26.869+0000] {logging_mixin.py:190} INFO - [2025-03-07T03:09:26.868+0000] {dagbag.py:588} INFO - Filling up the DagBag from /home/Ashreem/airflow-env/lib/python3.12/site-packages/airflow/example_dags/example_local_kubernetes_executor.py
[2025-03-07T03:09:26.874+0000] {logging_mixin.py:190} INFO - [2025-03-07T03:09:26.873+0000] {example_local_kubernetes_executor.py:40} WARNING - Could not import DAGs in example_local_kubernetes_executor.py
Traceback (most recent call last):
  File "/home/Ashreem/airflow-env/lib/python3.12/site-packages/airflow/example_dags/example_local_kubernetes_executor.py", line 38, in <module>
    from kubernetes.client import models as k8s
ModuleNotFoundError: No module named 'kubernetes'
[2025-03-07T03:09:26.874+0000] {logging_mixin.py:190} INFO - [2025-03-07T03:09:26.874+0000] {example_local_kubernetes_executor.py:41} WARNING - Install Kubernetes dependencies with: pip install apache-airflow[cncf.kubernetes]
[2025-03-07T03:09:26.875+0000] {processor.py:927} WARNING - No viable dags retrieved from /home/Ashreem/airflow-env/lib/python3.12/site-packages/airflow/example_dags/example_local_kubernetes_executor.py
[2025-03-07T03:09:26.888+0000] {processor.py:208} INFO - Processing /home/Ashreem/airflow-env/lib/python3.12/site-packages/airflow/example_dags/example_local_kubernetes_executor.py took 0.031 seconds
