[2025-03-07T02:30:22.748+0000] {processor.py:186} INFO - Started process (PID=45977) to work on /home/Ashreem/airflow-env/lib/python3.12/site-packages/airflow/example_dags/example_task_group.py
[2025-03-07T02:30:22.749+0000] {processor.py:914} INFO - Processing file /home/Ashreem/airflow-env/lib/python3.12/site-packages/airflow/example_dags/example_task_group.py for tasks to queue
[2025-03-07T02:30:22.752+0000] {logging_mixin.py:190} INFO - [2025-03-07T02:30:22.752+0000] {dagbag.py:588} INFO - Filling up the DagBag from /home/Ashreem/airflow-env/lib/python3.12/site-packages/airflow/example_dags/example_task_group.py
[2025-03-07T02:30:22.764+0000] {processor.py:925} INFO - DAG(s) 'example_task_group' retrieved from /home/Ashreem/airflow-env/lib/python3.12/site-packages/airflow/example_dags/example_task_group.py
[2025-03-07T02:30:22.934+0000] {logging_mixin.py:190} INFO - [2025-03-07T02:30:22.934+0000] {override.py:1930} INFO - Created Permission View: can read on DAG:example_task_group
[2025-03-07T02:30:22.962+0000] {logging_mixin.py:190} INFO - [2025-03-07T02:30:22.961+0000] {override.py:1930} INFO - Created Permission View: can delete on DAG:example_task_group
[2025-03-07T02:30:22.985+0000] {logging_mixin.py:190} INFO - [2025-03-07T02:30:22.985+0000] {override.py:1930} INFO - Created Permission View: can edit on DAG:example_task_group
[2025-03-07T02:30:23.024+0000] {logging_mixin.py:190} INFO - [2025-03-07T02:30:23.024+0000] {override.py:1930} INFO - Created Permission View: can read on DAG Run:example_task_group
[2025-03-07T02:30:23.047+0000] {logging_mixin.py:190} INFO - [2025-03-07T02:30:23.047+0000] {override.py:1930} INFO - Created Permission View: can delete on DAG Run:example_task_group
[2025-03-07T02:30:23.071+0000] {logging_mixin.py:190} INFO - [2025-03-07T02:30:23.071+0000] {override.py:1930} INFO - Created Permission View: menu access on DAG Run:example_task_group
[2025-03-07T02:30:23.094+0000] {logging_mixin.py:190} INFO - [2025-03-07T02:30:23.094+0000] {override.py:1930} INFO - Created Permission View: can create on DAG Run:example_task_group
[2025-03-07T02:30:23.094+0000] {logging_mixin.py:190} INFO - [2025-03-07T02:30:23.094+0000] {dag.py:3239} INFO - Sync 1 DAGs
[2025-03-07T02:30:23.109+0000] {logging_mixin.py:190} INFO - [2025-03-07T02:30:23.109+0000] {dag.py:3262} INFO - Creating ORM DAG for example_task_group
[2025-03-07T02:30:23.110+0000] {logging_mixin.py:190} INFO - [2025-03-07T02:30:23.110+0000] {dag.py:4180} INFO - Setting next_dagrun for example_task_group to None, run_after=None
[2025-03-07T02:30:23.143+0000] {processor.py:208} INFO - Processing /home/Ashreem/airflow-env/lib/python3.12/site-packages/airflow/example_dags/example_task_group.py took 0.403 seconds
[2025-03-07T02:33:03.746+0000] {processor.py:186} INFO - Started process (PID=46081) to work on /home/Ashreem/airflow-env/lib/python3.12/site-packages/airflow/example_dags/example_task_group.py
[2025-03-07T02:33:03.748+0000] {processor.py:914} INFO - Processing file /home/Ashreem/airflow-env/lib/python3.12/site-packages/airflow/example_dags/example_task_group.py for tasks to queue
[2025-03-07T02:33:03.750+0000] {logging_mixin.py:190} INFO - [2025-03-07T02:33:03.750+0000] {dagbag.py:588} INFO - Filling up the DagBag from /home/Ashreem/airflow-env/lib/python3.12/site-packages/airflow/example_dags/example_task_group.py
[2025-03-07T02:33:03.763+0000] {processor.py:925} INFO - DAG(s) 'example_task_group' retrieved from /home/Ashreem/airflow-env/lib/python3.12/site-packages/airflow/example_dags/example_task_group.py
[2025-03-07T02:33:03.795+0000] {logging_mixin.py:190} INFO - [2025-03-07T02:33:03.795+0000] {dag.py:3239} INFO - Sync 1 DAGs
[2025-03-07T02:33:03.811+0000] {logging_mixin.py:190} INFO - [2025-03-07T02:33:03.810+0000] {dag.py:4180} INFO - Setting next_dagrun for example_task_group to None, run_after=None
[2025-03-07T02:33:03.847+0000] {processor.py:208} INFO - Processing /home/Ashreem/airflow-env/lib/python3.12/site-packages/airflow/example_dags/example_task_group.py took 0.109 seconds
[2025-03-07T02:34:08.530+0000] {processor.py:186} INFO - Started process (PID=46414) to work on /home/Ashreem/airflow-env/lib/python3.12/site-packages/airflow/example_dags/example_task_group.py
[2025-03-07T02:34:08.532+0000] {processor.py:914} INFO - Processing file /home/Ashreem/airflow-env/lib/python3.12/site-packages/airflow/example_dags/example_task_group.py for tasks to queue
[2025-03-07T02:34:08.535+0000] {logging_mixin.py:190} INFO - [2025-03-07T02:34:08.535+0000] {dagbag.py:588} INFO - Filling up the DagBag from /home/Ashreem/airflow-env/lib/python3.12/site-packages/airflow/example_dags/example_task_group.py
[2025-03-07T02:34:08.550+0000] {processor.py:925} INFO - DAG(s) 'example_task_group' retrieved from /home/Ashreem/airflow-env/lib/python3.12/site-packages/airflow/example_dags/example_task_group.py
[2025-03-07T02:34:08.573+0000] {logging_mixin.py:190} INFO - [2025-03-07T02:34:08.573+0000] {dag.py:3239} INFO - Sync 1 DAGs
[2025-03-07T02:34:08.590+0000] {logging_mixin.py:190} INFO - [2025-03-07T02:34:08.590+0000] {dag.py:4180} INFO - Setting next_dagrun for example_task_group to None, run_after=None
[2025-03-07T02:34:08.625+0000] {processor.py:208} INFO - Processing /home/Ashreem/airflow-env/lib/python3.12/site-packages/airflow/example_dags/example_task_group.py took 0.102 seconds
[2025-03-07T02:35:15.330+0000] {processor.py:186} INFO - Started process (PID=46480) to work on /home/Ashreem/airflow-env/lib/python3.12/site-packages/airflow/example_dags/example_task_group.py
[2025-03-07T02:35:15.331+0000] {processor.py:914} INFO - Processing file /home/Ashreem/airflow-env/lib/python3.12/site-packages/airflow/example_dags/example_task_group.py for tasks to queue
[2025-03-07T02:35:15.334+0000] {logging_mixin.py:190} INFO - [2025-03-07T02:35:15.334+0000] {dagbag.py:588} INFO - Filling up the DagBag from /home/Ashreem/airflow-env/lib/python3.12/site-packages/airflow/example_dags/example_task_group.py
[2025-03-07T02:35:15.345+0000] {processor.py:925} INFO - DAG(s) 'example_task_group' retrieved from /home/Ashreem/airflow-env/lib/python3.12/site-packages/airflow/example_dags/example_task_group.py
[2025-03-07T02:35:15.368+0000] {logging_mixin.py:190} INFO - [2025-03-07T02:35:15.367+0000] {dag.py:3239} INFO - Sync 1 DAGs
[2025-03-07T02:35:15.383+0000] {logging_mixin.py:190} INFO - [2025-03-07T02:35:15.383+0000] {dag.py:4180} INFO - Setting next_dagrun for example_task_group to None, run_after=None
[2025-03-07T02:35:15.420+0000] {processor.py:208} INFO - Processing /home/Ashreem/airflow-env/lib/python3.12/site-packages/airflow/example_dags/example_task_group.py took 0.097 seconds
[2025-03-07T02:36:22.382+0000] {processor.py:186} INFO - Started process (PID=46549) to work on /home/Ashreem/airflow-env/lib/python3.12/site-packages/airflow/example_dags/example_task_group.py
[2025-03-07T02:36:22.383+0000] {processor.py:914} INFO - Processing file /home/Ashreem/airflow-env/lib/python3.12/site-packages/airflow/example_dags/example_task_group.py for tasks to queue
[2025-03-07T02:36:22.386+0000] {logging_mixin.py:190} INFO - [2025-03-07T02:36:22.386+0000] {dagbag.py:588} INFO - Filling up the DagBag from /home/Ashreem/airflow-env/lib/python3.12/site-packages/airflow/example_dags/example_task_group.py
[2025-03-07T02:36:22.397+0000] {processor.py:925} INFO - DAG(s) 'example_task_group' retrieved from /home/Ashreem/airflow-env/lib/python3.12/site-packages/airflow/example_dags/example_task_group.py
[2025-03-07T02:36:22.416+0000] {logging_mixin.py:190} INFO - [2025-03-07T02:36:22.416+0000] {dag.py:3239} INFO - Sync 1 DAGs
[2025-03-07T02:36:22.433+0000] {logging_mixin.py:190} INFO - [2025-03-07T02:36:22.432+0000] {dag.py:4180} INFO - Setting next_dagrun for example_task_group to None, run_after=None
[2025-03-07T02:36:22.470+0000] {processor.py:208} INFO - Processing /home/Ashreem/airflow-env/lib/python3.12/site-packages/airflow/example_dags/example_task_group.py took 0.096 seconds
[2025-03-07T02:37:27.198+0000] {processor.py:186} INFO - Started process (PID=46612) to work on /home/Ashreem/airflow-env/lib/python3.12/site-packages/airflow/example_dags/example_task_group.py
[2025-03-07T02:37:27.200+0000] {processor.py:914} INFO - Processing file /home/Ashreem/airflow-env/lib/python3.12/site-packages/airflow/example_dags/example_task_group.py for tasks to queue
[2025-03-07T02:37:27.203+0000] {logging_mixin.py:190} INFO - [2025-03-07T02:37:27.203+0000] {dagbag.py:588} INFO - Filling up the DagBag from /home/Ashreem/airflow-env/lib/python3.12/site-packages/airflow/example_dags/example_task_group.py
[2025-03-07T02:37:27.215+0000] {processor.py:925} INFO - DAG(s) 'example_task_group' retrieved from /home/Ashreem/airflow-env/lib/python3.12/site-packages/airflow/example_dags/example_task_group.py
[2025-03-07T02:37:27.237+0000] {logging_mixin.py:190} INFO - [2025-03-07T02:37:27.237+0000] {dag.py:3239} INFO - Sync 1 DAGs
[2025-03-07T02:37:27.253+0000] {logging_mixin.py:190} INFO - [2025-03-07T02:37:27.252+0000] {dag.py:4180} INFO - Setting next_dagrun for example_task_group to None, run_after=None
[2025-03-07T02:37:27.290+0000] {processor.py:208} INFO - Processing /home/Ashreem/airflow-env/lib/python3.12/site-packages/airflow/example_dags/example_task_group.py took 0.101 seconds
[2025-03-07T02:38:29.304+0000] {processor.py:186} INFO - Started process (PID=46675) to work on /home/Ashreem/airflow-env/lib/python3.12/site-packages/airflow/example_dags/example_task_group.py
[2025-03-07T02:38:29.306+0000] {processor.py:914} INFO - Processing file /home/Ashreem/airflow-env/lib/python3.12/site-packages/airflow/example_dags/example_task_group.py for tasks to queue
[2025-03-07T02:38:29.311+0000] {logging_mixin.py:190} INFO - [2025-03-07T02:38:29.310+0000] {dagbag.py:588} INFO - Filling up the DagBag from /home/Ashreem/airflow-env/lib/python3.12/site-packages/airflow/example_dags/example_task_group.py
[2025-03-07T02:38:29.325+0000] {processor.py:925} INFO - DAG(s) 'example_task_group' retrieved from /home/Ashreem/airflow-env/lib/python3.12/site-packages/airflow/example_dags/example_task_group.py
[2025-03-07T02:38:29.348+0000] {logging_mixin.py:190} INFO - [2025-03-07T02:38:29.348+0000] {dag.py:3239} INFO - Sync 1 DAGs
[2025-03-07T02:38:29.369+0000] {logging_mixin.py:190} INFO - [2025-03-07T02:38:29.369+0000] {dag.py:4180} INFO - Setting next_dagrun for example_task_group to None, run_after=None
[2025-03-07T02:38:29.411+0000] {processor.py:208} INFO - Processing /home/Ashreem/airflow-env/lib/python3.12/site-packages/airflow/example_dags/example_task_group.py took 0.119 seconds
[2025-03-07T02:39:32.095+0000] {processor.py:186} INFO - Started process (PID=46743) to work on /home/Ashreem/airflow-env/lib/python3.12/site-packages/airflow/example_dags/example_task_group.py
[2025-03-07T02:39:32.097+0000] {processor.py:914} INFO - Processing file /home/Ashreem/airflow-env/lib/python3.12/site-packages/airflow/example_dags/example_task_group.py for tasks to queue
[2025-03-07T02:39:32.101+0000] {logging_mixin.py:190} INFO - [2025-03-07T02:39:32.101+0000] {dagbag.py:588} INFO - Filling up the DagBag from /home/Ashreem/airflow-env/lib/python3.12/site-packages/airflow/example_dags/example_task_group.py
[2025-03-07T02:39:32.115+0000] {processor.py:925} INFO - DAG(s) 'example_task_group' retrieved from /home/Ashreem/airflow-env/lib/python3.12/site-packages/airflow/example_dags/example_task_group.py
[2025-03-07T02:39:32.139+0000] {logging_mixin.py:190} INFO - [2025-03-07T02:39:32.138+0000] {dag.py:3239} INFO - Sync 1 DAGs
[2025-03-07T02:39:32.157+0000] {logging_mixin.py:190} INFO - [2025-03-07T02:39:32.156+0000] {dag.py:4180} INFO - Setting next_dagrun for example_task_group to None, run_after=None
[2025-03-07T02:39:32.199+0000] {processor.py:208} INFO - Processing /home/Ashreem/airflow-env/lib/python3.12/site-packages/airflow/example_dags/example_task_group.py took 0.113 seconds
[2025-03-07T02:40:36.792+0000] {processor.py:186} INFO - Started process (PID=46808) to work on /home/Ashreem/airflow-env/lib/python3.12/site-packages/airflow/example_dags/example_task_group.py
[2025-03-07T02:40:36.793+0000] {processor.py:914} INFO - Processing file /home/Ashreem/airflow-env/lib/python3.12/site-packages/airflow/example_dags/example_task_group.py for tasks to queue
[2025-03-07T02:40:36.797+0000] {logging_mixin.py:190} INFO - [2025-03-07T02:40:36.796+0000] {dagbag.py:588} INFO - Filling up the DagBag from /home/Ashreem/airflow-env/lib/python3.12/site-packages/airflow/example_dags/example_task_group.py
[2025-03-07T02:40:36.808+0000] {processor.py:925} INFO - DAG(s) 'example_task_group' retrieved from /home/Ashreem/airflow-env/lib/python3.12/site-packages/airflow/example_dags/example_task_group.py
[2025-03-07T02:40:36.830+0000] {logging_mixin.py:190} INFO - [2025-03-07T02:40:36.830+0000] {dag.py:3239} INFO - Sync 1 DAGs
[2025-03-07T02:40:36.847+0000] {logging_mixin.py:190} INFO - [2025-03-07T02:40:36.847+0000] {dag.py:4180} INFO - Setting next_dagrun for example_task_group to None, run_after=None
[2025-03-07T02:40:36.899+0000] {processor.py:208} INFO - Processing /home/Ashreem/airflow-env/lib/python3.12/site-packages/airflow/example_dags/example_task_group.py took 0.115 seconds
[2025-03-07T02:41:39.242+0000] {processor.py:186} INFO - Started process (PID=46872) to work on /home/Ashreem/airflow-env/lib/python3.12/site-packages/airflow/example_dags/example_task_group.py
[2025-03-07T02:41:39.244+0000] {processor.py:914} INFO - Processing file /home/Ashreem/airflow-env/lib/python3.12/site-packages/airflow/example_dags/example_task_group.py for tasks to queue
[2025-03-07T02:41:39.247+0000] {logging_mixin.py:190} INFO - [2025-03-07T02:41:39.247+0000] {dagbag.py:588} INFO - Filling up the DagBag from /home/Ashreem/airflow-env/lib/python3.12/site-packages/airflow/example_dags/example_task_group.py
[2025-03-07T02:41:39.262+0000] {processor.py:925} INFO - DAG(s) 'example_task_group' retrieved from /home/Ashreem/airflow-env/lib/python3.12/site-packages/airflow/example_dags/example_task_group.py
[2025-03-07T02:41:39.285+0000] {logging_mixin.py:190} INFO - [2025-03-07T02:41:39.284+0000] {dag.py:3239} INFO - Sync 1 DAGs
[2025-03-07T02:41:39.302+0000] {logging_mixin.py:190} INFO - [2025-03-07T02:41:39.302+0000] {dag.py:4180} INFO - Setting next_dagrun for example_task_group to None, run_after=None
[2025-03-07T02:41:39.340+0000] {processor.py:208} INFO - Processing /home/Ashreem/airflow-env/lib/python3.12/site-packages/airflow/example_dags/example_task_group.py took 0.106 seconds
[2025-03-07T02:42:43.687+0000] {processor.py:186} INFO - Started process (PID=46939) to work on /home/Ashreem/airflow-env/lib/python3.12/site-packages/airflow/example_dags/example_task_group.py
[2025-03-07T02:42:43.688+0000] {processor.py:914} INFO - Processing file /home/Ashreem/airflow-env/lib/python3.12/site-packages/airflow/example_dags/example_task_group.py for tasks to queue
[2025-03-07T02:42:43.692+0000] {logging_mixin.py:190} INFO - [2025-03-07T02:42:43.691+0000] {dagbag.py:588} INFO - Filling up the DagBag from /home/Ashreem/airflow-env/lib/python3.12/site-packages/airflow/example_dags/example_task_group.py
[2025-03-07T02:42:43.703+0000] {processor.py:925} INFO - DAG(s) 'example_task_group' retrieved from /home/Ashreem/airflow-env/lib/python3.12/site-packages/airflow/example_dags/example_task_group.py
[2025-03-07T02:42:43.723+0000] {logging_mixin.py:190} INFO - [2025-03-07T02:42:43.723+0000] {dag.py:3239} INFO - Sync 1 DAGs
[2025-03-07T02:42:43.739+0000] {logging_mixin.py:190} INFO - [2025-03-07T02:42:43.738+0000] {dag.py:4180} INFO - Setting next_dagrun for example_task_group to None, run_after=None
[2025-03-07T02:42:43.779+0000] {processor.py:208} INFO - Processing /home/Ashreem/airflow-env/lib/python3.12/site-packages/airflow/example_dags/example_task_group.py took 0.099 seconds
[2025-03-07T02:43:47.503+0000] {processor.py:186} INFO - Started process (PID=47012) to work on /home/Ashreem/airflow-env/lib/python3.12/site-packages/airflow/example_dags/example_task_group.py
[2025-03-07T02:43:47.504+0000] {processor.py:914} INFO - Processing file /home/Ashreem/airflow-env/lib/python3.12/site-packages/airflow/example_dags/example_task_group.py for tasks to queue
[2025-03-07T02:43:47.508+0000] {logging_mixin.py:190} INFO - [2025-03-07T02:43:47.508+0000] {dagbag.py:588} INFO - Filling up the DagBag from /home/Ashreem/airflow-env/lib/python3.12/site-packages/airflow/example_dags/example_task_group.py
[2025-03-07T02:43:47.519+0000] {processor.py:925} INFO - DAG(s) 'example_task_group' retrieved from /home/Ashreem/airflow-env/lib/python3.12/site-packages/airflow/example_dags/example_task_group.py
[2025-03-07T02:43:47.541+0000] {logging_mixin.py:190} INFO - [2025-03-07T02:43:47.540+0000] {dag.py:3239} INFO - Sync 1 DAGs
[2025-03-07T02:43:47.561+0000] {logging_mixin.py:190} INFO - [2025-03-07T02:43:47.560+0000] {dag.py:4180} INFO - Setting next_dagrun for example_task_group to None, run_after=None
[2025-03-07T02:43:47.607+0000] {processor.py:208} INFO - Processing /home/Ashreem/airflow-env/lib/python3.12/site-packages/airflow/example_dags/example_task_group.py took 0.113 seconds
[2025-03-07T02:44:49.033+0000] {processor.py:186} INFO - Started process (PID=47087) to work on /home/Ashreem/airflow-env/lib/python3.12/site-packages/airflow/example_dags/example_task_group.py
[2025-03-07T02:44:49.034+0000] {processor.py:914} INFO - Processing file /home/Ashreem/airflow-env/lib/python3.12/site-packages/airflow/example_dags/example_task_group.py for tasks to queue
[2025-03-07T02:44:49.047+0000] {logging_mixin.py:190} INFO - [2025-03-07T02:44:49.047+0000] {dagbag.py:588} INFO - Filling up the DagBag from /home/Ashreem/airflow-env/lib/python3.12/site-packages/airflow/example_dags/example_task_group.py
[2025-03-07T02:44:49.060+0000] {processor.py:925} INFO - DAG(s) 'example_task_group' retrieved from /home/Ashreem/airflow-env/lib/python3.12/site-packages/airflow/example_dags/example_task_group.py
[2025-03-07T02:44:49.082+0000] {logging_mixin.py:190} INFO - [2025-03-07T02:44:49.082+0000] {dag.py:3239} INFO - Sync 1 DAGs
[2025-03-07T02:44:49.097+0000] {logging_mixin.py:190} INFO - [2025-03-07T02:44:49.097+0000] {dag.py:4180} INFO - Setting next_dagrun for example_task_group to None, run_after=None
[2025-03-07T02:44:49.137+0000] {processor.py:208} INFO - Processing /home/Ashreem/airflow-env/lib/python3.12/site-packages/airflow/example_dags/example_task_group.py took 0.112 seconds
[2025-03-07T02:45:52.813+0000] {processor.py:186} INFO - Started process (PID=47157) to work on /home/Ashreem/airflow-env/lib/python3.12/site-packages/airflow/example_dags/example_task_group.py
[2025-03-07T02:45:52.815+0000] {processor.py:914} INFO - Processing file /home/Ashreem/airflow-env/lib/python3.12/site-packages/airflow/example_dags/example_task_group.py for tasks to queue
[2025-03-07T02:45:52.818+0000] {logging_mixin.py:190} INFO - [2025-03-07T02:45:52.818+0000] {dagbag.py:588} INFO - Filling up the DagBag from /home/Ashreem/airflow-env/lib/python3.12/site-packages/airflow/example_dags/example_task_group.py
[2025-03-07T02:45:52.829+0000] {processor.py:925} INFO - DAG(s) 'example_task_group' retrieved from /home/Ashreem/airflow-env/lib/python3.12/site-packages/airflow/example_dags/example_task_group.py
[2025-03-07T02:45:52.854+0000] {logging_mixin.py:190} INFO - [2025-03-07T02:45:52.853+0000] {dag.py:3239} INFO - Sync 1 DAGs
[2025-03-07T02:45:52.869+0000] {logging_mixin.py:190} INFO - [2025-03-07T02:45:52.869+0000] {dag.py:4180} INFO - Setting next_dagrun for example_task_group to None, run_after=None
[2025-03-07T02:45:52.906+0000] {processor.py:208} INFO - Processing /home/Ashreem/airflow-env/lib/python3.12/site-packages/airflow/example_dags/example_task_group.py took 0.102 seconds
[2025-03-07T02:46:55.116+0000] {processor.py:186} INFO - Started process (PID=47218) to work on /home/Ashreem/airflow-env/lib/python3.12/site-packages/airflow/example_dags/example_task_group.py
[2025-03-07T02:46:55.118+0000] {processor.py:914} INFO - Processing file /home/Ashreem/airflow-env/lib/python3.12/site-packages/airflow/example_dags/example_task_group.py for tasks to queue
[2025-03-07T02:46:55.121+0000] {logging_mixin.py:190} INFO - [2025-03-07T02:46:55.121+0000] {dagbag.py:588} INFO - Filling up the DagBag from /home/Ashreem/airflow-env/lib/python3.12/site-packages/airflow/example_dags/example_task_group.py
[2025-03-07T02:46:55.135+0000] {processor.py:925} INFO - DAG(s) 'example_task_group' retrieved from /home/Ashreem/airflow-env/lib/python3.12/site-packages/airflow/example_dags/example_task_group.py
[2025-03-07T02:46:55.158+0000] {logging_mixin.py:190} INFO - [2025-03-07T02:46:55.158+0000] {dag.py:3239} INFO - Sync 1 DAGs
[2025-03-07T02:46:55.178+0000] {logging_mixin.py:190} INFO - [2025-03-07T02:46:55.178+0000] {dag.py:4180} INFO - Setting next_dagrun for example_task_group to None, run_after=None
[2025-03-07T02:46:55.214+0000] {processor.py:208} INFO - Processing /home/Ashreem/airflow-env/lib/python3.12/site-packages/airflow/example_dags/example_task_group.py took 0.105 seconds
[2025-03-07T02:48:00.686+0000] {processor.py:186} INFO - Started process (PID=47280) to work on /home/Ashreem/airflow-env/lib/python3.12/site-packages/airflow/example_dags/example_task_group.py
[2025-03-07T02:48:00.688+0000] {processor.py:914} INFO - Processing file /home/Ashreem/airflow-env/lib/python3.12/site-packages/airflow/example_dags/example_task_group.py for tasks to queue
[2025-03-07T02:48:00.691+0000] {logging_mixin.py:190} INFO - [2025-03-07T02:48:00.691+0000] {dagbag.py:588} INFO - Filling up the DagBag from /home/Ashreem/airflow-env/lib/python3.12/site-packages/airflow/example_dags/example_task_group.py
[2025-03-07T02:48:00.704+0000] {processor.py:925} INFO - DAG(s) 'example_task_group' retrieved from /home/Ashreem/airflow-env/lib/python3.12/site-packages/airflow/example_dags/example_task_group.py
[2025-03-07T02:48:00.726+0000] {logging_mixin.py:190} INFO - [2025-03-07T02:48:00.726+0000] {dag.py:3239} INFO - Sync 1 DAGs
[2025-03-07T02:48:00.742+0000] {logging_mixin.py:190} INFO - [2025-03-07T02:48:00.742+0000] {dag.py:4180} INFO - Setting next_dagrun for example_task_group to None, run_after=None
[2025-03-07T02:48:00.777+0000] {processor.py:208} INFO - Processing /home/Ashreem/airflow-env/lib/python3.12/site-packages/airflow/example_dags/example_task_group.py took 0.100 seconds
[2025-03-07T02:49:09.041+0000] {processor.py:186} INFO - Started process (PID=47361) to work on /home/Ashreem/airflow-env/lib/python3.12/site-packages/airflow/example_dags/example_task_group.py
[2025-03-07T02:49:09.042+0000] {processor.py:914} INFO - Processing file /home/Ashreem/airflow-env/lib/python3.12/site-packages/airflow/example_dags/example_task_group.py for tasks to queue
[2025-03-07T02:49:09.045+0000] {logging_mixin.py:190} INFO - [2025-03-07T02:49:09.045+0000] {dagbag.py:588} INFO - Filling up the DagBag from /home/Ashreem/airflow-env/lib/python3.12/site-packages/airflow/example_dags/example_task_group.py
[2025-03-07T02:49:09.058+0000] {processor.py:925} INFO - DAG(s) 'example_task_group' retrieved from /home/Ashreem/airflow-env/lib/python3.12/site-packages/airflow/example_dags/example_task_group.py
[2025-03-07T02:49:09.079+0000] {logging_mixin.py:190} INFO - [2025-03-07T02:49:09.079+0000] {dag.py:3239} INFO - Sync 1 DAGs
[2025-03-07T02:49:09.095+0000] {logging_mixin.py:190} INFO - [2025-03-07T02:49:09.095+0000] {dag.py:4180} INFO - Setting next_dagrun for example_task_group to None, run_after=None
[2025-03-07T02:49:09.140+0000] {processor.py:208} INFO - Processing /home/Ashreem/airflow-env/lib/python3.12/site-packages/airflow/example_dags/example_task_group.py took 0.108 seconds
[2025-03-07T02:50:17.485+0000] {processor.py:186} INFO - Started process (PID=47435) to work on /home/Ashreem/airflow-env/lib/python3.12/site-packages/airflow/example_dags/example_task_group.py
[2025-03-07T02:50:17.486+0000] {processor.py:914} INFO - Processing file /home/Ashreem/airflow-env/lib/python3.12/site-packages/airflow/example_dags/example_task_group.py for tasks to queue
[2025-03-07T02:50:17.489+0000] {logging_mixin.py:190} INFO - [2025-03-07T02:50:17.489+0000] {dagbag.py:588} INFO - Filling up the DagBag from /home/Ashreem/airflow-env/lib/python3.12/site-packages/airflow/example_dags/example_task_group.py
[2025-03-07T02:50:17.503+0000] {processor.py:925} INFO - DAG(s) 'example_task_group' retrieved from /home/Ashreem/airflow-env/lib/python3.12/site-packages/airflow/example_dags/example_task_group.py
[2025-03-07T02:50:17.524+0000] {logging_mixin.py:190} INFO - [2025-03-07T02:50:17.524+0000] {dag.py:3239} INFO - Sync 1 DAGs
[2025-03-07T02:50:17.540+0000] {logging_mixin.py:190} INFO - [2025-03-07T02:50:17.540+0000] {dag.py:4180} INFO - Setting next_dagrun for example_task_group to None, run_after=None
[2025-03-07T02:50:17.579+0000] {processor.py:208} INFO - Processing /home/Ashreem/airflow-env/lib/python3.12/site-packages/airflow/example_dags/example_task_group.py took 0.101 seconds
[2025-03-07T02:51:16.814+0000] {processor.py:186} INFO - Started process (PID=47499) to work on /home/Ashreem/airflow-env/lib/python3.12/site-packages/airflow/example_dags/example_task_group.py
[2025-03-07T02:51:16.815+0000] {processor.py:914} INFO - Processing file /home/Ashreem/airflow-env/lib/python3.12/site-packages/airflow/example_dags/example_task_group.py for tasks to queue
[2025-03-07T02:51:16.821+0000] {logging_mixin.py:190} INFO - [2025-03-07T02:51:16.820+0000] {dagbag.py:588} INFO - Filling up the DagBag from /home/Ashreem/airflow-env/lib/python3.12/site-packages/airflow/example_dags/example_task_group.py
[2025-03-07T02:51:16.834+0000] {processor.py:925} INFO - DAG(s) 'example_task_group' retrieved from /home/Ashreem/airflow-env/lib/python3.12/site-packages/airflow/example_dags/example_task_group.py
[2025-03-07T02:51:16.856+0000] {logging_mixin.py:190} INFO - [2025-03-07T02:51:16.856+0000] {dag.py:3239} INFO - Sync 1 DAGs
[2025-03-07T02:51:16.873+0000] {logging_mixin.py:190} INFO - [2025-03-07T02:51:16.873+0000] {dag.py:4180} INFO - Setting next_dagrun for example_task_group to None, run_after=None
[2025-03-07T02:51:16.911+0000] {processor.py:208} INFO - Processing /home/Ashreem/airflow-env/lib/python3.12/site-packages/airflow/example_dags/example_task_group.py took 0.104 seconds
[2025-03-07T02:52:22.162+0000] {processor.py:186} INFO - Started process (PID=47566) to work on /home/Ashreem/airflow-env/lib/python3.12/site-packages/airflow/example_dags/example_task_group.py
[2025-03-07T02:52:22.163+0000] {processor.py:914} INFO - Processing file /home/Ashreem/airflow-env/lib/python3.12/site-packages/airflow/example_dags/example_task_group.py for tasks to queue
[2025-03-07T02:52:22.166+0000] {logging_mixin.py:190} INFO - [2025-03-07T02:52:22.166+0000] {dagbag.py:588} INFO - Filling up the DagBag from /home/Ashreem/airflow-env/lib/python3.12/site-packages/airflow/example_dags/example_task_group.py
[2025-03-07T02:52:22.178+0000] {processor.py:925} INFO - DAG(s) 'example_task_group' retrieved from /home/Ashreem/airflow-env/lib/python3.12/site-packages/airflow/example_dags/example_task_group.py
[2025-03-07T02:52:22.197+0000] {logging_mixin.py:190} INFO - [2025-03-07T02:52:22.197+0000] {dag.py:3239} INFO - Sync 1 DAGs
[2025-03-07T02:52:22.213+0000] {logging_mixin.py:190} INFO - [2025-03-07T02:52:22.213+0000] {dag.py:4180} INFO - Setting next_dagrun for example_task_group to None, run_after=None
[2025-03-07T02:52:22.254+0000] {processor.py:208} INFO - Processing /home/Ashreem/airflow-env/lib/python3.12/site-packages/airflow/example_dags/example_task_group.py took 0.099 seconds
[2025-03-07T02:53:26.854+0000] {processor.py:186} INFO - Started process (PID=47629) to work on /home/Ashreem/airflow-env/lib/python3.12/site-packages/airflow/example_dags/example_task_group.py
[2025-03-07T02:53:26.856+0000] {processor.py:914} INFO - Processing file /home/Ashreem/airflow-env/lib/python3.12/site-packages/airflow/example_dags/example_task_group.py for tasks to queue
[2025-03-07T02:53:26.859+0000] {logging_mixin.py:190} INFO - [2025-03-07T02:53:26.859+0000] {dagbag.py:588} INFO - Filling up the DagBag from /home/Ashreem/airflow-env/lib/python3.12/site-packages/airflow/example_dags/example_task_group.py
[2025-03-07T02:53:26.871+0000] {processor.py:925} INFO - DAG(s) 'example_task_group' retrieved from /home/Ashreem/airflow-env/lib/python3.12/site-packages/airflow/example_dags/example_task_group.py
[2025-03-07T02:53:26.894+0000] {logging_mixin.py:190} INFO - [2025-03-07T02:53:26.893+0000] {dag.py:3239} INFO - Sync 1 DAGs
[2025-03-07T02:53:26.913+0000] {logging_mixin.py:190} INFO - [2025-03-07T02:53:26.912+0000] {dag.py:4180} INFO - Setting next_dagrun for example_task_group to None, run_after=None
[2025-03-07T02:53:26.951+0000] {processor.py:208} INFO - Processing /home/Ashreem/airflow-env/lib/python3.12/site-packages/airflow/example_dags/example_task_group.py took 0.105 seconds
[2025-03-07T02:54:29.322+0000] {processor.py:186} INFO - Started process (PID=47694) to work on /home/Ashreem/airflow-env/lib/python3.12/site-packages/airflow/example_dags/example_task_group.py
[2025-03-07T02:54:29.325+0000] {processor.py:914} INFO - Processing file /home/Ashreem/airflow-env/lib/python3.12/site-packages/airflow/example_dags/example_task_group.py for tasks to queue
[2025-03-07T02:54:29.327+0000] {logging_mixin.py:190} INFO - [2025-03-07T02:54:29.327+0000] {dagbag.py:588} INFO - Filling up the DagBag from /home/Ashreem/airflow-env/lib/python3.12/site-packages/airflow/example_dags/example_task_group.py
[2025-03-07T02:54:29.342+0000] {processor.py:925} INFO - DAG(s) 'example_task_group' retrieved from /home/Ashreem/airflow-env/lib/python3.12/site-packages/airflow/example_dags/example_task_group.py
[2025-03-07T02:54:29.364+0000] {logging_mixin.py:190} INFO - [2025-03-07T02:54:29.363+0000] {dag.py:3239} INFO - Sync 1 DAGs
[2025-03-07T02:54:29.383+0000] {logging_mixin.py:190} INFO - [2025-03-07T02:54:29.383+0000] {dag.py:4180} INFO - Setting next_dagrun for example_task_group to None, run_after=None
[2025-03-07T02:54:29.420+0000] {processor.py:208} INFO - Processing /home/Ashreem/airflow-env/lib/python3.12/site-packages/airflow/example_dags/example_task_group.py took 0.106 seconds
[2025-03-07T02:55:30.153+0000] {processor.py:186} INFO - Started process (PID=47825) to work on /home/Ashreem/airflow-env/lib/python3.12/site-packages/airflow/example_dags/example_task_group.py
[2025-03-07T02:55:30.154+0000] {processor.py:914} INFO - Processing file /home/Ashreem/airflow-env/lib/python3.12/site-packages/airflow/example_dags/example_task_group.py for tasks to queue
[2025-03-07T02:55:30.160+0000] {logging_mixin.py:190} INFO - [2025-03-07T02:55:30.156+0000] {dagbag.py:588} INFO - Filling up the DagBag from /home/Ashreem/airflow-env/lib/python3.12/site-packages/airflow/example_dags/example_task_group.py
[2025-03-07T02:55:30.173+0000] {processor.py:925} INFO - DAG(s) 'example_task_group' retrieved from /home/Ashreem/airflow-env/lib/python3.12/site-packages/airflow/example_dags/example_task_group.py
[2025-03-07T02:55:30.195+0000] {logging_mixin.py:190} INFO - [2025-03-07T02:55:30.195+0000] {dag.py:3239} INFO - Sync 1 DAGs
[2025-03-07T02:55:30.211+0000] {logging_mixin.py:190} INFO - [2025-03-07T02:55:30.211+0000] {dag.py:4180} INFO - Setting next_dagrun for example_task_group to None, run_after=None
[2025-03-07T02:55:30.245+0000] {processor.py:208} INFO - Processing /home/Ashreem/airflow-env/lib/python3.12/site-packages/airflow/example_dags/example_task_group.py took 0.101 seconds
[2025-03-07T02:56:30.752+0000] {processor.py:186} INFO - Started process (PID=47930) to work on /home/Ashreem/airflow-env/lib/python3.12/site-packages/airflow/example_dags/example_task_group.py
[2025-03-07T02:56:30.753+0000] {processor.py:914} INFO - Processing file /home/Ashreem/airflow-env/lib/python3.12/site-packages/airflow/example_dags/example_task_group.py for tasks to queue
[2025-03-07T02:56:30.756+0000] {logging_mixin.py:190} INFO - [2025-03-07T02:56:30.756+0000] {dagbag.py:588} INFO - Filling up the DagBag from /home/Ashreem/airflow-env/lib/python3.12/site-packages/airflow/example_dags/example_task_group.py
[2025-03-07T02:56:30.770+0000] {processor.py:925} INFO - DAG(s) 'example_task_group' retrieved from /home/Ashreem/airflow-env/lib/python3.12/site-packages/airflow/example_dags/example_task_group.py
[2025-03-07T02:56:30.799+0000] {logging_mixin.py:190} INFO - [2025-03-07T02:56:30.799+0000] {dag.py:3239} INFO - Sync 1 DAGs
[2025-03-07T02:56:30.814+0000] {logging_mixin.py:190} INFO - [2025-03-07T02:56:30.814+0000] {dag.py:4180} INFO - Setting next_dagrun for example_task_group to None, run_after=None
[2025-03-07T02:56:30.849+0000] {processor.py:208} INFO - Processing /home/Ashreem/airflow-env/lib/python3.12/site-packages/airflow/example_dags/example_task_group.py took 0.106 seconds
[2025-03-07T02:56:36.130+0000] {processor.py:186} INFO - Started process (PID=47939) to work on /home/Ashreem/airflow-env/lib/python3.12/site-packages/airflow/example_dags/example_task_group.py
[2025-03-07T02:56:36.131+0000] {processor.py:914} INFO - Processing file /home/Ashreem/airflow-env/lib/python3.12/site-packages/airflow/example_dags/example_task_group.py for tasks to queue
[2025-03-07T02:56:36.136+0000] {logging_mixin.py:190} INFO - [2025-03-07T02:56:36.135+0000] {dagbag.py:588} INFO - Filling up the DagBag from /home/Ashreem/airflow-env/lib/python3.12/site-packages/airflow/example_dags/example_task_group.py
[2025-03-07T02:56:36.149+0000] {processor.py:925} INFO - DAG(s) 'example_task_group' retrieved from /home/Ashreem/airflow-env/lib/python3.12/site-packages/airflow/example_dags/example_task_group.py
[2025-03-07T02:56:36.170+0000] {logging_mixin.py:190} INFO - [2025-03-07T02:56:36.170+0000] {dag.py:3239} INFO - Sync 1 DAGs
[2025-03-07T02:56:36.192+0000] {logging_mixin.py:190} INFO - [2025-03-07T02:56:36.192+0000] {dag.py:4180} INFO - Setting next_dagrun for example_task_group to None, run_after=None
[2025-03-07T02:56:36.228+0000] {processor.py:208} INFO - Processing /home/Ashreem/airflow-env/lib/python3.12/site-packages/airflow/example_dags/example_task_group.py took 0.107 seconds
[2025-03-07T02:57:40.545+0000] {processor.py:186} INFO - Started process (PID=48044) to work on /home/Ashreem/airflow-env/lib/python3.12/site-packages/airflow/example_dags/example_task_group.py
[2025-03-07T02:57:40.546+0000] {processor.py:914} INFO - Processing file /home/Ashreem/airflow-env/lib/python3.12/site-packages/airflow/example_dags/example_task_group.py for tasks to queue
[2025-03-07T02:57:40.550+0000] {logging_mixin.py:190} INFO - [2025-03-07T02:57:40.549+0000] {dagbag.py:588} INFO - Filling up the DagBag from /home/Ashreem/airflow-env/lib/python3.12/site-packages/airflow/example_dags/example_task_group.py
[2025-03-07T02:57:40.561+0000] {processor.py:925} INFO - DAG(s) 'example_task_group' retrieved from /home/Ashreem/airflow-env/lib/python3.12/site-packages/airflow/example_dags/example_task_group.py
[2025-03-07T02:57:40.581+0000] {logging_mixin.py:190} INFO - [2025-03-07T02:57:40.581+0000] {dag.py:3239} INFO - Sync 1 DAGs
[2025-03-07T02:57:40.597+0000] {logging_mixin.py:190} INFO - [2025-03-07T02:57:40.597+0000] {dag.py:4180} INFO - Setting next_dagrun for example_task_group to None, run_after=None
[2025-03-07T02:57:40.637+0000] {processor.py:208} INFO - Processing /home/Ashreem/airflow-env/lib/python3.12/site-packages/airflow/example_dags/example_task_group.py took 0.100 seconds
[2025-03-07T02:58:44.954+0000] {processor.py:186} INFO - Started process (PID=48119) to work on /home/Ashreem/airflow-env/lib/python3.12/site-packages/airflow/example_dags/example_task_group.py
[2025-03-07T02:58:44.956+0000] {processor.py:914} INFO - Processing file /home/Ashreem/airflow-env/lib/python3.12/site-packages/airflow/example_dags/example_task_group.py for tasks to queue
[2025-03-07T02:58:44.959+0000] {logging_mixin.py:190} INFO - [2025-03-07T02:58:44.959+0000] {dagbag.py:588} INFO - Filling up the DagBag from /home/Ashreem/airflow-env/lib/python3.12/site-packages/airflow/example_dags/example_task_group.py
[2025-03-07T02:58:44.971+0000] {processor.py:925} INFO - DAG(s) 'example_task_group' retrieved from /home/Ashreem/airflow-env/lib/python3.12/site-packages/airflow/example_dags/example_task_group.py
[2025-03-07T02:58:44.994+0000] {logging_mixin.py:190} INFO - [2025-03-07T02:58:44.993+0000] {dag.py:3239} INFO - Sync 1 DAGs
[2025-03-07T02:58:45.011+0000] {logging_mixin.py:190} INFO - [2025-03-07T02:58:45.010+0000] {dag.py:4180} INFO - Setting next_dagrun for example_task_group to None, run_after=None
[2025-03-07T02:58:45.053+0000] {processor.py:208} INFO - Processing /home/Ashreem/airflow-env/lib/python3.12/site-packages/airflow/example_dags/example_task_group.py took 0.110 seconds
[2025-03-07T02:59:51.211+0000] {processor.py:186} INFO - Started process (PID=48233) to work on /home/Ashreem/airflow-env/lib/python3.12/site-packages/airflow/example_dags/example_task_group.py
[2025-03-07T02:59:51.213+0000] {processor.py:914} INFO - Processing file /home/Ashreem/airflow-env/lib/python3.12/site-packages/airflow/example_dags/example_task_group.py for tasks to queue
[2025-03-07T02:59:51.217+0000] {logging_mixin.py:190} INFO - [2025-03-07T02:59:51.217+0000] {dagbag.py:588} INFO - Filling up the DagBag from /home/Ashreem/airflow-env/lib/python3.12/site-packages/airflow/example_dags/example_task_group.py
[2025-03-07T02:59:51.228+0000] {processor.py:925} INFO - DAG(s) 'example_task_group' retrieved from /home/Ashreem/airflow-env/lib/python3.12/site-packages/airflow/example_dags/example_task_group.py
[2025-03-07T02:59:51.257+0000] {logging_mixin.py:190} INFO - [2025-03-07T02:59:51.257+0000] {dag.py:3239} INFO - Sync 1 DAGs
[2025-03-07T02:59:51.274+0000] {logging_mixin.py:190} INFO - [2025-03-07T02:59:51.274+0000] {dag.py:4180} INFO - Setting next_dagrun for example_task_group to None, run_after=None
[2025-03-07T02:59:51.312+0000] {processor.py:208} INFO - Processing /home/Ashreem/airflow-env/lib/python3.12/site-packages/airflow/example_dags/example_task_group.py took 0.108 seconds
[2025-03-07T03:00:58.469+0000] {processor.py:186} INFO - Started process (PID=48346) to work on /home/Ashreem/airflow-env/lib/python3.12/site-packages/airflow/example_dags/example_task_group.py
[2025-03-07T03:00:58.471+0000] {processor.py:914} INFO - Processing file /home/Ashreem/airflow-env/lib/python3.12/site-packages/airflow/example_dags/example_task_group.py for tasks to queue
[2025-03-07T03:00:58.474+0000] {logging_mixin.py:190} INFO - [2025-03-07T03:00:58.474+0000] {dagbag.py:588} INFO - Filling up the DagBag from /home/Ashreem/airflow-env/lib/python3.12/site-packages/airflow/example_dags/example_task_group.py
[2025-03-07T03:00:58.488+0000] {processor.py:925} INFO - DAG(s) 'example_task_group' retrieved from /home/Ashreem/airflow-env/lib/python3.12/site-packages/airflow/example_dags/example_task_group.py
[2025-03-07T03:00:58.511+0000] {logging_mixin.py:190} INFO - [2025-03-07T03:00:58.511+0000] {dag.py:3239} INFO - Sync 1 DAGs
[2025-03-07T03:00:58.527+0000] {logging_mixin.py:190} INFO - [2025-03-07T03:00:58.527+0000] {dag.py:4180} INFO - Setting next_dagrun for example_task_group to None, run_after=None
[2025-03-07T03:00:58.567+0000] {processor.py:208} INFO - Processing /home/Ashreem/airflow-env/lib/python3.12/site-packages/airflow/example_dags/example_task_group.py took 0.106 seconds
[2025-03-07T03:01:59.475+0000] {processor.py:186} INFO - Started process (PID=48411) to work on /home/Ashreem/airflow-env/lib/python3.12/site-packages/airflow/example_dags/example_task_group.py
[2025-03-07T03:01:59.477+0000] {processor.py:914} INFO - Processing file /home/Ashreem/airflow-env/lib/python3.12/site-packages/airflow/example_dags/example_task_group.py for tasks to queue
[2025-03-07T03:01:59.481+0000] {logging_mixin.py:190} INFO - [2025-03-07T03:01:59.480+0000] {dagbag.py:588} INFO - Filling up the DagBag from /home/Ashreem/airflow-env/lib/python3.12/site-packages/airflow/example_dags/example_task_group.py
[2025-03-07T03:01:59.493+0000] {processor.py:925} INFO - DAG(s) 'example_task_group' retrieved from /home/Ashreem/airflow-env/lib/python3.12/site-packages/airflow/example_dags/example_task_group.py
[2025-03-07T03:01:59.515+0000] {logging_mixin.py:190} INFO - [2025-03-07T03:01:59.515+0000] {dag.py:3239} INFO - Sync 1 DAGs
[2025-03-07T03:01:59.532+0000] {logging_mixin.py:190} INFO - [2025-03-07T03:01:59.531+0000] {dag.py:4180} INFO - Setting next_dagrun for example_task_group to None, run_after=None
[2025-03-07T03:01:59.573+0000] {processor.py:208} INFO - Processing /home/Ashreem/airflow-env/lib/python3.12/site-packages/airflow/example_dags/example_task_group.py took 0.106 seconds
[2025-03-07T03:03:00.143+0000] {processor.py:186} INFO - Started process (PID=48542) to work on /home/Ashreem/airflow-env/lib/python3.12/site-packages/airflow/example_dags/example_task_group.py
[2025-03-07T03:03:00.144+0000] {processor.py:914} INFO - Processing file /home/Ashreem/airflow-env/lib/python3.12/site-packages/airflow/example_dags/example_task_group.py for tasks to queue
[2025-03-07T03:03:00.148+0000] {logging_mixin.py:190} INFO - [2025-03-07T03:03:00.147+0000] {dagbag.py:588} INFO - Filling up the DagBag from /home/Ashreem/airflow-env/lib/python3.12/site-packages/airflow/example_dags/example_task_group.py
[2025-03-07T03:03:00.161+0000] {processor.py:925} INFO - DAG(s) 'example_task_group' retrieved from /home/Ashreem/airflow-env/lib/python3.12/site-packages/airflow/example_dags/example_task_group.py
[2025-03-07T03:03:00.188+0000] {logging_mixin.py:190} INFO - [2025-03-07T03:03:00.187+0000] {dag.py:3239} INFO - Sync 1 DAGs
[2025-03-07T03:03:00.206+0000] {logging_mixin.py:190} INFO - [2025-03-07T03:03:00.205+0000] {dag.py:4180} INFO - Setting next_dagrun for example_task_group to None, run_after=None
[2025-03-07T03:03:00.246+0000] {processor.py:208} INFO - Processing /home/Ashreem/airflow-env/lib/python3.12/site-packages/airflow/example_dags/example_task_group.py took 0.111 seconds
[2025-03-07T03:03:45.852+0000] {processor.py:186} INFO - Started process (PID=48615) to work on /home/Ashreem/airflow-env/lib/python3.12/site-packages/airflow/example_dags/example_task_group.py
[2025-03-07T03:03:45.853+0000] {processor.py:914} INFO - Processing file /home/Ashreem/airflow-env/lib/python3.12/site-packages/airflow/example_dags/example_task_group.py for tasks to queue
[2025-03-07T03:03:45.857+0000] {logging_mixin.py:190} INFO - [2025-03-07T03:03:45.856+0000] {dagbag.py:588} INFO - Filling up the DagBag from /home/Ashreem/airflow-env/lib/python3.12/site-packages/airflow/example_dags/example_task_group.py
[2025-03-07T03:03:45.870+0000] {processor.py:925} INFO - DAG(s) 'example_task_group' retrieved from /home/Ashreem/airflow-env/lib/python3.12/site-packages/airflow/example_dags/example_task_group.py
[2025-03-07T03:03:45.900+0000] {logging_mixin.py:190} INFO - [2025-03-07T03:03:45.900+0000] {dag.py:3239} INFO - Sync 1 DAGs
[2025-03-07T03:03:45.916+0000] {logging_mixin.py:190} INFO - [2025-03-07T03:03:45.916+0000] {dag.py:4180} INFO - Setting next_dagrun for example_task_group to None, run_after=None
[2025-03-07T03:03:45.956+0000] {processor.py:208} INFO - Processing /home/Ashreem/airflow-env/lib/python3.12/site-packages/airflow/example_dags/example_task_group.py took 0.112 seconds
[2025-03-07T03:04:48.145+0000] {processor.py:186} INFO - Started process (PID=48683) to work on /home/Ashreem/airflow-env/lib/python3.12/site-packages/airflow/example_dags/example_task_group.py
[2025-03-07T03:04:48.146+0000] {processor.py:914} INFO - Processing file /home/Ashreem/airflow-env/lib/python3.12/site-packages/airflow/example_dags/example_task_group.py for tasks to queue
[2025-03-07T03:04:48.149+0000] {logging_mixin.py:190} INFO - [2025-03-07T03:04:48.149+0000] {dagbag.py:588} INFO - Filling up the DagBag from /home/Ashreem/airflow-env/lib/python3.12/site-packages/airflow/example_dags/example_task_group.py
[2025-03-07T03:04:48.164+0000] {processor.py:925} INFO - DAG(s) 'example_task_group' retrieved from /home/Ashreem/airflow-env/lib/python3.12/site-packages/airflow/example_dags/example_task_group.py
[2025-03-07T03:04:48.186+0000] {logging_mixin.py:190} INFO - [2025-03-07T03:04:48.185+0000] {dag.py:3239} INFO - Sync 1 DAGs
[2025-03-07T03:04:48.202+0000] {logging_mixin.py:190} INFO - [2025-03-07T03:04:48.202+0000] {dag.py:4180} INFO - Setting next_dagrun for example_task_group to None, run_after=None
[2025-03-07T03:04:48.243+0000] {processor.py:208} INFO - Processing /home/Ashreem/airflow-env/lib/python3.12/site-packages/airflow/example_dags/example_task_group.py took 0.106 seconds
[2025-03-07T03:05:48.177+0000] {processor.py:186} INFO - Started process (PID=48932) to work on /home/Ashreem/airflow-env/lib/python3.12/site-packages/airflow/example_dags/example_task_group.py
[2025-03-07T03:05:48.179+0000] {processor.py:914} INFO - Processing file /home/Ashreem/airflow-env/lib/python3.12/site-packages/airflow/example_dags/example_task_group.py for tasks to queue
[2025-03-07T03:05:48.183+0000] {logging_mixin.py:190} INFO - [2025-03-07T03:05:48.183+0000] {dagbag.py:588} INFO - Filling up the DagBag from /home/Ashreem/airflow-env/lib/python3.12/site-packages/airflow/example_dags/example_task_group.py
[2025-03-07T03:05:48.196+0000] {processor.py:925} INFO - DAG(s) 'example_task_group' retrieved from /home/Ashreem/airflow-env/lib/python3.12/site-packages/airflow/example_dags/example_task_group.py
[2025-03-07T03:05:48.220+0000] {logging_mixin.py:190} INFO - [2025-03-07T03:05:48.220+0000] {dag.py:3239} INFO - Sync 1 DAGs
[2025-03-07T03:05:48.236+0000] {logging_mixin.py:190} INFO - [2025-03-07T03:05:48.236+0000] {dag.py:4180} INFO - Setting next_dagrun for example_task_group to None, run_after=None
[2025-03-07T03:05:48.273+0000] {processor.py:208} INFO - Processing /home/Ashreem/airflow-env/lib/python3.12/site-packages/airflow/example_dags/example_task_group.py took 0.104 seconds
[2025-03-07T03:06:55.134+0000] {processor.py:186} INFO - Started process (PID=49002) to work on /home/Ashreem/airflow-env/lib/python3.12/site-packages/airflow/example_dags/example_task_group.py
[2025-03-07T03:06:55.136+0000] {processor.py:914} INFO - Processing file /home/Ashreem/airflow-env/lib/python3.12/site-packages/airflow/example_dags/example_task_group.py for tasks to queue
[2025-03-07T03:06:55.140+0000] {logging_mixin.py:190} INFO - [2025-03-07T03:06:55.139+0000] {dagbag.py:588} INFO - Filling up the DagBag from /home/Ashreem/airflow-env/lib/python3.12/site-packages/airflow/example_dags/example_task_group.py
[2025-03-07T03:06:55.154+0000] {processor.py:925} INFO - DAG(s) 'example_task_group' retrieved from /home/Ashreem/airflow-env/lib/python3.12/site-packages/airflow/example_dags/example_task_group.py
[2025-03-07T03:06:55.178+0000] {logging_mixin.py:190} INFO - [2025-03-07T03:06:55.177+0000] {dag.py:3239} INFO - Sync 1 DAGs
[2025-03-07T03:06:55.196+0000] {logging_mixin.py:190} INFO - [2025-03-07T03:06:55.196+0000] {dag.py:4180} INFO - Setting next_dagrun for example_task_group to None, run_after=None
[2025-03-07T03:06:55.237+0000] {processor.py:208} INFO - Processing /home/Ashreem/airflow-env/lib/python3.12/site-packages/airflow/example_dags/example_task_group.py took 0.111 seconds
[2025-03-07T03:08:01.641+0000] {processor.py:186} INFO - Started process (PID=49083) to work on /home/Ashreem/airflow-env/lib/python3.12/site-packages/airflow/example_dags/example_task_group.py
[2025-03-07T03:08:01.642+0000] {processor.py:914} INFO - Processing file /home/Ashreem/airflow-env/lib/python3.12/site-packages/airflow/example_dags/example_task_group.py for tasks to queue
[2025-03-07T03:08:01.645+0000] {logging_mixin.py:190} INFO - [2025-03-07T03:08:01.645+0000] {dagbag.py:588} INFO - Filling up the DagBag from /home/Ashreem/airflow-env/lib/python3.12/site-packages/airflow/example_dags/example_task_group.py
[2025-03-07T03:08:01.658+0000] {processor.py:925} INFO - DAG(s) 'example_task_group' retrieved from /home/Ashreem/airflow-env/lib/python3.12/site-packages/airflow/example_dags/example_task_group.py
[2025-03-07T03:08:01.689+0000] {logging_mixin.py:190} INFO - [2025-03-07T03:08:01.689+0000] {dag.py:3239} INFO - Sync 1 DAGs
[2025-03-07T03:08:01.709+0000] {logging_mixin.py:190} INFO - [2025-03-07T03:08:01.708+0000] {dag.py:4180} INFO - Setting next_dagrun for example_task_group to None, run_after=None
[2025-03-07T03:08:01.748+0000] {processor.py:208} INFO - Processing /home/Ashreem/airflow-env/lib/python3.12/site-packages/airflow/example_dags/example_task_group.py took 0.116 seconds
[2025-03-07T03:09:03.922+0000] {processor.py:186} INFO - Started process (PID=49155) to work on /home/Ashreem/airflow-env/lib/python3.12/site-packages/airflow/example_dags/example_task_group.py
[2025-03-07T03:09:03.924+0000] {processor.py:914} INFO - Processing file /home/Ashreem/airflow-env/lib/python3.12/site-packages/airflow/example_dags/example_task_group.py for tasks to queue
[2025-03-07T03:09:03.927+0000] {logging_mixin.py:190} INFO - [2025-03-07T03:09:03.926+0000] {dagbag.py:588} INFO - Filling up the DagBag from /home/Ashreem/airflow-env/lib/python3.12/site-packages/airflow/example_dags/example_task_group.py
[2025-03-07T03:09:03.941+0000] {processor.py:925} INFO - DAG(s) 'example_task_group' retrieved from /home/Ashreem/airflow-env/lib/python3.12/site-packages/airflow/example_dags/example_task_group.py
[2025-03-07T03:09:03.966+0000] {logging_mixin.py:190} INFO - [2025-03-07T03:09:03.965+0000] {dag.py:3239} INFO - Sync 1 DAGs
[2025-03-07T03:09:03.983+0000] {logging_mixin.py:190} INFO - [2025-03-07T03:09:03.982+0000] {dag.py:4180} INFO - Setting next_dagrun for example_task_group to None, run_after=None
[2025-03-07T03:09:04.025+0000] {processor.py:208} INFO - Processing /home/Ashreem/airflow-env/lib/python3.12/site-packages/airflow/example_dags/example_task_group.py took 0.111 seconds
[2025-03-07T03:10:03.935+0000] {processor.py:186} INFO - Started process (PID=49217) to work on /home/Ashreem/airflow-env/lib/python3.12/site-packages/airflow/example_dags/example_task_group.py
[2025-03-07T03:10:03.937+0000] {processor.py:914} INFO - Processing file /home/Ashreem/airflow-env/lib/python3.12/site-packages/airflow/example_dags/example_task_group.py for tasks to queue
[2025-03-07T03:10:03.940+0000] {logging_mixin.py:190} INFO - [2025-03-07T03:10:03.939+0000] {dagbag.py:588} INFO - Filling up the DagBag from /home/Ashreem/airflow-env/lib/python3.12/site-packages/airflow/example_dags/example_task_group.py
[2025-03-07T03:10:03.953+0000] {processor.py:925} INFO - DAG(s) 'example_task_group' retrieved from /home/Ashreem/airflow-env/lib/python3.12/site-packages/airflow/example_dags/example_task_group.py
[2025-03-07T03:10:03.978+0000] {logging_mixin.py:190} INFO - [2025-03-07T03:10:03.977+0000] {dag.py:3239} INFO - Sync 1 DAGs
[2025-03-07T03:10:03.995+0000] {logging_mixin.py:190} INFO - [2025-03-07T03:10:03.995+0000] {dag.py:4180} INFO - Setting next_dagrun for example_task_group to None, run_after=None
[2025-03-07T03:10:04.031+0000] {processor.py:208} INFO - Processing /home/Ashreem/airflow-env/lib/python3.12/site-packages/airflow/example_dags/example_task_group.py took 0.103 seconds
