[2025-03-07T02:31:17.100+0000] {processor.py:186} INFO - Started process (PID=46017) to work on /home/Ashreem/airflow-env/lib/python3.12/site-packages/airflow/example_dags/example_branch_python_dop_operator_3.py
[2025-03-07T02:31:17.101+0000] {processor.py:914} INFO - Processing file /home/Ashreem/airflow-env/lib/python3.12/site-packages/airflow/example_dags/example_branch_python_dop_operator_3.py for tasks to queue
[2025-03-07T02:31:17.103+0000] {logging_mixin.py:190} INFO - [2025-03-07T02:31:17.103+0000] {dagbag.py:588} INFO - Filling up the DagBag from /home/Ashreem/airflow-env/lib/python3.12/site-packages/airflow/example_dags/example_branch_python_dop_operator_3.py
[2025-03-07T02:31:17.118+0000] {processor.py:925} INFO - DAG(s) 'example_branch_dop_operator_v3' retrieved from /home/Ashreem/airflow-env/lib/python3.12/site-packages/airflow/example_dags/example_branch_python_dop_operator_3.py
[2025-03-07T02:31:17.282+0000] {logging_mixin.py:190} INFO - [2025-03-07T02:31:17.282+0000] {override.py:1930} INFO - Created Permission View: can read on DAG:example_branch_dop_operator_v3
[2025-03-07T02:31:17.306+0000] {logging_mixin.py:190} INFO - [2025-03-07T02:31:17.306+0000] {override.py:1930} INFO - Created Permission View: can delete on DAG:example_branch_dop_operator_v3
[2025-03-07T02:31:17.327+0000] {logging_mixin.py:190} INFO - [2025-03-07T02:31:17.327+0000] {override.py:1930} INFO - Created Permission View: can edit on DAG:example_branch_dop_operator_v3
[2025-03-07T02:31:17.364+0000] {logging_mixin.py:190} INFO - [2025-03-07T02:31:17.364+0000] {override.py:1930} INFO - Created Permission View: can read on DAG Run:example_branch_dop_operator_v3
[2025-03-07T02:31:17.393+0000] {logging_mixin.py:190} INFO - [2025-03-07T02:31:17.392+0000] {override.py:1930} INFO - Created Permission View: can delete on DAG Run:example_branch_dop_operator_v3
[2025-03-07T02:31:17.415+0000] {logging_mixin.py:190} INFO - [2025-03-07T02:31:17.414+0000] {override.py:1930} INFO - Created Permission View: menu access on DAG Run:example_branch_dop_operator_v3
[2025-03-07T02:31:17.434+0000] {logging_mixin.py:190} INFO - [2025-03-07T02:31:17.433+0000] {override.py:1930} INFO - Created Permission View: can create on DAG Run:example_branch_dop_operator_v3
[2025-03-07T02:31:17.434+0000] {logging_mixin.py:190} INFO - [2025-03-07T02:31:17.434+0000] {dag.py:3239} INFO - Sync 1 DAGs
[2025-03-07T02:31:17.449+0000] {logging_mixin.py:190} INFO - [2025-03-07T02:31:17.449+0000] {dag.py:3262} INFO - Creating ORM DAG for example_branch_dop_operator_v3
[2025-03-07T02:31:17.463+0000] {logging_mixin.py:190} INFO - [2025-03-07T02:31:17.463+0000] {dag.py:4180} INFO - Setting next_dagrun for example_branch_dop_operator_v3 to 2025-03-07 02:30:00+00:00, run_after=2025-03-07 02:31:00+00:00
[2025-03-07T02:31:17.506+0000] {processor.py:208} INFO - Processing /home/Ashreem/airflow-env/lib/python3.12/site-packages/airflow/example_dags/example_branch_python_dop_operator_3.py took 0.414 seconds
[2025-03-07T02:33:42.967+0000] {processor.py:186} INFO - Started process (PID=46252) to work on /home/Ashreem/airflow-env/lib/python3.12/site-packages/airflow/example_dags/example_branch_python_dop_operator_3.py
[2025-03-07T02:33:42.969+0000] {processor.py:914} INFO - Processing file /home/Ashreem/airflow-env/lib/python3.12/site-packages/airflow/example_dags/example_branch_python_dop_operator_3.py for tasks to queue
[2025-03-07T02:33:42.971+0000] {logging_mixin.py:190} INFO - [2025-03-07T02:33:42.971+0000] {dagbag.py:588} INFO - Filling up the DagBag from /home/Ashreem/airflow-env/lib/python3.12/site-packages/airflow/example_dags/example_branch_python_dop_operator_3.py
[2025-03-07T02:33:42.986+0000] {processor.py:925} INFO - DAG(s) 'example_branch_dop_operator_v3' retrieved from /home/Ashreem/airflow-env/lib/python3.12/site-packages/airflow/example_dags/example_branch_python_dop_operator_3.py
[2025-03-07T02:33:43.006+0000] {logging_mixin.py:190} INFO - [2025-03-07T02:33:43.006+0000] {dag.py:3239} INFO - Sync 1 DAGs
[2025-03-07T02:33:43.039+0000] {logging_mixin.py:190} INFO - [2025-03-07T02:33:43.038+0000] {dag.py:4180} INFO - Setting next_dagrun for example_branch_dop_operator_v3 to 2025-03-07 02:32:00+00:00, run_after=2025-03-07 02:33:00+00:00
[2025-03-07T02:33:43.080+0000] {processor.py:208} INFO - Processing /home/Ashreem/airflow-env/lib/python3.12/site-packages/airflow/example_dags/example_branch_python_dop_operator_3.py took 0.120 seconds
[2025-03-07T02:34:55.850+0000] {processor.py:186} INFO - Started process (PID=46458) to work on /home/Ashreem/airflow-env/lib/python3.12/site-packages/airflow/example_dags/example_branch_python_dop_operator_3.py
[2025-03-07T02:34:55.852+0000] {processor.py:914} INFO - Processing file /home/Ashreem/airflow-env/lib/python3.12/site-packages/airflow/example_dags/example_branch_python_dop_operator_3.py for tasks to queue
[2025-03-07T02:34:55.855+0000] {logging_mixin.py:190} INFO - [2025-03-07T02:34:55.854+0000] {dagbag.py:588} INFO - Filling up the DagBag from /home/Ashreem/airflow-env/lib/python3.12/site-packages/airflow/example_dags/example_branch_python_dop_operator_3.py
[2025-03-07T02:34:55.872+0000] {processor.py:925} INFO - DAG(s) 'example_branch_dop_operator_v3' retrieved from /home/Ashreem/airflow-env/lib/python3.12/site-packages/airflow/example_dags/example_branch_python_dop_operator_3.py
[2025-03-07T02:34:55.891+0000] {logging_mixin.py:190} INFO - [2025-03-07T02:34:55.891+0000] {dag.py:3239} INFO - Sync 1 DAGs
[2025-03-07T02:34:55.919+0000] {logging_mixin.py:190} INFO - [2025-03-07T02:34:55.918+0000] {dag.py:4180} INFO - Setting next_dagrun for example_branch_dop_operator_v3 to 2025-03-07 02:33:00+00:00, run_after=2025-03-07 02:34:00+00:00
[2025-03-07T02:34:55.959+0000] {processor.py:208} INFO - Processing /home/Ashreem/airflow-env/lib/python3.12/site-packages/airflow/example_dags/example_branch_python_dop_operator_3.py took 0.117 seconds
[2025-03-07T02:36:00.714+0000] {processor.py:186} INFO - Started process (PID=46526) to work on /home/Ashreem/airflow-env/lib/python3.12/site-packages/airflow/example_dags/example_branch_python_dop_operator_3.py
[2025-03-07T02:36:00.716+0000] {processor.py:914} INFO - Processing file /home/Ashreem/airflow-env/lib/python3.12/site-packages/airflow/example_dags/example_branch_python_dop_operator_3.py for tasks to queue
[2025-03-07T02:36:00.719+0000] {logging_mixin.py:190} INFO - [2025-03-07T02:36:00.719+0000] {dagbag.py:588} INFO - Filling up the DagBag from /home/Ashreem/airflow-env/lib/python3.12/site-packages/airflow/example_dags/example_branch_python_dop_operator_3.py
[2025-03-07T02:36:00.739+0000] {processor.py:925} INFO - DAG(s) 'example_branch_dop_operator_v3' retrieved from /home/Ashreem/airflow-env/lib/python3.12/site-packages/airflow/example_dags/example_branch_python_dop_operator_3.py
[2025-03-07T02:36:00.759+0000] {logging_mixin.py:190} INFO - [2025-03-07T02:36:00.759+0000] {dag.py:3239} INFO - Sync 1 DAGs
[2025-03-07T02:36:00.786+0000] {logging_mixin.py:190} INFO - [2025-03-07T02:36:00.786+0000] {dag.py:4180} INFO - Setting next_dagrun for example_branch_dop_operator_v3 to 2025-03-07 02:35:00+00:00, run_after=2025-03-07 02:36:00+00:00
[2025-03-07T02:36:00.826+0000] {processor.py:208} INFO - Processing /home/Ashreem/airflow-env/lib/python3.12/site-packages/airflow/example_dags/example_branch_python_dop_operator_3.py took 0.123 seconds
[2025-03-07T02:37:08.895+0000] {processor.py:186} INFO - Started process (PID=46595) to work on /home/Ashreem/airflow-env/lib/python3.12/site-packages/airflow/example_dags/example_branch_python_dop_operator_3.py
[2025-03-07T02:37:08.897+0000] {processor.py:914} INFO - Processing file /home/Ashreem/airflow-env/lib/python3.12/site-packages/airflow/example_dags/example_branch_python_dop_operator_3.py for tasks to queue
[2025-03-07T02:37:08.900+0000] {logging_mixin.py:190} INFO - [2025-03-07T02:37:08.899+0000] {dagbag.py:588} INFO - Filling up the DagBag from /home/Ashreem/airflow-env/lib/python3.12/site-packages/airflow/example_dags/example_branch_python_dop_operator_3.py
[2025-03-07T02:37:08.913+0000] {processor.py:925} INFO - DAG(s) 'example_branch_dop_operator_v3' retrieved from /home/Ashreem/airflow-env/lib/python3.12/site-packages/airflow/example_dags/example_branch_python_dop_operator_3.py
[2025-03-07T02:37:08.931+0000] {logging_mixin.py:190} INFO - [2025-03-07T02:37:08.931+0000] {dag.py:3239} INFO - Sync 1 DAGs
[2025-03-07T02:37:08.959+0000] {logging_mixin.py:190} INFO - [2025-03-07T02:37:08.959+0000] {dag.py:4180} INFO - Setting next_dagrun for example_branch_dop_operator_v3 to 2025-03-07 02:36:00+00:00, run_after=2025-03-07 02:37:00+00:00
[2025-03-07T02:37:08.995+0000] {processor.py:208} INFO - Processing /home/Ashreem/airflow-env/lib/python3.12/site-packages/airflow/example_dags/example_branch_python_dop_operator_3.py took 0.107 seconds
[2025-03-07T02:38:10.907+0000] {processor.py:186} INFO - Started process (PID=46655) to work on /home/Ashreem/airflow-env/lib/python3.12/site-packages/airflow/example_dags/example_branch_python_dop_operator_3.py
[2025-03-07T02:38:10.909+0000] {processor.py:914} INFO - Processing file /home/Ashreem/airflow-env/lib/python3.12/site-packages/airflow/example_dags/example_branch_python_dop_operator_3.py for tasks to queue
[2025-03-07T02:38:10.912+0000] {logging_mixin.py:190} INFO - [2025-03-07T02:38:10.911+0000] {dagbag.py:588} INFO - Filling up the DagBag from /home/Ashreem/airflow-env/lib/python3.12/site-packages/airflow/example_dags/example_branch_python_dop_operator_3.py
[2025-03-07T02:38:10.926+0000] {processor.py:925} INFO - DAG(s) 'example_branch_dop_operator_v3' retrieved from /home/Ashreem/airflow-env/lib/python3.12/site-packages/airflow/example_dags/example_branch_python_dop_operator_3.py
[2025-03-07T02:38:10.945+0000] {logging_mixin.py:190} INFO - [2025-03-07T02:38:10.945+0000] {dag.py:3239} INFO - Sync 1 DAGs
[2025-03-07T02:38:10.975+0000] {logging_mixin.py:190} INFO - [2025-03-07T02:38:10.975+0000] {dag.py:4180} INFO - Setting next_dagrun for example_branch_dop_operator_v3 to 2025-03-07 02:37:00+00:00, run_after=2025-03-07 02:38:00+00:00
[2025-03-07T02:38:11.015+0000] {processor.py:208} INFO - Processing /home/Ashreem/airflow-env/lib/python3.12/site-packages/airflow/example_dags/example_branch_python_dop_operator_3.py took 0.115 seconds
[2025-03-07T02:39:13.800+0000] {processor.py:186} INFO - Started process (PID=46725) to work on /home/Ashreem/airflow-env/lib/python3.12/site-packages/airflow/example_dags/example_branch_python_dop_operator_3.py
[2025-03-07T02:39:13.802+0000] {processor.py:914} INFO - Processing file /home/Ashreem/airflow-env/lib/python3.12/site-packages/airflow/example_dags/example_branch_python_dop_operator_3.py for tasks to queue
[2025-03-07T02:39:13.805+0000] {logging_mixin.py:190} INFO - [2025-03-07T02:39:13.804+0000] {dagbag.py:588} INFO - Filling up the DagBag from /home/Ashreem/airflow-env/lib/python3.12/site-packages/airflow/example_dags/example_branch_python_dop_operator_3.py
[2025-03-07T02:39:13.820+0000] {processor.py:925} INFO - DAG(s) 'example_branch_dop_operator_v3' retrieved from /home/Ashreem/airflow-env/lib/python3.12/site-packages/airflow/example_dags/example_branch_python_dop_operator_3.py
[2025-03-07T02:39:13.841+0000] {logging_mixin.py:190} INFO - [2025-03-07T02:39:13.841+0000] {dag.py:3239} INFO - Sync 1 DAGs
[2025-03-07T02:39:13.871+0000] {logging_mixin.py:190} INFO - [2025-03-07T02:39:13.871+0000] {dag.py:4180} INFO - Setting next_dagrun for example_branch_dop_operator_v3 to 2025-03-07 02:38:00+00:00, run_after=2025-03-07 02:39:00+00:00
[2025-03-07T02:39:13.915+0000] {processor.py:208} INFO - Processing /home/Ashreem/airflow-env/lib/python3.12/site-packages/airflow/example_dags/example_branch_python_dop_operator_3.py took 0.123 seconds
[2025-03-07T02:40:17.545+0000] {processor.py:186} INFO - Started process (PID=46787) to work on /home/Ashreem/airflow-env/lib/python3.12/site-packages/airflow/example_dags/example_branch_python_dop_operator_3.py
[2025-03-07T02:40:17.546+0000] {processor.py:914} INFO - Processing file /home/Ashreem/airflow-env/lib/python3.12/site-packages/airflow/example_dags/example_branch_python_dop_operator_3.py for tasks to queue
[2025-03-07T02:40:17.549+0000] {logging_mixin.py:190} INFO - [2025-03-07T02:40:17.549+0000] {dagbag.py:588} INFO - Filling up the DagBag from /home/Ashreem/airflow-env/lib/python3.12/site-packages/airflow/example_dags/example_branch_python_dop_operator_3.py
[2025-03-07T02:40:17.567+0000] {processor.py:925} INFO - DAG(s) 'example_branch_dop_operator_v3' retrieved from /home/Ashreem/airflow-env/lib/python3.12/site-packages/airflow/example_dags/example_branch_python_dop_operator_3.py
[2025-03-07T02:40:17.588+0000] {logging_mixin.py:190} INFO - [2025-03-07T02:40:17.588+0000] {dag.py:3239} INFO - Sync 1 DAGs
[2025-03-07T02:40:17.616+0000] {logging_mixin.py:190} INFO - [2025-03-07T02:40:17.616+0000] {dag.py:4180} INFO - Setting next_dagrun for example_branch_dop_operator_v3 to 2025-03-07 02:39:00+00:00, run_after=2025-03-07 02:40:00+00:00
[2025-03-07T02:40:17.664+0000] {processor.py:208} INFO - Processing /home/Ashreem/airflow-env/lib/python3.12/site-packages/airflow/example_dags/example_branch_python_dop_operator_3.py took 0.128 seconds
[2025-03-07T02:41:20.153+0000] {processor.py:186} INFO - Started process (PID=46853) to work on /home/Ashreem/airflow-env/lib/python3.12/site-packages/airflow/example_dags/example_branch_python_dop_operator_3.py
[2025-03-07T02:41:20.155+0000] {processor.py:914} INFO - Processing file /home/Ashreem/airflow-env/lib/python3.12/site-packages/airflow/example_dags/example_branch_python_dop_operator_3.py for tasks to queue
[2025-03-07T02:41:20.158+0000] {logging_mixin.py:190} INFO - [2025-03-07T02:41:20.157+0000] {dagbag.py:588} INFO - Filling up the DagBag from /home/Ashreem/airflow-env/lib/python3.12/site-packages/airflow/example_dags/example_branch_python_dop_operator_3.py
[2025-03-07T02:41:20.173+0000] {processor.py:925} INFO - DAG(s) 'example_branch_dop_operator_v3' retrieved from /home/Ashreem/airflow-env/lib/python3.12/site-packages/airflow/example_dags/example_branch_python_dop_operator_3.py
[2025-03-07T02:41:20.192+0000] {logging_mixin.py:190} INFO - [2025-03-07T02:41:20.192+0000] {dag.py:3239} INFO - Sync 1 DAGs
[2025-03-07T02:41:20.224+0000] {logging_mixin.py:190} INFO - [2025-03-07T02:41:20.223+0000] {dag.py:4180} INFO - Setting next_dagrun for example_branch_dop_operator_v3 to 2025-03-07 02:40:00+00:00, run_after=2025-03-07 02:41:00+00:00
[2025-03-07T02:41:20.264+0000] {processor.py:208} INFO - Processing /home/Ashreem/airflow-env/lib/python3.12/site-packages/airflow/example_dags/example_branch_python_dop_operator_3.py took 0.119 seconds
[2025-03-07T02:42:23.927+0000] {processor.py:186} INFO - Started process (PID=46914) to work on /home/Ashreem/airflow-env/lib/python3.12/site-packages/airflow/example_dags/example_branch_python_dop_operator_3.py
[2025-03-07T02:42:23.929+0000] {processor.py:914} INFO - Processing file /home/Ashreem/airflow-env/lib/python3.12/site-packages/airflow/example_dags/example_branch_python_dop_operator_3.py for tasks to queue
[2025-03-07T02:42:23.931+0000] {logging_mixin.py:190} INFO - [2025-03-07T02:42:23.931+0000] {dagbag.py:588} INFO - Filling up the DagBag from /home/Ashreem/airflow-env/lib/python3.12/site-packages/airflow/example_dags/example_branch_python_dop_operator_3.py
[2025-03-07T02:42:23.948+0000] {processor.py:925} INFO - DAG(s) 'example_branch_dop_operator_v3' retrieved from /home/Ashreem/airflow-env/lib/python3.12/site-packages/airflow/example_dags/example_branch_python_dop_operator_3.py
[2025-03-07T02:42:23.970+0000] {logging_mixin.py:190} INFO - [2025-03-07T02:42:23.970+0000] {dag.py:3239} INFO - Sync 1 DAGs
[2025-03-07T02:42:24.001+0000] {logging_mixin.py:190} INFO - [2025-03-07T02:42:24.001+0000] {dag.py:4180} INFO - Setting next_dagrun for example_branch_dop_operator_v3 to 2025-03-07 02:41:00+00:00, run_after=2025-03-07 02:42:00+00:00
[2025-03-07T02:42:24.045+0000] {processor.py:208} INFO - Processing /home/Ashreem/airflow-env/lib/python3.12/site-packages/airflow/example_dags/example_branch_python_dop_operator_3.py took 0.127 seconds
[2025-03-07T02:43:28.191+0000] {processor.py:186} INFO - Started process (PID=46989) to work on /home/Ashreem/airflow-env/lib/python3.12/site-packages/airflow/example_dags/example_branch_python_dop_operator_3.py
[2025-03-07T02:43:28.193+0000] {processor.py:914} INFO - Processing file /home/Ashreem/airflow-env/lib/python3.12/site-packages/airflow/example_dags/example_branch_python_dop_operator_3.py for tasks to queue
[2025-03-07T02:43:28.196+0000] {logging_mixin.py:190} INFO - [2025-03-07T02:43:28.195+0000] {dagbag.py:588} INFO - Filling up the DagBag from /home/Ashreem/airflow-env/lib/python3.12/site-packages/airflow/example_dags/example_branch_python_dop_operator_3.py
[2025-03-07T02:43:28.221+0000] {processor.py:925} INFO - DAG(s) 'example_branch_dop_operator_v3' retrieved from /home/Ashreem/airflow-env/lib/python3.12/site-packages/airflow/example_dags/example_branch_python_dop_operator_3.py
[2025-03-07T02:43:28.249+0000] {logging_mixin.py:190} INFO - [2025-03-07T02:43:28.249+0000] {dag.py:3239} INFO - Sync 1 DAGs
[2025-03-07T02:43:28.280+0000] {logging_mixin.py:190} INFO - [2025-03-07T02:43:28.279+0000] {dag.py:4180} INFO - Setting next_dagrun for example_branch_dop_operator_v3 to 2025-03-07 02:42:00+00:00, run_after=2025-03-07 02:43:00+00:00
[2025-03-07T02:43:28.314+0000] {processor.py:208} INFO - Processing /home/Ashreem/airflow-env/lib/python3.12/site-packages/airflow/example_dags/example_branch_python_dop_operator_3.py took 0.130 seconds
[2025-03-07T02:44:31.617+0000] {processor.py:186} INFO - Started process (PID=47067) to work on /home/Ashreem/airflow-env/lib/python3.12/site-packages/airflow/example_dags/example_branch_python_dop_operator_3.py
[2025-03-07T02:44:31.619+0000] {processor.py:914} INFO - Processing file /home/Ashreem/airflow-env/lib/python3.12/site-packages/airflow/example_dags/example_branch_python_dop_operator_3.py for tasks to queue
[2025-03-07T02:44:31.621+0000] {logging_mixin.py:190} INFO - [2025-03-07T02:44:31.621+0000] {dagbag.py:588} INFO - Filling up the DagBag from /home/Ashreem/airflow-env/lib/python3.12/site-packages/airflow/example_dags/example_branch_python_dop_operator_3.py
[2025-03-07T02:44:31.636+0000] {processor.py:925} INFO - DAG(s) 'example_branch_dop_operator_v3' retrieved from /home/Ashreem/airflow-env/lib/python3.12/site-packages/airflow/example_dags/example_branch_python_dop_operator_3.py
[2025-03-07T02:44:31.655+0000] {logging_mixin.py:190} INFO - [2025-03-07T02:44:31.655+0000] {dag.py:3239} INFO - Sync 1 DAGs
[2025-03-07T02:44:31.684+0000] {logging_mixin.py:190} INFO - [2025-03-07T02:44:31.684+0000] {dag.py:4180} INFO - Setting next_dagrun for example_branch_dop_operator_v3 to 2025-03-07 02:43:00+00:00, run_after=2025-03-07 02:44:00+00:00
[2025-03-07T02:44:31.729+0000] {processor.py:208} INFO - Processing /home/Ashreem/airflow-env/lib/python3.12/site-packages/airflow/example_dags/example_branch_python_dop_operator_3.py took 0.123 seconds
[2025-03-07T02:45:34.127+0000] {processor.py:186} INFO - Started process (PID=47135) to work on /home/Ashreem/airflow-env/lib/python3.12/site-packages/airflow/example_dags/example_branch_python_dop_operator_3.py
[2025-03-07T02:45:34.128+0000] {processor.py:914} INFO - Processing file /home/Ashreem/airflow-env/lib/python3.12/site-packages/airflow/example_dags/example_branch_python_dop_operator_3.py for tasks to queue
[2025-03-07T02:45:34.131+0000] {logging_mixin.py:190} INFO - [2025-03-07T02:45:34.131+0000] {dagbag.py:588} INFO - Filling up the DagBag from /home/Ashreem/airflow-env/lib/python3.12/site-packages/airflow/example_dags/example_branch_python_dop_operator_3.py
[2025-03-07T02:45:34.146+0000] {processor.py:925} INFO - DAG(s) 'example_branch_dop_operator_v3' retrieved from /home/Ashreem/airflow-env/lib/python3.12/site-packages/airflow/example_dags/example_branch_python_dop_operator_3.py
[2025-03-07T02:45:34.169+0000] {logging_mixin.py:190} INFO - [2025-03-07T02:45:34.168+0000] {dag.py:3239} INFO - Sync 1 DAGs
[2025-03-07T02:45:34.202+0000] {logging_mixin.py:190} INFO - [2025-03-07T02:45:34.201+0000] {dag.py:4180} INFO - Setting next_dagrun for example_branch_dop_operator_v3 to 2025-03-07 02:44:00+00:00, run_after=2025-03-07 02:45:00+00:00
[2025-03-07T02:45:34.238+0000] {processor.py:208} INFO - Processing /home/Ashreem/airflow-env/lib/python3.12/site-packages/airflow/example_dags/example_branch_python_dop_operator_3.py took 0.119 seconds
[2025-03-07T02:46:38.153+0000] {processor.py:186} INFO - Started process (PID=47201) to work on /home/Ashreem/airflow-env/lib/python3.12/site-packages/airflow/example_dags/example_branch_python_dop_operator_3.py
[2025-03-07T02:46:38.155+0000] {processor.py:914} INFO - Processing file /home/Ashreem/airflow-env/lib/python3.12/site-packages/airflow/example_dags/example_branch_python_dop_operator_3.py for tasks to queue
[2025-03-07T02:46:38.158+0000] {logging_mixin.py:190} INFO - [2025-03-07T02:46:38.157+0000] {dagbag.py:588} INFO - Filling up the DagBag from /home/Ashreem/airflow-env/lib/python3.12/site-packages/airflow/example_dags/example_branch_python_dop_operator_3.py
[2025-03-07T02:46:38.172+0000] {processor.py:925} INFO - DAG(s) 'example_branch_dop_operator_v3' retrieved from /home/Ashreem/airflow-env/lib/python3.12/site-packages/airflow/example_dags/example_branch_python_dop_operator_3.py
[2025-03-07T02:46:38.193+0000] {logging_mixin.py:190} INFO - [2025-03-07T02:46:38.192+0000] {dag.py:3239} INFO - Sync 1 DAGs
[2025-03-07T02:46:38.223+0000] {logging_mixin.py:190} INFO - [2025-03-07T02:46:38.222+0000] {dag.py:4180} INFO - Setting next_dagrun for example_branch_dop_operator_v3 to 2025-03-07 02:45:00+00:00, run_after=2025-03-07 02:46:00+00:00
[2025-03-07T02:46:38.263+0000] {processor.py:208} INFO - Processing /home/Ashreem/airflow-env/lib/python3.12/site-packages/airflow/example_dags/example_branch_python_dop_operator_3.py took 0.119 seconds
[2025-03-07T02:47:41.436+0000] {processor.py:186} INFO - Started process (PID=47261) to work on /home/Ashreem/airflow-env/lib/python3.12/site-packages/airflow/example_dags/example_branch_python_dop_operator_3.py
[2025-03-07T02:47:41.438+0000] {processor.py:914} INFO - Processing file /home/Ashreem/airflow-env/lib/python3.12/site-packages/airflow/example_dags/example_branch_python_dop_operator_3.py for tasks to queue
[2025-03-07T02:47:41.441+0000] {logging_mixin.py:190} INFO - [2025-03-07T02:47:41.440+0000] {dagbag.py:588} INFO - Filling up the DagBag from /home/Ashreem/airflow-env/lib/python3.12/site-packages/airflow/example_dags/example_branch_python_dop_operator_3.py
[2025-03-07T02:47:41.456+0000] {processor.py:925} INFO - DAG(s) 'example_branch_dop_operator_v3' retrieved from /home/Ashreem/airflow-env/lib/python3.12/site-packages/airflow/example_dags/example_branch_python_dop_operator_3.py
[2025-03-07T02:47:41.475+0000] {logging_mixin.py:190} INFO - [2025-03-07T02:47:41.475+0000] {dag.py:3239} INFO - Sync 1 DAGs
[2025-03-07T02:47:41.502+0000] {logging_mixin.py:190} INFO - [2025-03-07T02:47:41.502+0000] {dag.py:4180} INFO - Setting next_dagrun for example_branch_dop_operator_v3 to 2025-03-07 02:46:00+00:00, run_after=2025-03-07 02:47:00+00:00
[2025-03-07T02:47:41.540+0000] {processor.py:208} INFO - Processing /home/Ashreem/airflow-env/lib/python3.12/site-packages/airflow/example_dags/example_branch_python_dop_operator_3.py took 0.112 seconds
[2025-03-07T02:48:51.166+0000] {processor.py:186} INFO - Started process (PID=47341) to work on /home/Ashreem/airflow-env/lib/python3.12/site-packages/airflow/example_dags/example_branch_python_dop_operator_3.py
[2025-03-07T02:48:51.167+0000] {processor.py:914} INFO - Processing file /home/Ashreem/airflow-env/lib/python3.12/site-packages/airflow/example_dags/example_branch_python_dop_operator_3.py for tasks to queue
[2025-03-07T02:48:51.171+0000] {logging_mixin.py:190} INFO - [2025-03-07T02:48:51.170+0000] {dagbag.py:588} INFO - Filling up the DagBag from /home/Ashreem/airflow-env/lib/python3.12/site-packages/airflow/example_dags/example_branch_python_dop_operator_3.py
[2025-03-07T02:48:51.185+0000] {processor.py:925} INFO - DAG(s) 'example_branch_dop_operator_v3' retrieved from /home/Ashreem/airflow-env/lib/python3.12/site-packages/airflow/example_dags/example_branch_python_dop_operator_3.py
[2025-03-07T02:48:51.205+0000] {logging_mixin.py:190} INFO - [2025-03-07T02:48:51.204+0000] {dag.py:3239} INFO - Sync 1 DAGs
[2025-03-07T02:48:51.234+0000] {logging_mixin.py:190} INFO - [2025-03-07T02:48:51.233+0000] {dag.py:4180} INFO - Setting next_dagrun for example_branch_dop_operator_v3 to 2025-03-07 02:47:00+00:00, run_after=2025-03-07 02:48:00+00:00
[2025-03-07T02:48:51.272+0000] {processor.py:208} INFO - Processing /home/Ashreem/airflow-env/lib/python3.12/site-packages/airflow/example_dags/example_branch_python_dop_operator_3.py took 0.117 seconds
[2025-03-07T02:49:56.372+0000] {processor.py:186} INFO - Started process (PID=47413) to work on /home/Ashreem/airflow-env/lib/python3.12/site-packages/airflow/example_dags/example_branch_python_dop_operator_3.py
[2025-03-07T02:49:56.373+0000] {processor.py:914} INFO - Processing file /home/Ashreem/airflow-env/lib/python3.12/site-packages/airflow/example_dags/example_branch_python_dop_operator_3.py for tasks to queue
[2025-03-07T02:49:56.376+0000] {logging_mixin.py:190} INFO - [2025-03-07T02:49:56.375+0000] {dagbag.py:588} INFO - Filling up the DagBag from /home/Ashreem/airflow-env/lib/python3.12/site-packages/airflow/example_dags/example_branch_python_dop_operator_3.py
[2025-03-07T02:49:56.391+0000] {processor.py:925} INFO - DAG(s) 'example_branch_dop_operator_v3' retrieved from /home/Ashreem/airflow-env/lib/python3.12/site-packages/airflow/example_dags/example_branch_python_dop_operator_3.py
[2025-03-07T02:49:56.414+0000] {logging_mixin.py:190} INFO - [2025-03-07T02:49:56.414+0000] {dag.py:3239} INFO - Sync 1 DAGs
[2025-03-07T02:49:56.443+0000] {logging_mixin.py:190} INFO - [2025-03-07T02:49:56.443+0000] {dag.py:4180} INFO - Setting next_dagrun for example_branch_dop_operator_v3 to 2025-03-07 02:48:00+00:00, run_after=2025-03-07 02:49:00+00:00
[2025-03-07T02:49:56.483+0000] {processor.py:208} INFO - Processing /home/Ashreem/airflow-env/lib/python3.12/site-packages/airflow/example_dags/example_branch_python_dop_operator_3.py took 0.123 seconds
[2025-03-07T02:50:59.172+0000] {processor.py:186} INFO - Started process (PID=47482) to work on /home/Ashreem/airflow-env/lib/python3.12/site-packages/airflow/example_dags/example_branch_python_dop_operator_3.py
[2025-03-07T02:50:59.173+0000] {processor.py:914} INFO - Processing file /home/Ashreem/airflow-env/lib/python3.12/site-packages/airflow/example_dags/example_branch_python_dop_operator_3.py for tasks to queue
[2025-03-07T02:50:59.176+0000] {logging_mixin.py:190} INFO - [2025-03-07T02:50:59.176+0000] {dagbag.py:588} INFO - Filling up the DagBag from /home/Ashreem/airflow-env/lib/python3.12/site-packages/airflow/example_dags/example_branch_python_dop_operator_3.py
[2025-03-07T02:50:59.192+0000] {processor.py:925} INFO - DAG(s) 'example_branch_dop_operator_v3' retrieved from /home/Ashreem/airflow-env/lib/python3.12/site-packages/airflow/example_dags/example_branch_python_dop_operator_3.py
[2025-03-07T02:50:59.212+0000] {logging_mixin.py:190} INFO - [2025-03-07T02:50:59.211+0000] {dag.py:3239} INFO - Sync 1 DAGs
[2025-03-07T02:50:59.244+0000] {logging_mixin.py:190} INFO - [2025-03-07T02:50:59.243+0000] {dag.py:4180} INFO - Setting next_dagrun for example_branch_dop_operator_v3 to 2025-03-07 02:49:00+00:00, run_after=2025-03-07 02:50:00+00:00
[2025-03-07T02:50:59.281+0000] {processor.py:208} INFO - Processing /home/Ashreem/airflow-env/lib/python3.12/site-packages/airflow/example_dags/example_branch_python_dop_operator_3.py took 0.118 seconds
[2025-03-07T02:52:02.883+0000] {processor.py:186} INFO - Started process (PID=47543) to work on /home/Ashreem/airflow-env/lib/python3.12/site-packages/airflow/example_dags/example_branch_python_dop_operator_3.py
[2025-03-07T02:52:02.885+0000] {processor.py:914} INFO - Processing file /home/Ashreem/airflow-env/lib/python3.12/site-packages/airflow/example_dags/example_branch_python_dop_operator_3.py for tasks to queue
[2025-03-07T02:52:02.888+0000] {logging_mixin.py:190} INFO - [2025-03-07T02:52:02.887+0000] {dagbag.py:588} INFO - Filling up the DagBag from /home/Ashreem/airflow-env/lib/python3.12/site-packages/airflow/example_dags/example_branch_python_dop_operator_3.py
[2025-03-07T02:52:02.903+0000] {processor.py:925} INFO - DAG(s) 'example_branch_dop_operator_v3' retrieved from /home/Ashreem/airflow-env/lib/python3.12/site-packages/airflow/example_dags/example_branch_python_dop_operator_3.py
[2025-03-07T02:52:02.923+0000] {logging_mixin.py:190} INFO - [2025-03-07T02:52:02.923+0000] {dag.py:3239} INFO - Sync 1 DAGs
[2025-03-07T02:52:02.956+0000] {logging_mixin.py:190} INFO - [2025-03-07T02:52:02.956+0000] {dag.py:4180} INFO - Setting next_dagrun for example_branch_dop_operator_v3 to 2025-03-07 02:51:00+00:00, run_after=2025-03-07 02:52:00+00:00
[2025-03-07T02:52:02.994+0000] {processor.py:208} INFO - Processing /home/Ashreem/airflow-env/lib/python3.12/site-packages/airflow/example_dags/example_branch_python_dop_operator_3.py took 0.119 seconds
[2025-03-07T02:53:08.898+0000] {processor.py:186} INFO - Started process (PID=47613) to work on /home/Ashreem/airflow-env/lib/python3.12/site-packages/airflow/example_dags/example_branch_python_dop_operator_3.py
[2025-03-07T02:53:08.899+0000] {processor.py:914} INFO - Processing file /home/Ashreem/airflow-env/lib/python3.12/site-packages/airflow/example_dags/example_branch_python_dop_operator_3.py for tasks to queue
[2025-03-07T02:53:08.903+0000] {logging_mixin.py:190} INFO - [2025-03-07T02:53:08.902+0000] {dagbag.py:588} INFO - Filling up the DagBag from /home/Ashreem/airflow-env/lib/python3.12/site-packages/airflow/example_dags/example_branch_python_dop_operator_3.py
[2025-03-07T02:53:08.919+0000] {processor.py:925} INFO - DAG(s) 'example_branch_dop_operator_v3' retrieved from /home/Ashreem/airflow-env/lib/python3.12/site-packages/airflow/example_dags/example_branch_python_dop_operator_3.py
[2025-03-07T02:53:08.945+0000] {logging_mixin.py:190} INFO - [2025-03-07T02:53:08.944+0000] {dag.py:3239} INFO - Sync 1 DAGs
[2025-03-07T02:53:08.981+0000] {logging_mixin.py:190} INFO - [2025-03-07T02:53:08.980+0000] {dag.py:4180} INFO - Setting next_dagrun for example_branch_dop_operator_v3 to 2025-03-07 02:52:00+00:00, run_after=2025-03-07 02:53:00+00:00
[2025-03-07T02:53:09.022+0000] {processor.py:208} INFO - Processing /home/Ashreem/airflow-env/lib/python3.12/site-packages/airflow/example_dags/example_branch_python_dop_operator_3.py took 0.133 seconds
[2025-03-07T02:54:11.112+0000] {processor.py:186} INFO - Started process (PID=47677) to work on /home/Ashreem/airflow-env/lib/python3.12/site-packages/airflow/example_dags/example_branch_python_dop_operator_3.py
[2025-03-07T02:54:11.114+0000] {processor.py:914} INFO - Processing file /home/Ashreem/airflow-env/lib/python3.12/site-packages/airflow/example_dags/example_branch_python_dop_operator_3.py for tasks to queue
[2025-03-07T02:54:11.117+0000] {logging_mixin.py:190} INFO - [2025-03-07T02:54:11.116+0000] {dagbag.py:588} INFO - Filling up the DagBag from /home/Ashreem/airflow-env/lib/python3.12/site-packages/airflow/example_dags/example_branch_python_dop_operator_3.py
[2025-03-07T02:54:11.132+0000] {processor.py:925} INFO - DAG(s) 'example_branch_dop_operator_v3' retrieved from /home/Ashreem/airflow-env/lib/python3.12/site-packages/airflow/example_dags/example_branch_python_dop_operator_3.py
[2025-03-07T02:54:11.153+0000] {logging_mixin.py:190} INFO - [2025-03-07T02:54:11.152+0000] {dag.py:3239} INFO - Sync 1 DAGs
[2025-03-07T02:54:11.185+0000] {logging_mixin.py:190} INFO - [2025-03-07T02:54:11.185+0000] {dag.py:4180} INFO - Setting next_dagrun for example_branch_dop_operator_v3 to 2025-03-07 02:53:00+00:00, run_after=2025-03-07 02:54:00+00:00
[2025-03-07T02:54:11.229+0000] {processor.py:208} INFO - Processing /home/Ashreem/airflow-env/lib/python3.12/site-packages/airflow/example_dags/example_branch_python_dop_operator_3.py took 0.125 seconds
[2025-03-07T02:55:12.103+0000] {processor.py:186} INFO - Started process (PID=47744) to work on /home/Ashreem/airflow-env/lib/python3.12/site-packages/airflow/example_dags/example_branch_python_dop_operator_3.py
[2025-03-07T02:55:12.104+0000] {processor.py:914} INFO - Processing file /home/Ashreem/airflow-env/lib/python3.12/site-packages/airflow/example_dags/example_branch_python_dop_operator_3.py for tasks to queue
[2025-03-07T02:55:12.107+0000] {logging_mixin.py:190} INFO - [2025-03-07T02:55:12.107+0000] {dagbag.py:588} INFO - Filling up the DagBag from /home/Ashreem/airflow-env/lib/python3.12/site-packages/airflow/example_dags/example_branch_python_dop_operator_3.py
[2025-03-07T02:55:12.121+0000] {processor.py:925} INFO - DAG(s) 'example_branch_dop_operator_v3' retrieved from /home/Ashreem/airflow-env/lib/python3.12/site-packages/airflow/example_dags/example_branch_python_dop_operator_3.py
[2025-03-07T02:55:12.141+0000] {logging_mixin.py:190} INFO - [2025-03-07T02:55:12.141+0000] {dag.py:3239} INFO - Sync 1 DAGs
[2025-03-07T02:55:12.180+0000] {logging_mixin.py:190} INFO - [2025-03-07T02:55:12.179+0000] {dag.py:4180} INFO - Setting next_dagrun for example_branch_dop_operator_v3 to 2025-03-07 02:54:00+00:00, run_after=2025-03-07 02:55:00+00:00
[2025-03-07T02:55:12.220+0000] {processor.py:208} INFO - Processing /home/Ashreem/airflow-env/lib/python3.12/site-packages/airflow/example_dags/example_branch_python_dop_operator_3.py took 0.126 seconds
[2025-03-07T02:56:15.880+0000] {processor.py:186} INFO - Started process (PID=47904) to work on /home/Ashreem/airflow-env/lib/python3.12/site-packages/airflow/example_dags/example_branch_python_dop_operator_3.py
[2025-03-07T02:56:15.881+0000] {processor.py:914} INFO - Processing file /home/Ashreem/airflow-env/lib/python3.12/site-packages/airflow/example_dags/example_branch_python_dop_operator_3.py for tasks to queue
[2025-03-07T02:56:15.884+0000] {logging_mixin.py:190} INFO - [2025-03-07T02:56:15.883+0000] {dagbag.py:588} INFO - Filling up the DagBag from /home/Ashreem/airflow-env/lib/python3.12/site-packages/airflow/example_dags/example_branch_python_dop_operator_3.py
[2025-03-07T02:56:15.898+0000] {processor.py:925} INFO - DAG(s) 'example_branch_dop_operator_v3' retrieved from /home/Ashreem/airflow-env/lib/python3.12/site-packages/airflow/example_dags/example_branch_python_dop_operator_3.py
[2025-03-07T02:56:15.920+0000] {logging_mixin.py:190} INFO - [2025-03-07T02:56:15.919+0000] {dag.py:3239} INFO - Sync 1 DAGs
[2025-03-07T02:56:15.949+0000] {logging_mixin.py:190} INFO - [2025-03-07T02:56:15.949+0000] {dag.py:4180} INFO - Setting next_dagrun for example_branch_dop_operator_v3 to 2025-03-07 02:55:00+00:00, run_after=2025-03-07 02:56:00+00:00
[2025-03-07T02:56:15.986+0000] {processor.py:208} INFO - Processing /home/Ashreem/airflow-env/lib/python3.12/site-packages/airflow/example_dags/example_branch_python_dop_operator_3.py took 0.115 seconds
[2025-03-07T02:57:11.823+0000] {processor.py:186} INFO - Started process (PID=48008) to work on /home/Ashreem/airflow-env/lib/python3.12/site-packages/airflow/example_dags/example_branch_python_dop_operator_3.py
[2025-03-07T02:57:11.825+0000] {processor.py:914} INFO - Processing file /home/Ashreem/airflow-env/lib/python3.12/site-packages/airflow/example_dags/example_branch_python_dop_operator_3.py for tasks to queue
[2025-03-07T02:57:11.828+0000] {logging_mixin.py:190} INFO - [2025-03-07T02:57:11.827+0000] {dagbag.py:588} INFO - Filling up the DagBag from /home/Ashreem/airflow-env/lib/python3.12/site-packages/airflow/example_dags/example_branch_python_dop_operator_3.py
[2025-03-07T02:57:11.843+0000] {processor.py:925} INFO - DAG(s) 'example_branch_dop_operator_v3' retrieved from /home/Ashreem/airflow-env/lib/python3.12/site-packages/airflow/example_dags/example_branch_python_dop_operator_3.py
[2025-03-07T02:57:11.863+0000] {logging_mixin.py:190} INFO - [2025-03-07T02:57:11.863+0000] {dag.py:3239} INFO - Sync 1 DAGs
[2025-03-07T02:57:11.896+0000] {logging_mixin.py:190} INFO - [2025-03-07T02:57:11.896+0000] {dag.py:4180} INFO - Setting next_dagrun for example_branch_dop_operator_v3 to 2025-03-07 02:56:00+00:00, run_after=2025-03-07 02:57:00+00:00
[2025-03-07T02:57:11.931+0000] {processor.py:208} INFO - Processing /home/Ashreem/airflow-env/lib/python3.12/site-packages/airflow/example_dags/example_branch_python_dop_operator_3.py took 0.116 seconds
[2025-03-07T02:57:21.587+0000] {processor.py:186} INFO - Started process (PID=48021) to work on /home/Ashreem/airflow-env/lib/python3.12/site-packages/airflow/example_dags/example_branch_python_dop_operator_3.py
[2025-03-07T02:57:21.588+0000] {processor.py:914} INFO - Processing file /home/Ashreem/airflow-env/lib/python3.12/site-packages/airflow/example_dags/example_branch_python_dop_operator_3.py for tasks to queue
[2025-03-07T02:57:21.591+0000] {logging_mixin.py:190} INFO - [2025-03-07T02:57:21.591+0000] {dagbag.py:588} INFO - Filling up the DagBag from /home/Ashreem/airflow-env/lib/python3.12/site-packages/airflow/example_dags/example_branch_python_dop_operator_3.py
[2025-03-07T02:57:21.606+0000] {processor.py:925} INFO - DAG(s) 'example_branch_dop_operator_v3' retrieved from /home/Ashreem/airflow-env/lib/python3.12/site-packages/airflow/example_dags/example_branch_python_dop_operator_3.py
[2025-03-07T02:57:21.638+0000] {logging_mixin.py:190} INFO - [2025-03-07T02:57:21.638+0000] {dag.py:3239} INFO - Sync 1 DAGs
[2025-03-07T02:57:21.670+0000] {logging_mixin.py:190} INFO - [2025-03-07T02:57:21.669+0000] {dag.py:4180} INFO - Setting next_dagrun for example_branch_dop_operator_v3 to 2025-03-07 02:56:00+00:00, run_after=2025-03-07 02:57:00+00:00
[2025-03-07T02:57:21.706+0000] {processor.py:208} INFO - Processing /home/Ashreem/airflow-env/lib/python3.12/site-packages/airflow/example_dags/example_branch_python_dop_operator_3.py took 0.127 seconds
[2025-03-07T02:58:24.904+0000] {processor.py:186} INFO - Started process (PID=48092) to work on /home/Ashreem/airflow-env/lib/python3.12/site-packages/airflow/example_dags/example_branch_python_dop_operator_3.py
[2025-03-07T02:58:24.906+0000] {processor.py:914} INFO - Processing file /home/Ashreem/airflow-env/lib/python3.12/site-packages/airflow/example_dags/example_branch_python_dop_operator_3.py for tasks to queue
[2025-03-07T02:58:24.909+0000] {logging_mixin.py:190} INFO - [2025-03-07T02:58:24.909+0000] {dagbag.py:588} INFO - Filling up the DagBag from /home/Ashreem/airflow-env/lib/python3.12/site-packages/airflow/example_dags/example_branch_python_dop_operator_3.py
[2025-03-07T02:58:24.925+0000] {processor.py:925} INFO - DAG(s) 'example_branch_dop_operator_v3' retrieved from /home/Ashreem/airflow-env/lib/python3.12/site-packages/airflow/example_dags/example_branch_python_dop_operator_3.py
[2025-03-07T02:58:24.945+0000] {logging_mixin.py:190} INFO - [2025-03-07T02:58:24.944+0000] {dag.py:3239} INFO - Sync 1 DAGs
[2025-03-07T02:58:24.975+0000] {logging_mixin.py:190} INFO - [2025-03-07T02:58:24.975+0000] {dag.py:4180} INFO - Setting next_dagrun for example_branch_dop_operator_v3 to 2025-03-07 02:57:00+00:00, run_after=2025-03-07 02:58:00+00:00
[2025-03-07T02:58:25.014+0000] {processor.py:208} INFO - Processing /home/Ashreem/airflow-env/lib/python3.12/site-packages/airflow/example_dags/example_branch_python_dop_operator_3.py took 0.122 seconds
[2025-03-07T02:59:31.593+0000] {processor.py:186} INFO - Started process (PID=48208) to work on /home/Ashreem/airflow-env/lib/python3.12/site-packages/airflow/example_dags/example_branch_python_dop_operator_3.py
[2025-03-07T02:59:31.595+0000] {processor.py:914} INFO - Processing file /home/Ashreem/airflow-env/lib/python3.12/site-packages/airflow/example_dags/example_branch_python_dop_operator_3.py for tasks to queue
[2025-03-07T02:59:31.599+0000] {logging_mixin.py:190} INFO - [2025-03-07T02:59:31.598+0000] {dagbag.py:588} INFO - Filling up the DagBag from /home/Ashreem/airflow-env/lib/python3.12/site-packages/airflow/example_dags/example_branch_python_dop_operator_3.py
[2025-03-07T02:59:31.613+0000] {processor.py:925} INFO - DAG(s) 'example_branch_dop_operator_v3' retrieved from /home/Ashreem/airflow-env/lib/python3.12/site-packages/airflow/example_dags/example_branch_python_dop_operator_3.py
[2025-03-07T02:59:31.633+0000] {logging_mixin.py:190} INFO - [2025-03-07T02:59:31.632+0000] {dag.py:3239} INFO - Sync 1 DAGs
[2025-03-07T02:59:31.663+0000] {logging_mixin.py:190} INFO - [2025-03-07T02:59:31.663+0000] {dag.py:4180} INFO - Setting next_dagrun for example_branch_dop_operator_v3 to 2025-03-07 02:58:00+00:00, run_after=2025-03-07 02:59:00+00:00
[2025-03-07T02:59:31.698+0000] {processor.py:208} INFO - Processing /home/Ashreem/airflow-env/lib/python3.12/site-packages/airflow/example_dags/example_branch_python_dop_operator_3.py took 0.112 seconds
[2025-03-07T03:00:39.918+0000] {processor.py:186} INFO - Started process (PID=48321) to work on /home/Ashreem/airflow-env/lib/python3.12/site-packages/airflow/example_dags/example_branch_python_dop_operator_3.py
[2025-03-07T03:00:39.920+0000] {processor.py:914} INFO - Processing file /home/Ashreem/airflow-env/lib/python3.12/site-packages/airflow/example_dags/example_branch_python_dop_operator_3.py for tasks to queue
[2025-03-07T03:00:39.922+0000] {logging_mixin.py:190} INFO - [2025-03-07T03:00:39.922+0000] {dagbag.py:588} INFO - Filling up the DagBag from /home/Ashreem/airflow-env/lib/python3.12/site-packages/airflow/example_dags/example_branch_python_dop_operator_3.py
[2025-03-07T03:00:39.939+0000] {processor.py:925} INFO - DAG(s) 'example_branch_dop_operator_v3' retrieved from /home/Ashreem/airflow-env/lib/python3.12/site-packages/airflow/example_dags/example_branch_python_dop_operator_3.py
[2025-03-07T03:00:39.964+0000] {logging_mixin.py:190} INFO - [2025-03-07T03:00:39.963+0000] {dag.py:3239} INFO - Sync 1 DAGs
[2025-03-07T03:00:39.993+0000] {logging_mixin.py:190} INFO - [2025-03-07T03:00:39.993+0000] {dag.py:4180} INFO - Setting next_dagrun for example_branch_dop_operator_v3 to 2025-03-07 02:59:00+00:00, run_after=2025-03-07 03:00:00+00:00
[2025-03-07T03:00:40.029+0000] {processor.py:208} INFO - Processing /home/Ashreem/airflow-env/lib/python3.12/site-packages/airflow/example_dags/example_branch_python_dop_operator_3.py took 0.120 seconds
[2025-03-07T03:01:42.320+0000] {processor.py:186} INFO - Started process (PID=48392) to work on /home/Ashreem/airflow-env/lib/python3.12/site-packages/airflow/example_dags/example_branch_python_dop_operator_3.py
[2025-03-07T03:01:42.321+0000] {processor.py:914} INFO - Processing file /home/Ashreem/airflow-env/lib/python3.12/site-packages/airflow/example_dags/example_branch_python_dop_operator_3.py for tasks to queue
[2025-03-07T03:01:42.324+0000] {logging_mixin.py:190} INFO - [2025-03-07T03:01:42.324+0000] {dagbag.py:588} INFO - Filling up the DagBag from /home/Ashreem/airflow-env/lib/python3.12/site-packages/airflow/example_dags/example_branch_python_dop_operator_3.py
[2025-03-07T03:01:42.338+0000] {processor.py:925} INFO - DAG(s) 'example_branch_dop_operator_v3' retrieved from /home/Ashreem/airflow-env/lib/python3.12/site-packages/airflow/example_dags/example_branch_python_dop_operator_3.py
[2025-03-07T03:01:42.360+0000] {logging_mixin.py:190} INFO - [2025-03-07T03:01:42.360+0000] {dag.py:3239} INFO - Sync 1 DAGs
[2025-03-07T03:01:42.388+0000] {logging_mixin.py:190} INFO - [2025-03-07T03:01:42.388+0000] {dag.py:4180} INFO - Setting next_dagrun for example_branch_dop_operator_v3 to 2025-03-07 03:00:00+00:00, run_after=2025-03-07 03:01:00+00:00
[2025-03-07T03:01:42.428+0000] {processor.py:208} INFO - Processing /home/Ashreem/airflow-env/lib/python3.12/site-packages/airflow/example_dags/example_branch_python_dop_operator_3.py took 0.116 seconds
[2025-03-07T03:02:44.035+0000] {processor.py:186} INFO - Started process (PID=48525) to work on /home/Ashreem/airflow-env/lib/python3.12/site-packages/airflow/example_dags/example_branch_python_dop_operator_3.py
[2025-03-07T03:02:44.037+0000] {processor.py:914} INFO - Processing file /home/Ashreem/airflow-env/lib/python3.12/site-packages/airflow/example_dags/example_branch_python_dop_operator_3.py for tasks to queue
[2025-03-07T03:02:44.040+0000] {logging_mixin.py:190} INFO - [2025-03-07T03:02:44.039+0000] {dagbag.py:588} INFO - Filling up the DagBag from /home/Ashreem/airflow-env/lib/python3.12/site-packages/airflow/example_dags/example_branch_python_dop_operator_3.py
[2025-03-07T03:02:44.055+0000] {processor.py:925} INFO - DAG(s) 'example_branch_dop_operator_v3' retrieved from /home/Ashreem/airflow-env/lib/python3.12/site-packages/airflow/example_dags/example_branch_python_dop_operator_3.py
[2025-03-07T03:02:44.078+0000] {logging_mixin.py:190} INFO - [2025-03-07T03:02:44.077+0000] {dag.py:3239} INFO - Sync 1 DAGs
[2025-03-07T03:02:44.116+0000] {logging_mixin.py:190} INFO - [2025-03-07T03:02:44.115+0000] {dag.py:4180} INFO - Setting next_dagrun for example_branch_dop_operator_v3 to 2025-03-07 03:01:00+00:00, run_after=2025-03-07 03:02:00+00:00
[2025-03-07T03:02:44.157+0000] {processor.py:208} INFO - Processing /home/Ashreem/airflow-env/lib/python3.12/site-packages/airflow/example_dags/example_branch_python_dop_operator_3.py took 0.131 seconds
[2025-03-07T03:04:25.013+0000] {processor.py:186} INFO - Started process (PID=48659) to work on /home/Ashreem/airflow-env/lib/python3.12/site-packages/airflow/example_dags/example_branch_python_dop_operator_3.py
[2025-03-07T03:04:25.015+0000] {processor.py:914} INFO - Processing file /home/Ashreem/airflow-env/lib/python3.12/site-packages/airflow/example_dags/example_branch_python_dop_operator_3.py for tasks to queue
[2025-03-07T03:04:25.018+0000] {logging_mixin.py:190} INFO - [2025-03-07T03:04:25.017+0000] {dagbag.py:588} INFO - Filling up the DagBag from /home/Ashreem/airflow-env/lib/python3.12/site-packages/airflow/example_dags/example_branch_python_dop_operator_3.py
[2025-03-07T03:04:25.033+0000] {processor.py:925} INFO - DAG(s) 'example_branch_dop_operator_v3' retrieved from /home/Ashreem/airflow-env/lib/python3.12/site-packages/airflow/example_dags/example_branch_python_dop_operator_3.py
[2025-03-07T03:04:25.057+0000] {logging_mixin.py:190} INFO - [2025-03-07T03:04:25.057+0000] {dag.py:3239} INFO - Sync 1 DAGs
[2025-03-07T03:04:25.094+0000] {logging_mixin.py:190} INFO - [2025-03-07T03:04:25.093+0000] {dag.py:4180} INFO - Setting next_dagrun for example_branch_dop_operator_v3 to 2025-03-07 03:03:00+00:00, run_after=2025-03-07 03:04:00+00:00
[2025-03-07T03:04:25.134+0000] {processor.py:208} INFO - Processing /home/Ashreem/airflow-env/lib/python3.12/site-packages/airflow/example_dags/example_branch_python_dop_operator_3.py took 0.128 seconds
[2025-03-07T03:05:27.831+0000] {processor.py:186} INFO - Started process (PID=48909) to work on /home/Ashreem/airflow-env/lib/python3.12/site-packages/airflow/example_dags/example_branch_python_dop_operator_3.py
[2025-03-07T03:05:27.833+0000] {processor.py:914} INFO - Processing file /home/Ashreem/airflow-env/lib/python3.12/site-packages/airflow/example_dags/example_branch_python_dop_operator_3.py for tasks to queue
[2025-03-07T03:05:27.836+0000] {logging_mixin.py:190} INFO - [2025-03-07T03:05:27.836+0000] {dagbag.py:588} INFO - Filling up the DagBag from /home/Ashreem/airflow-env/lib/python3.12/site-packages/airflow/example_dags/example_branch_python_dop_operator_3.py
[2025-03-07T03:05:27.852+0000] {processor.py:925} INFO - DAG(s) 'example_branch_dop_operator_v3' retrieved from /home/Ashreem/airflow-env/lib/python3.12/site-packages/airflow/example_dags/example_branch_python_dop_operator_3.py
[2025-03-07T03:05:27.873+0000] {logging_mixin.py:190} INFO - [2025-03-07T03:05:27.872+0000] {dag.py:3239} INFO - Sync 1 DAGs
[2025-03-07T03:05:27.910+0000] {logging_mixin.py:190} INFO - [2025-03-07T03:05:27.910+0000] {dag.py:4180} INFO - Setting next_dagrun for example_branch_dop_operator_v3 to 2025-03-07 03:04:00+00:00, run_after=2025-03-07 03:05:00+00:00
[2025-03-07T03:05:27.948+0000] {processor.py:208} INFO - Processing /home/Ashreem/airflow-env/lib/python3.12/site-packages/airflow/example_dags/example_branch_python_dop_operator_3.py took 0.126 seconds
[2025-03-07T03:06:34.157+0000] {processor.py:186} INFO - Started process (PID=48977) to work on /home/Ashreem/airflow-env/lib/python3.12/site-packages/airflow/example_dags/example_branch_python_dop_operator_3.py
[2025-03-07T03:06:34.159+0000] {processor.py:914} INFO - Processing file /home/Ashreem/airflow-env/lib/python3.12/site-packages/airflow/example_dags/example_branch_python_dop_operator_3.py for tasks to queue
[2025-03-07T03:06:34.161+0000] {logging_mixin.py:190} INFO - [2025-03-07T03:06:34.161+0000] {dagbag.py:588} INFO - Filling up the DagBag from /home/Ashreem/airflow-env/lib/python3.12/site-packages/airflow/example_dags/example_branch_python_dop_operator_3.py
[2025-03-07T03:06:34.176+0000] {processor.py:925} INFO - DAG(s) 'example_branch_dop_operator_v3' retrieved from /home/Ashreem/airflow-env/lib/python3.12/site-packages/airflow/example_dags/example_branch_python_dop_operator_3.py
[2025-03-07T03:06:34.199+0000] {logging_mixin.py:190} INFO - [2025-03-07T03:06:34.199+0000] {dag.py:3239} INFO - Sync 1 DAGs
[2025-03-07T03:06:34.231+0000] {logging_mixin.py:190} INFO - [2025-03-07T03:06:34.231+0000] {dag.py:4180} INFO - Setting next_dagrun for example_branch_dop_operator_v3 to 2025-03-07 03:05:00+00:00, run_after=2025-03-07 03:06:00+00:00
[2025-03-07T03:06:34.269+0000] {processor.py:208} INFO - Processing /home/Ashreem/airflow-env/lib/python3.12/site-packages/airflow/example_dags/example_branch_python_dop_operator_3.py took 0.119 seconds
[2025-03-07T03:08:40.824+0000] {processor.py:186} INFO - Started process (PID=49131) to work on /home/Ashreem/airflow-env/lib/python3.12/site-packages/airflow/example_dags/example_branch_python_dop_operator_3.py
[2025-03-07T03:08:40.826+0000] {processor.py:914} INFO - Processing file /home/Ashreem/airflow-env/lib/python3.12/site-packages/airflow/example_dags/example_branch_python_dop_operator_3.py for tasks to queue
[2025-03-07T03:08:40.829+0000] {logging_mixin.py:190} INFO - [2025-03-07T03:08:40.829+0000] {dagbag.py:588} INFO - Filling up the DagBag from /home/Ashreem/airflow-env/lib/python3.12/site-packages/airflow/example_dags/example_branch_python_dop_operator_3.py
[2025-03-07T03:08:40.846+0000] {processor.py:925} INFO - DAG(s) 'example_branch_dop_operator_v3' retrieved from /home/Ashreem/airflow-env/lib/python3.12/site-packages/airflow/example_dags/example_branch_python_dop_operator_3.py
[2025-03-07T03:08:40.868+0000] {logging_mixin.py:190} INFO - [2025-03-07T03:08:40.868+0000] {dag.py:3239} INFO - Sync 1 DAGs
[2025-03-07T03:08:40.900+0000] {logging_mixin.py:190} INFO - [2025-03-07T03:08:40.900+0000] {dag.py:4180} INFO - Setting next_dagrun for example_branch_dop_operator_v3 to 2025-03-07 03:07:00+00:00, run_after=2025-03-07 03:08:00+00:00
[2025-03-07T03:08:40.938+0000] {processor.py:208} INFO - Processing /home/Ashreem/airflow-env/lib/python3.12/site-packages/airflow/example_dags/example_branch_python_dop_operator_3.py took 0.122 seconds
[2025-03-07T03:09:43.602+0000] {processor.py:186} INFO - Started process (PID=49195) to work on /home/Ashreem/airflow-env/lib/python3.12/site-packages/airflow/example_dags/example_branch_python_dop_operator_3.py
[2025-03-07T03:09:43.604+0000] {processor.py:914} INFO - Processing file /home/Ashreem/airflow-env/lib/python3.12/site-packages/airflow/example_dags/example_branch_python_dop_operator_3.py for tasks to queue
[2025-03-07T03:09:43.607+0000] {logging_mixin.py:190} INFO - [2025-03-07T03:09:43.607+0000] {dagbag.py:588} INFO - Filling up the DagBag from /home/Ashreem/airflow-env/lib/python3.12/site-packages/airflow/example_dags/example_branch_python_dop_operator_3.py
[2025-03-07T03:09:43.622+0000] {processor.py:925} INFO - DAG(s) 'example_branch_dop_operator_v3' retrieved from /home/Ashreem/airflow-env/lib/python3.12/site-packages/airflow/example_dags/example_branch_python_dop_operator_3.py
[2025-03-07T03:09:43.643+0000] {logging_mixin.py:190} INFO - [2025-03-07T03:09:43.643+0000] {dag.py:3239} INFO - Sync 1 DAGs
[2025-03-07T03:09:43.674+0000] {logging_mixin.py:190} INFO - [2025-03-07T03:09:43.674+0000] {dag.py:4180} INFO - Setting next_dagrun for example_branch_dop_operator_v3 to 2025-03-07 03:08:00+00:00, run_after=2025-03-07 03:09:00+00:00
[2025-03-07T03:09:43.716+0000] {processor.py:208} INFO - Processing /home/Ashreem/airflow-env/lib/python3.12/site-packages/airflow/example_dags/example_branch_python_dop_operator_3.py took 0.122 seconds
