[2025-03-07T02:30:32.344+0000] {processor.py:186} INFO - Started process (PID=45984) to work on /home/Ashreem/airflow-env/lib/python3.12/site-packages/airflow/example_dags/example_python_operator.py
[2025-03-07T02:30:32.345+0000] {processor.py:914} INFO - Processing file /home/Ashreem/airflow-env/lib/python3.12/site-packages/airflow/example_dags/example_python_operator.py for tasks to queue
[2025-03-07T02:30:32.350+0000] {logging_mixin.py:190} INFO - [2025-03-07T02:30:32.349+0000] {dagbag.py:588} INFO - Filling up the DagBag from /home/Ashreem/airflow-env/lib/python3.12/site-packages/airflow/example_dags/example_python_operator.py
[2025-03-07T02:30:32.367+0000] {processor.py:925} INFO - DAG(s) 'example_python_operator' retrieved from /home/Ashreem/airflow-env/lib/python3.12/site-packages/airflow/example_dags/example_python_operator.py
[2025-03-07T02:30:32.527+0000] {logging_mixin.py:190} INFO - [2025-03-07T02:30:32.526+0000] {override.py:1930} INFO - Created Permission View: can read on DAG:example_python_operator
[2025-03-07T02:30:32.554+0000] {logging_mixin.py:190} INFO - [2025-03-07T02:30:32.554+0000] {override.py:1930} INFO - Created Permission View: can delete on DAG:example_python_operator
[2025-03-07T02:30:32.578+0000] {logging_mixin.py:190} INFO - [2025-03-07T02:30:32.577+0000] {override.py:1930} INFO - Created Permission View: can edit on DAG:example_python_operator
[2025-03-07T02:30:32.614+0000] {logging_mixin.py:190} INFO - [2025-03-07T02:30:32.613+0000] {override.py:1930} INFO - Created Permission View: can read on DAG Run:example_python_operator
[2025-03-07T02:30:32.637+0000] {logging_mixin.py:190} INFO - [2025-03-07T02:30:32.636+0000] {override.py:1930} INFO - Created Permission View: can delete on DAG Run:example_python_operator
[2025-03-07T02:30:32.656+0000] {logging_mixin.py:190} INFO - [2025-03-07T02:30:32.656+0000] {override.py:1930} INFO - Created Permission View: menu access on DAG Run:example_python_operator
[2025-03-07T02:30:32.678+0000] {logging_mixin.py:190} INFO - [2025-03-07T02:30:32.678+0000] {override.py:1930} INFO - Created Permission View: can create on DAG Run:example_python_operator
[2025-03-07T02:30:32.679+0000] {logging_mixin.py:190} INFO - [2025-03-07T02:30:32.679+0000] {dag.py:3239} INFO - Sync 1 DAGs
[2025-03-07T02:30:32.695+0000] {logging_mixin.py:190} INFO - [2025-03-07T02:30:32.695+0000] {dag.py:3262} INFO - Creating ORM DAG for example_python_operator
[2025-03-07T02:30:32.696+0000] {logging_mixin.py:190} INFO - [2025-03-07T02:30:32.696+0000] {dag.py:4180} INFO - Setting next_dagrun for example_python_operator to None, run_after=None
[2025-03-07T02:30:32.745+0000] {processor.py:208} INFO - Processing /home/Ashreem/airflow-env/lib/python3.12/site-packages/airflow/example_dags/example_python_operator.py took 0.408 seconds
[2025-03-07T02:33:11.511+0000] {processor.py:186} INFO - Started process (PID=46089) to work on /home/Ashreem/airflow-env/lib/python3.12/site-packages/airflow/example_dags/example_python_operator.py
[2025-03-07T02:33:11.512+0000] {processor.py:914} INFO - Processing file /home/Ashreem/airflow-env/lib/python3.12/site-packages/airflow/example_dags/example_python_operator.py for tasks to queue
[2025-03-07T02:33:11.515+0000] {logging_mixin.py:190} INFO - [2025-03-07T02:33:11.515+0000] {dagbag.py:588} INFO - Filling up the DagBag from /home/Ashreem/airflow-env/lib/python3.12/site-packages/airflow/example_dags/example_python_operator.py
[2025-03-07T02:33:11.532+0000] {processor.py:925} INFO - DAG(s) 'example_python_operator' retrieved from /home/Ashreem/airflow-env/lib/python3.12/site-packages/airflow/example_dags/example_python_operator.py
[2025-03-07T02:33:11.662+0000] {logging_mixin.py:190} INFO - [2025-03-07T02:33:11.661+0000] {dag.py:3239} INFO - Sync 1 DAGs
[2025-03-07T02:33:11.681+0000] {logging_mixin.py:190} INFO - [2025-03-07T02:33:11.680+0000] {dag.py:4180} INFO - Setting next_dagrun for example_python_operator to None, run_after=None
[2025-03-07T02:33:11.718+0000] {processor.py:208} INFO - Processing /home/Ashreem/airflow-env/lib/python3.12/site-packages/airflow/example_dags/example_python_operator.py took 0.215 seconds
[2025-03-07T02:34:16.301+0000] {processor.py:186} INFO - Started process (PID=46421) to work on /home/Ashreem/airflow-env/lib/python3.12/site-packages/airflow/example_dags/example_python_operator.py
[2025-03-07T02:34:16.302+0000] {processor.py:914} INFO - Processing file /home/Ashreem/airflow-env/lib/python3.12/site-packages/airflow/example_dags/example_python_operator.py for tasks to queue
[2025-03-07T02:34:16.305+0000] {logging_mixin.py:190} INFO - [2025-03-07T02:34:16.305+0000] {dagbag.py:588} INFO - Filling up the DagBag from /home/Ashreem/airflow-env/lib/python3.12/site-packages/airflow/example_dags/example_python_operator.py
[2025-03-07T02:34:16.322+0000] {processor.py:925} INFO - DAG(s) 'example_python_operator' retrieved from /home/Ashreem/airflow-env/lib/python3.12/site-packages/airflow/example_dags/example_python_operator.py
[2025-03-07T02:34:16.343+0000] {logging_mixin.py:190} INFO - [2025-03-07T02:34:16.342+0000] {dag.py:3239} INFO - Sync 1 DAGs
[2025-03-07T02:34:16.358+0000] {logging_mixin.py:190} INFO - [2025-03-07T02:34:16.358+0000] {dag.py:4180} INFO - Setting next_dagrun for example_python_operator to None, run_after=None
[2025-03-07T02:34:16.449+0000] {processor.py:208} INFO - Processing /home/Ashreem/airflow-env/lib/python3.12/site-packages/airflow/example_dags/example_python_operator.py took 0.156 seconds
[2025-03-07T02:35:22.440+0000] {processor.py:186} INFO - Started process (PID=46487) to work on /home/Ashreem/airflow-env/lib/python3.12/site-packages/airflow/example_dags/example_python_operator.py
[2025-03-07T02:35:22.442+0000] {processor.py:914} INFO - Processing file /home/Ashreem/airflow-env/lib/python3.12/site-packages/airflow/example_dags/example_python_operator.py for tasks to queue
[2025-03-07T02:35:22.445+0000] {logging_mixin.py:190} INFO - [2025-03-07T02:35:22.444+0000] {dagbag.py:588} INFO - Filling up the DagBag from /home/Ashreem/airflow-env/lib/python3.12/site-packages/airflow/example_dags/example_python_operator.py
[2025-03-07T02:35:22.464+0000] {processor.py:925} INFO - DAG(s) 'example_python_operator' retrieved from /home/Ashreem/airflow-env/lib/python3.12/site-packages/airflow/example_dags/example_python_operator.py
[2025-03-07T02:35:22.490+0000] {logging_mixin.py:190} INFO - [2025-03-07T02:35:22.490+0000] {dag.py:3239} INFO - Sync 1 DAGs
[2025-03-07T02:35:22.506+0000] {logging_mixin.py:190} INFO - [2025-03-07T02:35:22.506+0000] {dag.py:4180} INFO - Setting next_dagrun for example_python_operator to None, run_after=None
[2025-03-07T02:35:22.540+0000] {processor.py:208} INFO - Processing /home/Ashreem/airflow-env/lib/python3.12/site-packages/airflow/example_dags/example_python_operator.py took 0.108 seconds
[2025-03-07T02:36:30.047+0000] {processor.py:186} INFO - Started process (PID=46556) to work on /home/Ashreem/airflow-env/lib/python3.12/site-packages/airflow/example_dags/example_python_operator.py
[2025-03-07T02:36:30.050+0000] {processor.py:914} INFO - Processing file /home/Ashreem/airflow-env/lib/python3.12/site-packages/airflow/example_dags/example_python_operator.py for tasks to queue
[2025-03-07T02:36:30.053+0000] {logging_mixin.py:190} INFO - [2025-03-07T02:36:30.052+0000] {dagbag.py:588} INFO - Filling up the DagBag from /home/Ashreem/airflow-env/lib/python3.12/site-packages/airflow/example_dags/example_python_operator.py
[2025-03-07T02:36:30.076+0000] {processor.py:925} INFO - DAG(s) 'example_python_operator' retrieved from /home/Ashreem/airflow-env/lib/python3.12/site-packages/airflow/example_dags/example_python_operator.py
[2025-03-07T02:36:30.100+0000] {logging_mixin.py:190} INFO - [2025-03-07T02:36:30.100+0000] {dag.py:3239} INFO - Sync 1 DAGs
[2025-03-07T02:36:30.115+0000] {logging_mixin.py:190} INFO - [2025-03-07T02:36:30.115+0000] {dag.py:4180} INFO - Setting next_dagrun for example_python_operator to None, run_after=None
[2025-03-07T02:36:30.154+0000] {processor.py:208} INFO - Processing /home/Ashreem/airflow-env/lib/python3.12/site-packages/airflow/example_dags/example_python_operator.py took 0.114 seconds
[2025-03-07T02:37:35.067+0000] {processor.py:186} INFO - Started process (PID=46619) to work on /home/Ashreem/airflow-env/lib/python3.12/site-packages/airflow/example_dags/example_python_operator.py
[2025-03-07T02:37:35.069+0000] {processor.py:914} INFO - Processing file /home/Ashreem/airflow-env/lib/python3.12/site-packages/airflow/example_dags/example_python_operator.py for tasks to queue
[2025-03-07T02:37:35.072+0000] {logging_mixin.py:190} INFO - [2025-03-07T02:37:35.071+0000] {dagbag.py:588} INFO - Filling up the DagBag from /home/Ashreem/airflow-env/lib/python3.12/site-packages/airflow/example_dags/example_python_operator.py
[2025-03-07T02:37:35.089+0000] {processor.py:925} INFO - DAG(s) 'example_python_operator' retrieved from /home/Ashreem/airflow-env/lib/python3.12/site-packages/airflow/example_dags/example_python_operator.py
[2025-03-07T02:37:35.111+0000] {logging_mixin.py:190} INFO - [2025-03-07T02:37:35.111+0000] {dag.py:3239} INFO - Sync 1 DAGs
[2025-03-07T02:37:35.128+0000] {logging_mixin.py:190} INFO - [2025-03-07T02:37:35.128+0000] {dag.py:4180} INFO - Setting next_dagrun for example_python_operator to None, run_after=None
[2025-03-07T02:37:35.171+0000] {processor.py:208} INFO - Processing /home/Ashreem/airflow-env/lib/python3.12/site-packages/airflow/example_dags/example_python_operator.py took 0.112 seconds
[2025-03-07T02:38:37.096+0000] {processor.py:186} INFO - Started process (PID=46684) to work on /home/Ashreem/airflow-env/lib/python3.12/site-packages/airflow/example_dags/example_python_operator.py
[2025-03-07T02:38:37.097+0000] {processor.py:914} INFO - Processing file /home/Ashreem/airflow-env/lib/python3.12/site-packages/airflow/example_dags/example_python_operator.py for tasks to queue
[2025-03-07T02:38:37.100+0000] {logging_mixin.py:190} INFO - [2025-03-07T02:38:37.099+0000] {dagbag.py:588} INFO - Filling up the DagBag from /home/Ashreem/airflow-env/lib/python3.12/site-packages/airflow/example_dags/example_python_operator.py
[2025-03-07T02:38:37.119+0000] {processor.py:925} INFO - DAG(s) 'example_python_operator' retrieved from /home/Ashreem/airflow-env/lib/python3.12/site-packages/airflow/example_dags/example_python_operator.py
[2025-03-07T02:38:37.145+0000] {logging_mixin.py:190} INFO - [2025-03-07T02:38:37.145+0000] {dag.py:3239} INFO - Sync 1 DAGs
[2025-03-07T02:38:37.162+0000] {logging_mixin.py:190} INFO - [2025-03-07T02:38:37.162+0000] {dag.py:4180} INFO - Setting next_dagrun for example_python_operator to None, run_after=None
[2025-03-07T02:38:37.200+0000] {processor.py:208} INFO - Processing /home/Ashreem/airflow-env/lib/python3.12/site-packages/airflow/example_dags/example_python_operator.py took 0.113 seconds
[2025-03-07T02:39:39.904+0000] {processor.py:186} INFO - Started process (PID=46751) to work on /home/Ashreem/airflow-env/lib/python3.12/site-packages/airflow/example_dags/example_python_operator.py
[2025-03-07T02:39:39.906+0000] {processor.py:914} INFO - Processing file /home/Ashreem/airflow-env/lib/python3.12/site-packages/airflow/example_dags/example_python_operator.py for tasks to queue
[2025-03-07T02:39:39.911+0000] {logging_mixin.py:190} INFO - [2025-03-07T02:39:39.911+0000] {dagbag.py:588} INFO - Filling up the DagBag from /home/Ashreem/airflow-env/lib/python3.12/site-packages/airflow/example_dags/example_python_operator.py
[2025-03-07T02:39:39.928+0000] {processor.py:925} INFO - DAG(s) 'example_python_operator' retrieved from /home/Ashreem/airflow-env/lib/python3.12/site-packages/airflow/example_dags/example_python_operator.py
[2025-03-07T02:39:39.951+0000] {logging_mixin.py:190} INFO - [2025-03-07T02:39:39.951+0000] {dag.py:3239} INFO - Sync 1 DAGs
[2025-03-07T02:39:39.967+0000] {logging_mixin.py:190} INFO - [2025-03-07T02:39:39.966+0000] {dag.py:4180} INFO - Setting next_dagrun for example_python_operator to None, run_after=None
[2025-03-07T02:39:40.004+0000] {processor.py:208} INFO - Processing /home/Ashreem/airflow-env/lib/python3.12/site-packages/airflow/example_dags/example_python_operator.py took 0.109 seconds
[2025-03-07T02:40:43.612+0000] {processor.py:186} INFO - Started process (PID=46816) to work on /home/Ashreem/airflow-env/lib/python3.12/site-packages/airflow/example_dags/example_python_operator.py
[2025-03-07T02:40:43.613+0000] {processor.py:914} INFO - Processing file /home/Ashreem/airflow-env/lib/python3.12/site-packages/airflow/example_dags/example_python_operator.py for tasks to queue
[2025-03-07T02:40:43.616+0000] {logging_mixin.py:190} INFO - [2025-03-07T02:40:43.615+0000] {dagbag.py:588} INFO - Filling up the DagBag from /home/Ashreem/airflow-env/lib/python3.12/site-packages/airflow/example_dags/example_python_operator.py
[2025-03-07T02:40:43.632+0000] {processor.py:925} INFO - DAG(s) 'example_python_operator' retrieved from /home/Ashreem/airflow-env/lib/python3.12/site-packages/airflow/example_dags/example_python_operator.py
[2025-03-07T02:40:43.661+0000] {logging_mixin.py:190} INFO - [2025-03-07T02:40:43.660+0000] {dag.py:3239} INFO - Sync 1 DAGs
[2025-03-07T02:40:43.680+0000] {logging_mixin.py:190} INFO - [2025-03-07T02:40:43.679+0000] {dag.py:4180} INFO - Setting next_dagrun for example_python_operator to None, run_after=None
[2025-03-07T02:40:43.716+0000] {processor.py:208} INFO - Processing /home/Ashreem/airflow-env/lib/python3.12/site-packages/airflow/example_dags/example_python_operator.py took 0.112 seconds
[2025-03-07T02:41:47.154+0000] {processor.py:186} INFO - Started process (PID=46879) to work on /home/Ashreem/airflow-env/lib/python3.12/site-packages/airflow/example_dags/example_python_operator.py
[2025-03-07T02:41:47.156+0000] {processor.py:914} INFO - Processing file /home/Ashreem/airflow-env/lib/python3.12/site-packages/airflow/example_dags/example_python_operator.py for tasks to queue
[2025-03-07T02:41:47.159+0000] {logging_mixin.py:190} INFO - [2025-03-07T02:41:47.158+0000] {dagbag.py:588} INFO - Filling up the DagBag from /home/Ashreem/airflow-env/lib/python3.12/site-packages/airflow/example_dags/example_python_operator.py
[2025-03-07T02:41:47.176+0000] {processor.py:925} INFO - DAG(s) 'example_python_operator' retrieved from /home/Ashreem/airflow-env/lib/python3.12/site-packages/airflow/example_dags/example_python_operator.py
[2025-03-07T02:41:47.197+0000] {logging_mixin.py:190} INFO - [2025-03-07T02:41:47.197+0000] {dag.py:3239} INFO - Sync 1 DAGs
[2025-03-07T02:41:47.214+0000] {logging_mixin.py:190} INFO - [2025-03-07T02:41:47.214+0000] {dag.py:4180} INFO - Setting next_dagrun for example_python_operator to None, run_after=None
[2025-03-07T02:41:47.255+0000] {processor.py:208} INFO - Processing /home/Ashreem/airflow-env/lib/python3.12/site-packages/airflow/example_dags/example_python_operator.py took 0.109 seconds
[2025-03-07T02:42:50.221+0000] {processor.py:186} INFO - Started process (PID=46946) to work on /home/Ashreem/airflow-env/lib/python3.12/site-packages/airflow/example_dags/example_python_operator.py
[2025-03-07T02:42:50.225+0000] {processor.py:914} INFO - Processing file /home/Ashreem/airflow-env/lib/python3.12/site-packages/airflow/example_dags/example_python_operator.py for tasks to queue
[2025-03-07T02:42:50.231+0000] {logging_mixin.py:190} INFO - [2025-03-07T02:42:50.231+0000] {dagbag.py:588} INFO - Filling up the DagBag from /home/Ashreem/airflow-env/lib/python3.12/site-packages/airflow/example_dags/example_python_operator.py
[2025-03-07T02:42:50.251+0000] {processor.py:925} INFO - DAG(s) 'example_python_operator' retrieved from /home/Ashreem/airflow-env/lib/python3.12/site-packages/airflow/example_dags/example_python_operator.py
[2025-03-07T02:42:50.277+0000] {logging_mixin.py:190} INFO - [2025-03-07T02:42:50.276+0000] {dag.py:3239} INFO - Sync 1 DAGs
[2025-03-07T02:42:50.292+0000] {logging_mixin.py:190} INFO - [2025-03-07T02:42:50.292+0000] {dag.py:4180} INFO - Setting next_dagrun for example_python_operator to None, run_after=None
[2025-03-07T02:42:50.328+0000] {processor.py:208} INFO - Processing /home/Ashreem/airflow-env/lib/python3.12/site-packages/airflow/example_dags/example_python_operator.py took 0.115 seconds
[2025-03-07T02:43:55.302+0000] {processor.py:186} INFO - Started process (PID=47019) to work on /home/Ashreem/airflow-env/lib/python3.12/site-packages/airflow/example_dags/example_python_operator.py
[2025-03-07T02:43:55.303+0000] {processor.py:914} INFO - Processing file /home/Ashreem/airflow-env/lib/python3.12/site-packages/airflow/example_dags/example_python_operator.py for tasks to queue
[2025-03-07T02:43:55.306+0000] {logging_mixin.py:190} INFO - [2025-03-07T02:43:55.306+0000] {dagbag.py:588} INFO - Filling up the DagBag from /home/Ashreem/airflow-env/lib/python3.12/site-packages/airflow/example_dags/example_python_operator.py
[2025-03-07T02:43:55.324+0000] {processor.py:925} INFO - DAG(s) 'example_python_operator' retrieved from /home/Ashreem/airflow-env/lib/python3.12/site-packages/airflow/example_dags/example_python_operator.py
[2025-03-07T02:43:55.347+0000] {logging_mixin.py:190} INFO - [2025-03-07T02:43:55.346+0000] {dag.py:3239} INFO - Sync 1 DAGs
[2025-03-07T02:43:55.365+0000] {logging_mixin.py:190} INFO - [2025-03-07T02:43:55.364+0000] {dag.py:4180} INFO - Setting next_dagrun for example_python_operator to None, run_after=None
[2025-03-07T02:43:55.403+0000] {processor.py:208} INFO - Processing /home/Ashreem/airflow-env/lib/python3.12/site-packages/airflow/example_dags/example_python_operator.py took 0.111 seconds
[2025-03-07T02:44:56.730+0000] {processor.py:186} INFO - Started process (PID=47094) to work on /home/Ashreem/airflow-env/lib/python3.12/site-packages/airflow/example_dags/example_python_operator.py
[2025-03-07T02:44:56.731+0000] {processor.py:914} INFO - Processing file /home/Ashreem/airflow-env/lib/python3.12/site-packages/airflow/example_dags/example_python_operator.py for tasks to queue
[2025-03-07T02:44:56.735+0000] {logging_mixin.py:190} INFO - [2025-03-07T02:44:56.734+0000] {dagbag.py:588} INFO - Filling up the DagBag from /home/Ashreem/airflow-env/lib/python3.12/site-packages/airflow/example_dags/example_python_operator.py
[2025-03-07T02:44:56.752+0000] {processor.py:925} INFO - DAG(s) 'example_python_operator' retrieved from /home/Ashreem/airflow-env/lib/python3.12/site-packages/airflow/example_dags/example_python_operator.py
[2025-03-07T02:44:56.778+0000] {logging_mixin.py:190} INFO - [2025-03-07T02:44:56.777+0000] {dag.py:3239} INFO - Sync 1 DAGs
[2025-03-07T02:44:56.796+0000] {logging_mixin.py:190} INFO - [2025-03-07T02:44:56.796+0000] {dag.py:4180} INFO - Setting next_dagrun for example_python_operator to None, run_after=None
[2025-03-07T02:44:56.837+0000] {processor.py:208} INFO - Processing /home/Ashreem/airflow-env/lib/python3.12/site-packages/airflow/example_dags/example_python_operator.py took 0.116 seconds
[2025-03-07T02:46:00.610+0000] {processor.py:186} INFO - Started process (PID=47164) to work on /home/Ashreem/airflow-env/lib/python3.12/site-packages/airflow/example_dags/example_python_operator.py
[2025-03-07T02:46:00.611+0000] {processor.py:914} INFO - Processing file /home/Ashreem/airflow-env/lib/python3.12/site-packages/airflow/example_dags/example_python_operator.py for tasks to queue
[2025-03-07T02:46:00.616+0000] {logging_mixin.py:190} INFO - [2025-03-07T02:46:00.615+0000] {dagbag.py:588} INFO - Filling up the DagBag from /home/Ashreem/airflow-env/lib/python3.12/site-packages/airflow/example_dags/example_python_operator.py
[2025-03-07T02:46:00.633+0000] {processor.py:925} INFO - DAG(s) 'example_python_operator' retrieved from /home/Ashreem/airflow-env/lib/python3.12/site-packages/airflow/example_dags/example_python_operator.py
[2025-03-07T02:46:00.656+0000] {logging_mixin.py:190} INFO - [2025-03-07T02:46:00.656+0000] {dag.py:3239} INFO - Sync 1 DAGs
[2025-03-07T02:46:00.674+0000] {logging_mixin.py:190} INFO - [2025-03-07T02:46:00.674+0000] {dag.py:4180} INFO - Setting next_dagrun for example_python_operator to None, run_after=None
[2025-03-07T02:46:00.713+0000] {processor.py:208} INFO - Processing /home/Ashreem/airflow-env/lib/python3.12/site-packages/airflow/example_dags/example_python_operator.py took 0.112 seconds
[2025-03-07T02:47:03.895+0000] {processor.py:186} INFO - Started process (PID=47225) to work on /home/Ashreem/airflow-env/lib/python3.12/site-packages/airflow/example_dags/example_python_operator.py
[2025-03-07T02:47:03.897+0000] {processor.py:914} INFO - Processing file /home/Ashreem/airflow-env/lib/python3.12/site-packages/airflow/example_dags/example_python_operator.py for tasks to queue
[2025-03-07T02:47:03.900+0000] {logging_mixin.py:190} INFO - [2025-03-07T02:47:03.899+0000] {dagbag.py:588} INFO - Filling up the DagBag from /home/Ashreem/airflow-env/lib/python3.12/site-packages/airflow/example_dags/example_python_operator.py
[2025-03-07T02:47:03.919+0000] {processor.py:925} INFO - DAG(s) 'example_python_operator' retrieved from /home/Ashreem/airflow-env/lib/python3.12/site-packages/airflow/example_dags/example_python_operator.py
[2025-03-07T02:47:03.944+0000] {logging_mixin.py:190} INFO - [2025-03-07T02:47:03.944+0000] {dag.py:3239} INFO - Sync 1 DAGs
[2025-03-07T02:47:03.963+0000] {logging_mixin.py:190} INFO - [2025-03-07T02:47:03.962+0000] {dag.py:4180} INFO - Setting next_dagrun for example_python_operator to None, run_after=None
[2025-03-07T02:47:04.001+0000] {processor.py:208} INFO - Processing /home/Ashreem/airflow-env/lib/python3.12/site-packages/airflow/example_dags/example_python_operator.py took 0.114 seconds
[2025-03-07T02:48:09.497+0000] {processor.py:186} INFO - Started process (PID=47290) to work on /home/Ashreem/airflow-env/lib/python3.12/site-packages/airflow/example_dags/example_python_operator.py
[2025-03-07T02:48:09.499+0000] {processor.py:914} INFO - Processing file /home/Ashreem/airflow-env/lib/python3.12/site-packages/airflow/example_dags/example_python_operator.py for tasks to queue
[2025-03-07T02:48:09.502+0000] {logging_mixin.py:190} INFO - [2025-03-07T02:48:09.501+0000] {dagbag.py:588} INFO - Filling up the DagBag from /home/Ashreem/airflow-env/lib/python3.12/site-packages/airflow/example_dags/example_python_operator.py
[2025-03-07T02:48:09.518+0000] {processor.py:925} INFO - DAG(s) 'example_python_operator' retrieved from /home/Ashreem/airflow-env/lib/python3.12/site-packages/airflow/example_dags/example_python_operator.py
[2025-03-07T02:48:09.540+0000] {logging_mixin.py:190} INFO - [2025-03-07T02:48:09.540+0000] {dag.py:3239} INFO - Sync 1 DAGs
[2025-03-07T02:48:09.560+0000] {logging_mixin.py:190} INFO - [2025-03-07T02:48:09.560+0000] {dag.py:4180} INFO - Setting next_dagrun for example_python_operator to None, run_after=None
[2025-03-07T02:48:09.596+0000] {processor.py:208} INFO - Processing /home/Ashreem/airflow-env/lib/python3.12/site-packages/airflow/example_dags/example_python_operator.py took 0.106 seconds
[2025-03-07T02:49:16.919+0000] {processor.py:186} INFO - Started process (PID=47368) to work on /home/Ashreem/airflow-env/lib/python3.12/site-packages/airflow/example_dags/example_python_operator.py
[2025-03-07T02:49:16.920+0000] {processor.py:914} INFO - Processing file /home/Ashreem/airflow-env/lib/python3.12/site-packages/airflow/example_dags/example_python_operator.py for tasks to queue
[2025-03-07T02:49:16.923+0000] {logging_mixin.py:190} INFO - [2025-03-07T02:49:16.922+0000] {dagbag.py:588} INFO - Filling up the DagBag from /home/Ashreem/airflow-env/lib/python3.12/site-packages/airflow/example_dags/example_python_operator.py
[2025-03-07T02:49:16.939+0000] {processor.py:925} INFO - DAG(s) 'example_python_operator' retrieved from /home/Ashreem/airflow-env/lib/python3.12/site-packages/airflow/example_dags/example_python_operator.py
[2025-03-07T02:49:16.962+0000] {logging_mixin.py:190} INFO - [2025-03-07T02:49:16.961+0000] {dag.py:3239} INFO - Sync 1 DAGs
[2025-03-07T02:49:16.977+0000] {logging_mixin.py:190} INFO - [2025-03-07T02:49:16.977+0000] {dag.py:4180} INFO - Setting next_dagrun for example_python_operator to None, run_after=None
[2025-03-07T02:49:17.017+0000] {processor.py:208} INFO - Processing /home/Ashreem/airflow-env/lib/python3.12/site-packages/airflow/example_dags/example_python_operator.py took 0.106 seconds
[2025-03-07T02:50:24.621+0000] {processor.py:186} INFO - Started process (PID=47446) to work on /home/Ashreem/airflow-env/lib/python3.12/site-packages/airflow/example_dags/example_python_operator.py
[2025-03-07T02:50:24.622+0000] {processor.py:914} INFO - Processing file /home/Ashreem/airflow-env/lib/python3.12/site-packages/airflow/example_dags/example_python_operator.py for tasks to queue
[2025-03-07T02:50:24.625+0000] {logging_mixin.py:190} INFO - [2025-03-07T02:50:24.625+0000] {dagbag.py:588} INFO - Filling up the DagBag from /home/Ashreem/airflow-env/lib/python3.12/site-packages/airflow/example_dags/example_python_operator.py
[2025-03-07T02:50:24.643+0000] {processor.py:925} INFO - DAG(s) 'example_python_operator' retrieved from /home/Ashreem/airflow-env/lib/python3.12/site-packages/airflow/example_dags/example_python_operator.py
[2025-03-07T02:50:24.668+0000] {logging_mixin.py:190} INFO - [2025-03-07T02:50:24.667+0000] {dag.py:3239} INFO - Sync 1 DAGs
[2025-03-07T02:50:24.684+0000] {logging_mixin.py:190} INFO - [2025-03-07T02:50:24.684+0000] {dag.py:4180} INFO - Setting next_dagrun for example_python_operator to None, run_after=None
[2025-03-07T02:50:24.726+0000] {processor.py:208} INFO - Processing /home/Ashreem/airflow-env/lib/python3.12/site-packages/airflow/example_dags/example_python_operator.py took 0.114 seconds
[2025-03-07T02:51:24.592+0000] {processor.py:186} INFO - Started process (PID=47506) to work on /home/Ashreem/airflow-env/lib/python3.12/site-packages/airflow/example_dags/example_python_operator.py
[2025-03-07T02:51:24.594+0000] {processor.py:914} INFO - Processing file /home/Ashreem/airflow-env/lib/python3.12/site-packages/airflow/example_dags/example_python_operator.py for tasks to queue
[2025-03-07T02:51:24.597+0000] {logging_mixin.py:190} INFO - [2025-03-07T02:51:24.596+0000] {dagbag.py:588} INFO - Filling up the DagBag from /home/Ashreem/airflow-env/lib/python3.12/site-packages/airflow/example_dags/example_python_operator.py
[2025-03-07T02:51:24.613+0000] {processor.py:925} INFO - DAG(s) 'example_python_operator' retrieved from /home/Ashreem/airflow-env/lib/python3.12/site-packages/airflow/example_dags/example_python_operator.py
[2025-03-07T02:51:24.639+0000] {logging_mixin.py:190} INFO - [2025-03-07T02:51:24.639+0000] {dag.py:3239} INFO - Sync 1 DAGs
[2025-03-07T02:51:24.657+0000] {logging_mixin.py:190} INFO - [2025-03-07T02:51:24.656+0000] {dag.py:4180} INFO - Setting next_dagrun for example_python_operator to None, run_after=None
[2025-03-07T02:51:24.692+0000] {processor.py:208} INFO - Processing /home/Ashreem/airflow-env/lib/python3.12/site-packages/airflow/example_dags/example_python_operator.py took 0.107 seconds
[2025-03-07T02:52:30.910+0000] {processor.py:186} INFO - Started process (PID=47573) to work on /home/Ashreem/airflow-env/lib/python3.12/site-packages/airflow/example_dags/example_python_operator.py
[2025-03-07T02:52:30.911+0000] {processor.py:914} INFO - Processing file /home/Ashreem/airflow-env/lib/python3.12/site-packages/airflow/example_dags/example_python_operator.py for tasks to queue
[2025-03-07T02:52:30.914+0000] {logging_mixin.py:190} INFO - [2025-03-07T02:52:30.914+0000] {dagbag.py:588} INFO - Filling up the DagBag from /home/Ashreem/airflow-env/lib/python3.12/site-packages/airflow/example_dags/example_python_operator.py
[2025-03-07T02:52:30.933+0000] {processor.py:925} INFO - DAG(s) 'example_python_operator' retrieved from /home/Ashreem/airflow-env/lib/python3.12/site-packages/airflow/example_dags/example_python_operator.py
[2025-03-07T02:52:30.955+0000] {logging_mixin.py:190} INFO - [2025-03-07T02:52:30.954+0000] {dag.py:3239} INFO - Sync 1 DAGs
[2025-03-07T02:52:30.970+0000] {logging_mixin.py:190} INFO - [2025-03-07T02:52:30.970+0000] {dag.py:4180} INFO - Setting next_dagrun for example_python_operator to None, run_after=None
[2025-03-07T02:52:31.007+0000] {processor.py:208} INFO - Processing /home/Ashreem/airflow-env/lib/python3.12/site-packages/airflow/example_dags/example_python_operator.py took 0.104 seconds
[2025-03-07T02:53:33.636+0000] {processor.py:186} INFO - Started process (PID=47636) to work on /home/Ashreem/airflow-env/lib/python3.12/site-packages/airflow/example_dags/example_python_operator.py
[2025-03-07T02:53:33.637+0000] {processor.py:914} INFO - Processing file /home/Ashreem/airflow-env/lib/python3.12/site-packages/airflow/example_dags/example_python_operator.py for tasks to queue
[2025-03-07T02:53:33.640+0000] {logging_mixin.py:190} INFO - [2025-03-07T02:53:33.640+0000] {dagbag.py:588} INFO - Filling up the DagBag from /home/Ashreem/airflow-env/lib/python3.12/site-packages/airflow/example_dags/example_python_operator.py
[2025-03-07T02:53:33.666+0000] {processor.py:925} INFO - DAG(s) 'example_python_operator' retrieved from /home/Ashreem/airflow-env/lib/python3.12/site-packages/airflow/example_dags/example_python_operator.py
[2025-03-07T02:53:33.690+0000] {logging_mixin.py:190} INFO - [2025-03-07T02:53:33.690+0000] {dag.py:3239} INFO - Sync 1 DAGs
[2025-03-07T02:53:33.707+0000] {logging_mixin.py:190} INFO - [2025-03-07T02:53:33.706+0000] {dag.py:4180} INFO - Setting next_dagrun for example_python_operator to None, run_after=None
[2025-03-07T02:53:33.741+0000] {processor.py:208} INFO - Processing /home/Ashreem/airflow-env/lib/python3.12/site-packages/airflow/example_dags/example_python_operator.py took 0.113 seconds
[2025-03-07T02:54:36.579+0000] {processor.py:186} INFO - Started process (PID=47701) to work on /home/Ashreem/airflow-env/lib/python3.12/site-packages/airflow/example_dags/example_python_operator.py
[2025-03-07T02:54:36.580+0000] {processor.py:914} INFO - Processing file /home/Ashreem/airflow-env/lib/python3.12/site-packages/airflow/example_dags/example_python_operator.py for tasks to queue
[2025-03-07T02:54:36.583+0000] {logging_mixin.py:190} INFO - [2025-03-07T02:54:36.583+0000] {dagbag.py:588} INFO - Filling up the DagBag from /home/Ashreem/airflow-env/lib/python3.12/site-packages/airflow/example_dags/example_python_operator.py
[2025-03-07T02:54:36.599+0000] {processor.py:925} INFO - DAG(s) 'example_python_operator' retrieved from /home/Ashreem/airflow-env/lib/python3.12/site-packages/airflow/example_dags/example_python_operator.py
[2025-03-07T02:54:36.621+0000] {logging_mixin.py:190} INFO - [2025-03-07T02:54:36.621+0000] {dag.py:3239} INFO - Sync 1 DAGs
[2025-03-07T02:54:36.639+0000] {logging_mixin.py:190} INFO - [2025-03-07T02:54:36.638+0000] {dag.py:4180} INFO - Setting next_dagrun for example_python_operator to None, run_after=None
[2025-03-07T02:54:36.675+0000] {processor.py:208} INFO - Processing /home/Ashreem/airflow-env/lib/python3.12/site-packages/airflow/example_dags/example_python_operator.py took 0.104 seconds
[2025-03-07T02:55:37.633+0000] {processor.py:186} INFO - Started process (PID=47834) to work on /home/Ashreem/airflow-env/lib/python3.12/site-packages/airflow/example_dags/example_python_operator.py
[2025-03-07T02:55:37.634+0000] {processor.py:914} INFO - Processing file /home/Ashreem/airflow-env/lib/python3.12/site-packages/airflow/example_dags/example_python_operator.py for tasks to queue
[2025-03-07T02:55:37.638+0000] {logging_mixin.py:190} INFO - [2025-03-07T02:55:37.637+0000] {dagbag.py:588} INFO - Filling up the DagBag from /home/Ashreem/airflow-env/lib/python3.12/site-packages/airflow/example_dags/example_python_operator.py
[2025-03-07T02:55:37.656+0000] {processor.py:925} INFO - DAG(s) 'example_python_operator' retrieved from /home/Ashreem/airflow-env/lib/python3.12/site-packages/airflow/example_dags/example_python_operator.py
[2025-03-07T02:55:37.681+0000] {logging_mixin.py:190} INFO - [2025-03-07T02:55:37.681+0000] {dag.py:3239} INFO - Sync 1 DAGs
[2025-03-07T02:55:37.698+0000] {logging_mixin.py:190} INFO - [2025-03-07T02:55:37.698+0000] {dag.py:4180} INFO - Setting next_dagrun for example_python_operator to None, run_after=None
[2025-03-07T02:55:37.736+0000] {processor.py:208} INFO - Processing /home/Ashreem/airflow-env/lib/python3.12/site-packages/airflow/example_dags/example_python_operator.py took 0.111 seconds
[2025-03-07T02:56:39.539+0000] {processor.py:186} INFO - Started process (PID=47945) to work on /home/Ashreem/airflow-env/lib/python3.12/site-packages/airflow/example_dags/example_python_operator.py
[2025-03-07T02:56:39.541+0000] {processor.py:914} INFO - Processing file /home/Ashreem/airflow-env/lib/python3.12/site-packages/airflow/example_dags/example_python_operator.py for tasks to queue
[2025-03-07T02:56:39.544+0000] {logging_mixin.py:190} INFO - [2025-03-07T02:56:39.543+0000] {dagbag.py:588} INFO - Filling up the DagBag from /home/Ashreem/airflow-env/lib/python3.12/site-packages/airflow/example_dags/example_python_operator.py
[2025-03-07T02:56:39.560+0000] {processor.py:925} INFO - DAG(s) 'example_python_operator' retrieved from /home/Ashreem/airflow-env/lib/python3.12/site-packages/airflow/example_dags/example_python_operator.py
[2025-03-07T02:56:39.691+0000] {logging_mixin.py:190} INFO - [2025-03-07T02:56:39.690+0000] {dag.py:3239} INFO - Sync 1 DAGs
[2025-03-07T02:56:39.705+0000] {logging_mixin.py:190} INFO - [2025-03-07T02:56:39.705+0000] {dag.py:4180} INFO - Setting next_dagrun for example_python_operator to None, run_after=None
[2025-03-07T02:56:39.767+0000] {processor.py:208} INFO - Processing /home/Ashreem/airflow-env/lib/python3.12/site-packages/airflow/example_dags/example_python_operator.py took 0.234 seconds
[2025-03-07T02:56:43.899+0000] {processor.py:186} INFO - Started process (PID=47954) to work on /home/Ashreem/airflow-env/lib/python3.12/site-packages/airflow/example_dags/example_python_operator.py
[2025-03-07T02:56:43.900+0000] {processor.py:914} INFO - Processing file /home/Ashreem/airflow-env/lib/python3.12/site-packages/airflow/example_dags/example_python_operator.py for tasks to queue
[2025-03-07T02:56:43.903+0000] {logging_mixin.py:190} INFO - [2025-03-07T02:56:43.903+0000] {dagbag.py:588} INFO - Filling up the DagBag from /home/Ashreem/airflow-env/lib/python3.12/site-packages/airflow/example_dags/example_python_operator.py
[2025-03-07T02:56:43.920+0000] {processor.py:925} INFO - DAG(s) 'example_python_operator' retrieved from /home/Ashreem/airflow-env/lib/python3.12/site-packages/airflow/example_dags/example_python_operator.py
[2025-03-07T02:56:43.931+0000] {logging_mixin.py:190} INFO - [2025-03-07T02:56:43.931+0000] {dag.py:3239} INFO - Sync 1 DAGs
[2025-03-07T02:56:43.948+0000] {logging_mixin.py:190} INFO - [2025-03-07T02:56:43.947+0000] {dag.py:4180} INFO - Setting next_dagrun for example_python_operator to None, run_after=None
[2025-03-07T02:56:43.993+0000] {processor.py:208} INFO - Processing /home/Ashreem/airflow-env/lib/python3.12/site-packages/airflow/example_dags/example_python_operator.py took 0.102 seconds
[2025-03-07T02:57:47.567+0000] {processor.py:186} INFO - Started process (PID=48054) to work on /home/Ashreem/airflow-env/lib/python3.12/site-packages/airflow/example_dags/example_python_operator.py
[2025-03-07T02:57:47.568+0000] {processor.py:914} INFO - Processing file /home/Ashreem/airflow-env/lib/python3.12/site-packages/airflow/example_dags/example_python_operator.py for tasks to queue
[2025-03-07T02:57:47.571+0000] {logging_mixin.py:190} INFO - [2025-03-07T02:57:47.570+0000] {dagbag.py:588} INFO - Filling up the DagBag from /home/Ashreem/airflow-env/lib/python3.12/site-packages/airflow/example_dags/example_python_operator.py
[2025-03-07T02:57:47.589+0000] {processor.py:925} INFO - DAG(s) 'example_python_operator' retrieved from /home/Ashreem/airflow-env/lib/python3.12/site-packages/airflow/example_dags/example_python_operator.py
[2025-03-07T02:57:47.724+0000] {logging_mixin.py:190} INFO - [2025-03-07T02:57:47.723+0000] {dag.py:3239} INFO - Sync 1 DAGs
[2025-03-07T02:57:47.738+0000] {logging_mixin.py:190} INFO - [2025-03-07T02:57:47.738+0000] {dag.py:4180} INFO - Setting next_dagrun for example_python_operator to None, run_after=None
[2025-03-07T02:57:47.779+0000] {processor.py:208} INFO - Processing /home/Ashreem/airflow-env/lib/python3.12/site-packages/airflow/example_dags/example_python_operator.py took 0.221 seconds
[2025-03-07T02:58:52.214+0000] {processor.py:186} INFO - Started process (PID=48126) to work on /home/Ashreem/airflow-env/lib/python3.12/site-packages/airflow/example_dags/example_python_operator.py
[2025-03-07T02:58:52.216+0000] {processor.py:914} INFO - Processing file /home/Ashreem/airflow-env/lib/python3.12/site-packages/airflow/example_dags/example_python_operator.py for tasks to queue
[2025-03-07T02:58:52.218+0000] {logging_mixin.py:190} INFO - [2025-03-07T02:58:52.218+0000] {dagbag.py:588} INFO - Filling up the DagBag from /home/Ashreem/airflow-env/lib/python3.12/site-packages/airflow/example_dags/example_python_operator.py
[2025-03-07T02:58:52.235+0000] {processor.py:925} INFO - DAG(s) 'example_python_operator' retrieved from /home/Ashreem/airflow-env/lib/python3.12/site-packages/airflow/example_dags/example_python_operator.py
[2025-03-07T02:58:52.259+0000] {logging_mixin.py:190} INFO - [2025-03-07T02:58:52.259+0000] {dag.py:3239} INFO - Sync 1 DAGs
[2025-03-07T02:58:52.275+0000] {logging_mixin.py:190} INFO - [2025-03-07T02:58:52.275+0000] {dag.py:4180} INFO - Setting next_dagrun for example_python_operator to None, run_after=None
[2025-03-07T02:58:52.316+0000] {processor.py:208} INFO - Processing /home/Ashreem/airflow-env/lib/python3.12/site-packages/airflow/example_dags/example_python_operator.py took 0.108 seconds
[2025-03-07T03:00:00.240+0000] {processor.py:186} INFO - Started process (PID=48269) to work on /home/Ashreem/airflow-env/lib/python3.12/site-packages/airflow/example_dags/example_python_operator.py
[2025-03-07T03:00:00.244+0000] {processor.py:914} INFO - Processing file /home/Ashreem/airflow-env/lib/python3.12/site-packages/airflow/example_dags/example_python_operator.py for tasks to queue
[2025-03-07T03:00:00.248+0000] {logging_mixin.py:190} INFO - [2025-03-07T03:00:00.248+0000] {dagbag.py:588} INFO - Filling up the DagBag from /home/Ashreem/airflow-env/lib/python3.12/site-packages/airflow/example_dags/example_python_operator.py
[2025-03-07T03:00:00.268+0000] {processor.py:925} INFO - DAG(s) 'example_python_operator' retrieved from /home/Ashreem/airflow-env/lib/python3.12/site-packages/airflow/example_dags/example_python_operator.py
[2025-03-07T03:00:00.292+0000] {logging_mixin.py:190} INFO - [2025-03-07T03:00:00.291+0000] {dag.py:3239} INFO - Sync 1 DAGs
[2025-03-07T03:00:00.309+0000] {logging_mixin.py:190} INFO - [2025-03-07T03:00:00.309+0000] {dag.py:4180} INFO - Setting next_dagrun for example_python_operator to None, run_after=None
[2025-03-07T03:00:00.356+0000] {processor.py:208} INFO - Processing /home/Ashreem/airflow-env/lib/python3.12/site-packages/airflow/example_dags/example_python_operator.py took 0.131 seconds
[2025-03-07T03:01:06.192+0000] {processor.py:186} INFO - Started process (PID=48353) to work on /home/Ashreem/airflow-env/lib/python3.12/site-packages/airflow/example_dags/example_python_operator.py
[2025-03-07T03:01:06.193+0000] {processor.py:914} INFO - Processing file /home/Ashreem/airflow-env/lib/python3.12/site-packages/airflow/example_dags/example_python_operator.py for tasks to queue
[2025-03-07T03:01:06.196+0000] {logging_mixin.py:190} INFO - [2025-03-07T03:01:06.195+0000] {dagbag.py:588} INFO - Filling up the DagBag from /home/Ashreem/airflow-env/lib/python3.12/site-packages/airflow/example_dags/example_python_operator.py
[2025-03-07T03:01:06.214+0000] {processor.py:925} INFO - DAG(s) 'example_python_operator' retrieved from /home/Ashreem/airflow-env/lib/python3.12/site-packages/airflow/example_dags/example_python_operator.py
[2025-03-07T03:01:06.236+0000] {logging_mixin.py:190} INFO - [2025-03-07T03:01:06.236+0000] {dag.py:3239} INFO - Sync 1 DAGs
[2025-03-07T03:01:06.251+0000] {logging_mixin.py:190} INFO - [2025-03-07T03:01:06.251+0000] {dag.py:4180} INFO - Setting next_dagrun for example_python_operator to None, run_after=None
[2025-03-07T03:01:06.293+0000] {processor.py:208} INFO - Processing /home/Ashreem/airflow-env/lib/python3.12/site-packages/airflow/example_dags/example_python_operator.py took 0.108 seconds
[2025-03-07T03:02:07.053+0000] {processor.py:186} INFO - Started process (PID=48420) to work on /home/Ashreem/airflow-env/lib/python3.12/site-packages/airflow/example_dags/example_python_operator.py
[2025-03-07T03:02:07.055+0000] {processor.py:914} INFO - Processing file /home/Ashreem/airflow-env/lib/python3.12/site-packages/airflow/example_dags/example_python_operator.py for tasks to queue
[2025-03-07T03:02:07.058+0000] {logging_mixin.py:190} INFO - [2025-03-07T03:02:07.058+0000] {dagbag.py:588} INFO - Filling up the DagBag from /home/Ashreem/airflow-env/lib/python3.12/site-packages/airflow/example_dags/example_python_operator.py
[2025-03-07T03:02:07.078+0000] {processor.py:925} INFO - DAG(s) 'example_python_operator' retrieved from /home/Ashreem/airflow-env/lib/python3.12/site-packages/airflow/example_dags/example_python_operator.py
[2025-03-07T03:02:07.105+0000] {logging_mixin.py:190} INFO - [2025-03-07T03:02:07.104+0000] {dag.py:3239} INFO - Sync 1 DAGs
[2025-03-07T03:02:07.123+0000] {logging_mixin.py:190} INFO - [2025-03-07T03:02:07.123+0000] {dag.py:4180} INFO - Setting next_dagrun for example_python_operator to None, run_after=None
[2025-03-07T03:02:07.162+0000] {processor.py:208} INFO - Processing /home/Ashreem/airflow-env/lib/python3.12/site-packages/airflow/example_dags/example_python_operator.py took 0.116 seconds
[2025-03-07T03:03:08.282+0000] {processor.py:186} INFO - Started process (PID=48550) to work on /home/Ashreem/airflow-env/lib/python3.12/site-packages/airflow/example_dags/example_python_operator.py
[2025-03-07T03:03:08.284+0000] {processor.py:914} INFO - Processing file /home/Ashreem/airflow-env/lib/python3.12/site-packages/airflow/example_dags/example_python_operator.py for tasks to queue
[2025-03-07T03:03:08.287+0000] {logging_mixin.py:190} INFO - [2025-03-07T03:03:08.286+0000] {dagbag.py:588} INFO - Filling up the DagBag from /home/Ashreem/airflow-env/lib/python3.12/site-packages/airflow/example_dags/example_python_operator.py
[2025-03-07T03:03:08.304+0000] {processor.py:925} INFO - DAG(s) 'example_python_operator' retrieved from /home/Ashreem/airflow-env/lib/python3.12/site-packages/airflow/example_dags/example_python_operator.py
[2025-03-07T03:03:08.327+0000] {logging_mixin.py:190} INFO - [2025-03-07T03:03:08.327+0000] {dag.py:3239} INFO - Sync 1 DAGs
[2025-03-07T03:03:08.343+0000] {logging_mixin.py:190} INFO - [2025-03-07T03:03:08.343+0000] {dag.py:4180} INFO - Setting next_dagrun for example_python_operator to None, run_after=None
[2025-03-07T03:03:08.379+0000] {processor.py:208} INFO - Processing /home/Ashreem/airflow-env/lib/python3.12/site-packages/airflow/example_dags/example_python_operator.py took 0.107 seconds
[2025-03-07T03:03:53.615+0000] {processor.py:186} INFO - Started process (PID=48622) to work on /home/Ashreem/airflow-env/lib/python3.12/site-packages/airflow/example_dags/example_python_operator.py
[2025-03-07T03:03:53.617+0000] {processor.py:914} INFO - Processing file /home/Ashreem/airflow-env/lib/python3.12/site-packages/airflow/example_dags/example_python_operator.py for tasks to queue
[2025-03-07T03:03:53.620+0000] {logging_mixin.py:190} INFO - [2025-03-07T03:03:53.620+0000] {dagbag.py:588} INFO - Filling up the DagBag from /home/Ashreem/airflow-env/lib/python3.12/site-packages/airflow/example_dags/example_python_operator.py
[2025-03-07T03:03:53.641+0000] {processor.py:925} INFO - DAG(s) 'example_python_operator' retrieved from /home/Ashreem/airflow-env/lib/python3.12/site-packages/airflow/example_dags/example_python_operator.py
[2025-03-07T03:03:53.781+0000] {logging_mixin.py:190} INFO - [2025-03-07T03:03:53.781+0000] {dag.py:3239} INFO - Sync 1 DAGs
[2025-03-07T03:03:53.796+0000] {logging_mixin.py:190} INFO - [2025-03-07T03:03:53.796+0000] {dag.py:4180} INFO - Setting next_dagrun for example_python_operator to None, run_after=None
[2025-03-07T03:03:53.835+0000] {processor.py:208} INFO - Processing /home/Ashreem/airflow-env/lib/python3.12/site-packages/airflow/example_dags/example_python_operator.py took 0.228 seconds
[2025-03-07T03:04:55.902+0000] {processor.py:186} INFO - Started process (PID=48690) to work on /home/Ashreem/airflow-env/lib/python3.12/site-packages/airflow/example_dags/example_python_operator.py
[2025-03-07T03:04:55.903+0000] {processor.py:914} INFO - Processing file /home/Ashreem/airflow-env/lib/python3.12/site-packages/airflow/example_dags/example_python_operator.py for tasks to queue
[2025-03-07T03:04:55.906+0000] {logging_mixin.py:190} INFO - [2025-03-07T03:04:55.906+0000] {dagbag.py:588} INFO - Filling up the DagBag from /home/Ashreem/airflow-env/lib/python3.12/site-packages/airflow/example_dags/example_python_operator.py
[2025-03-07T03:04:55.924+0000] {processor.py:925} INFO - DAG(s) 'example_python_operator' retrieved from /home/Ashreem/airflow-env/lib/python3.12/site-packages/airflow/example_dags/example_python_operator.py
[2025-03-07T03:04:55.951+0000] {logging_mixin.py:190} INFO - [2025-03-07T03:04:55.950+0000] {dag.py:3239} INFO - Sync 1 DAGs
[2025-03-07T03:04:55.974+0000] {logging_mixin.py:190} INFO - [2025-03-07T03:04:55.974+0000] {dag.py:4180} INFO - Setting next_dagrun for example_python_operator to None, run_after=None
[2025-03-07T03:04:56.017+0000] {processor.py:208} INFO - Processing /home/Ashreem/airflow-env/lib/python3.12/site-packages/airflow/example_dags/example_python_operator.py took 0.123 seconds
[2025-03-07T03:05:56.967+0000] {processor.py:186} INFO - Started process (PID=48941) to work on /home/Ashreem/airflow-env/lib/python3.12/site-packages/airflow/example_dags/example_python_operator.py
[2025-03-07T03:05:56.969+0000] {processor.py:914} INFO - Processing file /home/Ashreem/airflow-env/lib/python3.12/site-packages/airflow/example_dags/example_python_operator.py for tasks to queue
[2025-03-07T03:05:56.971+0000] {logging_mixin.py:190} INFO - [2025-03-07T03:05:56.971+0000] {dagbag.py:588} INFO - Filling up the DagBag from /home/Ashreem/airflow-env/lib/python3.12/site-packages/airflow/example_dags/example_python_operator.py
[2025-03-07T03:05:56.991+0000] {processor.py:925} INFO - DAG(s) 'example_python_operator' retrieved from /home/Ashreem/airflow-env/lib/python3.12/site-packages/airflow/example_dags/example_python_operator.py
[2025-03-07T03:05:57.018+0000] {logging_mixin.py:190} INFO - [2025-03-07T03:05:57.017+0000] {dag.py:3239} INFO - Sync 1 DAGs
[2025-03-07T03:05:57.034+0000] {logging_mixin.py:190} INFO - [2025-03-07T03:05:57.034+0000] {dag.py:4180} INFO - Setting next_dagrun for example_python_operator to None, run_after=None
[2025-03-07T03:05:57.073+0000] {processor.py:208} INFO - Processing /home/Ashreem/airflow-env/lib/python3.12/site-packages/airflow/example_dags/example_python_operator.py took 0.114 seconds
[2025-03-07T03:07:03.417+0000] {processor.py:186} INFO - Started process (PID=49009) to work on /home/Ashreem/airflow-env/lib/python3.12/site-packages/airflow/example_dags/example_python_operator.py
[2025-03-07T03:07:03.422+0000] {processor.py:914} INFO - Processing file /home/Ashreem/airflow-env/lib/python3.12/site-packages/airflow/example_dags/example_python_operator.py for tasks to queue
[2025-03-07T03:07:03.425+0000] {logging_mixin.py:190} INFO - [2025-03-07T03:07:03.424+0000] {dagbag.py:588} INFO - Filling up the DagBag from /home/Ashreem/airflow-env/lib/python3.12/site-packages/airflow/example_dags/example_python_operator.py
[2025-03-07T03:07:03.442+0000] {processor.py:925} INFO - DAG(s) 'example_python_operator' retrieved from /home/Ashreem/airflow-env/lib/python3.12/site-packages/airflow/example_dags/example_python_operator.py
[2025-03-07T03:07:03.468+0000] {logging_mixin.py:190} INFO - [2025-03-07T03:07:03.468+0000] {dag.py:3239} INFO - Sync 1 DAGs
[2025-03-07T03:07:03.484+0000] {logging_mixin.py:190} INFO - [2025-03-07T03:07:03.484+0000] {dag.py:4180} INFO - Setting next_dagrun for example_python_operator to None, run_after=None
[2025-03-07T03:07:03.525+0000] {processor.py:208} INFO - Processing /home/Ashreem/airflow-env/lib/python3.12/site-packages/airflow/example_dags/example_python_operator.py took 0.116 seconds
[2025-03-07T03:08:09.422+0000] {processor.py:186} INFO - Started process (PID=49091) to work on /home/Ashreem/airflow-env/lib/python3.12/site-packages/airflow/example_dags/example_python_operator.py
[2025-03-07T03:08:09.424+0000] {processor.py:914} INFO - Processing file /home/Ashreem/airflow-env/lib/python3.12/site-packages/airflow/example_dags/example_python_operator.py for tasks to queue
[2025-03-07T03:08:09.427+0000] {logging_mixin.py:190} INFO - [2025-03-07T03:08:09.426+0000] {dagbag.py:588} INFO - Filling up the DagBag from /home/Ashreem/airflow-env/lib/python3.12/site-packages/airflow/example_dags/example_python_operator.py
[2025-03-07T03:08:09.445+0000] {processor.py:925} INFO - DAG(s) 'example_python_operator' retrieved from /home/Ashreem/airflow-env/lib/python3.12/site-packages/airflow/example_dags/example_python_operator.py
[2025-03-07T03:08:09.592+0000] {logging_mixin.py:190} INFO - [2025-03-07T03:08:09.592+0000] {dag.py:3239} INFO - Sync 1 DAGs
[2025-03-07T03:08:09.611+0000] {logging_mixin.py:190} INFO - [2025-03-07T03:08:09.610+0000] {dag.py:4180} INFO - Setting next_dagrun for example_python_operator to None, run_after=None
[2025-03-07T03:08:09.654+0000] {processor.py:208} INFO - Processing /home/Ashreem/airflow-env/lib/python3.12/site-packages/airflow/example_dags/example_python_operator.py took 0.240 seconds
[2025-03-07T03:09:11.677+0000] {processor.py:186} INFO - Started process (PID=49163) to work on /home/Ashreem/airflow-env/lib/python3.12/site-packages/airflow/example_dags/example_python_operator.py
[2025-03-07T03:09:11.678+0000] {processor.py:914} INFO - Processing file /home/Ashreem/airflow-env/lib/python3.12/site-packages/airflow/example_dags/example_python_operator.py for tasks to queue
[2025-03-07T03:09:11.681+0000] {logging_mixin.py:190} INFO - [2025-03-07T03:09:11.680+0000] {dagbag.py:588} INFO - Filling up the DagBag from /home/Ashreem/airflow-env/lib/python3.12/site-packages/airflow/example_dags/example_python_operator.py
[2025-03-07T03:09:11.698+0000] {processor.py:925} INFO - DAG(s) 'example_python_operator' retrieved from /home/Ashreem/airflow-env/lib/python3.12/site-packages/airflow/example_dags/example_python_operator.py
[2025-03-07T03:09:11.721+0000] {logging_mixin.py:190} INFO - [2025-03-07T03:09:11.721+0000] {dag.py:3239} INFO - Sync 1 DAGs
[2025-03-07T03:09:11.740+0000] {logging_mixin.py:190} INFO - [2025-03-07T03:09:11.740+0000] {dag.py:4180} INFO - Setting next_dagrun for example_python_operator to None, run_after=None
[2025-03-07T03:09:11.778+0000] {processor.py:208} INFO - Processing /home/Ashreem/airflow-env/lib/python3.12/site-packages/airflow/example_dags/example_python_operator.py took 0.109 seconds
[2025-03-07T03:10:12.717+0000] {processor.py:186} INFO - Started process (PID=49226) to work on /home/Ashreem/airflow-env/lib/python3.12/site-packages/airflow/example_dags/example_python_operator.py
[2025-03-07T03:10:12.719+0000] {processor.py:914} INFO - Processing file /home/Ashreem/airflow-env/lib/python3.12/site-packages/airflow/example_dags/example_python_operator.py for tasks to queue
[2025-03-07T03:10:12.723+0000] {logging_mixin.py:190} INFO - [2025-03-07T03:10:12.722+0000] {dagbag.py:588} INFO - Filling up the DagBag from /home/Ashreem/airflow-env/lib/python3.12/site-packages/airflow/example_dags/example_python_operator.py
[2025-03-07T03:10:12.746+0000] {processor.py:925} INFO - DAG(s) 'example_python_operator' retrieved from /home/Ashreem/airflow-env/lib/python3.12/site-packages/airflow/example_dags/example_python_operator.py
[2025-03-07T03:10:12.774+0000] {logging_mixin.py:190} INFO - [2025-03-07T03:10:12.774+0000] {dag.py:3239} INFO - Sync 1 DAGs
[2025-03-07T03:10:12.795+0000] {logging_mixin.py:190} INFO - [2025-03-07T03:10:12.795+0000] {dag.py:4180} INFO - Setting next_dagrun for example_python_operator to None, run_after=None
[2025-03-07T03:10:12.835+0000] {processor.py:208} INFO - Processing /home/Ashreem/airflow-env/lib/python3.12/site-packages/airflow/example_dags/example_python_operator.py took 0.128 seconds
