[2025-03-07T02:31:10.955+0000] {processor.py:186} INFO - Started process (PID=46013) to work on /home/Ashreem/airflow-env/lib/python3.12/site-packages/airflow/example_dags/example_branch_operator.py
[2025-03-07T02:31:10.956+0000] {processor.py:914} INFO - Processing file /home/Ashreem/airflow-env/lib/python3.12/site-packages/airflow/example_dags/example_branch_operator.py for tasks to queue
[2025-03-07T02:31:10.959+0000] {logging_mixin.py:190} INFO - [2025-03-07T02:31:10.959+0000] {dagbag.py:588} INFO - Filling up the DagBag from /home/Ashreem/airflow-env/lib/python3.12/site-packages/airflow/example_dags/example_branch_operator.py
[2025-03-07T02:31:10.989+0000] {processor.py:925} INFO - DAG(s) 'example_branch_operator' retrieved from /home/Ashreem/airflow-env/lib/python3.12/site-packages/airflow/example_dags/example_branch_operator.py
[2025-03-07T02:31:11.162+0000] {logging_mixin.py:190} INFO - [2025-03-07T02:31:11.162+0000] {override.py:1930} INFO - Created Permission View: can read on DAG:example_branch_operator
[2025-03-07T02:31:11.186+0000] {logging_mixin.py:190} INFO - [2025-03-07T02:31:11.186+0000] {override.py:1930} INFO - Created Permission View: can delete on DAG:example_branch_operator
[2025-03-07T02:31:11.211+0000] {logging_mixin.py:190} INFO - [2025-03-07T02:31:11.210+0000] {override.py:1930} INFO - Created Permission View: can edit on DAG:example_branch_operator
[2025-03-07T02:31:11.258+0000] {logging_mixin.py:190} INFO - [2025-03-07T02:31:11.257+0000] {override.py:1930} INFO - Created Permission View: can read on DAG Run:example_branch_operator
[2025-03-07T02:31:11.280+0000] {logging_mixin.py:190} INFO - [2025-03-07T02:31:11.280+0000] {override.py:1930} INFO - Created Permission View: can delete on DAG Run:example_branch_operator
[2025-03-07T02:31:11.303+0000] {logging_mixin.py:190} INFO - [2025-03-07T02:31:11.302+0000] {override.py:1930} INFO - Created Permission View: menu access on DAG Run:example_branch_operator
[2025-03-07T02:31:11.325+0000] {logging_mixin.py:190} INFO - [2025-03-07T02:31:11.325+0000] {override.py:1930} INFO - Created Permission View: can create on DAG Run:example_branch_operator
[2025-03-07T02:31:11.326+0000] {logging_mixin.py:190} INFO - [2025-03-07T02:31:11.325+0000] {dag.py:3239} INFO - Sync 1 DAGs
[2025-03-07T02:31:11.338+0000] {logging_mixin.py:190} INFO - [2025-03-07T02:31:11.338+0000] {dag.py:3262} INFO - Creating ORM DAG for example_branch_operator
[2025-03-07T02:31:11.348+0000] {logging_mixin.py:190} INFO - [2025-03-07T02:31:11.348+0000] {dag.py:4180} INFO - Setting next_dagrun for example_branch_operator to 2025-03-06 00:00:00+00:00, run_after=2025-03-07 00:00:00+00:00
[2025-03-07T02:31:11.383+0000] {processor.py:208} INFO - Processing /home/Ashreem/airflow-env/lib/python3.12/site-packages/airflow/example_dags/example_branch_operator.py took 0.436 seconds
[2025-03-07T02:33:37.711+0000] {processor.py:186} INFO - Started process (PID=46122) to work on /home/Ashreem/airflow-env/lib/python3.12/site-packages/airflow/example_dags/example_branch_operator.py
[2025-03-07T02:33:37.713+0000] {processor.py:914} INFO - Processing file /home/Ashreem/airflow-env/lib/python3.12/site-packages/airflow/example_dags/example_branch_operator.py for tasks to queue
[2025-03-07T02:33:37.715+0000] {logging_mixin.py:190} INFO - [2025-03-07T02:33:37.715+0000] {dagbag.py:588} INFO - Filling up the DagBag from /home/Ashreem/airflow-env/lib/python3.12/site-packages/airflow/example_dags/example_branch_operator.py
[2025-03-07T02:33:37.739+0000] {processor.py:925} INFO - DAG(s) 'example_branch_operator' retrieved from /home/Ashreem/airflow-env/lib/python3.12/site-packages/airflow/example_dags/example_branch_operator.py
[2025-03-07T02:33:37.878+0000] {logging_mixin.py:190} INFO - [2025-03-07T02:33:37.878+0000] {dag.py:3239} INFO - Sync 1 DAGs
[2025-03-07T02:33:37.902+0000] {logging_mixin.py:190} INFO - [2025-03-07T02:33:37.901+0000] {dag.py:4180} INFO - Setting next_dagrun for example_branch_operator to 2025-03-06 00:00:00+00:00, run_after=2025-03-07 00:00:00+00:00
[2025-03-07T02:33:37.944+0000] {processor.py:208} INFO - Processing /home/Ashreem/airflow-env/lib/python3.12/site-packages/airflow/example_dags/example_branch_operator.py took 0.241 seconds
[2025-03-07T02:34:50.862+0000] {processor.py:186} INFO - Started process (PID=46454) to work on /home/Ashreem/airflow-env/lib/python3.12/site-packages/airflow/example_dags/example_branch_operator.py
[2025-03-07T02:34:50.863+0000] {processor.py:914} INFO - Processing file /home/Ashreem/airflow-env/lib/python3.12/site-packages/airflow/example_dags/example_branch_operator.py for tasks to queue
[2025-03-07T02:34:50.866+0000] {logging_mixin.py:190} INFO - [2025-03-07T02:34:50.865+0000] {dagbag.py:588} INFO - Filling up the DagBag from /home/Ashreem/airflow-env/lib/python3.12/site-packages/airflow/example_dags/example_branch_operator.py
[2025-03-07T02:34:50.890+0000] {processor.py:925} INFO - DAG(s) 'example_branch_operator' retrieved from /home/Ashreem/airflow-env/lib/python3.12/site-packages/airflow/example_dags/example_branch_operator.py
[2025-03-07T02:34:50.922+0000] {logging_mixin.py:190} INFO - [2025-03-07T02:34:50.921+0000] {dag.py:3239} INFO - Sync 1 DAGs
[2025-03-07T02:34:50.947+0000] {logging_mixin.py:190} INFO - [2025-03-07T02:34:50.947+0000] {dag.py:4180} INFO - Setting next_dagrun for example_branch_operator to 2025-03-06 00:00:00+00:00, run_after=2025-03-07 00:00:00+00:00
[2025-03-07T02:34:50.982+0000] {processor.py:208} INFO - Processing /home/Ashreem/airflow-env/lib/python3.12/site-packages/airflow/example_dags/example_branch_operator.py took 0.128 seconds
[2025-03-07T02:35:55.694+0000] {processor.py:186} INFO - Started process (PID=46520) to work on /home/Ashreem/airflow-env/lib/python3.12/site-packages/airflow/example_dags/example_branch_operator.py
[2025-03-07T02:35:55.697+0000] {processor.py:914} INFO - Processing file /home/Ashreem/airflow-env/lib/python3.12/site-packages/airflow/example_dags/example_branch_operator.py for tasks to queue
[2025-03-07T02:35:55.700+0000] {logging_mixin.py:190} INFO - [2025-03-07T02:35:55.700+0000] {dagbag.py:588} INFO - Filling up the DagBag from /home/Ashreem/airflow-env/lib/python3.12/site-packages/airflow/example_dags/example_branch_operator.py
[2025-03-07T02:35:55.724+0000] {processor.py:925} INFO - DAG(s) 'example_branch_operator' retrieved from /home/Ashreem/airflow-env/lib/python3.12/site-packages/airflow/example_dags/example_branch_operator.py
[2025-03-07T02:35:55.762+0000] {logging_mixin.py:190} INFO - [2025-03-07T02:35:55.761+0000] {dag.py:3239} INFO - Sync 1 DAGs
[2025-03-07T02:35:55.787+0000] {logging_mixin.py:190} INFO - [2025-03-07T02:35:55.786+0000] {dag.py:4180} INFO - Setting next_dagrun for example_branch_operator to 2025-03-06 00:00:00+00:00, run_after=2025-03-07 00:00:00+00:00
[2025-03-07T02:35:55.827+0000] {processor.py:208} INFO - Processing /home/Ashreem/airflow-env/lib/python3.12/site-packages/airflow/example_dags/example_branch_operator.py took 0.139 seconds
[2025-03-07T02:37:04.318+0000] {processor.py:186} INFO - Started process (PID=46590) to work on /home/Ashreem/airflow-env/lib/python3.12/site-packages/airflow/example_dags/example_branch_operator.py
[2025-03-07T02:37:04.320+0000] {processor.py:914} INFO - Processing file /home/Ashreem/airflow-env/lib/python3.12/site-packages/airflow/example_dags/example_branch_operator.py for tasks to queue
[2025-03-07T02:37:04.323+0000] {logging_mixin.py:190} INFO - [2025-03-07T02:37:04.322+0000] {dagbag.py:588} INFO - Filling up the DagBag from /home/Ashreem/airflow-env/lib/python3.12/site-packages/airflow/example_dags/example_branch_operator.py
[2025-03-07T02:37:04.349+0000] {processor.py:925} INFO - DAG(s) 'example_branch_operator' retrieved from /home/Ashreem/airflow-env/lib/python3.12/site-packages/airflow/example_dags/example_branch_operator.py
[2025-03-07T02:37:04.381+0000] {logging_mixin.py:190} INFO - [2025-03-07T02:37:04.381+0000] {dag.py:3239} INFO - Sync 1 DAGs
[2025-03-07T02:37:04.409+0000] {logging_mixin.py:190} INFO - [2025-03-07T02:37:04.409+0000] {dag.py:4180} INFO - Setting next_dagrun for example_branch_operator to 2025-03-06 00:00:00+00:00, run_after=2025-03-07 00:00:00+00:00
[2025-03-07T02:37:04.446+0000] {processor.py:208} INFO - Processing /home/Ashreem/airflow-env/lib/python3.12/site-packages/airflow/example_dags/example_branch_operator.py took 0.138 seconds
[2025-03-07T02:38:06.863+0000] {processor.py:186} INFO - Started process (PID=46651) to work on /home/Ashreem/airflow-env/lib/python3.12/site-packages/airflow/example_dags/example_branch_operator.py
[2025-03-07T02:38:06.864+0000] {processor.py:914} INFO - Processing file /home/Ashreem/airflow-env/lib/python3.12/site-packages/airflow/example_dags/example_branch_operator.py for tasks to queue
[2025-03-07T02:38:06.866+0000] {logging_mixin.py:190} INFO - [2025-03-07T02:38:06.866+0000] {dagbag.py:588} INFO - Filling up the DagBag from /home/Ashreem/airflow-env/lib/python3.12/site-packages/airflow/example_dags/example_branch_operator.py
[2025-03-07T02:38:06.890+0000] {processor.py:925} INFO - DAG(s) 'example_branch_operator' retrieved from /home/Ashreem/airflow-env/lib/python3.12/site-packages/airflow/example_dags/example_branch_operator.py
[2025-03-07T02:38:06.922+0000] {logging_mixin.py:190} INFO - [2025-03-07T02:38:06.921+0000] {dag.py:3239} INFO - Sync 1 DAGs
[2025-03-07T02:38:06.952+0000] {logging_mixin.py:190} INFO - [2025-03-07T02:38:06.952+0000] {dag.py:4180} INFO - Setting next_dagrun for example_branch_operator to 2025-03-06 00:00:00+00:00, run_after=2025-03-07 00:00:00+00:00
[2025-03-07T02:38:06.989+0000] {processor.py:208} INFO - Processing /home/Ashreem/airflow-env/lib/python3.12/site-packages/airflow/example_dags/example_branch_operator.py took 0.133 seconds
[2025-03-07T02:39:09.434+0000] {processor.py:186} INFO - Started process (PID=46721) to work on /home/Ashreem/airflow-env/lib/python3.12/site-packages/airflow/example_dags/example_branch_operator.py
[2025-03-07T02:39:09.437+0000] {processor.py:914} INFO - Processing file /home/Ashreem/airflow-env/lib/python3.12/site-packages/airflow/example_dags/example_branch_operator.py for tasks to queue
[2025-03-07T02:39:09.441+0000] {logging_mixin.py:190} INFO - [2025-03-07T02:39:09.440+0000] {dagbag.py:588} INFO - Filling up the DagBag from /home/Ashreem/airflow-env/lib/python3.12/site-packages/airflow/example_dags/example_branch_operator.py
[2025-03-07T02:39:09.477+0000] {processor.py:925} INFO - DAG(s) 'example_branch_operator' retrieved from /home/Ashreem/airflow-env/lib/python3.12/site-packages/airflow/example_dags/example_branch_operator.py
[2025-03-07T02:39:09.512+0000] {logging_mixin.py:190} INFO - [2025-03-07T02:39:09.511+0000] {dag.py:3239} INFO - Sync 1 DAGs
[2025-03-07T02:39:09.538+0000] {logging_mixin.py:190} INFO - [2025-03-07T02:39:09.538+0000] {dag.py:4180} INFO - Setting next_dagrun for example_branch_operator to 2025-03-06 00:00:00+00:00, run_after=2025-03-07 00:00:00+00:00
[2025-03-07T02:39:09.575+0000] {processor.py:208} INFO - Processing /home/Ashreem/airflow-env/lib/python3.12/site-packages/airflow/example_dags/example_branch_operator.py took 0.152 seconds
[2025-03-07T02:40:12.894+0000] {processor.py:186} INFO - Started process (PID=46783) to work on /home/Ashreem/airflow-env/lib/python3.12/site-packages/airflow/example_dags/example_branch_operator.py
[2025-03-07T02:40:12.896+0000] {processor.py:914} INFO - Processing file /home/Ashreem/airflow-env/lib/python3.12/site-packages/airflow/example_dags/example_branch_operator.py for tasks to queue
[2025-03-07T02:40:12.899+0000] {logging_mixin.py:190} INFO - [2025-03-07T02:40:12.899+0000] {dagbag.py:588} INFO - Filling up the DagBag from /home/Ashreem/airflow-env/lib/python3.12/site-packages/airflow/example_dags/example_branch_operator.py
[2025-03-07T02:40:12.925+0000] {processor.py:925} INFO - DAG(s) 'example_branch_operator' retrieved from /home/Ashreem/airflow-env/lib/python3.12/site-packages/airflow/example_dags/example_branch_operator.py
[2025-03-07T02:40:12.962+0000] {logging_mixin.py:190} INFO - [2025-03-07T02:40:12.962+0000] {dag.py:3239} INFO - Sync 1 DAGs
[2025-03-07T02:40:12.994+0000] {logging_mixin.py:190} INFO - [2025-03-07T02:40:12.994+0000] {dag.py:4180} INFO - Setting next_dagrun for example_branch_operator to 2025-03-06 00:00:00+00:00, run_after=2025-03-07 00:00:00+00:00
[2025-03-07T02:40:13.033+0000] {processor.py:208} INFO - Processing /home/Ashreem/airflow-env/lib/python3.12/site-packages/airflow/example_dags/example_branch_operator.py took 0.147 seconds
[2025-03-07T02:41:16.136+0000] {processor.py:186} INFO - Started process (PID=46849) to work on /home/Ashreem/airflow-env/lib/python3.12/site-packages/airflow/example_dags/example_branch_operator.py
[2025-03-07T02:41:16.137+0000] {processor.py:914} INFO - Processing file /home/Ashreem/airflow-env/lib/python3.12/site-packages/airflow/example_dags/example_branch_operator.py for tasks to queue
[2025-03-07T02:41:16.141+0000] {logging_mixin.py:190} INFO - [2025-03-07T02:41:16.141+0000] {dagbag.py:588} INFO - Filling up the DagBag from /home/Ashreem/airflow-env/lib/python3.12/site-packages/airflow/example_dags/example_branch_operator.py
[2025-03-07T02:41:16.167+0000] {processor.py:925} INFO - DAG(s) 'example_branch_operator' retrieved from /home/Ashreem/airflow-env/lib/python3.12/site-packages/airflow/example_dags/example_branch_operator.py
[2025-03-07T02:41:16.198+0000] {logging_mixin.py:190} INFO - [2025-03-07T02:41:16.198+0000] {dag.py:3239} INFO - Sync 1 DAGs
[2025-03-07T02:41:16.227+0000] {logging_mixin.py:190} INFO - [2025-03-07T02:41:16.226+0000] {dag.py:4180} INFO - Setting next_dagrun for example_branch_operator to 2025-03-06 00:00:00+00:00, run_after=2025-03-07 00:00:00+00:00
[2025-03-07T02:41:16.264+0000] {processor.py:208} INFO - Processing /home/Ashreem/airflow-env/lib/python3.12/site-packages/airflow/example_dags/example_branch_operator.py took 0.137 seconds
[2025-03-07T02:42:18.911+0000] {processor.py:186} INFO - Started process (PID=46910) to work on /home/Ashreem/airflow-env/lib/python3.12/site-packages/airflow/example_dags/example_branch_operator.py
[2025-03-07T02:42:18.913+0000] {processor.py:914} INFO - Processing file /home/Ashreem/airflow-env/lib/python3.12/site-packages/airflow/example_dags/example_branch_operator.py for tasks to queue
[2025-03-07T02:42:18.917+0000] {logging_mixin.py:190} INFO - [2025-03-07T02:42:18.916+0000] {dagbag.py:588} INFO - Filling up the DagBag from /home/Ashreem/airflow-env/lib/python3.12/site-packages/airflow/example_dags/example_branch_operator.py
[2025-03-07T02:42:18.946+0000] {processor.py:925} INFO - DAG(s) 'example_branch_operator' retrieved from /home/Ashreem/airflow-env/lib/python3.12/site-packages/airflow/example_dags/example_branch_operator.py
[2025-03-07T02:42:18.984+0000] {logging_mixin.py:190} INFO - [2025-03-07T02:42:18.983+0000] {dag.py:3239} INFO - Sync 1 DAGs
[2025-03-07T02:42:19.014+0000] {logging_mixin.py:190} INFO - [2025-03-07T02:42:19.013+0000] {dag.py:4180} INFO - Setting next_dagrun for example_branch_operator to 2025-03-06 00:00:00+00:00, run_after=2025-03-07 00:00:00+00:00
[2025-03-07T02:42:19.054+0000] {processor.py:208} INFO - Processing /home/Ashreem/airflow-env/lib/python3.12/site-packages/airflow/example_dags/example_branch_operator.py took 0.155 seconds
[2025-03-07T02:43:23.755+0000] {processor.py:186} INFO - Started process (PID=46983) to work on /home/Ashreem/airflow-env/lib/python3.12/site-packages/airflow/example_dags/example_branch_operator.py
[2025-03-07T02:43:23.757+0000] {processor.py:914} INFO - Processing file /home/Ashreem/airflow-env/lib/python3.12/site-packages/airflow/example_dags/example_branch_operator.py for tasks to queue
[2025-03-07T02:43:23.760+0000] {logging_mixin.py:190} INFO - [2025-03-07T02:43:23.759+0000] {dagbag.py:588} INFO - Filling up the DagBag from /home/Ashreem/airflow-env/lib/python3.12/site-packages/airflow/example_dags/example_branch_operator.py
[2025-03-07T02:43:23.785+0000] {processor.py:925} INFO - DAG(s) 'example_branch_operator' retrieved from /home/Ashreem/airflow-env/lib/python3.12/site-packages/airflow/example_dags/example_branch_operator.py
[2025-03-07T02:43:23.817+0000] {logging_mixin.py:190} INFO - [2025-03-07T02:43:23.816+0000] {dag.py:3239} INFO - Sync 1 DAGs
[2025-03-07T02:43:23.844+0000] {logging_mixin.py:190} INFO - [2025-03-07T02:43:23.844+0000] {dag.py:4180} INFO - Setting next_dagrun for example_branch_operator to 2025-03-06 00:00:00+00:00, run_after=2025-03-07 00:00:00+00:00
[2025-03-07T02:43:23.890+0000] {processor.py:208} INFO - Processing /home/Ashreem/airflow-env/lib/python3.12/site-packages/airflow/example_dags/example_branch_operator.py took 0.143 seconds
[2025-03-07T02:44:26.727+0000] {processor.py:186} INFO - Started process (PID=47050) to work on /home/Ashreem/airflow-env/lib/python3.12/site-packages/airflow/example_dags/example_branch_operator.py
[2025-03-07T02:44:26.729+0000] {processor.py:914} INFO - Processing file /home/Ashreem/airflow-env/lib/python3.12/site-packages/airflow/example_dags/example_branch_operator.py for tasks to queue
[2025-03-07T02:44:26.732+0000] {logging_mixin.py:190} INFO - [2025-03-07T02:44:26.732+0000] {dagbag.py:588} INFO - Filling up the DagBag from /home/Ashreem/airflow-env/lib/python3.12/site-packages/airflow/example_dags/example_branch_operator.py
[2025-03-07T02:44:26.757+0000] {processor.py:925} INFO - DAG(s) 'example_branch_operator' retrieved from /home/Ashreem/airflow-env/lib/python3.12/site-packages/airflow/example_dags/example_branch_operator.py
[2025-03-07T02:44:26.790+0000] {logging_mixin.py:190} INFO - [2025-03-07T02:44:26.790+0000] {dag.py:3239} INFO - Sync 1 DAGs
[2025-03-07T02:44:26.818+0000] {logging_mixin.py:190} INFO - [2025-03-07T02:44:26.818+0000] {dag.py:4180} INFO - Setting next_dagrun for example_branch_operator to 2025-03-06 00:00:00+00:00, run_after=2025-03-07 00:00:00+00:00
[2025-03-07T02:44:26.858+0000] {processor.py:208} INFO - Processing /home/Ashreem/airflow-env/lib/python3.12/site-packages/airflow/example_dags/example_branch_operator.py took 0.138 seconds
[2025-03-07T02:45:30.113+0000] {processor.py:186} INFO - Started process (PID=47130) to work on /home/Ashreem/airflow-env/lib/python3.12/site-packages/airflow/example_dags/example_branch_operator.py
[2025-03-07T02:45:30.114+0000] {processor.py:914} INFO - Processing file /home/Ashreem/airflow-env/lib/python3.12/site-packages/airflow/example_dags/example_branch_operator.py for tasks to queue
[2025-03-07T02:45:30.117+0000] {logging_mixin.py:190} INFO - [2025-03-07T02:45:30.117+0000] {dagbag.py:588} INFO - Filling up the DagBag from /home/Ashreem/airflow-env/lib/python3.12/site-packages/airflow/example_dags/example_branch_operator.py
[2025-03-07T02:45:30.140+0000] {processor.py:925} INFO - DAG(s) 'example_branch_operator' retrieved from /home/Ashreem/airflow-env/lib/python3.12/site-packages/airflow/example_dags/example_branch_operator.py
[2025-03-07T02:45:30.175+0000] {logging_mixin.py:190} INFO - [2025-03-07T02:45:30.174+0000] {dag.py:3239} INFO - Sync 1 DAGs
[2025-03-07T02:45:30.203+0000] {logging_mixin.py:190} INFO - [2025-03-07T02:45:30.202+0000] {dag.py:4180} INFO - Setting next_dagrun for example_branch_operator to 2025-03-06 00:00:00+00:00, run_after=2025-03-07 00:00:00+00:00
[2025-03-07T02:45:30.241+0000] {processor.py:208} INFO - Processing /home/Ashreem/airflow-env/lib/python3.12/site-packages/airflow/example_dags/example_branch_operator.py took 0.135 seconds
[2025-03-07T02:46:33.615+0000] {processor.py:186} INFO - Started process (PID=47196) to work on /home/Ashreem/airflow-env/lib/python3.12/site-packages/airflow/example_dags/example_branch_operator.py
[2025-03-07T02:46:33.617+0000] {processor.py:914} INFO - Processing file /home/Ashreem/airflow-env/lib/python3.12/site-packages/airflow/example_dags/example_branch_operator.py for tasks to queue
[2025-03-07T02:46:33.619+0000] {logging_mixin.py:190} INFO - [2025-03-07T02:46:33.619+0000] {dagbag.py:588} INFO - Filling up the DagBag from /home/Ashreem/airflow-env/lib/python3.12/site-packages/airflow/example_dags/example_branch_operator.py
[2025-03-07T02:46:33.647+0000] {processor.py:925} INFO - DAG(s) 'example_branch_operator' retrieved from /home/Ashreem/airflow-env/lib/python3.12/site-packages/airflow/example_dags/example_branch_operator.py
[2025-03-07T02:46:33.678+0000] {logging_mixin.py:190} INFO - [2025-03-07T02:46:33.678+0000] {dag.py:3239} INFO - Sync 1 DAGs
[2025-03-07T02:46:33.709+0000] {logging_mixin.py:190} INFO - [2025-03-07T02:46:33.708+0000] {dag.py:4180} INFO - Setting next_dagrun for example_branch_operator to 2025-03-06 00:00:00+00:00, run_after=2025-03-07 00:00:00+00:00
[2025-03-07T02:46:33.752+0000] {processor.py:208} INFO - Processing /home/Ashreem/airflow-env/lib/python3.12/site-packages/airflow/example_dags/example_branch_operator.py took 0.145 seconds
[2025-03-07T02:47:36.420+0000] {processor.py:186} INFO - Started process (PID=47256) to work on /home/Ashreem/airflow-env/lib/python3.12/site-packages/airflow/example_dags/example_branch_operator.py
[2025-03-07T02:47:36.422+0000] {processor.py:914} INFO - Processing file /home/Ashreem/airflow-env/lib/python3.12/site-packages/airflow/example_dags/example_branch_operator.py for tasks to queue
[2025-03-07T02:47:36.425+0000] {logging_mixin.py:190} INFO - [2025-03-07T02:47:36.424+0000] {dagbag.py:588} INFO - Filling up the DagBag from /home/Ashreem/airflow-env/lib/python3.12/site-packages/airflow/example_dags/example_branch_operator.py
[2025-03-07T02:47:36.450+0000] {processor.py:925} INFO - DAG(s) 'example_branch_operator' retrieved from /home/Ashreem/airflow-env/lib/python3.12/site-packages/airflow/example_dags/example_branch_operator.py
[2025-03-07T02:47:36.483+0000] {logging_mixin.py:190} INFO - [2025-03-07T02:47:36.483+0000] {dag.py:3239} INFO - Sync 1 DAGs
[2025-03-07T02:47:36.510+0000] {logging_mixin.py:190} INFO - [2025-03-07T02:47:36.510+0000] {dag.py:4180} INFO - Setting next_dagrun for example_branch_operator to 2025-03-06 00:00:00+00:00, run_after=2025-03-07 00:00:00+00:00
[2025-03-07T02:47:36.545+0000] {processor.py:208} INFO - Processing /home/Ashreem/airflow-env/lib/python3.12/site-packages/airflow/example_dags/example_branch_operator.py took 0.132 seconds
[2025-03-07T02:48:47.165+0000] {processor.py:186} INFO - Started process (PID=47337) to work on /home/Ashreem/airflow-env/lib/python3.12/site-packages/airflow/example_dags/example_branch_operator.py
[2025-03-07T02:48:47.167+0000] {processor.py:914} INFO - Processing file /home/Ashreem/airflow-env/lib/python3.12/site-packages/airflow/example_dags/example_branch_operator.py for tasks to queue
[2025-03-07T02:48:47.170+0000] {logging_mixin.py:190} INFO - [2025-03-07T02:48:47.169+0000] {dagbag.py:588} INFO - Filling up the DagBag from /home/Ashreem/airflow-env/lib/python3.12/site-packages/airflow/example_dags/example_branch_operator.py
[2025-03-07T02:48:47.194+0000] {processor.py:925} INFO - DAG(s) 'example_branch_operator' retrieved from /home/Ashreem/airflow-env/lib/python3.12/site-packages/airflow/example_dags/example_branch_operator.py
[2025-03-07T02:48:47.227+0000] {logging_mixin.py:190} INFO - [2025-03-07T02:48:47.227+0000] {dag.py:3239} INFO - Sync 1 DAGs
[2025-03-07T02:48:47.253+0000] {logging_mixin.py:190} INFO - [2025-03-07T02:48:47.253+0000] {dag.py:4180} INFO - Setting next_dagrun for example_branch_operator to 2025-03-06 00:00:00+00:00, run_after=2025-03-07 00:00:00+00:00
[2025-03-07T02:48:47.293+0000] {processor.py:208} INFO - Processing /home/Ashreem/airflow-env/lib/python3.12/site-packages/airflow/example_dags/example_branch_operator.py took 0.136 seconds
[2025-03-07T02:49:51.333+0000] {processor.py:186} INFO - Started process (PID=47409) to work on /home/Ashreem/airflow-env/lib/python3.12/site-packages/airflow/example_dags/example_branch_operator.py
[2025-03-07T02:49:51.335+0000] {processor.py:914} INFO - Processing file /home/Ashreem/airflow-env/lib/python3.12/site-packages/airflow/example_dags/example_branch_operator.py for tasks to queue
[2025-03-07T02:49:51.338+0000] {logging_mixin.py:190} INFO - [2025-03-07T02:49:51.338+0000] {dagbag.py:588} INFO - Filling up the DagBag from /home/Ashreem/airflow-env/lib/python3.12/site-packages/airflow/example_dags/example_branch_operator.py
[2025-03-07T02:49:51.364+0000] {processor.py:925} INFO - DAG(s) 'example_branch_operator' retrieved from /home/Ashreem/airflow-env/lib/python3.12/site-packages/airflow/example_dags/example_branch_operator.py
[2025-03-07T02:49:51.398+0000] {logging_mixin.py:190} INFO - [2025-03-07T02:49:51.398+0000] {dag.py:3239} INFO - Sync 1 DAGs
[2025-03-07T02:49:51.427+0000] {logging_mixin.py:190} INFO - [2025-03-07T02:49:51.427+0000] {dag.py:4180} INFO - Setting next_dagrun for example_branch_operator to 2025-03-06 00:00:00+00:00, run_after=2025-03-07 00:00:00+00:00
[2025-03-07T02:49:51.471+0000] {processor.py:208} INFO - Processing /home/Ashreem/airflow-env/lib/python3.12/site-packages/airflow/example_dags/example_branch_operator.py took 0.146 seconds
[2025-03-07T02:50:55.646+0000] {processor.py:186} INFO - Started process (PID=47478) to work on /home/Ashreem/airflow-env/lib/python3.12/site-packages/airflow/example_dags/example_branch_operator.py
[2025-03-07T02:50:55.648+0000] {processor.py:914} INFO - Processing file /home/Ashreem/airflow-env/lib/python3.12/site-packages/airflow/example_dags/example_branch_operator.py for tasks to queue
[2025-03-07T02:50:55.650+0000] {logging_mixin.py:190} INFO - [2025-03-07T02:50:55.650+0000] {dagbag.py:588} INFO - Filling up the DagBag from /home/Ashreem/airflow-env/lib/python3.12/site-packages/airflow/example_dags/example_branch_operator.py
[2025-03-07T02:50:55.674+0000] {processor.py:925} INFO - DAG(s) 'example_branch_operator' retrieved from /home/Ashreem/airflow-env/lib/python3.12/site-packages/airflow/example_dags/example_branch_operator.py
[2025-03-07T02:50:55.702+0000] {logging_mixin.py:190} INFO - [2025-03-07T02:50:55.702+0000] {dag.py:3239} INFO - Sync 1 DAGs
[2025-03-07T02:50:55.732+0000] {logging_mixin.py:190} INFO - [2025-03-07T02:50:55.732+0000] {dag.py:4180} INFO - Setting next_dagrun for example_branch_operator to 2025-03-06 00:00:00+00:00, run_after=2025-03-07 00:00:00+00:00
[2025-03-07T02:50:55.768+0000] {processor.py:208} INFO - Processing /home/Ashreem/airflow-env/lib/python3.12/site-packages/airflow/example_dags/example_branch_operator.py took 0.129 seconds
[2025-03-07T02:51:58.830+0000] {processor.py:186} INFO - Started process (PID=47539) to work on /home/Ashreem/airflow-env/lib/python3.12/site-packages/airflow/example_dags/example_branch_operator.py
[2025-03-07T02:51:58.831+0000] {processor.py:914} INFO - Processing file /home/Ashreem/airflow-env/lib/python3.12/site-packages/airflow/example_dags/example_branch_operator.py for tasks to queue
[2025-03-07T02:51:58.834+0000] {logging_mixin.py:190} INFO - [2025-03-07T02:51:58.833+0000] {dagbag.py:588} INFO - Filling up the DagBag from /home/Ashreem/airflow-env/lib/python3.12/site-packages/airflow/example_dags/example_branch_operator.py
[2025-03-07T02:51:58.857+0000] {processor.py:925} INFO - DAG(s) 'example_branch_operator' retrieved from /home/Ashreem/airflow-env/lib/python3.12/site-packages/airflow/example_dags/example_branch_operator.py
[2025-03-07T02:51:58.884+0000] {logging_mixin.py:190} INFO - [2025-03-07T02:51:58.884+0000] {dag.py:3239} INFO - Sync 1 DAGs
[2025-03-07T02:51:58.911+0000] {logging_mixin.py:190} INFO - [2025-03-07T02:51:58.911+0000] {dag.py:4180} INFO - Setting next_dagrun for example_branch_operator to 2025-03-06 00:00:00+00:00, run_after=2025-03-07 00:00:00+00:00
[2025-03-07T02:51:58.957+0000] {processor.py:208} INFO - Processing /home/Ashreem/airflow-env/lib/python3.12/site-packages/airflow/example_dags/example_branch_operator.py took 0.134 seconds
[2025-03-07T02:53:04.871+0000] {processor.py:186} INFO - Started process (PID=47608) to work on /home/Ashreem/airflow-env/lib/python3.12/site-packages/airflow/example_dags/example_branch_operator.py
[2025-03-07T02:53:04.872+0000] {processor.py:914} INFO - Processing file /home/Ashreem/airflow-env/lib/python3.12/site-packages/airflow/example_dags/example_branch_operator.py for tasks to queue
[2025-03-07T02:53:04.875+0000] {logging_mixin.py:190} INFO - [2025-03-07T02:53:04.875+0000] {dagbag.py:588} INFO - Filling up the DagBag from /home/Ashreem/airflow-env/lib/python3.12/site-packages/airflow/example_dags/example_branch_operator.py
[2025-03-07T02:53:04.907+0000] {processor.py:925} INFO - DAG(s) 'example_branch_operator' retrieved from /home/Ashreem/airflow-env/lib/python3.12/site-packages/airflow/example_dags/example_branch_operator.py
[2025-03-07T02:53:04.942+0000] {logging_mixin.py:190} INFO - [2025-03-07T02:53:04.942+0000] {dag.py:3239} INFO - Sync 1 DAGs
[2025-03-07T02:53:04.970+0000] {logging_mixin.py:190} INFO - [2025-03-07T02:53:04.969+0000] {dag.py:4180} INFO - Setting next_dagrun for example_branch_operator to 2025-03-06 00:00:00+00:00, run_after=2025-03-07 00:00:00+00:00
[2025-03-07T02:53:05.020+0000] {processor.py:208} INFO - Processing /home/Ashreem/airflow-env/lib/python3.12/site-packages/airflow/example_dags/example_branch_operator.py took 0.159 seconds
[2025-03-07T02:54:06.074+0000] {processor.py:186} INFO - Started process (PID=47672) to work on /home/Ashreem/airflow-env/lib/python3.12/site-packages/airflow/example_dags/example_branch_operator.py
[2025-03-07T02:54:06.076+0000] {processor.py:914} INFO - Processing file /home/Ashreem/airflow-env/lib/python3.12/site-packages/airflow/example_dags/example_branch_operator.py for tasks to queue
[2025-03-07T02:54:06.079+0000] {logging_mixin.py:190} INFO - [2025-03-07T02:54:06.078+0000] {dagbag.py:588} INFO - Filling up the DagBag from /home/Ashreem/airflow-env/lib/python3.12/site-packages/airflow/example_dags/example_branch_operator.py
[2025-03-07T02:54:06.105+0000] {processor.py:925} INFO - DAG(s) 'example_branch_operator' retrieved from /home/Ashreem/airflow-env/lib/python3.12/site-packages/airflow/example_dags/example_branch_operator.py
[2025-03-07T02:54:06.136+0000] {logging_mixin.py:190} INFO - [2025-03-07T02:54:06.136+0000] {dag.py:3239} INFO - Sync 1 DAGs
[2025-03-07T02:54:06.161+0000] {logging_mixin.py:190} INFO - [2025-03-07T02:54:06.161+0000] {dag.py:4180} INFO - Setting next_dagrun for example_branch_operator to 2025-03-06 00:00:00+00:00, run_after=2025-03-07 00:00:00+00:00
[2025-03-07T02:54:06.198+0000] {processor.py:208} INFO - Processing /home/Ashreem/airflow-env/lib/python3.12/site-packages/airflow/example_dags/example_branch_operator.py took 0.131 seconds
[2025-03-07T02:55:07.086+0000] {processor.py:186} INFO - Started process (PID=47740) to work on /home/Ashreem/airflow-env/lib/python3.12/site-packages/airflow/example_dags/example_branch_operator.py
[2025-03-07T02:55:07.087+0000] {processor.py:914} INFO - Processing file /home/Ashreem/airflow-env/lib/python3.12/site-packages/airflow/example_dags/example_branch_operator.py for tasks to queue
[2025-03-07T02:55:07.092+0000] {logging_mixin.py:190} INFO - [2025-03-07T02:55:07.092+0000] {dagbag.py:588} INFO - Filling up the DagBag from /home/Ashreem/airflow-env/lib/python3.12/site-packages/airflow/example_dags/example_branch_operator.py
[2025-03-07T02:55:07.118+0000] {processor.py:925} INFO - DAG(s) 'example_branch_operator' retrieved from /home/Ashreem/airflow-env/lib/python3.12/site-packages/airflow/example_dags/example_branch_operator.py
[2025-03-07T02:55:07.151+0000] {logging_mixin.py:190} INFO - [2025-03-07T02:55:07.151+0000] {dag.py:3239} INFO - Sync 1 DAGs
[2025-03-07T02:55:07.179+0000] {logging_mixin.py:190} INFO - [2025-03-07T02:55:07.179+0000] {dag.py:4180} INFO - Setting next_dagrun for example_branch_operator to 2025-03-06 00:00:00+00:00, run_after=2025-03-07 00:00:00+00:00
[2025-03-07T02:55:07.224+0000] {processor.py:208} INFO - Processing /home/Ashreem/airflow-env/lib/python3.12/site-packages/airflow/example_dags/example_branch_operator.py took 0.146 seconds
[2025-03-07T02:56:11.515+0000] {processor.py:186} INFO - Started process (PID=47892) to work on /home/Ashreem/airflow-env/lib/python3.12/site-packages/airflow/example_dags/example_branch_operator.py
[2025-03-07T02:56:11.518+0000] {processor.py:914} INFO - Processing file /home/Ashreem/airflow-env/lib/python3.12/site-packages/airflow/example_dags/example_branch_operator.py for tasks to queue
[2025-03-07T02:56:11.520+0000] {logging_mixin.py:190} INFO - [2025-03-07T02:56:11.520+0000] {dagbag.py:588} INFO - Filling up the DagBag from /home/Ashreem/airflow-env/lib/python3.12/site-packages/airflow/example_dags/example_branch_operator.py
[2025-03-07T02:56:11.555+0000] {processor.py:925} INFO - DAG(s) 'example_branch_operator' retrieved from /home/Ashreem/airflow-env/lib/python3.12/site-packages/airflow/example_dags/example_branch_operator.py
[2025-03-07T02:56:11.590+0000] {logging_mixin.py:190} INFO - [2025-03-07T02:56:11.589+0000] {dag.py:3239} INFO - Sync 1 DAGs
[2025-03-07T02:56:11.619+0000] {logging_mixin.py:190} INFO - [2025-03-07T02:56:11.619+0000] {dag.py:4180} INFO - Setting next_dagrun for example_branch_operator to 2025-03-06 00:00:00+00:00, run_after=2025-03-07 00:00:00+00:00
[2025-03-07T02:56:11.665+0000] {processor.py:208} INFO - Processing /home/Ashreem/airflow-env/lib/python3.12/site-packages/airflow/example_dags/example_branch_operator.py took 0.158 seconds
[2025-03-07T02:57:09.074+0000] {processor.py:186} INFO - Started process (PID=48002) to work on /home/Ashreem/airflow-env/lib/python3.12/site-packages/airflow/example_dags/example_branch_operator.py
[2025-03-07T02:57:09.075+0000] {processor.py:914} INFO - Processing file /home/Ashreem/airflow-env/lib/python3.12/site-packages/airflow/example_dags/example_branch_operator.py for tasks to queue
[2025-03-07T02:57:09.078+0000] {logging_mixin.py:190} INFO - [2025-03-07T02:57:09.078+0000] {dagbag.py:588} INFO - Filling up the DagBag from /home/Ashreem/airflow-env/lib/python3.12/site-packages/airflow/example_dags/example_branch_operator.py
[2025-03-07T02:57:09.107+0000] {processor.py:925} INFO - DAG(s) 'example_branch_operator' retrieved from /home/Ashreem/airflow-env/lib/python3.12/site-packages/airflow/example_dags/example_branch_operator.py
[2025-03-07T02:57:09.255+0000] {logging_mixin.py:190} INFO - [2025-03-07T02:57:09.254+0000] {dag.py:3239} INFO - Sync 1 DAGs
[2025-03-07T02:57:09.281+0000] {logging_mixin.py:190} INFO - [2025-03-07T02:57:09.281+0000] {dag.py:4180} INFO - Setting next_dagrun for example_branch_operator to 2025-03-06 00:00:00+00:00, run_after=2025-03-07 00:00:00+00:00
[2025-03-07T02:57:09.323+0000] {processor.py:208} INFO - Processing /home/Ashreem/airflow-env/lib/python3.12/site-packages/airflow/example_dags/example_branch_operator.py took 0.256 seconds
[2025-03-07T02:57:17.051+0000] {processor.py:186} INFO - Started process (PID=48016) to work on /home/Ashreem/airflow-env/lib/python3.12/site-packages/airflow/example_dags/example_branch_operator.py
[2025-03-07T02:57:17.053+0000] {processor.py:914} INFO - Processing file /home/Ashreem/airflow-env/lib/python3.12/site-packages/airflow/example_dags/example_branch_operator.py for tasks to queue
[2025-03-07T02:57:17.058+0000] {logging_mixin.py:190} INFO - [2025-03-07T02:57:17.058+0000] {dagbag.py:588} INFO - Filling up the DagBag from /home/Ashreem/airflow-env/lib/python3.12/site-packages/airflow/example_dags/example_branch_operator.py
[2025-03-07T02:57:17.086+0000] {processor.py:925} INFO - DAG(s) 'example_branch_operator' retrieved from /home/Ashreem/airflow-env/lib/python3.12/site-packages/airflow/example_dags/example_branch_operator.py
[2025-03-07T02:57:17.097+0000] {logging_mixin.py:190} INFO - [2025-03-07T02:57:17.096+0000] {dag.py:3239} INFO - Sync 1 DAGs
[2025-03-07T02:57:17.124+0000] {logging_mixin.py:190} INFO - [2025-03-07T02:57:17.123+0000] {dag.py:4180} INFO - Setting next_dagrun for example_branch_operator to 2025-03-06 00:00:00+00:00, run_after=2025-03-07 00:00:00+00:00
[2025-03-07T02:57:17.175+0000] {processor.py:208} INFO - Processing /home/Ashreem/airflow-env/lib/python3.12/site-packages/airflow/example_dags/example_branch_operator.py took 0.138 seconds
[2025-03-07T02:58:20.036+0000] {processor.py:186} INFO - Started process (PID=48087) to work on /home/Ashreem/airflow-env/lib/python3.12/site-packages/airflow/example_dags/example_branch_operator.py
[2025-03-07T02:58:20.038+0000] {processor.py:914} INFO - Processing file /home/Ashreem/airflow-env/lib/python3.12/site-packages/airflow/example_dags/example_branch_operator.py for tasks to queue
[2025-03-07T02:58:20.041+0000] {logging_mixin.py:190} INFO - [2025-03-07T02:58:20.040+0000] {dagbag.py:588} INFO - Filling up the DagBag from /home/Ashreem/airflow-env/lib/python3.12/site-packages/airflow/example_dags/example_branch_operator.py
[2025-03-07T02:58:20.072+0000] {processor.py:925} INFO - DAG(s) 'example_branch_operator' retrieved from /home/Ashreem/airflow-env/lib/python3.12/site-packages/airflow/example_dags/example_branch_operator.py
[2025-03-07T02:58:20.219+0000] {logging_mixin.py:190} INFO - [2025-03-07T02:58:20.219+0000] {dag.py:3239} INFO - Sync 1 DAGs
[2025-03-07T02:58:20.245+0000] {logging_mixin.py:190} INFO - [2025-03-07T02:58:20.244+0000] {dag.py:4180} INFO - Setting next_dagrun for example_branch_operator to 2025-03-06 00:00:00+00:00, run_after=2025-03-07 00:00:00+00:00
[2025-03-07T02:58:20.285+0000] {processor.py:208} INFO - Processing /home/Ashreem/airflow-env/lib/python3.12/site-packages/airflow/example_dags/example_branch_operator.py took 0.257 seconds
[2025-03-07T02:59:27.614+0000] {processor.py:186} INFO - Started process (PID=48204) to work on /home/Ashreem/airflow-env/lib/python3.12/site-packages/airflow/example_dags/example_branch_operator.py
[2025-03-07T02:59:27.617+0000] {processor.py:914} INFO - Processing file /home/Ashreem/airflow-env/lib/python3.12/site-packages/airflow/example_dags/example_branch_operator.py for tasks to queue
[2025-03-07T02:59:27.620+0000] {logging_mixin.py:190} INFO - [2025-03-07T02:59:27.619+0000] {dagbag.py:588} INFO - Filling up the DagBag from /home/Ashreem/airflow-env/lib/python3.12/site-packages/airflow/example_dags/example_branch_operator.py
[2025-03-07T02:59:27.660+0000] {processor.py:925} INFO - DAG(s) 'example_branch_operator' retrieved from /home/Ashreem/airflow-env/lib/python3.12/site-packages/airflow/example_dags/example_branch_operator.py
[2025-03-07T02:59:27.692+0000] {logging_mixin.py:190} INFO - [2025-03-07T02:59:27.692+0000] {dag.py:3239} INFO - Sync 1 DAGs
[2025-03-07T02:59:27.719+0000] {logging_mixin.py:190} INFO - [2025-03-07T02:59:27.718+0000] {dag.py:4180} INFO - Setting next_dagrun for example_branch_operator to 2025-03-06 00:00:00+00:00, run_after=2025-03-07 00:00:00+00:00
[2025-03-07T02:59:27.771+0000] {processor.py:208} INFO - Processing /home/Ashreem/airflow-env/lib/python3.12/site-packages/airflow/example_dags/example_branch_operator.py took 0.171 seconds
[2025-03-07T03:00:34.903+0000] {processor.py:186} INFO - Started process (PID=48315) to work on /home/Ashreem/airflow-env/lib/python3.12/site-packages/airflow/example_dags/example_branch_operator.py
[2025-03-07T03:00:34.906+0000] {processor.py:914} INFO - Processing file /home/Ashreem/airflow-env/lib/python3.12/site-packages/airflow/example_dags/example_branch_operator.py for tasks to queue
[2025-03-07T03:00:34.910+0000] {logging_mixin.py:190} INFO - [2025-03-07T03:00:34.909+0000] {dagbag.py:588} INFO - Filling up the DagBag from /home/Ashreem/airflow-env/lib/python3.12/site-packages/airflow/example_dags/example_branch_operator.py
[2025-03-07T03:00:34.936+0000] {processor.py:925} INFO - DAG(s) 'example_branch_operator' retrieved from /home/Ashreem/airflow-env/lib/python3.12/site-packages/airflow/example_dags/example_branch_operator.py
[2025-03-07T03:00:34.969+0000] {logging_mixin.py:190} INFO - [2025-03-07T03:00:34.969+0000] {dag.py:3239} INFO - Sync 1 DAGs
[2025-03-07T03:00:34.997+0000] {logging_mixin.py:190} INFO - [2025-03-07T03:00:34.997+0000] {dag.py:4180} INFO - Setting next_dagrun for example_branch_operator to 2025-03-06 00:00:00+00:00, run_after=2025-03-07 00:00:00+00:00
[2025-03-07T03:00:35.039+0000] {processor.py:208} INFO - Processing /home/Ashreem/airflow-env/lib/python3.12/site-packages/airflow/example_dags/example_branch_operator.py took 0.146 seconds
[2025-03-07T03:01:37.314+0000] {processor.py:186} INFO - Started process (PID=48388) to work on /home/Ashreem/airflow-env/lib/python3.12/site-packages/airflow/example_dags/example_branch_operator.py
[2025-03-07T03:01:37.315+0000] {processor.py:914} INFO - Processing file /home/Ashreem/airflow-env/lib/python3.12/site-packages/airflow/example_dags/example_branch_operator.py for tasks to queue
[2025-03-07T03:01:37.318+0000] {logging_mixin.py:190} INFO - [2025-03-07T03:01:37.318+0000] {dagbag.py:588} INFO - Filling up the DagBag from /home/Ashreem/airflow-env/lib/python3.12/site-packages/airflow/example_dags/example_branch_operator.py
[2025-03-07T03:01:37.347+0000] {processor.py:925} INFO - DAG(s) 'example_branch_operator' retrieved from /home/Ashreem/airflow-env/lib/python3.12/site-packages/airflow/example_dags/example_branch_operator.py
[2025-03-07T03:01:37.385+0000] {logging_mixin.py:190} INFO - [2025-03-07T03:01:37.385+0000] {dag.py:3239} INFO - Sync 1 DAGs
[2025-03-07T03:01:37.414+0000] {logging_mixin.py:190} INFO - [2025-03-07T03:01:37.413+0000] {dag.py:4180} INFO - Setting next_dagrun for example_branch_operator to 2025-03-06 00:00:00+00:00, run_after=2025-03-07 00:00:00+00:00
[2025-03-07T03:01:37.455+0000] {processor.py:208} INFO - Processing /home/Ashreem/airflow-env/lib/python3.12/site-packages/airflow/example_dags/example_branch_operator.py took 0.149 seconds
[2025-03-07T03:02:40.655+0000] {processor.py:186} INFO - Started process (PID=48521) to work on /home/Ashreem/airflow-env/lib/python3.12/site-packages/airflow/example_dags/example_branch_operator.py
[2025-03-07T03:02:40.657+0000] {processor.py:914} INFO - Processing file /home/Ashreem/airflow-env/lib/python3.12/site-packages/airflow/example_dags/example_branch_operator.py for tasks to queue
[2025-03-07T03:02:40.661+0000] {logging_mixin.py:190} INFO - [2025-03-07T03:02:40.660+0000] {dagbag.py:588} INFO - Filling up the DagBag from /home/Ashreem/airflow-env/lib/python3.12/site-packages/airflow/example_dags/example_branch_operator.py
[2025-03-07T03:02:40.687+0000] {processor.py:925} INFO - DAG(s) 'example_branch_operator' retrieved from /home/Ashreem/airflow-env/lib/python3.12/site-packages/airflow/example_dags/example_branch_operator.py
[2025-03-07T03:02:40.722+0000] {logging_mixin.py:190} INFO - [2025-03-07T03:02:40.721+0000] {dag.py:3239} INFO - Sync 1 DAGs
[2025-03-07T03:02:40.753+0000] {logging_mixin.py:190} INFO - [2025-03-07T03:02:40.753+0000] {dag.py:4180} INFO - Setting next_dagrun for example_branch_operator to 2025-03-06 00:00:00+00:00, run_after=2025-03-07 00:00:00+00:00
[2025-03-07T03:02:40.796+0000] {processor.py:208} INFO - Processing /home/Ashreem/airflow-env/lib/python3.12/site-packages/airflow/example_dags/example_branch_operator.py took 0.149 seconds
[2025-03-07T03:04:19.758+0000] {processor.py:186} INFO - Started process (PID=48653) to work on /home/Ashreem/airflow-env/lib/python3.12/site-packages/airflow/example_dags/example_branch_operator.py
[2025-03-07T03:04:19.760+0000] {processor.py:914} INFO - Processing file /home/Ashreem/airflow-env/lib/python3.12/site-packages/airflow/example_dags/example_branch_operator.py for tasks to queue
[2025-03-07T03:04:19.763+0000] {logging_mixin.py:190} INFO - [2025-03-07T03:04:19.763+0000] {dagbag.py:588} INFO - Filling up the DagBag from /home/Ashreem/airflow-env/lib/python3.12/site-packages/airflow/example_dags/example_branch_operator.py
[2025-03-07T03:04:19.788+0000] {processor.py:925} INFO - DAG(s) 'example_branch_operator' retrieved from /home/Ashreem/airflow-env/lib/python3.12/site-packages/airflow/example_dags/example_branch_operator.py
[2025-03-07T03:04:19.946+0000] {logging_mixin.py:190} INFO - [2025-03-07T03:04:19.946+0000] {dag.py:3239} INFO - Sync 1 DAGs
[2025-03-07T03:04:19.972+0000] {logging_mixin.py:190} INFO - [2025-03-07T03:04:19.971+0000] {dag.py:4180} INFO - Setting next_dagrun for example_branch_operator to 2025-03-06 00:00:00+00:00, run_after=2025-03-07 00:00:00+00:00
[2025-03-07T03:04:20.009+0000] {processor.py:208} INFO - Processing /home/Ashreem/airflow-env/lib/python3.12/site-packages/airflow/example_dags/example_branch_operator.py took 0.258 seconds
[2025-03-07T03:05:23.432+0000] {processor.py:186} INFO - Started process (PID=48892) to work on /home/Ashreem/airflow-env/lib/python3.12/site-packages/airflow/example_dags/example_branch_operator.py
[2025-03-07T03:05:23.434+0000] {processor.py:914} INFO - Processing file /home/Ashreem/airflow-env/lib/python3.12/site-packages/airflow/example_dags/example_branch_operator.py for tasks to queue
[2025-03-07T03:05:23.437+0000] {logging_mixin.py:190} INFO - [2025-03-07T03:05:23.437+0000] {dagbag.py:588} INFO - Filling up the DagBag from /home/Ashreem/airflow-env/lib/python3.12/site-packages/airflow/example_dags/example_branch_operator.py
[2025-03-07T03:05:23.466+0000] {processor.py:925} INFO - DAG(s) 'example_branch_operator' retrieved from /home/Ashreem/airflow-env/lib/python3.12/site-packages/airflow/example_dags/example_branch_operator.py
[2025-03-07T03:05:23.499+0000] {logging_mixin.py:190} INFO - [2025-03-07T03:05:23.499+0000] {dag.py:3239} INFO - Sync 1 DAGs
[2025-03-07T03:05:23.530+0000] {logging_mixin.py:190} INFO - [2025-03-07T03:05:23.529+0000] {dag.py:4180} INFO - Setting next_dagrun for example_branch_operator to 2025-03-06 00:00:00+00:00, run_after=2025-03-07 00:00:00+00:00
[2025-03-07T03:05:23.567+0000] {processor.py:208} INFO - Processing /home/Ashreem/airflow-env/lib/python3.12/site-packages/airflow/example_dags/example_branch_operator.py took 0.143 seconds
[2025-03-07T03:06:29.139+0000] {processor.py:186} INFO - Started process (PID=48973) to work on /home/Ashreem/airflow-env/lib/python3.12/site-packages/airflow/example_dags/example_branch_operator.py
[2025-03-07T03:06:29.140+0000] {processor.py:914} INFO - Processing file /home/Ashreem/airflow-env/lib/python3.12/site-packages/airflow/example_dags/example_branch_operator.py for tasks to queue
[2025-03-07T03:06:29.143+0000] {logging_mixin.py:190} INFO - [2025-03-07T03:06:29.142+0000] {dagbag.py:588} INFO - Filling up the DagBag from /home/Ashreem/airflow-env/lib/python3.12/site-packages/airflow/example_dags/example_branch_operator.py
[2025-03-07T03:06:29.167+0000] {processor.py:925} INFO - DAG(s) 'example_branch_operator' retrieved from /home/Ashreem/airflow-env/lib/python3.12/site-packages/airflow/example_dags/example_branch_operator.py
[2025-03-07T03:06:29.199+0000] {logging_mixin.py:190} INFO - [2025-03-07T03:06:29.199+0000] {dag.py:3239} INFO - Sync 1 DAGs
[2025-03-07T03:06:29.230+0000] {logging_mixin.py:190} INFO - [2025-03-07T03:06:29.230+0000] {dag.py:4180} INFO - Setting next_dagrun for example_branch_operator to 2025-03-06 00:00:00+00:00, run_after=2025-03-07 00:00:00+00:00
[2025-03-07T03:06:29.268+0000] {processor.py:208} INFO - Processing /home/Ashreem/airflow-env/lib/python3.12/site-packages/airflow/example_dags/example_branch_operator.py took 0.137 seconds
[2025-03-07T03:08:35.615+0000] {processor.py:186} INFO - Started process (PID=49120) to work on /home/Ashreem/airflow-env/lib/python3.12/site-packages/airflow/example_dags/example_branch_operator.py
[2025-03-07T03:08:35.617+0000] {processor.py:914} INFO - Processing file /home/Ashreem/airflow-env/lib/python3.12/site-packages/airflow/example_dags/example_branch_operator.py for tasks to queue
[2025-03-07T03:08:35.619+0000] {logging_mixin.py:190} INFO - [2025-03-07T03:08:35.619+0000] {dagbag.py:588} INFO - Filling up the DagBag from /home/Ashreem/airflow-env/lib/python3.12/site-packages/airflow/example_dags/example_branch_operator.py
[2025-03-07T03:08:35.642+0000] {processor.py:925} INFO - DAG(s) 'example_branch_operator' retrieved from /home/Ashreem/airflow-env/lib/python3.12/site-packages/airflow/example_dags/example_branch_operator.py
[2025-03-07T03:08:35.779+0000] {logging_mixin.py:190} INFO - [2025-03-07T03:08:35.778+0000] {dag.py:3239} INFO - Sync 1 DAGs
[2025-03-07T03:08:35.805+0000] {logging_mixin.py:190} INFO - [2025-03-07T03:08:35.804+0000] {dag.py:4180} INFO - Setting next_dagrun for example_branch_operator to 2025-03-06 00:00:00+00:00, run_after=2025-03-07 00:00:00+00:00
[2025-03-07T03:08:35.842+0000] {processor.py:208} INFO - Processing /home/Ashreem/airflow-env/lib/python3.12/site-packages/airflow/example_dags/example_branch_operator.py took 0.234 seconds
[2025-03-07T03:09:39.198+0000] {processor.py:186} INFO - Started process (PID=49191) to work on /home/Ashreem/airflow-env/lib/python3.12/site-packages/airflow/example_dags/example_branch_operator.py
[2025-03-07T03:09:39.199+0000] {processor.py:914} INFO - Processing file /home/Ashreem/airflow-env/lib/python3.12/site-packages/airflow/example_dags/example_branch_operator.py for tasks to queue
[2025-03-07T03:09:39.202+0000] {logging_mixin.py:190} INFO - [2025-03-07T03:09:39.201+0000] {dagbag.py:588} INFO - Filling up the DagBag from /home/Ashreem/airflow-env/lib/python3.12/site-packages/airflow/example_dags/example_branch_operator.py
[2025-03-07T03:09:39.226+0000] {processor.py:925} INFO - DAG(s) 'example_branch_operator' retrieved from /home/Ashreem/airflow-env/lib/python3.12/site-packages/airflow/example_dags/example_branch_operator.py
[2025-03-07T03:09:39.262+0000] {logging_mixin.py:190} INFO - [2025-03-07T03:09:39.262+0000] {dag.py:3239} INFO - Sync 1 DAGs
[2025-03-07T03:09:39.294+0000] {logging_mixin.py:190} INFO - [2025-03-07T03:09:39.293+0000] {dag.py:4180} INFO - Setting next_dagrun for example_branch_operator to 2025-03-06 00:00:00+00:00, run_after=2025-03-07 00:00:00+00:00
[2025-03-07T03:09:39.333+0000] {processor.py:208} INFO - Processing /home/Ashreem/airflow-env/lib/python3.12/site-packages/airflow/example_dags/example_branch_operator.py took 0.143 seconds
