[2025-03-07T02:31:18.004+0000] {processor.py:186} INFO - Started process (PID=46018) to work on /home/Ashreem/airflow-env/lib/python3.12/site-packages/airflow/example_dags/example_branch_datetime_operator.py
[2025-03-07T02:31:18.006+0000] {processor.py:914} INFO - Processing file /home/Ashreem/airflow-env/lib/python3.12/site-packages/airflow/example_dags/example_branch_datetime_operator.py for tasks to queue
[2025-03-07T02:31:18.008+0000] {logging_mixin.py:190} INFO - [2025-03-07T02:31:18.008+0000] {dagbag.py:588} INFO - Filling up the DagBag from /home/Ashreem/airflow-env/lib/python3.12/site-packages/airflow/example_dags/example_branch_datetime_operator.py
[2025-03-07T02:31:18.026+0000] {processor.py:925} INFO - DAG(s) 'example_branch_datetime_operator_3', 'example_branch_datetime_operator_2', 'example_branch_datetime_operator' retrieved from /home/Ashreem/airflow-env/lib/python3.12/site-packages/airflow/example_dags/example_branch_datetime_operator.py
[2025-03-07T02:31:18.185+0000] {logging_mixin.py:190} INFO - [2025-03-07T02:31:18.184+0000] {override.py:1930} INFO - Created Permission View: can read on DAG:example_branch_datetime_operator_3
[2025-03-07T02:31:18.211+0000] {logging_mixin.py:190} INFO - [2025-03-07T02:31:18.210+0000] {override.py:1930} INFO - Created Permission View: can delete on DAG:example_branch_datetime_operator_3
[2025-03-07T02:31:18.234+0000] {logging_mixin.py:190} INFO - [2025-03-07T02:31:18.233+0000] {override.py:1930} INFO - Created Permission View: can edit on DAG:example_branch_datetime_operator_3
[2025-03-07T02:31:18.273+0000] {logging_mixin.py:190} INFO - [2025-03-07T02:31:18.273+0000] {override.py:1930} INFO - Created Permission View: can read on DAG Run:example_branch_datetime_operator_3
[2025-03-07T02:31:18.295+0000] {logging_mixin.py:190} INFO - [2025-03-07T02:31:18.295+0000] {override.py:1930} INFO - Created Permission View: can delete on DAG Run:example_branch_datetime_operator_3
[2025-03-07T02:31:18.318+0000] {logging_mixin.py:190} INFO - [2025-03-07T02:31:18.318+0000] {override.py:1930} INFO - Created Permission View: menu access on DAG Run:example_branch_datetime_operator_3
[2025-03-07T02:31:18.339+0000] {logging_mixin.py:190} INFO - [2025-03-07T02:31:18.339+0000] {override.py:1930} INFO - Created Permission View: can create on DAG Run:example_branch_datetime_operator_3
[2025-03-07T02:31:18.388+0000] {logging_mixin.py:190} INFO - [2025-03-07T02:31:18.387+0000] {override.py:1930} INFO - Created Permission View: can read on DAG:example_branch_datetime_operator_2
[2025-03-07T02:31:18.410+0000] {logging_mixin.py:190} INFO - [2025-03-07T02:31:18.410+0000] {override.py:1930} INFO - Created Permission View: can delete on DAG:example_branch_datetime_operator_2
[2025-03-07T02:31:18.438+0000] {logging_mixin.py:190} INFO - [2025-03-07T02:31:18.438+0000] {override.py:1930} INFO - Created Permission View: can edit on DAG:example_branch_datetime_operator_2
[2025-03-07T02:31:18.478+0000] {logging_mixin.py:190} INFO - [2025-03-07T02:31:18.478+0000] {override.py:1930} INFO - Created Permission View: can read on DAG Run:example_branch_datetime_operator_2
[2025-03-07T02:31:18.501+0000] {logging_mixin.py:190} INFO - [2025-03-07T02:31:18.501+0000] {override.py:1930} INFO - Created Permission View: can delete on DAG Run:example_branch_datetime_operator_2
[2025-03-07T02:31:18.522+0000] {logging_mixin.py:190} INFO - [2025-03-07T02:31:18.522+0000] {override.py:1930} INFO - Created Permission View: menu access on DAG Run:example_branch_datetime_operator_2
[2025-03-07T02:31:18.543+0000] {logging_mixin.py:190} INFO - [2025-03-07T02:31:18.543+0000] {override.py:1930} INFO - Created Permission View: can create on DAG Run:example_branch_datetime_operator_2
[2025-03-07T02:31:18.591+0000] {logging_mixin.py:190} INFO - [2025-03-07T02:31:18.590+0000] {override.py:1930} INFO - Created Permission View: can read on DAG:example_branch_datetime_operator
[2025-03-07T02:31:18.615+0000] {logging_mixin.py:190} INFO - [2025-03-07T02:31:18.614+0000] {override.py:1930} INFO - Created Permission View: can delete on DAG:example_branch_datetime_operator
[2025-03-07T02:31:18.633+0000] {logging_mixin.py:190} INFO - [2025-03-07T02:31:18.633+0000] {override.py:1930} INFO - Created Permission View: can edit on DAG:example_branch_datetime_operator
[2025-03-07T02:31:18.672+0000] {logging_mixin.py:190} INFO - [2025-03-07T02:31:18.671+0000] {override.py:1930} INFO - Created Permission View: can read on DAG Run:example_branch_datetime_operator
[2025-03-07T02:31:18.697+0000] {logging_mixin.py:190} INFO - [2025-03-07T02:31:18.697+0000] {override.py:1930} INFO - Created Permission View: can delete on DAG Run:example_branch_datetime_operator
[2025-03-07T02:31:18.718+0000] {logging_mixin.py:190} INFO - [2025-03-07T02:31:18.717+0000] {override.py:1930} INFO - Created Permission View: menu access on DAG Run:example_branch_datetime_operator
[2025-03-07T02:31:18.740+0000] {logging_mixin.py:190} INFO - [2025-03-07T02:31:18.739+0000] {override.py:1930} INFO - Created Permission View: can create on DAG Run:example_branch_datetime_operator
[2025-03-07T02:31:18.740+0000] {logging_mixin.py:190} INFO - [2025-03-07T02:31:18.740+0000] {dag.py:3239} INFO - Sync 3 DAGs
[2025-03-07T02:31:18.755+0000] {logging_mixin.py:190} INFO - [2025-03-07T02:31:18.754+0000] {dag.py:3262} INFO - Creating ORM DAG for example_branch_datetime_operator_3
[2025-03-07T02:31:18.755+0000] {logging_mixin.py:190} INFO - [2025-03-07T02:31:18.755+0000] {dag.py:3262} INFO - Creating ORM DAG for example_branch_datetime_operator_2
[2025-03-07T02:31:18.756+0000] {logging_mixin.py:190} INFO - [2025-03-07T02:31:18.756+0000] {dag.py:3262} INFO - Creating ORM DAG for example_branch_datetime_operator
[2025-03-07T02:31:18.768+0000] {logging_mixin.py:190} INFO - [2025-03-07T02:31:18.768+0000] {dag.py:4180} INFO - Setting next_dagrun for example_branch_datetime_operator to 2025-03-06 00:00:00+00:00, run_after=2025-03-07 00:00:00+00:00
[2025-03-07T02:31:18.770+0000] {logging_mixin.py:190} INFO - [2025-03-07T02:31:18.770+0000] {dag.py:4180} INFO - Setting next_dagrun for example_branch_datetime_operator_2 to 2025-03-06 00:00:00+00:00, run_after=2025-03-07 00:00:00+00:00
[2025-03-07T02:31:18.772+0000] {logging_mixin.py:190} INFO - [2025-03-07T02:31:18.771+0000] {dag.py:4180} INFO - Setting next_dagrun for example_branch_datetime_operator_3 to 2025-03-06 00:00:00+00:00, run_after=2025-03-07 00:00:00+00:00
[2025-03-07T02:31:18.811+0000] {processor.py:208} INFO - Processing /home/Ashreem/airflow-env/lib/python3.12/site-packages/airflow/example_dags/example_branch_datetime_operator.py took 0.815 seconds
[2025-03-07T02:33:44.248+0000] {processor.py:186} INFO - Started process (PID=46253) to work on /home/Ashreem/airflow-env/lib/python3.12/site-packages/airflow/example_dags/example_branch_datetime_operator.py
[2025-03-07T02:33:44.251+0000] {processor.py:914} INFO - Processing file /home/Ashreem/airflow-env/lib/python3.12/site-packages/airflow/example_dags/example_branch_datetime_operator.py for tasks to queue
[2025-03-07T02:33:44.255+0000] {logging_mixin.py:190} INFO - [2025-03-07T02:33:44.255+0000] {dagbag.py:588} INFO - Filling up the DagBag from /home/Ashreem/airflow-env/lib/python3.12/site-packages/airflow/example_dags/example_branch_datetime_operator.py
[2025-03-07T02:33:44.273+0000] {processor.py:925} INFO - DAG(s) 'example_branch_datetime_operator', 'example_branch_datetime_operator_3', 'example_branch_datetime_operator_2' retrieved from /home/Ashreem/airflow-env/lib/python3.12/site-packages/airflow/example_dags/example_branch_datetime_operator.py
[2025-03-07T02:33:44.307+0000] {logging_mixin.py:190} INFO - [2025-03-07T02:33:44.306+0000] {dag.py:3239} INFO - Sync 3 DAGs
[2025-03-07T02:33:44.350+0000] {logging_mixin.py:190} INFO - [2025-03-07T02:33:44.349+0000] {dag.py:4180} INFO - Setting next_dagrun for example_branch_datetime_operator to 2025-03-06 00:00:00+00:00, run_after=2025-03-07 00:00:00+00:00
[2025-03-07T02:33:44.357+0000] {logging_mixin.py:190} INFO - [2025-03-07T02:33:44.357+0000] {dag.py:4180} INFO - Setting next_dagrun for example_branch_datetime_operator_2 to 2025-03-06 00:00:00+00:00, run_after=2025-03-07 00:00:00+00:00
[2025-03-07T02:33:44.361+0000] {logging_mixin.py:190} INFO - [2025-03-07T02:33:44.361+0000] {dag.py:4180} INFO - Setting next_dagrun for example_branch_datetime_operator_3 to 2025-03-06 00:00:00+00:00, run_after=2025-03-07 00:00:00+00:00
[2025-03-07T02:33:44.410+0000] {processor.py:208} INFO - Processing /home/Ashreem/airflow-env/lib/python3.12/site-packages/airflow/example_dags/example_branch_datetime_operator.py took 0.171 seconds
[2025-03-07T02:34:57.108+0000] {processor.py:186} INFO - Started process (PID=46459) to work on /home/Ashreem/airflow-env/lib/python3.12/site-packages/airflow/example_dags/example_branch_datetime_operator.py
[2025-03-07T02:34:57.110+0000] {processor.py:914} INFO - Processing file /home/Ashreem/airflow-env/lib/python3.12/site-packages/airflow/example_dags/example_branch_datetime_operator.py for tasks to queue
[2025-03-07T02:34:57.114+0000] {logging_mixin.py:190} INFO - [2025-03-07T02:34:57.113+0000] {dagbag.py:588} INFO - Filling up the DagBag from /home/Ashreem/airflow-env/lib/python3.12/site-packages/airflow/example_dags/example_branch_datetime_operator.py
[2025-03-07T02:34:57.133+0000] {processor.py:925} INFO - DAG(s) 'example_branch_datetime_operator', 'example_branch_datetime_operator_3', 'example_branch_datetime_operator_2' retrieved from /home/Ashreem/airflow-env/lib/python3.12/site-packages/airflow/example_dags/example_branch_datetime_operator.py
[2025-03-07T02:34:57.165+0000] {logging_mixin.py:190} INFO - [2025-03-07T02:34:57.165+0000] {dag.py:3239} INFO - Sync 3 DAGs
[2025-03-07T02:34:57.197+0000] {logging_mixin.py:190} INFO - [2025-03-07T02:34:57.196+0000] {dag.py:4180} INFO - Setting next_dagrun for example_branch_datetime_operator to 2025-03-06 00:00:00+00:00, run_after=2025-03-07 00:00:00+00:00
[2025-03-07T02:34:57.202+0000] {logging_mixin.py:190} INFO - [2025-03-07T02:34:57.202+0000] {dag.py:4180} INFO - Setting next_dagrun for example_branch_datetime_operator_2 to 2025-03-06 00:00:00+00:00, run_after=2025-03-07 00:00:00+00:00
[2025-03-07T02:34:57.205+0000] {logging_mixin.py:190} INFO - [2025-03-07T02:34:57.205+0000] {dag.py:4180} INFO - Setting next_dagrun for example_branch_datetime_operator_3 to 2025-03-06 00:00:00+00:00, run_after=2025-03-07 00:00:00+00:00
[2025-03-07T02:34:57.240+0000] {processor.py:208} INFO - Processing /home/Ashreem/airflow-env/lib/python3.12/site-packages/airflow/example_dags/example_branch_datetime_operator.py took 0.141 seconds
[2025-03-07T02:36:01.960+0000] {processor.py:186} INFO - Started process (PID=46527) to work on /home/Ashreem/airflow-env/lib/python3.12/site-packages/airflow/example_dags/example_branch_datetime_operator.py
[2025-03-07T02:36:01.962+0000] {processor.py:914} INFO - Processing file /home/Ashreem/airflow-env/lib/python3.12/site-packages/airflow/example_dags/example_branch_datetime_operator.py for tasks to queue
[2025-03-07T02:36:01.965+0000] {logging_mixin.py:190} INFO - [2025-03-07T02:36:01.964+0000] {dagbag.py:588} INFO - Filling up the DagBag from /home/Ashreem/airflow-env/lib/python3.12/site-packages/airflow/example_dags/example_branch_datetime_operator.py
[2025-03-07T02:36:01.981+0000] {processor.py:925} INFO - DAG(s) 'example_branch_datetime_operator_2', 'example_branch_datetime_operator_3', 'example_branch_datetime_operator' retrieved from /home/Ashreem/airflow-env/lib/python3.12/site-packages/airflow/example_dags/example_branch_datetime_operator.py
[2025-03-07T02:36:02.010+0000] {logging_mixin.py:190} INFO - [2025-03-07T02:36:02.010+0000] {dag.py:3239} INFO - Sync 3 DAGs
[2025-03-07T02:36:02.036+0000] {logging_mixin.py:190} INFO - [2025-03-07T02:36:02.036+0000] {dag.py:4180} INFO - Setting next_dagrun for example_branch_datetime_operator to 2025-03-06 00:00:00+00:00, run_after=2025-03-07 00:00:00+00:00
[2025-03-07T02:36:02.041+0000] {logging_mixin.py:190} INFO - [2025-03-07T02:36:02.040+0000] {dag.py:4180} INFO - Setting next_dagrun for example_branch_datetime_operator_2 to 2025-03-06 00:00:00+00:00, run_after=2025-03-07 00:00:00+00:00
[2025-03-07T02:36:02.043+0000] {logging_mixin.py:190} INFO - [2025-03-07T02:36:02.043+0000] {dag.py:4180} INFO - Setting next_dagrun for example_branch_datetime_operator_3 to 2025-03-06 00:00:00+00:00, run_after=2025-03-07 00:00:00+00:00
[2025-03-07T02:36:02.075+0000] {processor.py:208} INFO - Processing /home/Ashreem/airflow-env/lib/python3.12/site-packages/airflow/example_dags/example_branch_datetime_operator.py took 0.124 seconds
[2025-03-07T02:37:10.141+0000] {processor.py:186} INFO - Started process (PID=46596) to work on /home/Ashreem/airflow-env/lib/python3.12/site-packages/airflow/example_dags/example_branch_datetime_operator.py
[2025-03-07T02:37:10.143+0000] {processor.py:914} INFO - Processing file /home/Ashreem/airflow-env/lib/python3.12/site-packages/airflow/example_dags/example_branch_datetime_operator.py for tasks to queue
[2025-03-07T02:37:10.146+0000] {logging_mixin.py:190} INFO - [2025-03-07T02:37:10.145+0000] {dagbag.py:588} INFO - Filling up the DagBag from /home/Ashreem/airflow-env/lib/python3.12/site-packages/airflow/example_dags/example_branch_datetime_operator.py
[2025-03-07T02:37:10.161+0000] {processor.py:925} INFO - DAG(s) 'example_branch_datetime_operator_2', 'example_branch_datetime_operator', 'example_branch_datetime_operator_3' retrieved from /home/Ashreem/airflow-env/lib/python3.12/site-packages/airflow/example_dags/example_branch_datetime_operator.py
[2025-03-07T02:37:10.189+0000] {logging_mixin.py:190} INFO - [2025-03-07T02:37:10.188+0000] {dag.py:3239} INFO - Sync 3 DAGs
[2025-03-07T02:37:10.217+0000] {logging_mixin.py:190} INFO - [2025-03-07T02:37:10.217+0000] {dag.py:4180} INFO - Setting next_dagrun for example_branch_datetime_operator to 2025-03-06 00:00:00+00:00, run_after=2025-03-07 00:00:00+00:00
[2025-03-07T02:37:10.223+0000] {logging_mixin.py:190} INFO - [2025-03-07T02:37:10.223+0000] {dag.py:4180} INFO - Setting next_dagrun for example_branch_datetime_operator_2 to 2025-03-06 00:00:00+00:00, run_after=2025-03-07 00:00:00+00:00
[2025-03-07T02:37:10.225+0000] {logging_mixin.py:190} INFO - [2025-03-07T02:37:10.225+0000] {dag.py:4180} INFO - Setting next_dagrun for example_branch_datetime_operator_3 to 2025-03-06 00:00:00+00:00, run_after=2025-03-07 00:00:00+00:00
[2025-03-07T02:37:10.258+0000] {processor.py:208} INFO - Processing /home/Ashreem/airflow-env/lib/python3.12/site-packages/airflow/example_dags/example_branch_datetime_operator.py took 0.124 seconds
[2025-03-07T02:38:12.156+0000] {processor.py:186} INFO - Started process (PID=46656) to work on /home/Ashreem/airflow-env/lib/python3.12/site-packages/airflow/example_dags/example_branch_datetime_operator.py
[2025-03-07T02:38:12.157+0000] {processor.py:914} INFO - Processing file /home/Ashreem/airflow-env/lib/python3.12/site-packages/airflow/example_dags/example_branch_datetime_operator.py for tasks to queue
[2025-03-07T02:38:12.160+0000] {logging_mixin.py:190} INFO - [2025-03-07T02:38:12.159+0000] {dagbag.py:588} INFO - Filling up the DagBag from /home/Ashreem/airflow-env/lib/python3.12/site-packages/airflow/example_dags/example_branch_datetime_operator.py
[2025-03-07T02:38:12.180+0000] {processor.py:925} INFO - DAG(s) 'example_branch_datetime_operator', 'example_branch_datetime_operator_2', 'example_branch_datetime_operator_3' retrieved from /home/Ashreem/airflow-env/lib/python3.12/site-packages/airflow/example_dags/example_branch_datetime_operator.py
[2025-03-07T02:38:12.207+0000] {logging_mixin.py:190} INFO - [2025-03-07T02:38:12.207+0000] {dag.py:3239} INFO - Sync 3 DAGs
[2025-03-07T02:38:12.239+0000] {logging_mixin.py:190} INFO - [2025-03-07T02:38:12.238+0000] {dag.py:4180} INFO - Setting next_dagrun for example_branch_datetime_operator to 2025-03-06 00:00:00+00:00, run_after=2025-03-07 00:00:00+00:00
[2025-03-07T02:38:12.245+0000] {logging_mixin.py:190} INFO - [2025-03-07T02:38:12.245+0000] {dag.py:4180} INFO - Setting next_dagrun for example_branch_datetime_operator_2 to 2025-03-06 00:00:00+00:00, run_after=2025-03-07 00:00:00+00:00
[2025-03-07T02:38:12.248+0000] {logging_mixin.py:190} INFO - [2025-03-07T02:38:12.247+0000] {dag.py:4180} INFO - Setting next_dagrun for example_branch_datetime_operator_3 to 2025-03-06 00:00:00+00:00, run_after=2025-03-07 00:00:00+00:00
[2025-03-07T02:38:12.281+0000] {processor.py:208} INFO - Processing /home/Ashreem/airflow-env/lib/python3.12/site-packages/airflow/example_dags/example_branch_datetime_operator.py took 0.134 seconds
[2025-03-07T02:39:14.672+0000] {processor.py:186} INFO - Started process (PID=46726) to work on /home/Ashreem/airflow-env/lib/python3.12/site-packages/airflow/example_dags/example_branch_datetime_operator.py
[2025-03-07T02:39:14.674+0000] {processor.py:914} INFO - Processing file /home/Ashreem/airflow-env/lib/python3.12/site-packages/airflow/example_dags/example_branch_datetime_operator.py for tasks to queue
[2025-03-07T02:39:14.677+0000] {logging_mixin.py:190} INFO - [2025-03-07T02:39:14.676+0000] {dagbag.py:588} INFO - Filling up the DagBag from /home/Ashreem/airflow-env/lib/python3.12/site-packages/airflow/example_dags/example_branch_datetime_operator.py
[2025-03-07T02:39:14.693+0000] {processor.py:925} INFO - DAG(s) 'example_branch_datetime_operator_3', 'example_branch_datetime_operator_2', 'example_branch_datetime_operator' retrieved from /home/Ashreem/airflow-env/lib/python3.12/site-packages/airflow/example_dags/example_branch_datetime_operator.py
[2025-03-07T02:39:14.725+0000] {logging_mixin.py:190} INFO - [2025-03-07T02:39:14.724+0000] {dag.py:3239} INFO - Sync 3 DAGs
[2025-03-07T02:39:14.758+0000] {logging_mixin.py:190} INFO - [2025-03-07T02:39:14.757+0000] {dag.py:4180} INFO - Setting next_dagrun for example_branch_datetime_operator to 2025-03-06 00:00:00+00:00, run_after=2025-03-07 00:00:00+00:00
[2025-03-07T02:39:14.763+0000] {logging_mixin.py:190} INFO - [2025-03-07T02:39:14.763+0000] {dag.py:4180} INFO - Setting next_dagrun for example_branch_datetime_operator_2 to 2025-03-06 00:00:00+00:00, run_after=2025-03-07 00:00:00+00:00
[2025-03-07T02:39:14.766+0000] {logging_mixin.py:190} INFO - [2025-03-07T02:39:14.766+0000] {dag.py:4180} INFO - Setting next_dagrun for example_branch_datetime_operator_3 to 2025-03-06 00:00:00+00:00, run_after=2025-03-07 00:00:00+00:00
[2025-03-07T02:39:14.798+0000] {processor.py:208} INFO - Processing /home/Ashreem/airflow-env/lib/python3.12/site-packages/airflow/example_dags/example_branch_datetime_operator.py took 0.133 seconds
[2025-03-07T02:40:18.791+0000] {processor.py:186} INFO - Started process (PID=46788) to work on /home/Ashreem/airflow-env/lib/python3.12/site-packages/airflow/example_dags/example_branch_datetime_operator.py
[2025-03-07T02:40:18.792+0000] {processor.py:914} INFO - Processing file /home/Ashreem/airflow-env/lib/python3.12/site-packages/airflow/example_dags/example_branch_datetime_operator.py for tasks to queue
[2025-03-07T02:40:18.796+0000] {logging_mixin.py:190} INFO - [2025-03-07T02:40:18.795+0000] {dagbag.py:588} INFO - Filling up the DagBag from /home/Ashreem/airflow-env/lib/python3.12/site-packages/airflow/example_dags/example_branch_datetime_operator.py
[2025-03-07T02:40:18.813+0000] {processor.py:925} INFO - DAG(s) 'example_branch_datetime_operator_2', 'example_branch_datetime_operator', 'example_branch_datetime_operator_3' retrieved from /home/Ashreem/airflow-env/lib/python3.12/site-packages/airflow/example_dags/example_branch_datetime_operator.py
[2025-03-07T02:40:18.843+0000] {logging_mixin.py:190} INFO - [2025-03-07T02:40:18.842+0000] {dag.py:3239} INFO - Sync 3 DAGs
[2025-03-07T02:40:18.885+0000] {logging_mixin.py:190} INFO - [2025-03-07T02:40:18.885+0000] {dag.py:4180} INFO - Setting next_dagrun for example_branch_datetime_operator to 2025-03-06 00:00:00+00:00, run_after=2025-03-07 00:00:00+00:00
[2025-03-07T02:40:18.892+0000] {logging_mixin.py:190} INFO - [2025-03-07T02:40:18.892+0000] {dag.py:4180} INFO - Setting next_dagrun for example_branch_datetime_operator_2 to 2025-03-06 00:00:00+00:00, run_after=2025-03-07 00:00:00+00:00
[2025-03-07T02:40:18.895+0000] {logging_mixin.py:190} INFO - [2025-03-07T02:40:18.895+0000] {dag.py:4180} INFO - Setting next_dagrun for example_branch_datetime_operator_3 to 2025-03-06 00:00:00+00:00, run_after=2025-03-07 00:00:00+00:00
[2025-03-07T02:40:18.931+0000] {processor.py:208} INFO - Processing /home/Ashreem/airflow-env/lib/python3.12/site-packages/airflow/example_dags/example_branch_datetime_operator.py took 0.149 seconds
[2025-03-07T02:41:21.399+0000] {processor.py:186} INFO - Started process (PID=46854) to work on /home/Ashreem/airflow-env/lib/python3.12/site-packages/airflow/example_dags/example_branch_datetime_operator.py
[2025-03-07T02:41:21.401+0000] {processor.py:914} INFO - Processing file /home/Ashreem/airflow-env/lib/python3.12/site-packages/airflow/example_dags/example_branch_datetime_operator.py for tasks to queue
[2025-03-07T02:41:21.403+0000] {logging_mixin.py:190} INFO - [2025-03-07T02:41:21.403+0000] {dagbag.py:588} INFO - Filling up the DagBag from /home/Ashreem/airflow-env/lib/python3.12/site-packages/airflow/example_dags/example_branch_datetime_operator.py
[2025-03-07T02:41:21.420+0000] {processor.py:925} INFO - DAG(s) 'example_branch_datetime_operator', 'example_branch_datetime_operator_3', 'example_branch_datetime_operator_2' retrieved from /home/Ashreem/airflow-env/lib/python3.12/site-packages/airflow/example_dags/example_branch_datetime_operator.py
[2025-03-07T02:41:21.447+0000] {logging_mixin.py:190} INFO - [2025-03-07T02:41:21.446+0000] {dag.py:3239} INFO - Sync 3 DAGs
[2025-03-07T02:41:21.475+0000] {logging_mixin.py:190} INFO - [2025-03-07T02:41:21.475+0000] {dag.py:4180} INFO - Setting next_dagrun for example_branch_datetime_operator to 2025-03-06 00:00:00+00:00, run_after=2025-03-07 00:00:00+00:00
[2025-03-07T02:41:21.481+0000] {logging_mixin.py:190} INFO - [2025-03-07T02:41:21.481+0000] {dag.py:4180} INFO - Setting next_dagrun for example_branch_datetime_operator_2 to 2025-03-06 00:00:00+00:00, run_after=2025-03-07 00:00:00+00:00
[2025-03-07T02:41:21.483+0000] {logging_mixin.py:190} INFO - [2025-03-07T02:41:21.483+0000] {dag.py:4180} INFO - Setting next_dagrun for example_branch_datetime_operator_3 to 2025-03-06 00:00:00+00:00, run_after=2025-03-07 00:00:00+00:00
[2025-03-07T02:41:21.524+0000] {processor.py:208} INFO - Processing /home/Ashreem/airflow-env/lib/python3.12/site-packages/airflow/example_dags/example_branch_datetime_operator.py took 0.133 seconds
[2025-03-07T02:42:25.202+0000] {processor.py:186} INFO - Started process (PID=46915) to work on /home/Ashreem/airflow-env/lib/python3.12/site-packages/airflow/example_dags/example_branch_datetime_operator.py
[2025-03-07T02:42:25.203+0000] {processor.py:914} INFO - Processing file /home/Ashreem/airflow-env/lib/python3.12/site-packages/airflow/example_dags/example_branch_datetime_operator.py for tasks to queue
[2025-03-07T02:42:25.206+0000] {logging_mixin.py:190} INFO - [2025-03-07T02:42:25.206+0000] {dagbag.py:588} INFO - Filling up the DagBag from /home/Ashreem/airflow-env/lib/python3.12/site-packages/airflow/example_dags/example_branch_datetime_operator.py
[2025-03-07T02:42:25.228+0000] {processor.py:925} INFO - DAG(s) 'example_branch_datetime_operator', 'example_branch_datetime_operator_3', 'example_branch_datetime_operator_2' retrieved from /home/Ashreem/airflow-env/lib/python3.12/site-packages/airflow/example_dags/example_branch_datetime_operator.py
[2025-03-07T02:42:25.258+0000] {logging_mixin.py:190} INFO - [2025-03-07T02:42:25.258+0000] {dag.py:3239} INFO - Sync 3 DAGs
[2025-03-07T02:42:25.288+0000] {logging_mixin.py:190} INFO - [2025-03-07T02:42:25.288+0000] {dag.py:4180} INFO - Setting next_dagrun for example_branch_datetime_operator to 2025-03-06 00:00:00+00:00, run_after=2025-03-07 00:00:00+00:00
[2025-03-07T02:42:25.295+0000] {logging_mixin.py:190} INFO - [2025-03-07T02:42:25.295+0000] {dag.py:4180} INFO - Setting next_dagrun for example_branch_datetime_operator_2 to 2025-03-06 00:00:00+00:00, run_after=2025-03-07 00:00:00+00:00
[2025-03-07T02:42:25.298+0000] {logging_mixin.py:190} INFO - [2025-03-07T02:42:25.297+0000] {dag.py:4180} INFO - Setting next_dagrun for example_branch_datetime_operator_3 to 2025-03-06 00:00:00+00:00, run_after=2025-03-07 00:00:00+00:00
[2025-03-07T02:42:25.335+0000] {processor.py:208} INFO - Processing /home/Ashreem/airflow-env/lib/python3.12/site-packages/airflow/example_dags/example_branch_datetime_operator.py took 0.144 seconds
[2025-03-07T02:43:29.439+0000] {processor.py:186} INFO - Started process (PID=46990) to work on /home/Ashreem/airflow-env/lib/python3.12/site-packages/airflow/example_dags/example_branch_datetime_operator.py
[2025-03-07T02:43:29.441+0000] {processor.py:914} INFO - Processing file /home/Ashreem/airflow-env/lib/python3.12/site-packages/airflow/example_dags/example_branch_datetime_operator.py for tasks to queue
[2025-03-07T02:43:29.443+0000] {logging_mixin.py:190} INFO - [2025-03-07T02:43:29.443+0000] {dagbag.py:588} INFO - Filling up the DagBag from /home/Ashreem/airflow-env/lib/python3.12/site-packages/airflow/example_dags/example_branch_datetime_operator.py
[2025-03-07T02:43:29.460+0000] {processor.py:925} INFO - DAG(s) 'example_branch_datetime_operator_2', 'example_branch_datetime_operator_3', 'example_branch_datetime_operator' retrieved from /home/Ashreem/airflow-env/lib/python3.12/site-packages/airflow/example_dags/example_branch_datetime_operator.py
[2025-03-07T02:43:29.485+0000] {logging_mixin.py:190} INFO - [2025-03-07T02:43:29.485+0000] {dag.py:3239} INFO - Sync 3 DAGs
[2025-03-07T02:43:29.514+0000] {logging_mixin.py:190} INFO - [2025-03-07T02:43:29.514+0000] {dag.py:4180} INFO - Setting next_dagrun for example_branch_datetime_operator to 2025-03-06 00:00:00+00:00, run_after=2025-03-07 00:00:00+00:00
[2025-03-07T02:43:29.520+0000] {logging_mixin.py:190} INFO - [2025-03-07T02:43:29.520+0000] {dag.py:4180} INFO - Setting next_dagrun for example_branch_datetime_operator_2 to 2025-03-06 00:00:00+00:00, run_after=2025-03-07 00:00:00+00:00
[2025-03-07T02:43:29.522+0000] {logging_mixin.py:190} INFO - [2025-03-07T02:43:29.522+0000] {dag.py:4180} INFO - Setting next_dagrun for example_branch_datetime_operator_3 to 2025-03-06 00:00:00+00:00, run_after=2025-03-07 00:00:00+00:00
[2025-03-07T02:43:29.583+0000] {processor.py:208} INFO - Processing /home/Ashreem/airflow-env/lib/python3.12/site-packages/airflow/example_dags/example_branch_datetime_operator.py took 0.152 seconds
[2025-03-07T02:44:32.867+0000] {processor.py:186} INFO - Started process (PID=47070) to work on /home/Ashreem/airflow-env/lib/python3.12/site-packages/airflow/example_dags/example_branch_datetime_operator.py
[2025-03-07T02:44:32.869+0000] {processor.py:914} INFO - Processing file /home/Ashreem/airflow-env/lib/python3.12/site-packages/airflow/example_dags/example_branch_datetime_operator.py for tasks to queue
[2025-03-07T02:44:32.872+0000] {logging_mixin.py:190} INFO - [2025-03-07T02:44:32.871+0000] {dagbag.py:588} INFO - Filling up the DagBag from /home/Ashreem/airflow-env/lib/python3.12/site-packages/airflow/example_dags/example_branch_datetime_operator.py
[2025-03-07T02:44:32.890+0000] {processor.py:925} INFO - DAG(s) 'example_branch_datetime_operator_2', 'example_branch_datetime_operator_3', 'example_branch_datetime_operator' retrieved from /home/Ashreem/airflow-env/lib/python3.12/site-packages/airflow/example_dags/example_branch_datetime_operator.py
[2025-03-07T02:44:32.918+0000] {logging_mixin.py:190} INFO - [2025-03-07T02:44:32.918+0000] {dag.py:3239} INFO - Sync 3 DAGs
[2025-03-07T02:44:32.948+0000] {logging_mixin.py:190} INFO - [2025-03-07T02:44:32.948+0000] {dag.py:4180} INFO - Setting next_dagrun for example_branch_datetime_operator to 2025-03-06 00:00:00+00:00, run_after=2025-03-07 00:00:00+00:00
[2025-03-07T02:44:32.953+0000] {logging_mixin.py:190} INFO - [2025-03-07T02:44:32.953+0000] {dag.py:4180} INFO - Setting next_dagrun for example_branch_datetime_operator_2 to 2025-03-06 00:00:00+00:00, run_after=2025-03-07 00:00:00+00:00
[2025-03-07T02:44:32.956+0000] {logging_mixin.py:190} INFO - [2025-03-07T02:44:32.956+0000] {dag.py:4180} INFO - Setting next_dagrun for example_branch_datetime_operator_3 to 2025-03-06 00:00:00+00:00, run_after=2025-03-07 00:00:00+00:00
[2025-03-07T02:44:32.992+0000] {processor.py:208} INFO - Processing /home/Ashreem/airflow-env/lib/python3.12/site-packages/airflow/example_dags/example_branch_datetime_operator.py took 0.133 seconds
[2025-03-07T02:45:35.379+0000] {processor.py:186} INFO - Started process (PID=47136) to work on /home/Ashreem/airflow-env/lib/python3.12/site-packages/airflow/example_dags/example_branch_datetime_operator.py
[2025-03-07T02:45:35.381+0000] {processor.py:914} INFO - Processing file /home/Ashreem/airflow-env/lib/python3.12/site-packages/airflow/example_dags/example_branch_datetime_operator.py for tasks to queue
[2025-03-07T02:45:35.386+0000] {logging_mixin.py:190} INFO - [2025-03-07T02:45:35.386+0000] {dagbag.py:588} INFO - Filling up the DagBag from /home/Ashreem/airflow-env/lib/python3.12/site-packages/airflow/example_dags/example_branch_datetime_operator.py
[2025-03-07T02:45:35.403+0000] {processor.py:925} INFO - DAG(s) 'example_branch_datetime_operator_2', 'example_branch_datetime_operator_3', 'example_branch_datetime_operator' retrieved from /home/Ashreem/airflow-env/lib/python3.12/site-packages/airflow/example_dags/example_branch_datetime_operator.py
[2025-03-07T02:45:35.429+0000] {logging_mixin.py:190} INFO - [2025-03-07T02:45:35.429+0000] {dag.py:3239} INFO - Sync 3 DAGs
[2025-03-07T02:45:35.458+0000] {logging_mixin.py:190} INFO - [2025-03-07T02:45:35.457+0000] {dag.py:4180} INFO - Setting next_dagrun for example_branch_datetime_operator to 2025-03-06 00:00:00+00:00, run_after=2025-03-07 00:00:00+00:00
[2025-03-07T02:45:35.463+0000] {logging_mixin.py:190} INFO - [2025-03-07T02:45:35.463+0000] {dag.py:4180} INFO - Setting next_dagrun for example_branch_datetime_operator_2 to 2025-03-06 00:00:00+00:00, run_after=2025-03-07 00:00:00+00:00
[2025-03-07T02:45:35.466+0000] {logging_mixin.py:190} INFO - [2025-03-07T02:45:35.465+0000] {dag.py:4180} INFO - Setting next_dagrun for example_branch_datetime_operator_3 to 2025-03-06 00:00:00+00:00, run_after=2025-03-07 00:00:00+00:00
[2025-03-07T02:45:35.504+0000] {processor.py:208} INFO - Processing /home/Ashreem/airflow-env/lib/python3.12/site-packages/airflow/example_dags/example_branch_datetime_operator.py took 0.136 seconds
[2025-03-07T02:46:39.404+0000] {processor.py:186} INFO - Started process (PID=47202) to work on /home/Ashreem/airflow-env/lib/python3.12/site-packages/airflow/example_dags/example_branch_datetime_operator.py
[2025-03-07T02:46:39.405+0000] {processor.py:914} INFO - Processing file /home/Ashreem/airflow-env/lib/python3.12/site-packages/airflow/example_dags/example_branch_datetime_operator.py for tasks to queue
[2025-03-07T02:46:39.408+0000] {logging_mixin.py:190} INFO - [2025-03-07T02:46:39.408+0000] {dagbag.py:588} INFO - Filling up the DagBag from /home/Ashreem/airflow-env/lib/python3.12/site-packages/airflow/example_dags/example_branch_datetime_operator.py
[2025-03-07T02:46:39.425+0000] {processor.py:925} INFO - DAG(s) 'example_branch_datetime_operator', 'example_branch_datetime_operator_3', 'example_branch_datetime_operator_2' retrieved from /home/Ashreem/airflow-env/lib/python3.12/site-packages/airflow/example_dags/example_branch_datetime_operator.py
[2025-03-07T02:46:39.453+0000] {logging_mixin.py:190} INFO - [2025-03-07T02:46:39.453+0000] {dag.py:3239} INFO - Sync 3 DAGs
[2025-03-07T02:46:39.482+0000] {logging_mixin.py:190} INFO - [2025-03-07T02:46:39.482+0000] {dag.py:4180} INFO - Setting next_dagrun for example_branch_datetime_operator to 2025-03-06 00:00:00+00:00, run_after=2025-03-07 00:00:00+00:00
[2025-03-07T02:46:39.488+0000] {logging_mixin.py:190} INFO - [2025-03-07T02:46:39.487+0000] {dag.py:4180} INFO - Setting next_dagrun for example_branch_datetime_operator_2 to 2025-03-06 00:00:00+00:00, run_after=2025-03-07 00:00:00+00:00
[2025-03-07T02:46:39.490+0000] {logging_mixin.py:190} INFO - [2025-03-07T02:46:39.490+0000] {dag.py:4180} INFO - Setting next_dagrun for example_branch_datetime_operator_3 to 2025-03-06 00:00:00+00:00, run_after=2025-03-07 00:00:00+00:00
[2025-03-07T02:46:39.529+0000] {processor.py:208} INFO - Processing /home/Ashreem/airflow-env/lib/python3.12/site-packages/airflow/example_dags/example_branch_datetime_operator.py took 0.134 seconds
[2025-03-07T02:47:42.708+0000] {processor.py:186} INFO - Started process (PID=47262) to work on /home/Ashreem/airflow-env/lib/python3.12/site-packages/airflow/example_dags/example_branch_datetime_operator.py
[2025-03-07T02:47:42.710+0000] {processor.py:914} INFO - Processing file /home/Ashreem/airflow-env/lib/python3.12/site-packages/airflow/example_dags/example_branch_datetime_operator.py for tasks to queue
[2025-03-07T02:47:42.712+0000] {logging_mixin.py:190} INFO - [2025-03-07T02:47:42.712+0000] {dagbag.py:588} INFO - Filling up the DagBag from /home/Ashreem/airflow-env/lib/python3.12/site-packages/airflow/example_dags/example_branch_datetime_operator.py
[2025-03-07T02:47:42.729+0000] {processor.py:925} INFO - DAG(s) 'example_branch_datetime_operator', 'example_branch_datetime_operator_3', 'example_branch_datetime_operator_2' retrieved from /home/Ashreem/airflow-env/lib/python3.12/site-packages/airflow/example_dags/example_branch_datetime_operator.py
[2025-03-07T02:47:42.756+0000] {logging_mixin.py:190} INFO - [2025-03-07T02:47:42.756+0000] {dag.py:3239} INFO - Sync 3 DAGs
[2025-03-07T02:47:42.784+0000] {logging_mixin.py:190} INFO - [2025-03-07T02:47:42.784+0000] {dag.py:4180} INFO - Setting next_dagrun for example_branch_datetime_operator to 2025-03-06 00:00:00+00:00, run_after=2025-03-07 00:00:00+00:00
[2025-03-07T02:47:42.790+0000] {logging_mixin.py:190} INFO - [2025-03-07T02:47:42.790+0000] {dag.py:4180} INFO - Setting next_dagrun for example_branch_datetime_operator_2 to 2025-03-06 00:00:00+00:00, run_after=2025-03-07 00:00:00+00:00
[2025-03-07T02:47:42.793+0000] {logging_mixin.py:190} INFO - [2025-03-07T02:47:42.793+0000] {dag.py:4180} INFO - Setting next_dagrun for example_branch_datetime_operator_3 to 2025-03-06 00:00:00+00:00, run_after=2025-03-07 00:00:00+00:00
[2025-03-07T02:47:42.827+0000] {processor.py:208} INFO - Processing /home/Ashreem/airflow-env/lib/python3.12/site-packages/airflow/example_dags/example_branch_datetime_operator.py took 0.127 seconds
[2025-03-07T02:48:52.409+0000] {processor.py:186} INFO - Started process (PID=47342) to work on /home/Ashreem/airflow-env/lib/python3.12/site-packages/airflow/example_dags/example_branch_datetime_operator.py
[2025-03-07T02:48:52.411+0000] {processor.py:914} INFO - Processing file /home/Ashreem/airflow-env/lib/python3.12/site-packages/airflow/example_dags/example_branch_datetime_operator.py for tasks to queue
[2025-03-07T02:48:52.413+0000] {logging_mixin.py:190} INFO - [2025-03-07T02:48:52.413+0000] {dagbag.py:588} INFO - Filling up the DagBag from /home/Ashreem/airflow-env/lib/python3.12/site-packages/airflow/example_dags/example_branch_datetime_operator.py
[2025-03-07T02:48:52.429+0000] {processor.py:925} INFO - DAG(s) 'example_branch_datetime_operator_3', 'example_branch_datetime_operator', 'example_branch_datetime_operator_2' retrieved from /home/Ashreem/airflow-env/lib/python3.12/site-packages/airflow/example_dags/example_branch_datetime_operator.py
[2025-03-07T02:48:52.456+0000] {logging_mixin.py:190} INFO - [2025-03-07T02:48:52.455+0000] {dag.py:3239} INFO - Sync 3 DAGs
[2025-03-07T02:48:52.489+0000] {logging_mixin.py:190} INFO - [2025-03-07T02:48:52.489+0000] {dag.py:4180} INFO - Setting next_dagrun for example_branch_datetime_operator to 2025-03-06 00:00:00+00:00, run_after=2025-03-07 00:00:00+00:00
[2025-03-07T02:48:52.495+0000] {logging_mixin.py:190} INFO - [2025-03-07T02:48:52.495+0000] {dag.py:4180} INFO - Setting next_dagrun for example_branch_datetime_operator_2 to 2025-03-06 00:00:00+00:00, run_after=2025-03-07 00:00:00+00:00
[2025-03-07T02:48:52.497+0000] {logging_mixin.py:190} INFO - [2025-03-07T02:48:52.497+0000] {dag.py:4180} INFO - Setting next_dagrun for example_branch_datetime_operator_3 to 2025-03-06 00:00:00+00:00, run_after=2025-03-07 00:00:00+00:00
[2025-03-07T02:48:52.533+0000] {processor.py:208} INFO - Processing /home/Ashreem/airflow-env/lib/python3.12/site-packages/airflow/example_dags/example_branch_datetime_operator.py took 0.131 seconds
[2025-03-07T02:49:57.613+0000] {processor.py:186} INFO - Started process (PID=47414) to work on /home/Ashreem/airflow-env/lib/python3.12/site-packages/airflow/example_dags/example_branch_datetime_operator.py
[2025-03-07T02:49:57.615+0000] {processor.py:914} INFO - Processing file /home/Ashreem/airflow-env/lib/python3.12/site-packages/airflow/example_dags/example_branch_datetime_operator.py for tasks to queue
[2025-03-07T02:49:57.618+0000] {logging_mixin.py:190} INFO - [2025-03-07T02:49:57.617+0000] {dagbag.py:588} INFO - Filling up the DagBag from /home/Ashreem/airflow-env/lib/python3.12/site-packages/airflow/example_dags/example_branch_datetime_operator.py
[2025-03-07T02:49:57.634+0000] {processor.py:925} INFO - DAG(s) 'example_branch_datetime_operator', 'example_branch_datetime_operator_3', 'example_branch_datetime_operator_2' retrieved from /home/Ashreem/airflow-env/lib/python3.12/site-packages/airflow/example_dags/example_branch_datetime_operator.py
[2025-03-07T02:49:57.659+0000] {logging_mixin.py:190} INFO - [2025-03-07T02:49:57.658+0000] {dag.py:3239} INFO - Sync 3 DAGs
[2025-03-07T02:49:57.687+0000] {logging_mixin.py:190} INFO - [2025-03-07T02:49:57.687+0000] {dag.py:4180} INFO - Setting next_dagrun for example_branch_datetime_operator to 2025-03-06 00:00:00+00:00, run_after=2025-03-07 00:00:00+00:00
[2025-03-07T02:49:57.695+0000] {logging_mixin.py:190} INFO - [2025-03-07T02:49:57.695+0000] {dag.py:4180} INFO - Setting next_dagrun for example_branch_datetime_operator_2 to 2025-03-06 00:00:00+00:00, run_after=2025-03-07 00:00:00+00:00
[2025-03-07T02:49:57.698+0000] {logging_mixin.py:190} INFO - [2025-03-07T02:49:57.698+0000] {dag.py:4180} INFO - Setting next_dagrun for example_branch_datetime_operator_3 to 2025-03-06 00:00:00+00:00, run_after=2025-03-07 00:00:00+00:00
[2025-03-07T02:49:57.729+0000] {processor.py:208} INFO - Processing /home/Ashreem/airflow-env/lib/python3.12/site-packages/airflow/example_dags/example_branch_datetime_operator.py took 0.123 seconds
[2025-03-07T02:51:00.423+0000] {processor.py:186} INFO - Started process (PID=47483) to work on /home/Ashreem/airflow-env/lib/python3.12/site-packages/airflow/example_dags/example_branch_datetime_operator.py
[2025-03-07T02:51:00.425+0000] {processor.py:914} INFO - Processing file /home/Ashreem/airflow-env/lib/python3.12/site-packages/airflow/example_dags/example_branch_datetime_operator.py for tasks to queue
[2025-03-07T02:51:00.428+0000] {logging_mixin.py:190} INFO - [2025-03-07T02:51:00.427+0000] {dagbag.py:588} INFO - Filling up the DagBag from /home/Ashreem/airflow-env/lib/python3.12/site-packages/airflow/example_dags/example_branch_datetime_operator.py
[2025-03-07T02:51:00.447+0000] {processor.py:925} INFO - DAG(s) 'example_branch_datetime_operator_2', 'example_branch_datetime_operator_3', 'example_branch_datetime_operator' retrieved from /home/Ashreem/airflow-env/lib/python3.12/site-packages/airflow/example_dags/example_branch_datetime_operator.py
[2025-03-07T02:51:00.474+0000] {logging_mixin.py:190} INFO - [2025-03-07T02:51:00.474+0000] {dag.py:3239} INFO - Sync 3 DAGs
[2025-03-07T02:51:00.501+0000] {logging_mixin.py:190} INFO - [2025-03-07T02:51:00.501+0000] {dag.py:4180} INFO - Setting next_dagrun for example_branch_datetime_operator to 2025-03-06 00:00:00+00:00, run_after=2025-03-07 00:00:00+00:00
[2025-03-07T02:51:00.508+0000] {logging_mixin.py:190} INFO - [2025-03-07T02:51:00.508+0000] {dag.py:4180} INFO - Setting next_dagrun for example_branch_datetime_operator_2 to 2025-03-06 00:00:00+00:00, run_after=2025-03-07 00:00:00+00:00
[2025-03-07T02:51:00.510+0000] {logging_mixin.py:190} INFO - [2025-03-07T02:51:00.510+0000] {dag.py:4180} INFO - Setting next_dagrun for example_branch_datetime_operator_3 to 2025-03-06 00:00:00+00:00, run_after=2025-03-07 00:00:00+00:00
[2025-03-07T02:51:00.548+0000] {processor.py:208} INFO - Processing /home/Ashreem/airflow-env/lib/python3.12/site-packages/airflow/example_dags/example_branch_datetime_operator.py took 0.133 seconds
[2025-03-07T02:52:04.131+0000] {processor.py:186} INFO - Started process (PID=47546) to work on /home/Ashreem/airflow-env/lib/python3.12/site-packages/airflow/example_dags/example_branch_datetime_operator.py
[2025-03-07T02:52:04.133+0000] {processor.py:914} INFO - Processing file /home/Ashreem/airflow-env/lib/python3.12/site-packages/airflow/example_dags/example_branch_datetime_operator.py for tasks to queue
[2025-03-07T02:52:04.136+0000] {logging_mixin.py:190} INFO - [2025-03-07T02:52:04.135+0000] {dagbag.py:588} INFO - Filling up the DagBag from /home/Ashreem/airflow-env/lib/python3.12/site-packages/airflow/example_dags/example_branch_datetime_operator.py
[2025-03-07T02:52:04.156+0000] {processor.py:925} INFO - DAG(s) 'example_branch_datetime_operator', 'example_branch_datetime_operator_2', 'example_branch_datetime_operator_3' retrieved from /home/Ashreem/airflow-env/lib/python3.12/site-packages/airflow/example_dags/example_branch_datetime_operator.py
[2025-03-07T02:52:04.185+0000] {logging_mixin.py:190} INFO - [2025-03-07T02:52:04.185+0000] {dag.py:3239} INFO - Sync 3 DAGs
[2025-03-07T02:52:04.214+0000] {logging_mixin.py:190} INFO - [2025-03-07T02:52:04.214+0000] {dag.py:4180} INFO - Setting next_dagrun for example_branch_datetime_operator to 2025-03-06 00:00:00+00:00, run_after=2025-03-07 00:00:00+00:00
[2025-03-07T02:52:04.220+0000] {logging_mixin.py:190} INFO - [2025-03-07T02:52:04.219+0000] {dag.py:4180} INFO - Setting next_dagrun for example_branch_datetime_operator_2 to 2025-03-06 00:00:00+00:00, run_after=2025-03-07 00:00:00+00:00
[2025-03-07T02:52:04.223+0000] {logging_mixin.py:190} INFO - [2025-03-07T02:52:04.223+0000] {dag.py:4180} INFO - Setting next_dagrun for example_branch_datetime_operator_3 to 2025-03-06 00:00:00+00:00, run_after=2025-03-07 00:00:00+00:00
[2025-03-07T02:52:04.260+0000] {processor.py:208} INFO - Processing /home/Ashreem/airflow-env/lib/python3.12/site-packages/airflow/example_dags/example_branch_datetime_operator.py took 0.136 seconds
[2025-03-07T02:53:10.145+0000] {processor.py:186} INFO - Started process (PID=47614) to work on /home/Ashreem/airflow-env/lib/python3.12/site-packages/airflow/example_dags/example_branch_datetime_operator.py
[2025-03-07T02:53:10.146+0000] {processor.py:914} INFO - Processing file /home/Ashreem/airflow-env/lib/python3.12/site-packages/airflow/example_dags/example_branch_datetime_operator.py for tasks to queue
[2025-03-07T02:53:10.149+0000] {logging_mixin.py:190} INFO - [2025-03-07T02:53:10.149+0000] {dagbag.py:588} INFO - Filling up the DagBag from /home/Ashreem/airflow-env/lib/python3.12/site-packages/airflow/example_dags/example_branch_datetime_operator.py
[2025-03-07T02:53:10.166+0000] {processor.py:925} INFO - DAG(s) 'example_branch_datetime_operator_2', 'example_branch_datetime_operator_3', 'example_branch_datetime_operator' retrieved from /home/Ashreem/airflow-env/lib/python3.12/site-packages/airflow/example_dags/example_branch_datetime_operator.py
[2025-03-07T02:53:10.192+0000] {logging_mixin.py:190} INFO - [2025-03-07T02:53:10.191+0000] {dag.py:3239} INFO - Sync 3 DAGs
[2025-03-07T02:53:10.219+0000] {logging_mixin.py:190} INFO - [2025-03-07T02:53:10.219+0000] {dag.py:4180} INFO - Setting next_dagrun for example_branch_datetime_operator to 2025-03-06 00:00:00+00:00, run_after=2025-03-07 00:00:00+00:00
[2025-03-07T02:53:10.225+0000] {logging_mixin.py:190} INFO - [2025-03-07T02:53:10.224+0000] {dag.py:4180} INFO - Setting next_dagrun for example_branch_datetime_operator_2 to 2025-03-06 00:00:00+00:00, run_after=2025-03-07 00:00:00+00:00
[2025-03-07T02:53:10.227+0000] {logging_mixin.py:190} INFO - [2025-03-07T02:53:10.227+0000] {dag.py:4180} INFO - Setting next_dagrun for example_branch_datetime_operator_3 to 2025-03-06 00:00:00+00:00, run_after=2025-03-07 00:00:00+00:00
[2025-03-07T02:53:10.261+0000] {processor.py:208} INFO - Processing /home/Ashreem/airflow-env/lib/python3.12/site-packages/airflow/example_dags/example_branch_datetime_operator.py took 0.123 seconds
[2025-03-07T02:54:12.359+0000] {processor.py:186} INFO - Started process (PID=47678) to work on /home/Ashreem/airflow-env/lib/python3.12/site-packages/airflow/example_dags/example_branch_datetime_operator.py
[2025-03-07T02:54:12.361+0000] {processor.py:914} INFO - Processing file /home/Ashreem/airflow-env/lib/python3.12/site-packages/airflow/example_dags/example_branch_datetime_operator.py for tasks to queue
[2025-03-07T02:54:12.363+0000] {logging_mixin.py:190} INFO - [2025-03-07T02:54:12.363+0000] {dagbag.py:588} INFO - Filling up the DagBag from /home/Ashreem/airflow-env/lib/python3.12/site-packages/airflow/example_dags/example_branch_datetime_operator.py
[2025-03-07T02:54:12.381+0000] {processor.py:925} INFO - DAG(s) 'example_branch_datetime_operator_2', 'example_branch_datetime_operator', 'example_branch_datetime_operator_3' retrieved from /home/Ashreem/airflow-env/lib/python3.12/site-packages/airflow/example_dags/example_branch_datetime_operator.py
[2025-03-07T02:54:12.410+0000] {logging_mixin.py:190} INFO - [2025-03-07T02:54:12.410+0000] {dag.py:3239} INFO - Sync 3 DAGs
[2025-03-07T02:54:12.438+0000] {logging_mixin.py:190} INFO - [2025-03-07T02:54:12.438+0000] {dag.py:4180} INFO - Setting next_dagrun for example_branch_datetime_operator to 2025-03-06 00:00:00+00:00, run_after=2025-03-07 00:00:00+00:00
[2025-03-07T02:54:12.444+0000] {logging_mixin.py:190} INFO - [2025-03-07T02:54:12.444+0000] {dag.py:4180} INFO - Setting next_dagrun for example_branch_datetime_operator_2 to 2025-03-06 00:00:00+00:00, run_after=2025-03-07 00:00:00+00:00
[2025-03-07T02:54:12.447+0000] {logging_mixin.py:190} INFO - [2025-03-07T02:54:12.447+0000] {dag.py:4180} INFO - Setting next_dagrun for example_branch_datetime_operator_3 to 2025-03-06 00:00:00+00:00, run_after=2025-03-07 00:00:00+00:00
[2025-03-07T02:54:12.486+0000] {processor.py:208} INFO - Processing /home/Ashreem/airflow-env/lib/python3.12/site-packages/airflow/example_dags/example_branch_datetime_operator.py took 0.135 seconds
[2025-03-07T02:55:13.372+0000] {processor.py:186} INFO - Started process (PID=47745) to work on /home/Ashreem/airflow-env/lib/python3.12/site-packages/airflow/example_dags/example_branch_datetime_operator.py
[2025-03-07T02:55:13.374+0000] {processor.py:914} INFO - Processing file /home/Ashreem/airflow-env/lib/python3.12/site-packages/airflow/example_dags/example_branch_datetime_operator.py for tasks to queue
[2025-03-07T02:55:13.377+0000] {logging_mixin.py:190} INFO - [2025-03-07T02:55:13.377+0000] {dagbag.py:588} INFO - Filling up the DagBag from /home/Ashreem/airflow-env/lib/python3.12/site-packages/airflow/example_dags/example_branch_datetime_operator.py
[2025-03-07T02:55:13.395+0000] {processor.py:925} INFO - DAG(s) 'example_branch_datetime_operator_3', 'example_branch_datetime_operator_2', 'example_branch_datetime_operator' retrieved from /home/Ashreem/airflow-env/lib/python3.12/site-packages/airflow/example_dags/example_branch_datetime_operator.py
[2025-03-07T02:55:13.423+0000] {logging_mixin.py:190} INFO - [2025-03-07T02:55:13.423+0000] {dag.py:3239} INFO - Sync 3 DAGs
[2025-03-07T02:55:13.455+0000] {logging_mixin.py:190} INFO - [2025-03-07T02:55:13.454+0000] {dag.py:4180} INFO - Setting next_dagrun for example_branch_datetime_operator to 2025-03-06 00:00:00+00:00, run_after=2025-03-07 00:00:00+00:00
[2025-03-07T02:55:13.461+0000] {logging_mixin.py:190} INFO - [2025-03-07T02:55:13.461+0000] {dag.py:4180} INFO - Setting next_dagrun for example_branch_datetime_operator_2 to 2025-03-06 00:00:00+00:00, run_after=2025-03-07 00:00:00+00:00
[2025-03-07T02:55:13.464+0000] {logging_mixin.py:190} INFO - [2025-03-07T02:55:13.464+0000] {dag.py:4180} INFO - Setting next_dagrun for example_branch_datetime_operator_3 to 2025-03-06 00:00:00+00:00, run_after=2025-03-07 00:00:00+00:00
[2025-03-07T02:55:13.499+0000] {processor.py:208} INFO - Processing /home/Ashreem/airflow-env/lib/python3.12/site-packages/airflow/example_dags/example_branch_datetime_operator.py took 0.137 seconds
[2025-03-07T02:56:17.129+0000] {processor.py:186} INFO - Started process (PID=47906) to work on /home/Ashreem/airflow-env/lib/python3.12/site-packages/airflow/example_dags/example_branch_datetime_operator.py
[2025-03-07T02:56:17.130+0000] {processor.py:914} INFO - Processing file /home/Ashreem/airflow-env/lib/python3.12/site-packages/airflow/example_dags/example_branch_datetime_operator.py for tasks to queue
[2025-03-07T02:56:17.133+0000] {logging_mixin.py:190} INFO - [2025-03-07T02:56:17.133+0000] {dagbag.py:588} INFO - Filling up the DagBag from /home/Ashreem/airflow-env/lib/python3.12/site-packages/airflow/example_dags/example_branch_datetime_operator.py
[2025-03-07T02:56:17.150+0000] {processor.py:925} INFO - DAG(s) 'example_branch_datetime_operator_2', 'example_branch_datetime_operator', 'example_branch_datetime_operator_3' retrieved from /home/Ashreem/airflow-env/lib/python3.12/site-packages/airflow/example_dags/example_branch_datetime_operator.py
[2025-03-07T02:56:17.176+0000] {logging_mixin.py:190} INFO - [2025-03-07T02:56:17.176+0000] {dag.py:3239} INFO - Sync 3 DAGs
[2025-03-07T02:56:17.204+0000] {logging_mixin.py:190} INFO - [2025-03-07T02:56:17.203+0000] {dag.py:4180} INFO - Setting next_dagrun for example_branch_datetime_operator to 2025-03-06 00:00:00+00:00, run_after=2025-03-07 00:00:00+00:00
[2025-03-07T02:56:17.211+0000] {logging_mixin.py:190} INFO - [2025-03-07T02:56:17.211+0000] {dag.py:4180} INFO - Setting next_dagrun for example_branch_datetime_operator_2 to 2025-03-06 00:00:00+00:00, run_after=2025-03-07 00:00:00+00:00
[2025-03-07T02:56:17.213+0000] {logging_mixin.py:190} INFO - [2025-03-07T02:56:17.213+0000] {dag.py:4180} INFO - Setting next_dagrun for example_branch_datetime_operator_3 to 2025-03-06 00:00:00+00:00, run_after=2025-03-07 00:00:00+00:00
[2025-03-07T02:56:17.253+0000] {processor.py:208} INFO - Processing /home/Ashreem/airflow-env/lib/python3.12/site-packages/airflow/example_dags/example_branch_datetime_operator.py took 0.132 seconds
[2025-03-07T02:57:13.092+0000] {processor.py:186} INFO - Started process (PID=48010) to work on /home/Ashreem/airflow-env/lib/python3.12/site-packages/airflow/example_dags/example_branch_datetime_operator.py
[2025-03-07T02:57:13.094+0000] {processor.py:914} INFO - Processing file /home/Ashreem/airflow-env/lib/python3.12/site-packages/airflow/example_dags/example_branch_datetime_operator.py for tasks to queue
[2025-03-07T02:57:13.097+0000] {logging_mixin.py:190} INFO - [2025-03-07T02:57:13.096+0000] {dagbag.py:588} INFO - Filling up the DagBag from /home/Ashreem/airflow-env/lib/python3.12/site-packages/airflow/example_dags/example_branch_datetime_operator.py
[2025-03-07T02:57:13.114+0000] {processor.py:925} INFO - DAG(s) 'example_branch_datetime_operator_2', 'example_branch_datetime_operator_3', 'example_branch_datetime_operator' retrieved from /home/Ashreem/airflow-env/lib/python3.12/site-packages/airflow/example_dags/example_branch_datetime_operator.py
[2025-03-07T02:57:13.142+0000] {logging_mixin.py:190} INFO - [2025-03-07T02:57:13.141+0000] {dag.py:3239} INFO - Sync 3 DAGs
[2025-03-07T02:57:13.171+0000] {logging_mixin.py:190} INFO - [2025-03-07T02:57:13.171+0000] {dag.py:4180} INFO - Setting next_dagrun for example_branch_datetime_operator to 2025-03-06 00:00:00+00:00, run_after=2025-03-07 00:00:00+00:00
[2025-03-07T02:57:13.177+0000] {logging_mixin.py:190} INFO - [2025-03-07T02:57:13.177+0000] {dag.py:4180} INFO - Setting next_dagrun for example_branch_datetime_operator_2 to 2025-03-06 00:00:00+00:00, run_after=2025-03-07 00:00:00+00:00
[2025-03-07T02:57:13.180+0000] {logging_mixin.py:190} INFO - [2025-03-07T02:57:13.179+0000] {dag.py:4180} INFO - Setting next_dagrun for example_branch_datetime_operator_3 to 2025-03-06 00:00:00+00:00, run_after=2025-03-07 00:00:00+00:00
[2025-03-07T02:57:13.216+0000] {processor.py:208} INFO - Processing /home/Ashreem/airflow-env/lib/python3.12/site-packages/airflow/example_dags/example_branch_datetime_operator.py took 0.132 seconds
[2025-03-07T02:57:22.853+0000] {processor.py:186} INFO - Started process (PID=48022) to work on /home/Ashreem/airflow-env/lib/python3.12/site-packages/airflow/example_dags/example_branch_datetime_operator.py
[2025-03-07T02:57:22.855+0000] {processor.py:914} INFO - Processing file /home/Ashreem/airflow-env/lib/python3.12/site-packages/airflow/example_dags/example_branch_datetime_operator.py for tasks to queue
[2025-03-07T02:57:22.859+0000] {logging_mixin.py:190} INFO - [2025-03-07T02:57:22.858+0000] {dagbag.py:588} INFO - Filling up the DagBag from /home/Ashreem/airflow-env/lib/python3.12/site-packages/airflow/example_dags/example_branch_datetime_operator.py
[2025-03-07T02:57:22.876+0000] {processor.py:925} INFO - DAG(s) 'example_branch_datetime_operator', 'example_branch_datetime_operator_2', 'example_branch_datetime_operator_3' retrieved from /home/Ashreem/airflow-env/lib/python3.12/site-packages/airflow/example_dags/example_branch_datetime_operator.py
[2025-03-07T02:57:22.902+0000] {logging_mixin.py:190} INFO - [2025-03-07T02:57:22.902+0000] {dag.py:3239} INFO - Sync 3 DAGs
[2025-03-07T02:57:22.934+0000] {logging_mixin.py:190} INFO - [2025-03-07T02:57:22.934+0000] {dag.py:4180} INFO - Setting next_dagrun for example_branch_datetime_operator to 2025-03-06 00:00:00+00:00, run_after=2025-03-07 00:00:00+00:00
[2025-03-07T02:57:22.940+0000] {logging_mixin.py:190} INFO - [2025-03-07T02:57:22.940+0000] {dag.py:4180} INFO - Setting next_dagrun for example_branch_datetime_operator_2 to 2025-03-06 00:00:00+00:00, run_after=2025-03-07 00:00:00+00:00
[2025-03-07T02:57:22.943+0000] {logging_mixin.py:190} INFO - [2025-03-07T02:57:22.942+0000] {dag.py:4180} INFO - Setting next_dagrun for example_branch_datetime_operator_3 to 2025-03-06 00:00:00+00:00, run_after=2025-03-07 00:00:00+00:00
[2025-03-07T02:57:22.976+0000] {processor.py:208} INFO - Processing /home/Ashreem/airflow-env/lib/python3.12/site-packages/airflow/example_dags/example_branch_datetime_operator.py took 0.131 seconds
[2025-03-07T02:58:26.158+0000] {processor.py:186} INFO - Started process (PID=48093) to work on /home/Ashreem/airflow-env/lib/python3.12/site-packages/airflow/example_dags/example_branch_datetime_operator.py
[2025-03-07T02:58:26.160+0000] {processor.py:914} INFO - Processing file /home/Ashreem/airflow-env/lib/python3.12/site-packages/airflow/example_dags/example_branch_datetime_operator.py for tasks to queue
[2025-03-07T02:58:26.163+0000] {logging_mixin.py:190} INFO - [2025-03-07T02:58:26.163+0000] {dagbag.py:588} INFO - Filling up the DagBag from /home/Ashreem/airflow-env/lib/python3.12/site-packages/airflow/example_dags/example_branch_datetime_operator.py
[2025-03-07T02:58:26.182+0000] {processor.py:925} INFO - DAG(s) 'example_branch_datetime_operator_2', 'example_branch_datetime_operator', 'example_branch_datetime_operator_3' retrieved from /home/Ashreem/airflow-env/lib/python3.12/site-packages/airflow/example_dags/example_branch_datetime_operator.py
[2025-03-07T02:58:26.215+0000] {logging_mixin.py:190} INFO - [2025-03-07T02:58:26.214+0000] {dag.py:3239} INFO - Sync 3 DAGs
[2025-03-07T02:58:26.245+0000] {logging_mixin.py:190} INFO - [2025-03-07T02:58:26.245+0000] {dag.py:4180} INFO - Setting next_dagrun for example_branch_datetime_operator to 2025-03-06 00:00:00+00:00, run_after=2025-03-07 00:00:00+00:00
[2025-03-07T02:58:26.251+0000] {logging_mixin.py:190} INFO - [2025-03-07T02:58:26.251+0000] {dag.py:4180} INFO - Setting next_dagrun for example_branch_datetime_operator_2 to 2025-03-06 00:00:00+00:00, run_after=2025-03-07 00:00:00+00:00
[2025-03-07T02:58:26.255+0000] {logging_mixin.py:190} INFO - [2025-03-07T02:58:26.254+0000] {dag.py:4180} INFO - Setting next_dagrun for example_branch_datetime_operator_3 to 2025-03-06 00:00:00+00:00, run_after=2025-03-07 00:00:00+00:00
[2025-03-07T02:58:26.290+0000] {processor.py:208} INFO - Processing /home/Ashreem/airflow-env/lib/python3.12/site-packages/airflow/example_dags/example_branch_datetime_operator.py took 0.141 seconds
[2025-03-07T02:59:32.865+0000] {processor.py:186} INFO - Started process (PID=48211) to work on /home/Ashreem/airflow-env/lib/python3.12/site-packages/airflow/example_dags/example_branch_datetime_operator.py
[2025-03-07T02:59:32.867+0000] {processor.py:914} INFO - Processing file /home/Ashreem/airflow-env/lib/python3.12/site-packages/airflow/example_dags/example_branch_datetime_operator.py for tasks to queue
[2025-03-07T02:59:32.870+0000] {logging_mixin.py:190} INFO - [2025-03-07T02:59:32.869+0000] {dagbag.py:588} INFO - Filling up the DagBag from /home/Ashreem/airflow-env/lib/python3.12/site-packages/airflow/example_dags/example_branch_datetime_operator.py
[2025-03-07T02:59:32.888+0000] {processor.py:925} INFO - DAG(s) 'example_branch_datetime_operator_2', 'example_branch_datetime_operator_3', 'example_branch_datetime_operator' retrieved from /home/Ashreem/airflow-env/lib/python3.12/site-packages/airflow/example_dags/example_branch_datetime_operator.py
[2025-03-07T02:59:32.915+0000] {logging_mixin.py:190} INFO - [2025-03-07T02:59:32.915+0000] {dag.py:3239} INFO - Sync 3 DAGs
[2025-03-07T02:59:32.954+0000] {logging_mixin.py:190} INFO - [2025-03-07T02:59:32.953+0000] {dag.py:4180} INFO - Setting next_dagrun for example_branch_datetime_operator to 2025-03-06 00:00:00+00:00, run_after=2025-03-07 00:00:00+00:00
[2025-03-07T02:59:32.960+0000] {logging_mixin.py:190} INFO - [2025-03-07T02:59:32.960+0000] {dag.py:4180} INFO - Setting next_dagrun for example_branch_datetime_operator_2 to 2025-03-06 00:00:00+00:00, run_after=2025-03-07 00:00:00+00:00
[2025-03-07T02:59:32.963+0000] {logging_mixin.py:190} INFO - [2025-03-07T02:59:32.963+0000] {dag.py:4180} INFO - Setting next_dagrun for example_branch_datetime_operator_3 to 2025-03-06 00:00:00+00:00, run_after=2025-03-07 00:00:00+00:00
[2025-03-07T02:59:32.999+0000] {processor.py:208} INFO - Processing /home/Ashreem/airflow-env/lib/python3.12/site-packages/airflow/example_dags/example_branch_datetime_operator.py took 0.142 seconds
[2025-03-07T03:00:41.175+0000] {processor.py:186} INFO - Started process (PID=48322) to work on /home/Ashreem/airflow-env/lib/python3.12/site-packages/airflow/example_dags/example_branch_datetime_operator.py
[2025-03-07T03:00:41.177+0000] {processor.py:914} INFO - Processing file /home/Ashreem/airflow-env/lib/python3.12/site-packages/airflow/example_dags/example_branch_datetime_operator.py for tasks to queue
[2025-03-07T03:00:41.180+0000] {logging_mixin.py:190} INFO - [2025-03-07T03:00:41.179+0000] {dagbag.py:588} INFO - Filling up the DagBag from /home/Ashreem/airflow-env/lib/python3.12/site-packages/airflow/example_dags/example_branch_datetime_operator.py
[2025-03-07T03:00:41.198+0000] {processor.py:925} INFO - DAG(s) 'example_branch_datetime_operator', 'example_branch_datetime_operator_3', 'example_branch_datetime_operator_2' retrieved from /home/Ashreem/airflow-env/lib/python3.12/site-packages/airflow/example_dags/example_branch_datetime_operator.py
[2025-03-07T03:00:41.232+0000] {logging_mixin.py:190} INFO - [2025-03-07T03:00:41.231+0000] {dag.py:3239} INFO - Sync 3 DAGs
[2025-03-07T03:00:41.265+0000] {logging_mixin.py:190} INFO - [2025-03-07T03:00:41.265+0000] {dag.py:4180} INFO - Setting next_dagrun for example_branch_datetime_operator to 2025-03-06 00:00:00+00:00, run_after=2025-03-07 00:00:00+00:00
[2025-03-07T03:00:41.270+0000] {logging_mixin.py:190} INFO - [2025-03-07T03:00:41.270+0000] {dag.py:4180} INFO - Setting next_dagrun for example_branch_datetime_operator_2 to 2025-03-06 00:00:00+00:00, run_after=2025-03-07 00:00:00+00:00
[2025-03-07T03:00:41.273+0000] {logging_mixin.py:190} INFO - [2025-03-07T03:00:41.273+0000] {dag.py:4180} INFO - Setting next_dagrun for example_branch_datetime_operator_3 to 2025-03-06 00:00:00+00:00, run_after=2025-03-07 00:00:00+00:00
[2025-03-07T03:00:41.316+0000] {processor.py:208} INFO - Processing /home/Ashreem/airflow-env/lib/python3.12/site-packages/airflow/example_dags/example_branch_datetime_operator.py took 0.150 seconds
[2025-03-07T03:01:42.671+0000] {processor.py:186} INFO - Started process (PID=48393) to work on /home/Ashreem/airflow-env/lib/python3.12/site-packages/airflow/example_dags/example_branch_datetime_operator.py
[2025-03-07T03:01:42.673+0000] {processor.py:914} INFO - Processing file /home/Ashreem/airflow-env/lib/python3.12/site-packages/airflow/example_dags/example_branch_datetime_operator.py for tasks to queue
[2025-03-07T03:01:42.676+0000] {logging_mixin.py:190} INFO - [2025-03-07T03:01:42.676+0000] {dagbag.py:588} INFO - Filling up the DagBag from /home/Ashreem/airflow-env/lib/python3.12/site-packages/airflow/example_dags/example_branch_datetime_operator.py
[2025-03-07T03:01:42.694+0000] {processor.py:925} INFO - DAG(s) 'example_branch_datetime_operator', 'example_branch_datetime_operator_2', 'example_branch_datetime_operator_3' retrieved from /home/Ashreem/airflow-env/lib/python3.12/site-packages/airflow/example_dags/example_branch_datetime_operator.py
[2025-03-07T03:01:42.725+0000] {logging_mixin.py:190} INFO - [2025-03-07T03:01:42.725+0000] {dag.py:3239} INFO - Sync 3 DAGs
[2025-03-07T03:01:42.754+0000] {logging_mixin.py:190} INFO - [2025-03-07T03:01:42.754+0000] {dag.py:4180} INFO - Setting next_dagrun for example_branch_datetime_operator to 2025-03-06 00:00:00+00:00, run_after=2025-03-07 00:00:00+00:00
[2025-03-07T03:01:42.760+0000] {logging_mixin.py:190} INFO - [2025-03-07T03:01:42.760+0000] {dag.py:4180} INFO - Setting next_dagrun for example_branch_datetime_operator_2 to 2025-03-06 00:00:00+00:00, run_after=2025-03-07 00:00:00+00:00
[2025-03-07T03:01:42.763+0000] {logging_mixin.py:190} INFO - [2025-03-07T03:01:42.762+0000] {dag.py:4180} INFO - Setting next_dagrun for example_branch_datetime_operator_3 to 2025-03-06 00:00:00+00:00, run_after=2025-03-07 00:00:00+00:00
[2025-03-07T03:01:42.802+0000] {processor.py:208} INFO - Processing /home/Ashreem/airflow-env/lib/python3.12/site-packages/airflow/example_dags/example_branch_datetime_operator.py took 0.139 seconds
[2025-03-07T03:02:45.285+0000] {processor.py:186} INFO - Started process (PID=48526) to work on /home/Ashreem/airflow-env/lib/python3.12/site-packages/airflow/example_dags/example_branch_datetime_operator.py
[2025-03-07T03:02:45.286+0000] {processor.py:914} INFO - Processing file /home/Ashreem/airflow-env/lib/python3.12/site-packages/airflow/example_dags/example_branch_datetime_operator.py for tasks to queue
[2025-03-07T03:02:45.289+0000] {logging_mixin.py:190} INFO - [2025-03-07T03:02:45.289+0000] {dagbag.py:588} INFO - Filling up the DagBag from /home/Ashreem/airflow-env/lib/python3.12/site-packages/airflow/example_dags/example_branch_datetime_operator.py
[2025-03-07T03:02:45.310+0000] {processor.py:925} INFO - DAG(s) 'example_branch_datetime_operator_2', 'example_branch_datetime_operator_3', 'example_branch_datetime_operator' retrieved from /home/Ashreem/airflow-env/lib/python3.12/site-packages/airflow/example_dags/example_branch_datetime_operator.py
[2025-03-07T03:02:45.337+0000] {logging_mixin.py:190} INFO - [2025-03-07T03:02:45.337+0000] {dag.py:3239} INFO - Sync 3 DAGs
[2025-03-07T03:02:45.368+0000] {logging_mixin.py:190} INFO - [2025-03-07T03:02:45.368+0000] {dag.py:4180} INFO - Setting next_dagrun for example_branch_datetime_operator to 2025-03-06 00:00:00+00:00, run_after=2025-03-07 00:00:00+00:00
[2025-03-07T03:02:45.373+0000] {logging_mixin.py:190} INFO - [2025-03-07T03:02:45.373+0000] {dag.py:4180} INFO - Setting next_dagrun for example_branch_datetime_operator_2 to 2025-03-06 00:00:00+00:00, run_after=2025-03-07 00:00:00+00:00
[2025-03-07T03:02:45.376+0000] {logging_mixin.py:190} INFO - [2025-03-07T03:02:45.376+0000] {dag.py:4180} INFO - Setting next_dagrun for example_branch_datetime_operator_3 to 2025-03-06 00:00:00+00:00, run_after=2025-03-07 00:00:00+00:00
[2025-03-07T03:02:45.411+0000] {processor.py:208} INFO - Processing /home/Ashreem/airflow-env/lib/python3.12/site-packages/airflow/example_dags/example_branch_datetime_operator.py took 0.136 seconds
[2025-03-07T03:04:26.279+0000] {processor.py:186} INFO - Started process (PID=48660) to work on /home/Ashreem/airflow-env/lib/python3.12/site-packages/airflow/example_dags/example_branch_datetime_operator.py
[2025-03-07T03:04:26.280+0000] {processor.py:914} INFO - Processing file /home/Ashreem/airflow-env/lib/python3.12/site-packages/airflow/example_dags/example_branch_datetime_operator.py for tasks to queue
[2025-03-07T03:04:26.283+0000] {logging_mixin.py:190} INFO - [2025-03-07T03:04:26.283+0000] {dagbag.py:588} INFO - Filling up the DagBag from /home/Ashreem/airflow-env/lib/python3.12/site-packages/airflow/example_dags/example_branch_datetime_operator.py
[2025-03-07T03:04:26.301+0000] {processor.py:925} INFO - DAG(s) 'example_branch_datetime_operator', 'example_branch_datetime_operator_3', 'example_branch_datetime_operator_2' retrieved from /home/Ashreem/airflow-env/lib/python3.12/site-packages/airflow/example_dags/example_branch_datetime_operator.py
[2025-03-07T03:04:26.330+0000] {logging_mixin.py:190} INFO - [2025-03-07T03:04:26.330+0000] {dag.py:3239} INFO - Sync 3 DAGs
[2025-03-07T03:04:26.356+0000] {logging_mixin.py:190} INFO - [2025-03-07T03:04:26.356+0000] {dag.py:4180} INFO - Setting next_dagrun for example_branch_datetime_operator to 2025-03-06 00:00:00+00:00, run_after=2025-03-07 00:00:00+00:00
[2025-03-07T03:04:26.361+0000] {logging_mixin.py:190} INFO - [2025-03-07T03:04:26.361+0000] {dag.py:4180} INFO - Setting next_dagrun for example_branch_datetime_operator_2 to 2025-03-06 00:00:00+00:00, run_after=2025-03-07 00:00:00+00:00
[2025-03-07T03:04:26.363+0000] {logging_mixin.py:190} INFO - [2025-03-07T03:04:26.363+0000] {dag.py:4180} INFO - Setting next_dagrun for example_branch_datetime_operator_3 to 2025-03-06 00:00:00+00:00, run_after=2025-03-07 00:00:00+00:00
[2025-03-07T03:04:26.398+0000] {processor.py:208} INFO - Processing /home/Ashreem/airflow-env/lib/python3.12/site-packages/airflow/example_dags/example_branch_datetime_operator.py took 0.126 seconds
[2025-03-07T03:05:29.094+0000] {processor.py:186} INFO - Started process (PID=48910) to work on /home/Ashreem/airflow-env/lib/python3.12/site-packages/airflow/example_dags/example_branch_datetime_operator.py
[2025-03-07T03:05:29.096+0000] {processor.py:914} INFO - Processing file /home/Ashreem/airflow-env/lib/python3.12/site-packages/airflow/example_dags/example_branch_datetime_operator.py for tasks to queue
[2025-03-07T03:05:29.099+0000] {logging_mixin.py:190} INFO - [2025-03-07T03:05:29.098+0000] {dagbag.py:588} INFO - Filling up the DagBag from /home/Ashreem/airflow-env/lib/python3.12/site-packages/airflow/example_dags/example_branch_datetime_operator.py
[2025-03-07T03:05:29.116+0000] {processor.py:925} INFO - DAG(s) 'example_branch_datetime_operator_3', 'example_branch_datetime_operator', 'example_branch_datetime_operator_2' retrieved from /home/Ashreem/airflow-env/lib/python3.12/site-packages/airflow/example_dags/example_branch_datetime_operator.py
[2025-03-07T03:05:29.144+0000] {logging_mixin.py:190} INFO - [2025-03-07T03:05:29.144+0000] {dag.py:3239} INFO - Sync 3 DAGs
[2025-03-07T03:05:29.174+0000] {logging_mixin.py:190} INFO - [2025-03-07T03:05:29.173+0000] {dag.py:4180} INFO - Setting next_dagrun for example_branch_datetime_operator to 2025-03-06 00:00:00+00:00, run_after=2025-03-07 00:00:00+00:00
[2025-03-07T03:05:29.179+0000] {logging_mixin.py:190} INFO - [2025-03-07T03:05:29.179+0000] {dag.py:4180} INFO - Setting next_dagrun for example_branch_datetime_operator_2 to 2025-03-06 00:00:00+00:00, run_after=2025-03-07 00:00:00+00:00
[2025-03-07T03:05:29.183+0000] {logging_mixin.py:190} INFO - [2025-03-07T03:05:29.183+0000] {dag.py:4180} INFO - Setting next_dagrun for example_branch_datetime_operator_3 to 2025-03-06 00:00:00+00:00, run_after=2025-03-07 00:00:00+00:00
[2025-03-07T03:05:29.219+0000] {processor.py:208} INFO - Processing /home/Ashreem/airflow-env/lib/python3.12/site-packages/airflow/example_dags/example_branch_datetime_operator.py took 0.133 seconds
[2025-03-07T03:06:35.428+0000] {processor.py:186} INFO - Started process (PID=48978) to work on /home/Ashreem/airflow-env/lib/python3.12/site-packages/airflow/example_dags/example_branch_datetime_operator.py
[2025-03-07T03:06:35.429+0000] {processor.py:914} INFO - Processing file /home/Ashreem/airflow-env/lib/python3.12/site-packages/airflow/example_dags/example_branch_datetime_operator.py for tasks to queue
[2025-03-07T03:06:35.432+0000] {logging_mixin.py:190} INFO - [2025-03-07T03:06:35.432+0000] {dagbag.py:588} INFO - Filling up the DagBag from /home/Ashreem/airflow-env/lib/python3.12/site-packages/airflow/example_dags/example_branch_datetime_operator.py
[2025-03-07T03:06:35.448+0000] {processor.py:925} INFO - DAG(s) 'example_branch_datetime_operator_2', 'example_branch_datetime_operator_3', 'example_branch_datetime_operator' retrieved from /home/Ashreem/airflow-env/lib/python3.12/site-packages/airflow/example_dags/example_branch_datetime_operator.py
[2025-03-07T03:06:35.476+0000] {logging_mixin.py:190} INFO - [2025-03-07T03:06:35.476+0000] {dag.py:3239} INFO - Sync 3 DAGs
[2025-03-07T03:06:35.507+0000] {logging_mixin.py:190} INFO - [2025-03-07T03:06:35.507+0000] {dag.py:4180} INFO - Setting next_dagrun for example_branch_datetime_operator to 2025-03-06 00:00:00+00:00, run_after=2025-03-07 00:00:00+00:00
[2025-03-07T03:06:35.513+0000] {logging_mixin.py:190} INFO - [2025-03-07T03:06:35.512+0000] {dag.py:4180} INFO - Setting next_dagrun for example_branch_datetime_operator_2 to 2025-03-06 00:00:00+00:00, run_after=2025-03-07 00:00:00+00:00
[2025-03-07T03:06:35.515+0000] {logging_mixin.py:190} INFO - [2025-03-07T03:06:35.515+0000] {dag.py:4180} INFO - Setting next_dagrun for example_branch_datetime_operator_3 to 2025-03-06 00:00:00+00:00, run_after=2025-03-07 00:00:00+00:00
[2025-03-07T03:06:35.548+0000] {processor.py:208} INFO - Processing /home/Ashreem/airflow-env/lib/python3.12/site-packages/airflow/example_dags/example_branch_datetime_operator.py took 0.128 seconds
[2025-03-07T03:08:42.093+0000] {processor.py:186} INFO - Started process (PID=49132) to work on /home/Ashreem/airflow-env/lib/python3.12/site-packages/airflow/example_dags/example_branch_datetime_operator.py
[2025-03-07T03:08:42.095+0000] {processor.py:914} INFO - Processing file /home/Ashreem/airflow-env/lib/python3.12/site-packages/airflow/example_dags/example_branch_datetime_operator.py for tasks to queue
[2025-03-07T03:08:42.098+0000] {logging_mixin.py:190} INFO - [2025-03-07T03:08:42.097+0000] {dagbag.py:588} INFO - Filling up the DagBag from /home/Ashreem/airflow-env/lib/python3.12/site-packages/airflow/example_dags/example_branch_datetime_operator.py
[2025-03-07T03:08:42.118+0000] {processor.py:925} INFO - DAG(s) 'example_branch_datetime_operator', 'example_branch_datetime_operator_3', 'example_branch_datetime_operator_2' retrieved from /home/Ashreem/airflow-env/lib/python3.12/site-packages/airflow/example_dags/example_branch_datetime_operator.py
[2025-03-07T03:08:42.144+0000] {logging_mixin.py:190} INFO - [2025-03-07T03:08:42.144+0000] {dag.py:3239} INFO - Sync 3 DAGs
[2025-03-07T03:08:42.174+0000] {logging_mixin.py:190} INFO - [2025-03-07T03:08:42.174+0000] {dag.py:4180} INFO - Setting next_dagrun for example_branch_datetime_operator to 2025-03-06 00:00:00+00:00, run_after=2025-03-07 00:00:00+00:00
[2025-03-07T03:08:42.180+0000] {logging_mixin.py:190} INFO - [2025-03-07T03:08:42.180+0000] {dag.py:4180} INFO - Setting next_dagrun for example_branch_datetime_operator_2 to 2025-03-06 00:00:00+00:00, run_after=2025-03-07 00:00:00+00:00
[2025-03-07T03:08:42.183+0000] {logging_mixin.py:190} INFO - [2025-03-07T03:08:42.183+0000] {dag.py:4180} INFO - Setting next_dagrun for example_branch_datetime_operator_3 to 2025-03-06 00:00:00+00:00, run_after=2025-03-07 00:00:00+00:00
[2025-03-07T03:08:42.224+0000] {processor.py:208} INFO - Processing /home/Ashreem/airflow-env/lib/python3.12/site-packages/airflow/example_dags/example_branch_datetime_operator.py took 0.138 seconds
[2025-03-07T03:09:44.855+0000] {processor.py:186} INFO - Started process (PID=49196) to work on /home/Ashreem/airflow-env/lib/python3.12/site-packages/airflow/example_dags/example_branch_datetime_operator.py
[2025-03-07T03:09:44.857+0000] {processor.py:914} INFO - Processing file /home/Ashreem/airflow-env/lib/python3.12/site-packages/airflow/example_dags/example_branch_datetime_operator.py for tasks to queue
[2025-03-07T03:09:44.860+0000] {logging_mixin.py:190} INFO - [2025-03-07T03:09:44.860+0000] {dagbag.py:588} INFO - Filling up the DagBag from /home/Ashreem/airflow-env/lib/python3.12/site-packages/airflow/example_dags/example_branch_datetime_operator.py
[2025-03-07T03:09:44.879+0000] {processor.py:925} INFO - DAG(s) 'example_branch_datetime_operator', 'example_branch_datetime_operator_3', 'example_branch_datetime_operator_2' retrieved from /home/Ashreem/airflow-env/lib/python3.12/site-packages/airflow/example_dags/example_branch_datetime_operator.py
[2025-03-07T03:09:44.907+0000] {logging_mixin.py:190} INFO - [2025-03-07T03:09:44.907+0000] {dag.py:3239} INFO - Sync 3 DAGs
[2025-03-07T03:09:44.934+0000] {logging_mixin.py:190} INFO - [2025-03-07T03:09:44.934+0000] {dag.py:4180} INFO - Setting next_dagrun for example_branch_datetime_operator to 2025-03-06 00:00:00+00:00, run_after=2025-03-07 00:00:00+00:00
[2025-03-07T03:09:44.940+0000] {logging_mixin.py:190} INFO - [2025-03-07T03:09:44.939+0000] {dag.py:4180} INFO - Setting next_dagrun for example_branch_datetime_operator_2 to 2025-03-06 00:00:00+00:00, run_after=2025-03-07 00:00:00+00:00
[2025-03-07T03:09:44.942+0000] {logging_mixin.py:190} INFO - [2025-03-07T03:09:44.942+0000] {dag.py:4180} INFO - Setting next_dagrun for example_branch_datetime_operator_3 to 2025-03-06 00:00:00+00:00, run_after=2025-03-07 00:00:00+00:00
[2025-03-07T03:09:44.973+0000] {processor.py:208} INFO - Processing /home/Ashreem/airflow-env/lib/python3.12/site-packages/airflow/example_dags/example_branch_datetime_operator.py took 0.125 seconds
