[2025-03-07T02:30:36.349+0000] {processor.py:186} INFO - Started process (PID=45988) to work on /home/Ashreem/airflow-env/lib/python3.12/site-packages/airflow/example_dags/example_sensors.py
[2025-03-07T02:30:36.350+0000] {processor.py:914} INFO - Processing file /home/Ashreem/airflow-env/lib/python3.12/site-packages/airflow/example_dags/example_sensors.py for tasks to queue
[2025-03-07T02:30:36.353+0000] {logging_mixin.py:190} INFO - [2025-03-07T02:30:36.352+0000] {dagbag.py:588} INFO - Filling up the DagBag from /home/Ashreem/airflow-env/lib/python3.12/site-packages/airflow/example_dags/example_sensors.py
[2025-03-07T02:30:36.367+0000] {processor.py:925} INFO - DAG(s) 'example_sensors' retrieved from /home/Ashreem/airflow-env/lib/python3.12/site-packages/airflow/example_dags/example_sensors.py
[2025-03-07T02:30:36.536+0000] {logging_mixin.py:190} INFO - [2025-03-07T02:30:36.535+0000] {override.py:1930} INFO - Created Permission View: can read on DAG:example_sensors
[2025-03-07T02:30:36.558+0000] {logging_mixin.py:190} INFO - [2025-03-07T02:30:36.557+0000] {override.py:1930} INFO - Created Permission View: can delete on DAG:example_sensors
[2025-03-07T02:30:36.584+0000] {logging_mixin.py:190} INFO - [2025-03-07T02:30:36.583+0000] {override.py:1930} INFO - Created Permission View: can edit on DAG:example_sensors
[2025-03-07T02:30:36.624+0000] {logging_mixin.py:190} INFO - [2025-03-07T02:30:36.624+0000] {override.py:1930} INFO - Created Permission View: can read on DAG Run:example_sensors
[2025-03-07T02:30:36.647+0000] {logging_mixin.py:190} INFO - [2025-03-07T02:30:36.647+0000] {override.py:1930} INFO - Created Permission View: can delete on DAG Run:example_sensors
[2025-03-07T02:30:36.669+0000] {logging_mixin.py:190} INFO - [2025-03-07T02:30:36.668+0000] {override.py:1930} INFO - Created Permission View: menu access on DAG Run:example_sensors
[2025-03-07T02:30:36.691+0000] {logging_mixin.py:190} INFO - [2025-03-07T02:30:36.690+0000] {override.py:1930} INFO - Created Permission View: can create on DAG Run:example_sensors
[2025-03-07T02:30:36.691+0000] {logging_mixin.py:190} INFO - [2025-03-07T02:30:36.691+0000] {dag.py:3239} INFO - Sync 1 DAGs
[2025-03-07T02:30:36.707+0000] {logging_mixin.py:190} INFO - [2025-03-07T02:30:36.707+0000] {dag.py:3262} INFO - Creating ORM DAG for example_sensors
[2025-03-07T02:30:36.708+0000] {logging_mixin.py:190} INFO - [2025-03-07T02:30:36.708+0000] {dag.py:4180} INFO - Setting next_dagrun for example_sensors to None, run_after=None
[2025-03-07T02:30:36.747+0000] {processor.py:208} INFO - Processing /home/Ashreem/airflow-env/lib/python3.12/site-packages/airflow/example_dags/example_sensors.py took 0.409 seconds
[2025-03-07T02:33:15.482+0000] {processor.py:186} INFO - Started process (PID=46092) to work on /home/Ashreem/airflow-env/lib/python3.12/site-packages/airflow/example_dags/example_sensors.py
[2025-03-07T02:33:15.484+0000] {processor.py:914} INFO - Processing file /home/Ashreem/airflow-env/lib/python3.12/site-packages/airflow/example_dags/example_sensors.py for tasks to queue
[2025-03-07T02:33:15.486+0000] {logging_mixin.py:190} INFO - [2025-03-07T02:33:15.486+0000] {dagbag.py:588} INFO - Filling up the DagBag from /home/Ashreem/airflow-env/lib/python3.12/site-packages/airflow/example_dags/example_sensors.py
[2025-03-07T02:33:15.501+0000] {processor.py:925} INFO - DAG(s) 'example_sensors' retrieved from /home/Ashreem/airflow-env/lib/python3.12/site-packages/airflow/example_dags/example_sensors.py
[2025-03-07T02:33:15.532+0000] {logging_mixin.py:190} INFO - [2025-03-07T02:33:15.531+0000] {dag.py:3239} INFO - Sync 1 DAGs
[2025-03-07T02:33:15.550+0000] {logging_mixin.py:190} INFO - [2025-03-07T02:33:15.550+0000] {dag.py:4180} INFO - Setting next_dagrun for example_sensors to None, run_after=None
[2025-03-07T02:33:15.588+0000] {processor.py:208} INFO - Processing /home/Ashreem/airflow-env/lib/python3.12/site-packages/airflow/example_dags/example_sensors.py took 0.115 seconds
[2025-03-07T02:34:19.108+0000] {processor.py:186} INFO - Started process (PID=46424) to work on /home/Ashreem/airflow-env/lib/python3.12/site-packages/airflow/example_dags/example_sensors.py
[2025-03-07T02:34:19.109+0000] {processor.py:914} INFO - Processing file /home/Ashreem/airflow-env/lib/python3.12/site-packages/airflow/example_dags/example_sensors.py for tasks to queue
[2025-03-07T02:34:19.112+0000] {logging_mixin.py:190} INFO - [2025-03-07T02:34:19.112+0000] {dagbag.py:588} INFO - Filling up the DagBag from /home/Ashreem/airflow-env/lib/python3.12/site-packages/airflow/example_dags/example_sensors.py
[2025-03-07T02:34:19.127+0000] {processor.py:925} INFO - DAG(s) 'example_sensors' retrieved from /home/Ashreem/airflow-env/lib/python3.12/site-packages/airflow/example_dags/example_sensors.py
[2025-03-07T02:34:19.156+0000] {logging_mixin.py:190} INFO - [2025-03-07T02:34:19.156+0000] {dag.py:3239} INFO - Sync 1 DAGs
[2025-03-07T02:34:19.176+0000] {logging_mixin.py:190} INFO - [2025-03-07T02:34:19.176+0000] {dag.py:4180} INFO - Setting next_dagrun for example_sensors to None, run_after=None
[2025-03-07T02:34:19.217+0000] {processor.py:208} INFO - Processing /home/Ashreem/airflow-env/lib/python3.12/site-packages/airflow/example_dags/example_sensors.py took 0.118 seconds
[2025-03-07T02:35:25.872+0000] {processor.py:186} INFO - Started process (PID=46490) to work on /home/Ashreem/airflow-env/lib/python3.12/site-packages/airflow/example_dags/example_sensors.py
[2025-03-07T02:35:25.873+0000] {processor.py:914} INFO - Processing file /home/Ashreem/airflow-env/lib/python3.12/site-packages/airflow/example_dags/example_sensors.py for tasks to queue
[2025-03-07T02:35:25.878+0000] {logging_mixin.py:190} INFO - [2025-03-07T02:35:25.877+0000] {dagbag.py:588} INFO - Filling up the DagBag from /home/Ashreem/airflow-env/lib/python3.12/site-packages/airflow/example_dags/example_sensors.py
[2025-03-07T02:35:25.896+0000] {processor.py:925} INFO - DAG(s) 'example_sensors' retrieved from /home/Ashreem/airflow-env/lib/python3.12/site-packages/airflow/example_dags/example_sensors.py
[2025-03-07T02:35:25.922+0000] {logging_mixin.py:190} INFO - [2025-03-07T02:35:25.922+0000] {dag.py:3239} INFO - Sync 1 DAGs
[2025-03-07T02:35:25.938+0000] {logging_mixin.py:190} INFO - [2025-03-07T02:35:25.938+0000] {dag.py:4180} INFO - Setting next_dagrun for example_sensors to None, run_after=None
[2025-03-07T02:35:25.977+0000] {processor.py:208} INFO - Processing /home/Ashreem/airflow-env/lib/python3.12/site-packages/airflow/example_dags/example_sensors.py took 0.113 seconds
[2025-03-07T02:36:33.820+0000] {processor.py:186} INFO - Started process (PID=46559) to work on /home/Ashreem/airflow-env/lib/python3.12/site-packages/airflow/example_dags/example_sensors.py
[2025-03-07T02:36:33.821+0000] {processor.py:914} INFO - Processing file /home/Ashreem/airflow-env/lib/python3.12/site-packages/airflow/example_dags/example_sensors.py for tasks to queue
[2025-03-07T02:36:33.824+0000] {logging_mixin.py:190} INFO - [2025-03-07T02:36:33.824+0000] {dagbag.py:588} INFO - Filling up the DagBag from /home/Ashreem/airflow-env/lib/python3.12/site-packages/airflow/example_dags/example_sensors.py
[2025-03-07T02:36:33.839+0000] {processor.py:925} INFO - DAG(s) 'example_sensors' retrieved from /home/Ashreem/airflow-env/lib/python3.12/site-packages/airflow/example_dags/example_sensors.py
[2025-03-07T02:36:33.866+0000] {logging_mixin.py:190} INFO - [2025-03-07T02:36:33.866+0000] {dag.py:3239} INFO - Sync 1 DAGs
[2025-03-07T02:36:33.883+0000] {logging_mixin.py:190} INFO - [2025-03-07T02:36:33.883+0000] {dag.py:4180} INFO - Setting next_dagrun for example_sensors to None, run_after=None
[2025-03-07T02:36:33.921+0000] {processor.py:208} INFO - Processing /home/Ashreem/airflow-env/lib/python3.12/site-packages/airflow/example_dags/example_sensors.py took 0.108 seconds
[2025-03-07T02:37:37.482+0000] {processor.py:186} INFO - Started process (PID=46623) to work on /home/Ashreem/airflow-env/lib/python3.12/site-packages/airflow/example_dags/example_sensors.py
[2025-03-07T02:37:37.484+0000] {processor.py:914} INFO - Processing file /home/Ashreem/airflow-env/lib/python3.12/site-packages/airflow/example_dags/example_sensors.py for tasks to queue
[2025-03-07T02:37:37.486+0000] {logging_mixin.py:190} INFO - [2025-03-07T02:37:37.486+0000] {dagbag.py:588} INFO - Filling up the DagBag from /home/Ashreem/airflow-env/lib/python3.12/site-packages/airflow/example_dags/example_sensors.py
[2025-03-07T02:37:37.501+0000] {processor.py:925} INFO - DAG(s) 'example_sensors' retrieved from /home/Ashreem/airflow-env/lib/python3.12/site-packages/airflow/example_dags/example_sensors.py
[2025-03-07T02:37:37.529+0000] {logging_mixin.py:190} INFO - [2025-03-07T02:37:37.529+0000] {dag.py:3239} INFO - Sync 1 DAGs
[2025-03-07T02:37:37.550+0000] {logging_mixin.py:190} INFO - [2025-03-07T02:37:37.550+0000] {dag.py:4180} INFO - Setting next_dagrun for example_sensors to None, run_after=None
[2025-03-07T02:37:37.590+0000] {processor.py:208} INFO - Processing /home/Ashreem/airflow-env/lib/python3.12/site-packages/airflow/example_dags/example_sensors.py took 0.115 seconds
[2025-03-07T02:38:39.846+0000] {processor.py:186} INFO - Started process (PID=46692) to work on /home/Ashreem/airflow-env/lib/python3.12/site-packages/airflow/example_dags/example_sensors.py
[2025-03-07T02:38:39.848+0000] {processor.py:914} INFO - Processing file /home/Ashreem/airflow-env/lib/python3.12/site-packages/airflow/example_dags/example_sensors.py for tasks to queue
[2025-03-07T02:38:39.851+0000] {logging_mixin.py:190} INFO - [2025-03-07T02:38:39.850+0000] {dagbag.py:588} INFO - Filling up the DagBag from /home/Ashreem/airflow-env/lib/python3.12/site-packages/airflow/example_dags/example_sensors.py
[2025-03-07T02:38:39.869+0000] {processor.py:925} INFO - DAG(s) 'example_sensors' retrieved from /home/Ashreem/airflow-env/lib/python3.12/site-packages/airflow/example_dags/example_sensors.py
[2025-03-07T02:38:39.912+0000] {logging_mixin.py:190} INFO - [2025-03-07T02:38:39.912+0000] {dag.py:3239} INFO - Sync 1 DAGs
[2025-03-07T02:38:39.931+0000] {logging_mixin.py:190} INFO - [2025-03-07T02:38:39.931+0000] {dag.py:4180} INFO - Setting next_dagrun for example_sensors to None, run_after=None
[2025-03-07T02:38:39.968+0000] {processor.py:208} INFO - Processing /home/Ashreem/airflow-env/lib/python3.12/site-packages/airflow/example_dags/example_sensors.py took 0.131 seconds
[2025-03-07T02:39:43.676+0000] {processor.py:186} INFO - Started process (PID=46755) to work on /home/Ashreem/airflow-env/lib/python3.12/site-packages/airflow/example_dags/example_sensors.py
[2025-03-07T02:39:43.677+0000] {processor.py:914} INFO - Processing file /home/Ashreem/airflow-env/lib/python3.12/site-packages/airflow/example_dags/example_sensors.py for tasks to queue
[2025-03-07T02:39:43.679+0000] {logging_mixin.py:190} INFO - [2025-03-07T02:39:43.679+0000] {dagbag.py:588} INFO - Filling up the DagBag from /home/Ashreem/airflow-env/lib/python3.12/site-packages/airflow/example_dags/example_sensors.py
[2025-03-07T02:39:43.694+0000] {processor.py:925} INFO - DAG(s) 'example_sensors' retrieved from /home/Ashreem/airflow-env/lib/python3.12/site-packages/airflow/example_dags/example_sensors.py
[2025-03-07T02:39:43.727+0000] {logging_mixin.py:190} INFO - [2025-03-07T02:39:43.727+0000] {dag.py:3239} INFO - Sync 1 DAGs
[2025-03-07T02:39:43.744+0000] {logging_mixin.py:190} INFO - [2025-03-07T02:39:43.743+0000] {dag.py:4180} INFO - Setting next_dagrun for example_sensors to None, run_after=None
[2025-03-07T02:39:43.779+0000] {processor.py:208} INFO - Processing /home/Ashreem/airflow-env/lib/python3.12/site-packages/airflow/example_dags/example_sensors.py took 0.111 seconds
[2025-03-07T02:40:46.906+0000] {processor.py:186} INFO - Started process (PID=46819) to work on /home/Ashreem/airflow-env/lib/python3.12/site-packages/airflow/example_dags/example_sensors.py
[2025-03-07T02:40:46.907+0000] {processor.py:914} INFO - Processing file /home/Ashreem/airflow-env/lib/python3.12/site-packages/airflow/example_dags/example_sensors.py for tasks to queue
[2025-03-07T02:40:46.910+0000] {logging_mixin.py:190} INFO - [2025-03-07T02:40:46.910+0000] {dagbag.py:588} INFO - Filling up the DagBag from /home/Ashreem/airflow-env/lib/python3.12/site-packages/airflow/example_dags/example_sensors.py
[2025-03-07T02:40:46.927+0000] {processor.py:925} INFO - DAG(s) 'example_sensors' retrieved from /home/Ashreem/airflow-env/lib/python3.12/site-packages/airflow/example_dags/example_sensors.py
[2025-03-07T02:40:46.954+0000] {logging_mixin.py:190} INFO - [2025-03-07T02:40:46.953+0000] {dag.py:3239} INFO - Sync 1 DAGs
[2025-03-07T02:40:46.970+0000] {logging_mixin.py:190} INFO - [2025-03-07T02:40:46.970+0000] {dag.py:4180} INFO - Setting next_dagrun for example_sensors to None, run_after=None
[2025-03-07T02:40:47.006+0000] {processor.py:208} INFO - Processing /home/Ashreem/airflow-env/lib/python3.12/site-packages/airflow/example_dags/example_sensors.py took 0.110 seconds
[2025-03-07T02:41:49.497+0000] {processor.py:186} INFO - Started process (PID=46882) to work on /home/Ashreem/airflow-env/lib/python3.12/site-packages/airflow/example_dags/example_sensors.py
[2025-03-07T02:41:49.499+0000] {processor.py:914} INFO - Processing file /home/Ashreem/airflow-env/lib/python3.12/site-packages/airflow/example_dags/example_sensors.py for tasks to queue
[2025-03-07T02:41:49.502+0000] {logging_mixin.py:190} INFO - [2025-03-07T02:41:49.501+0000] {dagbag.py:588} INFO - Filling up the DagBag from /home/Ashreem/airflow-env/lib/python3.12/site-packages/airflow/example_dags/example_sensors.py
[2025-03-07T02:41:49.517+0000] {processor.py:925} INFO - DAG(s) 'example_sensors' retrieved from /home/Ashreem/airflow-env/lib/python3.12/site-packages/airflow/example_dags/example_sensors.py
[2025-03-07T02:41:49.549+0000] {logging_mixin.py:190} INFO - [2025-03-07T02:41:49.549+0000] {dag.py:3239} INFO - Sync 1 DAGs
[2025-03-07T02:41:49.565+0000] {logging_mixin.py:190} INFO - [2025-03-07T02:41:49.565+0000] {dag.py:4180} INFO - Setting next_dagrun for example_sensors to None, run_after=None
[2025-03-07T02:41:49.602+0000] {processor.py:208} INFO - Processing /home/Ashreem/airflow-env/lib/python3.12/site-packages/airflow/example_dags/example_sensors.py took 0.113 seconds
[2025-03-07T02:42:53.987+0000] {processor.py:186} INFO - Started process (PID=46949) to work on /home/Ashreem/airflow-env/lib/python3.12/site-packages/airflow/example_dags/example_sensors.py
[2025-03-07T02:42:53.989+0000] {processor.py:914} INFO - Processing file /home/Ashreem/airflow-env/lib/python3.12/site-packages/airflow/example_dags/example_sensors.py for tasks to queue
[2025-03-07T02:42:53.992+0000] {logging_mixin.py:190} INFO - [2025-03-07T02:42:53.992+0000] {dagbag.py:588} INFO - Filling up the DagBag from /home/Ashreem/airflow-env/lib/python3.12/site-packages/airflow/example_dags/example_sensors.py
[2025-03-07T02:42:54.008+0000] {processor.py:925} INFO - DAG(s) 'example_sensors' retrieved from /home/Ashreem/airflow-env/lib/python3.12/site-packages/airflow/example_dags/example_sensors.py
[2025-03-07T02:42:54.039+0000] {logging_mixin.py:190} INFO - [2025-03-07T02:42:54.039+0000] {dag.py:3239} INFO - Sync 1 DAGs
[2025-03-07T02:42:54.056+0000] {logging_mixin.py:190} INFO - [2025-03-07T02:42:54.056+0000] {dag.py:4180} INFO - Setting next_dagrun for example_sensors to None, run_after=None
[2025-03-07T02:42:54.100+0000] {processor.py:208} INFO - Processing /home/Ashreem/airflow-env/lib/python3.12/site-packages/airflow/example_dags/example_sensors.py took 0.121 seconds
[2025-03-07T02:43:58.056+0000] {processor.py:186} INFO - Started process (PID=47022) to work on /home/Ashreem/airflow-env/lib/python3.12/site-packages/airflow/example_dags/example_sensors.py
[2025-03-07T02:43:58.057+0000] {processor.py:914} INFO - Processing file /home/Ashreem/airflow-env/lib/python3.12/site-packages/airflow/example_dags/example_sensors.py for tasks to queue
[2025-03-07T02:43:58.060+0000] {logging_mixin.py:190} INFO - [2025-03-07T02:43:58.060+0000] {dagbag.py:588} INFO - Filling up the DagBag from /home/Ashreem/airflow-env/lib/python3.12/site-packages/airflow/example_dags/example_sensors.py
[2025-03-07T02:43:58.075+0000] {processor.py:925} INFO - DAG(s) 'example_sensors' retrieved from /home/Ashreem/airflow-env/lib/python3.12/site-packages/airflow/example_dags/example_sensors.py
[2025-03-07T02:43:58.103+0000] {logging_mixin.py:190} INFO - [2025-03-07T02:43:58.103+0000] {dag.py:3239} INFO - Sync 1 DAGs
[2025-03-07T02:43:58.120+0000] {logging_mixin.py:190} INFO - [2025-03-07T02:43:58.120+0000] {dag.py:4180} INFO - Setting next_dagrun for example_sensors to None, run_after=None
[2025-03-07T02:43:58.158+0000] {processor.py:208} INFO - Processing /home/Ashreem/airflow-env/lib/python3.12/site-packages/airflow/example_dags/example_sensors.py took 0.113 seconds
[2025-03-07T02:44:59.608+0000] {processor.py:186} INFO - Started process (PID=47097) to work on /home/Ashreem/airflow-env/lib/python3.12/site-packages/airflow/example_dags/example_sensors.py
[2025-03-07T02:44:59.610+0000] {processor.py:914} INFO - Processing file /home/Ashreem/airflow-env/lib/python3.12/site-packages/airflow/example_dags/example_sensors.py for tasks to queue
[2025-03-07T02:44:59.612+0000] {logging_mixin.py:190} INFO - [2025-03-07T02:44:59.612+0000] {dagbag.py:588} INFO - Filling up the DagBag from /home/Ashreem/airflow-env/lib/python3.12/site-packages/airflow/example_dags/example_sensors.py
[2025-03-07T02:44:59.627+0000] {processor.py:925} INFO - DAG(s) 'example_sensors' retrieved from /home/Ashreem/airflow-env/lib/python3.12/site-packages/airflow/example_dags/example_sensors.py
[2025-03-07T02:44:59.657+0000] {logging_mixin.py:190} INFO - [2025-03-07T02:44:59.656+0000] {dag.py:3239} INFO - Sync 1 DAGs
[2025-03-07T02:44:59.675+0000] {logging_mixin.py:190} INFO - [2025-03-07T02:44:59.675+0000] {dag.py:4180} INFO - Setting next_dagrun for example_sensors to None, run_after=None
[2025-03-07T02:44:59.725+0000] {processor.py:208} INFO - Processing /home/Ashreem/airflow-env/lib/python3.12/site-packages/airflow/example_dags/example_sensors.py took 0.125 seconds
[2025-03-07T02:46:03.629+0000] {processor.py:186} INFO - Started process (PID=47167) to work on /home/Ashreem/airflow-env/lib/python3.12/site-packages/airflow/example_dags/example_sensors.py
[2025-03-07T02:46:03.631+0000] {processor.py:914} INFO - Processing file /home/Ashreem/airflow-env/lib/python3.12/site-packages/airflow/example_dags/example_sensors.py for tasks to queue
[2025-03-07T02:46:03.633+0000] {logging_mixin.py:190} INFO - [2025-03-07T02:46:03.633+0000] {dagbag.py:588} INFO - Filling up the DagBag from /home/Ashreem/airflow-env/lib/python3.12/site-packages/airflow/example_dags/example_sensors.py
[2025-03-07T02:46:03.650+0000] {processor.py:925} INFO - DAG(s) 'example_sensors' retrieved from /home/Ashreem/airflow-env/lib/python3.12/site-packages/airflow/example_dags/example_sensors.py
[2025-03-07T02:46:03.681+0000] {logging_mixin.py:190} INFO - [2025-03-07T02:46:03.680+0000] {dag.py:3239} INFO - Sync 1 DAGs
[2025-03-07T02:46:03.697+0000] {logging_mixin.py:190} INFO - [2025-03-07T02:46:03.697+0000] {dag.py:4180} INFO - Setting next_dagrun for example_sensors to None, run_after=None
[2025-03-07T02:46:03.736+0000] {processor.py:208} INFO - Processing /home/Ashreem/airflow-env/lib/python3.12/site-packages/airflow/example_dags/example_sensors.py took 0.118 seconds
[2025-03-07T02:47:06.673+0000] {processor.py:186} INFO - Started process (PID=47229) to work on /home/Ashreem/airflow-env/lib/python3.12/site-packages/airflow/example_dags/example_sensors.py
[2025-03-07T02:47:06.675+0000] {processor.py:914} INFO - Processing file /home/Ashreem/airflow-env/lib/python3.12/site-packages/airflow/example_dags/example_sensors.py for tasks to queue
[2025-03-07T02:47:06.678+0000] {logging_mixin.py:190} INFO - [2025-03-07T02:47:06.677+0000] {dagbag.py:588} INFO - Filling up the DagBag from /home/Ashreem/airflow-env/lib/python3.12/site-packages/airflow/example_dags/example_sensors.py
[2025-03-07T02:47:06.693+0000] {processor.py:925} INFO - DAG(s) 'example_sensors' retrieved from /home/Ashreem/airflow-env/lib/python3.12/site-packages/airflow/example_dags/example_sensors.py
[2025-03-07T02:47:06.726+0000] {logging_mixin.py:190} INFO - [2025-03-07T02:47:06.726+0000] {dag.py:3239} INFO - Sync 1 DAGs
[2025-03-07T02:47:06.743+0000] {logging_mixin.py:190} INFO - [2025-03-07T02:47:06.743+0000] {dag.py:4180} INFO - Setting next_dagrun for example_sensors to None, run_after=None
[2025-03-07T02:47:06.777+0000] {processor.py:208} INFO - Processing /home/Ashreem/airflow-env/lib/python3.12/site-packages/airflow/example_dags/example_sensors.py took 0.111 seconds
[2025-03-07T02:48:13.260+0000] {processor.py:186} INFO - Started process (PID=47293) to work on /home/Ashreem/airflow-env/lib/python3.12/site-packages/airflow/example_dags/example_sensors.py
[2025-03-07T02:48:13.261+0000] {processor.py:914} INFO - Processing file /home/Ashreem/airflow-env/lib/python3.12/site-packages/airflow/example_dags/example_sensors.py for tasks to queue
[2025-03-07T02:48:13.266+0000] {logging_mixin.py:190} INFO - [2025-03-07T02:48:13.266+0000] {dagbag.py:588} INFO - Filling up the DagBag from /home/Ashreem/airflow-env/lib/python3.12/site-packages/airflow/example_dags/example_sensors.py
[2025-03-07T02:48:13.282+0000] {processor.py:925} INFO - DAG(s) 'example_sensors' retrieved from /home/Ashreem/airflow-env/lib/python3.12/site-packages/airflow/example_dags/example_sensors.py
[2025-03-07T02:48:13.310+0000] {logging_mixin.py:190} INFO - [2025-03-07T02:48:13.310+0000] {dag.py:3239} INFO - Sync 1 DAGs
[2025-03-07T02:48:13.326+0000] {logging_mixin.py:190} INFO - [2025-03-07T02:48:13.326+0000] {dag.py:4180} INFO - Setting next_dagrun for example_sensors to None, run_after=None
[2025-03-07T02:48:13.363+0000] {processor.py:208} INFO - Processing /home/Ashreem/airflow-env/lib/python3.12/site-packages/airflow/example_dags/example_sensors.py took 0.112 seconds
[2025-03-07T02:49:20.612+0000] {processor.py:186} INFO - Started process (PID=47373) to work on /home/Ashreem/airflow-env/lib/python3.12/site-packages/airflow/example_dags/example_sensors.py
[2025-03-07T02:49:20.614+0000] {processor.py:914} INFO - Processing file /home/Ashreem/airflow-env/lib/python3.12/site-packages/airflow/example_dags/example_sensors.py for tasks to queue
[2025-03-07T02:49:20.617+0000] {logging_mixin.py:190} INFO - [2025-03-07T02:49:20.616+0000] {dagbag.py:588} INFO - Filling up the DagBag from /home/Ashreem/airflow-env/lib/python3.12/site-packages/airflow/example_dags/example_sensors.py
[2025-03-07T02:49:20.634+0000] {processor.py:925} INFO - DAG(s) 'example_sensors' retrieved from /home/Ashreem/airflow-env/lib/python3.12/site-packages/airflow/example_dags/example_sensors.py
[2025-03-07T02:49:20.663+0000] {logging_mixin.py:190} INFO - [2025-03-07T02:49:20.662+0000] {dag.py:3239} INFO - Sync 1 DAGs
[2025-03-07T02:49:20.679+0000] {logging_mixin.py:190} INFO - [2025-03-07T02:49:20.679+0000] {dag.py:4180} INFO - Setting next_dagrun for example_sensors to None, run_after=None
[2025-03-07T02:49:20.723+0000] {processor.py:208} INFO - Processing /home/Ashreem/airflow-env/lib/python3.12/site-packages/airflow/example_dags/example_sensors.py took 0.120 seconds
[2025-03-07T02:50:28.319+0000] {processor.py:186} INFO - Started process (PID=47449) to work on /home/Ashreem/airflow-env/lib/python3.12/site-packages/airflow/example_dags/example_sensors.py
[2025-03-07T02:50:28.320+0000] {processor.py:914} INFO - Processing file /home/Ashreem/airflow-env/lib/python3.12/site-packages/airflow/example_dags/example_sensors.py for tasks to queue
[2025-03-07T02:50:28.322+0000] {logging_mixin.py:190} INFO - [2025-03-07T02:50:28.322+0000] {dagbag.py:588} INFO - Filling up the DagBag from /home/Ashreem/airflow-env/lib/python3.12/site-packages/airflow/example_dags/example_sensors.py
[2025-03-07T02:50:28.337+0000] {processor.py:925} INFO - DAG(s) 'example_sensors' retrieved from /home/Ashreem/airflow-env/lib/python3.12/site-packages/airflow/example_dags/example_sensors.py
[2025-03-07T02:50:28.370+0000] {logging_mixin.py:190} INFO - [2025-03-07T02:50:28.370+0000] {dag.py:3239} INFO - Sync 1 DAGs
[2025-03-07T02:50:28.386+0000] {logging_mixin.py:190} INFO - [2025-03-07T02:50:28.386+0000] {dag.py:4180} INFO - Setting next_dagrun for example_sensors to None, run_after=None
[2025-03-07T02:50:28.444+0000] {processor.py:208} INFO - Processing /home/Ashreem/airflow-env/lib/python3.12/site-packages/airflow/example_dags/example_sensors.py took 0.134 seconds
[2025-03-07T02:51:28.326+0000] {processor.py:186} INFO - Started process (PID=47509) to work on /home/Ashreem/airflow-env/lib/python3.12/site-packages/airflow/example_dags/example_sensors.py
[2025-03-07T02:51:28.328+0000] {processor.py:914} INFO - Processing file /home/Ashreem/airflow-env/lib/python3.12/site-packages/airflow/example_dags/example_sensors.py for tasks to queue
[2025-03-07T02:51:28.331+0000] {logging_mixin.py:190} INFO - [2025-03-07T02:51:28.330+0000] {dagbag.py:588} INFO - Filling up the DagBag from /home/Ashreem/airflow-env/lib/python3.12/site-packages/airflow/example_dags/example_sensors.py
[2025-03-07T02:51:28.347+0000] {processor.py:925} INFO - DAG(s) 'example_sensors' retrieved from /home/Ashreem/airflow-env/lib/python3.12/site-packages/airflow/example_dags/example_sensors.py
[2025-03-07T02:51:28.378+0000] {logging_mixin.py:190} INFO - [2025-03-07T02:51:28.377+0000] {dag.py:3239} INFO - Sync 1 DAGs
[2025-03-07T02:51:28.394+0000] {logging_mixin.py:190} INFO - [2025-03-07T02:51:28.393+0000] {dag.py:4180} INFO - Setting next_dagrun for example_sensors to None, run_after=None
[2025-03-07T02:51:28.430+0000] {processor.py:208} INFO - Processing /home/Ashreem/airflow-env/lib/python3.12/site-packages/airflow/example_dags/example_sensors.py took 0.112 seconds
[2025-03-07T02:52:34.677+0000] {processor.py:186} INFO - Started process (PID=47576) to work on /home/Ashreem/airflow-env/lib/python3.12/site-packages/airflow/example_dags/example_sensors.py
[2025-03-07T02:52:34.678+0000] {processor.py:914} INFO - Processing file /home/Ashreem/airflow-env/lib/python3.12/site-packages/airflow/example_dags/example_sensors.py for tasks to queue
[2025-03-07T02:52:34.682+0000] {logging_mixin.py:190} INFO - [2025-03-07T02:52:34.682+0000] {dagbag.py:588} INFO - Filling up the DagBag from /home/Ashreem/airflow-env/lib/python3.12/site-packages/airflow/example_dags/example_sensors.py
[2025-03-07T02:52:34.699+0000] {processor.py:925} INFO - DAG(s) 'example_sensors' retrieved from /home/Ashreem/airflow-env/lib/python3.12/site-packages/airflow/example_dags/example_sensors.py
[2025-03-07T02:52:34.730+0000] {logging_mixin.py:190} INFO - [2025-03-07T02:52:34.730+0000] {dag.py:3239} INFO - Sync 1 DAGs
[2025-03-07T02:52:34.746+0000] {logging_mixin.py:190} INFO - [2025-03-07T02:52:34.746+0000] {dag.py:4180} INFO - Setting next_dagrun for example_sensors to None, run_after=None
[2025-03-07T02:52:34.787+0000] {processor.py:208} INFO - Processing /home/Ashreem/airflow-env/lib/python3.12/site-packages/airflow/example_dags/example_sensors.py took 0.120 seconds
[2025-03-07T02:53:37.090+0000] {processor.py:186} INFO - Started process (PID=47640) to work on /home/Ashreem/airflow-env/lib/python3.12/site-packages/airflow/example_dags/example_sensors.py
[2025-03-07T02:53:37.092+0000] {processor.py:914} INFO - Processing file /home/Ashreem/airflow-env/lib/python3.12/site-packages/airflow/example_dags/example_sensors.py for tasks to queue
[2025-03-07T02:53:37.094+0000] {logging_mixin.py:190} INFO - [2025-03-07T02:53:37.094+0000] {dagbag.py:588} INFO - Filling up the DagBag from /home/Ashreem/airflow-env/lib/python3.12/site-packages/airflow/example_dags/example_sensors.py
[2025-03-07T02:53:37.109+0000] {processor.py:925} INFO - DAG(s) 'example_sensors' retrieved from /home/Ashreem/airflow-env/lib/python3.12/site-packages/airflow/example_dags/example_sensors.py
[2025-03-07T02:53:37.136+0000] {logging_mixin.py:190} INFO - [2025-03-07T02:53:37.136+0000] {dag.py:3239} INFO - Sync 1 DAGs
[2025-03-07T02:53:37.153+0000] {logging_mixin.py:190} INFO - [2025-03-07T02:53:37.153+0000] {dag.py:4180} INFO - Setting next_dagrun for example_sensors to None, run_after=None
[2025-03-07T02:53:37.197+0000] {processor.py:208} INFO - Processing /home/Ashreem/airflow-env/lib/python3.12/site-packages/airflow/example_dags/example_sensors.py took 0.117 seconds
[2025-03-07T02:54:40.345+0000] {processor.py:186} INFO - Started process (PID=47705) to work on /home/Ashreem/airflow-env/lib/python3.12/site-packages/airflow/example_dags/example_sensors.py
[2025-03-07T02:54:40.347+0000] {processor.py:914} INFO - Processing file /home/Ashreem/airflow-env/lib/python3.12/site-packages/airflow/example_dags/example_sensors.py for tasks to queue
[2025-03-07T02:54:40.350+0000] {logging_mixin.py:190} INFO - [2025-03-07T02:54:40.349+0000] {dagbag.py:588} INFO - Filling up the DagBag from /home/Ashreem/airflow-env/lib/python3.12/site-packages/airflow/example_dags/example_sensors.py
[2025-03-07T02:54:40.366+0000] {processor.py:925} INFO - DAG(s) 'example_sensors' retrieved from /home/Ashreem/airflow-env/lib/python3.12/site-packages/airflow/example_dags/example_sensors.py
[2025-03-07T02:54:40.395+0000] {logging_mixin.py:190} INFO - [2025-03-07T02:54:40.394+0000] {dag.py:3239} INFO - Sync 1 DAGs
[2025-03-07T02:54:40.410+0000] {logging_mixin.py:190} INFO - [2025-03-07T02:54:40.410+0000] {dag.py:4180} INFO - Setting next_dagrun for example_sensors to None, run_after=None
[2025-03-07T02:54:40.447+0000] {processor.py:208} INFO - Processing /home/Ashreem/airflow-env/lib/python3.12/site-packages/airflow/example_dags/example_sensors.py took 0.109 seconds
[2025-03-07T02:55:40.438+0000] {processor.py:186} INFO - Started process (PID=47837) to work on /home/Ashreem/airflow-env/lib/python3.12/site-packages/airflow/example_dags/example_sensors.py
[2025-03-07T02:55:40.439+0000] {processor.py:914} INFO - Processing file /home/Ashreem/airflow-env/lib/python3.12/site-packages/airflow/example_dags/example_sensors.py for tasks to queue
[2025-03-07T02:55:40.442+0000] {logging_mixin.py:190} INFO - [2025-03-07T02:55:40.442+0000] {dagbag.py:588} INFO - Filling up the DagBag from /home/Ashreem/airflow-env/lib/python3.12/site-packages/airflow/example_dags/example_sensors.py
[2025-03-07T02:55:40.458+0000] {processor.py:925} INFO - DAG(s) 'example_sensors' retrieved from /home/Ashreem/airflow-env/lib/python3.12/site-packages/airflow/example_dags/example_sensors.py
[2025-03-07T02:55:40.488+0000] {logging_mixin.py:190} INFO - [2025-03-07T02:55:40.487+0000] {dag.py:3239} INFO - Sync 1 DAGs
[2025-03-07T02:55:40.507+0000] {logging_mixin.py:190} INFO - [2025-03-07T02:55:40.505+0000] {dag.py:4180} INFO - Setting next_dagrun for example_sensors to None, run_after=None
[2025-03-07T02:55:40.546+0000] {processor.py:208} INFO - Processing /home/Ashreem/airflow-env/lib/python3.12/site-packages/airflow/example_dags/example_sensors.py took 0.116 seconds
[2025-03-07T02:56:43.523+0000] {processor.py:186} INFO - Started process (PID=47953) to work on /home/Ashreem/airflow-env/lib/python3.12/site-packages/airflow/example_dags/example_sensors.py
[2025-03-07T02:56:43.525+0000] {processor.py:914} INFO - Processing file /home/Ashreem/airflow-env/lib/python3.12/site-packages/airflow/example_dags/example_sensors.py for tasks to queue
[2025-03-07T02:56:43.528+0000] {logging_mixin.py:190} INFO - [2025-03-07T02:56:43.527+0000] {dagbag.py:588} INFO - Filling up the DagBag from /home/Ashreem/airflow-env/lib/python3.12/site-packages/airflow/example_dags/example_sensors.py
[2025-03-07T02:56:43.544+0000] {processor.py:925} INFO - DAG(s) 'example_sensors' retrieved from /home/Ashreem/airflow-env/lib/python3.12/site-packages/airflow/example_dags/example_sensors.py
[2025-03-07T02:56:43.573+0000] {logging_mixin.py:190} INFO - [2025-03-07T02:56:43.573+0000] {dag.py:3239} INFO - Sync 1 DAGs
[2025-03-07T02:56:43.593+0000] {logging_mixin.py:190} INFO - [2025-03-07T02:56:43.593+0000] {dag.py:4180} INFO - Setting next_dagrun for example_sensors to None, run_after=None
[2025-03-07T02:56:43.633+0000] {processor.py:208} INFO - Processing /home/Ashreem/airflow-env/lib/python3.12/site-packages/airflow/example_dags/example_sensors.py took 0.116 seconds
[2025-03-07T02:56:47.628+0000] {processor.py:186} INFO - Started process (PID=47960) to work on /home/Ashreem/airflow-env/lib/python3.12/site-packages/airflow/example_dags/example_sensors.py
[2025-03-07T02:56:47.629+0000] {processor.py:914} INFO - Processing file /home/Ashreem/airflow-env/lib/python3.12/site-packages/airflow/example_dags/example_sensors.py for tasks to queue
[2025-03-07T02:56:47.632+0000] {logging_mixin.py:190} INFO - [2025-03-07T02:56:47.631+0000] {dagbag.py:588} INFO - Filling up the DagBag from /home/Ashreem/airflow-env/lib/python3.12/site-packages/airflow/example_dags/example_sensors.py
[2025-03-07T02:56:47.650+0000] {processor.py:925} INFO - DAG(s) 'example_sensors' retrieved from /home/Ashreem/airflow-env/lib/python3.12/site-packages/airflow/example_dags/example_sensors.py
[2025-03-07T02:56:47.677+0000] {logging_mixin.py:190} INFO - [2025-03-07T02:56:47.677+0000] {dag.py:3239} INFO - Sync 1 DAGs
[2025-03-07T02:56:47.693+0000] {logging_mixin.py:190} INFO - [2025-03-07T02:56:47.693+0000] {dag.py:4180} INFO - Setting next_dagrun for example_sensors to None, run_after=None
[2025-03-07T02:56:47.731+0000] {processor.py:208} INFO - Processing /home/Ashreem/airflow-env/lib/python3.12/site-packages/airflow/example_dags/example_sensors.py took 0.111 seconds
[2025-03-07T02:57:50.710+0000] {processor.py:186} INFO - Started process (PID=48057) to work on /home/Ashreem/airflow-env/lib/python3.12/site-packages/airflow/example_dags/example_sensors.py
[2025-03-07T02:57:50.712+0000] {processor.py:914} INFO - Processing file /home/Ashreem/airflow-env/lib/python3.12/site-packages/airflow/example_dags/example_sensors.py for tasks to queue
[2025-03-07T02:57:50.715+0000] {logging_mixin.py:190} INFO - [2025-03-07T02:57:50.715+0000] {dagbag.py:588} INFO - Filling up the DagBag from /home/Ashreem/airflow-env/lib/python3.12/site-packages/airflow/example_dags/example_sensors.py
[2025-03-07T02:57:50.732+0000] {processor.py:925} INFO - DAG(s) 'example_sensors' retrieved from /home/Ashreem/airflow-env/lib/python3.12/site-packages/airflow/example_dags/example_sensors.py
[2025-03-07T02:57:50.758+0000] {logging_mixin.py:190} INFO - [2025-03-07T02:57:50.758+0000] {dag.py:3239} INFO - Sync 1 DAGs
[2025-03-07T02:57:50.773+0000] {logging_mixin.py:190} INFO - [2025-03-07T02:57:50.773+0000] {dag.py:4180} INFO - Setting next_dagrun for example_sensors to None, run_after=None
[2025-03-07T02:57:50.810+0000] {processor.py:208} INFO - Processing /home/Ashreem/airflow-env/lib/python3.12/site-packages/airflow/example_dags/example_sensors.py took 0.109 seconds
[2025-03-07T02:58:55.403+0000] {processor.py:186} INFO - Started process (PID=48129) to work on /home/Ashreem/airflow-env/lib/python3.12/site-packages/airflow/example_dags/example_sensors.py
[2025-03-07T02:58:55.404+0000] {processor.py:914} INFO - Processing file /home/Ashreem/airflow-env/lib/python3.12/site-packages/airflow/example_dags/example_sensors.py for tasks to queue
[2025-03-07T02:58:55.407+0000] {logging_mixin.py:190} INFO - [2025-03-07T02:58:55.407+0000] {dagbag.py:588} INFO - Filling up the DagBag from /home/Ashreem/airflow-env/lib/python3.12/site-packages/airflow/example_dags/example_sensors.py
[2025-03-07T02:58:55.423+0000] {processor.py:925} INFO - DAG(s) 'example_sensors' retrieved from /home/Ashreem/airflow-env/lib/python3.12/site-packages/airflow/example_dags/example_sensors.py
[2025-03-07T02:58:55.452+0000] {logging_mixin.py:190} INFO - [2025-03-07T02:58:55.452+0000] {dag.py:3239} INFO - Sync 1 DAGs
[2025-03-07T02:58:55.469+0000] {logging_mixin.py:190} INFO - [2025-03-07T02:58:55.469+0000] {dag.py:4180} INFO - Setting next_dagrun for example_sensors to None, run_after=None
[2025-03-07T02:58:55.511+0000] {processor.py:208} INFO - Processing /home/Ashreem/airflow-env/lib/python3.12/site-packages/airflow/example_dags/example_sensors.py took 0.116 seconds
[2025-03-07T03:00:02.955+0000] {processor.py:186} INFO - Started process (PID=48274) to work on /home/Ashreem/airflow-env/lib/python3.12/site-packages/airflow/example_dags/example_sensors.py
[2025-03-07T03:00:02.957+0000] {processor.py:914} INFO - Processing file /home/Ashreem/airflow-env/lib/python3.12/site-packages/airflow/example_dags/example_sensors.py for tasks to queue
[2025-03-07T03:00:02.959+0000] {logging_mixin.py:190} INFO - [2025-03-07T03:00:02.959+0000] {dagbag.py:588} INFO - Filling up the DagBag from /home/Ashreem/airflow-env/lib/python3.12/site-packages/airflow/example_dags/example_sensors.py
[2025-03-07T03:00:02.975+0000] {processor.py:925} INFO - DAG(s) 'example_sensors' retrieved from /home/Ashreem/airflow-env/lib/python3.12/site-packages/airflow/example_dags/example_sensors.py
[2025-03-07T03:00:03.003+0000] {logging_mixin.py:190} INFO - [2025-03-07T03:00:03.002+0000] {dag.py:3239} INFO - Sync 1 DAGs
[2025-03-07T03:00:03.019+0000] {logging_mixin.py:190} INFO - [2025-03-07T03:00:03.019+0000] {dag.py:4180} INFO - Setting next_dagrun for example_sensors to None, run_after=None
[2025-03-07T03:00:03.063+0000] {processor.py:208} INFO - Processing /home/Ashreem/airflow-env/lib/python3.12/site-packages/airflow/example_dags/example_sensors.py took 0.116 seconds
[2025-03-07T03:01:09.936+0000] {processor.py:186} INFO - Started process (PID=48359) to work on /home/Ashreem/airflow-env/lib/python3.12/site-packages/airflow/example_dags/example_sensors.py
[2025-03-07T03:01:09.938+0000] {processor.py:914} INFO - Processing file /home/Ashreem/airflow-env/lib/python3.12/site-packages/airflow/example_dags/example_sensors.py for tasks to queue
[2025-03-07T03:01:09.941+0000] {logging_mixin.py:190} INFO - [2025-03-07T03:01:09.940+0000] {dagbag.py:588} INFO - Filling up the DagBag from /home/Ashreem/airflow-env/lib/python3.12/site-packages/airflow/example_dags/example_sensors.py
[2025-03-07T03:01:09.955+0000] {processor.py:925} INFO - DAG(s) 'example_sensors' retrieved from /home/Ashreem/airflow-env/lib/python3.12/site-packages/airflow/example_dags/example_sensors.py
[2025-03-07T03:01:10.004+0000] {logging_mixin.py:190} INFO - [2025-03-07T03:01:10.003+0000] {dag.py:3239} INFO - Sync 1 DAGs
[2025-03-07T03:01:10.019+0000] {logging_mixin.py:190} INFO - [2025-03-07T03:01:10.019+0000] {dag.py:4180} INFO - Setting next_dagrun for example_sensors to None, run_after=None
[2025-03-07T03:01:10.056+0000] {processor.py:208} INFO - Processing /home/Ashreem/airflow-env/lib/python3.12/site-packages/airflow/example_dags/example_sensors.py took 0.127 seconds
[2025-03-07T03:02:10.819+0000] {processor.py:186} INFO - Started process (PID=48423) to work on /home/Ashreem/airflow-env/lib/python3.12/site-packages/airflow/example_dags/example_sensors.py
[2025-03-07T03:02:10.821+0000] {processor.py:914} INFO - Processing file /home/Ashreem/airflow-env/lib/python3.12/site-packages/airflow/example_dags/example_sensors.py for tasks to queue
[2025-03-07T03:02:10.823+0000] {logging_mixin.py:190} INFO - [2025-03-07T03:02:10.823+0000] {dagbag.py:588} INFO - Filling up the DagBag from /home/Ashreem/airflow-env/lib/python3.12/site-packages/airflow/example_dags/example_sensors.py
[2025-03-07T03:02:10.838+0000] {processor.py:925} INFO - DAG(s) 'example_sensors' retrieved from /home/Ashreem/airflow-env/lib/python3.12/site-packages/airflow/example_dags/example_sensors.py
[2025-03-07T03:02:10.865+0000] {logging_mixin.py:190} INFO - [2025-03-07T03:02:10.865+0000] {dag.py:3239} INFO - Sync 1 DAGs
[2025-03-07T03:02:10.884+0000] {logging_mixin.py:190} INFO - [2025-03-07T03:02:10.884+0000] {dag.py:4180} INFO - Setting next_dagrun for example_sensors to None, run_after=None
[2025-03-07T03:02:10.925+0000] {processor.py:208} INFO - Processing /home/Ashreem/airflow-env/lib/python3.12/site-packages/airflow/example_dags/example_sensors.py took 0.113 seconds
[2025-03-07T03:03:11.674+0000] {processor.py:186} INFO - Started process (PID=48553) to work on /home/Ashreem/airflow-env/lib/python3.12/site-packages/airflow/example_dags/example_sensors.py
[2025-03-07T03:03:11.676+0000] {processor.py:914} INFO - Processing file /home/Ashreem/airflow-env/lib/python3.12/site-packages/airflow/example_dags/example_sensors.py for tasks to queue
[2025-03-07T03:03:11.679+0000] {logging_mixin.py:190} INFO - [2025-03-07T03:03:11.679+0000] {dagbag.py:588} INFO - Filling up the DagBag from /home/Ashreem/airflow-env/lib/python3.12/site-packages/airflow/example_dags/example_sensors.py
[2025-03-07T03:03:11.694+0000] {processor.py:925} INFO - DAG(s) 'example_sensors' retrieved from /home/Ashreem/airflow-env/lib/python3.12/site-packages/airflow/example_dags/example_sensors.py
[2025-03-07T03:03:11.726+0000] {logging_mixin.py:190} INFO - [2025-03-07T03:03:11.726+0000] {dag.py:3239} INFO - Sync 1 DAGs
[2025-03-07T03:03:11.742+0000] {logging_mixin.py:190} INFO - [2025-03-07T03:03:11.742+0000] {dag.py:4180} INFO - Setting next_dagrun for example_sensors to None, run_after=None
[2025-03-07T03:03:11.779+0000] {processor.py:208} INFO - Processing /home/Ashreem/airflow-env/lib/python3.12/site-packages/airflow/example_dags/example_sensors.py took 0.112 seconds
[2025-03-07T03:03:57.558+0000] {processor.py:186} INFO - Started process (PID=48625) to work on /home/Ashreem/airflow-env/lib/python3.12/site-packages/airflow/example_dags/example_sensors.py
[2025-03-07T03:03:57.560+0000] {processor.py:914} INFO - Processing file /home/Ashreem/airflow-env/lib/python3.12/site-packages/airflow/example_dags/example_sensors.py for tasks to queue
[2025-03-07T03:03:57.562+0000] {logging_mixin.py:190} INFO - [2025-03-07T03:03:57.562+0000] {dagbag.py:588} INFO - Filling up the DagBag from /home/Ashreem/airflow-env/lib/python3.12/site-packages/airflow/example_dags/example_sensors.py
[2025-03-07T03:03:57.580+0000] {processor.py:925} INFO - DAG(s) 'example_sensors' retrieved from /home/Ashreem/airflow-env/lib/python3.12/site-packages/airflow/example_dags/example_sensors.py
[2025-03-07T03:03:57.612+0000] {logging_mixin.py:190} INFO - [2025-03-07T03:03:57.611+0000] {dag.py:3239} INFO - Sync 1 DAGs
[2025-03-07T03:03:57.630+0000] {logging_mixin.py:190} INFO - [2025-03-07T03:03:57.629+0000] {dag.py:4180} INFO - Setting next_dagrun for example_sensors to None, run_after=None
[2025-03-07T03:03:57.667+0000] {processor.py:208} INFO - Processing /home/Ashreem/airflow-env/lib/python3.12/site-packages/airflow/example_dags/example_sensors.py took 0.116 seconds
[2025-03-07T03:04:59.196+0000] {processor.py:186} INFO - Started process (PID=48693) to work on /home/Ashreem/airflow-env/lib/python3.12/site-packages/airflow/example_dags/example_sensors.py
[2025-03-07T03:04:59.198+0000] {processor.py:914} INFO - Processing file /home/Ashreem/airflow-env/lib/python3.12/site-packages/airflow/example_dags/example_sensors.py for tasks to queue
[2025-03-07T03:04:59.201+0000] {logging_mixin.py:190} INFO - [2025-03-07T03:04:59.200+0000] {dagbag.py:588} INFO - Filling up the DagBag from /home/Ashreem/airflow-env/lib/python3.12/site-packages/airflow/example_dags/example_sensors.py
[2025-03-07T03:04:59.216+0000] {processor.py:925} INFO - DAG(s) 'example_sensors' retrieved from /home/Ashreem/airflow-env/lib/python3.12/site-packages/airflow/example_dags/example_sensors.py
[2025-03-07T03:04:59.245+0000] {logging_mixin.py:190} INFO - [2025-03-07T03:04:59.245+0000] {dag.py:3239} INFO - Sync 1 DAGs
[2025-03-07T03:04:59.261+0000] {logging_mixin.py:190} INFO - [2025-03-07T03:04:59.261+0000] {dag.py:4180} INFO - Setting next_dagrun for example_sensors to None, run_after=None
[2025-03-07T03:04:59.311+0000] {processor.py:208} INFO - Processing /home/Ashreem/airflow-env/lib/python3.12/site-packages/airflow/example_dags/example_sensors.py took 0.122 seconds
[2025-03-07T03:06:00.217+0000] {processor.py:186} INFO - Started process (PID=48944) to work on /home/Ashreem/airflow-env/lib/python3.12/site-packages/airflow/example_dags/example_sensors.py
[2025-03-07T03:06:00.219+0000] {processor.py:914} INFO - Processing file /home/Ashreem/airflow-env/lib/python3.12/site-packages/airflow/example_dags/example_sensors.py for tasks to queue
[2025-03-07T03:06:00.221+0000] {logging_mixin.py:190} INFO - [2025-03-07T03:06:00.221+0000] {dagbag.py:588} INFO - Filling up the DagBag from /home/Ashreem/airflow-env/lib/python3.12/site-packages/airflow/example_dags/example_sensors.py
[2025-03-07T03:06:00.239+0000] {processor.py:925} INFO - DAG(s) 'example_sensors' retrieved from /home/Ashreem/airflow-env/lib/python3.12/site-packages/airflow/example_dags/example_sensors.py
[2025-03-07T03:06:00.268+0000] {logging_mixin.py:190} INFO - [2025-03-07T03:06:00.268+0000] {dag.py:3239} INFO - Sync 1 DAGs
[2025-03-07T03:06:00.287+0000] {logging_mixin.py:190} INFO - [2025-03-07T03:06:00.287+0000] {dag.py:4180} INFO - Setting next_dagrun for example_sensors to None, run_after=None
[2025-03-07T03:06:00.319+0000] {processor.py:208} INFO - Processing /home/Ashreem/airflow-env/lib/python3.12/site-packages/airflow/example_dags/example_sensors.py took 0.109 seconds
[2025-03-07T03:07:06.706+0000] {processor.py:186} INFO - Started process (PID=49012) to work on /home/Ashreem/airflow-env/lib/python3.12/site-packages/airflow/example_dags/example_sensors.py
[2025-03-07T03:07:06.708+0000] {processor.py:914} INFO - Processing file /home/Ashreem/airflow-env/lib/python3.12/site-packages/airflow/example_dags/example_sensors.py for tasks to queue
[2025-03-07T03:07:06.710+0000] {logging_mixin.py:190} INFO - [2025-03-07T03:07:06.710+0000] {dagbag.py:588} INFO - Filling up the DagBag from /home/Ashreem/airflow-env/lib/python3.12/site-packages/airflow/example_dags/example_sensors.py
[2025-03-07T03:07:06.726+0000] {processor.py:925} INFO - DAG(s) 'example_sensors' retrieved from /home/Ashreem/airflow-env/lib/python3.12/site-packages/airflow/example_dags/example_sensors.py
[2025-03-07T03:07:06.755+0000] {logging_mixin.py:190} INFO - [2025-03-07T03:07:06.755+0000] {dag.py:3239} INFO - Sync 1 DAGs
[2025-03-07T03:07:06.771+0000] {logging_mixin.py:190} INFO - [2025-03-07T03:07:06.770+0000] {dag.py:4180} INFO - Setting next_dagrun for example_sensors to None, run_after=None
[2025-03-07T03:07:06.809+0000] {processor.py:208} INFO - Processing /home/Ashreem/airflow-env/lib/python3.12/site-packages/airflow/example_dags/example_sensors.py took 0.110 seconds
[2025-03-07T03:08:13.387+0000] {processor.py:186} INFO - Started process (PID=49094) to work on /home/Ashreem/airflow-env/lib/python3.12/site-packages/airflow/example_dags/example_sensors.py
[2025-03-07T03:08:13.389+0000] {processor.py:914} INFO - Processing file /home/Ashreem/airflow-env/lib/python3.12/site-packages/airflow/example_dags/example_sensors.py for tasks to queue
[2025-03-07T03:08:13.391+0000] {logging_mixin.py:190} INFO - [2025-03-07T03:08:13.391+0000] {dagbag.py:588} INFO - Filling up the DagBag from /home/Ashreem/airflow-env/lib/python3.12/site-packages/airflow/example_dags/example_sensors.py
[2025-03-07T03:08:13.408+0000] {processor.py:925} INFO - DAG(s) 'example_sensors' retrieved from /home/Ashreem/airflow-env/lib/python3.12/site-packages/airflow/example_dags/example_sensors.py
[2025-03-07T03:08:13.440+0000] {logging_mixin.py:190} INFO - [2025-03-07T03:08:13.440+0000] {dag.py:3239} INFO - Sync 1 DAGs
[2025-03-07T03:08:13.461+0000] {logging_mixin.py:190} INFO - [2025-03-07T03:08:13.461+0000] {dag.py:4180} INFO - Setting next_dagrun for example_sensors to None, run_after=None
[2025-03-07T03:08:13.499+0000] {processor.py:208} INFO - Processing /home/Ashreem/airflow-env/lib/python3.12/site-packages/airflow/example_dags/example_sensors.py took 0.119 seconds
[2025-03-07T03:09:14.979+0000] {processor.py:186} INFO - Started process (PID=49166) to work on /home/Ashreem/airflow-env/lib/python3.12/site-packages/airflow/example_dags/example_sensors.py
[2025-03-07T03:09:14.981+0000] {processor.py:914} INFO - Processing file /home/Ashreem/airflow-env/lib/python3.12/site-packages/airflow/example_dags/example_sensors.py for tasks to queue
[2025-03-07T03:09:14.984+0000] {logging_mixin.py:190} INFO - [2025-03-07T03:09:14.984+0000] {dagbag.py:588} INFO - Filling up the DagBag from /home/Ashreem/airflow-env/lib/python3.12/site-packages/airflow/example_dags/example_sensors.py
[2025-03-07T03:09:15.000+0000] {processor.py:925} INFO - DAG(s) 'example_sensors' retrieved from /home/Ashreem/airflow-env/lib/python3.12/site-packages/airflow/example_dags/example_sensors.py
[2025-03-07T03:09:15.034+0000] {logging_mixin.py:190} INFO - [2025-03-07T03:09:15.033+0000] {dag.py:3239} INFO - Sync 1 DAGs
[2025-03-07T03:09:15.053+0000] {logging_mixin.py:190} INFO - [2025-03-07T03:09:15.053+0000] {dag.py:4180} INFO - Setting next_dagrun for example_sensors to None, run_after=None
[2025-03-07T03:09:15.101+0000] {processor.py:208} INFO - Processing /home/Ashreem/airflow-env/lib/python3.12/site-packages/airflow/example_dags/example_sensors.py took 0.133 seconds
[2025-03-07T03:10:15.998+0000] {processor.py:186} INFO - Started process (PID=49229) to work on /home/Ashreem/airflow-env/lib/python3.12/site-packages/airflow/example_dags/example_sensors.py
[2025-03-07T03:10:16.001+0000] {processor.py:914} INFO - Processing file /home/Ashreem/airflow-env/lib/python3.12/site-packages/airflow/example_dags/example_sensors.py for tasks to queue
[2025-03-07T03:10:16.004+0000] {logging_mixin.py:190} INFO - [2025-03-07T03:10:16.004+0000] {dagbag.py:588} INFO - Filling up the DagBag from /home/Ashreem/airflow-env/lib/python3.12/site-packages/airflow/example_dags/example_sensors.py
[2025-03-07T03:10:16.023+0000] {processor.py:925} INFO - DAG(s) 'example_sensors' retrieved from /home/Ashreem/airflow-env/lib/python3.12/site-packages/airflow/example_dags/example_sensors.py
[2025-03-07T03:10:16.056+0000] {logging_mixin.py:190} INFO - [2025-03-07T03:10:16.056+0000] {dag.py:3239} INFO - Sync 1 DAGs
[2025-03-07T03:10:16.075+0000] {logging_mixin.py:190} INFO - [2025-03-07T03:10:16.075+0000] {dag.py:4180} INFO - Setting next_dagrun for example_sensors to None, run_after=None
[2025-03-07T03:10:16.116+0000] {processor.py:208} INFO - Processing /home/Ashreem/airflow-env/lib/python3.12/site-packages/airflow/example_dags/example_sensors.py took 0.128 seconds
