[2025-03-07T02:31:08.700+0000] {processor.py:186} INFO - Started process (PID=46012) to work on /home/Ashreem/airflow-env/lib/python3.12/site-packages/airflow/example_dags/example_dataset_alias.py
[2025-03-07T02:31:08.701+0000] {processor.py:914} INFO - Processing file /home/Ashreem/airflow-env/lib/python3.12/site-packages/airflow/example_dags/example_dataset_alias.py for tasks to queue
[2025-03-07T02:31:08.704+0000] {logging_mixin.py:190} INFO - [2025-03-07T02:31:08.703+0000] {dagbag.py:588} INFO - Filling up the DagBag from /home/Ashreem/airflow-env/lib/python3.12/site-packages/airflow/example_dags/example_dataset_alias.py
[2025-03-07T02:31:08.729+0000] {processor.py:925} INFO - DAG(s) 'dataset_s3_bucket_producer', 'dataset_alias_example_alias_producer', 'dataset_alias_example_alias_consumer', 'dataset_s3_bucket_consumer' retrieved from /home/Ashreem/airflow-env/lib/python3.12/site-packages/airflow/example_dags/example_dataset_alias.py
[2025-03-07T02:31:08.918+0000] {logging_mixin.py:190} INFO - [2025-03-07T02:31:08.917+0000] {override.py:1930} INFO - Created Permission View: can read on DAG:dataset_s3_bucket_producer
[2025-03-07T02:31:08.952+0000] {logging_mixin.py:190} INFO - [2025-03-07T02:31:08.952+0000] {override.py:1930} INFO - Created Permission View: can delete on DAG:dataset_s3_bucket_producer
[2025-03-07T02:31:08.976+0000] {logging_mixin.py:190} INFO - [2025-03-07T02:31:08.975+0000] {override.py:1930} INFO - Created Permission View: can edit on DAG:dataset_s3_bucket_producer
[2025-03-07T02:31:09.015+0000] {logging_mixin.py:190} INFO - [2025-03-07T02:31:09.015+0000] {override.py:1930} INFO - Created Permission View: can read on DAG Run:dataset_s3_bucket_producer
[2025-03-07T02:31:09.038+0000] {logging_mixin.py:190} INFO - [2025-03-07T02:31:09.038+0000] {override.py:1930} INFO - Created Permission View: can delete on DAG Run:dataset_s3_bucket_producer
[2025-03-07T02:31:09.067+0000] {logging_mixin.py:190} INFO - [2025-03-07T02:31:09.067+0000] {override.py:1930} INFO - Created Permission View: menu access on DAG Run:dataset_s3_bucket_producer
[2025-03-07T02:31:09.093+0000] {logging_mixin.py:190} INFO - [2025-03-07T02:31:09.093+0000] {override.py:1930} INFO - Created Permission View: can create on DAG Run:dataset_s3_bucket_producer
[2025-03-07T02:31:09.159+0000] {logging_mixin.py:190} INFO - [2025-03-07T02:31:09.159+0000] {override.py:1930} INFO - Created Permission View: can read on DAG:dataset_alias_example_alias_producer
[2025-03-07T02:31:09.187+0000] {logging_mixin.py:190} INFO - [2025-03-07T02:31:09.186+0000] {override.py:1930} INFO - Created Permission View: can delete on DAG:dataset_alias_example_alias_producer
[2025-03-07T02:31:09.209+0000] {logging_mixin.py:190} INFO - [2025-03-07T02:31:09.209+0000] {override.py:1930} INFO - Created Permission View: can edit on DAG:dataset_alias_example_alias_producer
[2025-03-07T02:31:09.246+0000] {logging_mixin.py:190} INFO - [2025-03-07T02:31:09.246+0000] {override.py:1930} INFO - Created Permission View: can read on DAG Run:dataset_alias_example_alias_producer
[2025-03-07T02:31:09.270+0000] {logging_mixin.py:190} INFO - [2025-03-07T02:31:09.270+0000] {override.py:1930} INFO - Created Permission View: can delete on DAG Run:dataset_alias_example_alias_producer
[2025-03-07T02:31:09.293+0000] {logging_mixin.py:190} INFO - [2025-03-07T02:31:09.292+0000] {override.py:1930} INFO - Created Permission View: menu access on DAG Run:dataset_alias_example_alias_producer
[2025-03-07T02:31:09.317+0000] {logging_mixin.py:190} INFO - [2025-03-07T02:31:09.316+0000] {override.py:1930} INFO - Created Permission View: can create on DAG Run:dataset_alias_example_alias_producer
[2025-03-07T02:31:09.365+0000] {logging_mixin.py:190} INFO - [2025-03-07T02:31:09.364+0000] {override.py:1930} INFO - Created Permission View: can read on DAG:dataset_alias_example_alias_consumer
[2025-03-07T02:31:09.386+0000] {logging_mixin.py:190} INFO - [2025-03-07T02:31:09.385+0000] {override.py:1930} INFO - Created Permission View: can delete on DAG:dataset_alias_example_alias_consumer
[2025-03-07T02:31:09.416+0000] {logging_mixin.py:190} INFO - [2025-03-07T02:31:09.415+0000] {override.py:1930} INFO - Created Permission View: can edit on DAG:dataset_alias_example_alias_consumer
[2025-03-07T02:31:09.457+0000] {logging_mixin.py:190} INFO - [2025-03-07T02:31:09.457+0000] {override.py:1930} INFO - Created Permission View: can read on DAG Run:dataset_alias_example_alias_consumer
[2025-03-07T02:31:09.483+0000] {logging_mixin.py:190} INFO - [2025-03-07T02:31:09.483+0000] {override.py:1930} INFO - Created Permission View: can delete on DAG Run:dataset_alias_example_alias_consumer
[2025-03-07T02:31:09.508+0000] {logging_mixin.py:190} INFO - [2025-03-07T02:31:09.507+0000] {override.py:1930} INFO - Created Permission View: menu access on DAG Run:dataset_alias_example_alias_consumer
[2025-03-07T02:31:09.529+0000] {logging_mixin.py:190} INFO - [2025-03-07T02:31:09.529+0000] {override.py:1930} INFO - Created Permission View: can create on DAG Run:dataset_alias_example_alias_consumer
[2025-03-07T02:31:09.580+0000] {logging_mixin.py:190} INFO - [2025-03-07T02:31:09.579+0000] {override.py:1930} INFO - Created Permission View: can read on DAG:dataset_s3_bucket_consumer
[2025-03-07T02:31:09.605+0000] {logging_mixin.py:190} INFO - [2025-03-07T02:31:09.605+0000] {override.py:1930} INFO - Created Permission View: can delete on DAG:dataset_s3_bucket_consumer
[2025-03-07T02:31:09.628+0000] {logging_mixin.py:190} INFO - [2025-03-07T02:31:09.628+0000] {override.py:1930} INFO - Created Permission View: can edit on DAG:dataset_s3_bucket_consumer
[2025-03-07T02:31:09.665+0000] {logging_mixin.py:190} INFO - [2025-03-07T02:31:09.665+0000] {override.py:1930} INFO - Created Permission View: can read on DAG Run:dataset_s3_bucket_consumer
[2025-03-07T02:31:09.691+0000] {logging_mixin.py:190} INFO - [2025-03-07T02:31:09.691+0000] {override.py:1930} INFO - Created Permission View: can delete on DAG Run:dataset_s3_bucket_consumer
[2025-03-07T02:31:09.714+0000] {logging_mixin.py:190} INFO - [2025-03-07T02:31:09.713+0000] {override.py:1930} INFO - Created Permission View: menu access on DAG Run:dataset_s3_bucket_consumer
[2025-03-07T02:31:09.739+0000] {logging_mixin.py:190} INFO - [2025-03-07T02:31:09.738+0000] {override.py:1930} INFO - Created Permission View: can create on DAG Run:dataset_s3_bucket_consumer
[2025-03-07T02:31:09.739+0000] {logging_mixin.py:190} INFO - [2025-03-07T02:31:09.739+0000] {dag.py:3239} INFO - Sync 4 DAGs
[2025-03-07T02:31:09.752+0000] {logging_mixin.py:190} INFO - [2025-03-07T02:31:09.752+0000] {dag.py:3262} INFO - Creating ORM DAG for dataset_alias_example_alias_producer
[2025-03-07T02:31:09.753+0000] {logging_mixin.py:190} INFO - [2025-03-07T02:31:09.753+0000] {dag.py:3262} INFO - Creating ORM DAG for dataset_alias_example_alias_consumer
[2025-03-07T02:31:09.754+0000] {logging_mixin.py:190} INFO - [2025-03-07T02:31:09.753+0000] {dag.py:3262} INFO - Creating ORM DAG for dataset_s3_bucket_consumer
[2025-03-07T02:31:09.754+0000] {logging_mixin.py:190} INFO - [2025-03-07T02:31:09.754+0000] {dag.py:3262} INFO - Creating ORM DAG for dataset_s3_bucket_producer
[2025-03-07T02:31:09.763+0000] {logging_mixin.py:190} INFO - [2025-03-07T02:31:09.763+0000] {dag.py:4180} INFO - Setting next_dagrun for dataset_alias_example_alias_consumer to None, run_after=None
[2025-03-07T02:31:09.764+0000] {logging_mixin.py:190} INFO - [2025-03-07T02:31:09.764+0000] {dag.py:4180} INFO - Setting next_dagrun for dataset_alias_example_alias_producer to None, run_after=None
[2025-03-07T02:31:09.765+0000] {logging_mixin.py:190} INFO - [2025-03-07T02:31:09.765+0000] {dag.py:4180} INFO - Setting next_dagrun for dataset_s3_bucket_consumer to None, run_after=None
[2025-03-07T02:31:09.765+0000] {logging_mixin.py:190} INFO - [2025-03-07T02:31:09.765+0000] {dag.py:4180} INFO - Setting next_dagrun for dataset_s3_bucket_producer to None, run_after=None
[2025-03-07T02:31:09.817+0000] {processor.py:208} INFO - Processing /home/Ashreem/airflow-env/lib/python3.12/site-packages/airflow/example_dags/example_dataset_alias.py took 1.124 seconds
[2025-03-07T02:33:36.636+0000] {processor.py:186} INFO - Started process (PID=46117) to work on /home/Ashreem/airflow-env/lib/python3.12/site-packages/airflow/example_dags/example_dataset_alias.py
[2025-03-07T02:33:36.638+0000] {processor.py:914} INFO - Processing file /home/Ashreem/airflow-env/lib/python3.12/site-packages/airflow/example_dags/example_dataset_alias.py for tasks to queue
[2025-03-07T02:33:36.641+0000] {logging_mixin.py:190} INFO - [2025-03-07T02:33:36.641+0000] {dagbag.py:588} INFO - Filling up the DagBag from /home/Ashreem/airflow-env/lib/python3.12/site-packages/airflow/example_dags/example_dataset_alias.py
[2025-03-07T02:33:36.675+0000] {processor.py:925} INFO - DAG(s) 'dataset_alias_example_alias_consumer', 'dataset_alias_example_alias_producer', 'dataset_s3_bucket_producer', 'dataset_s3_bucket_consumer' retrieved from /home/Ashreem/airflow-env/lib/python3.12/site-packages/airflow/example_dags/example_dataset_alias.py
[2025-03-07T02:33:36.700+0000] {logging_mixin.py:190} INFO - [2025-03-07T02:33:36.700+0000] {dag.py:3239} INFO - Sync 4 DAGs
[2025-03-07T02:33:36.728+0000] {logging_mixin.py:190} INFO - [2025-03-07T02:33:36.728+0000] {dag.py:4180} INFO - Setting next_dagrun for dataset_alias_example_alias_consumer to None, run_after=None
[2025-03-07T02:33:36.732+0000] {logging_mixin.py:190} INFO - [2025-03-07T02:33:36.732+0000] {dag.py:4180} INFO - Setting next_dagrun for dataset_alias_example_alias_producer to None, run_after=None
[2025-03-07T02:33:36.734+0000] {logging_mixin.py:190} INFO - [2025-03-07T02:33:36.734+0000] {dag.py:4180} INFO - Setting next_dagrun for dataset_s3_bucket_consumer to None, run_after=None
[2025-03-07T02:33:36.735+0000] {logging_mixin.py:190} INFO - [2025-03-07T02:33:36.735+0000] {dag.py:4180} INFO - Setting next_dagrun for dataset_s3_bucket_producer to None, run_after=None
[2025-03-07T02:33:36.779+0000] {processor.py:208} INFO - Processing /home/Ashreem/airflow-env/lib/python3.12/site-packages/airflow/example_dags/example_dataset_alias.py took 0.152 seconds
[2025-03-07T02:34:49.610+0000] {processor.py:186} INFO - Started process (PID=46453) to work on /home/Ashreem/airflow-env/lib/python3.12/site-packages/airflow/example_dags/example_dataset_alias.py
[2025-03-07T02:34:49.611+0000] {processor.py:914} INFO - Processing file /home/Ashreem/airflow-env/lib/python3.12/site-packages/airflow/example_dags/example_dataset_alias.py for tasks to queue
[2025-03-07T02:34:49.614+0000] {logging_mixin.py:190} INFO - [2025-03-07T02:34:49.613+0000] {dagbag.py:588} INFO - Filling up the DagBag from /home/Ashreem/airflow-env/lib/python3.12/site-packages/airflow/example_dags/example_dataset_alias.py
[2025-03-07T02:34:49.646+0000] {processor.py:925} INFO - DAG(s) 'dataset_s3_bucket_consumer', 'dataset_alias_example_alias_producer', 'dataset_s3_bucket_producer', 'dataset_alias_example_alias_consumer' retrieved from /home/Ashreem/airflow-env/lib/python3.12/site-packages/airflow/example_dags/example_dataset_alias.py
[2025-03-07T02:34:49.669+0000] {logging_mixin.py:190} INFO - [2025-03-07T02:34:49.669+0000] {dag.py:3239} INFO - Sync 4 DAGs
[2025-03-07T02:34:49.694+0000] {logging_mixin.py:190} INFO - [2025-03-07T02:34:49.693+0000] {dag.py:4180} INFO - Setting next_dagrun for dataset_alias_example_alias_consumer to None, run_after=None
[2025-03-07T02:34:49.696+0000] {logging_mixin.py:190} INFO - [2025-03-07T02:34:49.696+0000] {dag.py:4180} INFO - Setting next_dagrun for dataset_alias_example_alias_producer to None, run_after=None
[2025-03-07T02:34:49.697+0000] {logging_mixin.py:190} INFO - [2025-03-07T02:34:49.697+0000] {dag.py:4180} INFO - Setting next_dagrun for dataset_s3_bucket_consumer to None, run_after=None
[2025-03-07T02:34:49.698+0000] {logging_mixin.py:190} INFO - [2025-03-07T02:34:49.698+0000] {dag.py:4180} INFO - Setting next_dagrun for dataset_s3_bucket_producer to None, run_after=None
[2025-03-07T02:34:49.743+0000] {processor.py:208} INFO - Processing /home/Ashreem/airflow-env/lib/python3.12/site-packages/airflow/example_dags/example_dataset_alias.py took 0.141 seconds
[2025-03-07T02:35:54.425+0000] {processor.py:186} INFO - Started process (PID=46519) to work on /home/Ashreem/airflow-env/lib/python3.12/site-packages/airflow/example_dags/example_dataset_alias.py
[2025-03-07T02:35:54.427+0000] {processor.py:914} INFO - Processing file /home/Ashreem/airflow-env/lib/python3.12/site-packages/airflow/example_dags/example_dataset_alias.py for tasks to queue
[2025-03-07T02:35:54.430+0000] {logging_mixin.py:190} INFO - [2025-03-07T02:35:54.429+0000] {dagbag.py:588} INFO - Filling up the DagBag from /home/Ashreem/airflow-env/lib/python3.12/site-packages/airflow/example_dags/example_dataset_alias.py
[2025-03-07T02:35:54.464+0000] {processor.py:925} INFO - DAG(s) 'dataset_alias_example_alias_producer', 'dataset_s3_bucket_consumer', 'dataset_alias_example_alias_consumer', 'dataset_s3_bucket_producer' retrieved from /home/Ashreem/airflow-env/lib/python3.12/site-packages/airflow/example_dags/example_dataset_alias.py
[2025-03-07T02:35:54.487+0000] {logging_mixin.py:190} INFO - [2025-03-07T02:35:54.486+0000] {dag.py:3239} INFO - Sync 4 DAGs
[2025-03-07T02:35:54.510+0000] {logging_mixin.py:190} INFO - [2025-03-07T02:35:54.510+0000] {dag.py:4180} INFO - Setting next_dagrun for dataset_alias_example_alias_consumer to None, run_after=None
[2025-03-07T02:35:54.515+0000] {logging_mixin.py:190} INFO - [2025-03-07T02:35:54.515+0000] {dag.py:4180} INFO - Setting next_dagrun for dataset_alias_example_alias_producer to None, run_after=None
[2025-03-07T02:35:54.516+0000] {logging_mixin.py:190} INFO - [2025-03-07T02:35:54.516+0000] {dag.py:4180} INFO - Setting next_dagrun for dataset_s3_bucket_consumer to None, run_after=None
[2025-03-07T02:35:54.517+0000] {logging_mixin.py:190} INFO - [2025-03-07T02:35:54.517+0000] {dag.py:4180} INFO - Setting next_dagrun for dataset_s3_bucket_producer to None, run_after=None
[2025-03-07T02:35:54.557+0000] {processor.py:208} INFO - Processing /home/Ashreem/airflow-env/lib/python3.12/site-packages/airflow/example_dags/example_dataset_alias.py took 0.139 seconds
[2025-03-07T02:37:03.070+0000] {processor.py:186} INFO - Started process (PID=46589) to work on /home/Ashreem/airflow-env/lib/python3.12/site-packages/airflow/example_dags/example_dataset_alias.py
[2025-03-07T02:37:03.072+0000] {processor.py:914} INFO - Processing file /home/Ashreem/airflow-env/lib/python3.12/site-packages/airflow/example_dags/example_dataset_alias.py for tasks to queue
[2025-03-07T02:37:03.076+0000] {logging_mixin.py:190} INFO - [2025-03-07T02:37:03.076+0000] {dagbag.py:588} INFO - Filling up the DagBag from /home/Ashreem/airflow-env/lib/python3.12/site-packages/airflow/example_dags/example_dataset_alias.py
[2025-03-07T02:37:03.116+0000] {processor.py:925} INFO - DAG(s) 'dataset_s3_bucket_consumer', 'dataset_s3_bucket_producer', 'dataset_alias_example_alias_consumer', 'dataset_alias_example_alias_producer' retrieved from /home/Ashreem/airflow-env/lib/python3.12/site-packages/airflow/example_dags/example_dataset_alias.py
[2025-03-07T02:37:03.139+0000] {logging_mixin.py:190} INFO - [2025-03-07T02:37:03.138+0000] {dag.py:3239} INFO - Sync 4 DAGs
[2025-03-07T02:37:03.163+0000] {logging_mixin.py:190} INFO - [2025-03-07T02:37:03.163+0000] {dag.py:4180} INFO - Setting next_dagrun for dataset_alias_example_alias_consumer to None, run_after=None
[2025-03-07T02:37:03.166+0000] {logging_mixin.py:190} INFO - [2025-03-07T02:37:03.166+0000] {dag.py:4180} INFO - Setting next_dagrun for dataset_alias_example_alias_producer to None, run_after=None
[2025-03-07T02:37:03.167+0000] {logging_mixin.py:190} INFO - [2025-03-07T02:37:03.167+0000] {dag.py:4180} INFO - Setting next_dagrun for dataset_s3_bucket_consumer to None, run_after=None
[2025-03-07T02:37:03.168+0000] {logging_mixin.py:190} INFO - [2025-03-07T02:37:03.168+0000] {dag.py:4180} INFO - Setting next_dagrun for dataset_s3_bucket_producer to None, run_after=None
[2025-03-07T02:37:03.213+0000] {processor.py:208} INFO - Processing /home/Ashreem/airflow-env/lib/python3.12/site-packages/airflow/example_dags/example_dataset_alias.py took 0.152 seconds
[2025-03-07T02:38:05.610+0000] {processor.py:186} INFO - Started process (PID=46649) to work on /home/Ashreem/airflow-env/lib/python3.12/site-packages/airflow/example_dags/example_dataset_alias.py
[2025-03-07T02:38:05.612+0000] {processor.py:914} INFO - Processing file /home/Ashreem/airflow-env/lib/python3.12/site-packages/airflow/example_dags/example_dataset_alias.py for tasks to queue
[2025-03-07T02:38:05.614+0000] {logging_mixin.py:190} INFO - [2025-03-07T02:38:05.614+0000] {dagbag.py:588} INFO - Filling up the DagBag from /home/Ashreem/airflow-env/lib/python3.12/site-packages/airflow/example_dags/example_dataset_alias.py
[2025-03-07T02:38:05.645+0000] {processor.py:925} INFO - DAG(s) 'dataset_s3_bucket_consumer', 'dataset_alias_example_alias_producer', 'dataset_s3_bucket_producer', 'dataset_alias_example_alias_consumer' retrieved from /home/Ashreem/airflow-env/lib/python3.12/site-packages/airflow/example_dags/example_dataset_alias.py
[2025-03-07T02:38:05.665+0000] {logging_mixin.py:190} INFO - [2025-03-07T02:38:05.665+0000] {dag.py:3239} INFO - Sync 4 DAGs
[2025-03-07T02:38:05.688+0000] {logging_mixin.py:190} INFO - [2025-03-07T02:38:05.688+0000] {dag.py:4180} INFO - Setting next_dagrun for dataset_alias_example_alias_consumer to None, run_after=None
[2025-03-07T02:38:05.690+0000] {logging_mixin.py:190} INFO - [2025-03-07T02:38:05.690+0000] {dag.py:4180} INFO - Setting next_dagrun for dataset_alias_example_alias_producer to None, run_after=None
[2025-03-07T02:38:05.695+0000] {logging_mixin.py:190} INFO - [2025-03-07T02:38:05.694+0000] {dag.py:4180} INFO - Setting next_dagrun for dataset_s3_bucket_consumer to None, run_after=None
[2025-03-07T02:38:05.697+0000] {logging_mixin.py:190} INFO - [2025-03-07T02:38:05.696+0000] {dag.py:4180} INFO - Setting next_dagrun for dataset_s3_bucket_producer to None, run_after=None
[2025-03-07T02:38:05.744+0000] {processor.py:208} INFO - Processing /home/Ashreem/airflow-env/lib/python3.12/site-packages/airflow/example_dags/example_dataset_alias.py took 0.141 seconds
[2025-03-07T02:39:08.167+0000] {processor.py:186} INFO - Started process (PID=46720) to work on /home/Ashreem/airflow-env/lib/python3.12/site-packages/airflow/example_dags/example_dataset_alias.py
[2025-03-07T02:39:08.168+0000] {processor.py:914} INFO - Processing file /home/Ashreem/airflow-env/lib/python3.12/site-packages/airflow/example_dags/example_dataset_alias.py for tasks to queue
[2025-03-07T02:39:08.171+0000] {logging_mixin.py:190} INFO - [2025-03-07T02:39:08.171+0000] {dagbag.py:588} INFO - Filling up the DagBag from /home/Ashreem/airflow-env/lib/python3.12/site-packages/airflow/example_dags/example_dataset_alias.py
[2025-03-07T02:39:08.205+0000] {processor.py:925} INFO - DAG(s) 'dataset_alias_example_alias_producer', 'dataset_alias_example_alias_consumer', 'dataset_s3_bucket_consumer', 'dataset_s3_bucket_producer' retrieved from /home/Ashreem/airflow-env/lib/python3.12/site-packages/airflow/example_dags/example_dataset_alias.py
[2025-03-07T02:39:08.229+0000] {logging_mixin.py:190} INFO - [2025-03-07T02:39:08.229+0000] {dag.py:3239} INFO - Sync 4 DAGs
[2025-03-07T02:39:08.259+0000] {logging_mixin.py:190} INFO - [2025-03-07T02:39:08.258+0000] {dag.py:4180} INFO - Setting next_dagrun for dataset_alias_example_alias_consumer to None, run_after=None
[2025-03-07T02:39:08.261+0000] {logging_mixin.py:190} INFO - [2025-03-07T02:39:08.261+0000] {dag.py:4180} INFO - Setting next_dagrun for dataset_alias_example_alias_producer to None, run_after=None
[2025-03-07T02:39:08.263+0000] {logging_mixin.py:190} INFO - [2025-03-07T02:39:08.262+0000] {dag.py:4180} INFO - Setting next_dagrun for dataset_s3_bucket_consumer to None, run_after=None
[2025-03-07T02:39:08.264+0000] {logging_mixin.py:190} INFO - [2025-03-07T02:39:08.264+0000] {dag.py:4180} INFO - Setting next_dagrun for dataset_s3_bucket_producer to None, run_after=None
[2025-03-07T02:39:08.304+0000] {processor.py:208} INFO - Processing /home/Ashreem/airflow-env/lib/python3.12/site-packages/airflow/example_dags/example_dataset_alias.py took 0.146 seconds
[2025-03-07T02:40:11.647+0000] {processor.py:186} INFO - Started process (PID=46782) to work on /home/Ashreem/airflow-env/lib/python3.12/site-packages/airflow/example_dags/example_dataset_alias.py
[2025-03-07T02:40:11.651+0000] {processor.py:914} INFO - Processing file /home/Ashreem/airflow-env/lib/python3.12/site-packages/airflow/example_dags/example_dataset_alias.py for tasks to queue
[2025-03-07T02:40:11.654+0000] {logging_mixin.py:190} INFO - [2025-03-07T02:40:11.654+0000] {dagbag.py:588} INFO - Filling up the DagBag from /home/Ashreem/airflow-env/lib/python3.12/site-packages/airflow/example_dags/example_dataset_alias.py
[2025-03-07T02:40:11.686+0000] {processor.py:925} INFO - DAG(s) 'dataset_s3_bucket_producer', 'dataset_s3_bucket_consumer', 'dataset_alias_example_alias_producer', 'dataset_alias_example_alias_consumer' retrieved from /home/Ashreem/airflow-env/lib/python3.12/site-packages/airflow/example_dags/example_dataset_alias.py
[2025-03-07T02:40:11.707+0000] {logging_mixin.py:190} INFO - [2025-03-07T02:40:11.707+0000] {dag.py:3239} INFO - Sync 4 DAGs
[2025-03-07T02:40:11.730+0000] {logging_mixin.py:190} INFO - [2025-03-07T02:40:11.730+0000] {dag.py:4180} INFO - Setting next_dagrun for dataset_alias_example_alias_consumer to None, run_after=None
[2025-03-07T02:40:11.732+0000] {logging_mixin.py:190} INFO - [2025-03-07T02:40:11.732+0000] {dag.py:4180} INFO - Setting next_dagrun for dataset_alias_example_alias_producer to None, run_after=None
[2025-03-07T02:40:11.733+0000] {logging_mixin.py:190} INFO - [2025-03-07T02:40:11.733+0000] {dag.py:4180} INFO - Setting next_dagrun for dataset_s3_bucket_consumer to None, run_after=None
[2025-03-07T02:40:11.734+0000] {logging_mixin.py:190} INFO - [2025-03-07T02:40:11.734+0000] {dag.py:4180} INFO - Setting next_dagrun for dataset_s3_bucket_producer to None, run_after=None
[2025-03-07T02:40:11.776+0000] {processor.py:208} INFO - Processing /home/Ashreem/airflow-env/lib/python3.12/site-packages/airflow/example_dags/example_dataset_alias.py took 0.137 seconds
[2025-03-07T02:41:14.878+0000] {processor.py:186} INFO - Started process (PID=46848) to work on /home/Ashreem/airflow-env/lib/python3.12/site-packages/airflow/example_dags/example_dataset_alias.py
[2025-03-07T02:41:14.881+0000] {processor.py:914} INFO - Processing file /home/Ashreem/airflow-env/lib/python3.12/site-packages/airflow/example_dags/example_dataset_alias.py for tasks to queue
[2025-03-07T02:41:14.883+0000] {logging_mixin.py:190} INFO - [2025-03-07T02:41:14.883+0000] {dagbag.py:588} INFO - Filling up the DagBag from /home/Ashreem/airflow-env/lib/python3.12/site-packages/airflow/example_dags/example_dataset_alias.py
[2025-03-07T02:41:14.917+0000] {processor.py:925} INFO - DAG(s) 'dataset_s3_bucket_producer', 'dataset_alias_example_alias_producer', 'dataset_s3_bucket_consumer', 'dataset_alias_example_alias_consumer' retrieved from /home/Ashreem/airflow-env/lib/python3.12/site-packages/airflow/example_dags/example_dataset_alias.py
[2025-03-07T02:41:14.942+0000] {logging_mixin.py:190} INFO - [2025-03-07T02:41:14.942+0000] {dag.py:3239} INFO - Sync 4 DAGs
[2025-03-07T02:41:14.969+0000] {logging_mixin.py:190} INFO - [2025-03-07T02:41:14.969+0000] {dag.py:4180} INFO - Setting next_dagrun for dataset_alias_example_alias_consumer to None, run_after=None
[2025-03-07T02:41:14.972+0000] {logging_mixin.py:190} INFO - [2025-03-07T02:41:14.971+0000] {dag.py:4180} INFO - Setting next_dagrun for dataset_alias_example_alias_producer to None, run_after=None
[2025-03-07T02:41:14.973+0000] {logging_mixin.py:190} INFO - [2025-03-07T02:41:14.973+0000] {dag.py:4180} INFO - Setting next_dagrun for dataset_s3_bucket_consumer to None, run_after=None
[2025-03-07T02:41:14.974+0000] {logging_mixin.py:190} INFO - [2025-03-07T02:41:14.974+0000] {dag.py:4180} INFO - Setting next_dagrun for dataset_s3_bucket_producer to None, run_after=None
[2025-03-07T02:41:15.016+0000] {processor.py:208} INFO - Processing /home/Ashreem/airflow-env/lib/python3.12/site-packages/airflow/example_dags/example_dataset_alias.py took 0.146 seconds
[2025-03-07T02:42:17.672+0000] {processor.py:186} INFO - Started process (PID=46909) to work on /home/Ashreem/airflow-env/lib/python3.12/site-packages/airflow/example_dags/example_dataset_alias.py
[2025-03-07T02:42:17.673+0000] {processor.py:914} INFO - Processing file /home/Ashreem/airflow-env/lib/python3.12/site-packages/airflow/example_dags/example_dataset_alias.py for tasks to queue
[2025-03-07T02:42:17.676+0000] {logging_mixin.py:190} INFO - [2025-03-07T02:42:17.675+0000] {dagbag.py:588} INFO - Filling up the DagBag from /home/Ashreem/airflow-env/lib/python3.12/site-packages/airflow/example_dags/example_dataset_alias.py
[2025-03-07T02:42:17.708+0000] {processor.py:925} INFO - DAG(s) 'dataset_alias_example_alias_producer', 'dataset_alias_example_alias_consumer', 'dataset_s3_bucket_consumer', 'dataset_s3_bucket_producer' retrieved from /home/Ashreem/airflow-env/lib/python3.12/site-packages/airflow/example_dags/example_dataset_alias.py
[2025-03-07T02:42:17.731+0000] {logging_mixin.py:190} INFO - [2025-03-07T02:42:17.730+0000] {dag.py:3239} INFO - Sync 4 DAGs
[2025-03-07T02:42:17.756+0000] {logging_mixin.py:190} INFO - [2025-03-07T02:42:17.756+0000] {dag.py:4180} INFO - Setting next_dagrun for dataset_alias_example_alias_consumer to None, run_after=None
[2025-03-07T02:42:17.759+0000] {logging_mixin.py:190} INFO - [2025-03-07T02:42:17.759+0000] {dag.py:4180} INFO - Setting next_dagrun for dataset_alias_example_alias_producer to None, run_after=None
[2025-03-07T02:42:17.761+0000] {logging_mixin.py:190} INFO - [2025-03-07T02:42:17.761+0000] {dag.py:4180} INFO - Setting next_dagrun for dataset_s3_bucket_consumer to None, run_after=None
[2025-03-07T02:42:17.762+0000] {logging_mixin.py:190} INFO - [2025-03-07T02:42:17.762+0000] {dag.py:4180} INFO - Setting next_dagrun for dataset_s3_bucket_producer to None, run_after=None
[2025-03-07T02:42:17.805+0000] {processor.py:208} INFO - Processing /home/Ashreem/airflow-env/lib/python3.12/site-packages/airflow/example_dags/example_dataset_alias.py took 0.145 seconds
[2025-03-07T02:43:22.502+0000] {processor.py:186} INFO - Started process (PID=46982) to work on /home/Ashreem/airflow-env/lib/python3.12/site-packages/airflow/example_dags/example_dataset_alias.py
[2025-03-07T02:43:22.503+0000] {processor.py:914} INFO - Processing file /home/Ashreem/airflow-env/lib/python3.12/site-packages/airflow/example_dags/example_dataset_alias.py for tasks to queue
[2025-03-07T02:43:22.506+0000] {logging_mixin.py:190} INFO - [2025-03-07T02:43:22.506+0000] {dagbag.py:588} INFO - Filling up the DagBag from /home/Ashreem/airflow-env/lib/python3.12/site-packages/airflow/example_dags/example_dataset_alias.py
[2025-03-07T02:43:22.537+0000] {processor.py:925} INFO - DAG(s) 'dataset_alias_example_alias_producer', 'dataset_alias_example_alias_consumer', 'dataset_s3_bucket_consumer', 'dataset_s3_bucket_producer' retrieved from /home/Ashreem/airflow-env/lib/python3.12/site-packages/airflow/example_dags/example_dataset_alias.py
[2025-03-07T02:43:22.558+0000] {logging_mixin.py:190} INFO - [2025-03-07T02:43:22.557+0000] {dag.py:3239} INFO - Sync 4 DAGs
[2025-03-07T02:43:22.588+0000] {logging_mixin.py:190} INFO - [2025-03-07T02:43:22.588+0000] {dag.py:4180} INFO - Setting next_dagrun for dataset_alias_example_alias_consumer to None, run_after=None
[2025-03-07T02:43:22.590+0000] {logging_mixin.py:190} INFO - [2025-03-07T02:43:22.590+0000] {dag.py:4180} INFO - Setting next_dagrun for dataset_alias_example_alias_producer to None, run_after=None
[2025-03-07T02:43:22.591+0000] {logging_mixin.py:190} INFO - [2025-03-07T02:43:22.591+0000] {dag.py:4180} INFO - Setting next_dagrun for dataset_s3_bucket_consumer to None, run_after=None
[2025-03-07T02:43:22.592+0000] {logging_mixin.py:190} INFO - [2025-03-07T02:43:22.592+0000] {dag.py:4180} INFO - Setting next_dagrun for dataset_s3_bucket_producer to None, run_after=None
[2025-03-07T02:43:22.630+0000] {processor.py:208} INFO - Processing /home/Ashreem/airflow-env/lib/python3.12/site-packages/airflow/example_dags/example_dataset_alias.py took 0.135 seconds
[2025-03-07T02:44:25.479+0000] {processor.py:186} INFO - Started process (PID=47049) to work on /home/Ashreem/airflow-env/lib/python3.12/site-packages/airflow/example_dags/example_dataset_alias.py
[2025-03-07T02:44:25.481+0000] {processor.py:914} INFO - Processing file /home/Ashreem/airflow-env/lib/python3.12/site-packages/airflow/example_dags/example_dataset_alias.py for tasks to queue
[2025-03-07T02:44:25.483+0000] {logging_mixin.py:190} INFO - [2025-03-07T02:44:25.483+0000] {dagbag.py:588} INFO - Filling up the DagBag from /home/Ashreem/airflow-env/lib/python3.12/site-packages/airflow/example_dags/example_dataset_alias.py
[2025-03-07T02:44:25.517+0000] {processor.py:925} INFO - DAG(s) 'dataset_alias_example_alias_consumer', 'dataset_alias_example_alias_producer', 'dataset_s3_bucket_consumer', 'dataset_s3_bucket_producer' retrieved from /home/Ashreem/airflow-env/lib/python3.12/site-packages/airflow/example_dags/example_dataset_alias.py
[2025-03-07T02:44:25.541+0000] {logging_mixin.py:190} INFO - [2025-03-07T02:44:25.540+0000] {dag.py:3239} INFO - Sync 4 DAGs
[2025-03-07T02:44:25.567+0000] {logging_mixin.py:190} INFO - [2025-03-07T02:44:25.567+0000] {dag.py:4180} INFO - Setting next_dagrun for dataset_alias_example_alias_consumer to None, run_after=None
[2025-03-07T02:44:25.570+0000] {logging_mixin.py:190} INFO - [2025-03-07T02:44:25.569+0000] {dag.py:4180} INFO - Setting next_dagrun for dataset_alias_example_alias_producer to None, run_after=None
[2025-03-07T02:44:25.572+0000] {logging_mixin.py:190} INFO - [2025-03-07T02:44:25.571+0000] {dag.py:4180} INFO - Setting next_dagrun for dataset_s3_bucket_consumer to None, run_after=None
[2025-03-07T02:44:25.574+0000] {logging_mixin.py:190} INFO - [2025-03-07T02:44:25.574+0000] {dag.py:4180} INFO - Setting next_dagrun for dataset_s3_bucket_producer to None, run_after=None
[2025-03-07T02:44:25.613+0000] {processor.py:208} INFO - Processing /home/Ashreem/airflow-env/lib/python3.12/site-packages/airflow/example_dags/example_dataset_alias.py took 0.142 seconds
[2025-03-07T02:45:28.855+0000] {processor.py:186} INFO - Started process (PID=47129) to work on /home/Ashreem/airflow-env/lib/python3.12/site-packages/airflow/example_dags/example_dataset_alias.py
[2025-03-07T02:45:28.857+0000] {processor.py:914} INFO - Processing file /home/Ashreem/airflow-env/lib/python3.12/site-packages/airflow/example_dags/example_dataset_alias.py for tasks to queue
[2025-03-07T02:45:28.859+0000] {logging_mixin.py:190} INFO - [2025-03-07T02:45:28.859+0000] {dagbag.py:588} INFO - Filling up the DagBag from /home/Ashreem/airflow-env/lib/python3.12/site-packages/airflow/example_dags/example_dataset_alias.py
[2025-03-07T02:45:28.890+0000] {processor.py:925} INFO - DAG(s) 'dataset_s3_bucket_producer', 'dataset_s3_bucket_consumer', 'dataset_alias_example_alias_consumer', 'dataset_alias_example_alias_producer' retrieved from /home/Ashreem/airflow-env/lib/python3.12/site-packages/airflow/example_dags/example_dataset_alias.py
[2025-03-07T02:45:28.911+0000] {logging_mixin.py:190} INFO - [2025-03-07T02:45:28.911+0000] {dag.py:3239} INFO - Sync 4 DAGs
[2025-03-07T02:45:28.936+0000] {logging_mixin.py:190} INFO - [2025-03-07T02:45:28.936+0000] {dag.py:4180} INFO - Setting next_dagrun for dataset_alias_example_alias_consumer to None, run_after=None
[2025-03-07T02:45:28.939+0000] {logging_mixin.py:190} INFO - [2025-03-07T02:45:28.938+0000] {dag.py:4180} INFO - Setting next_dagrun for dataset_alias_example_alias_producer to None, run_after=None
[2025-03-07T02:45:28.940+0000] {logging_mixin.py:190} INFO - [2025-03-07T02:45:28.939+0000] {dag.py:4180} INFO - Setting next_dagrun for dataset_s3_bucket_consumer to None, run_after=None
[2025-03-07T02:45:28.941+0000] {logging_mixin.py:190} INFO - [2025-03-07T02:45:28.941+0000] {dag.py:4180} INFO - Setting next_dagrun for dataset_s3_bucket_producer to None, run_after=None
[2025-03-07T02:45:28.983+0000] {processor.py:208} INFO - Processing /home/Ashreem/airflow-env/lib/python3.12/site-packages/airflow/example_dags/example_dataset_alias.py took 0.136 seconds
[2025-03-07T02:46:32.365+0000] {processor.py:186} INFO - Started process (PID=47195) to work on /home/Ashreem/airflow-env/lib/python3.12/site-packages/airflow/example_dags/example_dataset_alias.py
[2025-03-07T02:46:32.366+0000] {processor.py:914} INFO - Processing file /home/Ashreem/airflow-env/lib/python3.12/site-packages/airflow/example_dags/example_dataset_alias.py for tasks to queue
[2025-03-07T02:46:32.369+0000] {logging_mixin.py:190} INFO - [2025-03-07T02:46:32.369+0000] {dagbag.py:588} INFO - Filling up the DagBag from /home/Ashreem/airflow-env/lib/python3.12/site-packages/airflow/example_dags/example_dataset_alias.py
[2025-03-07T02:46:32.401+0000] {processor.py:925} INFO - DAG(s) 'dataset_alias_example_alias_producer', 'dataset_alias_example_alias_consumer', 'dataset_s3_bucket_producer', 'dataset_s3_bucket_consumer' retrieved from /home/Ashreem/airflow-env/lib/python3.12/site-packages/airflow/example_dags/example_dataset_alias.py
[2025-03-07T02:46:32.425+0000] {logging_mixin.py:190} INFO - [2025-03-07T02:46:32.424+0000] {dag.py:3239} INFO - Sync 4 DAGs
[2025-03-07T02:46:32.448+0000] {logging_mixin.py:190} INFO - [2025-03-07T02:46:32.448+0000] {dag.py:4180} INFO - Setting next_dagrun for dataset_alias_example_alias_consumer to None, run_after=None
[2025-03-07T02:46:32.450+0000] {logging_mixin.py:190} INFO - [2025-03-07T02:46:32.450+0000] {dag.py:4180} INFO - Setting next_dagrun for dataset_alias_example_alias_producer to None, run_after=None
[2025-03-07T02:46:32.451+0000] {logging_mixin.py:190} INFO - [2025-03-07T02:46:32.451+0000] {dag.py:4180} INFO - Setting next_dagrun for dataset_s3_bucket_consumer to None, run_after=None
[2025-03-07T02:46:32.452+0000] {logging_mixin.py:190} INFO - [2025-03-07T02:46:32.452+0000] {dag.py:4180} INFO - Setting next_dagrun for dataset_s3_bucket_producer to None, run_after=None
[2025-03-07T02:46:32.497+0000] {processor.py:208} INFO - Processing /home/Ashreem/airflow-env/lib/python3.12/site-packages/airflow/example_dags/example_dataset_alias.py took 0.141 seconds
[2025-03-07T02:47:35.620+0000] {processor.py:186} INFO - Started process (PID=47255) to work on /home/Ashreem/airflow-env/lib/python3.12/site-packages/airflow/example_dags/example_dataset_alias.py
[2025-03-07T02:47:35.621+0000] {processor.py:914} INFO - Processing file /home/Ashreem/airflow-env/lib/python3.12/site-packages/airflow/example_dags/example_dataset_alias.py for tasks to queue
[2025-03-07T02:47:35.624+0000] {logging_mixin.py:190} INFO - [2025-03-07T02:47:35.624+0000] {dagbag.py:588} INFO - Filling up the DagBag from /home/Ashreem/airflow-env/lib/python3.12/site-packages/airflow/example_dags/example_dataset_alias.py
[2025-03-07T02:47:35.654+0000] {processor.py:925} INFO - DAG(s) 'dataset_alias_example_alias_producer', 'dataset_s3_bucket_consumer', 'dataset_s3_bucket_producer', 'dataset_alias_example_alias_consumer' retrieved from /home/Ashreem/airflow-env/lib/python3.12/site-packages/airflow/example_dags/example_dataset_alias.py
[2025-03-07T02:47:35.678+0000] {logging_mixin.py:190} INFO - [2025-03-07T02:47:35.678+0000] {dag.py:3239} INFO - Sync 4 DAGs
[2025-03-07T02:47:35.705+0000] {logging_mixin.py:190} INFO - [2025-03-07T02:47:35.704+0000] {dag.py:4180} INFO - Setting next_dagrun for dataset_alias_example_alias_consumer to None, run_after=None
[2025-03-07T02:47:35.707+0000] {logging_mixin.py:190} INFO - [2025-03-07T02:47:35.707+0000] {dag.py:4180} INFO - Setting next_dagrun for dataset_alias_example_alias_producer to None, run_after=None
[2025-03-07T02:47:35.708+0000] {logging_mixin.py:190} INFO - [2025-03-07T02:47:35.708+0000] {dag.py:4180} INFO - Setting next_dagrun for dataset_s3_bucket_consumer to None, run_after=None
[2025-03-07T02:47:35.709+0000] {logging_mixin.py:190} INFO - [2025-03-07T02:47:35.709+0000] {dag.py:4180} INFO - Setting next_dagrun for dataset_s3_bucket_producer to None, run_after=None
[2025-03-07T02:47:35.748+0000] {processor.py:208} INFO - Processing /home/Ashreem/airflow-env/lib/python3.12/site-packages/airflow/example_dags/example_dataset_alias.py took 0.136 seconds
[2025-03-07T02:48:46.270+0000] {processor.py:186} INFO - Started process (PID=47336) to work on /home/Ashreem/airflow-env/lib/python3.12/site-packages/airflow/example_dags/example_dataset_alias.py
[2025-03-07T02:48:46.272+0000] {processor.py:914} INFO - Processing file /home/Ashreem/airflow-env/lib/python3.12/site-packages/airflow/example_dags/example_dataset_alias.py for tasks to queue
[2025-03-07T02:48:46.275+0000] {logging_mixin.py:190} INFO - [2025-03-07T02:48:46.274+0000] {dagbag.py:588} INFO - Filling up the DagBag from /home/Ashreem/airflow-env/lib/python3.12/site-packages/airflow/example_dags/example_dataset_alias.py
[2025-03-07T02:48:46.309+0000] {processor.py:925} INFO - DAG(s) 'dataset_s3_bucket_consumer', 'dataset_alias_example_alias_consumer', 'dataset_s3_bucket_producer', 'dataset_alias_example_alias_producer' retrieved from /home/Ashreem/airflow-env/lib/python3.12/site-packages/airflow/example_dags/example_dataset_alias.py
[2025-03-07T02:48:46.332+0000] {logging_mixin.py:190} INFO - [2025-03-07T02:48:46.331+0000] {dag.py:3239} INFO - Sync 4 DAGs
[2025-03-07T02:48:46.354+0000] {logging_mixin.py:190} INFO - [2025-03-07T02:48:46.354+0000] {dag.py:4180} INFO - Setting next_dagrun for dataset_alias_example_alias_consumer to None, run_after=None
[2025-03-07T02:48:46.356+0000] {logging_mixin.py:190} INFO - [2025-03-07T02:48:46.356+0000] {dag.py:4180} INFO - Setting next_dagrun for dataset_alias_example_alias_producer to None, run_after=None
[2025-03-07T02:48:46.357+0000] {logging_mixin.py:190} INFO - [2025-03-07T02:48:46.357+0000] {dag.py:4180} INFO - Setting next_dagrun for dataset_s3_bucket_consumer to None, run_after=None
[2025-03-07T02:48:46.360+0000] {logging_mixin.py:190} INFO - [2025-03-07T02:48:46.358+0000] {dag.py:4180} INFO - Setting next_dagrun for dataset_s3_bucket_producer to None, run_after=None
[2025-03-07T02:48:46.405+0000] {processor.py:208} INFO - Processing /home/Ashreem/airflow-env/lib/python3.12/site-packages/airflow/example_dags/example_dataset_alias.py took 0.143 seconds
[2025-03-07T02:49:50.059+0000] {processor.py:186} INFO - Started process (PID=47408) to work on /home/Ashreem/airflow-env/lib/python3.12/site-packages/airflow/example_dags/example_dataset_alias.py
[2025-03-07T02:49:50.061+0000] {processor.py:914} INFO - Processing file /home/Ashreem/airflow-env/lib/python3.12/site-packages/airflow/example_dags/example_dataset_alias.py for tasks to queue
[2025-03-07T02:49:50.064+0000] {logging_mixin.py:190} INFO - [2025-03-07T02:49:50.064+0000] {dagbag.py:588} INFO - Filling up the DagBag from /home/Ashreem/airflow-env/lib/python3.12/site-packages/airflow/example_dags/example_dataset_alias.py
[2025-03-07T02:49:50.096+0000] {processor.py:925} INFO - DAG(s) 'dataset_alias_example_alias_consumer', 'dataset_s3_bucket_consumer', 'dataset_s3_bucket_producer', 'dataset_alias_example_alias_producer' retrieved from /home/Ashreem/airflow-env/lib/python3.12/site-packages/airflow/example_dags/example_dataset_alias.py
[2025-03-07T02:49:50.120+0000] {logging_mixin.py:190} INFO - [2025-03-07T02:49:50.119+0000] {dag.py:3239} INFO - Sync 4 DAGs
[2025-03-07T02:49:50.147+0000] {logging_mixin.py:190} INFO - [2025-03-07T02:49:50.146+0000] {dag.py:4180} INFO - Setting next_dagrun for dataset_alias_example_alias_consumer to None, run_after=None
[2025-03-07T02:49:50.149+0000] {logging_mixin.py:190} INFO - [2025-03-07T02:49:50.149+0000] {dag.py:4180} INFO - Setting next_dagrun for dataset_alias_example_alias_producer to None, run_after=None
[2025-03-07T02:49:50.151+0000] {logging_mixin.py:190} INFO - [2025-03-07T02:49:50.150+0000] {dag.py:4180} INFO - Setting next_dagrun for dataset_s3_bucket_consumer to None, run_after=None
[2025-03-07T02:49:50.152+0000] {logging_mixin.py:190} INFO - [2025-03-07T02:49:50.152+0000] {dag.py:4180} INFO - Setting next_dagrun for dataset_s3_bucket_producer to None, run_after=None
[2025-03-07T02:49:50.216+0000] {processor.py:208} INFO - Processing /home/Ashreem/airflow-env/lib/python3.12/site-packages/airflow/example_dags/example_dataset_alias.py took 0.166 seconds
[2025-03-07T02:50:54.399+0000] {processor.py:186} INFO - Started process (PID=47477) to work on /home/Ashreem/airflow-env/lib/python3.12/site-packages/airflow/example_dags/example_dataset_alias.py
[2025-03-07T02:50:54.400+0000] {processor.py:914} INFO - Processing file /home/Ashreem/airflow-env/lib/python3.12/site-packages/airflow/example_dags/example_dataset_alias.py for tasks to queue
[2025-03-07T02:50:54.403+0000] {logging_mixin.py:190} INFO - [2025-03-07T02:50:54.403+0000] {dagbag.py:588} INFO - Filling up the DagBag from /home/Ashreem/airflow-env/lib/python3.12/site-packages/airflow/example_dags/example_dataset_alias.py
[2025-03-07T02:50:54.434+0000] {processor.py:925} INFO - DAG(s) 'dataset_s3_bucket_producer', 'dataset_s3_bucket_consumer', 'dataset_alias_example_alias_consumer', 'dataset_alias_example_alias_producer' retrieved from /home/Ashreem/airflow-env/lib/python3.12/site-packages/airflow/example_dags/example_dataset_alias.py
[2025-03-07T02:50:54.459+0000] {logging_mixin.py:190} INFO - [2025-03-07T02:50:54.459+0000] {dag.py:3239} INFO - Sync 4 DAGs
[2025-03-07T02:50:54.484+0000] {logging_mixin.py:190} INFO - [2025-03-07T02:50:54.484+0000] {dag.py:4180} INFO - Setting next_dagrun for dataset_alias_example_alias_consumer to None, run_after=None
[2025-03-07T02:50:54.486+0000] {logging_mixin.py:190} INFO - [2025-03-07T02:50:54.486+0000] {dag.py:4180} INFO - Setting next_dagrun for dataset_alias_example_alias_producer to None, run_after=None
[2025-03-07T02:50:54.487+0000] {logging_mixin.py:190} INFO - [2025-03-07T02:50:54.487+0000] {dag.py:4180} INFO - Setting next_dagrun for dataset_s3_bucket_consumer to None, run_after=None
[2025-03-07T02:50:54.488+0000] {logging_mixin.py:190} INFO - [2025-03-07T02:50:54.488+0000] {dag.py:4180} INFO - Setting next_dagrun for dataset_s3_bucket_producer to None, run_after=None
[2025-03-07T02:50:54.529+0000] {processor.py:208} INFO - Processing /home/Ashreem/airflow-env/lib/python3.12/site-packages/airflow/example_dags/example_dataset_alias.py took 0.138 seconds
[2025-03-07T02:51:57.580+0000] {processor.py:186} INFO - Started process (PID=47538) to work on /home/Ashreem/airflow-env/lib/python3.12/site-packages/airflow/example_dags/example_dataset_alias.py
[2025-03-07T02:51:57.582+0000] {processor.py:914} INFO - Processing file /home/Ashreem/airflow-env/lib/python3.12/site-packages/airflow/example_dags/example_dataset_alias.py for tasks to queue
[2025-03-07T02:51:57.584+0000] {logging_mixin.py:190} INFO - [2025-03-07T02:51:57.584+0000] {dagbag.py:588} INFO - Filling up the DagBag from /home/Ashreem/airflow-env/lib/python3.12/site-packages/airflow/example_dags/example_dataset_alias.py
[2025-03-07T02:51:57.619+0000] {processor.py:925} INFO - DAG(s) 'dataset_alias_example_alias_consumer', 'dataset_alias_example_alias_producer', 'dataset_s3_bucket_consumer', 'dataset_s3_bucket_producer' retrieved from /home/Ashreem/airflow-env/lib/python3.12/site-packages/airflow/example_dags/example_dataset_alias.py
[2025-03-07T02:51:57.642+0000] {logging_mixin.py:190} INFO - [2025-03-07T02:51:57.642+0000] {dag.py:3239} INFO - Sync 4 DAGs
[2025-03-07T02:51:57.666+0000] {logging_mixin.py:190} INFO - [2025-03-07T02:51:57.666+0000] {dag.py:4180} INFO - Setting next_dagrun for dataset_alias_example_alias_consumer to None, run_after=None
[2025-03-07T02:51:57.668+0000] {logging_mixin.py:190} INFO - [2025-03-07T02:51:57.668+0000] {dag.py:4180} INFO - Setting next_dagrun for dataset_alias_example_alias_producer to None, run_after=None
[2025-03-07T02:51:57.670+0000] {logging_mixin.py:190} INFO - [2025-03-07T02:51:57.669+0000] {dag.py:4180} INFO - Setting next_dagrun for dataset_s3_bucket_consumer to None, run_after=None
[2025-03-07T02:51:57.671+0000] {logging_mixin.py:190} INFO - [2025-03-07T02:51:57.671+0000] {dag.py:4180} INFO - Setting next_dagrun for dataset_s3_bucket_producer to None, run_after=None
[2025-03-07T02:51:57.710+0000] {processor.py:208} INFO - Processing /home/Ashreem/airflow-env/lib/python3.12/site-packages/airflow/example_dags/example_dataset_alias.py took 0.138 seconds
[2025-03-07T02:53:03.627+0000] {processor.py:186} INFO - Started process (PID=47607) to work on /home/Ashreem/airflow-env/lib/python3.12/site-packages/airflow/example_dags/example_dataset_alias.py
[2025-03-07T02:53:03.629+0000] {processor.py:914} INFO - Processing file /home/Ashreem/airflow-env/lib/python3.12/site-packages/airflow/example_dags/example_dataset_alias.py for tasks to queue
[2025-03-07T02:53:03.632+0000] {logging_mixin.py:190} INFO - [2025-03-07T02:53:03.632+0000] {dagbag.py:588} INFO - Filling up the DagBag from /home/Ashreem/airflow-env/lib/python3.12/site-packages/airflow/example_dags/example_dataset_alias.py
[2025-03-07T02:53:03.665+0000] {processor.py:925} INFO - DAG(s) 'dataset_s3_bucket_consumer', 'dataset_alias_example_alias_consumer', 'dataset_alias_example_alias_producer', 'dataset_s3_bucket_producer' retrieved from /home/Ashreem/airflow-env/lib/python3.12/site-packages/airflow/example_dags/example_dataset_alias.py
[2025-03-07T02:53:03.691+0000] {logging_mixin.py:190} INFO - [2025-03-07T02:53:03.691+0000] {dag.py:3239} INFO - Sync 4 DAGs
[2025-03-07T02:53:03.717+0000] {logging_mixin.py:190} INFO - [2025-03-07T02:53:03.716+0000] {dag.py:4180} INFO - Setting next_dagrun for dataset_alias_example_alias_consumer to None, run_after=None
[2025-03-07T02:53:03.719+0000] {logging_mixin.py:190} INFO - [2025-03-07T02:53:03.719+0000] {dag.py:4180} INFO - Setting next_dagrun for dataset_alias_example_alias_producer to None, run_after=None
[2025-03-07T02:53:03.720+0000] {logging_mixin.py:190} INFO - [2025-03-07T02:53:03.720+0000] {dag.py:4180} INFO - Setting next_dagrun for dataset_s3_bucket_consumer to None, run_after=None
[2025-03-07T02:53:03.721+0000] {logging_mixin.py:190} INFO - [2025-03-07T02:53:03.721+0000] {dag.py:4180} INFO - Setting next_dagrun for dataset_s3_bucket_producer to None, run_after=None
[2025-03-07T02:53:03.764+0000] {processor.py:208} INFO - Processing /home/Ashreem/airflow-env/lib/python3.12/site-packages/airflow/example_dags/example_dataset_alias.py took 0.146 seconds
[2025-03-07T02:54:04.801+0000] {processor.py:186} INFO - Started process (PID=47671) to work on /home/Ashreem/airflow-env/lib/python3.12/site-packages/airflow/example_dags/example_dataset_alias.py
[2025-03-07T02:54:04.802+0000] {processor.py:914} INFO - Processing file /home/Ashreem/airflow-env/lib/python3.12/site-packages/airflow/example_dags/example_dataset_alias.py for tasks to queue
[2025-03-07T02:54:04.805+0000] {logging_mixin.py:190} INFO - [2025-03-07T02:54:04.804+0000] {dagbag.py:588} INFO - Filling up the DagBag from /home/Ashreem/airflow-env/lib/python3.12/site-packages/airflow/example_dags/example_dataset_alias.py
[2025-03-07T02:54:04.839+0000] {processor.py:925} INFO - DAG(s) 'dataset_alias_example_alias_consumer', 'dataset_s3_bucket_consumer', 'dataset_s3_bucket_producer', 'dataset_alias_example_alias_producer' retrieved from /home/Ashreem/airflow-env/lib/python3.12/site-packages/airflow/example_dags/example_dataset_alias.py
[2025-03-07T02:54:04.863+0000] {logging_mixin.py:190} INFO - [2025-03-07T02:54:04.862+0000] {dag.py:3239} INFO - Sync 4 DAGs
[2025-03-07T02:54:04.893+0000] {logging_mixin.py:190} INFO - [2025-03-07T02:54:04.892+0000] {dag.py:4180} INFO - Setting next_dagrun for dataset_alias_example_alias_consumer to None, run_after=None
[2025-03-07T02:54:04.896+0000] {logging_mixin.py:190} INFO - [2025-03-07T02:54:04.895+0000] {dag.py:4180} INFO - Setting next_dagrun for dataset_alias_example_alias_producer to None, run_after=None
[2025-03-07T02:54:04.897+0000] {logging_mixin.py:190} INFO - [2025-03-07T02:54:04.896+0000] {dag.py:4180} INFO - Setting next_dagrun for dataset_s3_bucket_consumer to None, run_after=None
[2025-03-07T02:54:04.898+0000] {logging_mixin.py:190} INFO - [2025-03-07T02:54:04.898+0000] {dag.py:4180} INFO - Setting next_dagrun for dataset_s3_bucket_producer to None, run_after=None
[2025-03-07T02:54:04.946+0000] {processor.py:208} INFO - Processing /home/Ashreem/airflow-env/lib/python3.12/site-packages/airflow/example_dags/example_dataset_alias.py took 0.153 seconds
[2025-03-07T02:55:06.494+0000] {processor.py:186} INFO - Started process (PID=47738) to work on /home/Ashreem/airflow-env/lib/python3.12/site-packages/airflow/example_dags/example_dataset_alias.py
[2025-03-07T02:55:06.495+0000] {processor.py:914} INFO - Processing file /home/Ashreem/airflow-env/lib/python3.12/site-packages/airflow/example_dags/example_dataset_alias.py for tasks to queue
[2025-03-07T02:55:06.498+0000] {logging_mixin.py:190} INFO - [2025-03-07T02:55:06.498+0000] {dagbag.py:588} INFO - Filling up the DagBag from /home/Ashreem/airflow-env/lib/python3.12/site-packages/airflow/example_dags/example_dataset_alias.py
[2025-03-07T02:55:06.529+0000] {processor.py:925} INFO - DAG(s) 'dataset_alias_example_alias_producer', 'dataset_alias_example_alias_consumer', 'dataset_s3_bucket_producer', 'dataset_s3_bucket_consumer' retrieved from /home/Ashreem/airflow-env/lib/python3.12/site-packages/airflow/example_dags/example_dataset_alias.py
[2025-03-07T02:55:06.553+0000] {logging_mixin.py:190} INFO - [2025-03-07T02:55:06.553+0000] {dag.py:3239} INFO - Sync 4 DAGs
[2025-03-07T02:55:06.579+0000] {logging_mixin.py:190} INFO - [2025-03-07T02:55:06.579+0000] {dag.py:4180} INFO - Setting next_dagrun for dataset_alias_example_alias_consumer to None, run_after=None
[2025-03-07T02:55:06.582+0000] {logging_mixin.py:190} INFO - [2025-03-07T02:55:06.581+0000] {dag.py:4180} INFO - Setting next_dagrun for dataset_alias_example_alias_producer to None, run_after=None
[2025-03-07T02:55:06.583+0000] {logging_mixin.py:190} INFO - [2025-03-07T02:55:06.582+0000] {dag.py:4180} INFO - Setting next_dagrun for dataset_s3_bucket_consumer to None, run_after=None
[2025-03-07T02:55:06.584+0000] {logging_mixin.py:190} INFO - [2025-03-07T02:55:06.584+0000] {dag.py:4180} INFO - Setting next_dagrun for dataset_s3_bucket_producer to None, run_after=None
[2025-03-07T02:55:06.626+0000] {processor.py:208} INFO - Processing /home/Ashreem/airflow-env/lib/python3.12/site-packages/airflow/example_dags/example_dataset_alias.py took 0.140 seconds
[2025-03-07T02:56:10.175+0000] {processor.py:186} INFO - Started process (PID=47885) to work on /home/Ashreem/airflow-env/lib/python3.12/site-packages/airflow/example_dags/example_dataset_alias.py
[2025-03-07T02:56:10.177+0000] {processor.py:914} INFO - Processing file /home/Ashreem/airflow-env/lib/python3.12/site-packages/airflow/example_dags/example_dataset_alias.py for tasks to queue
[2025-03-07T02:56:10.182+0000] {logging_mixin.py:190} INFO - [2025-03-07T02:56:10.182+0000] {dagbag.py:588} INFO - Filling up the DagBag from /home/Ashreem/airflow-env/lib/python3.12/site-packages/airflow/example_dags/example_dataset_alias.py
[2025-03-07T02:56:10.241+0000] {processor.py:925} INFO - DAG(s) 'dataset_alias_example_alias_producer', 'dataset_s3_bucket_producer', 'dataset_s3_bucket_consumer', 'dataset_alias_example_alias_consumer' retrieved from /home/Ashreem/airflow-env/lib/python3.12/site-packages/airflow/example_dags/example_dataset_alias.py
[2025-03-07T02:56:10.278+0000] {logging_mixin.py:190} INFO - [2025-03-07T02:56:10.278+0000] {dag.py:3239} INFO - Sync 4 DAGs
[2025-03-07T02:56:10.313+0000] {logging_mixin.py:190} INFO - [2025-03-07T02:56:10.313+0000] {dag.py:4180} INFO - Setting next_dagrun for dataset_alias_example_alias_consumer to None, run_after=None
[2025-03-07T02:56:10.317+0000] {logging_mixin.py:190} INFO - [2025-03-07T02:56:10.317+0000] {dag.py:4180} INFO - Setting next_dagrun for dataset_alias_example_alias_producer to None, run_after=None
[2025-03-07T02:56:10.319+0000] {logging_mixin.py:190} INFO - [2025-03-07T02:56:10.318+0000] {dag.py:4180} INFO - Setting next_dagrun for dataset_s3_bucket_consumer to None, run_after=None
[2025-03-07T02:56:10.320+0000] {logging_mixin.py:190} INFO - [2025-03-07T02:56:10.320+0000] {dag.py:4180} INFO - Setting next_dagrun for dataset_s3_bucket_producer to None, run_after=None
[2025-03-07T02:56:10.376+0000] {processor.py:208} INFO - Processing /home/Ashreem/airflow-env/lib/python3.12/site-packages/airflow/example_dags/example_dataset_alias.py took 0.221 seconds
[2025-03-07T02:57:07.826+0000] {processor.py:186} INFO - Started process (PID=47999) to work on /home/Ashreem/airflow-env/lib/python3.12/site-packages/airflow/example_dags/example_dataset_alias.py
[2025-03-07T02:57:07.828+0000] {processor.py:914} INFO - Processing file /home/Ashreem/airflow-env/lib/python3.12/site-packages/airflow/example_dags/example_dataset_alias.py for tasks to queue
[2025-03-07T02:57:07.832+0000] {logging_mixin.py:190} INFO - [2025-03-07T02:57:07.831+0000] {dagbag.py:588} INFO - Filling up the DagBag from /home/Ashreem/airflow-env/lib/python3.12/site-packages/airflow/example_dags/example_dataset_alias.py
[2025-03-07T02:57:07.869+0000] {processor.py:925} INFO - DAG(s) 'dataset_alias_example_alias_producer', 'dataset_s3_bucket_producer', 'dataset_alias_example_alias_consumer', 'dataset_s3_bucket_consumer' retrieved from /home/Ashreem/airflow-env/lib/python3.12/site-packages/airflow/example_dags/example_dataset_alias.py
[2025-03-07T02:57:07.896+0000] {logging_mixin.py:190} INFO - [2025-03-07T02:57:07.896+0000] {dag.py:3239} INFO - Sync 4 DAGs
[2025-03-07T02:57:07.922+0000] {logging_mixin.py:190} INFO - [2025-03-07T02:57:07.922+0000] {dag.py:4180} INFO - Setting next_dagrun for dataset_alias_example_alias_consumer to None, run_after=None
[2025-03-07T02:57:07.925+0000] {logging_mixin.py:190} INFO - [2025-03-07T02:57:07.925+0000] {dag.py:4180} INFO - Setting next_dagrun for dataset_alias_example_alias_producer to None, run_after=None
[2025-03-07T02:57:07.927+0000] {logging_mixin.py:190} INFO - [2025-03-07T02:57:07.926+0000] {dag.py:4180} INFO - Setting next_dagrun for dataset_s3_bucket_consumer to None, run_after=None
[2025-03-07T02:57:07.928+0000] {logging_mixin.py:190} INFO - [2025-03-07T02:57:07.928+0000] {dag.py:4180} INFO - Setting next_dagrun for dataset_s3_bucket_producer to None, run_after=None
[2025-03-07T02:57:07.970+0000] {processor.py:208} INFO - Processing /home/Ashreem/airflow-env/lib/python3.12/site-packages/airflow/example_dags/example_dataset_alias.py took 0.153 seconds
[2025-03-07T02:57:16.314+0000] {processor.py:186} INFO - Started process (PID=48015) to work on /home/Ashreem/airflow-env/lib/python3.12/site-packages/airflow/example_dags/example_dataset_alias.py
[2025-03-07T02:57:16.316+0000] {processor.py:914} INFO - Processing file /home/Ashreem/airflow-env/lib/python3.12/site-packages/airflow/example_dags/example_dataset_alias.py for tasks to queue
[2025-03-07T02:57:16.318+0000] {logging_mixin.py:190} INFO - [2025-03-07T02:57:16.318+0000] {dagbag.py:588} INFO - Filling up the DagBag from /home/Ashreem/airflow-env/lib/python3.12/site-packages/airflow/example_dags/example_dataset_alias.py
[2025-03-07T02:57:16.355+0000] {processor.py:925} INFO - DAG(s) 'dataset_s3_bucket_consumer', 'dataset_alias_example_alias_consumer', 'dataset_alias_example_alias_producer', 'dataset_s3_bucket_producer' retrieved from /home/Ashreem/airflow-env/lib/python3.12/site-packages/airflow/example_dags/example_dataset_alias.py
[2025-03-07T02:57:16.377+0000] {logging_mixin.py:190} INFO - [2025-03-07T02:57:16.377+0000] {dag.py:3239} INFO - Sync 4 DAGs
[2025-03-07T02:57:16.402+0000] {logging_mixin.py:190} INFO - [2025-03-07T02:57:16.402+0000] {dag.py:4180} INFO - Setting next_dagrun for dataset_alias_example_alias_consumer to None, run_after=None
[2025-03-07T02:57:16.404+0000] {logging_mixin.py:190} INFO - [2025-03-07T02:57:16.404+0000] {dag.py:4180} INFO - Setting next_dagrun for dataset_alias_example_alias_producer to None, run_after=None
[2025-03-07T02:57:16.405+0000] {logging_mixin.py:190} INFO - [2025-03-07T02:57:16.405+0000] {dag.py:4180} INFO - Setting next_dagrun for dataset_s3_bucket_consumer to None, run_after=None
[2025-03-07T02:57:16.407+0000] {logging_mixin.py:190} INFO - [2025-03-07T02:57:16.406+0000] {dag.py:4180} INFO - Setting next_dagrun for dataset_s3_bucket_producer to None, run_after=None
[2025-03-07T02:57:16.446+0000] {processor.py:208} INFO - Processing /home/Ashreem/airflow-env/lib/python3.12/site-packages/airflow/example_dags/example_dataset_alias.py took 0.140 seconds
[2025-03-07T02:58:18.764+0000] {processor.py:186} INFO - Started process (PID=48086) to work on /home/Ashreem/airflow-env/lib/python3.12/site-packages/airflow/example_dags/example_dataset_alias.py
[2025-03-07T02:58:18.766+0000] {processor.py:914} INFO - Processing file /home/Ashreem/airflow-env/lib/python3.12/site-packages/airflow/example_dags/example_dataset_alias.py for tasks to queue
[2025-03-07T02:58:18.768+0000] {logging_mixin.py:190} INFO - [2025-03-07T02:58:18.768+0000] {dagbag.py:588} INFO - Filling up the DagBag from /home/Ashreem/airflow-env/lib/python3.12/site-packages/airflow/example_dags/example_dataset_alias.py
[2025-03-07T02:58:18.799+0000] {processor.py:925} INFO - DAG(s) 'dataset_s3_bucket_producer', 'dataset_alias_example_alias_producer', 'dataset_s3_bucket_consumer', 'dataset_alias_example_alias_consumer' retrieved from /home/Ashreem/airflow-env/lib/python3.12/site-packages/airflow/example_dags/example_dataset_alias.py
[2025-03-07T02:58:18.821+0000] {logging_mixin.py:190} INFO - [2025-03-07T02:58:18.821+0000] {dag.py:3239} INFO - Sync 4 DAGs
[2025-03-07T02:58:18.847+0000] {logging_mixin.py:190} INFO - [2025-03-07T02:58:18.847+0000] {dag.py:4180} INFO - Setting next_dagrun for dataset_alias_example_alias_consumer to None, run_after=None
[2025-03-07T02:58:18.850+0000] {logging_mixin.py:190} INFO - [2025-03-07T02:58:18.850+0000] {dag.py:4180} INFO - Setting next_dagrun for dataset_alias_example_alias_producer to None, run_after=None
[2025-03-07T02:58:18.852+0000] {logging_mixin.py:190} INFO - [2025-03-07T02:58:18.851+0000] {dag.py:4180} INFO - Setting next_dagrun for dataset_s3_bucket_consumer to None, run_after=None
[2025-03-07T02:58:18.853+0000] {logging_mixin.py:190} INFO - [2025-03-07T02:58:18.852+0000] {dag.py:4180} INFO - Setting next_dagrun for dataset_s3_bucket_producer to None, run_after=None
[2025-03-07T02:58:18.892+0000] {processor.py:208} INFO - Processing /home/Ashreem/airflow-env/lib/python3.12/site-packages/airflow/example_dags/example_dataset_alias.py took 0.136 seconds
[2025-03-07T02:59:26.325+0000] {processor.py:186} INFO - Started process (PID=48202) to work on /home/Ashreem/airflow-env/lib/python3.12/site-packages/airflow/example_dags/example_dataset_alias.py
[2025-03-07T02:59:26.326+0000] {processor.py:914} INFO - Processing file /home/Ashreem/airflow-env/lib/python3.12/site-packages/airflow/example_dags/example_dataset_alias.py for tasks to queue
[2025-03-07T02:59:26.328+0000] {logging_mixin.py:190} INFO - [2025-03-07T02:59:26.328+0000] {dagbag.py:588} INFO - Filling up the DagBag from /home/Ashreem/airflow-env/lib/python3.12/site-packages/airflow/example_dags/example_dataset_alias.py
[2025-03-07T02:59:26.365+0000] {processor.py:925} INFO - DAG(s) 'dataset_s3_bucket_consumer', 'dataset_s3_bucket_producer', 'dataset_alias_example_alias_consumer', 'dataset_alias_example_alias_producer' retrieved from /home/Ashreem/airflow-env/lib/python3.12/site-packages/airflow/example_dags/example_dataset_alias.py
[2025-03-07T02:59:26.387+0000] {logging_mixin.py:190} INFO - [2025-03-07T02:59:26.387+0000] {dag.py:3239} INFO - Sync 4 DAGs
[2025-03-07T02:59:26.418+0000] {logging_mixin.py:190} INFO - [2025-03-07T02:59:26.417+0000] {dag.py:4180} INFO - Setting next_dagrun for dataset_alias_example_alias_consumer to None, run_after=None
[2025-03-07T02:59:26.420+0000] {logging_mixin.py:190} INFO - [2025-03-07T02:59:26.420+0000] {dag.py:4180} INFO - Setting next_dagrun for dataset_alias_example_alias_producer to None, run_after=None
[2025-03-07T02:59:26.421+0000] {logging_mixin.py:190} INFO - [2025-03-07T02:59:26.420+0000] {dag.py:4180} INFO - Setting next_dagrun for dataset_s3_bucket_consumer to None, run_after=None
[2025-03-07T02:59:26.422+0000] {logging_mixin.py:190} INFO - [2025-03-07T02:59:26.421+0000] {dag.py:4180} INFO - Setting next_dagrun for dataset_s3_bucket_producer to None, run_after=None
[2025-03-07T02:59:26.461+0000] {processor.py:208} INFO - Processing /home/Ashreem/airflow-env/lib/python3.12/site-packages/airflow/example_dags/example_dataset_alias.py took 0.144 seconds
[2025-03-07T03:00:33.632+0000] {processor.py:186} INFO - Started process (PID=48314) to work on /home/Ashreem/airflow-env/lib/python3.12/site-packages/airflow/example_dags/example_dataset_alias.py
[2025-03-07T03:00:33.633+0000] {processor.py:914} INFO - Processing file /home/Ashreem/airflow-env/lib/python3.12/site-packages/airflow/example_dags/example_dataset_alias.py for tasks to queue
[2025-03-07T03:00:33.636+0000] {logging_mixin.py:190} INFO - [2025-03-07T03:00:33.635+0000] {dagbag.py:588} INFO - Filling up the DagBag from /home/Ashreem/airflow-env/lib/python3.12/site-packages/airflow/example_dags/example_dataset_alias.py
[2025-03-07T03:00:33.668+0000] {processor.py:925} INFO - DAG(s) 'dataset_alias_example_alias_producer', 'dataset_s3_bucket_consumer', 'dataset_alias_example_alias_consumer', 'dataset_s3_bucket_producer' retrieved from /home/Ashreem/airflow-env/lib/python3.12/site-packages/airflow/example_dags/example_dataset_alias.py
[2025-03-07T03:00:33.691+0000] {logging_mixin.py:190} INFO - [2025-03-07T03:00:33.691+0000] {dag.py:3239} INFO - Sync 4 DAGs
[2025-03-07T03:00:33.720+0000] {logging_mixin.py:190} INFO - [2025-03-07T03:00:33.719+0000] {dag.py:4180} INFO - Setting next_dagrun for dataset_alias_example_alias_consumer to None, run_after=None
[2025-03-07T03:00:33.723+0000] {logging_mixin.py:190} INFO - [2025-03-07T03:00:33.722+0000] {dag.py:4180} INFO - Setting next_dagrun for dataset_alias_example_alias_producer to None, run_after=None
[2025-03-07T03:00:33.724+0000] {logging_mixin.py:190} INFO - [2025-03-07T03:00:33.723+0000] {dag.py:4180} INFO - Setting next_dagrun for dataset_s3_bucket_consumer to None, run_after=None
[2025-03-07T03:00:33.725+0000] {logging_mixin.py:190} INFO - [2025-03-07T03:00:33.725+0000] {dag.py:4180} INFO - Setting next_dagrun for dataset_s3_bucket_producer to None, run_after=None
[2025-03-07T03:00:33.766+0000] {processor.py:208} INFO - Processing /home/Ashreem/airflow-env/lib/python3.12/site-packages/airflow/example_dags/example_dataset_alias.py took 0.143 seconds
[2025-03-07T03:01:36.046+0000] {processor.py:186} INFO - Started process (PID=48386) to work on /home/Ashreem/airflow-env/lib/python3.12/site-packages/airflow/example_dags/example_dataset_alias.py
[2025-03-07T03:01:36.048+0000] {processor.py:914} INFO - Processing file /home/Ashreem/airflow-env/lib/python3.12/site-packages/airflow/example_dags/example_dataset_alias.py for tasks to queue
[2025-03-07T03:01:36.051+0000] {logging_mixin.py:190} INFO - [2025-03-07T03:01:36.050+0000] {dagbag.py:588} INFO - Filling up the DagBag from /home/Ashreem/airflow-env/lib/python3.12/site-packages/airflow/example_dags/example_dataset_alias.py
[2025-03-07T03:01:36.085+0000] {processor.py:925} INFO - DAG(s) 'dataset_alias_example_alias_consumer', 'dataset_s3_bucket_consumer', 'dataset_s3_bucket_producer', 'dataset_alias_example_alias_producer' retrieved from /home/Ashreem/airflow-env/lib/python3.12/site-packages/airflow/example_dags/example_dataset_alias.py
[2025-03-07T03:01:36.109+0000] {logging_mixin.py:190} INFO - [2025-03-07T03:01:36.108+0000] {dag.py:3239} INFO - Sync 4 DAGs
[2025-03-07T03:01:36.132+0000] {logging_mixin.py:190} INFO - [2025-03-07T03:01:36.131+0000] {dag.py:4180} INFO - Setting next_dagrun for dataset_alias_example_alias_consumer to None, run_after=None
[2025-03-07T03:01:36.134+0000] {logging_mixin.py:190} INFO - [2025-03-07T03:01:36.134+0000] {dag.py:4180} INFO - Setting next_dagrun for dataset_alias_example_alias_producer to None, run_after=None
[2025-03-07T03:01:36.135+0000] {logging_mixin.py:190} INFO - [2025-03-07T03:01:36.135+0000] {dag.py:4180} INFO - Setting next_dagrun for dataset_s3_bucket_consumer to None, run_after=None
[2025-03-07T03:01:36.136+0000] {logging_mixin.py:190} INFO - [2025-03-07T03:01:36.136+0000] {dag.py:4180} INFO - Setting next_dagrun for dataset_s3_bucket_producer to None, run_after=None
[2025-03-07T03:01:36.183+0000] {processor.py:208} INFO - Processing /home/Ashreem/airflow-env/lib/python3.12/site-packages/airflow/example_dags/example_dataset_alias.py took 0.145 seconds
[2025-03-07T03:02:39.407+0000] {processor.py:186} INFO - Started process (PID=48520) to work on /home/Ashreem/airflow-env/lib/python3.12/site-packages/airflow/example_dags/example_dataset_alias.py
[2025-03-07T03:02:39.409+0000] {processor.py:914} INFO - Processing file /home/Ashreem/airflow-env/lib/python3.12/site-packages/airflow/example_dags/example_dataset_alias.py for tasks to queue
[2025-03-07T03:02:39.412+0000] {logging_mixin.py:190} INFO - [2025-03-07T03:02:39.411+0000] {dagbag.py:588} INFO - Filling up the DagBag from /home/Ashreem/airflow-env/lib/python3.12/site-packages/airflow/example_dags/example_dataset_alias.py
[2025-03-07T03:02:39.448+0000] {processor.py:925} INFO - DAG(s) 'dataset_s3_bucket_producer', 'dataset_alias_example_alias_producer', 'dataset_alias_example_alias_consumer', 'dataset_s3_bucket_consumer' retrieved from /home/Ashreem/airflow-env/lib/python3.12/site-packages/airflow/example_dags/example_dataset_alias.py
[2025-03-07T03:02:39.471+0000] {logging_mixin.py:190} INFO - [2025-03-07T03:02:39.471+0000] {dag.py:3239} INFO - Sync 4 DAGs
[2025-03-07T03:02:39.502+0000] {logging_mixin.py:190} INFO - [2025-03-07T03:02:39.501+0000] {dag.py:4180} INFO - Setting next_dagrun for dataset_alias_example_alias_consumer to None, run_after=None
[2025-03-07T03:02:39.504+0000] {logging_mixin.py:190} INFO - [2025-03-07T03:02:39.504+0000] {dag.py:4180} INFO - Setting next_dagrun for dataset_alias_example_alias_producer to None, run_after=None
[2025-03-07T03:02:39.505+0000] {logging_mixin.py:190} INFO - [2025-03-07T03:02:39.505+0000] {dag.py:4180} INFO - Setting next_dagrun for dataset_s3_bucket_consumer to None, run_after=None
[2025-03-07T03:02:39.507+0000] {logging_mixin.py:190} INFO - [2025-03-07T03:02:39.506+0000] {dag.py:4180} INFO - Setting next_dagrun for dataset_s3_bucket_producer to None, run_after=None
[2025-03-07T03:02:39.544+0000] {processor.py:208} INFO - Processing /home/Ashreem/airflow-env/lib/python3.12/site-packages/airflow/example_dags/example_dataset_alias.py took 0.146 seconds
[2025-03-07T03:04:18.775+0000] {processor.py:186} INFO - Started process (PID=48652) to work on /home/Ashreem/airflow-env/lib/python3.12/site-packages/airflow/example_dags/example_dataset_alias.py
[2025-03-07T03:04:18.777+0000] {processor.py:914} INFO - Processing file /home/Ashreem/airflow-env/lib/python3.12/site-packages/airflow/example_dags/example_dataset_alias.py for tasks to queue
[2025-03-07T03:04:18.780+0000] {logging_mixin.py:190} INFO - [2025-03-07T03:04:18.780+0000] {dagbag.py:588} INFO - Filling up the DagBag from /home/Ashreem/airflow-env/lib/python3.12/site-packages/airflow/example_dags/example_dataset_alias.py
[2025-03-07T03:04:18.812+0000] {processor.py:925} INFO - DAG(s) 'dataset_s3_bucket_producer', 'dataset_alias_example_alias_consumer', 'dataset_alias_example_alias_producer', 'dataset_s3_bucket_consumer' retrieved from /home/Ashreem/airflow-env/lib/python3.12/site-packages/airflow/example_dags/example_dataset_alias.py
[2025-03-07T03:04:18.835+0000] {logging_mixin.py:190} INFO - [2025-03-07T03:04:18.835+0000] {dag.py:3239} INFO - Sync 4 DAGs
[2025-03-07T03:04:18.865+0000] {logging_mixin.py:190} INFO - [2025-03-07T03:04:18.865+0000] {dag.py:4180} INFO - Setting next_dagrun for dataset_alias_example_alias_consumer to None, run_after=None
[2025-03-07T03:04:18.868+0000] {logging_mixin.py:190} INFO - [2025-03-07T03:04:18.868+0000] {dag.py:4180} INFO - Setting next_dagrun for dataset_alias_example_alias_producer to None, run_after=None
[2025-03-07T03:04:18.870+0000] {logging_mixin.py:190} INFO - [2025-03-07T03:04:18.870+0000] {dag.py:4180} INFO - Setting next_dagrun for dataset_s3_bucket_consumer to None, run_after=None
[2025-03-07T03:04:18.871+0000] {logging_mixin.py:190} INFO - [2025-03-07T03:04:18.871+0000] {dag.py:4180} INFO - Setting next_dagrun for dataset_s3_bucket_producer to None, run_after=None
[2025-03-07T03:04:18.914+0000] {processor.py:208} INFO - Processing /home/Ashreem/airflow-env/lib/python3.12/site-packages/airflow/example_dags/example_dataset_alias.py took 0.147 seconds
[2025-03-07T03:05:22.154+0000] {processor.py:186} INFO - Started process (PID=48886) to work on /home/Ashreem/airflow-env/lib/python3.12/site-packages/airflow/example_dags/example_dataset_alias.py
[2025-03-07T03:05:22.156+0000] {processor.py:914} INFO - Processing file /home/Ashreem/airflow-env/lib/python3.12/site-packages/airflow/example_dags/example_dataset_alias.py for tasks to queue
[2025-03-07T03:05:22.159+0000] {logging_mixin.py:190} INFO - [2025-03-07T03:05:22.159+0000] {dagbag.py:588} INFO - Filling up the DagBag from /home/Ashreem/airflow-env/lib/python3.12/site-packages/airflow/example_dags/example_dataset_alias.py
[2025-03-07T03:05:22.194+0000] {processor.py:925} INFO - DAG(s) 'dataset_alias_example_alias_consumer', 'dataset_s3_bucket_consumer', 'dataset_s3_bucket_producer', 'dataset_alias_example_alias_producer' retrieved from /home/Ashreem/airflow-env/lib/python3.12/site-packages/airflow/example_dags/example_dataset_alias.py
[2025-03-07T03:05:22.224+0000] {logging_mixin.py:190} INFO - [2025-03-07T03:05:22.223+0000] {dag.py:3239} INFO - Sync 4 DAGs
[2025-03-07T03:05:22.254+0000] {logging_mixin.py:190} INFO - [2025-03-07T03:05:22.254+0000] {dag.py:4180} INFO - Setting next_dagrun for dataset_alias_example_alias_consumer to None, run_after=None
[2025-03-07T03:05:22.257+0000] {logging_mixin.py:190} INFO - [2025-03-07T03:05:22.257+0000] {dag.py:4180} INFO - Setting next_dagrun for dataset_alias_example_alias_producer to None, run_after=None
[2025-03-07T03:05:22.258+0000] {logging_mixin.py:190} INFO - [2025-03-07T03:05:22.258+0000] {dag.py:4180} INFO - Setting next_dagrun for dataset_s3_bucket_consumer to None, run_after=None
[2025-03-07T03:05:22.260+0000] {logging_mixin.py:190} INFO - [2025-03-07T03:05:22.259+0000] {dag.py:4180} INFO - Setting next_dagrun for dataset_s3_bucket_producer to None, run_after=None
[2025-03-07T03:05:22.302+0000] {processor.py:208} INFO - Processing /home/Ashreem/airflow-env/lib/python3.12/site-packages/airflow/example_dags/example_dataset_alias.py took 0.156 seconds
[2025-03-07T03:06:27.880+0000] {processor.py:186} INFO - Started process (PID=48972) to work on /home/Ashreem/airflow-env/lib/python3.12/site-packages/airflow/example_dags/example_dataset_alias.py
[2025-03-07T03:06:27.881+0000] {processor.py:914} INFO - Processing file /home/Ashreem/airflow-env/lib/python3.12/site-packages/airflow/example_dags/example_dataset_alias.py for tasks to queue
[2025-03-07T03:06:27.884+0000] {logging_mixin.py:190} INFO - [2025-03-07T03:06:27.883+0000] {dagbag.py:588} INFO - Filling up the DagBag from /home/Ashreem/airflow-env/lib/python3.12/site-packages/airflow/example_dags/example_dataset_alias.py
[2025-03-07T03:06:27.916+0000] {processor.py:925} INFO - DAG(s) 'dataset_alias_example_alias_consumer', 'dataset_s3_bucket_producer', 'dataset_alias_example_alias_producer', 'dataset_s3_bucket_consumer' retrieved from /home/Ashreem/airflow-env/lib/python3.12/site-packages/airflow/example_dags/example_dataset_alias.py
[2025-03-07T03:06:27.939+0000] {logging_mixin.py:190} INFO - [2025-03-07T03:06:27.938+0000] {dag.py:3239} INFO - Sync 4 DAGs
[2025-03-07T03:06:27.966+0000] {logging_mixin.py:190} INFO - [2025-03-07T03:06:27.966+0000] {dag.py:4180} INFO - Setting next_dagrun for dataset_alias_example_alias_consumer to None, run_after=None
[2025-03-07T03:06:27.968+0000] {logging_mixin.py:190} INFO - [2025-03-07T03:06:27.968+0000] {dag.py:4180} INFO - Setting next_dagrun for dataset_alias_example_alias_producer to None, run_after=None
[2025-03-07T03:06:27.969+0000] {logging_mixin.py:190} INFO - [2025-03-07T03:06:27.969+0000] {dag.py:4180} INFO - Setting next_dagrun for dataset_s3_bucket_consumer to None, run_after=None
[2025-03-07T03:06:27.971+0000] {logging_mixin.py:190} INFO - [2025-03-07T03:06:27.970+0000] {dag.py:4180} INFO - Setting next_dagrun for dataset_s3_bucket_producer to None, run_after=None
[2025-03-07T03:06:28.012+0000] {processor.py:208} INFO - Processing /home/Ashreem/airflow-env/lib/python3.12/site-packages/airflow/example_dags/example_dataset_alias.py took 0.140 seconds
[2025-03-07T03:08:34.529+0000] {processor.py:186} INFO - Started process (PID=49119) to work on /home/Ashreem/airflow-env/lib/python3.12/site-packages/airflow/example_dags/example_dataset_alias.py
[2025-03-07T03:08:34.532+0000] {processor.py:914} INFO - Processing file /home/Ashreem/airflow-env/lib/python3.12/site-packages/airflow/example_dags/example_dataset_alias.py for tasks to queue
[2025-03-07T03:08:34.534+0000] {logging_mixin.py:190} INFO - [2025-03-07T03:08:34.534+0000] {dagbag.py:588} INFO - Filling up the DagBag from /home/Ashreem/airflow-env/lib/python3.12/site-packages/airflow/example_dags/example_dataset_alias.py
[2025-03-07T03:08:34.568+0000] {processor.py:925} INFO - DAG(s) 'dataset_alias_example_alias_consumer', 'dataset_s3_bucket_producer', 'dataset_alias_example_alias_producer', 'dataset_s3_bucket_consumer' retrieved from /home/Ashreem/airflow-env/lib/python3.12/site-packages/airflow/example_dags/example_dataset_alias.py
[2025-03-07T03:08:34.591+0000] {logging_mixin.py:190} INFO - [2025-03-07T03:08:34.591+0000] {dag.py:3239} INFO - Sync 4 DAGs
[2025-03-07T03:08:34.615+0000] {logging_mixin.py:190} INFO - [2025-03-07T03:08:34.614+0000] {dag.py:4180} INFO - Setting next_dagrun for dataset_alias_example_alias_consumer to None, run_after=None
[2025-03-07T03:08:34.617+0000] {logging_mixin.py:190} INFO - [2025-03-07T03:08:34.616+0000] {dag.py:4180} INFO - Setting next_dagrun for dataset_alias_example_alias_producer to None, run_after=None
[2025-03-07T03:08:34.618+0000] {logging_mixin.py:190} INFO - [2025-03-07T03:08:34.617+0000] {dag.py:4180} INFO - Setting next_dagrun for dataset_s3_bucket_consumer to None, run_after=None
[2025-03-07T03:08:34.619+0000] {logging_mixin.py:190} INFO - [2025-03-07T03:08:34.619+0000] {dag.py:4180} INFO - Setting next_dagrun for dataset_s3_bucket_producer to None, run_after=None
[2025-03-07T03:08:34.659+0000] {processor.py:208} INFO - Processing /home/Ashreem/airflow-env/lib/python3.12/site-packages/airflow/example_dags/example_dataset_alias.py took 0.137 seconds
[2025-03-07T03:09:37.928+0000] {processor.py:186} INFO - Started process (PID=49190) to work on /home/Ashreem/airflow-env/lib/python3.12/site-packages/airflow/example_dags/example_dataset_alias.py
[2025-03-07T03:09:37.929+0000] {processor.py:914} INFO - Processing file /home/Ashreem/airflow-env/lib/python3.12/site-packages/airflow/example_dags/example_dataset_alias.py for tasks to queue
[2025-03-07T03:09:37.932+0000] {logging_mixin.py:190} INFO - [2025-03-07T03:09:37.932+0000] {dagbag.py:588} INFO - Filling up the DagBag from /home/Ashreem/airflow-env/lib/python3.12/site-packages/airflow/example_dags/example_dataset_alias.py
[2025-03-07T03:09:37.968+0000] {processor.py:925} INFO - DAG(s) 'dataset_s3_bucket_consumer', 'dataset_alias_example_alias_producer', 'dataset_s3_bucket_producer', 'dataset_alias_example_alias_consumer' retrieved from /home/Ashreem/airflow-env/lib/python3.12/site-packages/airflow/example_dags/example_dataset_alias.py
[2025-03-07T03:09:37.994+0000] {logging_mixin.py:190} INFO - [2025-03-07T03:09:37.994+0000] {dag.py:3239} INFO - Sync 4 DAGs
[2025-03-07T03:09:38.022+0000] {logging_mixin.py:190} INFO - [2025-03-07T03:09:38.021+0000] {dag.py:4180} INFO - Setting next_dagrun for dataset_alias_example_alias_consumer to None, run_after=None
[2025-03-07T03:09:38.025+0000] {logging_mixin.py:190} INFO - [2025-03-07T03:09:38.024+0000] {dag.py:4180} INFO - Setting next_dagrun for dataset_alias_example_alias_producer to None, run_after=None
[2025-03-07T03:09:38.026+0000] {logging_mixin.py:190} INFO - [2025-03-07T03:09:38.026+0000] {dag.py:4180} INFO - Setting next_dagrun for dataset_s3_bucket_consumer to None, run_after=None
[2025-03-07T03:09:38.027+0000] {logging_mixin.py:190} INFO - [2025-03-07T03:09:38.027+0000] {dag.py:4180} INFO - Setting next_dagrun for dataset_s3_bucket_producer to None, run_after=None
[2025-03-07T03:09:38.068+0000] {processor.py:208} INFO - Processing /home/Ashreem/airflow-env/lib/python3.12/site-packages/airflow/example_dags/example_dataset_alias.py took 0.148 seconds
