[2025-03-07T02:31:19.983+0000] {processor.py:186} INFO - Started process (PID=46019) to work on /home/Ashreem/airflow-env/lib/python3.12/site-packages/airflow/example_dags/example_bash_decorator.py
[2025-03-07T02:31:19.984+0000] {processor.py:914} INFO - Processing file /home/Ashreem/airflow-env/lib/python3.12/site-packages/airflow/example_dags/example_bash_decorator.py for tasks to queue
[2025-03-07T02:31:19.988+0000] {logging_mixin.py:190} INFO - [2025-03-07T02:31:19.987+0000] {dagbag.py:588} INFO - Filling up the DagBag from /home/Ashreem/airflow-env/lib/python3.12/site-packages/airflow/example_dags/example_bash_decorator.py
[2025-03-07T02:31:20.010+0000] {processor.py:925} INFO - DAG(s) 'example_bash_decorator' retrieved from /home/Ashreem/airflow-env/lib/python3.12/site-packages/airflow/example_dags/example_bash_decorator.py
[2025-03-07T02:31:20.194+0000] {logging_mixin.py:190} INFO - [2025-03-07T02:31:20.193+0000] {override.py:1930} INFO - Created Permission View: can read on DAG:example_bash_decorator
[2025-03-07T02:31:20.222+0000] {logging_mixin.py:190} INFO - [2025-03-07T02:31:20.221+0000] {override.py:1930} INFO - Created Permission View: can delete on DAG:example_bash_decorator
[2025-03-07T02:31:20.249+0000] {logging_mixin.py:190} INFO - [2025-03-07T02:31:20.248+0000] {override.py:1930} INFO - Created Permission View: can edit on DAG:example_bash_decorator
[2025-03-07T02:31:20.310+0000] {logging_mixin.py:190} INFO - [2025-03-07T02:31:20.309+0000] {override.py:1930} INFO - Created Permission View: can read on DAG Run:example_bash_decorator
[2025-03-07T02:31:20.343+0000] {logging_mixin.py:190} INFO - [2025-03-07T02:31:20.343+0000] {override.py:1930} INFO - Created Permission View: can delete on DAG Run:example_bash_decorator
[2025-03-07T02:31:20.366+0000] {logging_mixin.py:190} INFO - [2025-03-07T02:31:20.366+0000] {override.py:1930} INFO - Created Permission View: menu access on DAG Run:example_bash_decorator
[2025-03-07T02:31:20.392+0000] {logging_mixin.py:190} INFO - [2025-03-07T02:31:20.392+0000] {override.py:1930} INFO - Created Permission View: can create on DAG Run:example_bash_decorator
[2025-03-07T02:31:20.393+0000] {logging_mixin.py:190} INFO - [2025-03-07T02:31:20.392+0000] {dag.py:3239} INFO - Sync 1 DAGs
[2025-03-07T02:31:20.408+0000] {logging_mixin.py:190} INFO - [2025-03-07T02:31:20.407+0000] {dag.py:3262} INFO - Creating ORM DAG for example_bash_decorator
[2025-03-07T02:31:20.409+0000] {logging_mixin.py:190} INFO - [2025-03-07T02:31:20.408+0000] {dag.py:4180} INFO - Setting next_dagrun for example_bash_decorator to None, run_after=None
[2025-03-07T02:31:20.448+0000] {processor.py:208} INFO - Processing /home/Ashreem/airflow-env/lib/python3.12/site-packages/airflow/example_dags/example_bash_decorator.py took 0.474 seconds
[2025-03-07T02:33:45.494+0000] {processor.py:186} INFO - Started process (PID=46254) to work on /home/Ashreem/airflow-env/lib/python3.12/site-packages/airflow/example_dags/example_bash_decorator.py
[2025-03-07T02:33:45.496+0000] {processor.py:914} INFO - Processing file /home/Ashreem/airflow-env/lib/python3.12/site-packages/airflow/example_dags/example_bash_decorator.py for tasks to queue
[2025-03-07T02:33:45.498+0000] {logging_mixin.py:190} INFO - [2025-03-07T02:33:45.498+0000] {dagbag.py:588} INFO - Filling up the DagBag from /home/Ashreem/airflow-env/lib/python3.12/site-packages/airflow/example_dags/example_bash_decorator.py
[2025-03-07T02:33:45.521+0000] {processor.py:925} INFO - DAG(s) 'example_bash_decorator' retrieved from /home/Ashreem/airflow-env/lib/python3.12/site-packages/airflow/example_dags/example_bash_decorator.py
[2025-03-07T02:33:45.697+0000] {logging_mixin.py:190} INFO - [2025-03-07T02:33:45.696+0000] {dag.py:3239} INFO - Sync 1 DAGs
[2025-03-07T02:33:45.710+0000] {logging_mixin.py:190} INFO - [2025-03-07T02:33:45.709+0000] {dag.py:4180} INFO - Setting next_dagrun for example_bash_decorator to None, run_after=None
[2025-03-07T02:33:45.755+0000] {processor.py:208} INFO - Processing /home/Ashreem/airflow-env/lib/python3.12/site-packages/airflow/example_dags/example_bash_decorator.py took 0.268 seconds
[2025-03-07T02:34:58.375+0000] {processor.py:186} INFO - Started process (PID=46460) to work on /home/Ashreem/airflow-env/lib/python3.12/site-packages/airflow/example_dags/example_bash_decorator.py
[2025-03-07T02:34:58.376+0000] {processor.py:914} INFO - Processing file /home/Ashreem/airflow-env/lib/python3.12/site-packages/airflow/example_dags/example_bash_decorator.py for tasks to queue
[2025-03-07T02:34:58.380+0000] {logging_mixin.py:190} INFO - [2025-03-07T02:34:58.379+0000] {dagbag.py:588} INFO - Filling up the DagBag from /home/Ashreem/airflow-env/lib/python3.12/site-packages/airflow/example_dags/example_bash_decorator.py
[2025-03-07T02:34:58.402+0000] {processor.py:925} INFO - DAG(s) 'example_bash_decorator' retrieved from /home/Ashreem/airflow-env/lib/python3.12/site-packages/airflow/example_dags/example_bash_decorator.py
[2025-03-07T02:34:58.429+0000] {logging_mixin.py:190} INFO - [2025-03-07T02:34:58.429+0000] {dag.py:3239} INFO - Sync 1 DAGs
[2025-03-07T02:34:58.445+0000] {logging_mixin.py:190} INFO - [2025-03-07T02:34:58.445+0000] {dag.py:4180} INFO - Setting next_dagrun for example_bash_decorator to None, run_after=None
[2025-03-07T02:34:58.480+0000] {processor.py:208} INFO - Processing /home/Ashreem/airflow-env/lib/python3.12/site-packages/airflow/example_dags/example_bash_decorator.py took 0.113 seconds
[2025-03-07T02:36:03.204+0000] {processor.py:186} INFO - Started process (PID=46528) to work on /home/Ashreem/airflow-env/lib/python3.12/site-packages/airflow/example_dags/example_bash_decorator.py
[2025-03-07T02:36:03.205+0000] {processor.py:914} INFO - Processing file /home/Ashreem/airflow-env/lib/python3.12/site-packages/airflow/example_dags/example_bash_decorator.py for tasks to queue
[2025-03-07T02:36:03.208+0000] {logging_mixin.py:190} INFO - [2025-03-07T02:36:03.207+0000] {dagbag.py:588} INFO - Filling up the DagBag from /home/Ashreem/airflow-env/lib/python3.12/site-packages/airflow/example_dags/example_bash_decorator.py
[2025-03-07T02:36:03.232+0000] {processor.py:925} INFO - DAG(s) 'example_bash_decorator' retrieved from /home/Ashreem/airflow-env/lib/python3.12/site-packages/airflow/example_dags/example_bash_decorator.py
[2025-03-07T02:36:03.279+0000] {logging_mixin.py:190} INFO - [2025-03-07T02:36:03.279+0000] {dag.py:3239} INFO - Sync 1 DAGs
[2025-03-07T02:36:03.295+0000] {logging_mixin.py:190} INFO - [2025-03-07T02:36:03.295+0000] {dag.py:4180} INFO - Setting next_dagrun for example_bash_decorator to None, run_after=None
[2025-03-07T02:36:03.332+0000] {processor.py:208} INFO - Processing /home/Ashreem/airflow-env/lib/python3.12/site-packages/airflow/example_dags/example_bash_decorator.py took 0.134 seconds
[2025-03-07T02:37:11.393+0000] {processor.py:186} INFO - Started process (PID=46597) to work on /home/Ashreem/airflow-env/lib/python3.12/site-packages/airflow/example_dags/example_bash_decorator.py
[2025-03-07T02:37:11.394+0000] {processor.py:914} INFO - Processing file /home/Ashreem/airflow-env/lib/python3.12/site-packages/airflow/example_dags/example_bash_decorator.py for tasks to queue
[2025-03-07T02:37:11.397+0000] {logging_mixin.py:190} INFO - [2025-03-07T02:37:11.396+0000] {dagbag.py:588} INFO - Filling up the DagBag from /home/Ashreem/airflow-env/lib/python3.12/site-packages/airflow/example_dags/example_bash_decorator.py
[2025-03-07T02:37:11.416+0000] {processor.py:925} INFO - DAG(s) 'example_bash_decorator' retrieved from /home/Ashreem/airflow-env/lib/python3.12/site-packages/airflow/example_dags/example_bash_decorator.py
[2025-03-07T02:37:11.439+0000] {logging_mixin.py:190} INFO - [2025-03-07T02:37:11.438+0000] {dag.py:3239} INFO - Sync 1 DAGs
[2025-03-07T02:37:11.457+0000] {logging_mixin.py:190} INFO - [2025-03-07T02:37:11.457+0000] {dag.py:4180} INFO - Setting next_dagrun for example_bash_decorator to None, run_after=None
[2025-03-07T02:37:11.502+0000] {processor.py:208} INFO - Processing /home/Ashreem/airflow-env/lib/python3.12/site-packages/airflow/example_dags/example_bash_decorator.py took 0.118 seconds
[2025-03-07T02:38:13.364+0000] {processor.py:186} INFO - Started process (PID=46657) to work on /home/Ashreem/airflow-env/lib/python3.12/site-packages/airflow/example_dags/example_bash_decorator.py
[2025-03-07T02:38:13.366+0000] {processor.py:914} INFO - Processing file /home/Ashreem/airflow-env/lib/python3.12/site-packages/airflow/example_dags/example_bash_decorator.py for tasks to queue
[2025-03-07T02:38:13.369+0000] {logging_mixin.py:190} INFO - [2025-03-07T02:38:13.368+0000] {dagbag.py:588} INFO - Filling up the DagBag from /home/Ashreem/airflow-env/lib/python3.12/site-packages/airflow/example_dags/example_bash_decorator.py
[2025-03-07T02:38:13.391+0000] {processor.py:925} INFO - DAG(s) 'example_bash_decorator' retrieved from /home/Ashreem/airflow-env/lib/python3.12/site-packages/airflow/example_dags/example_bash_decorator.py
[2025-03-07T02:38:13.416+0000] {logging_mixin.py:190} INFO - [2025-03-07T02:38:13.415+0000] {dag.py:3239} INFO - Sync 1 DAGs
[2025-03-07T02:38:13.431+0000] {logging_mixin.py:190} INFO - [2025-03-07T02:38:13.431+0000] {dag.py:4180} INFO - Setting next_dagrun for example_bash_decorator to None, run_after=None
[2025-03-07T02:38:13.470+0000] {processor.py:208} INFO - Processing /home/Ashreem/airflow-env/lib/python3.12/site-packages/airflow/example_dags/example_bash_decorator.py took 0.113 seconds
[2025-03-07T02:39:15.926+0000] {processor.py:186} INFO - Started process (PID=46727) to work on /home/Ashreem/airflow-env/lib/python3.12/site-packages/airflow/example_dags/example_bash_decorator.py
[2025-03-07T02:39:15.928+0000] {processor.py:914} INFO - Processing file /home/Ashreem/airflow-env/lib/python3.12/site-packages/airflow/example_dags/example_bash_decorator.py for tasks to queue
[2025-03-07T02:39:15.931+0000] {logging_mixin.py:190} INFO - [2025-03-07T02:39:15.931+0000] {dagbag.py:588} INFO - Filling up the DagBag from /home/Ashreem/airflow-env/lib/python3.12/site-packages/airflow/example_dags/example_bash_decorator.py
[2025-03-07T02:39:15.960+0000] {processor.py:925} INFO - DAG(s) 'example_bash_decorator' retrieved from /home/Ashreem/airflow-env/lib/python3.12/site-packages/airflow/example_dags/example_bash_decorator.py
[2025-03-07T02:39:15.987+0000] {logging_mixin.py:190} INFO - [2025-03-07T02:39:15.987+0000] {dag.py:3239} INFO - Sync 1 DAGs
[2025-03-07T02:39:16.005+0000] {logging_mixin.py:190} INFO - [2025-03-07T02:39:16.004+0000] {dag.py:4180} INFO - Setting next_dagrun for example_bash_decorator to None, run_after=None
[2025-03-07T02:39:16.048+0000] {processor.py:208} INFO - Processing /home/Ashreem/airflow-env/lib/python3.12/site-packages/airflow/example_dags/example_bash_decorator.py took 0.132 seconds
[2025-03-07T02:40:19.213+0000] {processor.py:186} INFO - Started process (PID=46789) to work on /home/Ashreem/airflow-env/lib/python3.12/site-packages/airflow/example_dags/example_bash_decorator.py
[2025-03-07T02:40:19.215+0000] {processor.py:914} INFO - Processing file /home/Ashreem/airflow-env/lib/python3.12/site-packages/airflow/example_dags/example_bash_decorator.py for tasks to queue
[2025-03-07T02:40:19.218+0000] {logging_mixin.py:190} INFO - [2025-03-07T02:40:19.218+0000] {dagbag.py:588} INFO - Filling up the DagBag from /home/Ashreem/airflow-env/lib/python3.12/site-packages/airflow/example_dags/example_bash_decorator.py
[2025-03-07T02:40:19.243+0000] {processor.py:925} INFO - DAG(s) 'example_bash_decorator' retrieved from /home/Ashreem/airflow-env/lib/python3.12/site-packages/airflow/example_dags/example_bash_decorator.py
[2025-03-07T02:40:19.271+0000] {logging_mixin.py:190} INFO - [2025-03-07T02:40:19.270+0000] {dag.py:3239} INFO - Sync 1 DAGs
[2025-03-07T02:40:19.287+0000] {logging_mixin.py:190} INFO - [2025-03-07T02:40:19.287+0000] {dag.py:4180} INFO - Setting next_dagrun for example_bash_decorator to None, run_after=None
[2025-03-07T02:40:19.330+0000] {processor.py:208} INFO - Processing /home/Ashreem/airflow-env/lib/python3.12/site-packages/airflow/example_dags/example_bash_decorator.py took 0.125 seconds
[2025-03-07T02:41:22.672+0000] {processor.py:186} INFO - Started process (PID=46855) to work on /home/Ashreem/airflow-env/lib/python3.12/site-packages/airflow/example_dags/example_bash_decorator.py
[2025-03-07T02:41:22.674+0000] {processor.py:914} INFO - Processing file /home/Ashreem/airflow-env/lib/python3.12/site-packages/airflow/example_dags/example_bash_decorator.py for tasks to queue
[2025-03-07T02:41:22.677+0000] {logging_mixin.py:190} INFO - [2025-03-07T02:41:22.677+0000] {dagbag.py:588} INFO - Filling up the DagBag from /home/Ashreem/airflow-env/lib/python3.12/site-packages/airflow/example_dags/example_bash_decorator.py
[2025-03-07T02:41:22.702+0000] {processor.py:925} INFO - DAG(s) 'example_bash_decorator' retrieved from /home/Ashreem/airflow-env/lib/python3.12/site-packages/airflow/example_dags/example_bash_decorator.py
[2025-03-07T02:41:22.727+0000] {logging_mixin.py:190} INFO - [2025-03-07T02:41:22.727+0000] {dag.py:3239} INFO - Sync 1 DAGs
[2025-03-07T02:41:22.744+0000] {logging_mixin.py:190} INFO - [2025-03-07T02:41:22.744+0000] {dag.py:4180} INFO - Setting next_dagrun for example_bash_decorator to None, run_after=None
[2025-03-07T02:41:22.787+0000] {processor.py:208} INFO - Processing /home/Ashreem/airflow-env/lib/python3.12/site-packages/airflow/example_dags/example_bash_decorator.py took 0.124 seconds
[2025-03-07T02:42:25.941+0000] {processor.py:186} INFO - Started process (PID=46918) to work on /home/Ashreem/airflow-env/lib/python3.12/site-packages/airflow/example_dags/example_bash_decorator.py
[2025-03-07T02:42:25.943+0000] {processor.py:914} INFO - Processing file /home/Ashreem/airflow-env/lib/python3.12/site-packages/airflow/example_dags/example_bash_decorator.py for tasks to queue
[2025-03-07T02:42:25.945+0000] {logging_mixin.py:190} INFO - [2025-03-07T02:42:25.945+0000] {dagbag.py:588} INFO - Filling up the DagBag from /home/Ashreem/airflow-env/lib/python3.12/site-packages/airflow/example_dags/example_bash_decorator.py
[2025-03-07T02:42:25.966+0000] {processor.py:925} INFO - DAG(s) 'example_bash_decorator' retrieved from /home/Ashreem/airflow-env/lib/python3.12/site-packages/airflow/example_dags/example_bash_decorator.py
[2025-03-07T02:42:25.991+0000] {logging_mixin.py:190} INFO - [2025-03-07T02:42:25.991+0000] {dag.py:3239} INFO - Sync 1 DAGs
[2025-03-07T02:42:26.008+0000] {logging_mixin.py:190} INFO - [2025-03-07T02:42:26.008+0000] {dag.py:4180} INFO - Setting next_dagrun for example_bash_decorator to None, run_after=None
[2025-03-07T02:42:26.045+0000] {processor.py:208} INFO - Processing /home/Ashreem/airflow-env/lib/python3.12/site-packages/airflow/example_dags/example_bash_decorator.py took 0.111 seconds
[2025-03-07T02:43:30.242+0000] {processor.py:186} INFO - Started process (PID=46991) to work on /home/Ashreem/airflow-env/lib/python3.12/site-packages/airflow/example_dags/example_bash_decorator.py
[2025-03-07T02:43:30.243+0000] {processor.py:914} INFO - Processing file /home/Ashreem/airflow-env/lib/python3.12/site-packages/airflow/example_dags/example_bash_decorator.py for tasks to queue
[2025-03-07T02:43:30.247+0000] {logging_mixin.py:190} INFO - [2025-03-07T02:43:30.246+0000] {dagbag.py:588} INFO - Filling up the DagBag from /home/Ashreem/airflow-env/lib/python3.12/site-packages/airflow/example_dags/example_bash_decorator.py
[2025-03-07T02:43:30.272+0000] {processor.py:925} INFO - DAG(s) 'example_bash_decorator' retrieved from /home/Ashreem/airflow-env/lib/python3.12/site-packages/airflow/example_dags/example_bash_decorator.py
[2025-03-07T02:43:30.295+0000] {logging_mixin.py:190} INFO - [2025-03-07T02:43:30.295+0000] {dag.py:3239} INFO - Sync 1 DAGs
[2025-03-07T02:43:30.313+0000] {logging_mixin.py:190} INFO - [2025-03-07T02:43:30.313+0000] {dag.py:4180} INFO - Setting next_dagrun for example_bash_decorator to None, run_after=None
[2025-03-07T02:43:30.361+0000] {processor.py:208} INFO - Processing /home/Ashreem/airflow-env/lib/python3.12/site-packages/airflow/example_dags/example_bash_decorator.py took 0.130 seconds
[2025-03-07T02:44:34.117+0000] {processor.py:186} INFO - Started process (PID=47071) to work on /home/Ashreem/airflow-env/lib/python3.12/site-packages/airflow/example_dags/example_bash_decorator.py
[2025-03-07T02:44:34.119+0000] {processor.py:914} INFO - Processing file /home/Ashreem/airflow-env/lib/python3.12/site-packages/airflow/example_dags/example_bash_decorator.py for tasks to queue
[2025-03-07T02:44:34.121+0000] {logging_mixin.py:190} INFO - [2025-03-07T02:44:34.121+0000] {dagbag.py:588} INFO - Filling up the DagBag from /home/Ashreem/airflow-env/lib/python3.12/site-packages/airflow/example_dags/example_bash_decorator.py
[2025-03-07T02:44:34.144+0000] {processor.py:925} INFO - DAG(s) 'example_bash_decorator' retrieved from /home/Ashreem/airflow-env/lib/python3.12/site-packages/airflow/example_dags/example_bash_decorator.py
[2025-03-07T02:44:34.171+0000] {logging_mixin.py:190} INFO - [2025-03-07T02:44:34.171+0000] {dag.py:3239} INFO - Sync 1 DAGs
[2025-03-07T02:44:34.196+0000] {logging_mixin.py:190} INFO - [2025-03-07T02:44:34.196+0000] {dag.py:4180} INFO - Setting next_dagrun for example_bash_decorator to None, run_after=None
[2025-03-07T02:44:34.234+0000] {processor.py:208} INFO - Processing /home/Ashreem/airflow-env/lib/python3.12/site-packages/airflow/example_dags/example_bash_decorator.py took 0.125 seconds
[2025-03-07T02:45:36.621+0000] {processor.py:186} INFO - Started process (PID=47138) to work on /home/Ashreem/airflow-env/lib/python3.12/site-packages/airflow/example_dags/example_bash_decorator.py
[2025-03-07T02:45:36.624+0000] {processor.py:914} INFO - Processing file /home/Ashreem/airflow-env/lib/python3.12/site-packages/airflow/example_dags/example_bash_decorator.py for tasks to queue
[2025-03-07T02:45:36.627+0000] {logging_mixin.py:190} INFO - [2025-03-07T02:45:36.627+0000] {dagbag.py:588} INFO - Filling up the DagBag from /home/Ashreem/airflow-env/lib/python3.12/site-packages/airflow/example_dags/example_bash_decorator.py
[2025-03-07T02:45:36.647+0000] {processor.py:925} INFO - DAG(s) 'example_bash_decorator' retrieved from /home/Ashreem/airflow-env/lib/python3.12/site-packages/airflow/example_dags/example_bash_decorator.py
[2025-03-07T02:45:36.674+0000] {logging_mixin.py:190} INFO - [2025-03-07T02:45:36.673+0000] {dag.py:3239} INFO - Sync 1 DAGs
[2025-03-07T02:45:36.694+0000] {logging_mixin.py:190} INFO - [2025-03-07T02:45:36.694+0000] {dag.py:4180} INFO - Setting next_dagrun for example_bash_decorator to None, run_after=None
[2025-03-07T02:45:36.731+0000] {processor.py:208} INFO - Processing /home/Ashreem/airflow-env/lib/python3.12/site-packages/airflow/example_dags/example_bash_decorator.py took 0.118 seconds
[2025-03-07T02:46:40.676+0000] {processor.py:186} INFO - Started process (PID=47203) to work on /home/Ashreem/airflow-env/lib/python3.12/site-packages/airflow/example_dags/example_bash_decorator.py
[2025-03-07T02:46:40.678+0000] {processor.py:914} INFO - Processing file /home/Ashreem/airflow-env/lib/python3.12/site-packages/airflow/example_dags/example_bash_decorator.py for tasks to queue
[2025-03-07T02:46:40.680+0000] {logging_mixin.py:190} INFO - [2025-03-07T02:46:40.680+0000] {dagbag.py:588} INFO - Filling up the DagBag from /home/Ashreem/airflow-env/lib/python3.12/site-packages/airflow/example_dags/example_bash_decorator.py
[2025-03-07T02:46:40.700+0000] {processor.py:925} INFO - DAG(s) 'example_bash_decorator' retrieved from /home/Ashreem/airflow-env/lib/python3.12/site-packages/airflow/example_dags/example_bash_decorator.py
[2025-03-07T02:46:40.724+0000] {logging_mixin.py:190} INFO - [2025-03-07T02:46:40.724+0000] {dag.py:3239} INFO - Sync 1 DAGs
[2025-03-07T02:46:40.740+0000] {logging_mixin.py:190} INFO - [2025-03-07T02:46:40.739+0000] {dag.py:4180} INFO - Setting next_dagrun for example_bash_decorator to None, run_after=None
[2025-03-07T02:46:40.783+0000] {processor.py:208} INFO - Processing /home/Ashreem/airflow-env/lib/python3.12/site-packages/airflow/example_dags/example_bash_decorator.py took 0.115 seconds
[2025-03-07T02:47:43.956+0000] {processor.py:186} INFO - Started process (PID=47263) to work on /home/Ashreem/airflow-env/lib/python3.12/site-packages/airflow/example_dags/example_bash_decorator.py
[2025-03-07T02:47:43.957+0000] {processor.py:914} INFO - Processing file /home/Ashreem/airflow-env/lib/python3.12/site-packages/airflow/example_dags/example_bash_decorator.py for tasks to queue
[2025-03-07T02:47:43.961+0000] {logging_mixin.py:190} INFO - [2025-03-07T02:47:43.960+0000] {dagbag.py:588} INFO - Filling up the DagBag from /home/Ashreem/airflow-env/lib/python3.12/site-packages/airflow/example_dags/example_bash_decorator.py
[2025-03-07T02:47:43.981+0000] {processor.py:925} INFO - DAG(s) 'example_bash_decorator' retrieved from /home/Ashreem/airflow-env/lib/python3.12/site-packages/airflow/example_dags/example_bash_decorator.py
[2025-03-07T02:47:44.008+0000] {logging_mixin.py:190} INFO - [2025-03-07T02:47:44.007+0000] {dag.py:3239} INFO - Sync 1 DAGs
[2025-03-07T02:47:44.023+0000] {logging_mixin.py:190} INFO - [2025-03-07T02:47:44.023+0000] {dag.py:4180} INFO - Setting next_dagrun for example_bash_decorator to None, run_after=None
[2025-03-07T02:47:44.059+0000] {processor.py:208} INFO - Processing /home/Ashreem/airflow-env/lib/python3.12/site-packages/airflow/example_dags/example_bash_decorator.py took 0.110 seconds
[2025-03-07T02:48:53.326+0000] {processor.py:186} INFO - Started process (PID=47343) to work on /home/Ashreem/airflow-env/lib/python3.12/site-packages/airflow/example_dags/example_bash_decorator.py
[2025-03-07T02:48:53.327+0000] {processor.py:914} INFO - Processing file /home/Ashreem/airflow-env/lib/python3.12/site-packages/airflow/example_dags/example_bash_decorator.py for tasks to queue
[2025-03-07T02:48:53.330+0000] {logging_mixin.py:190} INFO - [2025-03-07T02:48:53.330+0000] {dagbag.py:588} INFO - Filling up the DagBag from /home/Ashreem/airflow-env/lib/python3.12/site-packages/airflow/example_dags/example_bash_decorator.py
[2025-03-07T02:48:53.351+0000] {processor.py:925} INFO - DAG(s) 'example_bash_decorator' retrieved from /home/Ashreem/airflow-env/lib/python3.12/site-packages/airflow/example_dags/example_bash_decorator.py
[2025-03-07T02:48:53.381+0000] {logging_mixin.py:190} INFO - [2025-03-07T02:48:53.380+0000] {dag.py:3239} INFO - Sync 1 DAGs
[2025-03-07T02:48:53.398+0000] {logging_mixin.py:190} INFO - [2025-03-07T02:48:53.398+0000] {dag.py:4180} INFO - Setting next_dagrun for example_bash_decorator to None, run_after=None
[2025-03-07T02:48:53.439+0000] {processor.py:208} INFO - Processing /home/Ashreem/airflow-env/lib/python3.12/site-packages/airflow/example_dags/example_bash_decorator.py took 0.123 seconds
[2025-03-07T02:49:58.863+0000] {processor.py:186} INFO - Started process (PID=47415) to work on /home/Ashreem/airflow-env/lib/python3.12/site-packages/airflow/example_dags/example_bash_decorator.py
[2025-03-07T02:49:58.865+0000] {processor.py:914} INFO - Processing file /home/Ashreem/airflow-env/lib/python3.12/site-packages/airflow/example_dags/example_bash_decorator.py for tasks to queue
[2025-03-07T02:49:58.867+0000] {logging_mixin.py:190} INFO - [2025-03-07T02:49:58.867+0000] {dagbag.py:588} INFO - Filling up the DagBag from /home/Ashreem/airflow-env/lib/python3.12/site-packages/airflow/example_dags/example_bash_decorator.py
[2025-03-07T02:49:58.888+0000] {processor.py:925} INFO - DAG(s) 'example_bash_decorator' retrieved from /home/Ashreem/airflow-env/lib/python3.12/site-packages/airflow/example_dags/example_bash_decorator.py
[2025-03-07T02:49:58.915+0000] {logging_mixin.py:190} INFO - [2025-03-07T02:49:58.915+0000] {dag.py:3239} INFO - Sync 1 DAGs
[2025-03-07T02:49:58.932+0000] {logging_mixin.py:190} INFO - [2025-03-07T02:49:58.932+0000] {dag.py:4180} INFO - Setting next_dagrun for example_bash_decorator to None, run_after=None
[2025-03-07T02:49:58.968+0000] {processor.py:208} INFO - Processing /home/Ashreem/airflow-env/lib/python3.12/site-packages/airflow/example_dags/example_bash_decorator.py took 0.113 seconds
[2025-03-07T02:51:01.669+0000] {processor.py:186} INFO - Started process (PID=47484) to work on /home/Ashreem/airflow-env/lib/python3.12/site-packages/airflow/example_dags/example_bash_decorator.py
[2025-03-07T02:51:01.671+0000] {processor.py:914} INFO - Processing file /home/Ashreem/airflow-env/lib/python3.12/site-packages/airflow/example_dags/example_bash_decorator.py for tasks to queue
[2025-03-07T02:51:01.674+0000] {logging_mixin.py:190} INFO - [2025-03-07T02:51:01.673+0000] {dagbag.py:588} INFO - Filling up the DagBag from /home/Ashreem/airflow-env/lib/python3.12/site-packages/airflow/example_dags/example_bash_decorator.py
[2025-03-07T02:51:01.694+0000] {processor.py:925} INFO - DAG(s) 'example_bash_decorator' retrieved from /home/Ashreem/airflow-env/lib/python3.12/site-packages/airflow/example_dags/example_bash_decorator.py
[2025-03-07T02:51:01.720+0000] {logging_mixin.py:190} INFO - [2025-03-07T02:51:01.720+0000] {dag.py:3239} INFO - Sync 1 DAGs
[2025-03-07T02:51:01.736+0000] {logging_mixin.py:190} INFO - [2025-03-07T02:51:01.736+0000] {dag.py:4180} INFO - Setting next_dagrun for example_bash_decorator to None, run_after=None
[2025-03-07T02:51:01.773+0000] {processor.py:208} INFO - Processing /home/Ashreem/airflow-env/lib/python3.12/site-packages/airflow/example_dags/example_bash_decorator.py took 0.112 seconds
[2025-03-07T02:52:04.435+0000] {processor.py:186} INFO - Started process (PID=47547) to work on /home/Ashreem/airflow-env/lib/python3.12/site-packages/airflow/example_dags/example_bash_decorator.py
[2025-03-07T02:52:04.436+0000] {processor.py:914} INFO - Processing file /home/Ashreem/airflow-env/lib/python3.12/site-packages/airflow/example_dags/example_bash_decorator.py for tasks to queue
[2025-03-07T02:52:04.439+0000] {logging_mixin.py:190} INFO - [2025-03-07T02:52:04.439+0000] {dagbag.py:588} INFO - Filling up the DagBag from /home/Ashreem/airflow-env/lib/python3.12/site-packages/airflow/example_dags/example_bash_decorator.py
[2025-03-07T02:52:04.461+0000] {processor.py:925} INFO - DAG(s) 'example_bash_decorator' retrieved from /home/Ashreem/airflow-env/lib/python3.12/site-packages/airflow/example_dags/example_bash_decorator.py
[2025-03-07T02:52:04.491+0000] {logging_mixin.py:190} INFO - [2025-03-07T02:52:04.491+0000] {dag.py:3239} INFO - Sync 1 DAGs
[2025-03-07T02:52:04.511+0000] {logging_mixin.py:190} INFO - [2025-03-07T02:52:04.511+0000] {dag.py:4180} INFO - Setting next_dagrun for example_bash_decorator to None, run_after=None
[2025-03-07T02:52:04.548+0000] {processor.py:208} INFO - Processing /home/Ashreem/airflow-env/lib/python3.12/site-packages/airflow/example_dags/example_bash_decorator.py took 0.121 seconds
[2025-03-07T02:53:11.398+0000] {processor.py:186} INFO - Started process (PID=47615) to work on /home/Ashreem/airflow-env/lib/python3.12/site-packages/airflow/example_dags/example_bash_decorator.py
[2025-03-07T02:53:11.400+0000] {processor.py:914} INFO - Processing file /home/Ashreem/airflow-env/lib/python3.12/site-packages/airflow/example_dags/example_bash_decorator.py for tasks to queue
[2025-03-07T02:53:11.404+0000] {logging_mixin.py:190} INFO - [2025-03-07T02:53:11.403+0000] {dagbag.py:588} INFO - Filling up the DagBag from /home/Ashreem/airflow-env/lib/python3.12/site-packages/airflow/example_dags/example_bash_decorator.py
[2025-03-07T02:53:11.426+0000] {processor.py:925} INFO - DAG(s) 'example_bash_decorator' retrieved from /home/Ashreem/airflow-env/lib/python3.12/site-packages/airflow/example_dags/example_bash_decorator.py
[2025-03-07T02:53:11.453+0000] {logging_mixin.py:190} INFO - [2025-03-07T02:53:11.452+0000] {dag.py:3239} INFO - Sync 1 DAGs
[2025-03-07T02:53:11.470+0000] {logging_mixin.py:190} INFO - [2025-03-07T02:53:11.470+0000] {dag.py:4180} INFO - Setting next_dagrun for example_bash_decorator to None, run_after=None
[2025-03-07T02:53:11.510+0000] {processor.py:208} INFO - Processing /home/Ashreem/airflow-env/lib/python3.12/site-packages/airflow/example_dags/example_bash_decorator.py took 0.119 seconds
[2025-03-07T02:54:12.981+0000] {processor.py:186} INFO - Started process (PID=47679) to work on /home/Ashreem/airflow-env/lib/python3.12/site-packages/airflow/example_dags/example_bash_decorator.py
[2025-03-07T02:54:12.983+0000] {processor.py:914} INFO - Processing file /home/Ashreem/airflow-env/lib/python3.12/site-packages/airflow/example_dags/example_bash_decorator.py for tasks to queue
[2025-03-07T02:54:12.986+0000] {logging_mixin.py:190} INFO - [2025-03-07T02:54:12.985+0000] {dagbag.py:588} INFO - Filling up the DagBag from /home/Ashreem/airflow-env/lib/python3.12/site-packages/airflow/example_dags/example_bash_decorator.py
[2025-03-07T02:54:13.007+0000] {processor.py:925} INFO - DAG(s) 'example_bash_decorator' retrieved from /home/Ashreem/airflow-env/lib/python3.12/site-packages/airflow/example_dags/example_bash_decorator.py
[2025-03-07T02:54:13.034+0000] {logging_mixin.py:190} INFO - [2025-03-07T02:54:13.034+0000] {dag.py:3239} INFO - Sync 1 DAGs
[2025-03-07T02:54:13.051+0000] {logging_mixin.py:190} INFO - [2025-03-07T02:54:13.050+0000] {dag.py:4180} INFO - Setting next_dagrun for example_bash_decorator to None, run_after=None
[2025-03-07T02:54:13.090+0000] {processor.py:208} INFO - Processing /home/Ashreem/airflow-env/lib/python3.12/site-packages/airflow/example_dags/example_bash_decorator.py took 0.117 seconds
[2025-03-07T02:55:14.250+0000] {processor.py:186} INFO - Started process (PID=47746) to work on /home/Ashreem/airflow-env/lib/python3.12/site-packages/airflow/example_dags/example_bash_decorator.py
[2025-03-07T02:55:14.252+0000] {processor.py:914} INFO - Processing file /home/Ashreem/airflow-env/lib/python3.12/site-packages/airflow/example_dags/example_bash_decorator.py for tasks to queue
[2025-03-07T02:55:14.254+0000] {logging_mixin.py:190} INFO - [2025-03-07T02:55:14.254+0000] {dagbag.py:588} INFO - Filling up the DagBag from /home/Ashreem/airflow-env/lib/python3.12/site-packages/airflow/example_dags/example_bash_decorator.py
[2025-03-07T02:55:14.278+0000] {processor.py:925} INFO - DAG(s) 'example_bash_decorator' retrieved from /home/Ashreem/airflow-env/lib/python3.12/site-packages/airflow/example_dags/example_bash_decorator.py
[2025-03-07T02:55:14.305+0000] {logging_mixin.py:190} INFO - [2025-03-07T02:55:14.304+0000] {dag.py:3239} INFO - Sync 1 DAGs
[2025-03-07T02:55:14.322+0000] {logging_mixin.py:190} INFO - [2025-03-07T02:55:14.322+0000] {dag.py:4180} INFO - Setting next_dagrun for example_bash_decorator to None, run_after=None
[2025-03-07T02:55:14.364+0000] {processor.py:208} INFO - Processing /home/Ashreem/airflow-env/lib/python3.12/site-packages/airflow/example_dags/example_bash_decorator.py took 0.122 seconds
[2025-03-07T02:56:18.379+0000] {processor.py:186} INFO - Started process (PID=47908) to work on /home/Ashreem/airflow-env/lib/python3.12/site-packages/airflow/example_dags/example_bash_decorator.py
[2025-03-07T02:56:18.380+0000] {processor.py:914} INFO - Processing file /home/Ashreem/airflow-env/lib/python3.12/site-packages/airflow/example_dags/example_bash_decorator.py for tasks to queue
[2025-03-07T02:56:18.384+0000] {logging_mixin.py:190} INFO - [2025-03-07T02:56:18.383+0000] {dagbag.py:588} INFO - Filling up the DagBag from /home/Ashreem/airflow-env/lib/python3.12/site-packages/airflow/example_dags/example_bash_decorator.py
[2025-03-07T02:56:18.407+0000] {processor.py:925} INFO - DAG(s) 'example_bash_decorator' retrieved from /home/Ashreem/airflow-env/lib/python3.12/site-packages/airflow/example_dags/example_bash_decorator.py
[2025-03-07T02:56:18.467+0000] {logging_mixin.py:190} INFO - [2025-03-07T02:56:18.466+0000] {dag.py:3239} INFO - Sync 1 DAGs
[2025-03-07T02:56:18.489+0000] {logging_mixin.py:190} INFO - [2025-03-07T02:56:18.488+0000] {dag.py:4180} INFO - Setting next_dagrun for example_bash_decorator to None, run_after=None
[2025-03-07T02:56:18.539+0000] {processor.py:208} INFO - Processing /home/Ashreem/airflow-env/lib/python3.12/site-packages/airflow/example_dags/example_bash_decorator.py took 0.166 seconds
[2025-03-07T02:57:14.339+0000] {processor.py:186} INFO - Started process (PID=48012) to work on /home/Ashreem/airflow-env/lib/python3.12/site-packages/airflow/example_dags/example_bash_decorator.py
[2025-03-07T02:57:14.341+0000] {processor.py:914} INFO - Processing file /home/Ashreem/airflow-env/lib/python3.12/site-packages/airflow/example_dags/example_bash_decorator.py for tasks to queue
[2025-03-07T02:57:14.343+0000] {logging_mixin.py:190} INFO - [2025-03-07T02:57:14.343+0000] {dagbag.py:588} INFO - Filling up the DagBag from /home/Ashreem/airflow-env/lib/python3.12/site-packages/airflow/example_dags/example_bash_decorator.py
[2025-03-07T02:57:14.365+0000] {processor.py:925} INFO - DAG(s) 'example_bash_decorator' retrieved from /home/Ashreem/airflow-env/lib/python3.12/site-packages/airflow/example_dags/example_bash_decorator.py
[2025-03-07T02:57:14.497+0000] {logging_mixin.py:190} INFO - [2025-03-07T02:57:14.497+0000] {dag.py:3239} INFO - Sync 1 DAGs
[2025-03-07T02:57:14.510+0000] {logging_mixin.py:190} INFO - [2025-03-07T02:57:14.510+0000] {dag.py:4180} INFO - Setting next_dagrun for example_bash_decorator to None, run_after=None
[2025-03-07T02:57:14.553+0000] {processor.py:208} INFO - Processing /home/Ashreem/airflow-env/lib/python3.12/site-packages/airflow/example_dags/example_bash_decorator.py took 0.223 seconds
[2025-03-07T02:57:24.043+0000] {processor.py:186} INFO - Started process (PID=48023) to work on /home/Ashreem/airflow-env/lib/python3.12/site-packages/airflow/example_dags/example_bash_decorator.py
[2025-03-07T02:57:24.044+0000] {processor.py:914} INFO - Processing file /home/Ashreem/airflow-env/lib/python3.12/site-packages/airflow/example_dags/example_bash_decorator.py for tasks to queue
[2025-03-07T02:57:24.047+0000] {logging_mixin.py:190} INFO - [2025-03-07T02:57:24.046+0000] {dagbag.py:588} INFO - Filling up the DagBag from /home/Ashreem/airflow-env/lib/python3.12/site-packages/airflow/example_dags/example_bash_decorator.py
[2025-03-07T02:57:24.070+0000] {processor.py:925} INFO - DAG(s) 'example_bash_decorator' retrieved from /home/Ashreem/airflow-env/lib/python3.12/site-packages/airflow/example_dags/example_bash_decorator.py
[2025-03-07T02:57:24.083+0000] {logging_mixin.py:190} INFO - [2025-03-07T02:57:24.082+0000] {dag.py:3239} INFO - Sync 1 DAGs
[2025-03-07T02:57:24.101+0000] {logging_mixin.py:190} INFO - [2025-03-07T02:57:24.101+0000] {dag.py:4180} INFO - Setting next_dagrun for example_bash_decorator to None, run_after=None
[2025-03-07T02:57:24.138+0000] {processor.py:208} INFO - Processing /home/Ashreem/airflow-env/lib/python3.12/site-packages/airflow/example_dags/example_bash_decorator.py took 0.104 seconds
[2025-03-07T02:58:27.403+0000] {processor.py:186} INFO - Started process (PID=48094) to work on /home/Ashreem/airflow-env/lib/python3.12/site-packages/airflow/example_dags/example_bash_decorator.py
[2025-03-07T02:58:27.404+0000] {processor.py:914} INFO - Processing file /home/Ashreem/airflow-env/lib/python3.12/site-packages/airflow/example_dags/example_bash_decorator.py for tasks to queue
[2025-03-07T02:58:27.407+0000] {logging_mixin.py:190} INFO - [2025-03-07T02:58:27.406+0000] {dagbag.py:588} INFO - Filling up the DagBag from /home/Ashreem/airflow-env/lib/python3.12/site-packages/airflow/example_dags/example_bash_decorator.py
[2025-03-07T02:58:27.430+0000] {processor.py:925} INFO - DAG(s) 'example_bash_decorator' retrieved from /home/Ashreem/airflow-env/lib/python3.12/site-packages/airflow/example_dags/example_bash_decorator.py
[2025-03-07T02:58:27.569+0000] {logging_mixin.py:190} INFO - [2025-03-07T02:58:27.569+0000] {dag.py:3239} INFO - Sync 1 DAGs
[2025-03-07T02:58:27.582+0000] {logging_mixin.py:190} INFO - [2025-03-07T02:58:27.582+0000] {dag.py:4180} INFO - Setting next_dagrun for example_bash_decorator to None, run_after=None
[2025-03-07T02:58:27.619+0000] {processor.py:208} INFO - Processing /home/Ashreem/airflow-env/lib/python3.12/site-packages/airflow/example_dags/example_bash_decorator.py took 0.224 seconds
[2025-03-07T02:59:34.118+0000] {processor.py:186} INFO - Started process (PID=48212) to work on /home/Ashreem/airflow-env/lib/python3.12/site-packages/airflow/example_dags/example_bash_decorator.py
[2025-03-07T02:59:34.119+0000] {processor.py:914} INFO - Processing file /home/Ashreem/airflow-env/lib/python3.12/site-packages/airflow/example_dags/example_bash_decorator.py for tasks to queue
[2025-03-07T02:59:34.121+0000] {logging_mixin.py:190} INFO - [2025-03-07T02:59:34.121+0000] {dagbag.py:588} INFO - Filling up the DagBag from /home/Ashreem/airflow-env/lib/python3.12/site-packages/airflow/example_dags/example_bash_decorator.py
[2025-03-07T02:59:34.141+0000] {processor.py:925} INFO - DAG(s) 'example_bash_decorator' retrieved from /home/Ashreem/airflow-env/lib/python3.12/site-packages/airflow/example_dags/example_bash_decorator.py
[2025-03-07T02:59:34.165+0000] {logging_mixin.py:190} INFO - [2025-03-07T02:59:34.165+0000] {dag.py:3239} INFO - Sync 1 DAGs
[2025-03-07T02:59:34.181+0000] {logging_mixin.py:190} INFO - [2025-03-07T02:59:34.181+0000] {dag.py:4180} INFO - Setting next_dagrun for example_bash_decorator to None, run_after=None
[2025-03-07T02:59:34.217+0000] {processor.py:208} INFO - Processing /home/Ashreem/airflow-env/lib/python3.12/site-packages/airflow/example_dags/example_bash_decorator.py took 0.108 seconds
[2025-03-07T03:00:41.967+0000] {processor.py:186} INFO - Started process (PID=48323) to work on /home/Ashreem/airflow-env/lib/python3.12/site-packages/airflow/example_dags/example_bash_decorator.py
[2025-03-07T03:00:41.970+0000] {processor.py:914} INFO - Processing file /home/Ashreem/airflow-env/lib/python3.12/site-packages/airflow/example_dags/example_bash_decorator.py for tasks to queue
[2025-03-07T03:00:41.972+0000] {logging_mixin.py:190} INFO - [2025-03-07T03:00:41.972+0000] {dagbag.py:588} INFO - Filling up the DagBag from /home/Ashreem/airflow-env/lib/python3.12/site-packages/airflow/example_dags/example_bash_decorator.py
[2025-03-07T03:00:41.993+0000] {processor.py:925} INFO - DAG(s) 'example_bash_decorator' retrieved from /home/Ashreem/airflow-env/lib/python3.12/site-packages/airflow/example_dags/example_bash_decorator.py
[2025-03-07T03:00:42.020+0000] {logging_mixin.py:190} INFO - [2025-03-07T03:00:42.020+0000] {dag.py:3239} INFO - Sync 1 DAGs
[2025-03-07T03:00:42.037+0000] {logging_mixin.py:190} INFO - [2025-03-07T03:00:42.037+0000] {dag.py:4180} INFO - Setting next_dagrun for example_bash_decorator to None, run_after=None
[2025-03-07T03:00:42.079+0000] {processor.py:208} INFO - Processing /home/Ashreem/airflow-env/lib/python3.12/site-packages/airflow/example_dags/example_bash_decorator.py took 0.119 seconds
[2025-03-07T03:01:42.978+0000] {processor.py:186} INFO - Started process (PID=48394) to work on /home/Ashreem/airflow-env/lib/python3.12/site-packages/airflow/example_dags/example_bash_decorator.py
[2025-03-07T03:01:42.980+0000] {processor.py:914} INFO - Processing file /home/Ashreem/airflow-env/lib/python3.12/site-packages/airflow/example_dags/example_bash_decorator.py for tasks to queue
[2025-03-07T03:01:42.983+0000] {logging_mixin.py:190} INFO - [2025-03-07T03:01:42.983+0000] {dagbag.py:588} INFO - Filling up the DagBag from /home/Ashreem/airflow-env/lib/python3.12/site-packages/airflow/example_dags/example_bash_decorator.py
[2025-03-07T03:01:43.007+0000] {processor.py:925} INFO - DAG(s) 'example_bash_decorator' retrieved from /home/Ashreem/airflow-env/lib/python3.12/site-packages/airflow/example_dags/example_bash_decorator.py
[2025-03-07T03:01:43.032+0000] {logging_mixin.py:190} INFO - [2025-03-07T03:01:43.031+0000] {dag.py:3239} INFO - Sync 1 DAGs
[2025-03-07T03:01:43.048+0000] {logging_mixin.py:190} INFO - [2025-03-07T03:01:43.048+0000] {dag.py:4180} INFO - Setting next_dagrun for example_bash_decorator to None, run_after=None
[2025-03-07T03:01:43.090+0000] {processor.py:208} INFO - Processing /home/Ashreem/airflow-env/lib/python3.12/site-packages/airflow/example_dags/example_bash_decorator.py took 0.119 seconds
[2025-03-07T03:02:46.527+0000] {processor.py:186} INFO - Started process (PID=48527) to work on /home/Ashreem/airflow-env/lib/python3.12/site-packages/airflow/example_dags/example_bash_decorator.py
[2025-03-07T03:02:46.531+0000] {processor.py:914} INFO - Processing file /home/Ashreem/airflow-env/lib/python3.12/site-packages/airflow/example_dags/example_bash_decorator.py for tasks to queue
[2025-03-07T03:02:46.533+0000] {logging_mixin.py:190} INFO - [2025-03-07T03:02:46.533+0000] {dagbag.py:588} INFO - Filling up the DagBag from /home/Ashreem/airflow-env/lib/python3.12/site-packages/airflow/example_dags/example_bash_decorator.py
[2025-03-07T03:02:46.552+0000] {processor.py:925} INFO - DAG(s) 'example_bash_decorator' retrieved from /home/Ashreem/airflow-env/lib/python3.12/site-packages/airflow/example_dags/example_bash_decorator.py
[2025-03-07T03:02:46.580+0000] {logging_mixin.py:190} INFO - [2025-03-07T03:02:46.580+0000] {dag.py:3239} INFO - Sync 1 DAGs
[2025-03-07T03:02:46.595+0000] {logging_mixin.py:190} INFO - [2025-03-07T03:02:46.595+0000] {dag.py:4180} INFO - Setting next_dagrun for example_bash_decorator to None, run_after=None
[2025-03-07T03:02:46.632+0000] {processor.py:208} INFO - Processing /home/Ashreem/airflow-env/lib/python3.12/site-packages/airflow/example_dags/example_bash_decorator.py took 0.112 seconds
[2025-03-07T03:04:27.525+0000] {processor.py:186} INFO - Started process (PID=48661) to work on /home/Ashreem/airflow-env/lib/python3.12/site-packages/airflow/example_dags/example_bash_decorator.py
[2025-03-07T03:04:27.528+0000] {processor.py:914} INFO - Processing file /home/Ashreem/airflow-env/lib/python3.12/site-packages/airflow/example_dags/example_bash_decorator.py for tasks to queue
[2025-03-07T03:04:27.530+0000] {logging_mixin.py:190} INFO - [2025-03-07T03:04:27.530+0000] {dagbag.py:588} INFO - Filling up the DagBag from /home/Ashreem/airflow-env/lib/python3.12/site-packages/airflow/example_dags/example_bash_decorator.py
[2025-03-07T03:04:27.551+0000] {processor.py:925} INFO - DAG(s) 'example_bash_decorator' retrieved from /home/Ashreem/airflow-env/lib/python3.12/site-packages/airflow/example_dags/example_bash_decorator.py
[2025-03-07T03:04:27.677+0000] {logging_mixin.py:190} INFO - [2025-03-07T03:04:27.677+0000] {dag.py:3239} INFO - Sync 1 DAGs
[2025-03-07T03:04:27.688+0000] {logging_mixin.py:190} INFO - [2025-03-07T03:04:27.688+0000] {dag.py:4180} INFO - Setting next_dagrun for example_bash_decorator to None, run_after=None
[2025-03-07T03:04:27.729+0000] {processor.py:208} INFO - Processing /home/Ashreem/airflow-env/lib/python3.12/site-packages/airflow/example_dags/example_bash_decorator.py took 0.211 seconds
[2025-03-07T03:05:29.712+0000] {processor.py:186} INFO - Started process (PID=48911) to work on /home/Ashreem/airflow-env/lib/python3.12/site-packages/airflow/example_dags/example_bash_decorator.py
[2025-03-07T03:05:29.714+0000] {processor.py:914} INFO - Processing file /home/Ashreem/airflow-env/lib/python3.12/site-packages/airflow/example_dags/example_bash_decorator.py for tasks to queue
[2025-03-07T03:05:29.716+0000] {logging_mixin.py:190} INFO - [2025-03-07T03:05:29.716+0000] {dagbag.py:588} INFO - Filling up the DagBag from /home/Ashreem/airflow-env/lib/python3.12/site-packages/airflow/example_dags/example_bash_decorator.py
[2025-03-07T03:05:29.739+0000] {processor.py:925} INFO - DAG(s) 'example_bash_decorator' retrieved from /home/Ashreem/airflow-env/lib/python3.12/site-packages/airflow/example_dags/example_bash_decorator.py
[2025-03-07T03:05:29.764+0000] {logging_mixin.py:190} INFO - [2025-03-07T03:05:29.763+0000] {dag.py:3239} INFO - Sync 1 DAGs
[2025-03-07T03:05:29.779+0000] {logging_mixin.py:190} INFO - [2025-03-07T03:05:29.779+0000] {dag.py:4180} INFO - Setting next_dagrun for example_bash_decorator to None, run_after=None
[2025-03-07T03:05:29.812+0000] {processor.py:208} INFO - Processing /home/Ashreem/airflow-env/lib/python3.12/site-packages/airflow/example_dags/example_bash_decorator.py took 0.108 seconds
[2025-03-07T03:06:36.675+0000] {processor.py:186} INFO - Started process (PID=48980) to work on /home/Ashreem/airflow-env/lib/python3.12/site-packages/airflow/example_dags/example_bash_decorator.py
[2025-03-07T03:06:36.676+0000] {processor.py:914} INFO - Processing file /home/Ashreem/airflow-env/lib/python3.12/site-packages/airflow/example_dags/example_bash_decorator.py for tasks to queue
[2025-03-07T03:06:36.679+0000] {logging_mixin.py:190} INFO - [2025-03-07T03:06:36.678+0000] {dagbag.py:588} INFO - Filling up the DagBag from /home/Ashreem/airflow-env/lib/python3.12/site-packages/airflow/example_dags/example_bash_decorator.py
[2025-03-07T03:06:36.699+0000] {processor.py:925} INFO - DAG(s) 'example_bash_decorator' retrieved from /home/Ashreem/airflow-env/lib/python3.12/site-packages/airflow/example_dags/example_bash_decorator.py
[2025-03-07T03:06:36.724+0000] {logging_mixin.py:190} INFO - [2025-03-07T03:06:36.724+0000] {dag.py:3239} INFO - Sync 1 DAGs
[2025-03-07T03:06:36.739+0000] {logging_mixin.py:190} INFO - [2025-03-07T03:06:36.739+0000] {dag.py:4180} INFO - Setting next_dagrun for example_bash_decorator to None, run_after=None
[2025-03-07T03:06:36.773+0000] {processor.py:208} INFO - Processing /home/Ashreem/airflow-env/lib/python3.12/site-packages/airflow/example_dags/example_bash_decorator.py took 0.108 seconds
[2025-03-07T03:08:43.340+0000] {processor.py:186} INFO - Started process (PID=49133) to work on /home/Ashreem/airflow-env/lib/python3.12/site-packages/airflow/example_dags/example_bash_decorator.py
[2025-03-07T03:08:43.342+0000] {processor.py:914} INFO - Processing file /home/Ashreem/airflow-env/lib/python3.12/site-packages/airflow/example_dags/example_bash_decorator.py for tasks to queue
[2025-03-07T03:08:43.344+0000] {logging_mixin.py:190} INFO - [2025-03-07T03:08:43.344+0000] {dagbag.py:588} INFO - Filling up the DagBag from /home/Ashreem/airflow-env/lib/python3.12/site-packages/airflow/example_dags/example_bash_decorator.py
[2025-03-07T03:08:43.366+0000] {processor.py:925} INFO - DAG(s) 'example_bash_decorator' retrieved from /home/Ashreem/airflow-env/lib/python3.12/site-packages/airflow/example_dags/example_bash_decorator.py
[2025-03-07T03:08:43.507+0000] {logging_mixin.py:190} INFO - [2025-03-07T03:08:43.506+0000] {dag.py:3239} INFO - Sync 1 DAGs
[2025-03-07T03:08:43.523+0000] {logging_mixin.py:190} INFO - [2025-03-07T03:08:43.522+0000] {dag.py:4180} INFO - Setting next_dagrun for example_bash_decorator to None, run_after=None
[2025-03-07T03:08:43.564+0000] {processor.py:208} INFO - Processing /home/Ashreem/airflow-env/lib/python3.12/site-packages/airflow/example_dags/example_bash_decorator.py took 0.232 seconds
[2025-03-07T03:09:45.484+0000] {processor.py:186} INFO - Started process (PID=49197) to work on /home/Ashreem/airflow-env/lib/python3.12/site-packages/airflow/example_dags/example_bash_decorator.py
[2025-03-07T03:09:45.488+0000] {processor.py:914} INFO - Processing file /home/Ashreem/airflow-env/lib/python3.12/site-packages/airflow/example_dags/example_bash_decorator.py for tasks to queue
[2025-03-07T03:09:45.492+0000] {logging_mixin.py:190} INFO - [2025-03-07T03:09:45.491+0000] {dagbag.py:588} INFO - Filling up the DagBag from /home/Ashreem/airflow-env/lib/python3.12/site-packages/airflow/example_dags/example_bash_decorator.py
[2025-03-07T03:09:45.513+0000] {processor.py:925} INFO - DAG(s) 'example_bash_decorator' retrieved from /home/Ashreem/airflow-env/lib/python3.12/site-packages/airflow/example_dags/example_bash_decorator.py
[2025-03-07T03:09:45.541+0000] {logging_mixin.py:190} INFO - [2025-03-07T03:09:45.541+0000] {dag.py:3239} INFO - Sync 1 DAGs
[2025-03-07T03:09:45.557+0000] {logging_mixin.py:190} INFO - [2025-03-07T03:09:45.557+0000] {dag.py:4180} INFO - Setting next_dagrun for example_bash_decorator to None, run_after=None
[2025-03-07T03:09:45.592+0000] {processor.py:208} INFO - Processing /home/Ashreem/airflow-env/lib/python3.12/site-packages/airflow/example_dags/example_bash_decorator.py took 0.115 seconds
