[2025-03-07T02:30:40.113+0000] {processor.py:186} INFO - Started process (PID=45991) to work on /home/Ashreem/airflow-env/lib/python3.12/site-packages/airflow/example_dags/example_outlet_event_extra.py
[2025-03-07T02:30:40.114+0000] {processor.py:914} INFO - Processing file /home/Ashreem/airflow-env/lib/python3.12/site-packages/airflow/example_dags/example_outlet_event_extra.py for tasks to queue
[2025-03-07T02:30:40.117+0000] {logging_mixin.py:190} INFO - [2025-03-07T02:30:40.117+0000] {dagbag.py:588} INFO - Filling up the DagBag from /home/Ashreem/airflow-env/lib/python3.12/site-packages/airflow/example_dags/example_outlet_event_extra.py
[2025-03-07T02:30:40.138+0000] {processor.py:925} INFO - DAG(s) 'dataset_with_extra_by_yield', 'dataset_with_extra_by_context', 'dataset_with_extra_from_classic_operator' retrieved from /home/Ashreem/airflow-env/lib/python3.12/site-packages/airflow/example_dags/example_outlet_event_extra.py
[2025-03-07T02:30:40.297+0000] {logging_mixin.py:190} INFO - [2025-03-07T02:30:40.296+0000] {override.py:1930} INFO - Created Permission View: can read on DAG:dataset_with_extra_by_yield
[2025-03-07T02:30:40.323+0000] {logging_mixin.py:190} INFO - [2025-03-07T02:30:40.323+0000] {override.py:1930} INFO - Created Permission View: can delete on DAG:dataset_with_extra_by_yield
[2025-03-07T02:30:40.350+0000] {logging_mixin.py:190} INFO - [2025-03-07T02:30:40.350+0000] {override.py:1930} INFO - Created Permission View: can edit on DAG:dataset_with_extra_by_yield
[2025-03-07T02:30:40.392+0000] {logging_mixin.py:190} INFO - [2025-03-07T02:30:40.392+0000] {override.py:1930} INFO - Created Permission View: can read on DAG Run:dataset_with_extra_by_yield
[2025-03-07T02:30:40.417+0000] {logging_mixin.py:190} INFO - [2025-03-07T02:30:40.417+0000] {override.py:1930} INFO - Created Permission View: can delete on DAG Run:dataset_with_extra_by_yield
[2025-03-07T02:30:40.440+0000] {logging_mixin.py:190} INFO - [2025-03-07T02:30:40.439+0000] {override.py:1930} INFO - Created Permission View: menu access on DAG Run:dataset_with_extra_by_yield
[2025-03-07T02:30:40.464+0000] {logging_mixin.py:190} INFO - [2025-03-07T02:30:40.464+0000] {override.py:1930} INFO - Created Permission View: can create on DAG Run:dataset_with_extra_by_yield
[2025-03-07T02:30:40.511+0000] {logging_mixin.py:190} INFO - [2025-03-07T02:30:40.511+0000] {override.py:1930} INFO - Created Permission View: can read on DAG:dataset_with_extra_by_context
[2025-03-07T02:30:40.538+0000] {logging_mixin.py:190} INFO - [2025-03-07T02:30:40.538+0000] {override.py:1930} INFO - Created Permission View: can delete on DAG:dataset_with_extra_by_context
[2025-03-07T02:30:40.561+0000] {logging_mixin.py:190} INFO - [2025-03-07T02:30:40.560+0000] {override.py:1930} INFO - Created Permission View: can edit on DAG:dataset_with_extra_by_context
[2025-03-07T02:30:40.596+0000] {logging_mixin.py:190} INFO - [2025-03-07T02:30:40.595+0000] {override.py:1930} INFO - Created Permission View: can read on DAG Run:dataset_with_extra_by_context
[2025-03-07T02:30:40.614+0000] {logging_mixin.py:190} INFO - [2025-03-07T02:30:40.614+0000] {override.py:1930} INFO - Created Permission View: can delete on DAG Run:dataset_with_extra_by_context
[2025-03-07T02:30:40.635+0000] {logging_mixin.py:190} INFO - [2025-03-07T02:30:40.635+0000] {override.py:1930} INFO - Created Permission View: menu access on DAG Run:dataset_with_extra_by_context
[2025-03-07T02:30:40.661+0000] {logging_mixin.py:190} INFO - [2025-03-07T02:30:40.661+0000] {override.py:1930} INFO - Created Permission View: can create on DAG Run:dataset_with_extra_by_context
[2025-03-07T02:30:40.709+0000] {logging_mixin.py:190} INFO - [2025-03-07T02:30:40.709+0000] {override.py:1930} INFO - Created Permission View: can read on DAG:dataset_with_extra_from_classic_operator
[2025-03-07T02:30:40.730+0000] {logging_mixin.py:190} INFO - [2025-03-07T02:30:40.730+0000] {override.py:1930} INFO - Created Permission View: can delete on DAG:dataset_with_extra_from_classic_operator
[2025-03-07T02:30:40.758+0000] {logging_mixin.py:190} INFO - [2025-03-07T02:30:40.758+0000] {override.py:1930} INFO - Created Permission View: can edit on DAG:dataset_with_extra_from_classic_operator
[2025-03-07T02:30:40.803+0000] {logging_mixin.py:190} INFO - [2025-03-07T02:30:40.802+0000] {override.py:1930} INFO - Created Permission View: can read on DAG Run:dataset_with_extra_from_classic_operator
[2025-03-07T02:30:40.830+0000] {logging_mixin.py:190} INFO - [2025-03-07T02:30:40.830+0000] {override.py:1930} INFO - Created Permission View: can delete on DAG Run:dataset_with_extra_from_classic_operator
[2025-03-07T02:30:40.848+0000] {logging_mixin.py:190} INFO - [2025-03-07T02:30:40.848+0000] {override.py:1930} INFO - Created Permission View: menu access on DAG Run:dataset_with_extra_from_classic_operator
[2025-03-07T02:30:40.868+0000] {logging_mixin.py:190} INFO - [2025-03-07T02:30:40.867+0000] {override.py:1930} INFO - Created Permission View: can create on DAG Run:dataset_with_extra_from_classic_operator
[2025-03-07T02:30:40.868+0000] {logging_mixin.py:190} INFO - [2025-03-07T02:30:40.868+0000] {dag.py:3239} INFO - Sync 3 DAGs
[2025-03-07T02:30:40.885+0000] {logging_mixin.py:190} INFO - [2025-03-07T02:30:40.885+0000] {dag.py:3262} INFO - Creating ORM DAG for dataset_with_extra_from_classic_operator
[2025-03-07T02:30:40.886+0000] {logging_mixin.py:190} INFO - [2025-03-07T02:30:40.886+0000] {dag.py:3262} INFO - Creating ORM DAG for dataset_with_extra_by_yield
[2025-03-07T02:30:40.887+0000] {logging_mixin.py:190} INFO - [2025-03-07T02:30:40.887+0000] {dag.py:3262} INFO - Creating ORM DAG for dataset_with_extra_by_context
[2025-03-07T02:30:40.899+0000] {logging_mixin.py:190} INFO - [2025-03-07T02:30:40.898+0000] {dag.py:4180} INFO - Setting next_dagrun for dataset_with_extra_by_context to 2025-03-06 00:00:00+00:00, run_after=2025-03-07 00:00:00+00:00
[2025-03-07T02:30:40.901+0000] {logging_mixin.py:190} INFO - [2025-03-07T02:30:40.901+0000] {dag.py:4180} INFO - Setting next_dagrun for dataset_with_extra_by_yield to 2025-03-06 00:00:00+00:00, run_after=2025-03-07 00:00:00+00:00
[2025-03-07T02:30:40.903+0000] {logging_mixin.py:190} INFO - [2025-03-07T02:30:40.903+0000] {dag.py:4180} INFO - Setting next_dagrun for dataset_with_extra_from_classic_operator to 2025-03-06 00:00:00+00:00, run_after=2025-03-07 00:00:00+00:00
[2025-03-07T02:30:40.944+0000] {processor.py:208} INFO - Processing /home/Ashreem/airflow-env/lib/python3.12/site-packages/airflow/example_dags/example_outlet_event_extra.py took 0.838 seconds
[2025-03-07T02:33:16.879+0000] {processor.py:186} INFO - Started process (PID=46095) to work on /home/Ashreem/airflow-env/lib/python3.12/site-packages/airflow/example_dags/example_outlet_event_extra.py
[2025-03-07T02:33:16.881+0000] {processor.py:914} INFO - Processing file /home/Ashreem/airflow-env/lib/python3.12/site-packages/airflow/example_dags/example_outlet_event_extra.py for tasks to queue
[2025-03-07T02:33:16.885+0000] {logging_mixin.py:190} INFO - [2025-03-07T02:33:16.884+0000] {dagbag.py:588} INFO - Filling up the DagBag from /home/Ashreem/airflow-env/lib/python3.12/site-packages/airflow/example_dags/example_outlet_event_extra.py
[2025-03-07T02:33:16.903+0000] {processor.py:925} INFO - DAG(s) 'dataset_with_extra_by_context', 'dataset_with_extra_by_yield', 'dataset_with_extra_from_classic_operator' retrieved from /home/Ashreem/airflow-env/lib/python3.12/site-packages/airflow/example_dags/example_outlet_event_extra.py
[2025-03-07T02:33:16.931+0000] {logging_mixin.py:190} INFO - [2025-03-07T02:33:16.930+0000] {dag.py:3239} INFO - Sync 3 DAGs
[2025-03-07T02:33:16.962+0000] {logging_mixin.py:190} INFO - [2025-03-07T02:33:16.961+0000] {dag.py:4180} INFO - Setting next_dagrun for dataset_with_extra_by_context to 2025-03-06 00:00:00+00:00, run_after=2025-03-07 00:00:00+00:00
[2025-03-07T02:33:16.967+0000] {logging_mixin.py:190} INFO - [2025-03-07T02:33:16.966+0000] {dag.py:4180} INFO - Setting next_dagrun for dataset_with_extra_by_yield to 2025-03-06 00:00:00+00:00, run_after=2025-03-07 00:00:00+00:00
[2025-03-07T02:33:16.969+0000] {logging_mixin.py:190} INFO - [2025-03-07T02:33:16.969+0000] {dag.py:4180} INFO - Setting next_dagrun for dataset_with_extra_from_classic_operator to 2025-03-06 00:00:00+00:00, run_after=2025-03-07 00:00:00+00:00
[2025-03-07T02:33:17.005+0000] {processor.py:208} INFO - Processing /home/Ashreem/airflow-env/lib/python3.12/site-packages/airflow/example_dags/example_outlet_event_extra.py took 0.135 seconds
[2025-03-07T02:34:23.315+0000] {processor.py:186} INFO - Started process (PID=46427) to work on /home/Ashreem/airflow-env/lib/python3.12/site-packages/airflow/example_dags/example_outlet_event_extra.py
[2025-03-07T02:34:23.317+0000] {processor.py:914} INFO - Processing file /home/Ashreem/airflow-env/lib/python3.12/site-packages/airflow/example_dags/example_outlet_event_extra.py for tasks to queue
[2025-03-07T02:34:23.319+0000] {logging_mixin.py:190} INFO - [2025-03-07T02:34:23.319+0000] {dagbag.py:588} INFO - Filling up the DagBag from /home/Ashreem/airflow-env/lib/python3.12/site-packages/airflow/example_dags/example_outlet_event_extra.py
[2025-03-07T02:34:23.342+0000] {processor.py:925} INFO - DAG(s) 'dataset_with_extra_by_yield', 'dataset_with_extra_by_context', 'dataset_with_extra_from_classic_operator' retrieved from /home/Ashreem/airflow-env/lib/python3.12/site-packages/airflow/example_dags/example_outlet_event_extra.py
[2025-03-07T02:34:23.367+0000] {logging_mixin.py:190} INFO - [2025-03-07T02:34:23.367+0000] {dag.py:3239} INFO - Sync 3 DAGs
[2025-03-07T02:34:23.396+0000] {logging_mixin.py:190} INFO - [2025-03-07T02:34:23.396+0000] {dag.py:4180} INFO - Setting next_dagrun for dataset_with_extra_by_context to 2025-03-06 00:00:00+00:00, run_after=2025-03-07 00:00:00+00:00
[2025-03-07T02:34:23.401+0000] {logging_mixin.py:190} INFO - [2025-03-07T02:34:23.401+0000] {dag.py:4180} INFO - Setting next_dagrun for dataset_with_extra_by_yield to 2025-03-06 00:00:00+00:00, run_after=2025-03-07 00:00:00+00:00
[2025-03-07T02:34:23.404+0000] {logging_mixin.py:190} INFO - [2025-03-07T02:34:23.404+0000] {dag.py:4180} INFO - Setting next_dagrun for dataset_with_extra_from_classic_operator to 2025-03-06 00:00:00+00:00, run_after=2025-03-07 00:00:00+00:00
[2025-03-07T02:34:23.442+0000] {processor.py:208} INFO - Processing /home/Ashreem/airflow-env/lib/python3.12/site-packages/airflow/example_dags/example_outlet_event_extra.py took 0.134 seconds
[2025-03-07T02:35:29.638+0000] {processor.py:186} INFO - Started process (PID=46493) to work on /home/Ashreem/airflow-env/lib/python3.12/site-packages/airflow/example_dags/example_outlet_event_extra.py
[2025-03-07T02:35:29.640+0000] {processor.py:914} INFO - Processing file /home/Ashreem/airflow-env/lib/python3.12/site-packages/airflow/example_dags/example_outlet_event_extra.py for tasks to queue
[2025-03-07T02:35:29.642+0000] {logging_mixin.py:190} INFO - [2025-03-07T02:35:29.642+0000] {dagbag.py:588} INFO - Filling up the DagBag from /home/Ashreem/airflow-env/lib/python3.12/site-packages/airflow/example_dags/example_outlet_event_extra.py
[2025-03-07T02:35:29.664+0000] {processor.py:925} INFO - DAG(s) 'dataset_with_extra_by_yield', 'dataset_with_extra_by_context', 'dataset_with_extra_from_classic_operator' retrieved from /home/Ashreem/airflow-env/lib/python3.12/site-packages/airflow/example_dags/example_outlet_event_extra.py
[2025-03-07T02:35:29.689+0000] {logging_mixin.py:190} INFO - [2025-03-07T02:35:29.689+0000] {dag.py:3239} INFO - Sync 3 DAGs
[2025-03-07T02:35:29.716+0000] {logging_mixin.py:190} INFO - [2025-03-07T02:35:29.716+0000] {dag.py:4180} INFO - Setting next_dagrun for dataset_with_extra_by_context to 2025-03-06 00:00:00+00:00, run_after=2025-03-07 00:00:00+00:00
[2025-03-07T02:35:29.721+0000] {logging_mixin.py:190} INFO - [2025-03-07T02:35:29.720+0000] {dag.py:4180} INFO - Setting next_dagrun for dataset_with_extra_by_yield to 2025-03-06 00:00:00+00:00, run_after=2025-03-07 00:00:00+00:00
[2025-03-07T02:35:29.723+0000] {logging_mixin.py:190} INFO - [2025-03-07T02:35:29.723+0000] {dag.py:4180} INFO - Setting next_dagrun for dataset_with_extra_from_classic_operator to 2025-03-06 00:00:00+00:00, run_after=2025-03-07 00:00:00+00:00
[2025-03-07T02:35:29.764+0000] {processor.py:208} INFO - Processing /home/Ashreem/airflow-env/lib/python3.12/site-packages/airflow/example_dags/example_outlet_event_extra.py took 0.134 seconds
[2025-03-07T02:36:37.228+0000] {processor.py:186} INFO - Started process (PID=46563) to work on /home/Ashreem/airflow-env/lib/python3.12/site-packages/airflow/example_dags/example_outlet_event_extra.py
[2025-03-07T02:36:37.230+0000] {processor.py:914} INFO - Processing file /home/Ashreem/airflow-env/lib/python3.12/site-packages/airflow/example_dags/example_outlet_event_extra.py for tasks to queue
[2025-03-07T02:36:37.233+0000] {logging_mixin.py:190} INFO - [2025-03-07T02:36:37.232+0000] {dagbag.py:588} INFO - Filling up the DagBag from /home/Ashreem/airflow-env/lib/python3.12/site-packages/airflow/example_dags/example_outlet_event_extra.py
[2025-03-07T02:36:37.251+0000] {processor.py:925} INFO - DAG(s) 'dataset_with_extra_by_yield', 'dataset_with_extra_by_context', 'dataset_with_extra_from_classic_operator' retrieved from /home/Ashreem/airflow-env/lib/python3.12/site-packages/airflow/example_dags/example_outlet_event_extra.py
[2025-03-07T02:36:37.275+0000] {logging_mixin.py:190} INFO - [2025-03-07T02:36:37.274+0000] {dag.py:3239} INFO - Sync 3 DAGs
[2025-03-07T02:36:37.305+0000] {logging_mixin.py:190} INFO - [2025-03-07T02:36:37.304+0000] {dag.py:4180} INFO - Setting next_dagrun for dataset_with_extra_by_context to 2025-03-06 00:00:00+00:00, run_after=2025-03-07 00:00:00+00:00
[2025-03-07T02:36:37.310+0000] {logging_mixin.py:190} INFO - [2025-03-07T02:36:37.310+0000] {dag.py:4180} INFO - Setting next_dagrun for dataset_with_extra_by_yield to 2025-03-06 00:00:00+00:00, run_after=2025-03-07 00:00:00+00:00
[2025-03-07T02:36:37.312+0000] {logging_mixin.py:190} INFO - [2025-03-07T02:36:37.312+0000] {dag.py:4180} INFO - Setting next_dagrun for dataset_with_extra_from_classic_operator to 2025-03-06 00:00:00+00:00, run_after=2025-03-07 00:00:00+00:00
[2025-03-07T02:36:37.349+0000] {processor.py:208} INFO - Processing /home/Ashreem/airflow-env/lib/python3.12/site-packages/airflow/example_dags/example_outlet_event_extra.py took 0.129 seconds
[2025-03-07T02:37:41.240+0000] {processor.py:186} INFO - Started process (PID=46626) to work on /home/Ashreem/airflow-env/lib/python3.12/site-packages/airflow/example_dags/example_outlet_event_extra.py
[2025-03-07T02:37:41.241+0000] {processor.py:914} INFO - Processing file /home/Ashreem/airflow-env/lib/python3.12/site-packages/airflow/example_dags/example_outlet_event_extra.py for tasks to queue
[2025-03-07T02:37:41.244+0000] {logging_mixin.py:190} INFO - [2025-03-07T02:37:41.244+0000] {dagbag.py:588} INFO - Filling up the DagBag from /home/Ashreem/airflow-env/lib/python3.12/site-packages/airflow/example_dags/example_outlet_event_extra.py
[2025-03-07T02:37:41.269+0000] {processor.py:925} INFO - DAG(s) 'dataset_with_extra_from_classic_operator', 'dataset_with_extra_by_context', 'dataset_with_extra_by_yield' retrieved from /home/Ashreem/airflow-env/lib/python3.12/site-packages/airflow/example_dags/example_outlet_event_extra.py
[2025-03-07T02:37:41.297+0000] {logging_mixin.py:190} INFO - [2025-03-07T02:37:41.296+0000] {dag.py:3239} INFO - Sync 3 DAGs
[2025-03-07T02:37:41.327+0000] {logging_mixin.py:190} INFO - [2025-03-07T02:37:41.327+0000] {dag.py:4180} INFO - Setting next_dagrun for dataset_with_extra_by_context to 2025-03-06 00:00:00+00:00, run_after=2025-03-07 00:00:00+00:00
[2025-03-07T02:37:41.333+0000] {logging_mixin.py:190} INFO - [2025-03-07T02:37:41.332+0000] {dag.py:4180} INFO - Setting next_dagrun for dataset_with_extra_by_yield to 2025-03-06 00:00:00+00:00, run_after=2025-03-07 00:00:00+00:00
[2025-03-07T02:37:41.335+0000] {logging_mixin.py:190} INFO - [2025-03-07T02:37:41.335+0000] {dag.py:4180} INFO - Setting next_dagrun for dataset_with_extra_from_classic_operator to 2025-03-06 00:00:00+00:00, run_after=2025-03-07 00:00:00+00:00
[2025-03-07T02:37:41.383+0000] {processor.py:208} INFO - Processing /home/Ashreem/airflow-env/lib/python3.12/site-packages/airflow/example_dags/example_outlet_event_extra.py took 0.151 seconds
[2025-03-07T02:38:43.622+0000] {processor.py:186} INFO - Started process (PID=46695) to work on /home/Ashreem/airflow-env/lib/python3.12/site-packages/airflow/example_dags/example_outlet_event_extra.py
[2025-03-07T02:38:43.623+0000] {processor.py:914} INFO - Processing file /home/Ashreem/airflow-env/lib/python3.12/site-packages/airflow/example_dags/example_outlet_event_extra.py for tasks to queue
[2025-03-07T02:38:43.628+0000] {logging_mixin.py:190} INFO - [2025-03-07T02:38:43.628+0000] {dagbag.py:588} INFO - Filling up the DagBag from /home/Ashreem/airflow-env/lib/python3.12/site-packages/airflow/example_dags/example_outlet_event_extra.py
[2025-03-07T02:38:43.649+0000] {processor.py:925} INFO - DAG(s) 'dataset_with_extra_from_classic_operator', 'dataset_with_extra_by_context', 'dataset_with_extra_by_yield' retrieved from /home/Ashreem/airflow-env/lib/python3.12/site-packages/airflow/example_dags/example_outlet_event_extra.py
[2025-03-07T02:38:43.687+0000] {logging_mixin.py:190} INFO - [2025-03-07T02:38:43.686+0000] {dag.py:3239} INFO - Sync 3 DAGs
[2025-03-07T02:38:43.717+0000] {logging_mixin.py:190} INFO - [2025-03-07T02:38:43.716+0000] {dag.py:4180} INFO - Setting next_dagrun for dataset_with_extra_by_context to 2025-03-06 00:00:00+00:00, run_after=2025-03-07 00:00:00+00:00
[2025-03-07T02:38:43.723+0000] {logging_mixin.py:190} INFO - [2025-03-07T02:38:43.722+0000] {dag.py:4180} INFO - Setting next_dagrun for dataset_with_extra_by_yield to 2025-03-06 00:00:00+00:00, run_after=2025-03-07 00:00:00+00:00
[2025-03-07T02:38:43.725+0000] {logging_mixin.py:190} INFO - [2025-03-07T02:38:43.725+0000] {dag.py:4180} INFO - Setting next_dagrun for dataset_with_extra_from_classic_operator to 2025-03-06 00:00:00+00:00, run_after=2025-03-07 00:00:00+00:00
[2025-03-07T02:38:43.764+0000] {processor.py:208} INFO - Processing /home/Ashreem/airflow-env/lib/python3.12/site-packages/airflow/example_dags/example_outlet_event_extra.py took 0.154 seconds
[2025-03-07T02:39:46.653+0000] {processor.py:186} INFO - Started process (PID=46758) to work on /home/Ashreem/airflow-env/lib/python3.12/site-packages/airflow/example_dags/example_outlet_event_extra.py
[2025-03-07T02:39:46.654+0000] {processor.py:914} INFO - Processing file /home/Ashreem/airflow-env/lib/python3.12/site-packages/airflow/example_dags/example_outlet_event_extra.py for tasks to queue
[2025-03-07T02:39:46.657+0000] {logging_mixin.py:190} INFO - [2025-03-07T02:39:46.657+0000] {dagbag.py:588} INFO - Filling up the DagBag from /home/Ashreem/airflow-env/lib/python3.12/site-packages/airflow/example_dags/example_outlet_event_extra.py
[2025-03-07T02:39:46.676+0000] {processor.py:925} INFO - DAG(s) 'dataset_with_extra_by_yield', 'dataset_with_extra_by_context', 'dataset_with_extra_from_classic_operator' retrieved from /home/Ashreem/airflow-env/lib/python3.12/site-packages/airflow/example_dags/example_outlet_event_extra.py
[2025-03-07T02:39:46.701+0000] {logging_mixin.py:190} INFO - [2025-03-07T02:39:46.700+0000] {dag.py:3239} INFO - Sync 3 DAGs
[2025-03-07T02:39:46.727+0000] {logging_mixin.py:190} INFO - [2025-03-07T02:39:46.727+0000] {dag.py:4180} INFO - Setting next_dagrun for dataset_with_extra_by_context to 2025-03-06 00:00:00+00:00, run_after=2025-03-07 00:00:00+00:00
[2025-03-07T02:39:46.733+0000] {logging_mixin.py:190} INFO - [2025-03-07T02:39:46.732+0000] {dag.py:4180} INFO - Setting next_dagrun for dataset_with_extra_by_yield to 2025-03-06 00:00:00+00:00, run_after=2025-03-07 00:00:00+00:00
[2025-03-07T02:39:46.735+0000] {logging_mixin.py:190} INFO - [2025-03-07T02:39:46.735+0000] {dag.py:4180} INFO - Setting next_dagrun for dataset_with_extra_from_classic_operator to 2025-03-06 00:00:00+00:00, run_after=2025-03-07 00:00:00+00:00
[2025-03-07T02:39:46.775+0000] {processor.py:208} INFO - Processing /home/Ashreem/airflow-env/lib/python3.12/site-packages/airflow/example_dags/example_outlet_event_extra.py took 0.131 seconds
[2025-03-07T02:40:50.136+0000] {processor.py:186} INFO - Started process (PID=46822) to work on /home/Ashreem/airflow-env/lib/python3.12/site-packages/airflow/example_dags/example_outlet_event_extra.py
[2025-03-07T02:40:50.138+0000] {processor.py:914} INFO - Processing file /home/Ashreem/airflow-env/lib/python3.12/site-packages/airflow/example_dags/example_outlet_event_extra.py for tasks to queue
[2025-03-07T02:40:50.141+0000] {logging_mixin.py:190} INFO - [2025-03-07T02:40:50.140+0000] {dagbag.py:588} INFO - Filling up the DagBag from /home/Ashreem/airflow-env/lib/python3.12/site-packages/airflow/example_dags/example_outlet_event_extra.py
[2025-03-07T02:40:50.163+0000] {processor.py:925} INFO - DAG(s) 'dataset_with_extra_by_context', 'dataset_with_extra_from_classic_operator', 'dataset_with_extra_by_yield' retrieved from /home/Ashreem/airflow-env/lib/python3.12/site-packages/airflow/example_dags/example_outlet_event_extra.py
[2025-03-07T02:40:50.191+0000] {logging_mixin.py:190} INFO - [2025-03-07T02:40:50.190+0000] {dag.py:3239} INFO - Sync 3 DAGs
[2025-03-07T02:40:50.219+0000] {logging_mixin.py:190} INFO - [2025-03-07T02:40:50.218+0000] {dag.py:4180} INFO - Setting next_dagrun for dataset_with_extra_by_context to 2025-03-06 00:00:00+00:00, run_after=2025-03-07 00:00:00+00:00
[2025-03-07T02:40:50.224+0000] {logging_mixin.py:190} INFO - [2025-03-07T02:40:50.224+0000] {dag.py:4180} INFO - Setting next_dagrun for dataset_with_extra_by_yield to 2025-03-06 00:00:00+00:00, run_after=2025-03-07 00:00:00+00:00
[2025-03-07T02:40:50.227+0000] {logging_mixin.py:190} INFO - [2025-03-07T02:40:50.227+0000] {dag.py:4180} INFO - Setting next_dagrun for dataset_with_extra_from_classic_operator to 2025-03-06 00:00:00+00:00, run_after=2025-03-07 00:00:00+00:00
[2025-03-07T02:40:50.270+0000] {processor.py:208} INFO - Processing /home/Ashreem/airflow-env/lib/python3.12/site-packages/airflow/example_dags/example_outlet_event_extra.py took 0.143 seconds
[2025-03-07T02:41:52.922+0000] {processor.py:186} INFO - Started process (PID=46885) to work on /home/Ashreem/airflow-env/lib/python3.12/site-packages/airflow/example_dags/example_outlet_event_extra.py
[2025-03-07T02:41:52.923+0000] {processor.py:914} INFO - Processing file /home/Ashreem/airflow-env/lib/python3.12/site-packages/airflow/example_dags/example_outlet_event_extra.py for tasks to queue
[2025-03-07T02:41:52.926+0000] {logging_mixin.py:190} INFO - [2025-03-07T02:41:52.926+0000] {dagbag.py:588} INFO - Filling up the DagBag from /home/Ashreem/airflow-env/lib/python3.12/site-packages/airflow/example_dags/example_outlet_event_extra.py
[2025-03-07T02:41:52.947+0000] {processor.py:925} INFO - DAG(s) 'dataset_with_extra_from_classic_operator', 'dataset_with_extra_by_yield', 'dataset_with_extra_by_context' retrieved from /home/Ashreem/airflow-env/lib/python3.12/site-packages/airflow/example_dags/example_outlet_event_extra.py
[2025-03-07T02:41:52.973+0000] {logging_mixin.py:190} INFO - [2025-03-07T02:41:52.973+0000] {dag.py:3239} INFO - Sync 3 DAGs
[2025-03-07T02:41:53.004+0000] {logging_mixin.py:190} INFO - [2025-03-07T02:41:53.004+0000] {dag.py:4180} INFO - Setting next_dagrun for dataset_with_extra_by_context to 2025-03-06 00:00:00+00:00, run_after=2025-03-07 00:00:00+00:00
[2025-03-07T02:41:53.010+0000] {logging_mixin.py:190} INFO - [2025-03-07T02:41:53.010+0000] {dag.py:4180} INFO - Setting next_dagrun for dataset_with_extra_by_yield to 2025-03-06 00:00:00+00:00, run_after=2025-03-07 00:00:00+00:00
[2025-03-07T02:41:53.012+0000] {logging_mixin.py:190} INFO - [2025-03-07T02:41:53.012+0000] {dag.py:4180} INFO - Setting next_dagrun for dataset_with_extra_from_classic_operator to 2025-03-06 00:00:00+00:00, run_after=2025-03-07 00:00:00+00:00
[2025-03-07T02:41:53.060+0000] {processor.py:208} INFO - Processing /home/Ashreem/airflow-env/lib/python3.12/site-packages/airflow/example_dags/example_outlet_event_extra.py took 0.146 seconds
[2025-03-07T02:42:57.692+0000] {processor.py:186} INFO - Started process (PID=46952) to work on /home/Ashreem/airflow-env/lib/python3.12/site-packages/airflow/example_dags/example_outlet_event_extra.py
[2025-03-07T02:42:57.694+0000] {processor.py:914} INFO - Processing file /home/Ashreem/airflow-env/lib/python3.12/site-packages/airflow/example_dags/example_outlet_event_extra.py for tasks to queue
[2025-03-07T02:42:57.697+0000] {logging_mixin.py:190} INFO - [2025-03-07T02:42:57.696+0000] {dagbag.py:588} INFO - Filling up the DagBag from /home/Ashreem/airflow-env/lib/python3.12/site-packages/airflow/example_dags/example_outlet_event_extra.py
[2025-03-07T02:42:57.716+0000] {processor.py:925} INFO - DAG(s) 'dataset_with_extra_by_context', 'dataset_with_extra_from_classic_operator', 'dataset_with_extra_by_yield' retrieved from /home/Ashreem/airflow-env/lib/python3.12/site-packages/airflow/example_dags/example_outlet_event_extra.py
[2025-03-07T02:42:57.741+0000] {logging_mixin.py:190} INFO - [2025-03-07T02:42:57.741+0000] {dag.py:3239} INFO - Sync 3 DAGs
[2025-03-07T02:42:57.767+0000] {logging_mixin.py:190} INFO - [2025-03-07T02:42:57.767+0000] {dag.py:4180} INFO - Setting next_dagrun for dataset_with_extra_by_context to 2025-03-06 00:00:00+00:00, run_after=2025-03-07 00:00:00+00:00
[2025-03-07T02:42:57.772+0000] {logging_mixin.py:190} INFO - [2025-03-07T02:42:57.772+0000] {dag.py:4180} INFO - Setting next_dagrun for dataset_with_extra_by_yield to 2025-03-06 00:00:00+00:00, run_after=2025-03-07 00:00:00+00:00
[2025-03-07T02:42:57.774+0000] {logging_mixin.py:190} INFO - [2025-03-07T02:42:57.774+0000] {dag.py:4180} INFO - Setting next_dagrun for dataset_with_extra_from_classic_operator to 2025-03-06 00:00:00+00:00, run_after=2025-03-07 00:00:00+00:00
[2025-03-07T02:42:57.818+0000] {processor.py:208} INFO - Processing /home/Ashreem/airflow-env/lib/python3.12/site-packages/airflow/example_dags/example_outlet_event_extra.py took 0.134 seconds
[2025-03-07T02:44:00.994+0000] {processor.py:186} INFO - Started process (PID=47025) to work on /home/Ashreem/airflow-env/lib/python3.12/site-packages/airflow/example_dags/example_outlet_event_extra.py
[2025-03-07T02:44:00.995+0000] {processor.py:914} INFO - Processing file /home/Ashreem/airflow-env/lib/python3.12/site-packages/airflow/example_dags/example_outlet_event_extra.py for tasks to queue
[2025-03-07T02:44:00.999+0000] {logging_mixin.py:190} INFO - [2025-03-07T02:44:00.998+0000] {dagbag.py:588} INFO - Filling up the DagBag from /home/Ashreem/airflow-env/lib/python3.12/site-packages/airflow/example_dags/example_outlet_event_extra.py
[2025-03-07T02:44:01.021+0000] {processor.py:925} INFO - DAG(s) 'dataset_with_extra_from_classic_operator', 'dataset_with_extra_by_context', 'dataset_with_extra_by_yield' retrieved from /home/Ashreem/airflow-env/lib/python3.12/site-packages/airflow/example_dags/example_outlet_event_extra.py
[2025-03-07T02:44:01.048+0000] {logging_mixin.py:190} INFO - [2025-03-07T02:44:01.048+0000] {dag.py:3239} INFO - Sync 3 DAGs
[2025-03-07T02:44:01.085+0000] {logging_mixin.py:190} INFO - [2025-03-07T02:44:01.085+0000] {dag.py:4180} INFO - Setting next_dagrun for dataset_with_extra_by_context to 2025-03-06 00:00:00+00:00, run_after=2025-03-07 00:00:00+00:00
[2025-03-07T02:44:01.091+0000] {logging_mixin.py:190} INFO - [2025-03-07T02:44:01.091+0000] {dag.py:4180} INFO - Setting next_dagrun for dataset_with_extra_by_yield to 2025-03-06 00:00:00+00:00, run_after=2025-03-07 00:00:00+00:00
[2025-03-07T02:44:01.094+0000] {logging_mixin.py:190} INFO - [2025-03-07T02:44:01.093+0000] {dag.py:4180} INFO - Setting next_dagrun for dataset_with_extra_from_classic_operator to 2025-03-06 00:00:00+00:00, run_after=2025-03-07 00:00:00+00:00
[2025-03-07T02:44:01.140+0000] {processor.py:208} INFO - Processing /home/Ashreem/airflow-env/lib/python3.12/site-packages/airflow/example_dags/example_outlet_event_extra.py took 0.157 seconds
[2025-03-07T02:45:02.361+0000] {processor.py:186} INFO - Started process (PID=47103) to work on /home/Ashreem/airflow-env/lib/python3.12/site-packages/airflow/example_dags/example_outlet_event_extra.py
[2025-03-07T02:45:02.362+0000] {processor.py:914} INFO - Processing file /home/Ashreem/airflow-env/lib/python3.12/site-packages/airflow/example_dags/example_outlet_event_extra.py for tasks to queue
[2025-03-07T02:45:02.365+0000] {logging_mixin.py:190} INFO - [2025-03-07T02:45:02.364+0000] {dagbag.py:588} INFO - Filling up the DagBag from /home/Ashreem/airflow-env/lib/python3.12/site-packages/airflow/example_dags/example_outlet_event_extra.py
[2025-03-07T02:45:02.387+0000] {processor.py:925} INFO - DAG(s) 'dataset_with_extra_by_context', 'dataset_with_extra_by_yield', 'dataset_with_extra_from_classic_operator' retrieved from /home/Ashreem/airflow-env/lib/python3.12/site-packages/airflow/example_dags/example_outlet_event_extra.py
[2025-03-07T02:45:02.418+0000] {logging_mixin.py:190} INFO - [2025-03-07T02:45:02.418+0000] {dag.py:3239} INFO - Sync 3 DAGs
[2025-03-07T02:45:02.448+0000] {logging_mixin.py:190} INFO - [2025-03-07T02:45:02.447+0000] {dag.py:4180} INFO - Setting next_dagrun for dataset_with_extra_by_context to 2025-03-06 00:00:00+00:00, run_after=2025-03-07 00:00:00+00:00
[2025-03-07T02:45:02.453+0000] {logging_mixin.py:190} INFO - [2025-03-07T02:45:02.453+0000] {dag.py:4180} INFO - Setting next_dagrun for dataset_with_extra_by_yield to 2025-03-06 00:00:00+00:00, run_after=2025-03-07 00:00:00+00:00
[2025-03-07T02:45:02.456+0000] {logging_mixin.py:190} INFO - [2025-03-07T02:45:02.456+0000] {dag.py:4180} INFO - Setting next_dagrun for dataset_with_extra_from_classic_operator to 2025-03-06 00:00:00+00:00, run_after=2025-03-07 00:00:00+00:00
[2025-03-07T02:45:02.504+0000] {processor.py:208} INFO - Processing /home/Ashreem/airflow-env/lib/python3.12/site-packages/airflow/example_dags/example_outlet_event_extra.py took 0.151 seconds
[2025-03-07T02:46:07.386+0000] {processor.py:186} INFO - Started process (PID=47171) to work on /home/Ashreem/airflow-env/lib/python3.12/site-packages/airflow/example_dags/example_outlet_event_extra.py
[2025-03-07T02:46:07.387+0000] {processor.py:914} INFO - Processing file /home/Ashreem/airflow-env/lib/python3.12/site-packages/airflow/example_dags/example_outlet_event_extra.py for tasks to queue
[2025-03-07T02:46:07.390+0000] {logging_mixin.py:190} INFO - [2025-03-07T02:46:07.389+0000] {dagbag.py:588} INFO - Filling up the DagBag from /home/Ashreem/airflow-env/lib/python3.12/site-packages/airflow/example_dags/example_outlet_event_extra.py
[2025-03-07T02:46:07.411+0000] {processor.py:925} INFO - DAG(s) 'dataset_with_extra_from_classic_operator', 'dataset_with_extra_by_yield', 'dataset_with_extra_by_context' retrieved from /home/Ashreem/airflow-env/lib/python3.12/site-packages/airflow/example_dags/example_outlet_event_extra.py
[2025-03-07T02:46:07.435+0000] {logging_mixin.py:190} INFO - [2025-03-07T02:46:07.435+0000] {dag.py:3239} INFO - Sync 3 DAGs
[2025-03-07T02:46:07.466+0000] {logging_mixin.py:190} INFO - [2025-03-07T02:46:07.465+0000] {dag.py:4180} INFO - Setting next_dagrun for dataset_with_extra_by_context to 2025-03-06 00:00:00+00:00, run_after=2025-03-07 00:00:00+00:00
[2025-03-07T02:46:07.472+0000] {logging_mixin.py:190} INFO - [2025-03-07T02:46:07.472+0000] {dag.py:4180} INFO - Setting next_dagrun for dataset_with_extra_by_yield to 2025-03-06 00:00:00+00:00, run_after=2025-03-07 00:00:00+00:00
[2025-03-07T02:46:07.475+0000] {logging_mixin.py:190} INFO - [2025-03-07T02:46:07.475+0000] {dag.py:4180} INFO - Setting next_dagrun for dataset_with_extra_from_classic_operator to 2025-03-06 00:00:00+00:00, run_after=2025-03-07 00:00:00+00:00
[2025-03-07T02:46:07.515+0000] {processor.py:208} INFO - Processing /home/Ashreem/airflow-env/lib/python3.12/site-packages/airflow/example_dags/example_outlet_event_extra.py took 0.142 seconds
[2025-03-07T02:47:10.409+0000] {processor.py:186} INFO - Started process (PID=47232) to work on /home/Ashreem/airflow-env/lib/python3.12/site-packages/airflow/example_dags/example_outlet_event_extra.py
[2025-03-07T02:47:10.411+0000] {processor.py:914} INFO - Processing file /home/Ashreem/airflow-env/lib/python3.12/site-packages/airflow/example_dags/example_outlet_event_extra.py for tasks to queue
[2025-03-07T02:47:10.415+0000] {logging_mixin.py:190} INFO - [2025-03-07T02:47:10.413+0000] {dagbag.py:588} INFO - Filling up the DagBag from /home/Ashreem/airflow-env/lib/python3.12/site-packages/airflow/example_dags/example_outlet_event_extra.py
[2025-03-07T02:47:10.435+0000] {processor.py:925} INFO - DAG(s) 'dataset_with_extra_from_classic_operator', 'dataset_with_extra_by_yield', 'dataset_with_extra_by_context' retrieved from /home/Ashreem/airflow-env/lib/python3.12/site-packages/airflow/example_dags/example_outlet_event_extra.py
[2025-03-07T02:47:10.461+0000] {logging_mixin.py:190} INFO - [2025-03-07T02:47:10.461+0000] {dag.py:3239} INFO - Sync 3 DAGs
[2025-03-07T02:47:10.491+0000] {logging_mixin.py:190} INFO - [2025-03-07T02:47:10.491+0000] {dag.py:4180} INFO - Setting next_dagrun for dataset_with_extra_by_context to 2025-03-06 00:00:00+00:00, run_after=2025-03-07 00:00:00+00:00
[2025-03-07T02:47:10.497+0000] {logging_mixin.py:190} INFO - [2025-03-07T02:47:10.496+0000] {dag.py:4180} INFO - Setting next_dagrun for dataset_with_extra_by_yield to 2025-03-06 00:00:00+00:00, run_after=2025-03-07 00:00:00+00:00
[2025-03-07T02:47:10.499+0000] {logging_mixin.py:190} INFO - [2025-03-07T02:47:10.499+0000] {dag.py:4180} INFO - Setting next_dagrun for dataset_with_extra_from_classic_operator to 2025-03-06 00:00:00+00:00, run_after=2025-03-07 00:00:00+00:00
[2025-03-07T02:47:10.541+0000] {processor.py:208} INFO - Processing /home/Ashreem/airflow-env/lib/python3.12/site-packages/airflow/example_dags/example_outlet_event_extra.py took 0.140 seconds
[2025-03-07T02:48:17.018+0000] {processor.py:186} INFO - Started process (PID=47296) to work on /home/Ashreem/airflow-env/lib/python3.12/site-packages/airflow/example_dags/example_outlet_event_extra.py
[2025-03-07T02:48:17.020+0000] {processor.py:914} INFO - Processing file /home/Ashreem/airflow-env/lib/python3.12/site-packages/airflow/example_dags/example_outlet_event_extra.py for tasks to queue
[2025-03-07T02:48:17.023+0000] {logging_mixin.py:190} INFO - [2025-03-07T02:48:17.022+0000] {dagbag.py:588} INFO - Filling up the DagBag from /home/Ashreem/airflow-env/lib/python3.12/site-packages/airflow/example_dags/example_outlet_event_extra.py
[2025-03-07T02:48:17.043+0000] {processor.py:925} INFO - DAG(s) 'dataset_with_extra_by_yield', 'dataset_with_extra_from_classic_operator', 'dataset_with_extra_by_context' retrieved from /home/Ashreem/airflow-env/lib/python3.12/site-packages/airflow/example_dags/example_outlet_event_extra.py
[2025-03-07T02:48:17.069+0000] {logging_mixin.py:190} INFO - [2025-03-07T02:48:17.069+0000] {dag.py:3239} INFO - Sync 3 DAGs
[2025-03-07T02:48:17.098+0000] {logging_mixin.py:190} INFO - [2025-03-07T02:48:17.097+0000] {dag.py:4180} INFO - Setting next_dagrun for dataset_with_extra_by_context to 2025-03-06 00:00:00+00:00, run_after=2025-03-07 00:00:00+00:00
[2025-03-07T02:48:17.103+0000] {logging_mixin.py:190} INFO - [2025-03-07T02:48:17.102+0000] {dag.py:4180} INFO - Setting next_dagrun for dataset_with_extra_by_yield to 2025-03-06 00:00:00+00:00, run_after=2025-03-07 00:00:00+00:00
[2025-03-07T02:48:17.107+0000] {logging_mixin.py:190} INFO - [2025-03-07T02:48:17.107+0000] {dag.py:4180} INFO - Setting next_dagrun for dataset_with_extra_from_classic_operator to 2025-03-06 00:00:00+00:00, run_after=2025-03-07 00:00:00+00:00
[2025-03-07T02:48:17.152+0000] {processor.py:208} INFO - Processing /home/Ashreem/airflow-env/lib/python3.12/site-packages/airflow/example_dags/example_outlet_event_extra.py took 0.143 seconds
[2025-03-07T02:49:24.367+0000] {processor.py:186} INFO - Started process (PID=47376) to work on /home/Ashreem/airflow-env/lib/python3.12/site-packages/airflow/example_dags/example_outlet_event_extra.py
[2025-03-07T02:49:24.369+0000] {processor.py:914} INFO - Processing file /home/Ashreem/airflow-env/lib/python3.12/site-packages/airflow/example_dags/example_outlet_event_extra.py for tasks to queue
[2025-03-07T02:49:24.371+0000] {logging_mixin.py:190} INFO - [2025-03-07T02:49:24.371+0000] {dagbag.py:588} INFO - Filling up the DagBag from /home/Ashreem/airflow-env/lib/python3.12/site-packages/airflow/example_dags/example_outlet_event_extra.py
[2025-03-07T02:49:24.391+0000] {processor.py:925} INFO - DAG(s) 'dataset_with_extra_by_yield', 'dataset_with_extra_by_context', 'dataset_with_extra_from_classic_operator' retrieved from /home/Ashreem/airflow-env/lib/python3.12/site-packages/airflow/example_dags/example_outlet_event_extra.py
[2025-03-07T02:49:24.416+0000] {logging_mixin.py:190} INFO - [2025-03-07T02:49:24.416+0000] {dag.py:3239} INFO - Sync 3 DAGs
[2025-03-07T02:49:24.446+0000] {logging_mixin.py:190} INFO - [2025-03-07T02:49:24.446+0000] {dag.py:4180} INFO - Setting next_dagrun for dataset_with_extra_by_context to 2025-03-06 00:00:00+00:00, run_after=2025-03-07 00:00:00+00:00
[2025-03-07T02:49:24.454+0000] {logging_mixin.py:190} INFO - [2025-03-07T02:49:24.453+0000] {dag.py:4180} INFO - Setting next_dagrun for dataset_with_extra_by_yield to 2025-03-06 00:00:00+00:00, run_after=2025-03-07 00:00:00+00:00
[2025-03-07T02:49:24.457+0000] {logging_mixin.py:190} INFO - [2025-03-07T02:49:24.456+0000] {dag.py:4180} INFO - Setting next_dagrun for dataset_with_extra_from_classic_operator to 2025-03-06 00:00:00+00:00, run_after=2025-03-07 00:00:00+00:00
[2025-03-07T02:49:24.510+0000] {processor.py:208} INFO - Processing /home/Ashreem/airflow-env/lib/python3.12/site-packages/airflow/example_dags/example_outlet_event_extra.py took 0.156 seconds
[2025-03-07T02:50:31.146+0000] {processor.py:186} INFO - Started process (PID=47452) to work on /home/Ashreem/airflow-env/lib/python3.12/site-packages/airflow/example_dags/example_outlet_event_extra.py
[2025-03-07T02:50:31.147+0000] {processor.py:914} INFO - Processing file /home/Ashreem/airflow-env/lib/python3.12/site-packages/airflow/example_dags/example_outlet_event_extra.py for tasks to queue
[2025-03-07T02:50:31.150+0000] {logging_mixin.py:190} INFO - [2025-03-07T02:50:31.149+0000] {dagbag.py:588} INFO - Filling up the DagBag from /home/Ashreem/airflow-env/lib/python3.12/site-packages/airflow/example_dags/example_outlet_event_extra.py
[2025-03-07T02:50:31.171+0000] {processor.py:925} INFO - DAG(s) 'dataset_with_extra_from_classic_operator', 'dataset_with_extra_by_context', 'dataset_with_extra_by_yield' retrieved from /home/Ashreem/airflow-env/lib/python3.12/site-packages/airflow/example_dags/example_outlet_event_extra.py
[2025-03-07T02:50:31.198+0000] {logging_mixin.py:190} INFO - [2025-03-07T02:50:31.198+0000] {dag.py:3239} INFO - Sync 3 DAGs
[2025-03-07T02:50:31.230+0000] {logging_mixin.py:190} INFO - [2025-03-07T02:50:31.230+0000] {dag.py:4180} INFO - Setting next_dagrun for dataset_with_extra_by_context to 2025-03-06 00:00:00+00:00, run_after=2025-03-07 00:00:00+00:00
[2025-03-07T02:50:31.236+0000] {logging_mixin.py:190} INFO - [2025-03-07T02:50:31.236+0000] {dag.py:4180} INFO - Setting next_dagrun for dataset_with_extra_by_yield to 2025-03-06 00:00:00+00:00, run_after=2025-03-07 00:00:00+00:00
[2025-03-07T02:50:31.239+0000] {logging_mixin.py:190} INFO - [2025-03-07T02:50:31.239+0000] {dag.py:4180} INFO - Setting next_dagrun for dataset_with_extra_from_classic_operator to 2025-03-06 00:00:00+00:00, run_after=2025-03-07 00:00:00+00:00
[2025-03-07T02:50:31.281+0000] {processor.py:208} INFO - Processing /home/Ashreem/airflow-env/lib/python3.12/site-packages/airflow/example_dags/example_outlet_event_extra.py took 0.143 seconds
[2025-03-07T02:51:30.893+0000] {processor.py:186} INFO - Started process (PID=47512) to work on /home/Ashreem/airflow-env/lib/python3.12/site-packages/airflow/example_dags/example_outlet_event_extra.py
[2025-03-07T02:51:30.895+0000] {processor.py:914} INFO - Processing file /home/Ashreem/airflow-env/lib/python3.12/site-packages/airflow/example_dags/example_outlet_event_extra.py for tasks to queue
[2025-03-07T02:51:30.898+0000] {logging_mixin.py:190} INFO - [2025-03-07T02:51:30.897+0000] {dagbag.py:588} INFO - Filling up the DagBag from /home/Ashreem/airflow-env/lib/python3.12/site-packages/airflow/example_dags/example_outlet_event_extra.py
[2025-03-07T02:51:30.916+0000] {processor.py:925} INFO - DAG(s) 'dataset_with_extra_by_context', 'dataset_with_extra_by_yield', 'dataset_with_extra_from_classic_operator' retrieved from /home/Ashreem/airflow-env/lib/python3.12/site-packages/airflow/example_dags/example_outlet_event_extra.py
[2025-03-07T02:51:30.940+0000] {logging_mixin.py:190} INFO - [2025-03-07T02:51:30.940+0000] {dag.py:3239} INFO - Sync 3 DAGs
[2025-03-07T02:51:30.967+0000] {logging_mixin.py:190} INFO - [2025-03-07T02:51:30.967+0000] {dag.py:4180} INFO - Setting next_dagrun for dataset_with_extra_by_context to 2025-03-06 00:00:00+00:00, run_after=2025-03-07 00:00:00+00:00
[2025-03-07T02:51:30.973+0000] {logging_mixin.py:190} INFO - [2025-03-07T02:51:30.972+0000] {dag.py:4180} INFO - Setting next_dagrun for dataset_with_extra_by_yield to 2025-03-06 00:00:00+00:00, run_after=2025-03-07 00:00:00+00:00
[2025-03-07T02:51:30.975+0000] {logging_mixin.py:190} INFO - [2025-03-07T02:51:30.975+0000] {dag.py:4180} INFO - Setting next_dagrun for dataset_with_extra_from_classic_operator to 2025-03-06 00:00:00+00:00, run_after=2025-03-07 00:00:00+00:00
[2025-03-07T02:51:31.017+0000] {processor.py:208} INFO - Processing /home/Ashreem/airflow-env/lib/python3.12/site-packages/airflow/example_dags/example_outlet_event_extra.py took 0.134 seconds
[2025-03-07T02:52:37.446+0000] {processor.py:186} INFO - Started process (PID=47581) to work on /home/Ashreem/airflow-env/lib/python3.12/site-packages/airflow/example_dags/example_outlet_event_extra.py
[2025-03-07T02:52:37.448+0000] {processor.py:914} INFO - Processing file /home/Ashreem/airflow-env/lib/python3.12/site-packages/airflow/example_dags/example_outlet_event_extra.py for tasks to queue
[2025-03-07T02:52:37.451+0000] {logging_mixin.py:190} INFO - [2025-03-07T02:52:37.450+0000] {dagbag.py:588} INFO - Filling up the DagBag from /home/Ashreem/airflow-env/lib/python3.12/site-packages/airflow/example_dags/example_outlet_event_extra.py
[2025-03-07T02:52:37.470+0000] {processor.py:925} INFO - DAG(s) 'dataset_with_extra_from_classic_operator', 'dataset_with_extra_by_yield', 'dataset_with_extra_by_context' retrieved from /home/Ashreem/airflow-env/lib/python3.12/site-packages/airflow/example_dags/example_outlet_event_extra.py
[2025-03-07T02:52:37.499+0000] {logging_mixin.py:190} INFO - [2025-03-07T02:52:37.499+0000] {dag.py:3239} INFO - Sync 3 DAGs
[2025-03-07T02:52:37.533+0000] {logging_mixin.py:190} INFO - [2025-03-07T02:52:37.532+0000] {dag.py:4180} INFO - Setting next_dagrun for dataset_with_extra_by_context to 2025-03-06 00:00:00+00:00, run_after=2025-03-07 00:00:00+00:00
[2025-03-07T02:52:37.541+0000] {logging_mixin.py:190} INFO - [2025-03-07T02:52:37.541+0000] {dag.py:4180} INFO - Setting next_dagrun for dataset_with_extra_by_yield to 2025-03-06 00:00:00+00:00, run_after=2025-03-07 00:00:00+00:00
[2025-03-07T02:52:37.546+0000] {logging_mixin.py:190} INFO - [2025-03-07T02:52:37.545+0000] {dag.py:4180} INFO - Setting next_dagrun for dataset_with_extra_from_classic_operator to 2025-03-06 00:00:00+00:00, run_after=2025-03-07 00:00:00+00:00
[2025-03-07T02:52:37.589+0000] {processor.py:208} INFO - Processing /home/Ashreem/airflow-env/lib/python3.12/site-packages/airflow/example_dags/example_outlet_event_extra.py took 0.150 seconds
[2025-03-07T02:53:40.083+0000] {processor.py:186} INFO - Started process (PID=47647) to work on /home/Ashreem/airflow-env/lib/python3.12/site-packages/airflow/example_dags/example_outlet_event_extra.py
[2025-03-07T02:53:40.085+0000] {processor.py:914} INFO - Processing file /home/Ashreem/airflow-env/lib/python3.12/site-packages/airflow/example_dags/example_outlet_event_extra.py for tasks to queue
[2025-03-07T02:53:40.087+0000] {logging_mixin.py:190} INFO - [2025-03-07T02:53:40.087+0000] {dagbag.py:588} INFO - Filling up the DagBag from /home/Ashreem/airflow-env/lib/python3.12/site-packages/airflow/example_dags/example_outlet_event_extra.py
[2025-03-07T02:53:40.106+0000] {processor.py:925} INFO - DAG(s) 'dataset_with_extra_by_yield', 'dataset_with_extra_by_context', 'dataset_with_extra_from_classic_operator' retrieved from /home/Ashreem/airflow-env/lib/python3.12/site-packages/airflow/example_dags/example_outlet_event_extra.py
[2025-03-07T02:53:40.128+0000] {logging_mixin.py:190} INFO - [2025-03-07T02:53:40.128+0000] {dag.py:3239} INFO - Sync 3 DAGs
[2025-03-07T02:53:40.158+0000] {logging_mixin.py:190} INFO - [2025-03-07T02:53:40.157+0000] {dag.py:4180} INFO - Setting next_dagrun for dataset_with_extra_by_context to 2025-03-06 00:00:00+00:00, run_after=2025-03-07 00:00:00+00:00
[2025-03-07T02:53:40.165+0000] {logging_mixin.py:190} INFO - [2025-03-07T02:53:40.165+0000] {dag.py:4180} INFO - Setting next_dagrun for dataset_with_extra_by_yield to 2025-03-06 00:00:00+00:00, run_after=2025-03-07 00:00:00+00:00
[2025-03-07T02:53:40.168+0000] {logging_mixin.py:190} INFO - [2025-03-07T02:53:40.167+0000] {dag.py:4180} INFO - Setting next_dagrun for dataset_with_extra_from_classic_operator to 2025-03-06 00:00:00+00:00, run_after=2025-03-07 00:00:00+00:00
[2025-03-07T02:53:40.207+0000] {processor.py:208} INFO - Processing /home/Ashreem/airflow-env/lib/python3.12/site-packages/airflow/example_dags/example_outlet_event_extra.py took 0.131 seconds
[2025-03-07T02:54:43.601+0000] {processor.py:186} INFO - Started process (PID=47709) to work on /home/Ashreem/airflow-env/lib/python3.12/site-packages/airflow/example_dags/example_outlet_event_extra.py
[2025-03-07T02:54:43.603+0000] {processor.py:914} INFO - Processing file /home/Ashreem/airflow-env/lib/python3.12/site-packages/airflow/example_dags/example_outlet_event_extra.py for tasks to queue
[2025-03-07T02:54:43.606+0000] {logging_mixin.py:190} INFO - [2025-03-07T02:54:43.606+0000] {dagbag.py:588} INFO - Filling up the DagBag from /home/Ashreem/airflow-env/lib/python3.12/site-packages/airflow/example_dags/example_outlet_event_extra.py
[2025-03-07T02:54:43.628+0000] {processor.py:925} INFO - DAG(s) 'dataset_with_extra_by_context', 'dataset_with_extra_by_yield', 'dataset_with_extra_from_classic_operator' retrieved from /home/Ashreem/airflow-env/lib/python3.12/site-packages/airflow/example_dags/example_outlet_event_extra.py
[2025-03-07T02:54:43.657+0000] {logging_mixin.py:190} INFO - [2025-03-07T02:54:43.657+0000] {dag.py:3239} INFO - Sync 3 DAGs
[2025-03-07T02:54:43.685+0000] {logging_mixin.py:190} INFO - [2025-03-07T02:54:43.685+0000] {dag.py:4180} INFO - Setting next_dagrun for dataset_with_extra_by_context to 2025-03-06 00:00:00+00:00, run_after=2025-03-07 00:00:00+00:00
[2025-03-07T02:54:43.690+0000] {logging_mixin.py:190} INFO - [2025-03-07T02:54:43.690+0000] {dag.py:4180} INFO - Setting next_dagrun for dataset_with_extra_by_yield to 2025-03-06 00:00:00+00:00, run_after=2025-03-07 00:00:00+00:00
[2025-03-07T02:54:43.693+0000] {logging_mixin.py:190} INFO - [2025-03-07T02:54:43.692+0000] {dag.py:4180} INFO - Setting next_dagrun for dataset_with_extra_from_classic_operator to 2025-03-06 00:00:00+00:00, run_after=2025-03-07 00:00:00+00:00
[2025-03-07T02:54:43.730+0000] {processor.py:208} INFO - Processing /home/Ashreem/airflow-env/lib/python3.12/site-packages/airflow/example_dags/example_outlet_event_extra.py took 0.138 seconds
[2025-03-07T02:55:44.209+0000] {processor.py:186} INFO - Started process (PID=47840) to work on /home/Ashreem/airflow-env/lib/python3.12/site-packages/airflow/example_dags/example_outlet_event_extra.py
[2025-03-07T02:55:44.211+0000] {processor.py:914} INFO - Processing file /home/Ashreem/airflow-env/lib/python3.12/site-packages/airflow/example_dags/example_outlet_event_extra.py for tasks to queue
[2025-03-07T02:55:44.214+0000] {logging_mixin.py:190} INFO - [2025-03-07T02:55:44.214+0000] {dagbag.py:588} INFO - Filling up the DagBag from /home/Ashreem/airflow-env/lib/python3.12/site-packages/airflow/example_dags/example_outlet_event_extra.py
[2025-03-07T02:55:44.236+0000] {processor.py:925} INFO - DAG(s) 'dataset_with_extra_by_yield', 'dataset_with_extra_by_context', 'dataset_with_extra_from_classic_operator' retrieved from /home/Ashreem/airflow-env/lib/python3.12/site-packages/airflow/example_dags/example_outlet_event_extra.py
[2025-03-07T02:55:44.265+0000] {logging_mixin.py:190} INFO - [2025-03-07T02:55:44.265+0000] {dag.py:3239} INFO - Sync 3 DAGs
[2025-03-07T02:55:44.297+0000] {logging_mixin.py:190} INFO - [2025-03-07T02:55:44.296+0000] {dag.py:4180} INFO - Setting next_dagrun for dataset_with_extra_by_context to 2025-03-06 00:00:00+00:00, run_after=2025-03-07 00:00:00+00:00
[2025-03-07T02:55:44.303+0000] {logging_mixin.py:190} INFO - [2025-03-07T02:55:44.303+0000] {dag.py:4180} INFO - Setting next_dagrun for dataset_with_extra_by_yield to 2025-03-06 00:00:00+00:00, run_after=2025-03-07 00:00:00+00:00
[2025-03-07T02:55:44.306+0000] {logging_mixin.py:190} INFO - [2025-03-07T02:55:44.305+0000] {dag.py:4180} INFO - Setting next_dagrun for dataset_with_extra_from_classic_operator to 2025-03-06 00:00:00+00:00, run_after=2025-03-07 00:00:00+00:00
[2025-03-07T02:55:44.345+0000] {processor.py:208} INFO - Processing /home/Ashreem/airflow-env/lib/python3.12/site-packages/airflow/example_dags/example_outlet_event_extra.py took 0.145 seconds
[2025-03-07T02:56:47.286+0000] {processor.py:186} INFO - Started process (PID=47959) to work on /home/Ashreem/airflow-env/lib/python3.12/site-packages/airflow/example_dags/example_outlet_event_extra.py
[2025-03-07T02:56:47.288+0000] {processor.py:914} INFO - Processing file /home/Ashreem/airflow-env/lib/python3.12/site-packages/airflow/example_dags/example_outlet_event_extra.py for tasks to queue
[2025-03-07T02:56:47.294+0000] {logging_mixin.py:190} INFO - [2025-03-07T02:56:47.293+0000] {dagbag.py:588} INFO - Filling up the DagBag from /home/Ashreem/airflow-env/lib/python3.12/site-packages/airflow/example_dags/example_outlet_event_extra.py
[2025-03-07T02:56:47.314+0000] {processor.py:925} INFO - DAG(s) 'dataset_with_extra_by_yield', 'dataset_with_extra_by_context', 'dataset_with_extra_from_classic_operator' retrieved from /home/Ashreem/airflow-env/lib/python3.12/site-packages/airflow/example_dags/example_outlet_event_extra.py
[2025-03-07T02:56:47.346+0000] {logging_mixin.py:190} INFO - [2025-03-07T02:56:47.346+0000] {dag.py:3239} INFO - Sync 3 DAGs
[2025-03-07T02:56:47.379+0000] {logging_mixin.py:190} INFO - [2025-03-07T02:56:47.379+0000] {dag.py:4180} INFO - Setting next_dagrun for dataset_with_extra_by_context to 2025-03-06 00:00:00+00:00, run_after=2025-03-07 00:00:00+00:00
[2025-03-07T02:56:47.385+0000] {logging_mixin.py:190} INFO - [2025-03-07T02:56:47.385+0000] {dag.py:4180} INFO - Setting next_dagrun for dataset_with_extra_by_yield to 2025-03-06 00:00:00+00:00, run_after=2025-03-07 00:00:00+00:00
[2025-03-07T02:56:47.388+0000] {logging_mixin.py:190} INFO - [2025-03-07T02:56:47.388+0000] {dag.py:4180} INFO - Setting next_dagrun for dataset_with_extra_from_classic_operator to 2025-03-06 00:00:00+00:00, run_after=2025-03-07 00:00:00+00:00
[2025-03-07T02:56:47.429+0000] {processor.py:208} INFO - Processing /home/Ashreem/airflow-env/lib/python3.12/site-packages/airflow/example_dags/example_outlet_event_extra.py took 0.151 seconds
[2025-03-07T02:56:50.437+0000] {processor.py:186} INFO - Started process (PID=47965) to work on /home/Ashreem/airflow-env/lib/python3.12/site-packages/airflow/example_dags/example_outlet_event_extra.py
[2025-03-07T02:56:50.438+0000] {processor.py:914} INFO - Processing file /home/Ashreem/airflow-env/lib/python3.12/site-packages/airflow/example_dags/example_outlet_event_extra.py for tasks to queue
[2025-03-07T02:56:50.441+0000] {logging_mixin.py:190} INFO - [2025-03-07T02:56:50.440+0000] {dagbag.py:588} INFO - Filling up the DagBag from /home/Ashreem/airflow-env/lib/python3.12/site-packages/airflow/example_dags/example_outlet_event_extra.py
[2025-03-07T02:56:50.464+0000] {processor.py:925} INFO - DAG(s) 'dataset_with_extra_by_yield', 'dataset_with_extra_from_classic_operator', 'dataset_with_extra_by_context' retrieved from /home/Ashreem/airflow-env/lib/python3.12/site-packages/airflow/example_dags/example_outlet_event_extra.py
[2025-03-07T02:56:50.490+0000] {logging_mixin.py:190} INFO - [2025-03-07T02:56:50.490+0000] {dag.py:3239} INFO - Sync 3 DAGs
[2025-03-07T02:56:50.519+0000] {logging_mixin.py:190} INFO - [2025-03-07T02:56:50.519+0000] {dag.py:4180} INFO - Setting next_dagrun for dataset_with_extra_by_context to 2025-03-06 00:00:00+00:00, run_after=2025-03-07 00:00:00+00:00
[2025-03-07T02:56:50.524+0000] {logging_mixin.py:190} INFO - [2025-03-07T02:56:50.524+0000] {dag.py:4180} INFO - Setting next_dagrun for dataset_with_extra_by_yield to 2025-03-06 00:00:00+00:00, run_after=2025-03-07 00:00:00+00:00
[2025-03-07T02:56:50.526+0000] {logging_mixin.py:190} INFO - [2025-03-07T02:56:50.526+0000] {dag.py:4180} INFO - Setting next_dagrun for dataset_with_extra_from_classic_operator to 2025-03-06 00:00:00+00:00, run_after=2025-03-07 00:00:00+00:00
[2025-03-07T02:56:50.567+0000] {processor.py:208} INFO - Processing /home/Ashreem/airflow-env/lib/python3.12/site-packages/airflow/example_dags/example_outlet_event_extra.py took 0.140 seconds
[2025-03-07T02:57:54.205+0000] {processor.py:186} INFO - Started process (PID=48061) to work on /home/Ashreem/airflow-env/lib/python3.12/site-packages/airflow/example_dags/example_outlet_event_extra.py
[2025-03-07T02:57:54.207+0000] {processor.py:914} INFO - Processing file /home/Ashreem/airflow-env/lib/python3.12/site-packages/airflow/example_dags/example_outlet_event_extra.py for tasks to queue
[2025-03-07T02:57:54.210+0000] {logging_mixin.py:190} INFO - [2025-03-07T02:57:54.209+0000] {dagbag.py:588} INFO - Filling up the DagBag from /home/Ashreem/airflow-env/lib/python3.12/site-packages/airflow/example_dags/example_outlet_event_extra.py
[2025-03-07T02:57:54.232+0000] {processor.py:925} INFO - DAG(s) 'dataset_with_extra_from_classic_operator', 'dataset_with_extra_by_yield', 'dataset_with_extra_by_context' retrieved from /home/Ashreem/airflow-env/lib/python3.12/site-packages/airflow/example_dags/example_outlet_event_extra.py
[2025-03-07T02:57:54.264+0000] {logging_mixin.py:190} INFO - [2025-03-07T02:57:54.264+0000] {dag.py:3239} INFO - Sync 3 DAGs
[2025-03-07T02:57:54.293+0000] {logging_mixin.py:190} INFO - [2025-03-07T02:57:54.293+0000] {dag.py:4180} INFO - Setting next_dagrun for dataset_with_extra_by_context to 2025-03-06 00:00:00+00:00, run_after=2025-03-07 00:00:00+00:00
[2025-03-07T02:57:54.299+0000] {logging_mixin.py:190} INFO - [2025-03-07T02:57:54.298+0000] {dag.py:4180} INFO - Setting next_dagrun for dataset_with_extra_by_yield to 2025-03-06 00:00:00+00:00, run_after=2025-03-07 00:00:00+00:00
[2025-03-07T02:57:54.303+0000] {logging_mixin.py:190} INFO - [2025-03-07T02:57:54.302+0000] {dag.py:4180} INFO - Setting next_dagrun for dataset_with_extra_from_classic_operator to 2025-03-06 00:00:00+00:00, run_after=2025-03-07 00:00:00+00:00
[2025-03-07T02:57:54.342+0000] {processor.py:208} INFO - Processing /home/Ashreem/airflow-env/lib/python3.12/site-packages/airflow/example_dags/example_outlet_event_extra.py took 0.144 seconds
[2025-03-07T02:58:59.175+0000] {processor.py:186} INFO - Started process (PID=48133) to work on /home/Ashreem/airflow-env/lib/python3.12/site-packages/airflow/example_dags/example_outlet_event_extra.py
[2025-03-07T02:58:59.177+0000] {processor.py:914} INFO - Processing file /home/Ashreem/airflow-env/lib/python3.12/site-packages/airflow/example_dags/example_outlet_event_extra.py for tasks to queue
[2025-03-07T02:58:59.180+0000] {logging_mixin.py:190} INFO - [2025-03-07T02:58:59.180+0000] {dagbag.py:588} INFO - Filling up the DagBag from /home/Ashreem/airflow-env/lib/python3.12/site-packages/airflow/example_dags/example_outlet_event_extra.py
[2025-03-07T02:58:59.201+0000] {processor.py:925} INFO - DAG(s) 'dataset_with_extra_by_yield', 'dataset_with_extra_from_classic_operator', 'dataset_with_extra_by_context' retrieved from /home/Ashreem/airflow-env/lib/python3.12/site-packages/airflow/example_dags/example_outlet_event_extra.py
[2025-03-07T02:58:59.232+0000] {logging_mixin.py:190} INFO - [2025-03-07T02:58:59.231+0000] {dag.py:3239} INFO - Sync 3 DAGs
[2025-03-07T02:58:59.269+0000] {logging_mixin.py:190} INFO - [2025-03-07T02:58:59.269+0000] {dag.py:4180} INFO - Setting next_dagrun for dataset_with_extra_by_context to 2025-03-06 00:00:00+00:00, run_after=2025-03-07 00:00:00+00:00
[2025-03-07T02:58:59.277+0000] {logging_mixin.py:190} INFO - [2025-03-07T02:58:59.277+0000] {dag.py:4180} INFO - Setting next_dagrun for dataset_with_extra_by_yield to 2025-03-06 00:00:00+00:00, run_after=2025-03-07 00:00:00+00:00
[2025-03-07T02:58:59.280+0000] {logging_mixin.py:190} INFO - [2025-03-07T02:58:59.280+0000] {dag.py:4180} INFO - Setting next_dagrun for dataset_with_extra_from_classic_operator to 2025-03-06 00:00:00+00:00, run_after=2025-03-07 00:00:00+00:00
[2025-03-07T02:58:59.321+0000] {processor.py:208} INFO - Processing /home/Ashreem/airflow-env/lib/python3.12/site-packages/airflow/example_dags/example_outlet_event_extra.py took 0.154 seconds
[2025-03-07T03:00:06.722+0000] {processor.py:186} INFO - Started process (PID=48281) to work on /home/Ashreem/airflow-env/lib/python3.12/site-packages/airflow/example_dags/example_outlet_event_extra.py
[2025-03-07T03:00:06.724+0000] {processor.py:914} INFO - Processing file /home/Ashreem/airflow-env/lib/python3.12/site-packages/airflow/example_dags/example_outlet_event_extra.py for tasks to queue
[2025-03-07T03:00:06.726+0000] {logging_mixin.py:190} INFO - [2025-03-07T03:00:06.726+0000] {dagbag.py:588} INFO - Filling up the DagBag from /home/Ashreem/airflow-env/lib/python3.12/site-packages/airflow/example_dags/example_outlet_event_extra.py
[2025-03-07T03:00:06.745+0000] {processor.py:925} INFO - DAG(s) 'dataset_with_extra_by_context', 'dataset_with_extra_from_classic_operator', 'dataset_with_extra_by_yield' retrieved from /home/Ashreem/airflow-env/lib/python3.12/site-packages/airflow/example_dags/example_outlet_event_extra.py
[2025-03-07T03:00:06.770+0000] {logging_mixin.py:190} INFO - [2025-03-07T03:00:06.769+0000] {dag.py:3239} INFO - Sync 3 DAGs
[2025-03-07T03:00:06.796+0000] {logging_mixin.py:190} INFO - [2025-03-07T03:00:06.796+0000] {dag.py:4180} INFO - Setting next_dagrun for dataset_with_extra_by_context to 2025-03-06 00:00:00+00:00, run_after=2025-03-07 00:00:00+00:00
[2025-03-07T03:00:06.804+0000] {logging_mixin.py:190} INFO - [2025-03-07T03:00:06.804+0000] {dag.py:4180} INFO - Setting next_dagrun for dataset_with_extra_by_yield to 2025-03-06 00:00:00+00:00, run_after=2025-03-07 00:00:00+00:00
[2025-03-07T03:00:06.806+0000] {logging_mixin.py:190} INFO - [2025-03-07T03:00:06.806+0000] {dag.py:4180} INFO - Setting next_dagrun for dataset_with_extra_from_classic_operator to 2025-03-06 00:00:00+00:00, run_after=2025-03-07 00:00:00+00:00
[2025-03-07T03:00:06.849+0000] {processor.py:208} INFO - Processing /home/Ashreem/airflow-env/lib/python3.12/site-packages/airflow/example_dags/example_outlet_event_extra.py took 0.135 seconds
[2025-03-07T03:01:12.472+0000] {processor.py:186} INFO - Started process (PID=48362) to work on /home/Ashreem/airflow-env/lib/python3.12/site-packages/airflow/example_dags/example_outlet_event_extra.py
[2025-03-07T03:01:12.474+0000] {processor.py:914} INFO - Processing file /home/Ashreem/airflow-env/lib/python3.12/site-packages/airflow/example_dags/example_outlet_event_extra.py for tasks to queue
[2025-03-07T03:01:12.477+0000] {logging_mixin.py:190} INFO - [2025-03-07T03:01:12.476+0000] {dagbag.py:588} INFO - Filling up the DagBag from /home/Ashreem/airflow-env/lib/python3.12/site-packages/airflow/example_dags/example_outlet_event_extra.py
[2025-03-07T03:01:12.494+0000] {processor.py:925} INFO - DAG(s) 'dataset_with_extra_by_yield', 'dataset_with_extra_by_context', 'dataset_with_extra_from_classic_operator' retrieved from /home/Ashreem/airflow-env/lib/python3.12/site-packages/airflow/example_dags/example_outlet_event_extra.py
[2025-03-07T03:01:12.521+0000] {logging_mixin.py:190} INFO - [2025-03-07T03:01:12.521+0000] {dag.py:3239} INFO - Sync 3 DAGs
[2025-03-07T03:01:12.552+0000] {logging_mixin.py:190} INFO - [2025-03-07T03:01:12.551+0000] {dag.py:4180} INFO - Setting next_dagrun for dataset_with_extra_by_context to 2025-03-06 00:00:00+00:00, run_after=2025-03-07 00:00:00+00:00
[2025-03-07T03:01:12.557+0000] {logging_mixin.py:190} INFO - [2025-03-07T03:01:12.557+0000] {dag.py:4180} INFO - Setting next_dagrun for dataset_with_extra_by_yield to 2025-03-06 00:00:00+00:00, run_after=2025-03-07 00:00:00+00:00
[2025-03-07T03:01:12.560+0000] {logging_mixin.py:190} INFO - [2025-03-07T03:01:12.560+0000] {dag.py:4180} INFO - Setting next_dagrun for dataset_with_extra_from_classic_operator to 2025-03-06 00:00:00+00:00, run_after=2025-03-07 00:00:00+00:00
[2025-03-07T03:01:12.600+0000] {processor.py:208} INFO - Processing /home/Ashreem/airflow-env/lib/python3.12/site-packages/airflow/example_dags/example_outlet_event_extra.py took 0.136 seconds
[2025-03-07T03:02:14.537+0000] {processor.py:186} INFO - Started process (PID=48426) to work on /home/Ashreem/airflow-env/lib/python3.12/site-packages/airflow/example_dags/example_outlet_event_extra.py
[2025-03-07T03:02:14.539+0000] {processor.py:914} INFO - Processing file /home/Ashreem/airflow-env/lib/python3.12/site-packages/airflow/example_dags/example_outlet_event_extra.py for tasks to queue
[2025-03-07T03:02:14.543+0000] {logging_mixin.py:190} INFO - [2025-03-07T03:02:14.542+0000] {dagbag.py:588} INFO - Filling up the DagBag from /home/Ashreem/airflow-env/lib/python3.12/site-packages/airflow/example_dags/example_outlet_event_extra.py
[2025-03-07T03:02:14.568+0000] {processor.py:925} INFO - DAG(s) 'dataset_with_extra_by_context', 'dataset_with_extra_from_classic_operator', 'dataset_with_extra_by_yield' retrieved from /home/Ashreem/airflow-env/lib/python3.12/site-packages/airflow/example_dags/example_outlet_event_extra.py
[2025-03-07T03:02:14.598+0000] {logging_mixin.py:190} INFO - [2025-03-07T03:02:14.598+0000] {dag.py:3239} INFO - Sync 3 DAGs
[2025-03-07T03:02:14.629+0000] {logging_mixin.py:190} INFO - [2025-03-07T03:02:14.628+0000] {dag.py:4180} INFO - Setting next_dagrun for dataset_with_extra_by_context to 2025-03-06 00:00:00+00:00, run_after=2025-03-07 00:00:00+00:00
[2025-03-07T03:02:14.635+0000] {logging_mixin.py:190} INFO - [2025-03-07T03:02:14.635+0000] {dag.py:4180} INFO - Setting next_dagrun for dataset_with_extra_by_yield to 2025-03-06 00:00:00+00:00, run_after=2025-03-07 00:00:00+00:00
[2025-03-07T03:02:14.638+0000] {logging_mixin.py:190} INFO - [2025-03-07T03:02:14.638+0000] {dag.py:4180} INFO - Setting next_dagrun for dataset_with_extra_from_classic_operator to 2025-03-06 00:00:00+00:00, run_after=2025-03-07 00:00:00+00:00
[2025-03-07T03:02:14.682+0000] {processor.py:208} INFO - Processing /home/Ashreem/airflow-env/lib/python3.12/site-packages/airflow/example_dags/example_outlet_event_extra.py took 0.153 seconds
[2025-03-07T03:03:14.424+0000] {processor.py:186} INFO - Started process (PID=48556) to work on /home/Ashreem/airflow-env/lib/python3.12/site-packages/airflow/example_dags/example_outlet_event_extra.py
[2025-03-07T03:03:14.427+0000] {processor.py:914} INFO - Processing file /home/Ashreem/airflow-env/lib/python3.12/site-packages/airflow/example_dags/example_outlet_event_extra.py for tasks to queue
[2025-03-07T03:03:14.430+0000] {logging_mixin.py:190} INFO - [2025-03-07T03:03:14.429+0000] {dagbag.py:588} INFO - Filling up the DagBag from /home/Ashreem/airflow-env/lib/python3.12/site-packages/airflow/example_dags/example_outlet_event_extra.py
[2025-03-07T03:03:14.450+0000] {processor.py:925} INFO - DAG(s) 'dataset_with_extra_from_classic_operator', 'dataset_with_extra_by_context', 'dataset_with_extra_by_yield' retrieved from /home/Ashreem/airflow-env/lib/python3.12/site-packages/airflow/example_dags/example_outlet_event_extra.py
[2025-03-07T03:03:14.476+0000] {logging_mixin.py:190} INFO - [2025-03-07T03:03:14.476+0000] {dag.py:3239} INFO - Sync 3 DAGs
[2025-03-07T03:03:14.503+0000] {logging_mixin.py:190} INFO - [2025-03-07T03:03:14.503+0000] {dag.py:4180} INFO - Setting next_dagrun for dataset_with_extra_by_context to 2025-03-06 00:00:00+00:00, run_after=2025-03-07 00:00:00+00:00
[2025-03-07T03:03:14.512+0000] {logging_mixin.py:190} INFO - [2025-03-07T03:03:14.511+0000] {dag.py:4180} INFO - Setting next_dagrun for dataset_with_extra_by_yield to 2025-03-06 00:00:00+00:00, run_after=2025-03-07 00:00:00+00:00
[2025-03-07T03:03:14.514+0000] {logging_mixin.py:190} INFO - [2025-03-07T03:03:14.514+0000] {dag.py:4180} INFO - Setting next_dagrun for dataset_with_extra_from_classic_operator to 2025-03-06 00:00:00+00:00, run_after=2025-03-07 00:00:00+00:00
[2025-03-07T03:03:14.559+0000] {processor.py:208} INFO - Processing /home/Ashreem/airflow-env/lib/python3.12/site-packages/airflow/example_dags/example_outlet_event_extra.py took 0.144 seconds
[2025-03-07T03:03:58.964+0000] {processor.py:186} INFO - Started process (PID=48628) to work on /home/Ashreem/airflow-env/lib/python3.12/site-packages/airflow/example_dags/example_outlet_event_extra.py
[2025-03-07T03:03:58.966+0000] {processor.py:914} INFO - Processing file /home/Ashreem/airflow-env/lib/python3.12/site-packages/airflow/example_dags/example_outlet_event_extra.py for tasks to queue
[2025-03-07T03:03:58.969+0000] {logging_mixin.py:190} INFO - [2025-03-07T03:03:58.969+0000] {dagbag.py:588} INFO - Filling up the DagBag from /home/Ashreem/airflow-env/lib/python3.12/site-packages/airflow/example_dags/example_outlet_event_extra.py
[2025-03-07T03:03:58.987+0000] {processor.py:925} INFO - DAG(s) 'dataset_with_extra_by_yield', 'dataset_with_extra_by_context', 'dataset_with_extra_from_classic_operator' retrieved from /home/Ashreem/airflow-env/lib/python3.12/site-packages/airflow/example_dags/example_outlet_event_extra.py
[2025-03-07T03:03:59.015+0000] {logging_mixin.py:190} INFO - [2025-03-07T03:03:59.015+0000] {dag.py:3239} INFO - Sync 3 DAGs
[2025-03-07T03:03:59.044+0000] {logging_mixin.py:190} INFO - [2025-03-07T03:03:59.044+0000] {dag.py:4180} INFO - Setting next_dagrun for dataset_with_extra_by_context to 2025-03-06 00:00:00+00:00, run_after=2025-03-07 00:00:00+00:00
[2025-03-07T03:03:59.050+0000] {logging_mixin.py:190} INFO - [2025-03-07T03:03:59.050+0000] {dag.py:4180} INFO - Setting next_dagrun for dataset_with_extra_by_yield to 2025-03-06 00:00:00+00:00, run_after=2025-03-07 00:00:00+00:00
[2025-03-07T03:03:59.052+0000] {logging_mixin.py:190} INFO - [2025-03-07T03:03:59.052+0000] {dag.py:4180} INFO - Setting next_dagrun for dataset_with_extra_from_classic_operator to 2025-03-06 00:00:00+00:00, run_after=2025-03-07 00:00:00+00:00
[2025-03-07T03:03:59.094+0000] {processor.py:208} INFO - Processing /home/Ashreem/airflow-env/lib/python3.12/site-packages/airflow/example_dags/example_outlet_event_extra.py took 0.138 seconds
[2025-03-07T03:05:03.491+0000] {processor.py:186} INFO - Started process (PID=48702) to work on /home/Ashreem/airflow-env/lib/python3.12/site-packages/airflow/example_dags/example_outlet_event_extra.py
[2025-03-07T03:05:03.493+0000] {processor.py:914} INFO - Processing file /home/Ashreem/airflow-env/lib/python3.12/site-packages/airflow/example_dags/example_outlet_event_extra.py for tasks to queue
[2025-03-07T03:05:03.495+0000] {logging_mixin.py:190} INFO - [2025-03-07T03:05:03.495+0000] {dagbag.py:588} INFO - Filling up the DagBag from /home/Ashreem/airflow-env/lib/python3.12/site-packages/airflow/example_dags/example_outlet_event_extra.py
[2025-03-07T03:05:03.513+0000] {processor.py:925} INFO - DAG(s) 'dataset_with_extra_by_yield', 'dataset_with_extra_by_context', 'dataset_with_extra_from_classic_operator' retrieved from /home/Ashreem/airflow-env/lib/python3.12/site-packages/airflow/example_dags/example_outlet_event_extra.py
[2025-03-07T03:05:03.542+0000] {logging_mixin.py:190} INFO - [2025-03-07T03:05:03.542+0000] {dag.py:3239} INFO - Sync 3 DAGs
[2025-03-07T03:05:03.571+0000] {logging_mixin.py:190} INFO - [2025-03-07T03:05:03.571+0000] {dag.py:4180} INFO - Setting next_dagrun for dataset_with_extra_by_context to 2025-03-06 00:00:00+00:00, run_after=2025-03-07 00:00:00+00:00
[2025-03-07T03:05:03.576+0000] {logging_mixin.py:190} INFO - [2025-03-07T03:05:03.576+0000] {dag.py:4180} INFO - Setting next_dagrun for dataset_with_extra_by_yield to 2025-03-06 00:00:00+00:00, run_after=2025-03-07 00:00:00+00:00
[2025-03-07T03:05:03.579+0000] {logging_mixin.py:190} INFO - [2025-03-07T03:05:03.579+0000] {dag.py:4180} INFO - Setting next_dagrun for dataset_with_extra_from_classic_operator to 2025-03-06 00:00:00+00:00, run_after=2025-03-07 00:00:00+00:00
[2025-03-07T03:05:03.616+0000] {processor.py:208} INFO - Processing /home/Ashreem/airflow-env/lib/python3.12/site-packages/airflow/example_dags/example_outlet_event_extra.py took 0.133 seconds
[2025-03-07T03:06:06.918+0000] {processor.py:186} INFO - Started process (PID=48953) to work on /home/Ashreem/airflow-env/lib/python3.12/site-packages/airflow/example_dags/example_outlet_event_extra.py
[2025-03-07T03:06:06.920+0000] {processor.py:914} INFO - Processing file /home/Ashreem/airflow-env/lib/python3.12/site-packages/airflow/example_dags/example_outlet_event_extra.py for tasks to queue
[2025-03-07T03:06:06.922+0000] {logging_mixin.py:190} INFO - [2025-03-07T03:06:06.922+0000] {dagbag.py:588} INFO - Filling up the DagBag from /home/Ashreem/airflow-env/lib/python3.12/site-packages/airflow/example_dags/example_outlet_event_extra.py
[2025-03-07T03:06:06.943+0000] {processor.py:925} INFO - DAG(s) 'dataset_with_extra_by_context', 'dataset_with_extra_from_classic_operator', 'dataset_with_extra_by_yield' retrieved from /home/Ashreem/airflow-env/lib/python3.12/site-packages/airflow/example_dags/example_outlet_event_extra.py
[2025-03-07T03:06:06.968+0000] {logging_mixin.py:190} INFO - [2025-03-07T03:06:06.967+0000] {dag.py:3239} INFO - Sync 3 DAGs
[2025-03-07T03:06:06.995+0000] {logging_mixin.py:190} INFO - [2025-03-07T03:06:06.995+0000] {dag.py:4180} INFO - Setting next_dagrun for dataset_with_extra_by_context to 2025-03-06 00:00:00+00:00, run_after=2025-03-07 00:00:00+00:00
[2025-03-07T03:06:07.001+0000] {logging_mixin.py:190} INFO - [2025-03-07T03:06:07.001+0000] {dag.py:4180} INFO - Setting next_dagrun for dataset_with_extra_by_yield to 2025-03-06 00:00:00+00:00, run_after=2025-03-07 00:00:00+00:00
[2025-03-07T03:06:07.004+0000] {logging_mixin.py:190} INFO - [2025-03-07T03:06:07.004+0000] {dag.py:4180} INFO - Setting next_dagrun for dataset_with_extra_from_classic_operator to 2025-03-06 00:00:00+00:00, run_after=2025-03-07 00:00:00+00:00
[2025-03-07T03:06:07.048+0000] {processor.py:208} INFO - Processing /home/Ashreem/airflow-env/lib/python3.12/site-packages/airflow/example_dags/example_outlet_event_extra.py took 0.140 seconds
[2025-03-07T03:08:14.795+0000] {processor.py:186} INFO - Started process (PID=49097) to work on /home/Ashreem/airflow-env/lib/python3.12/site-packages/airflow/example_dags/example_outlet_event_extra.py
[2025-03-07T03:08:14.796+0000] {processor.py:914} INFO - Processing file /home/Ashreem/airflow-env/lib/python3.12/site-packages/airflow/example_dags/example_outlet_event_extra.py for tasks to queue
[2025-03-07T03:08:14.800+0000] {logging_mixin.py:190} INFO - [2025-03-07T03:08:14.799+0000] {dagbag.py:588} INFO - Filling up the DagBag from /home/Ashreem/airflow-env/lib/python3.12/site-packages/airflow/example_dags/example_outlet_event_extra.py
[2025-03-07T03:08:14.820+0000] {processor.py:925} INFO - DAG(s) 'dataset_with_extra_from_classic_operator', 'dataset_with_extra_by_yield', 'dataset_with_extra_by_context' retrieved from /home/Ashreem/airflow-env/lib/python3.12/site-packages/airflow/example_dags/example_outlet_event_extra.py
[2025-03-07T03:08:14.848+0000] {logging_mixin.py:190} INFO - [2025-03-07T03:08:14.848+0000] {dag.py:3239} INFO - Sync 3 DAGs
[2025-03-07T03:08:14.881+0000] {logging_mixin.py:190} INFO - [2025-03-07T03:08:14.881+0000] {dag.py:4180} INFO - Setting next_dagrun for dataset_with_extra_by_context to 2025-03-06 00:00:00+00:00, run_after=2025-03-07 00:00:00+00:00
[2025-03-07T03:08:14.887+0000] {logging_mixin.py:190} INFO - [2025-03-07T03:08:14.887+0000] {dag.py:4180} INFO - Setting next_dagrun for dataset_with_extra_by_yield to 2025-03-06 00:00:00+00:00, run_after=2025-03-07 00:00:00+00:00
[2025-03-07T03:08:14.890+0000] {logging_mixin.py:190} INFO - [2025-03-07T03:08:14.889+0000] {dag.py:4180} INFO - Setting next_dagrun for dataset_with_extra_from_classic_operator to 2025-03-06 00:00:00+00:00, run_after=2025-03-07 00:00:00+00:00
[2025-03-07T03:08:14.934+0000] {processor.py:208} INFO - Processing /home/Ashreem/airflow-env/lib/python3.12/site-packages/airflow/example_dags/example_outlet_event_extra.py took 0.149 seconds
[2025-03-07T03:09:19.256+0000] {processor.py:186} INFO - Started process (PID=49171) to work on /home/Ashreem/airflow-env/lib/python3.12/site-packages/airflow/example_dags/example_outlet_event_extra.py
[2025-03-07T03:09:19.258+0000] {processor.py:914} INFO - Processing file /home/Ashreem/airflow-env/lib/python3.12/site-packages/airflow/example_dags/example_outlet_event_extra.py for tasks to queue
[2025-03-07T03:09:19.266+0000] {logging_mixin.py:190} INFO - [2025-03-07T03:09:19.265+0000] {dagbag.py:588} INFO - Filling up the DagBag from /home/Ashreem/airflow-env/lib/python3.12/site-packages/airflow/example_dags/example_outlet_event_extra.py
[2025-03-07T03:09:19.286+0000] {processor.py:925} INFO - DAG(s) 'dataset_with_extra_by_yield', 'dataset_with_extra_by_context', 'dataset_with_extra_from_classic_operator' retrieved from /home/Ashreem/airflow-env/lib/python3.12/site-packages/airflow/example_dags/example_outlet_event_extra.py
[2025-03-07T03:09:19.313+0000] {logging_mixin.py:190} INFO - [2025-03-07T03:09:19.312+0000] {dag.py:3239} INFO - Sync 3 DAGs
[2025-03-07T03:09:19.350+0000] {logging_mixin.py:190} INFO - [2025-03-07T03:09:19.349+0000] {dag.py:4180} INFO - Setting next_dagrun for dataset_with_extra_by_context to 2025-03-06 00:00:00+00:00, run_after=2025-03-07 00:00:00+00:00
[2025-03-07T03:09:19.356+0000] {logging_mixin.py:190} INFO - [2025-03-07T03:09:19.356+0000] {dag.py:4180} INFO - Setting next_dagrun for dataset_with_extra_by_yield to 2025-03-06 00:00:00+00:00, run_after=2025-03-07 00:00:00+00:00
[2025-03-07T03:09:19.359+0000] {logging_mixin.py:190} INFO - [2025-03-07T03:09:19.359+0000] {dag.py:4180} INFO - Setting next_dagrun for dataset_with_extra_from_classic_operator to 2025-03-06 00:00:00+00:00, run_after=2025-03-07 00:00:00+00:00
[2025-03-07T03:09:19.406+0000] {processor.py:208} INFO - Processing /home/Ashreem/airflow-env/lib/python3.12/site-packages/airflow/example_dags/example_outlet_event_extra.py took 0.158 seconds
