[2025-03-07T02:30:28.138+0000] {processor.py:186} INFO - Started process (PID=45981) to work on /home/Ashreem/airflow-env/lib/python3.12/site-packages/airflow/example_dags/example_short_circuit_operator.py
[2025-03-07T02:30:28.139+0000] {processor.py:914} INFO - Processing file /home/Ashreem/airflow-env/lib/python3.12/site-packages/airflow/example_dags/example_short_circuit_operator.py for tasks to queue
[2025-03-07T02:30:28.142+0000] {logging_mixin.py:190} INFO - [2025-03-07T02:30:28.142+0000] {dagbag.py:588} INFO - Filling up the DagBag from /home/Ashreem/airflow-env/lib/python3.12/site-packages/airflow/example_dags/example_short_circuit_operator.py
[2025-03-07T02:30:28.155+0000] {processor.py:925} INFO - DAG(s) 'example_short_circuit_operator' retrieved from /home/Ashreem/airflow-env/lib/python3.12/site-packages/airflow/example_dags/example_short_circuit_operator.py
[2025-03-07T02:30:28.333+0000] {logging_mixin.py:190} INFO - [2025-03-07T02:30:28.332+0000] {override.py:1930} INFO - Created Permission View: can read on DAG:example_short_circuit_operator
[2025-03-07T02:30:28.360+0000] {logging_mixin.py:190} INFO - [2025-03-07T02:30:28.359+0000] {override.py:1930} INFO - Created Permission View: can delete on DAG:example_short_circuit_operator
[2025-03-07T02:30:28.391+0000] {logging_mixin.py:190} INFO - [2025-03-07T02:30:28.390+0000] {override.py:1930} INFO - Created Permission View: can edit on DAG:example_short_circuit_operator
[2025-03-07T02:30:28.428+0000] {logging_mixin.py:190} INFO - [2025-03-07T02:30:28.428+0000] {override.py:1930} INFO - Created Permission View: can read on DAG Run:example_short_circuit_operator
[2025-03-07T02:30:28.452+0000] {logging_mixin.py:190} INFO - [2025-03-07T02:30:28.452+0000] {override.py:1930} INFO - Created Permission View: can delete on DAG Run:example_short_circuit_operator
[2025-03-07T02:30:28.475+0000] {logging_mixin.py:190} INFO - [2025-03-07T02:30:28.475+0000] {override.py:1930} INFO - Created Permission View: menu access on DAG Run:example_short_circuit_operator
[2025-03-07T02:30:28.500+0000] {logging_mixin.py:190} INFO - [2025-03-07T02:30:28.499+0000] {override.py:1930} INFO - Created Permission View: can create on DAG Run:example_short_circuit_operator
[2025-03-07T02:30:28.500+0000] {logging_mixin.py:190} INFO - [2025-03-07T02:30:28.500+0000] {dag.py:3239} INFO - Sync 1 DAGs
[2025-03-07T02:30:28.518+0000] {logging_mixin.py:190} INFO - [2025-03-07T02:30:28.517+0000] {dag.py:3262} INFO - Creating ORM DAG for example_short_circuit_operator
[2025-03-07T02:30:28.519+0000] {logging_mixin.py:190} INFO - [2025-03-07T02:30:28.518+0000] {dag.py:4180} INFO - Setting next_dagrun for example_short_circuit_operator to None, run_after=None
[2025-03-07T02:30:28.556+0000] {processor.py:208} INFO - Processing /home/Ashreem/airflow-env/lib/python3.12/site-packages/airflow/example_dags/example_short_circuit_operator.py took 0.425 seconds
[2025-03-07T02:33:07.768+0000] {processor.py:186} INFO - Started process (PID=46086) to work on /home/Ashreem/airflow-env/lib/python3.12/site-packages/airflow/example_dags/example_short_circuit_operator.py
[2025-03-07T02:33:07.770+0000] {processor.py:914} INFO - Processing file /home/Ashreem/airflow-env/lib/python3.12/site-packages/airflow/example_dags/example_short_circuit_operator.py for tasks to queue
[2025-03-07T02:33:07.774+0000] {logging_mixin.py:190} INFO - [2025-03-07T02:33:07.773+0000] {dagbag.py:588} INFO - Filling up the DagBag from /home/Ashreem/airflow-env/lib/python3.12/site-packages/airflow/example_dags/example_short_circuit_operator.py
[2025-03-07T02:33:07.788+0000] {processor.py:925} INFO - DAG(s) 'example_short_circuit_operator' retrieved from /home/Ashreem/airflow-env/lib/python3.12/site-packages/airflow/example_dags/example_short_circuit_operator.py
[2025-03-07T02:33:07.818+0000] {logging_mixin.py:190} INFO - [2025-03-07T02:33:07.818+0000] {dag.py:3239} INFO - Sync 1 DAGs
[2025-03-07T02:33:07.835+0000] {logging_mixin.py:190} INFO - [2025-03-07T02:33:07.835+0000] {dag.py:4180} INFO - Setting next_dagrun for example_short_circuit_operator to None, run_after=None
[2025-03-07T02:33:07.872+0000] {processor.py:208} INFO - Processing /home/Ashreem/airflow-env/lib/python3.12/site-packages/airflow/example_dags/example_short_circuit_operator.py took 0.112 seconds
[2025-03-07T02:34:12.534+0000] {processor.py:186} INFO - Started process (PID=46418) to work on /home/Ashreem/airflow-env/lib/python3.12/site-packages/airflow/example_dags/example_short_circuit_operator.py
[2025-03-07T02:34:12.536+0000] {processor.py:914} INFO - Processing file /home/Ashreem/airflow-env/lib/python3.12/site-packages/airflow/example_dags/example_short_circuit_operator.py for tasks to queue
[2025-03-07T02:34:12.538+0000] {logging_mixin.py:190} INFO - [2025-03-07T02:34:12.538+0000] {dagbag.py:588} INFO - Filling up the DagBag from /home/Ashreem/airflow-env/lib/python3.12/site-packages/airflow/example_dags/example_short_circuit_operator.py
[2025-03-07T02:34:12.550+0000] {processor.py:925} INFO - DAG(s) 'example_short_circuit_operator' retrieved from /home/Ashreem/airflow-env/lib/python3.12/site-packages/airflow/example_dags/example_short_circuit_operator.py
[2025-03-07T02:34:12.579+0000] {logging_mixin.py:190} INFO - [2025-03-07T02:34:12.579+0000] {dag.py:3239} INFO - Sync 1 DAGs
[2025-03-07T02:34:12.595+0000] {logging_mixin.py:190} INFO - [2025-03-07T02:34:12.594+0000] {dag.py:4180} INFO - Setting next_dagrun for example_short_circuit_operator to None, run_after=None
[2025-03-07T02:34:12.632+0000] {processor.py:208} INFO - Processing /home/Ashreem/airflow-env/lib/python3.12/site-packages/airflow/example_dags/example_short_circuit_operator.py took 0.104 seconds
[2025-03-07T02:35:19.349+0000] {processor.py:186} INFO - Started process (PID=46484) to work on /home/Ashreem/airflow-env/lib/python3.12/site-packages/airflow/example_dags/example_short_circuit_operator.py
[2025-03-07T02:35:19.350+0000] {processor.py:914} INFO - Processing file /home/Ashreem/airflow-env/lib/python3.12/site-packages/airflow/example_dags/example_short_circuit_operator.py for tasks to queue
[2025-03-07T02:35:19.353+0000] {logging_mixin.py:190} INFO - [2025-03-07T02:35:19.353+0000] {dagbag.py:588} INFO - Filling up the DagBag from /home/Ashreem/airflow-env/lib/python3.12/site-packages/airflow/example_dags/example_short_circuit_operator.py
[2025-03-07T02:35:19.365+0000] {processor.py:925} INFO - DAG(s) 'example_short_circuit_operator' retrieved from /home/Ashreem/airflow-env/lib/python3.12/site-packages/airflow/example_dags/example_short_circuit_operator.py
[2025-03-07T02:35:19.389+0000] {logging_mixin.py:190} INFO - [2025-03-07T02:35:19.389+0000] {dag.py:3239} INFO - Sync 1 DAGs
[2025-03-07T02:35:19.405+0000] {logging_mixin.py:190} INFO - [2025-03-07T02:35:19.405+0000] {dag.py:4180} INFO - Setting next_dagrun for example_short_circuit_operator to None, run_after=None
[2025-03-07T02:35:19.448+0000] {processor.py:208} INFO - Processing /home/Ashreem/airflow-env/lib/python3.12/site-packages/airflow/example_dags/example_short_circuit_operator.py took 0.107 seconds
[2025-03-07T02:36:27.294+0000] {processor.py:186} INFO - Started process (PID=46553) to work on /home/Ashreem/airflow-env/lib/python3.12/site-packages/airflow/example_dags/example_short_circuit_operator.py
[2025-03-07T02:36:27.296+0000] {processor.py:914} INFO - Processing file /home/Ashreem/airflow-env/lib/python3.12/site-packages/airflow/example_dags/example_short_circuit_operator.py for tasks to queue
[2025-03-07T02:36:27.300+0000] {logging_mixin.py:190} INFO - [2025-03-07T02:36:27.299+0000] {dagbag.py:588} INFO - Filling up the DagBag from /home/Ashreem/airflow-env/lib/python3.12/site-packages/airflow/example_dags/example_short_circuit_operator.py
[2025-03-07T02:36:27.313+0000] {processor.py:925} INFO - DAG(s) 'example_short_circuit_operator' retrieved from /home/Ashreem/airflow-env/lib/python3.12/site-packages/airflow/example_dags/example_short_circuit_operator.py
[2025-03-07T02:36:27.334+0000] {logging_mixin.py:190} INFO - [2025-03-07T02:36:27.334+0000] {dag.py:3239} INFO - Sync 1 DAGs
[2025-03-07T02:36:27.350+0000] {logging_mixin.py:190} INFO - [2025-03-07T02:36:27.350+0000] {dag.py:4180} INFO - Setting next_dagrun for example_short_circuit_operator to None, run_after=None
[2025-03-07T02:36:27.392+0000] {processor.py:208} INFO - Processing /home/Ashreem/airflow-env/lib/python3.12/site-packages/airflow/example_dags/example_short_circuit_operator.py took 0.108 seconds
[2025-03-07T02:37:32.216+0000] {processor.py:186} INFO - Started process (PID=46616) to work on /home/Ashreem/airflow-env/lib/python3.12/site-packages/airflow/example_dags/example_short_circuit_operator.py
[2025-03-07T02:37:32.218+0000] {processor.py:914} INFO - Processing file /home/Ashreem/airflow-env/lib/python3.12/site-packages/airflow/example_dags/example_short_circuit_operator.py for tasks to queue
[2025-03-07T02:37:32.221+0000] {logging_mixin.py:190} INFO - [2025-03-07T02:37:32.220+0000] {dagbag.py:588} INFO - Filling up the DagBag from /home/Ashreem/airflow-env/lib/python3.12/site-packages/airflow/example_dags/example_short_circuit_operator.py
[2025-03-07T02:37:32.233+0000] {processor.py:925} INFO - DAG(s) 'example_short_circuit_operator' retrieved from /home/Ashreem/airflow-env/lib/python3.12/site-packages/airflow/example_dags/example_short_circuit_operator.py
[2025-03-07T02:37:32.260+0000] {logging_mixin.py:190} INFO - [2025-03-07T02:37:32.260+0000] {dag.py:3239} INFO - Sync 1 DAGs
[2025-03-07T02:37:32.276+0000] {logging_mixin.py:190} INFO - [2025-03-07T02:37:32.276+0000] {dag.py:4180} INFO - Setting next_dagrun for example_short_circuit_operator to None, run_after=None
[2025-03-07T02:37:32.314+0000] {processor.py:208} INFO - Processing /home/Ashreem/airflow-env/lib/python3.12/site-packages/airflow/example_dags/example_short_circuit_operator.py took 0.108 seconds
[2025-03-07T02:38:33.865+0000] {processor.py:186} INFO - Started process (PID=46680) to work on /home/Ashreem/airflow-env/lib/python3.12/site-packages/airflow/example_dags/example_short_circuit_operator.py
[2025-03-07T02:38:33.867+0000] {processor.py:914} INFO - Processing file /home/Ashreem/airflow-env/lib/python3.12/site-packages/airflow/example_dags/example_short_circuit_operator.py for tasks to queue
[2025-03-07T02:38:33.871+0000] {logging_mixin.py:190} INFO - [2025-03-07T02:38:33.871+0000] {dagbag.py:588} INFO - Filling up the DagBag from /home/Ashreem/airflow-env/lib/python3.12/site-packages/airflow/example_dags/example_short_circuit_operator.py
[2025-03-07T02:38:33.884+0000] {processor.py:925} INFO - DAG(s) 'example_short_circuit_operator' retrieved from /home/Ashreem/airflow-env/lib/python3.12/site-packages/airflow/example_dags/example_short_circuit_operator.py
[2025-03-07T02:38:33.910+0000] {logging_mixin.py:190} INFO - [2025-03-07T02:38:33.910+0000] {dag.py:3239} INFO - Sync 1 DAGs
[2025-03-07T02:38:33.929+0000] {logging_mixin.py:190} INFO - [2025-03-07T02:38:33.929+0000] {dag.py:4180} INFO - Setting next_dagrun for example_short_circuit_operator to None, run_after=None
[2025-03-07T02:38:33.972+0000] {processor.py:208} INFO - Processing /home/Ashreem/airflow-env/lib/python3.12/site-packages/airflow/example_dags/example_short_circuit_operator.py took 0.114 seconds
[2025-03-07T02:39:36.432+0000] {processor.py:186} INFO - Started process (PID=46748) to work on /home/Ashreem/airflow-env/lib/python3.12/site-packages/airflow/example_dags/example_short_circuit_operator.py
[2025-03-07T02:39:36.434+0000] {processor.py:914} INFO - Processing file /home/Ashreem/airflow-env/lib/python3.12/site-packages/airflow/example_dags/example_short_circuit_operator.py for tasks to queue
[2025-03-07T02:39:36.438+0000] {logging_mixin.py:190} INFO - [2025-03-07T02:39:36.437+0000] {dagbag.py:588} INFO - Filling up the DagBag from /home/Ashreem/airflow-env/lib/python3.12/site-packages/airflow/example_dags/example_short_circuit_operator.py
[2025-03-07T02:39:36.464+0000] {processor.py:925} INFO - DAG(s) 'example_short_circuit_operator' retrieved from /home/Ashreem/airflow-env/lib/python3.12/site-packages/airflow/example_dags/example_short_circuit_operator.py
[2025-03-07T02:39:36.494+0000] {logging_mixin.py:190} INFO - [2025-03-07T02:39:36.494+0000] {dag.py:3239} INFO - Sync 1 DAGs
[2025-03-07T02:39:36.513+0000] {logging_mixin.py:190} INFO - [2025-03-07T02:39:36.513+0000] {dag.py:4180} INFO - Setting next_dagrun for example_short_circuit_operator to None, run_after=None
[2025-03-07T02:39:36.550+0000] {processor.py:208} INFO - Processing /home/Ashreem/airflow-env/lib/python3.12/site-packages/airflow/example_dags/example_short_circuit_operator.py took 0.126 seconds
[2025-03-07T02:40:39.848+0000] {processor.py:186} INFO - Started process (PID=46812) to work on /home/Ashreem/airflow-env/lib/python3.12/site-packages/airflow/example_dags/example_short_circuit_operator.py
[2025-03-07T02:40:39.850+0000] {processor.py:914} INFO - Processing file /home/Ashreem/airflow-env/lib/python3.12/site-packages/airflow/example_dags/example_short_circuit_operator.py for tasks to queue
[2025-03-07T02:40:39.853+0000] {logging_mixin.py:190} INFO - [2025-03-07T02:40:39.853+0000] {dagbag.py:588} INFO - Filling up the DagBag from /home/Ashreem/airflow-env/lib/python3.12/site-packages/airflow/example_dags/example_short_circuit_operator.py
[2025-03-07T02:40:39.867+0000] {processor.py:925} INFO - DAG(s) 'example_short_circuit_operator' retrieved from /home/Ashreem/airflow-env/lib/python3.12/site-packages/airflow/example_dags/example_short_circuit_operator.py
[2025-03-07T02:40:39.891+0000] {logging_mixin.py:190} INFO - [2025-03-07T02:40:39.891+0000] {dag.py:3239} INFO - Sync 1 DAGs
[2025-03-07T02:40:39.908+0000] {logging_mixin.py:190} INFO - [2025-03-07T02:40:39.907+0000] {dag.py:4180} INFO - Setting next_dagrun for example_short_circuit_operator to None, run_after=None
[2025-03-07T02:40:39.944+0000] {processor.py:208} INFO - Processing /home/Ashreem/airflow-env/lib/python3.12/site-packages/airflow/example_dags/example_short_circuit_operator.py took 0.102 seconds
[2025-03-07T02:41:43.652+0000] {processor.py:186} INFO - Started process (PID=46876) to work on /home/Ashreem/airflow-env/lib/python3.12/site-packages/airflow/example_dags/example_short_circuit_operator.py
[2025-03-07T02:41:43.653+0000] {processor.py:914} INFO - Processing file /home/Ashreem/airflow-env/lib/python3.12/site-packages/airflow/example_dags/example_short_circuit_operator.py for tasks to queue
[2025-03-07T02:41:43.657+0000] {logging_mixin.py:190} INFO - [2025-03-07T02:41:43.656+0000] {dagbag.py:588} INFO - Filling up the DagBag from /home/Ashreem/airflow-env/lib/python3.12/site-packages/airflow/example_dags/example_short_circuit_operator.py
[2025-03-07T02:41:43.671+0000] {processor.py:925} INFO - DAG(s) 'example_short_circuit_operator' retrieved from /home/Ashreem/airflow-env/lib/python3.12/site-packages/airflow/example_dags/example_short_circuit_operator.py
[2025-03-07T02:41:43.692+0000] {logging_mixin.py:190} INFO - [2025-03-07T02:41:43.692+0000] {dag.py:3239} INFO - Sync 1 DAGs
[2025-03-07T02:41:43.708+0000] {logging_mixin.py:190} INFO - [2025-03-07T02:41:43.708+0000] {dag.py:4180} INFO - Setting next_dagrun for example_short_circuit_operator to None, run_after=None
[2025-03-07T02:41:43.750+0000] {processor.py:208} INFO - Processing /home/Ashreem/airflow-env/lib/python3.12/site-packages/airflow/example_dags/example_short_circuit_operator.py took 0.105 seconds
[2025-03-07T02:42:47.406+0000] {processor.py:186} INFO - Started process (PID=46943) to work on /home/Ashreem/airflow-env/lib/python3.12/site-packages/airflow/example_dags/example_short_circuit_operator.py
[2025-03-07T02:42:47.407+0000] {processor.py:914} INFO - Processing file /home/Ashreem/airflow-env/lib/python3.12/site-packages/airflow/example_dags/example_short_circuit_operator.py for tasks to queue
[2025-03-07T02:42:47.410+0000] {logging_mixin.py:190} INFO - [2025-03-07T02:42:47.410+0000] {dagbag.py:588} INFO - Filling up the DagBag from /home/Ashreem/airflow-env/lib/python3.12/site-packages/airflow/example_dags/example_short_circuit_operator.py
[2025-03-07T02:42:47.421+0000] {processor.py:925} INFO - DAG(s) 'example_short_circuit_operator' retrieved from /home/Ashreem/airflow-env/lib/python3.12/site-packages/airflow/example_dags/example_short_circuit_operator.py
[2025-03-07T02:42:47.445+0000] {logging_mixin.py:190} INFO - [2025-03-07T02:42:47.445+0000] {dag.py:3239} INFO - Sync 1 DAGs
[2025-03-07T02:42:47.469+0000] {logging_mixin.py:190} INFO - [2025-03-07T02:42:47.468+0000] {dag.py:4180} INFO - Setting next_dagrun for example_short_circuit_operator to None, run_after=None
[2025-03-07T02:42:47.505+0000] {processor.py:208} INFO - Processing /home/Ashreem/airflow-env/lib/python3.12/site-packages/airflow/example_dags/example_short_circuit_operator.py took 0.107 seconds
[2025-03-07T02:43:51.992+0000] {processor.py:186} INFO - Started process (PID=47016) to work on /home/Ashreem/airflow-env/lib/python3.12/site-packages/airflow/example_dags/example_short_circuit_operator.py
[2025-03-07T02:43:51.994+0000] {processor.py:914} INFO - Processing file /home/Ashreem/airflow-env/lib/python3.12/site-packages/airflow/example_dags/example_short_circuit_operator.py for tasks to queue
[2025-03-07T02:43:51.997+0000] {logging_mixin.py:190} INFO - [2025-03-07T02:43:51.997+0000] {dagbag.py:588} INFO - Filling up the DagBag from /home/Ashreem/airflow-env/lib/python3.12/site-packages/airflow/example_dags/example_short_circuit_operator.py
[2025-03-07T02:43:52.011+0000] {processor.py:925} INFO - DAG(s) 'example_short_circuit_operator' retrieved from /home/Ashreem/airflow-env/lib/python3.12/site-packages/airflow/example_dags/example_short_circuit_operator.py
[2025-03-07T02:43:52.034+0000] {logging_mixin.py:190} INFO - [2025-03-07T02:43:52.033+0000] {dag.py:3239} INFO - Sync 1 DAGs
[2025-03-07T02:43:52.048+0000] {logging_mixin.py:190} INFO - [2025-03-07T02:43:52.048+0000] {dag.py:4180} INFO - Setting next_dagrun for example_short_circuit_operator to None, run_after=None
[2025-03-07T02:43:52.089+0000] {processor.py:208} INFO - Processing /home/Ashreem/airflow-env/lib/python3.12/site-packages/airflow/example_dags/example_short_circuit_operator.py took 0.106 seconds
[2025-03-07T02:44:53.362+0000] {processor.py:186} INFO - Started process (PID=47091) to work on /home/Ashreem/airflow-env/lib/python3.12/site-packages/airflow/example_dags/example_short_circuit_operator.py
[2025-03-07T02:44:53.364+0000] {processor.py:914} INFO - Processing file /home/Ashreem/airflow-env/lib/python3.12/site-packages/airflow/example_dags/example_short_circuit_operator.py for tasks to queue
[2025-03-07T02:44:53.367+0000] {logging_mixin.py:190} INFO - [2025-03-07T02:44:53.366+0000] {dagbag.py:588} INFO - Filling up the DagBag from /home/Ashreem/airflow-env/lib/python3.12/site-packages/airflow/example_dags/example_short_circuit_operator.py
[2025-03-07T02:44:53.380+0000] {processor.py:925} INFO - DAG(s) 'example_short_circuit_operator' retrieved from /home/Ashreem/airflow-env/lib/python3.12/site-packages/airflow/example_dags/example_short_circuit_operator.py
[2025-03-07T02:44:53.405+0000] {logging_mixin.py:190} INFO - [2025-03-07T02:44:53.405+0000] {dag.py:3239} INFO - Sync 1 DAGs
[2025-03-07T02:44:53.424+0000] {logging_mixin.py:190} INFO - [2025-03-07T02:44:53.424+0000] {dag.py:4180} INFO - Setting next_dagrun for example_short_circuit_operator to None, run_after=None
[2025-03-07T02:44:53.462+0000] {processor.py:208} INFO - Processing /home/Ashreem/airflow-env/lib/python3.12/site-packages/airflow/example_dags/example_short_circuit_operator.py took 0.107 seconds
[2025-03-07T02:45:57.124+0000] {processor.py:186} INFO - Started process (PID=47161) to work on /home/Ashreem/airflow-env/lib/python3.12/site-packages/airflow/example_dags/example_short_circuit_operator.py
[2025-03-07T02:45:57.125+0000] {processor.py:914} INFO - Processing file /home/Ashreem/airflow-env/lib/python3.12/site-packages/airflow/example_dags/example_short_circuit_operator.py for tasks to queue
[2025-03-07T02:45:57.129+0000] {logging_mixin.py:190} INFO - [2025-03-07T02:45:57.128+0000] {dagbag.py:588} INFO - Filling up the DagBag from /home/Ashreem/airflow-env/lib/python3.12/site-packages/airflow/example_dags/example_short_circuit_operator.py
[2025-03-07T02:45:57.141+0000] {processor.py:925} INFO - DAG(s) 'example_short_circuit_operator' retrieved from /home/Ashreem/airflow-env/lib/python3.12/site-packages/airflow/example_dags/example_short_circuit_operator.py
[2025-03-07T02:45:57.167+0000] {logging_mixin.py:190} INFO - [2025-03-07T02:45:57.166+0000] {dag.py:3239} INFO - Sync 1 DAGs
[2025-03-07T02:45:57.186+0000] {logging_mixin.py:190} INFO - [2025-03-07T02:45:57.186+0000] {dag.py:4180} INFO - Setting next_dagrun for example_short_circuit_operator to None, run_after=None
[2025-03-07T02:45:57.228+0000] {processor.py:208} INFO - Processing /home/Ashreem/airflow-env/lib/python3.12/site-packages/airflow/example_dags/example_short_circuit_operator.py took 0.113 seconds
[2025-03-07T02:47:00.122+0000] {processor.py:186} INFO - Started process (PID=47222) to work on /home/Ashreem/airflow-env/lib/python3.12/site-packages/airflow/example_dags/example_short_circuit_operator.py
[2025-03-07T02:47:00.123+0000] {processor.py:914} INFO - Processing file /home/Ashreem/airflow-env/lib/python3.12/site-packages/airflow/example_dags/example_short_circuit_operator.py for tasks to queue
[2025-03-07T02:47:00.126+0000] {logging_mixin.py:190} INFO - [2025-03-07T02:47:00.126+0000] {dagbag.py:588} INFO - Filling up the DagBag from /home/Ashreem/airflow-env/lib/python3.12/site-packages/airflow/example_dags/example_short_circuit_operator.py
[2025-03-07T02:47:00.137+0000] {processor.py:925} INFO - DAG(s) 'example_short_circuit_operator' retrieved from /home/Ashreem/airflow-env/lib/python3.12/site-packages/airflow/example_dags/example_short_circuit_operator.py
[2025-03-07T02:47:00.165+0000] {logging_mixin.py:190} INFO - [2025-03-07T02:47:00.165+0000] {dag.py:3239} INFO - Sync 1 DAGs
[2025-03-07T02:47:00.181+0000] {logging_mixin.py:190} INFO - [2025-03-07T02:47:00.181+0000] {dag.py:4180} INFO - Setting next_dagrun for example_short_circuit_operator to None, run_after=None
[2025-03-07T02:47:00.223+0000] {processor.py:208} INFO - Processing /home/Ashreem/airflow-env/lib/python3.12/site-packages/airflow/example_dags/example_short_circuit_operator.py took 0.109 seconds
[2025-03-07T02:48:05.732+0000] {processor.py:186} INFO - Started process (PID=47284) to work on /home/Ashreem/airflow-env/lib/python3.12/site-packages/airflow/example_dags/example_short_circuit_operator.py
[2025-03-07T02:48:05.733+0000] {processor.py:914} INFO - Processing file /home/Ashreem/airflow-env/lib/python3.12/site-packages/airflow/example_dags/example_short_circuit_operator.py for tasks to queue
[2025-03-07T02:48:05.736+0000] {logging_mixin.py:190} INFO - [2025-03-07T02:48:05.736+0000] {dagbag.py:588} INFO - Filling up the DagBag from /home/Ashreem/airflow-env/lib/python3.12/site-packages/airflow/example_dags/example_short_circuit_operator.py
[2025-03-07T02:48:05.748+0000] {processor.py:925} INFO - DAG(s) 'example_short_circuit_operator' retrieved from /home/Ashreem/airflow-env/lib/python3.12/site-packages/airflow/example_dags/example_short_circuit_operator.py
[2025-03-07T02:48:05.776+0000] {logging_mixin.py:190} INFO - [2025-03-07T02:48:05.775+0000] {dag.py:3239} INFO - Sync 1 DAGs
[2025-03-07T02:48:05.792+0000] {logging_mixin.py:190} INFO - [2025-03-07T02:48:05.792+0000] {dag.py:4180} INFO - Setting next_dagrun for example_short_circuit_operator to None, run_after=None
[2025-03-07T02:48:05.829+0000] {processor.py:208} INFO - Processing /home/Ashreem/airflow-env/lib/python3.12/site-packages/airflow/example_dags/example_short_circuit_operator.py took 0.106 seconds
[2025-03-07T02:49:14.065+0000] {processor.py:186} INFO - Started process (PID=47365) to work on /home/Ashreem/airflow-env/lib/python3.12/site-packages/airflow/example_dags/example_short_circuit_operator.py
[2025-03-07T02:49:14.067+0000] {processor.py:914} INFO - Processing file /home/Ashreem/airflow-env/lib/python3.12/site-packages/airflow/example_dags/example_short_circuit_operator.py for tasks to queue
[2025-03-07T02:49:14.072+0000] {logging_mixin.py:190} INFO - [2025-03-07T02:49:14.071+0000] {dagbag.py:588} INFO - Filling up the DagBag from /home/Ashreem/airflow-env/lib/python3.12/site-packages/airflow/example_dags/example_short_circuit_operator.py
[2025-03-07T02:49:14.083+0000] {processor.py:925} INFO - DAG(s) 'example_short_circuit_operator' retrieved from /home/Ashreem/airflow-env/lib/python3.12/site-packages/airflow/example_dags/example_short_circuit_operator.py
[2025-03-07T02:49:14.108+0000] {logging_mixin.py:190} INFO - [2025-03-07T02:49:14.108+0000] {dag.py:3239} INFO - Sync 1 DAGs
[2025-03-07T02:49:14.125+0000] {logging_mixin.py:190} INFO - [2025-03-07T02:49:14.124+0000] {dag.py:4180} INFO - Setting next_dagrun for example_short_circuit_operator to None, run_after=None
[2025-03-07T02:49:14.166+0000] {processor.py:208} INFO - Processing /home/Ashreem/airflow-env/lib/python3.12/site-packages/airflow/example_dags/example_short_circuit_operator.py took 0.110 seconds
[2025-03-07T02:50:20.851+0000] {processor.py:186} INFO - Started process (PID=47443) to work on /home/Ashreem/airflow-env/lib/python3.12/site-packages/airflow/example_dags/example_short_circuit_operator.py
[2025-03-07T02:50:20.854+0000] {processor.py:914} INFO - Processing file /home/Ashreem/airflow-env/lib/python3.12/site-packages/airflow/example_dags/example_short_circuit_operator.py for tasks to queue
[2025-03-07T02:50:20.857+0000] {logging_mixin.py:190} INFO - [2025-03-07T02:50:20.857+0000] {dagbag.py:588} INFO - Filling up the DagBag from /home/Ashreem/airflow-env/lib/python3.12/site-packages/airflow/example_dags/example_short_circuit_operator.py
[2025-03-07T02:50:20.870+0000] {processor.py:925} INFO - DAG(s) 'example_short_circuit_operator' retrieved from /home/Ashreem/airflow-env/lib/python3.12/site-packages/airflow/example_dags/example_short_circuit_operator.py
[2025-03-07T02:50:20.894+0000] {logging_mixin.py:190} INFO - [2025-03-07T02:50:20.894+0000] {dag.py:3239} INFO - Sync 1 DAGs
[2025-03-07T02:50:20.910+0000] {logging_mixin.py:190} INFO - [2025-03-07T02:50:20.910+0000] {dag.py:4180} INFO - Setting next_dagrun for example_short_circuit_operator to None, run_after=None
[2025-03-07T02:50:20.948+0000] {processor.py:208} INFO - Processing /home/Ashreem/airflow-env/lib/python3.12/site-packages/airflow/example_dags/example_short_circuit_operator.py took 0.109 seconds
[2025-03-07T02:51:20.825+0000] {processor.py:186} INFO - Started process (PID=47503) to work on /home/Ashreem/airflow-env/lib/python3.12/site-packages/airflow/example_dags/example_short_circuit_operator.py
[2025-03-07T02:51:20.827+0000] {processor.py:914} INFO - Processing file /home/Ashreem/airflow-env/lib/python3.12/site-packages/airflow/example_dags/example_short_circuit_operator.py for tasks to queue
[2025-03-07T02:51:20.830+0000] {logging_mixin.py:190} INFO - [2025-03-07T02:51:20.830+0000] {dagbag.py:588} INFO - Filling up the DagBag from /home/Ashreem/airflow-env/lib/python3.12/site-packages/airflow/example_dags/example_short_circuit_operator.py
[2025-03-07T02:51:20.843+0000] {processor.py:925} INFO - DAG(s) 'example_short_circuit_operator' retrieved from /home/Ashreem/airflow-env/lib/python3.12/site-packages/airflow/example_dags/example_short_circuit_operator.py
[2025-03-07T02:51:20.867+0000] {logging_mixin.py:190} INFO - [2025-03-07T02:51:20.867+0000] {dag.py:3239} INFO - Sync 1 DAGs
[2025-03-07T02:51:20.885+0000] {logging_mixin.py:190} INFO - [2025-03-07T02:51:20.884+0000] {dag.py:4180} INFO - Setting next_dagrun for example_short_circuit_operator to None, run_after=None
[2025-03-07T02:51:20.922+0000] {processor.py:208} INFO - Processing /home/Ashreem/airflow-env/lib/python3.12/site-packages/airflow/example_dags/example_short_circuit_operator.py took 0.105 seconds
[2025-03-07T02:52:27.177+0000] {processor.py:186} INFO - Started process (PID=47570) to work on /home/Ashreem/airflow-env/lib/python3.12/site-packages/airflow/example_dags/example_short_circuit_operator.py
[2025-03-07T02:52:27.180+0000] {processor.py:914} INFO - Processing file /home/Ashreem/airflow-env/lib/python3.12/site-packages/airflow/example_dags/example_short_circuit_operator.py for tasks to queue
[2025-03-07T02:52:27.184+0000] {logging_mixin.py:190} INFO - [2025-03-07T02:52:27.183+0000] {dagbag.py:588} INFO - Filling up the DagBag from /home/Ashreem/airflow-env/lib/python3.12/site-packages/airflow/example_dags/example_short_circuit_operator.py
[2025-03-07T02:52:27.195+0000] {processor.py:925} INFO - DAG(s) 'example_short_circuit_operator' retrieved from /home/Ashreem/airflow-env/lib/python3.12/site-packages/airflow/example_dags/example_short_circuit_operator.py
[2025-03-07T02:52:27.222+0000] {logging_mixin.py:190} INFO - [2025-03-07T02:52:27.222+0000] {dag.py:3239} INFO - Sync 1 DAGs
[2025-03-07T02:52:27.240+0000] {logging_mixin.py:190} INFO - [2025-03-07T02:52:27.240+0000] {dag.py:4180} INFO - Setting next_dagrun for example_short_circuit_operator to None, run_after=None
[2025-03-07T02:52:27.278+0000] {processor.py:208} INFO - Processing /home/Ashreem/airflow-env/lib/python3.12/site-packages/airflow/example_dags/example_short_circuit_operator.py took 0.108 seconds
[2025-03-07T02:53:30.876+0000] {processor.py:186} INFO - Started process (PID=47633) to work on /home/Ashreem/airflow-env/lib/python3.12/site-packages/airflow/example_dags/example_short_circuit_operator.py
[2025-03-07T02:53:30.878+0000] {processor.py:914} INFO - Processing file /home/Ashreem/airflow-env/lib/python3.12/site-packages/airflow/example_dags/example_short_circuit_operator.py for tasks to queue
[2025-03-07T02:53:30.881+0000] {logging_mixin.py:190} INFO - [2025-03-07T02:53:30.881+0000] {dagbag.py:588} INFO - Filling up the DagBag from /home/Ashreem/airflow-env/lib/python3.12/site-packages/airflow/example_dags/example_short_circuit_operator.py
[2025-03-07T02:53:30.892+0000] {processor.py:925} INFO - DAG(s) 'example_short_circuit_operator' retrieved from /home/Ashreem/airflow-env/lib/python3.12/site-packages/airflow/example_dags/example_short_circuit_operator.py
[2025-03-07T02:53:30.921+0000] {logging_mixin.py:190} INFO - [2025-03-07T02:53:30.920+0000] {dag.py:3239} INFO - Sync 1 DAGs
[2025-03-07T02:53:30.937+0000] {logging_mixin.py:190} INFO - [2025-03-07T02:53:30.936+0000] {dag.py:4180} INFO - Setting next_dagrun for example_short_circuit_operator to None, run_after=None
[2025-03-07T02:53:30.971+0000] {processor.py:208} INFO - Processing /home/Ashreem/airflow-env/lib/python3.12/site-packages/airflow/example_dags/example_short_circuit_operator.py took 0.101 seconds
[2025-03-07T02:54:33.352+0000] {processor.py:186} INFO - Started process (PID=47698) to work on /home/Ashreem/airflow-env/lib/python3.12/site-packages/airflow/example_dags/example_short_circuit_operator.py
[2025-03-07T02:54:33.353+0000] {processor.py:914} INFO - Processing file /home/Ashreem/airflow-env/lib/python3.12/site-packages/airflow/example_dags/example_short_circuit_operator.py for tasks to queue
[2025-03-07T02:54:33.357+0000] {logging_mixin.py:190} INFO - [2025-03-07T02:54:33.356+0000] {dagbag.py:588} INFO - Filling up the DagBag from /home/Ashreem/airflow-env/lib/python3.12/site-packages/airflow/example_dags/example_short_circuit_operator.py
[2025-03-07T02:54:33.368+0000] {processor.py:925} INFO - DAG(s) 'example_short_circuit_operator' retrieved from /home/Ashreem/airflow-env/lib/python3.12/site-packages/airflow/example_dags/example_short_circuit_operator.py
[2025-03-07T02:54:33.392+0000] {logging_mixin.py:190} INFO - [2025-03-07T02:54:33.392+0000] {dag.py:3239} INFO - Sync 1 DAGs
[2025-03-07T02:54:33.407+0000] {logging_mixin.py:190} INFO - [2025-03-07T02:54:33.407+0000] {dag.py:4180} INFO - Setting next_dagrun for example_short_circuit_operator to None, run_after=None
[2025-03-07T02:54:33.447+0000] {processor.py:208} INFO - Processing /home/Ashreem/airflow-env/lib/python3.12/site-packages/airflow/example_dags/example_short_circuit_operator.py took 0.103 seconds
[2025-03-07T02:55:34.751+0000] {processor.py:186} INFO - Started process (PID=47830) to work on /home/Ashreem/airflow-env/lib/python3.12/site-packages/airflow/example_dags/example_short_circuit_operator.py
[2025-03-07T02:55:34.752+0000] {processor.py:914} INFO - Processing file /home/Ashreem/airflow-env/lib/python3.12/site-packages/airflow/example_dags/example_short_circuit_operator.py for tasks to queue
[2025-03-07T02:55:34.756+0000] {logging_mixin.py:190} INFO - [2025-03-07T02:55:34.755+0000] {dagbag.py:588} INFO - Filling up the DagBag from /home/Ashreem/airflow-env/lib/python3.12/site-packages/airflow/example_dags/example_short_circuit_operator.py
[2025-03-07T02:55:34.768+0000] {processor.py:925} INFO - DAG(s) 'example_short_circuit_operator' retrieved from /home/Ashreem/airflow-env/lib/python3.12/site-packages/airflow/example_dags/example_short_circuit_operator.py
[2025-03-07T02:55:34.792+0000] {logging_mixin.py:190} INFO - [2025-03-07T02:55:34.792+0000] {dag.py:3239} INFO - Sync 1 DAGs
[2025-03-07T02:55:34.811+0000] {logging_mixin.py:190} INFO - [2025-03-07T02:55:34.811+0000] {dag.py:4180} INFO - Setting next_dagrun for example_short_circuit_operator to None, run_after=None
[2025-03-07T02:55:34.846+0000] {processor.py:208} INFO - Processing /home/Ashreem/airflow-env/lib/python3.12/site-packages/airflow/example_dags/example_short_circuit_operator.py took 0.103 seconds
[2025-03-07T02:56:35.782+0000] {processor.py:186} INFO - Started process (PID=47938) to work on /home/Ashreem/airflow-env/lib/python3.12/site-packages/airflow/example_dags/example_short_circuit_operator.py
[2025-03-07T02:56:35.784+0000] {processor.py:914} INFO - Processing file /home/Ashreem/airflow-env/lib/python3.12/site-packages/airflow/example_dags/example_short_circuit_operator.py for tasks to queue
[2025-03-07T02:56:35.788+0000] {logging_mixin.py:190} INFO - [2025-03-07T02:56:35.787+0000] {dagbag.py:588} INFO - Filling up the DagBag from /home/Ashreem/airflow-env/lib/python3.12/site-packages/airflow/example_dags/example_short_circuit_operator.py
[2025-03-07T02:56:35.802+0000] {processor.py:925} INFO - DAG(s) 'example_short_circuit_operator' retrieved from /home/Ashreem/airflow-env/lib/python3.12/site-packages/airflow/example_dags/example_short_circuit_operator.py
[2025-03-07T02:56:35.833+0000] {logging_mixin.py:190} INFO - [2025-03-07T02:56:35.832+0000] {dag.py:3239} INFO - Sync 1 DAGs
[2025-03-07T02:56:35.854+0000] {logging_mixin.py:190} INFO - [2025-03-07T02:56:35.854+0000] {dag.py:4180} INFO - Setting next_dagrun for example_short_circuit_operator to None, run_after=None
[2025-03-07T02:56:35.892+0000] {processor.py:208} INFO - Processing /home/Ashreem/airflow-env/lib/python3.12/site-packages/airflow/example_dags/example_short_circuit_operator.py took 0.118 seconds
[2025-03-07T02:56:40.129+0000] {processor.py:186} INFO - Started process (PID=47947) to work on /home/Ashreem/airflow-env/lib/python3.12/site-packages/airflow/example_dags/example_short_circuit_operator.py
[2025-03-07T02:56:40.130+0000] {processor.py:914} INFO - Processing file /home/Ashreem/airflow-env/lib/python3.12/site-packages/airflow/example_dags/example_short_circuit_operator.py for tasks to queue
[2025-03-07T02:56:40.133+0000] {logging_mixin.py:190} INFO - [2025-03-07T02:56:40.133+0000] {dagbag.py:588} INFO - Filling up the DagBag from /home/Ashreem/airflow-env/lib/python3.12/site-packages/airflow/example_dags/example_short_circuit_operator.py
[2025-03-07T02:56:40.144+0000] {processor.py:925} INFO - DAG(s) 'example_short_circuit_operator' retrieved from /home/Ashreem/airflow-env/lib/python3.12/site-packages/airflow/example_dags/example_short_circuit_operator.py
[2025-03-07T02:56:40.169+0000] {logging_mixin.py:190} INFO - [2025-03-07T02:56:40.169+0000] {dag.py:3239} INFO - Sync 1 DAGs
[2025-03-07T02:56:40.188+0000] {logging_mixin.py:190} INFO - [2025-03-07T02:56:40.188+0000] {dag.py:4180} INFO - Setting next_dagrun for example_short_circuit_operator to None, run_after=None
[2025-03-07T02:56:40.281+0000] {processor.py:208} INFO - Processing /home/Ashreem/airflow-env/lib/python3.12/site-packages/airflow/example_dags/example_short_circuit_operator.py took 0.159 seconds
[2025-03-07T02:57:44.809+0000] {processor.py:186} INFO - Started process (PID=48049) to work on /home/Ashreem/airflow-env/lib/python3.12/site-packages/airflow/example_dags/example_short_circuit_operator.py
[2025-03-07T02:57:44.810+0000] {processor.py:914} INFO - Processing file /home/Ashreem/airflow-env/lib/python3.12/site-packages/airflow/example_dags/example_short_circuit_operator.py for tasks to queue
[2025-03-07T02:57:44.814+0000] {logging_mixin.py:190} INFO - [2025-03-07T02:57:44.813+0000] {dagbag.py:588} INFO - Filling up the DagBag from /home/Ashreem/airflow-env/lib/python3.12/site-packages/airflow/example_dags/example_short_circuit_operator.py
[2025-03-07T02:57:44.824+0000] {processor.py:925} INFO - DAG(s) 'example_short_circuit_operator' retrieved from /home/Ashreem/airflow-env/lib/python3.12/site-packages/airflow/example_dags/example_short_circuit_operator.py
[2025-03-07T02:57:44.853+0000] {logging_mixin.py:190} INFO - [2025-03-07T02:57:44.852+0000] {dag.py:3239} INFO - Sync 1 DAGs
[2025-03-07T02:57:44.869+0000] {logging_mixin.py:190} INFO - [2025-03-07T02:57:44.869+0000] {dag.py:4180} INFO - Setting next_dagrun for example_short_circuit_operator to None, run_after=None
[2025-03-07T02:57:44.905+0000] {processor.py:208} INFO - Processing /home/Ashreem/airflow-env/lib/python3.12/site-packages/airflow/example_dags/example_short_circuit_operator.py took 0.105 seconds
[2025-03-07T02:58:48.946+0000] {processor.py:186} INFO - Started process (PID=48123) to work on /home/Ashreem/airflow-env/lib/python3.12/site-packages/airflow/example_dags/example_short_circuit_operator.py
[2025-03-07T02:58:48.947+0000] {processor.py:914} INFO - Processing file /home/Ashreem/airflow-env/lib/python3.12/site-packages/airflow/example_dags/example_short_circuit_operator.py for tasks to queue
[2025-03-07T02:58:48.951+0000] {logging_mixin.py:190} INFO - [2025-03-07T02:58:48.951+0000] {dagbag.py:588} INFO - Filling up the DagBag from /home/Ashreem/airflow-env/lib/python3.12/site-packages/airflow/example_dags/example_short_circuit_operator.py
[2025-03-07T02:58:48.963+0000] {processor.py:925} INFO - DAG(s) 'example_short_circuit_operator' retrieved from /home/Ashreem/airflow-env/lib/python3.12/site-packages/airflow/example_dags/example_short_circuit_operator.py
[2025-03-07T02:58:48.987+0000] {logging_mixin.py:190} INFO - [2025-03-07T02:58:48.987+0000] {dag.py:3239} INFO - Sync 1 DAGs
[2025-03-07T02:58:49.007+0000] {logging_mixin.py:190} INFO - [2025-03-07T02:58:49.006+0000] {dag.py:4180} INFO - Setting next_dagrun for example_short_circuit_operator to None, run_after=None
[2025-03-07T02:58:49.053+0000] {processor.py:208} INFO - Processing /home/Ashreem/airflow-env/lib/python3.12/site-packages/airflow/example_dags/example_short_circuit_operator.py took 0.114 seconds
[2025-03-07T02:59:56.307+0000] {processor.py:186} INFO - Started process (PID=48252) to work on /home/Ashreem/airflow-env/lib/python3.12/site-packages/airflow/example_dags/example_short_circuit_operator.py
[2025-03-07T02:59:56.309+0000] {processor.py:914} INFO - Processing file /home/Ashreem/airflow-env/lib/python3.12/site-packages/airflow/example_dags/example_short_circuit_operator.py for tasks to queue
[2025-03-07T02:59:56.314+0000] {logging_mixin.py:190} INFO - [2025-03-07T02:59:56.314+0000] {dagbag.py:588} INFO - Filling up the DagBag from /home/Ashreem/airflow-env/lib/python3.12/site-packages/airflow/example_dags/example_short_circuit_operator.py
[2025-03-07T02:59:56.335+0000] {processor.py:925} INFO - DAG(s) 'example_short_circuit_operator' retrieved from /home/Ashreem/airflow-env/lib/python3.12/site-packages/airflow/example_dags/example_short_circuit_operator.py
[2025-03-07T02:59:56.372+0000] {logging_mixin.py:190} INFO - [2025-03-07T02:59:56.372+0000] {dag.py:3239} INFO - Sync 1 DAGs
[2025-03-07T02:59:56.395+0000] {logging_mixin.py:190} INFO - [2025-03-07T02:59:56.394+0000] {dag.py:4180} INFO - Setting next_dagrun for example_short_circuit_operator to None, run_after=None
[2025-03-07T02:59:56.446+0000] {processor.py:208} INFO - Processing /home/Ashreem/airflow-env/lib/python3.12/site-packages/airflow/example_dags/example_short_circuit_operator.py took 0.150 seconds
[2025-03-07T03:01:02.922+0000] {processor.py:186} INFO - Started process (PID=48350) to work on /home/Ashreem/airflow-env/lib/python3.12/site-packages/airflow/example_dags/example_short_circuit_operator.py
[2025-03-07T03:01:02.924+0000] {processor.py:914} INFO - Processing file /home/Ashreem/airflow-env/lib/python3.12/site-packages/airflow/example_dags/example_short_circuit_operator.py for tasks to queue
[2025-03-07T03:01:02.928+0000] {logging_mixin.py:190} INFO - [2025-03-07T03:01:02.927+0000] {dagbag.py:588} INFO - Filling up the DagBag from /home/Ashreem/airflow-env/lib/python3.12/site-packages/airflow/example_dags/example_short_circuit_operator.py
[2025-03-07T03:01:02.942+0000] {processor.py:925} INFO - DAG(s) 'example_short_circuit_operator' retrieved from /home/Ashreem/airflow-env/lib/python3.12/site-packages/airflow/example_dags/example_short_circuit_operator.py
[2025-03-07T03:01:02.966+0000] {logging_mixin.py:190} INFO - [2025-03-07T03:01:02.966+0000] {dag.py:3239} INFO - Sync 1 DAGs
[2025-03-07T03:01:02.982+0000] {logging_mixin.py:190} INFO - [2025-03-07T03:01:02.981+0000] {dag.py:4180} INFO - Setting next_dagrun for example_short_circuit_operator to None, run_after=None
[2025-03-07T03:01:03.018+0000] {processor.py:208} INFO - Processing /home/Ashreem/airflow-env/lib/python3.12/site-packages/airflow/example_dags/example_short_circuit_operator.py took 0.103 seconds
[2025-03-07T03:02:04.281+0000] {processor.py:186} INFO - Started process (PID=48416) to work on /home/Ashreem/airflow-env/lib/python3.12/site-packages/airflow/example_dags/example_short_circuit_operator.py
[2025-03-07T03:02:04.282+0000] {processor.py:914} INFO - Processing file /home/Ashreem/airflow-env/lib/python3.12/site-packages/airflow/example_dags/example_short_circuit_operator.py for tasks to queue
[2025-03-07T03:02:04.287+0000] {logging_mixin.py:190} INFO - [2025-03-07T03:02:04.286+0000] {dagbag.py:588} INFO - Filling up the DagBag from /home/Ashreem/airflow-env/lib/python3.12/site-packages/airflow/example_dags/example_short_circuit_operator.py
[2025-03-07T03:02:04.299+0000] {processor.py:925} INFO - DAG(s) 'example_short_circuit_operator' retrieved from /home/Ashreem/airflow-env/lib/python3.12/site-packages/airflow/example_dags/example_short_circuit_operator.py
[2025-03-07T03:02:04.328+0000] {logging_mixin.py:190} INFO - [2025-03-07T03:02:04.328+0000] {dag.py:3239} INFO - Sync 1 DAGs
[2025-03-07T03:02:04.346+0000] {logging_mixin.py:190} INFO - [2025-03-07T03:02:04.345+0000] {dag.py:4180} INFO - Setting next_dagrun for example_short_circuit_operator to None, run_after=None
[2025-03-07T03:02:04.384+0000] {processor.py:208} INFO - Processing /home/Ashreem/airflow-env/lib/python3.12/site-packages/airflow/example_dags/example_short_circuit_operator.py took 0.111 seconds
[2025-03-07T03:03:04.533+0000] {processor.py:186} INFO - Started process (PID=48546) to work on /home/Ashreem/airflow-env/lib/python3.12/site-packages/airflow/example_dags/example_short_circuit_operator.py
[2025-03-07T03:03:04.535+0000] {processor.py:914} INFO - Processing file /home/Ashreem/airflow-env/lib/python3.12/site-packages/airflow/example_dags/example_short_circuit_operator.py for tasks to queue
[2025-03-07T03:03:04.539+0000] {logging_mixin.py:190} INFO - [2025-03-07T03:03:04.539+0000] {dagbag.py:588} INFO - Filling up the DagBag from /home/Ashreem/airflow-env/lib/python3.12/site-packages/airflow/example_dags/example_short_circuit_operator.py
[2025-03-07T03:03:04.551+0000] {processor.py:925} INFO - DAG(s) 'example_short_circuit_operator' retrieved from /home/Ashreem/airflow-env/lib/python3.12/site-packages/airflow/example_dags/example_short_circuit_operator.py
[2025-03-07T03:03:04.575+0000] {logging_mixin.py:190} INFO - [2025-03-07T03:03:04.574+0000] {dag.py:3239} INFO - Sync 1 DAGs
[2025-03-07T03:03:04.591+0000] {logging_mixin.py:190} INFO - [2025-03-07T03:03:04.591+0000] {dag.py:4180} INFO - Setting next_dagrun for example_short_circuit_operator to None, run_after=None
[2025-03-07T03:03:04.632+0000] {processor.py:208} INFO - Processing /home/Ashreem/airflow-env/lib/python3.12/site-packages/airflow/example_dags/example_short_circuit_operator.py took 0.106 seconds
[2025-03-07T03:03:49.850+0000] {processor.py:186} INFO - Started process (PID=48619) to work on /home/Ashreem/airflow-env/lib/python3.12/site-packages/airflow/example_dags/example_short_circuit_operator.py
[2025-03-07T03:03:49.851+0000] {processor.py:914} INFO - Processing file /home/Ashreem/airflow-env/lib/python3.12/site-packages/airflow/example_dags/example_short_circuit_operator.py for tasks to queue
[2025-03-07T03:03:49.855+0000] {logging_mixin.py:190} INFO - [2025-03-07T03:03:49.854+0000] {dagbag.py:588} INFO - Filling up the DagBag from /home/Ashreem/airflow-env/lib/python3.12/site-packages/airflow/example_dags/example_short_circuit_operator.py
[2025-03-07T03:03:49.867+0000] {processor.py:925} INFO - DAG(s) 'example_short_circuit_operator' retrieved from /home/Ashreem/airflow-env/lib/python3.12/site-packages/airflow/example_dags/example_short_circuit_operator.py
[2025-03-07T03:03:49.893+0000] {logging_mixin.py:190} INFO - [2025-03-07T03:03:49.893+0000] {dag.py:3239} INFO - Sync 1 DAGs
[2025-03-07T03:03:49.912+0000] {logging_mixin.py:190} INFO - [2025-03-07T03:03:49.912+0000] {dag.py:4180} INFO - Setting next_dagrun for example_short_circuit_operator to None, run_after=None
[2025-03-07T03:03:49.953+0000] {processor.py:208} INFO - Processing /home/Ashreem/airflow-env/lib/python3.12/site-packages/airflow/example_dags/example_short_circuit_operator.py took 0.111 seconds
[2025-03-07T03:04:52.165+0000] {processor.py:186} INFO - Started process (PID=48687) to work on /home/Ashreem/airflow-env/lib/python3.12/site-packages/airflow/example_dags/example_short_circuit_operator.py
[2025-03-07T03:04:52.166+0000] {processor.py:914} INFO - Processing file /home/Ashreem/airflow-env/lib/python3.12/site-packages/airflow/example_dags/example_short_circuit_operator.py for tasks to queue
[2025-03-07T03:04:52.169+0000] {logging_mixin.py:190} INFO - [2025-03-07T03:04:52.169+0000] {dagbag.py:588} INFO - Filling up the DagBag from /home/Ashreem/airflow-env/lib/python3.12/site-packages/airflow/example_dags/example_short_circuit_operator.py
[2025-03-07T03:04:52.187+0000] {processor.py:925} INFO - DAG(s) 'example_short_circuit_operator' retrieved from /home/Ashreem/airflow-env/lib/python3.12/site-packages/airflow/example_dags/example_short_circuit_operator.py
[2025-03-07T03:04:52.215+0000] {logging_mixin.py:190} INFO - [2025-03-07T03:04:52.214+0000] {dag.py:3239} INFO - Sync 1 DAGs
[2025-03-07T03:04:52.239+0000] {logging_mixin.py:190} INFO - [2025-03-07T03:04:52.238+0000] {dag.py:4180} INFO - Setting next_dagrun for example_short_circuit_operator to None, run_after=None
[2025-03-07T03:04:52.278+0000] {processor.py:208} INFO - Processing /home/Ashreem/airflow-env/lib/python3.12/site-packages/airflow/example_dags/example_short_circuit_operator.py took 0.124 seconds
[2025-03-07T03:05:53.197+0000] {processor.py:186} INFO - Started process (PID=48938) to work on /home/Ashreem/airflow-env/lib/python3.12/site-packages/airflow/example_dags/example_short_circuit_operator.py
[2025-03-07T03:05:53.199+0000] {processor.py:914} INFO - Processing file /home/Ashreem/airflow-env/lib/python3.12/site-packages/airflow/example_dags/example_short_circuit_operator.py for tasks to queue
[2025-03-07T03:05:53.202+0000] {logging_mixin.py:190} INFO - [2025-03-07T03:05:53.201+0000] {dagbag.py:588} INFO - Filling up the DagBag from /home/Ashreem/airflow-env/lib/python3.12/site-packages/airflow/example_dags/example_short_circuit_operator.py
[2025-03-07T03:05:53.214+0000] {processor.py:925} INFO - DAG(s) 'example_short_circuit_operator' retrieved from /home/Ashreem/airflow-env/lib/python3.12/site-packages/airflow/example_dags/example_short_circuit_operator.py
[2025-03-07T03:05:53.240+0000] {logging_mixin.py:190} INFO - [2025-03-07T03:05:53.240+0000] {dag.py:3239} INFO - Sync 1 DAGs
[2025-03-07T03:05:53.257+0000] {logging_mixin.py:190} INFO - [2025-03-07T03:05:53.257+0000] {dag.py:4180} INFO - Setting next_dagrun for example_short_circuit_operator to None, run_after=None
[2025-03-07T03:05:53.294+0000] {processor.py:208} INFO - Processing /home/Ashreem/airflow-env/lib/python3.12/site-packages/airflow/example_dags/example_short_circuit_operator.py took 0.104 seconds
[2025-03-07T03:07:00.154+0000] {processor.py:186} INFO - Started process (PID=49006) to work on /home/Ashreem/airflow-env/lib/python3.12/site-packages/airflow/example_dags/example_short_circuit_operator.py
[2025-03-07T03:07:00.156+0000] {processor.py:914} INFO - Processing file /home/Ashreem/airflow-env/lib/python3.12/site-packages/airflow/example_dags/example_short_circuit_operator.py for tasks to queue
[2025-03-07T03:07:00.159+0000] {logging_mixin.py:190} INFO - [2025-03-07T03:07:00.159+0000] {dagbag.py:588} INFO - Filling up the DagBag from /home/Ashreem/airflow-env/lib/python3.12/site-packages/airflow/example_dags/example_short_circuit_operator.py
[2025-03-07T03:07:00.172+0000] {processor.py:925} INFO - DAG(s) 'example_short_circuit_operator' retrieved from /home/Ashreem/airflow-env/lib/python3.12/site-packages/airflow/example_dags/example_short_circuit_operator.py
[2025-03-07T03:07:00.205+0000] {logging_mixin.py:190} INFO - [2025-03-07T03:07:00.205+0000] {dag.py:3239} INFO - Sync 1 DAGs
[2025-03-07T03:07:00.223+0000] {logging_mixin.py:190} INFO - [2025-03-07T03:07:00.222+0000] {dag.py:4180} INFO - Setting next_dagrun for example_short_circuit_operator to None, run_after=None
[2025-03-07T03:07:00.260+0000] {processor.py:208} INFO - Processing /home/Ashreem/airflow-env/lib/python3.12/site-packages/airflow/example_dags/example_short_circuit_operator.py took 0.116 seconds
[2025-03-07T03:08:05.676+0000] {processor.py:186} INFO - Started process (PID=49087) to work on /home/Ashreem/airflow-env/lib/python3.12/site-packages/airflow/example_dags/example_short_circuit_operator.py
[2025-03-07T03:08:05.678+0000] {processor.py:914} INFO - Processing file /home/Ashreem/airflow-env/lib/python3.12/site-packages/airflow/example_dags/example_short_circuit_operator.py for tasks to queue
[2025-03-07T03:08:05.682+0000] {logging_mixin.py:190} INFO - [2025-03-07T03:08:05.682+0000] {dagbag.py:588} INFO - Filling up the DagBag from /home/Ashreem/airflow-env/lib/python3.12/site-packages/airflow/example_dags/example_short_circuit_operator.py
[2025-03-07T03:08:05.694+0000] {processor.py:925} INFO - DAG(s) 'example_short_circuit_operator' retrieved from /home/Ashreem/airflow-env/lib/python3.12/site-packages/airflow/example_dags/example_short_circuit_operator.py
[2025-03-07T03:08:05.721+0000] {logging_mixin.py:190} INFO - [2025-03-07T03:08:05.720+0000] {dag.py:3239} INFO - Sync 1 DAGs
[2025-03-07T03:08:05.737+0000] {logging_mixin.py:190} INFO - [2025-03-07T03:08:05.737+0000] {dag.py:4180} INFO - Setting next_dagrun for example_short_circuit_operator to None, run_after=None
[2025-03-07T03:08:05.782+0000] {processor.py:208} INFO - Processing /home/Ashreem/airflow-env/lib/python3.12/site-packages/airflow/example_dags/example_short_circuit_operator.py took 0.113 seconds
[2025-03-07T03:09:07.940+0000] {processor.py:186} INFO - Started process (PID=49160) to work on /home/Ashreem/airflow-env/lib/python3.12/site-packages/airflow/example_dags/example_short_circuit_operator.py
[2025-03-07T03:09:07.942+0000] {processor.py:914} INFO - Processing file /home/Ashreem/airflow-env/lib/python3.12/site-packages/airflow/example_dags/example_short_circuit_operator.py for tasks to queue
[2025-03-07T03:09:07.944+0000] {logging_mixin.py:190} INFO - [2025-03-07T03:09:07.944+0000] {dagbag.py:588} INFO - Filling up the DagBag from /home/Ashreem/airflow-env/lib/python3.12/site-packages/airflow/example_dags/example_short_circuit_operator.py
[2025-03-07T03:09:07.960+0000] {processor.py:925} INFO - DAG(s) 'example_short_circuit_operator' retrieved from /home/Ashreem/airflow-env/lib/python3.12/site-packages/airflow/example_dags/example_short_circuit_operator.py
[2025-03-07T03:09:07.986+0000] {logging_mixin.py:190} INFO - [2025-03-07T03:09:07.986+0000] {dag.py:3239} INFO - Sync 1 DAGs
[2025-03-07T03:09:08.003+0000] {logging_mixin.py:190} INFO - [2025-03-07T03:09:08.003+0000] {dag.py:4180} INFO - Setting next_dagrun for example_short_circuit_operator to None, run_after=None
[2025-03-07T03:09:08.039+0000] {processor.py:208} INFO - Processing /home/Ashreem/airflow-env/lib/python3.12/site-packages/airflow/example_dags/example_short_circuit_operator.py took 0.107 seconds
[2025-03-07T03:10:08.948+0000] {processor.py:186} INFO - Started process (PID=49222) to work on /home/Ashreem/airflow-env/lib/python3.12/site-packages/airflow/example_dags/example_short_circuit_operator.py
[2025-03-07T03:10:08.949+0000] {processor.py:914} INFO - Processing file /home/Ashreem/airflow-env/lib/python3.12/site-packages/airflow/example_dags/example_short_circuit_operator.py for tasks to queue
[2025-03-07T03:10:08.951+0000] {logging_mixin.py:190} INFO - [2025-03-07T03:10:08.951+0000] {dagbag.py:588} INFO - Filling up the DagBag from /home/Ashreem/airflow-env/lib/python3.12/site-packages/airflow/example_dags/example_short_circuit_operator.py
[2025-03-07T03:10:08.964+0000] {processor.py:925} INFO - DAG(s) 'example_short_circuit_operator' retrieved from /home/Ashreem/airflow-env/lib/python3.12/site-packages/airflow/example_dags/example_short_circuit_operator.py
[2025-03-07T03:10:08.991+0000] {logging_mixin.py:190} INFO - [2025-03-07T03:10:08.991+0000] {dag.py:3239} INFO - Sync 1 DAGs
[2025-03-07T03:10:09.011+0000] {logging_mixin.py:190} INFO - [2025-03-07T03:10:09.011+0000] {dag.py:4180} INFO - Setting next_dagrun for example_short_circuit_operator to None, run_after=None
[2025-03-07T03:10:09.056+0000] {processor.py:208} INFO - Processing /home/Ashreem/airflow-env/lib/python3.12/site-packages/airflow/example_dags/example_short_circuit_operator.py took 0.116 seconds
