[2025-03-07T02:30:39.367+0000] {processor.py:186} INFO - Started process (PID=45990) to work on /home/Ashreem/airflow-env/lib/python3.12/site-packages/airflow/example_dags/example_setup_teardown.py
[2025-03-07T02:30:39.368+0000] {processor.py:914} INFO - Processing file /home/Ashreem/airflow-env/lib/python3.12/site-packages/airflow/example_dags/example_setup_teardown.py for tasks to queue
[2025-03-07T02:30:39.372+0000] {logging_mixin.py:190} INFO - [2025-03-07T02:30:39.372+0000] {dagbag.py:588} INFO - Filling up the DagBag from /home/Ashreem/airflow-env/lib/python3.12/site-packages/airflow/example_dags/example_setup_teardown.py
[2025-03-07T02:30:39.385+0000] {processor.py:925} INFO - DAG(s) 'example_setup_teardown' retrieved from /home/Ashreem/airflow-env/lib/python3.12/site-packages/airflow/example_dags/example_setup_teardown.py
[2025-03-07T02:30:39.545+0000] {logging_mixin.py:190} INFO - [2025-03-07T02:30:39.544+0000] {override.py:1930} INFO - Created Permission View: can read on DAG:example_setup_teardown
[2025-03-07T02:30:39.574+0000] {logging_mixin.py:190} INFO - [2025-03-07T02:30:39.574+0000] {override.py:1930} INFO - Created Permission View: can delete on DAG:example_setup_teardown
[2025-03-07T02:30:39.596+0000] {logging_mixin.py:190} INFO - [2025-03-07T02:30:39.596+0000] {override.py:1930} INFO - Created Permission View: can edit on DAG:example_setup_teardown
[2025-03-07T02:30:39.639+0000] {logging_mixin.py:190} INFO - [2025-03-07T02:30:39.639+0000] {override.py:1930} INFO - Created Permission View: can read on DAG Run:example_setup_teardown
[2025-03-07T02:30:39.660+0000] {logging_mixin.py:190} INFO - [2025-03-07T02:30:39.660+0000] {override.py:1930} INFO - Created Permission View: can delete on DAG Run:example_setup_teardown
[2025-03-07T02:30:39.679+0000] {logging_mixin.py:190} INFO - [2025-03-07T02:30:39.679+0000] {override.py:1930} INFO - Created Permission View: menu access on DAG Run:example_setup_teardown
[2025-03-07T02:30:39.707+0000] {logging_mixin.py:190} INFO - [2025-03-07T02:30:39.706+0000] {override.py:1930} INFO - Created Permission View: can create on DAG Run:example_setup_teardown
[2025-03-07T02:30:39.708+0000] {logging_mixin.py:190} INFO - [2025-03-07T02:30:39.708+0000] {dag.py:3239} INFO - Sync 1 DAGs
[2025-03-07T02:30:39.725+0000] {logging_mixin.py:190} INFO - [2025-03-07T02:30:39.724+0000] {dag.py:3262} INFO - Creating ORM DAG for example_setup_teardown
[2025-03-07T02:30:39.725+0000] {logging_mixin.py:190} INFO - [2025-03-07T02:30:39.725+0000] {dag.py:4180} INFO - Setting next_dagrun for example_setup_teardown to None, run_after=None
[2025-03-07T02:30:39.770+0000] {processor.py:208} INFO - Processing /home/Ashreem/airflow-env/lib/python3.12/site-packages/airflow/example_dags/example_setup_teardown.py took 0.411 seconds
[2025-03-07T02:33:16.237+0000] {processor.py:186} INFO - Started process (PID=46094) to work on /home/Ashreem/airflow-env/lib/python3.12/site-packages/airflow/example_dags/example_setup_teardown.py
[2025-03-07T02:33:16.238+0000] {processor.py:914} INFO - Processing file /home/Ashreem/airflow-env/lib/python3.12/site-packages/airflow/example_dags/example_setup_teardown.py for tasks to queue
[2025-03-07T02:33:16.241+0000] {logging_mixin.py:190} INFO - [2025-03-07T02:33:16.240+0000] {dagbag.py:588} INFO - Filling up the DagBag from /home/Ashreem/airflow-env/lib/python3.12/site-packages/airflow/example_dags/example_setup_teardown.py
[2025-03-07T02:33:16.253+0000] {processor.py:925} INFO - DAG(s) 'example_setup_teardown' retrieved from /home/Ashreem/airflow-env/lib/python3.12/site-packages/airflow/example_dags/example_setup_teardown.py
[2025-03-07T02:33:16.278+0000] {logging_mixin.py:190} INFO - [2025-03-07T02:33:16.278+0000] {dag.py:3239} INFO - Sync 1 DAGs
[2025-03-07T02:33:16.296+0000] {logging_mixin.py:190} INFO - [2025-03-07T02:33:16.296+0000] {dag.py:4180} INFO - Setting next_dagrun for example_setup_teardown to None, run_after=None
[2025-03-07T02:33:16.336+0000] {processor.py:208} INFO - Processing /home/Ashreem/airflow-env/lib/python3.12/site-packages/airflow/example_dags/example_setup_teardown.py took 0.108 seconds
[2025-03-07T02:34:22.071+0000] {processor.py:186} INFO - Started process (PID=46426) to work on /home/Ashreem/airflow-env/lib/python3.12/site-packages/airflow/example_dags/example_setup_teardown.py
[2025-03-07T02:34:22.073+0000] {processor.py:914} INFO - Processing file /home/Ashreem/airflow-env/lib/python3.12/site-packages/airflow/example_dags/example_setup_teardown.py for tasks to queue
[2025-03-07T02:34:22.076+0000] {logging_mixin.py:190} INFO - [2025-03-07T02:34:22.076+0000] {dagbag.py:588} INFO - Filling up the DagBag from /home/Ashreem/airflow-env/lib/python3.12/site-packages/airflow/example_dags/example_setup_teardown.py
[2025-03-07T02:34:22.088+0000] {processor.py:925} INFO - DAG(s) 'example_setup_teardown' retrieved from /home/Ashreem/airflow-env/lib/python3.12/site-packages/airflow/example_dags/example_setup_teardown.py
[2025-03-07T02:34:22.108+0000] {logging_mixin.py:190} INFO - [2025-03-07T02:34:22.108+0000] {dag.py:3239} INFO - Sync 1 DAGs
[2025-03-07T02:34:22.127+0000] {logging_mixin.py:190} INFO - [2025-03-07T02:34:22.126+0000] {dag.py:4180} INFO - Setting next_dagrun for example_setup_teardown to None, run_after=None
[2025-03-07T02:34:22.165+0000] {processor.py:208} INFO - Processing /home/Ashreem/airflow-env/lib/python3.12/site-packages/airflow/example_dags/example_setup_teardown.py took 0.102 seconds
[2025-03-07T02:35:28.365+0000] {processor.py:186} INFO - Started process (PID=46492) to work on /home/Ashreem/airflow-env/lib/python3.12/site-packages/airflow/example_dags/example_setup_teardown.py
[2025-03-07T02:35:28.366+0000] {processor.py:914} INFO - Processing file /home/Ashreem/airflow-env/lib/python3.12/site-packages/airflow/example_dags/example_setup_teardown.py for tasks to queue
[2025-03-07T02:35:28.369+0000] {logging_mixin.py:190} INFO - [2025-03-07T02:35:28.369+0000] {dagbag.py:588} INFO - Filling up the DagBag from /home/Ashreem/airflow-env/lib/python3.12/site-packages/airflow/example_dags/example_setup_teardown.py
[2025-03-07T02:35:28.381+0000] {processor.py:925} INFO - DAG(s) 'example_setup_teardown' retrieved from /home/Ashreem/airflow-env/lib/python3.12/site-packages/airflow/example_dags/example_setup_teardown.py
[2025-03-07T02:35:28.401+0000] {logging_mixin.py:190} INFO - [2025-03-07T02:35:28.401+0000] {dag.py:3239} INFO - Sync 1 DAGs
[2025-03-07T02:35:28.417+0000] {logging_mixin.py:190} INFO - [2025-03-07T02:35:28.417+0000] {dag.py:4180} INFO - Setting next_dagrun for example_setup_teardown to None, run_after=None
[2025-03-07T02:35:28.453+0000] {processor.py:208} INFO - Processing /home/Ashreem/airflow-env/lib/python3.12/site-packages/airflow/example_dags/example_setup_teardown.py took 0.098 seconds
[2025-03-07T02:36:35.982+0000] {processor.py:186} INFO - Started process (PID=46561) to work on /home/Ashreem/airflow-env/lib/python3.12/site-packages/airflow/example_dags/example_setup_teardown.py
[2025-03-07T02:36:35.983+0000] {processor.py:914} INFO - Processing file /home/Ashreem/airflow-env/lib/python3.12/site-packages/airflow/example_dags/example_setup_teardown.py for tasks to queue
[2025-03-07T02:36:35.986+0000] {logging_mixin.py:190} INFO - [2025-03-07T02:36:35.986+0000] {dagbag.py:588} INFO - Filling up the DagBag from /home/Ashreem/airflow-env/lib/python3.12/site-packages/airflow/example_dags/example_setup_teardown.py
[2025-03-07T02:36:35.997+0000] {processor.py:925} INFO - DAG(s) 'example_setup_teardown' retrieved from /home/Ashreem/airflow-env/lib/python3.12/site-packages/airflow/example_dags/example_setup_teardown.py
[2025-03-07T02:36:36.020+0000] {logging_mixin.py:190} INFO - [2025-03-07T02:36:36.020+0000] {dag.py:3239} INFO - Sync 1 DAGs
[2025-03-07T02:36:36.035+0000] {logging_mixin.py:190} INFO - [2025-03-07T02:36:36.035+0000] {dag.py:4180} INFO - Setting next_dagrun for example_setup_teardown to None, run_after=None
[2025-03-07T02:36:36.077+0000] {processor.py:208} INFO - Processing /home/Ashreem/airflow-env/lib/python3.12/site-packages/airflow/example_dags/example_setup_teardown.py took 0.102 seconds
[2025-03-07T02:37:39.993+0000] {processor.py:186} INFO - Started process (PID=46625) to work on /home/Ashreem/airflow-env/lib/python3.12/site-packages/airflow/example_dags/example_setup_teardown.py
[2025-03-07T02:37:39.994+0000] {processor.py:914} INFO - Processing file /home/Ashreem/airflow-env/lib/python3.12/site-packages/airflow/example_dags/example_setup_teardown.py for tasks to queue
[2025-03-07T02:37:39.997+0000] {logging_mixin.py:190} INFO - [2025-03-07T02:37:39.997+0000] {dagbag.py:588} INFO - Filling up the DagBag from /home/Ashreem/airflow-env/lib/python3.12/site-packages/airflow/example_dags/example_setup_teardown.py
[2025-03-07T02:37:40.010+0000] {processor.py:925} INFO - DAG(s) 'example_setup_teardown' retrieved from /home/Ashreem/airflow-env/lib/python3.12/site-packages/airflow/example_dags/example_setup_teardown.py
[2025-03-07T02:37:40.044+0000] {logging_mixin.py:190} INFO - [2025-03-07T02:37:40.043+0000] {dag.py:3239} INFO - Sync 1 DAGs
[2025-03-07T02:37:40.060+0000] {logging_mixin.py:190} INFO - [2025-03-07T02:37:40.060+0000] {dag.py:4180} INFO - Setting next_dagrun for example_setup_teardown to None, run_after=None
[2025-03-07T02:37:40.095+0000] {processor.py:208} INFO - Processing /home/Ashreem/airflow-env/lib/python3.12/site-packages/airflow/example_dags/example_setup_teardown.py took 0.110 seconds
[2025-03-07T02:38:42.369+0000] {processor.py:186} INFO - Started process (PID=46694) to work on /home/Ashreem/airflow-env/lib/python3.12/site-packages/airflow/example_dags/example_setup_teardown.py
[2025-03-07T02:38:42.371+0000] {processor.py:914} INFO - Processing file /home/Ashreem/airflow-env/lib/python3.12/site-packages/airflow/example_dags/example_setup_teardown.py for tasks to queue
[2025-03-07T02:38:42.373+0000] {logging_mixin.py:190} INFO - [2025-03-07T02:38:42.373+0000] {dagbag.py:588} INFO - Filling up the DagBag from /home/Ashreem/airflow-env/lib/python3.12/site-packages/airflow/example_dags/example_setup_teardown.py
[2025-03-07T02:38:42.387+0000] {processor.py:925} INFO - DAG(s) 'example_setup_teardown' retrieved from /home/Ashreem/airflow-env/lib/python3.12/site-packages/airflow/example_dags/example_setup_teardown.py
[2025-03-07T02:38:42.409+0000] {logging_mixin.py:190} INFO - [2025-03-07T02:38:42.409+0000] {dag.py:3239} INFO - Sync 1 DAGs
[2025-03-07T02:38:42.427+0000] {logging_mixin.py:190} INFO - [2025-03-07T02:38:42.426+0000] {dag.py:4180} INFO - Setting next_dagrun for example_setup_teardown to None, run_after=None
[2025-03-07T02:38:42.465+0000] {processor.py:208} INFO - Processing /home/Ashreem/airflow-env/lib/python3.12/site-packages/airflow/example_dags/example_setup_teardown.py took 0.105 seconds
[2025-03-07T02:39:45.438+0000] {processor.py:186} INFO - Started process (PID=46757) to work on /home/Ashreem/airflow-env/lib/python3.12/site-packages/airflow/example_dags/example_setup_teardown.py
[2025-03-07T02:39:45.440+0000] {processor.py:914} INFO - Processing file /home/Ashreem/airflow-env/lib/python3.12/site-packages/airflow/example_dags/example_setup_teardown.py for tasks to queue
[2025-03-07T02:39:45.443+0000] {logging_mixin.py:190} INFO - [2025-03-07T02:39:45.443+0000] {dagbag.py:588} INFO - Filling up the DagBag from /home/Ashreem/airflow-env/lib/python3.12/site-packages/airflow/example_dags/example_setup_teardown.py
[2025-03-07T02:39:45.457+0000] {processor.py:925} INFO - DAG(s) 'example_setup_teardown' retrieved from /home/Ashreem/airflow-env/lib/python3.12/site-packages/airflow/example_dags/example_setup_teardown.py
[2025-03-07T02:39:45.481+0000] {logging_mixin.py:190} INFO - [2025-03-07T02:39:45.481+0000] {dag.py:3239} INFO - Sync 1 DAGs
[2025-03-07T02:39:45.496+0000] {logging_mixin.py:190} INFO - [2025-03-07T02:39:45.496+0000] {dag.py:4180} INFO - Setting next_dagrun for example_setup_teardown to None, run_after=None
[2025-03-07T02:39:45.534+0000] {processor.py:208} INFO - Processing /home/Ashreem/airflow-env/lib/python3.12/site-packages/airflow/example_dags/example_setup_teardown.py took 0.106 seconds
[2025-03-07T02:40:49.409+0000] {processor.py:186} INFO - Started process (PID=46821) to work on /home/Ashreem/airflow-env/lib/python3.12/site-packages/airflow/example_dags/example_setup_teardown.py
[2025-03-07T02:40:49.411+0000] {processor.py:914} INFO - Processing file /home/Ashreem/airflow-env/lib/python3.12/site-packages/airflow/example_dags/example_setup_teardown.py for tasks to queue
[2025-03-07T02:40:49.414+0000] {logging_mixin.py:190} INFO - [2025-03-07T02:40:49.413+0000] {dagbag.py:588} INFO - Filling up the DagBag from /home/Ashreem/airflow-env/lib/python3.12/site-packages/airflow/example_dags/example_setup_teardown.py
[2025-03-07T02:40:49.426+0000] {processor.py:925} INFO - DAG(s) 'example_setup_teardown' retrieved from /home/Ashreem/airflow-env/lib/python3.12/site-packages/airflow/example_dags/example_setup_teardown.py
[2025-03-07T02:40:49.448+0000] {logging_mixin.py:190} INFO - [2025-03-07T02:40:49.448+0000] {dag.py:3239} INFO - Sync 1 DAGs
[2025-03-07T02:40:49.468+0000] {logging_mixin.py:190} INFO - [2025-03-07T02:40:49.468+0000] {dag.py:4180} INFO - Setting next_dagrun for example_setup_teardown to None, run_after=None
[2025-03-07T02:40:49.507+0000] {processor.py:208} INFO - Processing /home/Ashreem/airflow-env/lib/python3.12/site-packages/airflow/example_dags/example_setup_teardown.py took 0.110 seconds
[2025-03-07T02:41:51.987+0000] {processor.py:186} INFO - Started process (PID=46884) to work on /home/Ashreem/airflow-env/lib/python3.12/site-packages/airflow/example_dags/example_setup_teardown.py
[2025-03-07T02:41:51.990+0000] {processor.py:914} INFO - Processing file /home/Ashreem/airflow-env/lib/python3.12/site-packages/airflow/example_dags/example_setup_teardown.py for tasks to queue
[2025-03-07T02:41:51.994+0000] {logging_mixin.py:190} INFO - [2025-03-07T02:41:51.993+0000] {dagbag.py:588} INFO - Filling up the DagBag from /home/Ashreem/airflow-env/lib/python3.12/site-packages/airflow/example_dags/example_setup_teardown.py
[2025-03-07T02:41:52.007+0000] {processor.py:925} INFO - DAG(s) 'example_setup_teardown' retrieved from /home/Ashreem/airflow-env/lib/python3.12/site-packages/airflow/example_dags/example_setup_teardown.py
[2025-03-07T02:41:52.027+0000] {logging_mixin.py:190} INFO - [2025-03-07T02:41:52.027+0000] {dag.py:3239} INFO - Sync 1 DAGs
[2025-03-07T02:41:52.042+0000] {logging_mixin.py:190} INFO - [2025-03-07T02:41:52.042+0000] {dag.py:4180} INFO - Setting next_dagrun for example_setup_teardown to None, run_after=None
[2025-03-07T02:41:52.087+0000] {processor.py:208} INFO - Processing /home/Ashreem/airflow-env/lib/python3.12/site-packages/airflow/example_dags/example_setup_teardown.py took 0.108 seconds
[2025-03-07T02:42:56.440+0000] {processor.py:186} INFO - Started process (PID=46951) to work on /home/Ashreem/airflow-env/lib/python3.12/site-packages/airflow/example_dags/example_setup_teardown.py
[2025-03-07T02:42:56.442+0000] {processor.py:914} INFO - Processing file /home/Ashreem/airflow-env/lib/python3.12/site-packages/airflow/example_dags/example_setup_teardown.py for tasks to queue
[2025-03-07T02:42:56.445+0000] {logging_mixin.py:190} INFO - [2025-03-07T02:42:56.444+0000] {dagbag.py:588} INFO - Filling up the DagBag from /home/Ashreem/airflow-env/lib/python3.12/site-packages/airflow/example_dags/example_setup_teardown.py
[2025-03-07T02:42:56.456+0000] {processor.py:925} INFO - DAG(s) 'example_setup_teardown' retrieved from /home/Ashreem/airflow-env/lib/python3.12/site-packages/airflow/example_dags/example_setup_teardown.py
[2025-03-07T02:42:56.476+0000] {logging_mixin.py:190} INFO - [2025-03-07T02:42:56.475+0000] {dag.py:3239} INFO - Sync 1 DAGs
[2025-03-07T02:42:56.492+0000] {logging_mixin.py:190} INFO - [2025-03-07T02:42:56.491+0000] {dag.py:4180} INFO - Setting next_dagrun for example_setup_teardown to None, run_after=None
[2025-03-07T02:42:56.532+0000] {processor.py:208} INFO - Processing /home/Ashreem/airflow-env/lib/python3.12/site-packages/airflow/example_dags/example_setup_teardown.py took 0.098 seconds
[2025-03-07T02:44:00.567+0000] {processor.py:186} INFO - Started process (PID=47024) to work on /home/Ashreem/airflow-env/lib/python3.12/site-packages/airflow/example_dags/example_setup_teardown.py
[2025-03-07T02:44:00.569+0000] {processor.py:914} INFO - Processing file /home/Ashreem/airflow-env/lib/python3.12/site-packages/airflow/example_dags/example_setup_teardown.py for tasks to queue
[2025-03-07T02:44:00.572+0000] {logging_mixin.py:190} INFO - [2025-03-07T02:44:00.571+0000] {dagbag.py:588} INFO - Filling up the DagBag from /home/Ashreem/airflow-env/lib/python3.12/site-packages/airflow/example_dags/example_setup_teardown.py
[2025-03-07T02:44:00.584+0000] {processor.py:925} INFO - DAG(s) 'example_setup_teardown' retrieved from /home/Ashreem/airflow-env/lib/python3.12/site-packages/airflow/example_dags/example_setup_teardown.py
[2025-03-07T02:44:00.603+0000] {logging_mixin.py:190} INFO - [2025-03-07T02:44:00.603+0000] {dag.py:3239} INFO - Sync 1 DAGs
[2025-03-07T02:44:00.619+0000] {logging_mixin.py:190} INFO - [2025-03-07T02:44:00.619+0000] {dag.py:4180} INFO - Setting next_dagrun for example_setup_teardown to None, run_after=None
[2025-03-07T02:44:00.666+0000] {processor.py:208} INFO - Processing /home/Ashreem/airflow-env/lib/python3.12/site-packages/airflow/example_dags/example_setup_teardown.py took 0.106 seconds
[2025-03-07T02:45:01.994+0000] {processor.py:186} INFO - Started process (PID=47102) to work on /home/Ashreem/airflow-env/lib/python3.12/site-packages/airflow/example_dags/example_setup_teardown.py
[2025-03-07T02:45:01.996+0000] {processor.py:914} INFO - Processing file /home/Ashreem/airflow-env/lib/python3.12/site-packages/airflow/example_dags/example_setup_teardown.py for tasks to queue
[2025-03-07T02:45:01.999+0000] {logging_mixin.py:190} INFO - [2025-03-07T02:45:01.998+0000] {dagbag.py:588} INFO - Filling up the DagBag from /home/Ashreem/airflow-env/lib/python3.12/site-packages/airflow/example_dags/example_setup_teardown.py
[2025-03-07T02:45:02.011+0000] {processor.py:925} INFO - DAG(s) 'example_setup_teardown' retrieved from /home/Ashreem/airflow-env/lib/python3.12/site-packages/airflow/example_dags/example_setup_teardown.py
[2025-03-07T02:45:02.034+0000] {logging_mixin.py:190} INFO - [2025-03-07T02:45:02.033+0000] {dag.py:3239} INFO - Sync 1 DAGs
[2025-03-07T02:45:02.050+0000] {logging_mixin.py:190} INFO - [2025-03-07T02:45:02.050+0000] {dag.py:4180} INFO - Setting next_dagrun for example_setup_teardown to None, run_after=None
[2025-03-07T02:45:02.091+0000] {processor.py:208} INFO - Processing /home/Ashreem/airflow-env/lib/python3.12/site-packages/airflow/example_dags/example_setup_teardown.py took 0.105 seconds
[2025-03-07T02:46:06.133+0000] {processor.py:186} INFO - Started process (PID=47169) to work on /home/Ashreem/airflow-env/lib/python3.12/site-packages/airflow/example_dags/example_setup_teardown.py
[2025-03-07T02:46:06.134+0000] {processor.py:914} INFO - Processing file /home/Ashreem/airflow-env/lib/python3.12/site-packages/airflow/example_dags/example_setup_teardown.py for tasks to queue
[2025-03-07T02:46:06.137+0000] {logging_mixin.py:190} INFO - [2025-03-07T02:46:06.137+0000] {dagbag.py:588} INFO - Filling up the DagBag from /home/Ashreem/airflow-env/lib/python3.12/site-packages/airflow/example_dags/example_setup_teardown.py
[2025-03-07T02:46:06.150+0000] {processor.py:925} INFO - DAG(s) 'example_setup_teardown' retrieved from /home/Ashreem/airflow-env/lib/python3.12/site-packages/airflow/example_dags/example_setup_teardown.py
[2025-03-07T02:46:06.172+0000] {logging_mixin.py:190} INFO - [2025-03-07T02:46:06.172+0000] {dag.py:3239} INFO - Sync 1 DAGs
[2025-03-07T02:46:06.188+0000] {logging_mixin.py:190} INFO - [2025-03-07T02:46:06.188+0000] {dag.py:4180} INFO - Setting next_dagrun for example_setup_teardown to None, run_after=None
[2025-03-07T02:46:06.231+0000] {processor.py:208} INFO - Processing /home/Ashreem/airflow-env/lib/python3.12/site-packages/airflow/example_dags/example_setup_teardown.py took 0.105 seconds
[2025-03-07T02:47:09.165+0000] {processor.py:186} INFO - Started process (PID=47231) to work on /home/Ashreem/airflow-env/lib/python3.12/site-packages/airflow/example_dags/example_setup_teardown.py
[2025-03-07T02:47:09.167+0000] {processor.py:914} INFO - Processing file /home/Ashreem/airflow-env/lib/python3.12/site-packages/airflow/example_dags/example_setup_teardown.py for tasks to queue
[2025-03-07T02:47:09.174+0000] {logging_mixin.py:190} INFO - [2025-03-07T02:47:09.170+0000] {dagbag.py:588} INFO - Filling up the DagBag from /home/Ashreem/airflow-env/lib/python3.12/site-packages/airflow/example_dags/example_setup_teardown.py
[2025-03-07T02:47:09.188+0000] {processor.py:925} INFO - DAG(s) 'example_setup_teardown' retrieved from /home/Ashreem/airflow-env/lib/python3.12/site-packages/airflow/example_dags/example_setup_teardown.py
[2025-03-07T02:47:09.209+0000] {logging_mixin.py:190} INFO - [2025-03-07T02:47:09.209+0000] {dag.py:3239} INFO - Sync 1 DAGs
[2025-03-07T02:47:09.230+0000] {logging_mixin.py:190} INFO - [2025-03-07T02:47:09.229+0000] {dag.py:4180} INFO - Setting next_dagrun for example_setup_teardown to None, run_after=None
[2025-03-07T02:47:09.269+0000] {processor.py:208} INFO - Processing /home/Ashreem/airflow-env/lib/python3.12/site-packages/airflow/example_dags/example_setup_teardown.py took 0.113 seconds
[2025-03-07T02:48:15.763+0000] {processor.py:186} INFO - Started process (PID=47295) to work on /home/Ashreem/airflow-env/lib/python3.12/site-packages/airflow/example_dags/example_setup_teardown.py
[2025-03-07T02:48:15.764+0000] {processor.py:914} INFO - Processing file /home/Ashreem/airflow-env/lib/python3.12/site-packages/airflow/example_dags/example_setup_teardown.py for tasks to queue
[2025-03-07T02:48:15.767+0000] {logging_mixin.py:190} INFO - [2025-03-07T02:48:15.766+0000] {dagbag.py:588} INFO - Filling up the DagBag from /home/Ashreem/airflow-env/lib/python3.12/site-packages/airflow/example_dags/example_setup_teardown.py
[2025-03-07T02:48:15.780+0000] {processor.py:925} INFO - DAG(s) 'example_setup_teardown' retrieved from /home/Ashreem/airflow-env/lib/python3.12/site-packages/airflow/example_dags/example_setup_teardown.py
[2025-03-07T02:48:15.803+0000] {logging_mixin.py:190} INFO - [2025-03-07T02:48:15.802+0000] {dag.py:3239} INFO - Sync 1 DAGs
[2025-03-07T02:48:15.827+0000] {logging_mixin.py:190} INFO - [2025-03-07T02:48:15.826+0000] {dag.py:4180} INFO - Setting next_dagrun for example_setup_teardown to None, run_after=None
[2025-03-07T02:48:15.868+0000] {processor.py:208} INFO - Processing /home/Ashreem/airflow-env/lib/python3.12/site-packages/airflow/example_dags/example_setup_teardown.py took 0.113 seconds
[2025-03-07T02:49:23.112+0000] {processor.py:186} INFO - Started process (PID=47375) to work on /home/Ashreem/airflow-env/lib/python3.12/site-packages/airflow/example_dags/example_setup_teardown.py
[2025-03-07T02:49:23.113+0000] {processor.py:914} INFO - Processing file /home/Ashreem/airflow-env/lib/python3.12/site-packages/airflow/example_dags/example_setup_teardown.py for tasks to queue
[2025-03-07T02:49:23.116+0000] {logging_mixin.py:190} INFO - [2025-03-07T02:49:23.115+0000] {dagbag.py:588} INFO - Filling up the DagBag from /home/Ashreem/airflow-env/lib/python3.12/site-packages/airflow/example_dags/example_setup_teardown.py
[2025-03-07T02:49:23.128+0000] {processor.py:925} INFO - DAG(s) 'example_setup_teardown' retrieved from /home/Ashreem/airflow-env/lib/python3.12/site-packages/airflow/example_dags/example_setup_teardown.py
[2025-03-07T02:49:23.149+0000] {logging_mixin.py:190} INFO - [2025-03-07T02:49:23.149+0000] {dag.py:3239} INFO - Sync 1 DAGs
[2025-03-07T02:49:23.168+0000] {logging_mixin.py:190} INFO - [2025-03-07T02:49:23.168+0000] {dag.py:4180} INFO - Setting next_dagrun for example_setup_teardown to None, run_after=None
[2025-03-07T02:49:23.206+0000] {processor.py:208} INFO - Processing /home/Ashreem/airflow-env/lib/python3.12/site-packages/airflow/example_dags/example_setup_teardown.py took 0.102 seconds
[2025-03-07T02:50:30.717+0000] {processor.py:186} INFO - Started process (PID=47451) to work on /home/Ashreem/airflow-env/lib/python3.12/site-packages/airflow/example_dags/example_setup_teardown.py
[2025-03-07T02:50:30.718+0000] {processor.py:914} INFO - Processing file /home/Ashreem/airflow-env/lib/python3.12/site-packages/airflow/example_dags/example_setup_teardown.py for tasks to queue
[2025-03-07T02:50:30.721+0000] {logging_mixin.py:190} INFO - [2025-03-07T02:50:30.721+0000] {dagbag.py:588} INFO - Filling up the DagBag from /home/Ashreem/airflow-env/lib/python3.12/site-packages/airflow/example_dags/example_setup_teardown.py
[2025-03-07T02:50:30.733+0000] {processor.py:925} INFO - DAG(s) 'example_setup_teardown' retrieved from /home/Ashreem/airflow-env/lib/python3.12/site-packages/airflow/example_dags/example_setup_teardown.py
[2025-03-07T02:50:30.754+0000] {logging_mixin.py:190} INFO - [2025-03-07T02:50:30.754+0000] {dag.py:3239} INFO - Sync 1 DAGs
[2025-03-07T02:50:30.772+0000] {logging_mixin.py:190} INFO - [2025-03-07T02:50:30.771+0000] {dag.py:4180} INFO - Setting next_dagrun for example_setup_teardown to None, run_after=None
[2025-03-07T02:50:30.809+0000] {processor.py:208} INFO - Processing /home/Ashreem/airflow-env/lib/python3.12/site-packages/airflow/example_dags/example_setup_teardown.py took 0.099 seconds
[2025-03-07T02:51:29.741+0000] {processor.py:186} INFO - Started process (PID=47511) to work on /home/Ashreem/airflow-env/lib/python3.12/site-packages/airflow/example_dags/example_setup_teardown.py
[2025-03-07T02:51:29.742+0000] {processor.py:914} INFO - Processing file /home/Ashreem/airflow-env/lib/python3.12/site-packages/airflow/example_dags/example_setup_teardown.py for tasks to queue
[2025-03-07T02:51:29.744+0000] {logging_mixin.py:190} INFO - [2025-03-07T02:51:29.744+0000] {dagbag.py:588} INFO - Filling up the DagBag from /home/Ashreem/airflow-env/lib/python3.12/site-packages/airflow/example_dags/example_setup_teardown.py
[2025-03-07T02:51:29.756+0000] {processor.py:925} INFO - DAG(s) 'example_setup_teardown' retrieved from /home/Ashreem/airflow-env/lib/python3.12/site-packages/airflow/example_dags/example_setup_teardown.py
[2025-03-07T02:51:29.774+0000] {logging_mixin.py:190} INFO - [2025-03-07T02:51:29.774+0000] {dag.py:3239} INFO - Sync 1 DAGs
[2025-03-07T02:51:29.792+0000] {logging_mixin.py:190} INFO - [2025-03-07T02:51:29.792+0000] {dag.py:4180} INFO - Setting next_dagrun for example_setup_teardown to None, run_after=None
[2025-03-07T02:51:29.829+0000] {processor.py:208} INFO - Processing /home/Ashreem/airflow-env/lib/python3.12/site-packages/airflow/example_dags/example_setup_teardown.py took 0.096 seconds
[2025-03-07T02:52:36.183+0000] {processor.py:186} INFO - Started process (PID=47579) to work on /home/Ashreem/airflow-env/lib/python3.12/site-packages/airflow/example_dags/example_setup_teardown.py
[2025-03-07T02:52:36.185+0000] {processor.py:914} INFO - Processing file /home/Ashreem/airflow-env/lib/python3.12/site-packages/airflow/example_dags/example_setup_teardown.py for tasks to queue
[2025-03-07T02:52:36.188+0000] {logging_mixin.py:190} INFO - [2025-03-07T02:52:36.187+0000] {dagbag.py:588} INFO - Filling up the DagBag from /home/Ashreem/airflow-env/lib/python3.12/site-packages/airflow/example_dags/example_setup_teardown.py
[2025-03-07T02:52:36.199+0000] {processor.py:925} INFO - DAG(s) 'example_setup_teardown' retrieved from /home/Ashreem/airflow-env/lib/python3.12/site-packages/airflow/example_dags/example_setup_teardown.py
[2025-03-07T02:52:36.224+0000] {logging_mixin.py:190} INFO - [2025-03-07T02:52:36.224+0000] {dag.py:3239} INFO - Sync 1 DAGs
[2025-03-07T02:52:36.241+0000] {logging_mixin.py:190} INFO - [2025-03-07T02:52:36.241+0000] {dag.py:4180} INFO - Setting next_dagrun for example_setup_teardown to None, run_after=None
[2025-03-07T02:52:36.284+0000] {processor.py:208} INFO - Processing /home/Ashreem/airflow-env/lib/python3.12/site-packages/airflow/example_dags/example_setup_teardown.py took 0.109 seconds
[2025-03-07T02:53:38.909+0000] {processor.py:186} INFO - Started process (PID=47646) to work on /home/Ashreem/airflow-env/lib/python3.12/site-packages/airflow/example_dags/example_setup_teardown.py
[2025-03-07T02:53:38.910+0000] {processor.py:914} INFO - Processing file /home/Ashreem/airflow-env/lib/python3.12/site-packages/airflow/example_dags/example_setup_teardown.py for tasks to queue
[2025-03-07T02:53:38.913+0000] {logging_mixin.py:190} INFO - [2025-03-07T02:53:38.912+0000] {dagbag.py:588} INFO - Filling up the DagBag from /home/Ashreem/airflow-env/lib/python3.12/site-packages/airflow/example_dags/example_setup_teardown.py
[2025-03-07T02:53:38.925+0000] {processor.py:925} INFO - DAG(s) 'example_setup_teardown' retrieved from /home/Ashreem/airflow-env/lib/python3.12/site-packages/airflow/example_dags/example_setup_teardown.py
[2025-03-07T02:53:38.944+0000] {logging_mixin.py:190} INFO - [2025-03-07T02:53:38.944+0000] {dag.py:3239} INFO - Sync 1 DAGs
[2025-03-07T02:53:38.960+0000] {logging_mixin.py:190} INFO - [2025-03-07T02:53:38.959+0000] {dag.py:4180} INFO - Setting next_dagrun for example_setup_teardown to None, run_after=None
[2025-03-07T02:53:38.996+0000] {processor.py:208} INFO - Processing /home/Ashreem/airflow-env/lib/python3.12/site-packages/airflow/example_dags/example_setup_teardown.py took 0.094 seconds
[2025-03-07T02:54:42.379+0000] {processor.py:186} INFO - Started process (PID=47707) to work on /home/Ashreem/airflow-env/lib/python3.12/site-packages/airflow/example_dags/example_setup_teardown.py
[2025-03-07T02:54:42.381+0000] {processor.py:914} INFO - Processing file /home/Ashreem/airflow-env/lib/python3.12/site-packages/airflow/example_dags/example_setup_teardown.py for tasks to queue
[2025-03-07T02:54:42.384+0000] {logging_mixin.py:190} INFO - [2025-03-07T02:54:42.383+0000] {dagbag.py:588} INFO - Filling up the DagBag from /home/Ashreem/airflow-env/lib/python3.12/site-packages/airflow/example_dags/example_setup_teardown.py
[2025-03-07T02:54:42.395+0000] {processor.py:925} INFO - DAG(s) 'example_setup_teardown' retrieved from /home/Ashreem/airflow-env/lib/python3.12/site-packages/airflow/example_dags/example_setup_teardown.py
[2025-03-07T02:54:42.416+0000] {logging_mixin.py:190} INFO - [2025-03-07T02:54:42.415+0000] {dag.py:3239} INFO - Sync 1 DAGs
[2025-03-07T02:54:42.429+0000] {logging_mixin.py:190} INFO - [2025-03-07T02:54:42.429+0000] {dag.py:4180} INFO - Setting next_dagrun for example_setup_teardown to None, run_after=None
[2025-03-07T02:54:42.469+0000] {processor.py:208} INFO - Processing /home/Ashreem/airflow-env/lib/python3.12/site-packages/airflow/example_dags/example_setup_teardown.py took 0.096 seconds
[2025-03-07T02:55:42.931+0000] {processor.py:186} INFO - Started process (PID=47839) to work on /home/Ashreem/airflow-env/lib/python3.12/site-packages/airflow/example_dags/example_setup_teardown.py
[2025-03-07T02:55:42.933+0000] {processor.py:914} INFO - Processing file /home/Ashreem/airflow-env/lib/python3.12/site-packages/airflow/example_dags/example_setup_teardown.py for tasks to queue
[2025-03-07T02:55:42.936+0000] {logging_mixin.py:190} INFO - [2025-03-07T02:55:42.936+0000] {dagbag.py:588} INFO - Filling up the DagBag from /home/Ashreem/airflow-env/lib/python3.12/site-packages/airflow/example_dags/example_setup_teardown.py
[2025-03-07T02:55:42.948+0000] {processor.py:925} INFO - DAG(s) 'example_setup_teardown' retrieved from /home/Ashreem/airflow-env/lib/python3.12/site-packages/airflow/example_dags/example_setup_teardown.py
[2025-03-07T02:55:42.972+0000] {logging_mixin.py:190} INFO - [2025-03-07T02:55:42.972+0000] {dag.py:3239} INFO - Sync 1 DAGs
[2025-03-07T02:55:42.988+0000] {logging_mixin.py:190} INFO - [2025-03-07T02:55:42.988+0000] {dag.py:4180} INFO - Setting next_dagrun for example_setup_teardown to None, run_after=None
[2025-03-07T02:55:43.023+0000] {processor.py:208} INFO - Processing /home/Ashreem/airflow-env/lib/python3.12/site-packages/airflow/example_dags/example_setup_teardown.py took 0.099 seconds
[2025-03-07T02:56:46.018+0000] {processor.py:186} INFO - Started process (PID=47957) to work on /home/Ashreem/airflow-env/lib/python3.12/site-packages/airflow/example_dags/example_setup_teardown.py
[2025-03-07T02:56:46.021+0000] {processor.py:914} INFO - Processing file /home/Ashreem/airflow-env/lib/python3.12/site-packages/airflow/example_dags/example_setup_teardown.py for tasks to queue
[2025-03-07T02:56:46.023+0000] {logging_mixin.py:190} INFO - [2025-03-07T02:56:46.023+0000] {dagbag.py:588} INFO - Filling up the DagBag from /home/Ashreem/airflow-env/lib/python3.12/site-packages/airflow/example_dags/example_setup_teardown.py
[2025-03-07T02:56:46.035+0000] {processor.py:925} INFO - DAG(s) 'example_setup_teardown' retrieved from /home/Ashreem/airflow-env/lib/python3.12/site-packages/airflow/example_dags/example_setup_teardown.py
[2025-03-07T02:56:46.058+0000] {logging_mixin.py:190} INFO - [2025-03-07T02:56:46.058+0000] {dag.py:3239} INFO - Sync 1 DAGs
[2025-03-07T02:56:46.076+0000] {logging_mixin.py:190} INFO - [2025-03-07T02:56:46.076+0000] {dag.py:4180} INFO - Setting next_dagrun for example_setup_teardown to None, run_after=None
[2025-03-07T02:56:46.111+0000] {processor.py:208} INFO - Processing /home/Ashreem/airflow-env/lib/python3.12/site-packages/airflow/example_dags/example_setup_teardown.py took 0.103 seconds
[2025-03-07T02:56:49.472+0000] {processor.py:186} INFO - Started process (PID=47963) to work on /home/Ashreem/airflow-env/lib/python3.12/site-packages/airflow/example_dags/example_setup_teardown.py
[2025-03-07T02:56:49.473+0000] {processor.py:914} INFO - Processing file /home/Ashreem/airflow-env/lib/python3.12/site-packages/airflow/example_dags/example_setup_teardown.py for tasks to queue
[2025-03-07T02:56:49.476+0000] {logging_mixin.py:190} INFO - [2025-03-07T02:56:49.476+0000] {dagbag.py:588} INFO - Filling up the DagBag from /home/Ashreem/airflow-env/lib/python3.12/site-packages/airflow/example_dags/example_setup_teardown.py
[2025-03-07T02:56:49.490+0000] {processor.py:925} INFO - DAG(s) 'example_setup_teardown' retrieved from /home/Ashreem/airflow-env/lib/python3.12/site-packages/airflow/example_dags/example_setup_teardown.py
[2025-03-07T02:56:49.511+0000] {logging_mixin.py:190} INFO - [2025-03-07T02:56:49.511+0000] {dag.py:3239} INFO - Sync 1 DAGs
[2025-03-07T02:56:49.528+0000] {logging_mixin.py:190} INFO - [2025-03-07T02:56:49.528+0000] {dag.py:4180} INFO - Setting next_dagrun for example_setup_teardown to None, run_after=None
[2025-03-07T02:56:49.567+0000] {processor.py:208} INFO - Processing /home/Ashreem/airflow-env/lib/python3.12/site-packages/airflow/example_dags/example_setup_teardown.py took 0.103 seconds
[2025-03-07T02:57:52.936+0000] {processor.py:186} INFO - Started process (PID=48060) to work on /home/Ashreem/airflow-env/lib/python3.12/site-packages/airflow/example_dags/example_setup_teardown.py
[2025-03-07T02:57:52.937+0000] {processor.py:914} INFO - Processing file /home/Ashreem/airflow-env/lib/python3.12/site-packages/airflow/example_dags/example_setup_teardown.py for tasks to queue
[2025-03-07T02:57:52.942+0000] {logging_mixin.py:190} INFO - [2025-03-07T02:57:52.941+0000] {dagbag.py:588} INFO - Filling up the DagBag from /home/Ashreem/airflow-env/lib/python3.12/site-packages/airflow/example_dags/example_setup_teardown.py
[2025-03-07T02:57:52.955+0000] {processor.py:925} INFO - DAG(s) 'example_setup_teardown' retrieved from /home/Ashreem/airflow-env/lib/python3.12/site-packages/airflow/example_dags/example_setup_teardown.py
[2025-03-07T02:57:52.976+0000] {logging_mixin.py:190} INFO - [2025-03-07T02:57:52.976+0000] {dag.py:3239} INFO - Sync 1 DAGs
[2025-03-07T02:57:52.992+0000] {logging_mixin.py:190} INFO - [2025-03-07T02:57:52.991+0000] {dag.py:4180} INFO - Setting next_dagrun for example_setup_teardown to None, run_after=None
[2025-03-07T02:57:53.028+0000] {processor.py:208} INFO - Processing /home/Ashreem/airflow-env/lib/python3.12/site-packages/airflow/example_dags/example_setup_teardown.py took 0.100 seconds
[2025-03-07T02:58:57.923+0000] {processor.py:186} INFO - Started process (PID=48132) to work on /home/Ashreem/airflow-env/lib/python3.12/site-packages/airflow/example_dags/example_setup_teardown.py
[2025-03-07T02:58:57.925+0000] {processor.py:914} INFO - Processing file /home/Ashreem/airflow-env/lib/python3.12/site-packages/airflow/example_dags/example_setup_teardown.py for tasks to queue
[2025-03-07T02:58:57.928+0000] {logging_mixin.py:190} INFO - [2025-03-07T02:58:57.927+0000] {dagbag.py:588} INFO - Filling up the DagBag from /home/Ashreem/airflow-env/lib/python3.12/site-packages/airflow/example_dags/example_setup_teardown.py
[2025-03-07T02:58:57.942+0000] {processor.py:925} INFO - DAG(s) 'example_setup_teardown' retrieved from /home/Ashreem/airflow-env/lib/python3.12/site-packages/airflow/example_dags/example_setup_teardown.py
[2025-03-07T02:58:57.964+0000] {logging_mixin.py:190} INFO - [2025-03-07T02:58:57.964+0000] {dag.py:3239} INFO - Sync 1 DAGs
[2025-03-07T02:58:57.983+0000] {logging_mixin.py:190} INFO - [2025-03-07T02:58:57.982+0000] {dag.py:4180} INFO - Setting next_dagrun for example_setup_teardown to None, run_after=None
[2025-03-07T02:58:58.023+0000] {processor.py:208} INFO - Processing /home/Ashreem/airflow-env/lib/python3.12/site-packages/airflow/example_dags/example_setup_teardown.py took 0.109 seconds
[2025-03-07T03:00:05.478+0000] {processor.py:186} INFO - Started process (PID=48278) to work on /home/Ashreem/airflow-env/lib/python3.12/site-packages/airflow/example_dags/example_setup_teardown.py
[2025-03-07T03:00:05.481+0000] {processor.py:914} INFO - Processing file /home/Ashreem/airflow-env/lib/python3.12/site-packages/airflow/example_dags/example_setup_teardown.py for tasks to queue
[2025-03-07T03:00:05.484+0000] {logging_mixin.py:190} INFO - [2025-03-07T03:00:05.483+0000] {dagbag.py:588} INFO - Filling up the DagBag from /home/Ashreem/airflow-env/lib/python3.12/site-packages/airflow/example_dags/example_setup_teardown.py
[2025-03-07T03:00:05.496+0000] {processor.py:925} INFO - DAG(s) 'example_setup_teardown' retrieved from /home/Ashreem/airflow-env/lib/python3.12/site-packages/airflow/example_dags/example_setup_teardown.py
[2025-03-07T03:00:05.523+0000] {logging_mixin.py:190} INFO - [2025-03-07T03:00:05.523+0000] {dag.py:3239} INFO - Sync 1 DAGs
[2025-03-07T03:00:05.544+0000] {logging_mixin.py:190} INFO - [2025-03-07T03:00:05.542+0000] {dag.py:4180} INFO - Setting next_dagrun for example_setup_teardown to None, run_after=None
[2025-03-07T03:00:05.584+0000] {processor.py:208} INFO - Processing /home/Ashreem/airflow-env/lib/python3.12/site-packages/airflow/example_dags/example_setup_teardown.py took 0.114 seconds
[2025-03-07T03:01:11.925+0000] {processor.py:186} INFO - Started process (PID=48361) to work on /home/Ashreem/airflow-env/lib/python3.12/site-packages/airflow/example_dags/example_setup_teardown.py
[2025-03-07T03:01:11.927+0000] {processor.py:914} INFO - Processing file /home/Ashreem/airflow-env/lib/python3.12/site-packages/airflow/example_dags/example_setup_teardown.py for tasks to queue
[2025-03-07T03:01:11.930+0000] {logging_mixin.py:190} INFO - [2025-03-07T03:01:11.930+0000] {dagbag.py:588} INFO - Filling up the DagBag from /home/Ashreem/airflow-env/lib/python3.12/site-packages/airflow/example_dags/example_setup_teardown.py
[2025-03-07T03:01:11.944+0000] {processor.py:925} INFO - DAG(s) 'example_setup_teardown' retrieved from /home/Ashreem/airflow-env/lib/python3.12/site-packages/airflow/example_dags/example_setup_teardown.py
[2025-03-07T03:01:11.965+0000] {logging_mixin.py:190} INFO - [2025-03-07T03:01:11.965+0000] {dag.py:3239} INFO - Sync 1 DAGs
[2025-03-07T03:01:11.983+0000] {logging_mixin.py:190} INFO - [2025-03-07T03:01:11.983+0000] {dag.py:4180} INFO - Setting next_dagrun for example_setup_teardown to None, run_after=None
[2025-03-07T03:01:12.027+0000] {processor.py:208} INFO - Processing /home/Ashreem/airflow-env/lib/python3.12/site-packages/airflow/example_dags/example_setup_teardown.py took 0.110 seconds
[2025-03-07T03:02:13.281+0000] {processor.py:186} INFO - Started process (PID=48425) to work on /home/Ashreem/airflow-env/lib/python3.12/site-packages/airflow/example_dags/example_setup_teardown.py
[2025-03-07T03:02:13.283+0000] {processor.py:914} INFO - Processing file /home/Ashreem/airflow-env/lib/python3.12/site-packages/airflow/example_dags/example_setup_teardown.py for tasks to queue
[2025-03-07T03:02:13.286+0000] {logging_mixin.py:190} INFO - [2025-03-07T03:02:13.285+0000] {dagbag.py:588} INFO - Filling up the DagBag from /home/Ashreem/airflow-env/lib/python3.12/site-packages/airflow/example_dags/example_setup_teardown.py
[2025-03-07T03:02:13.298+0000] {processor.py:925} INFO - DAG(s) 'example_setup_teardown' retrieved from /home/Ashreem/airflow-env/lib/python3.12/site-packages/airflow/example_dags/example_setup_teardown.py
[2025-03-07T03:02:13.320+0000] {logging_mixin.py:190} INFO - [2025-03-07T03:02:13.320+0000] {dag.py:3239} INFO - Sync 1 DAGs
[2025-03-07T03:02:13.336+0000] {logging_mixin.py:190} INFO - [2025-03-07T03:02:13.336+0000] {dag.py:4180} INFO - Setting next_dagrun for example_setup_teardown to None, run_after=None
[2025-03-07T03:02:13.377+0000] {processor.py:208} INFO - Processing /home/Ashreem/airflow-env/lib/python3.12/site-packages/airflow/example_dags/example_setup_teardown.py took 0.105 seconds
[2025-03-07T03:03:14.144+0000] {processor.py:186} INFO - Started process (PID=48555) to work on /home/Ashreem/airflow-env/lib/python3.12/site-packages/airflow/example_dags/example_setup_teardown.py
[2025-03-07T03:03:14.147+0000] {processor.py:914} INFO - Processing file /home/Ashreem/airflow-env/lib/python3.12/site-packages/airflow/example_dags/example_setup_teardown.py for tasks to queue
[2025-03-07T03:03:14.150+0000] {logging_mixin.py:190} INFO - [2025-03-07T03:03:14.149+0000] {dagbag.py:588} INFO - Filling up the DagBag from /home/Ashreem/airflow-env/lib/python3.12/site-packages/airflow/example_dags/example_setup_teardown.py
[2025-03-07T03:03:14.162+0000] {processor.py:925} INFO - DAG(s) 'example_setup_teardown' retrieved from /home/Ashreem/airflow-env/lib/python3.12/site-packages/airflow/example_dags/example_setup_teardown.py
[2025-03-07T03:03:14.182+0000] {logging_mixin.py:190} INFO - [2025-03-07T03:03:14.182+0000] {dag.py:3239} INFO - Sync 1 DAGs
[2025-03-07T03:03:14.198+0000] {logging_mixin.py:190} INFO - [2025-03-07T03:03:14.197+0000] {dag.py:4180} INFO - Setting next_dagrun for example_setup_teardown to None, run_after=None
[2025-03-07T03:03:14.238+0000] {processor.py:208} INFO - Processing /home/Ashreem/airflow-env/lib/python3.12/site-packages/airflow/example_dags/example_setup_teardown.py took 0.104 seconds
[2025-03-07T03:03:58.347+0000] {processor.py:186} INFO - Started process (PID=48627) to work on /home/Ashreem/airflow-env/lib/python3.12/site-packages/airflow/example_dags/example_setup_teardown.py
[2025-03-07T03:03:58.349+0000] {processor.py:914} INFO - Processing file /home/Ashreem/airflow-env/lib/python3.12/site-packages/airflow/example_dags/example_setup_teardown.py for tasks to queue
[2025-03-07T03:03:58.351+0000] {logging_mixin.py:190} INFO - [2025-03-07T03:03:58.351+0000] {dagbag.py:588} INFO - Filling up the DagBag from /home/Ashreem/airflow-env/lib/python3.12/site-packages/airflow/example_dags/example_setup_teardown.py
[2025-03-07T03:03:58.362+0000] {processor.py:925} INFO - DAG(s) 'example_setup_teardown' retrieved from /home/Ashreem/airflow-env/lib/python3.12/site-packages/airflow/example_dags/example_setup_teardown.py
[2025-03-07T03:03:58.390+0000] {logging_mixin.py:190} INFO - [2025-03-07T03:03:58.390+0000] {dag.py:3239} INFO - Sync 1 DAGs
[2025-03-07T03:03:58.409+0000] {logging_mixin.py:190} INFO - [2025-03-07T03:03:58.408+0000] {dag.py:4180} INFO - Setting next_dagrun for example_setup_teardown to None, run_after=None
[2025-03-07T03:03:58.445+0000] {processor.py:208} INFO - Processing /home/Ashreem/airflow-env/lib/python3.12/site-packages/airflow/example_dags/example_setup_teardown.py took 0.104 seconds
[2025-03-07T03:05:00.850+0000] {processor.py:186} INFO - Started process (PID=48696) to work on /home/Ashreem/airflow-env/lib/python3.12/site-packages/airflow/example_dags/example_setup_teardown.py
[2025-03-07T03:05:00.851+0000] {processor.py:914} INFO - Processing file /home/Ashreem/airflow-env/lib/python3.12/site-packages/airflow/example_dags/example_setup_teardown.py for tasks to queue
[2025-03-07T03:05:00.854+0000] {logging_mixin.py:190} INFO - [2025-03-07T03:05:00.853+0000] {dagbag.py:588} INFO - Filling up the DagBag from /home/Ashreem/airflow-env/lib/python3.12/site-packages/airflow/example_dags/example_setup_teardown.py
[2025-03-07T03:05:00.865+0000] {processor.py:925} INFO - DAG(s) 'example_setup_teardown' retrieved from /home/Ashreem/airflow-env/lib/python3.12/site-packages/airflow/example_dags/example_setup_teardown.py
[2025-03-07T03:05:00.885+0000] {logging_mixin.py:190} INFO - [2025-03-07T03:05:00.885+0000] {dag.py:3239} INFO - Sync 1 DAGs
[2025-03-07T03:05:00.900+0000] {logging_mixin.py:190} INFO - [2025-03-07T03:05:00.900+0000] {dag.py:4180} INFO - Setting next_dagrun for example_setup_teardown to None, run_after=None
[2025-03-07T03:05:00.944+0000] {processor.py:208} INFO - Processing /home/Ashreem/airflow-env/lib/python3.12/site-packages/airflow/example_dags/example_setup_teardown.py took 0.102 seconds
[2025-03-07T03:06:02.199+0000] {processor.py:186} INFO - Started process (PID=48946) to work on /home/Ashreem/airflow-env/lib/python3.12/site-packages/airflow/example_dags/example_setup_teardown.py
[2025-03-07T03:06:02.200+0000] {processor.py:914} INFO - Processing file /home/Ashreem/airflow-env/lib/python3.12/site-packages/airflow/example_dags/example_setup_teardown.py for tasks to queue
[2025-03-07T03:06:02.203+0000] {logging_mixin.py:190} INFO - [2025-03-07T03:06:02.202+0000] {dagbag.py:588} INFO - Filling up the DagBag from /home/Ashreem/airflow-env/lib/python3.12/site-packages/airflow/example_dags/example_setup_teardown.py
[2025-03-07T03:06:02.215+0000] {processor.py:925} INFO - DAG(s) 'example_setup_teardown' retrieved from /home/Ashreem/airflow-env/lib/python3.12/site-packages/airflow/example_dags/example_setup_teardown.py
[2025-03-07T03:06:02.234+0000] {logging_mixin.py:190} INFO - [2025-03-07T03:06:02.234+0000] {dag.py:3239} INFO - Sync 1 DAGs
[2025-03-07T03:06:02.250+0000] {logging_mixin.py:190} INFO - [2025-03-07T03:06:02.250+0000] {dag.py:4180} INFO - Setting next_dagrun for example_setup_teardown to None, run_after=None
[2025-03-07T03:06:02.288+0000] {processor.py:208} INFO - Processing /home/Ashreem/airflow-env/lib/python3.12/site-packages/airflow/example_dags/example_setup_teardown.py took 0.098 seconds
[2025-03-07T03:07:09.203+0000] {processor.py:186} INFO - Started process (PID=49015) to work on /home/Ashreem/airflow-env/lib/python3.12/site-packages/airflow/example_dags/example_setup_teardown.py
[2025-03-07T03:07:09.205+0000] {processor.py:914} INFO - Processing file /home/Ashreem/airflow-env/lib/python3.12/site-packages/airflow/example_dags/example_setup_teardown.py for tasks to queue
[2025-03-07T03:07:09.207+0000] {logging_mixin.py:190} INFO - [2025-03-07T03:07:09.207+0000] {dagbag.py:588} INFO - Filling up the DagBag from /home/Ashreem/airflow-env/lib/python3.12/site-packages/airflow/example_dags/example_setup_teardown.py
[2025-03-07T03:07:09.220+0000] {processor.py:925} INFO - DAG(s) 'example_setup_teardown' retrieved from /home/Ashreem/airflow-env/lib/python3.12/site-packages/airflow/example_dags/example_setup_teardown.py
[2025-03-07T03:07:09.240+0000] {logging_mixin.py:190} INFO - [2025-03-07T03:07:09.240+0000] {dag.py:3239} INFO - Sync 1 DAGs
[2025-03-07T03:07:09.257+0000] {logging_mixin.py:190} INFO - [2025-03-07T03:07:09.256+0000] {dag.py:4180} INFO - Setting next_dagrun for example_setup_teardown to None, run_after=None
[2025-03-07T03:07:09.302+0000] {processor.py:208} INFO - Processing /home/Ashreem/airflow-env/lib/python3.12/site-packages/airflow/example_dags/example_setup_teardown.py took 0.106 seconds
[2025-03-07T03:08:14.129+0000] {processor.py:186} INFO - Started process (PID=49096) to work on /home/Ashreem/airflow-env/lib/python3.12/site-packages/airflow/example_dags/example_setup_teardown.py
[2025-03-07T03:08:14.131+0000] {processor.py:914} INFO - Processing file /home/Ashreem/airflow-env/lib/python3.12/site-packages/airflow/example_dags/example_setup_teardown.py for tasks to queue
[2025-03-07T03:08:14.134+0000] {logging_mixin.py:190} INFO - [2025-03-07T03:08:14.133+0000] {dagbag.py:588} INFO - Filling up the DagBag from /home/Ashreem/airflow-env/lib/python3.12/site-packages/airflow/example_dags/example_setup_teardown.py
[2025-03-07T03:08:14.146+0000] {processor.py:925} INFO - DAG(s) 'example_setup_teardown' retrieved from /home/Ashreem/airflow-env/lib/python3.12/site-packages/airflow/example_dags/example_setup_teardown.py
[2025-03-07T03:08:14.176+0000] {logging_mixin.py:190} INFO - [2025-03-07T03:08:14.176+0000] {dag.py:3239} INFO - Sync 1 DAGs
[2025-03-07T03:08:14.196+0000] {logging_mixin.py:190} INFO - [2025-03-07T03:08:14.196+0000] {dag.py:4180} INFO - Setting next_dagrun for example_setup_teardown to None, run_after=None
[2025-03-07T03:08:14.236+0000] {processor.py:208} INFO - Processing /home/Ashreem/airflow-env/lib/python3.12/site-packages/airflow/example_dags/example_setup_teardown.py took 0.115 seconds
[2025-03-07T03:09:16.618+0000] {processor.py:186} INFO - Started process (PID=49168) to work on /home/Ashreem/airflow-env/lib/python3.12/site-packages/airflow/example_dags/example_setup_teardown.py
[2025-03-07T03:09:16.619+0000] {processor.py:914} INFO - Processing file /home/Ashreem/airflow-env/lib/python3.12/site-packages/airflow/example_dags/example_setup_teardown.py for tasks to queue
[2025-03-07T03:09:16.622+0000] {logging_mixin.py:190} INFO - [2025-03-07T03:09:16.622+0000] {dagbag.py:588} INFO - Filling up the DagBag from /home/Ashreem/airflow-env/lib/python3.12/site-packages/airflow/example_dags/example_setup_teardown.py
[2025-03-07T03:09:16.636+0000] {processor.py:925} INFO - DAG(s) 'example_setup_teardown' retrieved from /home/Ashreem/airflow-env/lib/python3.12/site-packages/airflow/example_dags/example_setup_teardown.py
[2025-03-07T03:09:16.663+0000] {logging_mixin.py:190} INFO - [2025-03-07T03:09:16.663+0000] {dag.py:3239} INFO - Sync 1 DAGs
[2025-03-07T03:09:16.684+0000] {logging_mixin.py:190} INFO - [2025-03-07T03:09:16.684+0000] {dag.py:4180} INFO - Setting next_dagrun for example_setup_teardown to None, run_after=None
[2025-03-07T03:09:16.732+0000] {processor.py:208} INFO - Processing /home/Ashreem/airflow-env/lib/python3.12/site-packages/airflow/example_dags/example_setup_teardown.py took 0.122 seconds
