[2025-03-07T02:31:07.123+0000] {processor.py:186} INFO - Started process (PID=46011) to work on /home/Ashreem/airflow-env/lib/python3.12/site-packages/airflow/example_dags/example_display_name.py
[2025-03-07T02:31:07.124+0000] {processor.py:914} INFO - Processing file /home/Ashreem/airflow-env/lib/python3.12/site-packages/airflow/example_dags/example_display_name.py for tasks to queue
[2025-03-07T02:31:07.127+0000] {logging_mixin.py:190} INFO - [2025-03-07T02:31:07.127+0000] {dagbag.py:588} INFO - Filling up the DagBag from /home/Ashreem/airflow-env/lib/python3.12/site-packages/airflow/example_dags/example_display_name.py
[2025-03-07T02:31:07.139+0000] {processor.py:925} INFO - DAG(s) 'example_display_name' retrieved from /home/Ashreem/airflow-env/lib/python3.12/site-packages/airflow/example_dags/example_display_name.py
[2025-03-07T02:31:07.294+0000] {logging_mixin.py:190} INFO - [2025-03-07T02:31:07.294+0000] {override.py:1930} INFO - Created Permission View: can read on DAG:example_display_name
[2025-03-07T02:31:07.322+0000] {logging_mixin.py:190} INFO - [2025-03-07T02:31:07.321+0000] {override.py:1930} INFO - Created Permission View: can delete on DAG:example_display_name
[2025-03-07T02:31:07.349+0000] {logging_mixin.py:190} INFO - [2025-03-07T02:31:07.349+0000] {override.py:1930} INFO - Created Permission View: can edit on DAG:example_display_name
[2025-03-07T02:31:07.390+0000] {logging_mixin.py:190} INFO - [2025-03-07T02:31:07.390+0000] {override.py:1930} INFO - Created Permission View: can read on DAG Run:example_display_name
[2025-03-07T02:31:07.415+0000] {logging_mixin.py:190} INFO - [2025-03-07T02:31:07.415+0000] {override.py:1930} INFO - Created Permission View: can delete on DAG Run:example_display_name
[2025-03-07T02:31:07.441+0000] {logging_mixin.py:190} INFO - [2025-03-07T02:31:07.441+0000] {override.py:1930} INFO - Created Permission View: menu access on DAG Run:example_display_name
[2025-03-07T02:31:07.461+0000] {logging_mixin.py:190} INFO - [2025-03-07T02:31:07.461+0000] {override.py:1930} INFO - Created Permission View: can create on DAG Run:example_display_name
[2025-03-07T02:31:07.462+0000] {logging_mixin.py:190} INFO - [2025-03-07T02:31:07.462+0000] {dag.py:3239} INFO - Sync 1 DAGs
[2025-03-07T02:31:07.478+0000] {logging_mixin.py:190} INFO - [2025-03-07T02:31:07.478+0000] {dag.py:3262} INFO - Creating ORM DAG for example_display_name
[2025-03-07T02:31:07.479+0000] {logging_mixin.py:190} INFO - [2025-03-07T02:31:07.479+0000] {dag.py:4180} INFO - Setting next_dagrun for example_display_name to None, run_after=None
[2025-03-07T02:31:07.536+0000] {processor.py:208} INFO - Processing /home/Ashreem/airflow-env/lib/python3.12/site-packages/airflow/example_dags/example_display_name.py took 0.420 seconds
[2025-03-07T02:33:36.197+0000] {processor.py:186} INFO - Started process (PID=46116) to work on /home/Ashreem/airflow-env/lib/python3.12/site-packages/airflow/example_dags/example_display_name.py
[2025-03-07T02:33:36.198+0000] {processor.py:914} INFO - Processing file /home/Ashreem/airflow-env/lib/python3.12/site-packages/airflow/example_dags/example_display_name.py for tasks to queue
[2025-03-07T02:33:36.200+0000] {logging_mixin.py:190} INFO - [2025-03-07T02:33:36.200+0000] {dagbag.py:588} INFO - Filling up the DagBag from /home/Ashreem/airflow-env/lib/python3.12/site-packages/airflow/example_dags/example_display_name.py
[2025-03-07T02:33:36.218+0000] {processor.py:925} INFO - DAG(s) 'example_display_name' retrieved from /home/Ashreem/airflow-env/lib/python3.12/site-packages/airflow/example_dags/example_display_name.py
[2025-03-07T02:33:36.237+0000] {logging_mixin.py:190} INFO - [2025-03-07T02:33:36.237+0000] {dag.py:3239} INFO - Sync 1 DAGs
[2025-03-07T02:33:36.253+0000] {logging_mixin.py:190} INFO - [2025-03-07T02:33:36.253+0000] {dag.py:4180} INFO - Setting next_dagrun for example_display_name to None, run_after=None
[2025-03-07T02:33:36.290+0000] {processor.py:208} INFO - Processing /home/Ashreem/airflow-env/lib/python3.12/site-packages/airflow/example_dags/example_display_name.py took 0.100 seconds
[2025-03-07T02:34:49.339+0000] {processor.py:186} INFO - Started process (PID=46452) to work on /home/Ashreem/airflow-env/lib/python3.12/site-packages/airflow/example_dags/example_display_name.py
[2025-03-07T02:34:49.341+0000] {processor.py:914} INFO - Processing file /home/Ashreem/airflow-env/lib/python3.12/site-packages/airflow/example_dags/example_display_name.py for tasks to queue
[2025-03-07T02:34:49.345+0000] {logging_mixin.py:190} INFO - [2025-03-07T02:34:49.344+0000] {dagbag.py:588} INFO - Filling up the DagBag from /home/Ashreem/airflow-env/lib/python3.12/site-packages/airflow/example_dags/example_display_name.py
[2025-03-07T02:34:49.359+0000] {processor.py:925} INFO - DAG(s) 'example_display_name' retrieved from /home/Ashreem/airflow-env/lib/python3.12/site-packages/airflow/example_dags/example_display_name.py
[2025-03-07T02:34:49.385+0000] {logging_mixin.py:190} INFO - [2025-03-07T02:34:49.384+0000] {dag.py:3239} INFO - Sync 1 DAGs
[2025-03-07T02:34:49.402+0000] {logging_mixin.py:190} INFO - [2025-03-07T02:34:49.401+0000] {dag.py:4180} INFO - Setting next_dagrun for example_display_name to None, run_after=None
[2025-03-07T02:34:49.441+0000] {processor.py:208} INFO - Processing /home/Ashreem/airflow-env/lib/python3.12/site-packages/airflow/example_dags/example_display_name.py took 0.111 seconds
[2025-03-07T02:35:53.180+0000] {processor.py:186} INFO - Started process (PID=46518) to work on /home/Ashreem/airflow-env/lib/python3.12/site-packages/airflow/example_dags/example_display_name.py
[2025-03-07T02:35:53.182+0000] {processor.py:914} INFO - Processing file /home/Ashreem/airflow-env/lib/python3.12/site-packages/airflow/example_dags/example_display_name.py for tasks to queue
[2025-03-07T02:35:53.185+0000] {logging_mixin.py:190} INFO - [2025-03-07T02:35:53.185+0000] {dagbag.py:588} INFO - Filling up the DagBag from /home/Ashreem/airflow-env/lib/python3.12/site-packages/airflow/example_dags/example_display_name.py
[2025-03-07T02:35:53.204+0000] {processor.py:925} INFO - DAG(s) 'example_display_name' retrieved from /home/Ashreem/airflow-env/lib/python3.12/site-packages/airflow/example_dags/example_display_name.py
[2025-03-07T02:35:53.222+0000] {logging_mixin.py:190} INFO - [2025-03-07T02:35:53.222+0000] {dag.py:3239} INFO - Sync 1 DAGs
[2025-03-07T02:35:53.238+0000] {logging_mixin.py:190} INFO - [2025-03-07T02:35:53.238+0000] {dag.py:4180} INFO - Setting next_dagrun for example_display_name to None, run_after=None
[2025-03-07T02:35:53.273+0000] {processor.py:208} INFO - Processing /home/Ashreem/airflow-env/lib/python3.12/site-packages/airflow/example_dags/example_display_name.py took 0.100 seconds
[2025-03-07T02:37:01.822+0000] {processor.py:186} INFO - Started process (PID=46588) to work on /home/Ashreem/airflow-env/lib/python3.12/site-packages/airflow/example_dags/example_display_name.py
[2025-03-07T02:37:01.823+0000] {processor.py:914} INFO - Processing file /home/Ashreem/airflow-env/lib/python3.12/site-packages/airflow/example_dags/example_display_name.py for tasks to queue
[2025-03-07T02:37:01.826+0000] {logging_mixin.py:190} INFO - [2025-03-07T02:37:01.825+0000] {dagbag.py:588} INFO - Filling up the DagBag from /home/Ashreem/airflow-env/lib/python3.12/site-packages/airflow/example_dags/example_display_name.py
[2025-03-07T02:37:01.836+0000] {processor.py:925} INFO - DAG(s) 'example_display_name' retrieved from /home/Ashreem/airflow-env/lib/python3.12/site-packages/airflow/example_dags/example_display_name.py
[2025-03-07T02:37:01.856+0000] {logging_mixin.py:190} INFO - [2025-03-07T02:37:01.855+0000] {dag.py:3239} INFO - Sync 1 DAGs
[2025-03-07T02:37:01.871+0000] {logging_mixin.py:190} INFO - [2025-03-07T02:37:01.870+0000] {dag.py:4180} INFO - Setting next_dagrun for example_display_name to None, run_after=None
[2025-03-07T02:37:01.913+0000] {processor.py:208} INFO - Processing /home/Ashreem/airflow-env/lib/python3.12/site-packages/airflow/example_dags/example_display_name.py took 0.098 seconds
[2025-03-07T02:38:04.364+0000] {processor.py:186} INFO - Started process (PID=46648) to work on /home/Ashreem/airflow-env/lib/python3.12/site-packages/airflow/example_dags/example_display_name.py
[2025-03-07T02:38:04.366+0000] {processor.py:914} INFO - Processing file /home/Ashreem/airflow-env/lib/python3.12/site-packages/airflow/example_dags/example_display_name.py for tasks to queue
[2025-03-07T02:38:04.369+0000] {logging_mixin.py:190} INFO - [2025-03-07T02:38:04.368+0000] {dagbag.py:588} INFO - Filling up the DagBag from /home/Ashreem/airflow-env/lib/python3.12/site-packages/airflow/example_dags/example_display_name.py
[2025-03-07T02:38:04.381+0000] {processor.py:925} INFO - DAG(s) 'example_display_name' retrieved from /home/Ashreem/airflow-env/lib/python3.12/site-packages/airflow/example_dags/example_display_name.py
[2025-03-07T02:38:04.402+0000] {logging_mixin.py:190} INFO - [2025-03-07T02:38:04.401+0000] {dag.py:3239} INFO - Sync 1 DAGs
[2025-03-07T02:38:04.422+0000] {logging_mixin.py:190} INFO - [2025-03-07T02:38:04.421+0000] {dag.py:4180} INFO - Setting next_dagrun for example_display_name to None, run_after=None
[2025-03-07T02:38:04.460+0000] {processor.py:208} INFO - Processing /home/Ashreem/airflow-env/lib/python3.12/site-packages/airflow/example_dags/example_display_name.py took 0.104 seconds
[2025-03-07T02:39:07.257+0000] {processor.py:186} INFO - Started process (PID=46719) to work on /home/Ashreem/airflow-env/lib/python3.12/site-packages/airflow/example_dags/example_display_name.py
[2025-03-07T02:39:07.259+0000] {processor.py:914} INFO - Processing file /home/Ashreem/airflow-env/lib/python3.12/site-packages/airflow/example_dags/example_display_name.py for tasks to queue
[2025-03-07T02:39:07.264+0000] {logging_mixin.py:190} INFO - [2025-03-07T02:39:07.262+0000] {dagbag.py:588} INFO - Filling up the DagBag from /home/Ashreem/airflow-env/lib/python3.12/site-packages/airflow/example_dags/example_display_name.py
[2025-03-07T02:39:07.281+0000] {processor.py:925} INFO - DAG(s) 'example_display_name' retrieved from /home/Ashreem/airflow-env/lib/python3.12/site-packages/airflow/example_dags/example_display_name.py
[2025-03-07T02:39:07.306+0000] {logging_mixin.py:190} INFO - [2025-03-07T02:39:07.306+0000] {dag.py:3239} INFO - Sync 1 DAGs
[2025-03-07T02:39:07.322+0000] {logging_mixin.py:190} INFO - [2025-03-07T02:39:07.322+0000] {dag.py:4180} INFO - Setting next_dagrun for example_display_name to None, run_after=None
[2025-03-07T02:39:07.357+0000] {processor.py:208} INFO - Processing /home/Ashreem/airflow-env/lib/python3.12/site-packages/airflow/example_dags/example_display_name.py took 0.110 seconds
[2025-03-07T02:40:10.402+0000] {processor.py:186} INFO - Started process (PID=46781) to work on /home/Ashreem/airflow-env/lib/python3.12/site-packages/airflow/example_dags/example_display_name.py
[2025-03-07T02:40:10.404+0000] {processor.py:914} INFO - Processing file /home/Ashreem/airflow-env/lib/python3.12/site-packages/airflow/example_dags/example_display_name.py for tasks to queue
[2025-03-07T02:40:10.407+0000] {logging_mixin.py:190} INFO - [2025-03-07T02:40:10.406+0000] {dagbag.py:588} INFO - Filling up the DagBag from /home/Ashreem/airflow-env/lib/python3.12/site-packages/airflow/example_dags/example_display_name.py
[2025-03-07T02:40:10.418+0000] {processor.py:925} INFO - DAG(s) 'example_display_name' retrieved from /home/Ashreem/airflow-env/lib/python3.12/site-packages/airflow/example_dags/example_display_name.py
[2025-03-07T02:40:10.436+0000] {logging_mixin.py:190} INFO - [2025-03-07T02:40:10.436+0000] {dag.py:3239} INFO - Sync 1 DAGs
[2025-03-07T02:40:10.453+0000] {logging_mixin.py:190} INFO - [2025-03-07T02:40:10.453+0000] {dag.py:4180} INFO - Setting next_dagrun for example_display_name to None, run_after=None
[2025-03-07T02:40:10.495+0000] {processor.py:208} INFO - Processing /home/Ashreem/airflow-env/lib/python3.12/site-packages/airflow/example_dags/example_display_name.py took 0.100 seconds
[2025-03-07T02:41:13.630+0000] {processor.py:186} INFO - Started process (PID=46847) to work on /home/Ashreem/airflow-env/lib/python3.12/site-packages/airflow/example_dags/example_display_name.py
[2025-03-07T02:41:13.632+0000] {processor.py:914} INFO - Processing file /home/Ashreem/airflow-env/lib/python3.12/site-packages/airflow/example_dags/example_display_name.py for tasks to queue
[2025-03-07T02:41:13.634+0000] {logging_mixin.py:190} INFO - [2025-03-07T02:41:13.634+0000] {dagbag.py:588} INFO - Filling up the DagBag from /home/Ashreem/airflow-env/lib/python3.12/site-packages/airflow/example_dags/example_display_name.py
[2025-03-07T02:41:13.646+0000] {processor.py:925} INFO - DAG(s) 'example_display_name' retrieved from /home/Ashreem/airflow-env/lib/python3.12/site-packages/airflow/example_dags/example_display_name.py
[2025-03-07T02:41:13.669+0000] {logging_mixin.py:190} INFO - [2025-03-07T02:41:13.669+0000] {dag.py:3239} INFO - Sync 1 DAGs
[2025-03-07T02:41:13.685+0000] {logging_mixin.py:190} INFO - [2025-03-07T02:41:13.685+0000] {dag.py:4180} INFO - Setting next_dagrun for example_display_name to None, run_after=None
[2025-03-07T02:41:13.720+0000] {processor.py:208} INFO - Processing /home/Ashreem/airflow-env/lib/python3.12/site-packages/airflow/example_dags/example_display_name.py took 0.099 seconds
[2025-03-07T02:42:16.428+0000] {processor.py:186} INFO - Started process (PID=46908) to work on /home/Ashreem/airflow-env/lib/python3.12/site-packages/airflow/example_dags/example_display_name.py
[2025-03-07T02:42:16.430+0000] {processor.py:914} INFO - Processing file /home/Ashreem/airflow-env/lib/python3.12/site-packages/airflow/example_dags/example_display_name.py for tasks to queue
[2025-03-07T02:42:16.433+0000] {logging_mixin.py:190} INFO - [2025-03-07T02:42:16.433+0000] {dagbag.py:588} INFO - Filling up the DagBag from /home/Ashreem/airflow-env/lib/python3.12/site-packages/airflow/example_dags/example_display_name.py
[2025-03-07T02:42:16.445+0000] {processor.py:925} INFO - DAG(s) 'example_display_name' retrieved from /home/Ashreem/airflow-env/lib/python3.12/site-packages/airflow/example_dags/example_display_name.py
[2025-03-07T02:42:16.467+0000] {logging_mixin.py:190} INFO - [2025-03-07T02:42:16.467+0000] {dag.py:3239} INFO - Sync 1 DAGs
[2025-03-07T02:42:16.486+0000] {logging_mixin.py:190} INFO - [2025-03-07T02:42:16.486+0000] {dag.py:4180} INFO - Setting next_dagrun for example_display_name to None, run_after=None
[2025-03-07T02:42:16.526+0000] {processor.py:208} INFO - Processing /home/Ashreem/airflow-env/lib/python3.12/site-packages/airflow/example_dags/example_display_name.py took 0.111 seconds
[2025-03-07T02:43:21.235+0000] {processor.py:186} INFO - Started process (PID=46981) to work on /home/Ashreem/airflow-env/lib/python3.12/site-packages/airflow/example_dags/example_display_name.py
[2025-03-07T02:43:21.237+0000] {processor.py:914} INFO - Processing file /home/Ashreem/airflow-env/lib/python3.12/site-packages/airflow/example_dags/example_display_name.py for tasks to queue
[2025-03-07T02:43:21.240+0000] {logging_mixin.py:190} INFO - [2025-03-07T02:43:21.239+0000] {dagbag.py:588} INFO - Filling up the DagBag from /home/Ashreem/airflow-env/lib/python3.12/site-packages/airflow/example_dags/example_display_name.py
[2025-03-07T02:43:21.252+0000] {processor.py:925} INFO - DAG(s) 'example_display_name' retrieved from /home/Ashreem/airflow-env/lib/python3.12/site-packages/airflow/example_dags/example_display_name.py
[2025-03-07T02:43:21.270+0000] {logging_mixin.py:190} INFO - [2025-03-07T02:43:21.270+0000] {dag.py:3239} INFO - Sync 1 DAGs
[2025-03-07T02:43:21.299+0000] {logging_mixin.py:190} INFO - [2025-03-07T02:43:21.298+0000] {dag.py:4180} INFO - Setting next_dagrun for example_display_name to None, run_after=None
[2025-03-07T02:43:21.335+0000] {processor.py:208} INFO - Processing /home/Ashreem/airflow-env/lib/python3.12/site-packages/airflow/example_dags/example_display_name.py took 0.109 seconds
[2025-03-07T02:44:24.301+0000] {processor.py:186} INFO - Started process (PID=47048) to work on /home/Ashreem/airflow-env/lib/python3.12/site-packages/airflow/example_dags/example_display_name.py
[2025-03-07T02:44:24.302+0000] {processor.py:914} INFO - Processing file /home/Ashreem/airflow-env/lib/python3.12/site-packages/airflow/example_dags/example_display_name.py for tasks to queue
[2025-03-07T02:44:24.305+0000] {logging_mixin.py:190} INFO - [2025-03-07T02:44:24.305+0000] {dagbag.py:588} INFO - Filling up the DagBag from /home/Ashreem/airflow-env/lib/python3.12/site-packages/airflow/example_dags/example_display_name.py
[2025-03-07T02:44:24.316+0000] {processor.py:925} INFO - DAG(s) 'example_display_name' retrieved from /home/Ashreem/airflow-env/lib/python3.12/site-packages/airflow/example_dags/example_display_name.py
[2025-03-07T02:44:24.335+0000] {logging_mixin.py:190} INFO - [2025-03-07T02:44:24.335+0000] {dag.py:3239} INFO - Sync 1 DAGs
[2025-03-07T02:44:24.351+0000] {logging_mixin.py:190} INFO - [2025-03-07T02:44:24.351+0000] {dag.py:4180} INFO - Setting next_dagrun for example_display_name to None, run_after=None
[2025-03-07T02:44:24.386+0000] {processor.py:208} INFO - Processing /home/Ashreem/airflow-env/lib/python3.12/site-packages/airflow/example_dags/example_display_name.py took 0.095 seconds
[2025-03-07T02:45:27.736+0000] {processor.py:186} INFO - Started process (PID=47128) to work on /home/Ashreem/airflow-env/lib/python3.12/site-packages/airflow/example_dags/example_display_name.py
[2025-03-07T02:45:27.738+0000] {processor.py:914} INFO - Processing file /home/Ashreem/airflow-env/lib/python3.12/site-packages/airflow/example_dags/example_display_name.py for tasks to queue
[2025-03-07T02:45:27.741+0000] {logging_mixin.py:190} INFO - [2025-03-07T02:45:27.741+0000] {dagbag.py:588} INFO - Filling up the DagBag from /home/Ashreem/airflow-env/lib/python3.12/site-packages/airflow/example_dags/example_display_name.py
[2025-03-07T02:45:27.756+0000] {processor.py:925} INFO - DAG(s) 'example_display_name' retrieved from /home/Ashreem/airflow-env/lib/python3.12/site-packages/airflow/example_dags/example_display_name.py
[2025-03-07T02:45:27.776+0000] {logging_mixin.py:190} INFO - [2025-03-07T02:45:27.776+0000] {dag.py:3239} INFO - Sync 1 DAGs
[2025-03-07T02:45:27.793+0000] {logging_mixin.py:190} INFO - [2025-03-07T02:45:27.792+0000] {dag.py:4180} INFO - Setting next_dagrun for example_display_name to None, run_after=None
[2025-03-07T02:45:27.831+0000] {processor.py:208} INFO - Processing /home/Ashreem/airflow-env/lib/python3.12/site-packages/airflow/example_dags/example_display_name.py took 0.103 seconds
[2025-03-07T02:46:31.116+0000] {processor.py:186} INFO - Started process (PID=47194) to work on /home/Ashreem/airflow-env/lib/python3.12/site-packages/airflow/example_dags/example_display_name.py
[2025-03-07T02:46:31.117+0000] {processor.py:914} INFO - Processing file /home/Ashreem/airflow-env/lib/python3.12/site-packages/airflow/example_dags/example_display_name.py for tasks to queue
[2025-03-07T02:46:31.120+0000] {logging_mixin.py:190} INFO - [2025-03-07T02:46:31.119+0000] {dagbag.py:588} INFO - Filling up the DagBag from /home/Ashreem/airflow-env/lib/python3.12/site-packages/airflow/example_dags/example_display_name.py
[2025-03-07T02:46:31.131+0000] {processor.py:925} INFO - DAG(s) 'example_display_name' retrieved from /home/Ashreem/airflow-env/lib/python3.12/site-packages/airflow/example_dags/example_display_name.py
[2025-03-07T02:46:31.153+0000] {logging_mixin.py:190} INFO - [2025-03-07T02:46:31.153+0000] {dag.py:3239} INFO - Sync 1 DAGs
[2025-03-07T02:46:31.170+0000] {logging_mixin.py:190} INFO - [2025-03-07T02:46:31.170+0000] {dag.py:4180} INFO - Setting next_dagrun for example_display_name to None, run_after=None
[2025-03-07T02:46:31.212+0000] {processor.py:208} INFO - Processing /home/Ashreem/airflow-env/lib/python3.12/site-packages/airflow/example_dags/example_display_name.py took 0.104 seconds
[2025-03-07T02:47:34.912+0000] {processor.py:186} INFO - Started process (PID=47254) to work on /home/Ashreem/airflow-env/lib/python3.12/site-packages/airflow/example_dags/example_display_name.py
[2025-03-07T02:47:34.914+0000] {processor.py:914} INFO - Processing file /home/Ashreem/airflow-env/lib/python3.12/site-packages/airflow/example_dags/example_display_name.py for tasks to queue
[2025-03-07T02:47:34.917+0000] {logging_mixin.py:190} INFO - [2025-03-07T02:47:34.917+0000] {dagbag.py:588} INFO - Filling up the DagBag from /home/Ashreem/airflow-env/lib/python3.12/site-packages/airflow/example_dags/example_display_name.py
[2025-03-07T02:47:34.928+0000] {processor.py:925} INFO - DAG(s) 'example_display_name' retrieved from /home/Ashreem/airflow-env/lib/python3.12/site-packages/airflow/example_dags/example_display_name.py
[2025-03-07T02:47:34.949+0000] {logging_mixin.py:190} INFO - [2025-03-07T02:47:34.949+0000] {dag.py:3239} INFO - Sync 1 DAGs
[2025-03-07T02:47:34.967+0000] {logging_mixin.py:190} INFO - [2025-03-07T02:47:34.967+0000] {dag.py:4180} INFO - Setting next_dagrun for example_display_name to None, run_after=None
[2025-03-07T02:47:35.002+0000] {processor.py:208} INFO - Processing /home/Ashreem/airflow-env/lib/python3.12/site-packages/airflow/example_dags/example_display_name.py took 0.098 seconds
[2025-03-07T02:48:45.304+0000] {processor.py:186} INFO - Started process (PID=47335) to work on /home/Ashreem/airflow-env/lib/python3.12/site-packages/airflow/example_dags/example_display_name.py
[2025-03-07T02:48:45.306+0000] {processor.py:914} INFO - Processing file /home/Ashreem/airflow-env/lib/python3.12/site-packages/airflow/example_dags/example_display_name.py for tasks to queue
[2025-03-07T02:48:45.308+0000] {logging_mixin.py:190} INFO - [2025-03-07T02:48:45.308+0000] {dagbag.py:588} INFO - Filling up the DagBag from /home/Ashreem/airflow-env/lib/python3.12/site-packages/airflow/example_dags/example_display_name.py
[2025-03-07T02:48:45.319+0000] {processor.py:925} INFO - DAG(s) 'example_display_name' retrieved from /home/Ashreem/airflow-env/lib/python3.12/site-packages/airflow/example_dags/example_display_name.py
[2025-03-07T02:48:45.338+0000] {logging_mixin.py:190} INFO - [2025-03-07T02:48:45.337+0000] {dag.py:3239} INFO - Sync 1 DAGs
[2025-03-07T02:48:45.353+0000] {logging_mixin.py:190} INFO - [2025-03-07T02:48:45.353+0000] {dag.py:4180} INFO - Setting next_dagrun for example_display_name to None, run_after=None
[2025-03-07T02:48:45.393+0000] {processor.py:208} INFO - Processing /home/Ashreem/airflow-env/lib/python3.12/site-packages/airflow/example_dags/example_display_name.py took 0.097 seconds
[2025-03-07T02:49:48.804+0000] {processor.py:186} INFO - Started process (PID=47407) to work on /home/Ashreem/airflow-env/lib/python3.12/site-packages/airflow/example_dags/example_display_name.py
[2025-03-07T02:49:48.805+0000] {processor.py:914} INFO - Processing file /home/Ashreem/airflow-env/lib/python3.12/site-packages/airflow/example_dags/example_display_name.py for tasks to queue
[2025-03-07T02:49:48.808+0000] {logging_mixin.py:190} INFO - [2025-03-07T02:49:48.807+0000] {dagbag.py:588} INFO - Filling up the DagBag from /home/Ashreem/airflow-env/lib/python3.12/site-packages/airflow/example_dags/example_display_name.py
[2025-03-07T02:49:48.820+0000] {processor.py:925} INFO - DAG(s) 'example_display_name' retrieved from /home/Ashreem/airflow-env/lib/python3.12/site-packages/airflow/example_dags/example_display_name.py
[2025-03-07T02:49:48.840+0000] {logging_mixin.py:190} INFO - [2025-03-07T02:49:48.840+0000] {dag.py:3239} INFO - Sync 1 DAGs
[2025-03-07T02:49:48.862+0000] {logging_mixin.py:190} INFO - [2025-03-07T02:49:48.862+0000] {dag.py:4180} INFO - Setting next_dagrun for example_display_name to None, run_after=None
[2025-03-07T02:49:48.903+0000] {processor.py:208} INFO - Processing /home/Ashreem/airflow-env/lib/python3.12/site-packages/airflow/example_dags/example_display_name.py took 0.107 seconds
[2025-03-07T02:50:53.251+0000] {processor.py:186} INFO - Started process (PID=47476) to work on /home/Ashreem/airflow-env/lib/python3.12/site-packages/airflow/example_dags/example_display_name.py
[2025-03-07T02:50:53.253+0000] {processor.py:914} INFO - Processing file /home/Ashreem/airflow-env/lib/python3.12/site-packages/airflow/example_dags/example_display_name.py for tasks to queue
[2025-03-07T02:50:53.256+0000] {logging_mixin.py:190} INFO - [2025-03-07T02:50:53.255+0000] {dagbag.py:588} INFO - Filling up the DagBag from /home/Ashreem/airflow-env/lib/python3.12/site-packages/airflow/example_dags/example_display_name.py
[2025-03-07T02:50:53.269+0000] {processor.py:925} INFO - DAG(s) 'example_display_name' retrieved from /home/Ashreem/airflow-env/lib/python3.12/site-packages/airflow/example_dags/example_display_name.py
[2025-03-07T02:50:53.286+0000] {logging_mixin.py:190} INFO - [2025-03-07T02:50:53.286+0000] {dag.py:3239} INFO - Sync 1 DAGs
[2025-03-07T02:50:53.302+0000] {logging_mixin.py:190} INFO - [2025-03-07T02:50:53.302+0000] {dag.py:4180} INFO - Setting next_dagrun for example_display_name to None, run_after=None
[2025-03-07T02:50:53.337+0000] {processor.py:208} INFO - Processing /home/Ashreem/airflow-env/lib/python3.12/site-packages/airflow/example_dags/example_display_name.py took 0.093 seconds
[2025-03-07T02:51:56.339+0000] {processor.py:186} INFO - Started process (PID=47537) to work on /home/Ashreem/airflow-env/lib/python3.12/site-packages/airflow/example_dags/example_display_name.py
[2025-03-07T02:51:56.340+0000] {processor.py:914} INFO - Processing file /home/Ashreem/airflow-env/lib/python3.12/site-packages/airflow/example_dags/example_display_name.py for tasks to queue
[2025-03-07T02:51:56.344+0000] {logging_mixin.py:190} INFO - [2025-03-07T02:51:56.343+0000] {dagbag.py:588} INFO - Filling up the DagBag from /home/Ashreem/airflow-env/lib/python3.12/site-packages/airflow/example_dags/example_display_name.py
[2025-03-07T02:51:56.357+0000] {processor.py:925} INFO - DAG(s) 'example_display_name' retrieved from /home/Ashreem/airflow-env/lib/python3.12/site-packages/airflow/example_dags/example_display_name.py
[2025-03-07T02:51:56.380+0000] {logging_mixin.py:190} INFO - [2025-03-07T02:51:56.379+0000] {dag.py:3239} INFO - Sync 1 DAGs
[2025-03-07T02:51:56.397+0000] {logging_mixin.py:190} INFO - [2025-03-07T02:51:56.397+0000] {dag.py:4180} INFO - Setting next_dagrun for example_display_name to None, run_after=None
[2025-03-07T02:51:56.432+0000] {processor.py:208} INFO - Processing /home/Ashreem/airflow-env/lib/python3.12/site-packages/airflow/example_dags/example_display_name.py took 0.104 seconds
[2025-03-07T02:53:02.355+0000] {processor.py:186} INFO - Started process (PID=47606) to work on /home/Ashreem/airflow-env/lib/python3.12/site-packages/airflow/example_dags/example_display_name.py
[2025-03-07T02:53:02.357+0000] {processor.py:914} INFO - Processing file /home/Ashreem/airflow-env/lib/python3.12/site-packages/airflow/example_dags/example_display_name.py for tasks to queue
[2025-03-07T02:53:02.360+0000] {logging_mixin.py:190} INFO - [2025-03-07T02:53:02.359+0000] {dagbag.py:588} INFO - Filling up the DagBag from /home/Ashreem/airflow-env/lib/python3.12/site-packages/airflow/example_dags/example_display_name.py
[2025-03-07T02:53:02.372+0000] {processor.py:925} INFO - DAG(s) 'example_display_name' retrieved from /home/Ashreem/airflow-env/lib/python3.12/site-packages/airflow/example_dags/example_display_name.py
[2025-03-07T02:53:02.392+0000] {logging_mixin.py:190} INFO - [2025-03-07T02:53:02.392+0000] {dag.py:3239} INFO - Sync 1 DAGs
[2025-03-07T02:53:02.409+0000] {logging_mixin.py:190} INFO - [2025-03-07T02:53:02.409+0000] {dag.py:4180} INFO - Setting next_dagrun for example_display_name to None, run_after=None
[2025-03-07T02:53:02.446+0000] {processor.py:208} INFO - Processing /home/Ashreem/airflow-env/lib/python3.12/site-packages/airflow/example_dags/example_display_name.py took 0.103 seconds
[2025-03-07T02:54:03.977+0000] {processor.py:186} INFO - Started process (PID=47670) to work on /home/Ashreem/airflow-env/lib/python3.12/site-packages/airflow/example_dags/example_display_name.py
[2025-03-07T02:54:03.979+0000] {processor.py:914} INFO - Processing file /home/Ashreem/airflow-env/lib/python3.12/site-packages/airflow/example_dags/example_display_name.py for tasks to queue
[2025-03-07T02:54:03.982+0000] {logging_mixin.py:190} INFO - [2025-03-07T02:54:03.982+0000] {dagbag.py:588} INFO - Filling up the DagBag from /home/Ashreem/airflow-env/lib/python3.12/site-packages/airflow/example_dags/example_display_name.py
[2025-03-07T02:54:03.993+0000] {processor.py:925} INFO - DAG(s) 'example_display_name' retrieved from /home/Ashreem/airflow-env/lib/python3.12/site-packages/airflow/example_dags/example_display_name.py
[2025-03-07T02:54:04.012+0000] {logging_mixin.py:190} INFO - [2025-03-07T02:54:04.012+0000] {dag.py:3239} INFO - Sync 1 DAGs
[2025-03-07T02:54:04.033+0000] {logging_mixin.py:190} INFO - [2025-03-07T02:54:04.033+0000] {dag.py:4180} INFO - Setting next_dagrun for example_display_name to None, run_after=None
[2025-03-07T02:54:04.075+0000] {processor.py:208} INFO - Processing /home/Ashreem/airflow-env/lib/python3.12/site-packages/airflow/example_dags/example_display_name.py took 0.106 seconds
[2025-03-07T02:55:05.249+0000] {processor.py:186} INFO - Started process (PID=47737) to work on /home/Ashreem/airflow-env/lib/python3.12/site-packages/airflow/example_dags/example_display_name.py
[2025-03-07T02:55:05.250+0000] {processor.py:914} INFO - Processing file /home/Ashreem/airflow-env/lib/python3.12/site-packages/airflow/example_dags/example_display_name.py for tasks to queue
[2025-03-07T02:55:05.253+0000] {logging_mixin.py:190} INFO - [2025-03-07T02:55:05.253+0000] {dagbag.py:588} INFO - Filling up the DagBag from /home/Ashreem/airflow-env/lib/python3.12/site-packages/airflow/example_dags/example_display_name.py
[2025-03-07T02:55:05.266+0000] {processor.py:925} INFO - DAG(s) 'example_display_name' retrieved from /home/Ashreem/airflow-env/lib/python3.12/site-packages/airflow/example_dags/example_display_name.py
[2025-03-07T02:55:05.286+0000] {logging_mixin.py:190} INFO - [2025-03-07T02:55:05.286+0000] {dag.py:3239} INFO - Sync 1 DAGs
[2025-03-07T02:55:05.303+0000] {logging_mixin.py:190} INFO - [2025-03-07T02:55:05.303+0000] {dag.py:4180} INFO - Setting next_dagrun for example_display_name to None, run_after=None
[2025-03-07T02:55:05.341+0000] {processor.py:208} INFO - Processing /home/Ashreem/airflow-env/lib/python3.12/site-packages/airflow/example_dags/example_display_name.py took 0.100 seconds
[2025-03-07T02:56:08.866+0000] {processor.py:186} INFO - Started process (PID=47878) to work on /home/Ashreem/airflow-env/lib/python3.12/site-packages/airflow/example_dags/example_display_name.py
[2025-03-07T02:56:08.867+0000] {processor.py:914} INFO - Processing file /home/Ashreem/airflow-env/lib/python3.12/site-packages/airflow/example_dags/example_display_name.py for tasks to queue
[2025-03-07T02:56:08.870+0000] {logging_mixin.py:190} INFO - [2025-03-07T02:56:08.869+0000] {dagbag.py:588} INFO - Filling up the DagBag from /home/Ashreem/airflow-env/lib/python3.12/site-packages/airflow/example_dags/example_display_name.py
[2025-03-07T02:56:08.888+0000] {processor.py:925} INFO - DAG(s) 'example_display_name' retrieved from /home/Ashreem/airflow-env/lib/python3.12/site-packages/airflow/example_dags/example_display_name.py
[2025-03-07T02:56:08.916+0000] {logging_mixin.py:190} INFO - [2025-03-07T02:56:08.916+0000] {dag.py:3239} INFO - Sync 1 DAGs
[2025-03-07T02:56:08.940+0000] {logging_mixin.py:190} INFO - [2025-03-07T02:56:08.939+0000] {dag.py:4180} INFO - Setting next_dagrun for example_display_name to None, run_after=None
[2025-03-07T02:56:08.995+0000] {processor.py:208} INFO - Processing /home/Ashreem/airflow-env/lib/python3.12/site-packages/airflow/example_dags/example_display_name.py took 0.140 seconds
[2025-03-07T02:57:06.543+0000] {processor.py:186} INFO - Started process (PID=47996) to work on /home/Ashreem/airflow-env/lib/python3.12/site-packages/airflow/example_dags/example_display_name.py
[2025-03-07T02:57:06.545+0000] {processor.py:914} INFO - Processing file /home/Ashreem/airflow-env/lib/python3.12/site-packages/airflow/example_dags/example_display_name.py for tasks to queue
[2025-03-07T02:57:06.547+0000] {logging_mixin.py:190} INFO - [2025-03-07T02:57:06.547+0000] {dagbag.py:588} INFO - Filling up the DagBag from /home/Ashreem/airflow-env/lib/python3.12/site-packages/airflow/example_dags/example_display_name.py
[2025-03-07T02:57:06.561+0000] {processor.py:925} INFO - DAG(s) 'example_display_name' retrieved from /home/Ashreem/airflow-env/lib/python3.12/site-packages/airflow/example_dags/example_display_name.py
[2025-03-07T02:57:06.581+0000] {logging_mixin.py:190} INFO - [2025-03-07T02:57:06.581+0000] {dag.py:3239} INFO - Sync 1 DAGs
[2025-03-07T02:57:06.597+0000] {logging_mixin.py:190} INFO - [2025-03-07T02:57:06.597+0000] {dag.py:4180} INFO - Setting next_dagrun for example_display_name to None, run_after=None
[2025-03-07T02:57:06.635+0000] {processor.py:208} INFO - Processing /home/Ashreem/airflow-env/lib/python3.12/site-packages/airflow/example_dags/example_display_name.py took 0.098 seconds
[2025-03-07T02:57:15.063+0000] {processor.py:186} INFO - Started process (PID=48013) to work on /home/Ashreem/airflow-env/lib/python3.12/site-packages/airflow/example_dags/example_display_name.py
[2025-03-07T02:57:15.064+0000] {processor.py:914} INFO - Processing file /home/Ashreem/airflow-env/lib/python3.12/site-packages/airflow/example_dags/example_display_name.py for tasks to queue
[2025-03-07T02:57:15.067+0000] {logging_mixin.py:190} INFO - [2025-03-07T02:57:15.066+0000] {dagbag.py:588} INFO - Filling up the DagBag from /home/Ashreem/airflow-env/lib/python3.12/site-packages/airflow/example_dags/example_display_name.py
[2025-03-07T02:57:15.081+0000] {processor.py:925} INFO - DAG(s) 'example_display_name' retrieved from /home/Ashreem/airflow-env/lib/python3.12/site-packages/airflow/example_dags/example_display_name.py
[2025-03-07T02:57:15.105+0000] {logging_mixin.py:190} INFO - [2025-03-07T02:57:15.105+0000] {dag.py:3239} INFO - Sync 1 DAGs
[2025-03-07T02:57:15.123+0000] {logging_mixin.py:190} INFO - [2025-03-07T02:57:15.123+0000] {dag.py:4180} INFO - Setting next_dagrun for example_display_name to None, run_after=None
[2025-03-07T02:57:15.171+0000] {processor.py:208} INFO - Processing /home/Ashreem/airflow-env/lib/python3.12/site-packages/airflow/example_dags/example_display_name.py took 0.118 seconds
[2025-03-07T02:58:18.197+0000] {processor.py:186} INFO - Started process (PID=48085) to work on /home/Ashreem/airflow-env/lib/python3.12/site-packages/airflow/example_dags/example_display_name.py
[2025-03-07T02:58:18.198+0000] {processor.py:914} INFO - Processing file /home/Ashreem/airflow-env/lib/python3.12/site-packages/airflow/example_dags/example_display_name.py for tasks to queue
[2025-03-07T02:58:18.201+0000] {logging_mixin.py:190} INFO - [2025-03-07T02:58:18.201+0000] {dagbag.py:588} INFO - Filling up the DagBag from /home/Ashreem/airflow-env/lib/python3.12/site-packages/airflow/example_dags/example_display_name.py
[2025-03-07T02:58:18.213+0000] {processor.py:925} INFO - DAG(s) 'example_display_name' retrieved from /home/Ashreem/airflow-env/lib/python3.12/site-packages/airflow/example_dags/example_display_name.py
[2025-03-07T02:58:18.233+0000] {logging_mixin.py:190} INFO - [2025-03-07T02:58:18.233+0000] {dag.py:3239} INFO - Sync 1 DAGs
[2025-03-07T02:58:18.249+0000] {logging_mixin.py:190} INFO - [2025-03-07T02:58:18.249+0000] {dag.py:4180} INFO - Setting next_dagrun for example_display_name to None, run_after=None
[2025-03-07T02:58:18.286+0000] {processor.py:208} INFO - Processing /home/Ashreem/airflow-env/lib/python3.12/site-packages/airflow/example_dags/example_display_name.py took 0.097 seconds
[2025-03-07T02:59:25.958+0000] {processor.py:186} INFO - Started process (PID=48200) to work on /home/Ashreem/airflow-env/lib/python3.12/site-packages/airflow/example_dags/example_display_name.py
[2025-03-07T02:59:25.960+0000] {processor.py:914} INFO - Processing file /home/Ashreem/airflow-env/lib/python3.12/site-packages/airflow/example_dags/example_display_name.py for tasks to queue
[2025-03-07T02:59:25.963+0000] {logging_mixin.py:190} INFO - [2025-03-07T02:59:25.962+0000] {dagbag.py:588} INFO - Filling up the DagBag from /home/Ashreem/airflow-env/lib/python3.12/site-packages/airflow/example_dags/example_display_name.py
[2025-03-07T02:59:25.975+0000] {processor.py:925} INFO - DAG(s) 'example_display_name' retrieved from /home/Ashreem/airflow-env/lib/python3.12/site-packages/airflow/example_dags/example_display_name.py
[2025-03-07T02:59:25.993+0000] {logging_mixin.py:190} INFO - [2025-03-07T02:59:25.992+0000] {dag.py:3239} INFO - Sync 1 DAGs
[2025-03-07T02:59:26.009+0000] {logging_mixin.py:190} INFO - [2025-03-07T02:59:26.009+0000] {dag.py:4180} INFO - Setting next_dagrun for example_display_name to None, run_after=None
[2025-03-07T02:59:26.046+0000] {processor.py:208} INFO - Processing /home/Ashreem/airflow-env/lib/python3.12/site-packages/airflow/example_dags/example_display_name.py took 0.095 seconds
[2025-03-07T03:00:32.382+0000] {processor.py:186} INFO - Started process (PID=48313) to work on /home/Ashreem/airflow-env/lib/python3.12/site-packages/airflow/example_dags/example_display_name.py
[2025-03-07T03:00:32.384+0000] {processor.py:914} INFO - Processing file /home/Ashreem/airflow-env/lib/python3.12/site-packages/airflow/example_dags/example_display_name.py for tasks to queue
[2025-03-07T03:00:32.387+0000] {logging_mixin.py:190} INFO - [2025-03-07T03:00:32.386+0000] {dagbag.py:588} INFO - Filling up the DagBag from /home/Ashreem/airflow-env/lib/python3.12/site-packages/airflow/example_dags/example_display_name.py
[2025-03-07T03:00:32.398+0000] {processor.py:925} INFO - DAG(s) 'example_display_name' retrieved from /home/Ashreem/airflow-env/lib/python3.12/site-packages/airflow/example_dags/example_display_name.py
[2025-03-07T03:00:32.421+0000] {logging_mixin.py:190} INFO - [2025-03-07T03:00:32.420+0000] {dag.py:3239} INFO - Sync 1 DAGs
[2025-03-07T03:00:32.437+0000] {logging_mixin.py:190} INFO - [2025-03-07T03:00:32.437+0000] {dag.py:4180} INFO - Setting next_dagrun for example_display_name to None, run_after=None
[2025-03-07T03:00:32.473+0000] {processor.py:208} INFO - Processing /home/Ashreem/airflow-env/lib/python3.12/site-packages/airflow/example_dags/example_display_name.py took 0.098 seconds
[2025-03-07T03:01:34.915+0000] {processor.py:186} INFO - Started process (PID=48385) to work on /home/Ashreem/airflow-env/lib/python3.12/site-packages/airflow/example_dags/example_display_name.py
[2025-03-07T03:01:34.917+0000] {processor.py:914} INFO - Processing file /home/Ashreem/airflow-env/lib/python3.12/site-packages/airflow/example_dags/example_display_name.py for tasks to queue
[2025-03-07T03:01:34.920+0000] {logging_mixin.py:190} INFO - [2025-03-07T03:01:34.919+0000] {dagbag.py:588} INFO - Filling up the DagBag from /home/Ashreem/airflow-env/lib/python3.12/site-packages/airflow/example_dags/example_display_name.py
[2025-03-07T03:01:34.932+0000] {processor.py:925} INFO - DAG(s) 'example_display_name' retrieved from /home/Ashreem/airflow-env/lib/python3.12/site-packages/airflow/example_dags/example_display_name.py
[2025-03-07T03:01:34.952+0000] {logging_mixin.py:190} INFO - [2025-03-07T03:01:34.952+0000] {dag.py:3239} INFO - Sync 1 DAGs
[2025-03-07T03:01:34.971+0000] {logging_mixin.py:190} INFO - [2025-03-07T03:01:34.971+0000] {dag.py:4180} INFO - Setting next_dagrun for example_display_name to None, run_after=None
[2025-03-07T03:01:35.013+0000] {processor.py:208} INFO - Processing /home/Ashreem/airflow-env/lib/python3.12/site-packages/airflow/example_dags/example_display_name.py took 0.106 seconds
[2025-03-07T03:02:38.232+0000] {processor.py:186} INFO - Started process (PID=48519) to work on /home/Ashreem/airflow-env/lib/python3.12/site-packages/airflow/example_dags/example_display_name.py
[2025-03-07T03:02:38.236+0000] {processor.py:914} INFO - Processing file /home/Ashreem/airflow-env/lib/python3.12/site-packages/airflow/example_dags/example_display_name.py for tasks to queue
[2025-03-07T03:02:38.240+0000] {logging_mixin.py:190} INFO - [2025-03-07T03:02:38.239+0000] {dagbag.py:588} INFO - Filling up the DagBag from /home/Ashreem/airflow-env/lib/python3.12/site-packages/airflow/example_dags/example_display_name.py
[2025-03-07T03:02:38.251+0000] {processor.py:925} INFO - DAG(s) 'example_display_name' retrieved from /home/Ashreem/airflow-env/lib/python3.12/site-packages/airflow/example_dags/example_display_name.py
[2025-03-07T03:02:38.269+0000] {logging_mixin.py:190} INFO - [2025-03-07T03:02:38.268+0000] {dag.py:3239} INFO - Sync 1 DAGs
[2025-03-07T03:02:38.285+0000] {logging_mixin.py:190} INFO - [2025-03-07T03:02:38.284+0000] {dag.py:4180} INFO - Setting next_dagrun for example_display_name to None, run_after=None
[2025-03-07T03:02:38.319+0000] {processor.py:208} INFO - Processing /home/Ashreem/airflow-env/lib/python3.12/site-packages/airflow/example_dags/example_display_name.py took 0.094 seconds
[2025-03-07T03:04:18.252+0000] {processor.py:186} INFO - Started process (PID=48651) to work on /home/Ashreem/airflow-env/lib/python3.12/site-packages/airflow/example_dags/example_display_name.py
[2025-03-07T03:04:18.253+0000] {processor.py:914} INFO - Processing file /home/Ashreem/airflow-env/lib/python3.12/site-packages/airflow/example_dags/example_display_name.py for tasks to queue
[2025-03-07T03:04:18.256+0000] {logging_mixin.py:190} INFO - [2025-03-07T03:04:18.255+0000] {dagbag.py:588} INFO - Filling up the DagBag from /home/Ashreem/airflow-env/lib/python3.12/site-packages/airflow/example_dags/example_display_name.py
[2025-03-07T03:04:18.268+0000] {processor.py:925} INFO - DAG(s) 'example_display_name' retrieved from /home/Ashreem/airflow-env/lib/python3.12/site-packages/airflow/example_dags/example_display_name.py
[2025-03-07T03:04:18.287+0000] {logging_mixin.py:190} INFO - [2025-03-07T03:04:18.287+0000] {dag.py:3239} INFO - Sync 1 DAGs
[2025-03-07T03:04:18.306+0000] {logging_mixin.py:190} INFO - [2025-03-07T03:04:18.306+0000] {dag.py:4180} INFO - Setting next_dagrun for example_display_name to None, run_after=None
[2025-03-07T03:04:18.343+0000] {processor.py:208} INFO - Processing /home/Ashreem/airflow-env/lib/python3.12/site-packages/airflow/example_dags/example_display_name.py took 0.099 seconds
[2025-03-07T03:05:21.393+0000] {processor.py:186} INFO - Started process (PID=48884) to work on /home/Ashreem/airflow-env/lib/python3.12/site-packages/airflow/example_dags/example_display_name.py
[2025-03-07T03:05:21.397+0000] {processor.py:914} INFO - Processing file /home/Ashreem/airflow-env/lib/python3.12/site-packages/airflow/example_dags/example_display_name.py for tasks to queue
[2025-03-07T03:05:21.400+0000] {logging_mixin.py:190} INFO - [2025-03-07T03:05:21.400+0000] {dagbag.py:588} INFO - Filling up the DagBag from /home/Ashreem/airflow-env/lib/python3.12/site-packages/airflow/example_dags/example_display_name.py
[2025-03-07T03:05:21.417+0000] {processor.py:925} INFO - DAG(s) 'example_display_name' retrieved from /home/Ashreem/airflow-env/lib/python3.12/site-packages/airflow/example_dags/example_display_name.py
[2025-03-07T03:05:21.448+0000] {logging_mixin.py:190} INFO - [2025-03-07T03:05:21.448+0000] {dag.py:3239} INFO - Sync 1 DAGs
[2025-03-07T03:05:21.482+0000] {logging_mixin.py:190} INFO - [2025-03-07T03:05:21.482+0000] {dag.py:4180} INFO - Setting next_dagrun for example_display_name to None, run_after=None
[2025-03-07T03:05:21.523+0000] {processor.py:208} INFO - Processing /home/Ashreem/airflow-env/lib/python3.12/site-packages/airflow/example_dags/example_display_name.py took 0.142 seconds
[2025-03-07T03:06:26.636+0000] {processor.py:186} INFO - Started process (PID=48971) to work on /home/Ashreem/airflow-env/lib/python3.12/site-packages/airflow/example_dags/example_display_name.py
[2025-03-07T03:06:26.637+0000] {processor.py:914} INFO - Processing file /home/Ashreem/airflow-env/lib/python3.12/site-packages/airflow/example_dags/example_display_name.py for tasks to queue
[2025-03-07T03:06:26.640+0000] {logging_mixin.py:190} INFO - [2025-03-07T03:06:26.639+0000] {dagbag.py:588} INFO - Filling up the DagBag from /home/Ashreem/airflow-env/lib/python3.12/site-packages/airflow/example_dags/example_display_name.py
[2025-03-07T03:06:26.652+0000] {processor.py:925} INFO - DAG(s) 'example_display_name' retrieved from /home/Ashreem/airflow-env/lib/python3.12/site-packages/airflow/example_dags/example_display_name.py
[2025-03-07T03:06:26.673+0000] {logging_mixin.py:190} INFO - [2025-03-07T03:06:26.673+0000] {dag.py:3239} INFO - Sync 1 DAGs
[2025-03-07T03:06:26.692+0000] {logging_mixin.py:190} INFO - [2025-03-07T03:06:26.691+0000] {dag.py:4180} INFO - Setting next_dagrun for example_display_name to None, run_after=None
[2025-03-07T03:06:26.731+0000] {processor.py:208} INFO - Processing /home/Ashreem/airflow-env/lib/python3.12/site-packages/airflow/example_dags/example_display_name.py took 0.105 seconds
[2025-03-07T03:08:34.107+0000] {processor.py:186} INFO - Started process (PID=49118) to work on /home/Ashreem/airflow-env/lib/python3.12/site-packages/airflow/example_dags/example_display_name.py
[2025-03-07T03:08:34.109+0000] {processor.py:914} INFO - Processing file /home/Ashreem/airflow-env/lib/python3.12/site-packages/airflow/example_dags/example_display_name.py for tasks to queue
[2025-03-07T03:08:34.112+0000] {logging_mixin.py:190} INFO - [2025-03-07T03:08:34.111+0000] {dagbag.py:588} INFO - Filling up the DagBag from /home/Ashreem/airflow-env/lib/python3.12/site-packages/airflow/example_dags/example_display_name.py
[2025-03-07T03:08:34.124+0000] {processor.py:925} INFO - DAG(s) 'example_display_name' retrieved from /home/Ashreem/airflow-env/lib/python3.12/site-packages/airflow/example_dags/example_display_name.py
[2025-03-07T03:08:34.145+0000] {logging_mixin.py:190} INFO - [2025-03-07T03:08:34.145+0000] {dag.py:3239} INFO - Sync 1 DAGs
[2025-03-07T03:08:34.165+0000] {logging_mixin.py:190} INFO - [2025-03-07T03:08:34.165+0000] {dag.py:4180} INFO - Setting next_dagrun for example_display_name to None, run_after=None
[2025-03-07T03:08:34.206+0000] {processor.py:208} INFO - Processing /home/Ashreem/airflow-env/lib/python3.12/site-packages/airflow/example_dags/example_display_name.py took 0.107 seconds
[2025-03-07T03:09:37.116+0000] {processor.py:186} INFO - Started process (PID=49189) to work on /home/Ashreem/airflow-env/lib/python3.12/site-packages/airflow/example_dags/example_display_name.py
[2025-03-07T03:09:37.117+0000] {processor.py:914} INFO - Processing file /home/Ashreem/airflow-env/lib/python3.12/site-packages/airflow/example_dags/example_display_name.py for tasks to queue
[2025-03-07T03:09:37.120+0000] {logging_mixin.py:190} INFO - [2025-03-07T03:09:37.119+0000] {dagbag.py:588} INFO - Filling up the DagBag from /home/Ashreem/airflow-env/lib/python3.12/site-packages/airflow/example_dags/example_display_name.py
[2025-03-07T03:09:37.133+0000] {processor.py:925} INFO - DAG(s) 'example_display_name' retrieved from /home/Ashreem/airflow-env/lib/python3.12/site-packages/airflow/example_dags/example_display_name.py
[2025-03-07T03:09:37.152+0000] {logging_mixin.py:190} INFO - [2025-03-07T03:09:37.152+0000] {dag.py:3239} INFO - Sync 1 DAGs
[2025-03-07T03:09:37.170+0000] {logging_mixin.py:190} INFO - [2025-03-07T03:09:37.170+0000] {dag.py:4180} INFO - Setting next_dagrun for example_display_name to None, run_after=None
[2025-03-07T03:09:37.209+0000] {processor.py:208} INFO - Processing /home/Ashreem/airflow-env/lib/python3.12/site-packages/airflow/example_dags/example_display_name.py took 0.102 seconds
