[2025-03-07T02:30:29.562+0000] {processor.py:186} INFO - Started process (PID=45982) to work on /home/Ashreem/airflow-env/lib/python3.12/site-packages/airflow/example_dags/example_sla_dag.py
[2025-03-07T02:30:29.563+0000] {processor.py:914} INFO - Processing file /home/Ashreem/airflow-env/lib/python3.12/site-packages/airflow/example_dags/example_sla_dag.py for tasks to queue
[2025-03-07T02:30:29.565+0000] {logging_mixin.py:190} INFO - [2025-03-07T02:30:29.565+0000] {dagbag.py:588} INFO - Filling up the DagBag from /home/Ashreem/airflow-env/lib/python3.12/site-packages/airflow/example_dags/example_sla_dag.py
[2025-03-07T02:30:29.580+0000] {processor.py:925} INFO - DAG(s) 'example_sla_dag' retrieved from /home/Ashreem/airflow-env/lib/python3.12/site-packages/airflow/example_dags/example_sla_dag.py
[2025-03-07T02:30:29.741+0000] {logging_mixin.py:190} INFO - [2025-03-07T02:30:29.740+0000] {override.py:1930} INFO - Created Permission View: can read on DAG:example_sla_dag
[2025-03-07T02:30:29.768+0000] {logging_mixin.py:190} INFO - [2025-03-07T02:30:29.767+0000] {override.py:1930} INFO - Created Permission View: can delete on DAG:example_sla_dag
[2025-03-07T02:30:29.794+0000] {logging_mixin.py:190} INFO - [2025-03-07T02:30:29.794+0000] {override.py:1930} INFO - Created Permission View: can edit on DAG:example_sla_dag
[2025-03-07T02:30:29.836+0000] {logging_mixin.py:190} INFO - [2025-03-07T02:30:29.836+0000] {override.py:1930} INFO - Created Permission View: can read on DAG Run:example_sla_dag
[2025-03-07T02:30:29.858+0000] {logging_mixin.py:190} INFO - [2025-03-07T02:30:29.857+0000] {override.py:1930} INFO - Created Permission View: can delete on DAG Run:example_sla_dag
[2025-03-07T02:30:29.884+0000] {logging_mixin.py:190} INFO - [2025-03-07T02:30:29.883+0000] {override.py:1930} INFO - Created Permission View: menu access on DAG Run:example_sla_dag
[2025-03-07T02:30:29.907+0000] {logging_mixin.py:190} INFO - [2025-03-07T02:30:29.907+0000] {override.py:1930} INFO - Created Permission View: can create on DAG Run:example_sla_dag
[2025-03-07T02:30:29.908+0000] {logging_mixin.py:190} INFO - [2025-03-07T02:30:29.907+0000] {dag.py:3239} INFO - Sync 1 DAGs
[2025-03-07T02:30:29.923+0000] {logging_mixin.py:190} INFO - [2025-03-07T02:30:29.923+0000] {dag.py:3262} INFO - Creating ORM DAG for example_sla_dag
[2025-03-07T02:30:29.936+0000] {logging_mixin.py:190} INFO - [2025-03-07T02:30:29.936+0000] {dag.py:4180} INFO - Setting next_dagrun for example_sla_dag to 2025-03-07 02:28:00+00:00, run_after=2025-03-07 02:30:00+00:00
[2025-03-07T02:30:29.969+0000] {processor.py:208} INFO - Processing /home/Ashreem/airflow-env/lib/python3.12/site-packages/airflow/example_dags/example_sla_dag.py took 0.416 seconds
[2025-03-07T02:33:09.019+0000] {processor.py:186} INFO - Started process (PID=46087) to work on /home/Ashreem/airflow-env/lib/python3.12/site-packages/airflow/example_dags/example_sla_dag.py
[2025-03-07T02:33:09.021+0000] {processor.py:914} INFO - Processing file /home/Ashreem/airflow-env/lib/python3.12/site-packages/airflow/example_dags/example_sla_dag.py for tasks to queue
[2025-03-07T02:33:09.025+0000] {logging_mixin.py:190} INFO - [2025-03-07T02:33:09.025+0000] {dagbag.py:588} INFO - Filling up the DagBag from /home/Ashreem/airflow-env/lib/python3.12/site-packages/airflow/example_dags/example_sla_dag.py
[2025-03-07T02:33:09.050+0000] {processor.py:925} INFO - DAG(s) 'example_sla_dag' retrieved from /home/Ashreem/airflow-env/lib/python3.12/site-packages/airflow/example_dags/example_sla_dag.py
[2025-03-07T02:33:09.072+0000] {logging_mixin.py:190} INFO - [2025-03-07T02:33:09.072+0000] {dag.py:3239} INFO - Sync 1 DAGs
[2025-03-07T02:33:09.105+0000] {logging_mixin.py:190} INFO - [2025-03-07T02:33:09.105+0000] {dag.py:4180} INFO - Setting next_dagrun for example_sla_dag to 2025-03-07 02:30:00+00:00, run_after=2025-03-07 02:32:00+00:00
[2025-03-07T02:33:09.141+0000] {processor.py:208} INFO - Processing /home/Ashreem/airflow-env/lib/python3.12/site-packages/airflow/example_dags/example_sla_dag.py took 0.131 seconds
[2025-03-07T02:34:13.781+0000] {processor.py:186} INFO - Started process (PID=46419) to work on /home/Ashreem/airflow-env/lib/python3.12/site-packages/airflow/example_dags/example_sla_dag.py
[2025-03-07T02:34:13.783+0000] {processor.py:914} INFO - Processing file /home/Ashreem/airflow-env/lib/python3.12/site-packages/airflow/example_dags/example_sla_dag.py for tasks to queue
[2025-03-07T02:34:13.786+0000] {logging_mixin.py:190} INFO - [2025-03-07T02:34:13.785+0000] {dagbag.py:588} INFO - Filling up the DagBag from /home/Ashreem/airflow-env/lib/python3.12/site-packages/airflow/example_dags/example_sla_dag.py
[2025-03-07T02:34:13.800+0000] {processor.py:925} INFO - DAG(s) 'example_sla_dag' retrieved from /home/Ashreem/airflow-env/lib/python3.12/site-packages/airflow/example_dags/example_sla_dag.py
[2025-03-07T02:34:13.818+0000] {logging_mixin.py:190} INFO - [2025-03-07T02:34:13.818+0000] {dag.py:3239} INFO - Sync 1 DAGs
[2025-03-07T02:34:13.848+0000] {logging_mixin.py:190} INFO - [2025-03-07T02:34:13.847+0000] {dag.py:4180} INFO - Setting next_dagrun for example_sla_dag to 2025-03-07 02:32:00+00:00, run_after=2025-03-07 02:34:00+00:00
[2025-03-07T02:34:13.885+0000] {processor.py:208} INFO - Processing /home/Ashreem/airflow-env/lib/python3.12/site-packages/airflow/example_dags/example_sla_dag.py took 0.111 seconds
[2025-03-07T02:35:19.941+0000] {processor.py:186} INFO - Started process (PID=46485) to work on /home/Ashreem/airflow-env/lib/python3.12/site-packages/airflow/example_dags/example_sla_dag.py
[2025-03-07T02:35:19.943+0000] {processor.py:914} INFO - Processing file /home/Ashreem/airflow-env/lib/python3.12/site-packages/airflow/example_dags/example_sla_dag.py for tasks to queue
[2025-03-07T02:35:19.945+0000] {logging_mixin.py:190} INFO - [2025-03-07T02:35:19.945+0000] {dagbag.py:588} INFO - Filling up the DagBag from /home/Ashreem/airflow-env/lib/python3.12/site-packages/airflow/example_dags/example_sla_dag.py
[2025-03-07T02:35:19.959+0000] {processor.py:925} INFO - DAG(s) 'example_sla_dag' retrieved from /home/Ashreem/airflow-env/lib/python3.12/site-packages/airflow/example_dags/example_sla_dag.py
[2025-03-07T02:35:19.980+0000] {logging_mixin.py:190} INFO - [2025-03-07T02:35:19.979+0000] {dag.py:3239} INFO - Sync 1 DAGs
[2025-03-07T02:35:20.009+0000] {logging_mixin.py:190} INFO - [2025-03-07T02:35:20.009+0000] {dag.py:4180} INFO - Setting next_dagrun for example_sla_dag to 2025-03-07 02:32:00+00:00, run_after=2025-03-07 02:34:00+00:00
[2025-03-07T02:35:20.042+0000] {processor.py:208} INFO - Processing /home/Ashreem/airflow-env/lib/python3.12/site-packages/airflow/example_dags/example_sla_dag.py took 0.109 seconds
[2025-03-07T02:36:28.536+0000] {processor.py:186} INFO - Started process (PID=46554) to work on /home/Ashreem/airflow-env/lib/python3.12/site-packages/airflow/example_dags/example_sla_dag.py
[2025-03-07T02:36:28.537+0000] {processor.py:914} INFO - Processing file /home/Ashreem/airflow-env/lib/python3.12/site-packages/airflow/example_dags/example_sla_dag.py for tasks to queue
[2025-03-07T02:36:28.540+0000] {logging_mixin.py:190} INFO - [2025-03-07T02:36:28.540+0000] {dagbag.py:588} INFO - Filling up the DagBag from /home/Ashreem/airflow-env/lib/python3.12/site-packages/airflow/example_dags/example_sla_dag.py
[2025-03-07T02:36:28.553+0000] {processor.py:925} INFO - DAG(s) 'example_sla_dag' retrieved from /home/Ashreem/airflow-env/lib/python3.12/site-packages/airflow/example_dags/example_sla_dag.py
[2025-03-07T02:36:28.572+0000] {logging_mixin.py:190} INFO - [2025-03-07T02:36:28.571+0000] {dag.py:3239} INFO - Sync 1 DAGs
[2025-03-07T02:36:28.601+0000] {logging_mixin.py:190} INFO - [2025-03-07T02:36:28.601+0000] {dag.py:4180} INFO - Setting next_dagrun for example_sla_dag to 2025-03-07 02:34:00+00:00, run_after=2025-03-07 02:36:00+00:00
[2025-03-07T02:36:28.638+0000] {processor.py:208} INFO - Processing /home/Ashreem/airflow-env/lib/python3.12/site-packages/airflow/example_dags/example_sla_dag.py took 0.110 seconds
[2025-03-07T02:37:32.569+0000] {processor.py:186} INFO - Started process (PID=46617) to work on /home/Ashreem/airflow-env/lib/python3.12/site-packages/airflow/example_dags/example_sla_dag.py
[2025-03-07T02:37:32.571+0000] {processor.py:914} INFO - Processing file /home/Ashreem/airflow-env/lib/python3.12/site-packages/airflow/example_dags/example_sla_dag.py for tasks to queue
[2025-03-07T02:37:32.574+0000] {logging_mixin.py:190} INFO - [2025-03-07T02:37:32.573+0000] {dagbag.py:588} INFO - Filling up the DagBag from /home/Ashreem/airflow-env/lib/python3.12/site-packages/airflow/example_dags/example_sla_dag.py
[2025-03-07T02:37:32.587+0000] {processor.py:925} INFO - DAG(s) 'example_sla_dag' retrieved from /home/Ashreem/airflow-env/lib/python3.12/site-packages/airflow/example_dags/example_sla_dag.py
[2025-03-07T02:37:32.604+0000] {logging_mixin.py:190} INFO - [2025-03-07T02:37:32.604+0000] {dag.py:3239} INFO - Sync 1 DAGs
[2025-03-07T02:37:32.632+0000] {logging_mixin.py:190} INFO - [2025-03-07T02:37:32.632+0000] {dag.py:4180} INFO - Setting next_dagrun for example_sla_dag to 2025-03-07 02:34:00+00:00, run_after=2025-03-07 02:36:00+00:00
[2025-03-07T02:37:32.670+0000] {processor.py:208} INFO - Processing /home/Ashreem/airflow-env/lib/python3.12/site-packages/airflow/example_dags/example_sla_dag.py took 0.111 seconds
[2025-03-07T02:38:34.574+0000] {processor.py:186} INFO - Started process (PID=46681) to work on /home/Ashreem/airflow-env/lib/python3.12/site-packages/airflow/example_dags/example_sla_dag.py
[2025-03-07T02:38:34.576+0000] {processor.py:914} INFO - Processing file /home/Ashreem/airflow-env/lib/python3.12/site-packages/airflow/example_dags/example_sla_dag.py for tasks to queue
[2025-03-07T02:38:34.578+0000] {logging_mixin.py:190} INFO - [2025-03-07T02:38:34.578+0000] {dagbag.py:588} INFO - Filling up the DagBag from /home/Ashreem/airflow-env/lib/python3.12/site-packages/airflow/example_dags/example_sla_dag.py
[2025-03-07T02:38:34.595+0000] {processor.py:925} INFO - DAG(s) 'example_sla_dag' retrieved from /home/Ashreem/airflow-env/lib/python3.12/site-packages/airflow/example_dags/example_sla_dag.py
[2025-03-07T02:38:34.616+0000] {logging_mixin.py:190} INFO - [2025-03-07T02:38:34.616+0000] {dag.py:3239} INFO - Sync 1 DAGs
[2025-03-07T02:38:34.647+0000] {logging_mixin.py:190} INFO - [2025-03-07T02:38:34.646+0000] {dag.py:4180} INFO - Setting next_dagrun for example_sla_dag to 2025-03-07 02:36:00+00:00, run_after=2025-03-07 02:38:00+00:00
[2025-03-07T02:38:34.684+0000] {processor.py:208} INFO - Processing /home/Ashreem/airflow-env/lib/python3.12/site-packages/airflow/example_dags/example_sla_dag.py took 0.118 seconds
[2025-03-07T02:39:37.362+0000] {processor.py:186} INFO - Started process (PID=46749) to work on /home/Ashreem/airflow-env/lib/python3.12/site-packages/airflow/example_dags/example_sla_dag.py
[2025-03-07T02:39:37.364+0000] {processor.py:914} INFO - Processing file /home/Ashreem/airflow-env/lib/python3.12/site-packages/airflow/example_dags/example_sla_dag.py for tasks to queue
[2025-03-07T02:39:37.367+0000] {logging_mixin.py:190} INFO - [2025-03-07T02:39:37.367+0000] {dagbag.py:588} INFO - Filling up the DagBag from /home/Ashreem/airflow-env/lib/python3.12/site-packages/airflow/example_dags/example_sla_dag.py
[2025-03-07T02:39:37.384+0000] {processor.py:925} INFO - DAG(s) 'example_sla_dag' retrieved from /home/Ashreem/airflow-env/lib/python3.12/site-packages/airflow/example_dags/example_sla_dag.py
[2025-03-07T02:39:37.403+0000] {logging_mixin.py:190} INFO - [2025-03-07T02:39:37.403+0000] {dag.py:3239} INFO - Sync 1 DAGs
[2025-03-07T02:39:37.431+0000] {logging_mixin.py:190} INFO - [2025-03-07T02:39:37.431+0000] {dag.py:4180} INFO - Setting next_dagrun for example_sla_dag to 2025-03-07 02:36:00+00:00, run_after=2025-03-07 02:38:00+00:00
[2025-03-07T02:39:37.474+0000] {processor.py:208} INFO - Processing /home/Ashreem/airflow-env/lib/python3.12/site-packages/airflow/example_dags/example_sla_dag.py took 0.120 seconds
[2025-03-07T02:40:41.117+0000] {processor.py:186} INFO - Started process (PID=46813) to work on /home/Ashreem/airflow-env/lib/python3.12/site-packages/airflow/example_dags/example_sla_dag.py
[2025-03-07T02:40:41.123+0000] {processor.py:914} INFO - Processing file /home/Ashreem/airflow-env/lib/python3.12/site-packages/airflow/example_dags/example_sla_dag.py for tasks to queue
[2025-03-07T02:40:41.126+0000] {logging_mixin.py:190} INFO - [2025-03-07T02:40:41.126+0000] {dagbag.py:588} INFO - Filling up the DagBag from /home/Ashreem/airflow-env/lib/python3.12/site-packages/airflow/example_dags/example_sla_dag.py
[2025-03-07T02:40:41.141+0000] {processor.py:925} INFO - DAG(s) 'example_sla_dag' retrieved from /home/Ashreem/airflow-env/lib/python3.12/site-packages/airflow/example_dags/example_sla_dag.py
[2025-03-07T02:40:41.163+0000] {logging_mixin.py:190} INFO - [2025-03-07T02:40:41.163+0000] {dag.py:3239} INFO - Sync 1 DAGs
[2025-03-07T02:40:41.192+0000] {logging_mixin.py:190} INFO - [2025-03-07T02:40:41.192+0000] {dag.py:4180} INFO - Setting next_dagrun for example_sla_dag to 2025-03-07 02:38:00+00:00, run_after=2025-03-07 02:40:00+00:00
[2025-03-07T02:40:41.232+0000] {processor.py:208} INFO - Processing /home/Ashreem/airflow-env/lib/python3.12/site-packages/airflow/example_dags/example_sla_dag.py took 0.125 seconds
[2025-03-07T02:41:44.897+0000] {processor.py:186} INFO - Started process (PID=46877) to work on /home/Ashreem/airflow-env/lib/python3.12/site-packages/airflow/example_dags/example_sla_dag.py
[2025-03-07T02:41:44.900+0000] {processor.py:914} INFO - Processing file /home/Ashreem/airflow-env/lib/python3.12/site-packages/airflow/example_dags/example_sla_dag.py for tasks to queue
[2025-03-07T02:41:44.903+0000] {logging_mixin.py:190} INFO - [2025-03-07T02:41:44.902+0000] {dagbag.py:588} INFO - Filling up the DagBag from /home/Ashreem/airflow-env/lib/python3.12/site-packages/airflow/example_dags/example_sla_dag.py
[2025-03-07T02:41:44.917+0000] {processor.py:925} INFO - DAG(s) 'example_sla_dag' retrieved from /home/Ashreem/airflow-env/lib/python3.12/site-packages/airflow/example_dags/example_sla_dag.py
[2025-03-07T02:41:44.941+0000] {logging_mixin.py:190} INFO - [2025-03-07T02:41:44.941+0000] {dag.py:3239} INFO - Sync 1 DAGs
[2025-03-07T02:41:44.976+0000] {logging_mixin.py:190} INFO - [2025-03-07T02:41:44.976+0000] {dag.py:4180} INFO - Setting next_dagrun for example_sla_dag to 2025-03-07 02:38:00+00:00, run_after=2025-03-07 02:40:00+00:00
[2025-03-07T02:41:45.013+0000] {processor.py:208} INFO - Processing /home/Ashreem/airflow-env/lib/python3.12/site-packages/airflow/example_dags/example_sla_dag.py took 0.124 seconds
[2025-03-07T02:42:48.664+0000] {processor.py:186} INFO - Started process (PID=46944) to work on /home/Ashreem/airflow-env/lib/python3.12/site-packages/airflow/example_dags/example_sla_dag.py
[2025-03-07T02:42:48.665+0000] {processor.py:914} INFO - Processing file /home/Ashreem/airflow-env/lib/python3.12/site-packages/airflow/example_dags/example_sla_dag.py for tasks to queue
[2025-03-07T02:42:48.668+0000] {logging_mixin.py:190} INFO - [2025-03-07T02:42:48.667+0000] {dagbag.py:588} INFO - Filling up the DagBag from /home/Ashreem/airflow-env/lib/python3.12/site-packages/airflow/example_dags/example_sla_dag.py
[2025-03-07T02:42:48.685+0000] {processor.py:925} INFO - DAG(s) 'example_sla_dag' retrieved from /home/Ashreem/airflow-env/lib/python3.12/site-packages/airflow/example_dags/example_sla_dag.py
[2025-03-07T02:42:48.707+0000] {logging_mixin.py:190} INFO - [2025-03-07T02:42:48.707+0000] {dag.py:3239} INFO - Sync 1 DAGs
[2025-03-07T02:42:48.738+0000] {logging_mixin.py:190} INFO - [2025-03-07T02:42:48.738+0000] {dag.py:4180} INFO - Setting next_dagrun for example_sla_dag to 2025-03-07 02:40:00+00:00, run_after=2025-03-07 02:42:00+00:00
[2025-03-07T02:42:48.775+0000] {processor.py:208} INFO - Processing /home/Ashreem/airflow-env/lib/python3.12/site-packages/airflow/example_dags/example_sla_dag.py took 0.120 seconds
[2025-03-07T02:43:52.782+0000] {processor.py:186} INFO - Started process (PID=47017) to work on /home/Ashreem/airflow-env/lib/python3.12/site-packages/airflow/example_dags/example_sla_dag.py
[2025-03-07T02:43:52.784+0000] {processor.py:914} INFO - Processing file /home/Ashreem/airflow-env/lib/python3.12/site-packages/airflow/example_dags/example_sla_dag.py for tasks to queue
[2025-03-07T02:43:52.788+0000] {logging_mixin.py:190} INFO - [2025-03-07T02:43:52.788+0000] {dagbag.py:588} INFO - Filling up the DagBag from /home/Ashreem/airflow-env/lib/python3.12/site-packages/airflow/example_dags/example_sla_dag.py
[2025-03-07T02:43:52.802+0000] {processor.py:925} INFO - DAG(s) 'example_sla_dag' retrieved from /home/Ashreem/airflow-env/lib/python3.12/site-packages/airflow/example_dags/example_sla_dag.py
[2025-03-07T02:43:52.821+0000] {logging_mixin.py:190} INFO - [2025-03-07T02:43:52.821+0000] {dag.py:3239} INFO - Sync 1 DAGs
[2025-03-07T02:43:52.852+0000] {logging_mixin.py:190} INFO - [2025-03-07T02:43:52.852+0000] {dag.py:4180} INFO - Setting next_dagrun for example_sla_dag to 2025-03-07 02:40:00+00:00, run_after=2025-03-07 02:42:00+00:00
[2025-03-07T02:43:52.890+0000] {processor.py:208} INFO - Processing /home/Ashreem/airflow-env/lib/python3.12/site-packages/airflow/example_dags/example_sla_dag.py took 0.116 seconds
[2025-03-07T02:44:54.612+0000] {processor.py:186} INFO - Started process (PID=47092) to work on /home/Ashreem/airflow-env/lib/python3.12/site-packages/airflow/example_dags/example_sla_dag.py
[2025-03-07T02:44:54.614+0000] {processor.py:914} INFO - Processing file /home/Ashreem/airflow-env/lib/python3.12/site-packages/airflow/example_dags/example_sla_dag.py for tasks to queue
[2025-03-07T02:44:54.618+0000] {logging_mixin.py:190} INFO - [2025-03-07T02:44:54.617+0000] {dagbag.py:588} INFO - Filling up the DagBag from /home/Ashreem/airflow-env/lib/python3.12/site-packages/airflow/example_dags/example_sla_dag.py
[2025-03-07T02:44:54.631+0000] {processor.py:925} INFO - DAG(s) 'example_sla_dag' retrieved from /home/Ashreem/airflow-env/lib/python3.12/site-packages/airflow/example_dags/example_sla_dag.py
[2025-03-07T02:44:54.650+0000] {logging_mixin.py:190} INFO - [2025-03-07T02:44:54.650+0000] {dag.py:3239} INFO - Sync 1 DAGs
[2025-03-07T02:44:54.678+0000] {logging_mixin.py:190} INFO - [2025-03-07T02:44:54.678+0000] {dag.py:4180} INFO - Setting next_dagrun for example_sla_dag to 2025-03-07 02:42:00+00:00, run_after=2025-03-07 02:44:00+00:00
[2025-03-07T02:44:54.719+0000] {processor.py:208} INFO - Processing /home/Ashreem/airflow-env/lib/python3.12/site-packages/airflow/example_dags/example_sla_dag.py took 0.115 seconds
[2025-03-07T02:45:58.082+0000] {processor.py:186} INFO - Started process (PID=47162) to work on /home/Ashreem/airflow-env/lib/python3.12/site-packages/airflow/example_dags/example_sla_dag.py
[2025-03-07T02:45:58.084+0000] {processor.py:914} INFO - Processing file /home/Ashreem/airflow-env/lib/python3.12/site-packages/airflow/example_dags/example_sla_dag.py for tasks to queue
[2025-03-07T02:45:58.088+0000] {logging_mixin.py:190} INFO - [2025-03-07T02:45:58.087+0000] {dagbag.py:588} INFO - Filling up the DagBag from /home/Ashreem/airflow-env/lib/python3.12/site-packages/airflow/example_dags/example_sla_dag.py
[2025-03-07T02:45:58.101+0000] {processor.py:925} INFO - DAG(s) 'example_sla_dag' retrieved from /home/Ashreem/airflow-env/lib/python3.12/site-packages/airflow/example_dags/example_sla_dag.py
[2025-03-07T02:45:58.123+0000] {logging_mixin.py:190} INFO - [2025-03-07T02:45:58.123+0000] {dag.py:3239} INFO - Sync 1 DAGs
[2025-03-07T02:45:58.152+0000] {logging_mixin.py:190} INFO - [2025-03-07T02:45:58.152+0000] {dag.py:4180} INFO - Setting next_dagrun for example_sla_dag to 2025-03-07 02:42:00+00:00, run_after=2025-03-07 02:44:00+00:00
[2025-03-07T02:45:58.191+0000] {processor.py:208} INFO - Processing /home/Ashreem/airflow-env/lib/python3.12/site-packages/airflow/example_dags/example_sla_dag.py took 0.121 seconds
[2025-03-07T02:47:01.399+0000] {processor.py:186} INFO - Started process (PID=47223) to work on /home/Ashreem/airflow-env/lib/python3.12/site-packages/airflow/example_dags/example_sla_dag.py
[2025-03-07T02:47:01.401+0000] {processor.py:914} INFO - Processing file /home/Ashreem/airflow-env/lib/python3.12/site-packages/airflow/example_dags/example_sla_dag.py for tasks to queue
[2025-03-07T02:47:01.404+0000] {logging_mixin.py:190} INFO - [2025-03-07T02:47:01.403+0000] {dagbag.py:588} INFO - Filling up the DagBag from /home/Ashreem/airflow-env/lib/python3.12/site-packages/airflow/example_dags/example_sla_dag.py
[2025-03-07T02:47:01.418+0000] {processor.py:925} INFO - DAG(s) 'example_sla_dag' retrieved from /home/Ashreem/airflow-env/lib/python3.12/site-packages/airflow/example_dags/example_sla_dag.py
[2025-03-07T02:47:01.438+0000] {logging_mixin.py:190} INFO - [2025-03-07T02:47:01.438+0000] {dag.py:3239} INFO - Sync 1 DAGs
[2025-03-07T02:47:01.471+0000] {logging_mixin.py:190} INFO - [2025-03-07T02:47:01.470+0000] {dag.py:4180} INFO - Setting next_dagrun for example_sla_dag to 2025-03-07 02:44:00+00:00, run_after=2025-03-07 02:46:00+00:00
[2025-03-07T02:47:01.509+0000] {processor.py:208} INFO - Processing /home/Ashreem/airflow-env/lib/python3.12/site-packages/airflow/example_dags/example_sla_dag.py took 0.118 seconds
[2025-03-07T02:48:06.980+0000] {processor.py:186} INFO - Started process (PID=47286) to work on /home/Ashreem/airflow-env/lib/python3.12/site-packages/airflow/example_dags/example_sla_dag.py
[2025-03-07T02:48:06.983+0000] {processor.py:914} INFO - Processing file /home/Ashreem/airflow-env/lib/python3.12/site-packages/airflow/example_dags/example_sla_dag.py for tasks to queue
[2025-03-07T02:48:06.986+0000] {logging_mixin.py:190} INFO - [2025-03-07T02:48:06.985+0000] {dagbag.py:588} INFO - Filling up the DagBag from /home/Ashreem/airflow-env/lib/python3.12/site-packages/airflow/example_dags/example_sla_dag.py
[2025-03-07T02:48:07.000+0000] {processor.py:925} INFO - DAG(s) 'example_sla_dag' retrieved from /home/Ashreem/airflow-env/lib/python3.12/site-packages/airflow/example_dags/example_sla_dag.py
[2025-03-07T02:48:07.020+0000] {logging_mixin.py:190} INFO - [2025-03-07T02:48:07.019+0000] {dag.py:3239} INFO - Sync 1 DAGs
[2025-03-07T02:48:07.047+0000] {logging_mixin.py:190} INFO - [2025-03-07T02:48:07.047+0000] {dag.py:4180} INFO - Setting next_dagrun for example_sla_dag to 2025-03-07 02:46:00+00:00, run_after=2025-03-07 02:48:00+00:00
[2025-03-07T02:48:07.093+0000] {processor.py:208} INFO - Processing /home/Ashreem/airflow-env/lib/python3.12/site-packages/airflow/example_dags/example_sla_dag.py took 0.123 seconds
[2025-03-07T02:49:15.333+0000] {processor.py:186} INFO - Started process (PID=47366) to work on /home/Ashreem/airflow-env/lib/python3.12/site-packages/airflow/example_dags/example_sla_dag.py
[2025-03-07T02:49:15.334+0000] {processor.py:914} INFO - Processing file /home/Ashreem/airflow-env/lib/python3.12/site-packages/airflow/example_dags/example_sla_dag.py for tasks to queue
[2025-03-07T02:49:15.338+0000] {logging_mixin.py:190} INFO - [2025-03-07T02:49:15.338+0000] {dagbag.py:588} INFO - Filling up the DagBag from /home/Ashreem/airflow-env/lib/python3.12/site-packages/airflow/example_dags/example_sla_dag.py
[2025-03-07T02:49:15.352+0000] {processor.py:925} INFO - DAG(s) 'example_sla_dag' retrieved from /home/Ashreem/airflow-env/lib/python3.12/site-packages/airflow/example_dags/example_sla_dag.py
[2025-03-07T02:49:15.371+0000] {logging_mixin.py:190} INFO - [2025-03-07T02:49:15.371+0000] {dag.py:3239} INFO - Sync 1 DAGs
[2025-03-07T02:49:15.399+0000] {logging_mixin.py:190} INFO - [2025-03-07T02:49:15.398+0000] {dag.py:4180} INFO - Setting next_dagrun for example_sla_dag to 2025-03-07 02:46:00+00:00, run_after=2025-03-07 02:48:00+00:00
[2025-03-07T02:49:15.444+0000] {processor.py:208} INFO - Processing /home/Ashreem/airflow-env/lib/python3.12/site-packages/airflow/example_dags/example_sla_dag.py took 0.120 seconds
[2025-03-07T02:50:22.124+0000] {processor.py:186} INFO - Started process (PID=47444) to work on /home/Ashreem/airflow-env/lib/python3.12/site-packages/airflow/example_dags/example_sla_dag.py
[2025-03-07T02:50:22.127+0000] {processor.py:914} INFO - Processing file /home/Ashreem/airflow-env/lib/python3.12/site-packages/airflow/example_dags/example_sla_dag.py for tasks to queue
[2025-03-07T02:50:22.130+0000] {logging_mixin.py:190} INFO - [2025-03-07T02:50:22.130+0000] {dagbag.py:588} INFO - Filling up the DagBag from /home/Ashreem/airflow-env/lib/python3.12/site-packages/airflow/example_dags/example_sla_dag.py
[2025-03-07T02:50:22.145+0000] {processor.py:925} INFO - DAG(s) 'example_sla_dag' retrieved from /home/Ashreem/airflow-env/lib/python3.12/site-packages/airflow/example_dags/example_sla_dag.py
[2025-03-07T02:50:22.165+0000] {logging_mixin.py:190} INFO - [2025-03-07T02:50:22.165+0000] {dag.py:3239} INFO - Sync 1 DAGs
[2025-03-07T02:50:22.194+0000] {logging_mixin.py:190} INFO - [2025-03-07T02:50:22.194+0000] {dag.py:4180} INFO - Setting next_dagrun for example_sla_dag to 2025-03-07 02:48:00+00:00, run_after=2025-03-07 02:50:00+00:00
[2025-03-07T02:50:22.232+0000] {processor.py:208} INFO - Processing /home/Ashreem/airflow-env/lib/python3.12/site-packages/airflow/example_dags/example_sla_dag.py took 0.115 seconds
[2025-03-07T02:51:22.073+0000] {processor.py:186} INFO - Started process (PID=47504) to work on /home/Ashreem/airflow-env/lib/python3.12/site-packages/airflow/example_dags/example_sla_dag.py
[2025-03-07T02:51:22.075+0000] {processor.py:914} INFO - Processing file /home/Ashreem/airflow-env/lib/python3.12/site-packages/airflow/example_dags/example_sla_dag.py for tasks to queue
[2025-03-07T02:51:22.078+0000] {logging_mixin.py:190} INFO - [2025-03-07T02:51:22.078+0000] {dagbag.py:588} INFO - Filling up the DagBag from /home/Ashreem/airflow-env/lib/python3.12/site-packages/airflow/example_dags/example_sla_dag.py
[2025-03-07T02:51:22.095+0000] {processor.py:925} INFO - DAG(s) 'example_sla_dag' retrieved from /home/Ashreem/airflow-env/lib/python3.12/site-packages/airflow/example_dags/example_sla_dag.py
[2025-03-07T02:51:22.115+0000] {logging_mixin.py:190} INFO - [2025-03-07T02:51:22.114+0000] {dag.py:3239} INFO - Sync 1 DAGs
[2025-03-07T02:51:22.143+0000] {logging_mixin.py:190} INFO - [2025-03-07T02:51:22.143+0000] {dag.py:4180} INFO - Setting next_dagrun for example_sla_dag to 2025-03-07 02:48:00+00:00, run_after=2025-03-07 02:50:00+00:00
[2025-03-07T02:51:22.181+0000] {processor.py:208} INFO - Processing /home/Ashreem/airflow-env/lib/python3.12/site-packages/airflow/example_dags/example_sla_dag.py took 0.119 seconds
[2025-03-07T02:52:28.423+0000] {processor.py:186} INFO - Started process (PID=47571) to work on /home/Ashreem/airflow-env/lib/python3.12/site-packages/airflow/example_dags/example_sla_dag.py
[2025-03-07T02:52:28.425+0000] {processor.py:914} INFO - Processing file /home/Ashreem/airflow-env/lib/python3.12/site-packages/airflow/example_dags/example_sla_dag.py for tasks to queue
[2025-03-07T02:52:28.429+0000] {logging_mixin.py:190} INFO - [2025-03-07T02:52:28.428+0000] {dagbag.py:588} INFO - Filling up the DagBag from /home/Ashreem/airflow-env/lib/python3.12/site-packages/airflow/example_dags/example_sla_dag.py
[2025-03-07T02:52:28.442+0000] {processor.py:925} INFO - DAG(s) 'example_sla_dag' retrieved from /home/Ashreem/airflow-env/lib/python3.12/site-packages/airflow/example_dags/example_sla_dag.py
[2025-03-07T02:52:28.460+0000] {logging_mixin.py:190} INFO - [2025-03-07T02:52:28.460+0000] {dag.py:3239} INFO - Sync 1 DAGs
[2025-03-07T02:52:28.492+0000] {logging_mixin.py:190} INFO - [2025-03-07T02:52:28.491+0000] {dag.py:4180} INFO - Setting next_dagrun for example_sla_dag to 2025-03-07 02:50:00+00:00, run_after=2025-03-07 02:52:00+00:00
[2025-03-07T02:52:28.536+0000] {processor.py:208} INFO - Processing /home/Ashreem/airflow-env/lib/python3.12/site-packages/airflow/example_dags/example_sla_dag.py took 0.123 seconds
[2025-03-07T02:53:32.087+0000] {processor.py:186} INFO - Started process (PID=47634) to work on /home/Ashreem/airflow-env/lib/python3.12/site-packages/airflow/example_dags/example_sla_dag.py
[2025-03-07T02:53:32.089+0000] {processor.py:914} INFO - Processing file /home/Ashreem/airflow-env/lib/python3.12/site-packages/airflow/example_dags/example_sla_dag.py for tasks to queue
[2025-03-07T02:53:32.093+0000] {logging_mixin.py:190} INFO - [2025-03-07T02:53:32.092+0000] {dagbag.py:588} INFO - Filling up the DagBag from /home/Ashreem/airflow-env/lib/python3.12/site-packages/airflow/example_dags/example_sla_dag.py
[2025-03-07T02:53:32.107+0000] {processor.py:925} INFO - DAG(s) 'example_sla_dag' retrieved from /home/Ashreem/airflow-env/lib/python3.12/site-packages/airflow/example_dags/example_sla_dag.py
[2025-03-07T02:53:32.131+0000] {logging_mixin.py:190} INFO - [2025-03-07T02:53:32.131+0000] {dag.py:3239} INFO - Sync 1 DAGs
[2025-03-07T02:53:32.159+0000] {logging_mixin.py:190} INFO - [2025-03-07T02:53:32.159+0000] {dag.py:4180} INFO - Setting next_dagrun for example_sla_dag to 2025-03-07 02:50:00+00:00, run_after=2025-03-07 02:52:00+00:00
[2025-03-07T02:53:32.197+0000] {processor.py:208} INFO - Processing /home/Ashreem/airflow-env/lib/python3.12/site-packages/airflow/example_dags/example_sla_dag.py took 0.118 seconds
[2025-03-07T02:54:34.599+0000] {processor.py:186} INFO - Started process (PID=47699) to work on /home/Ashreem/airflow-env/lib/python3.12/site-packages/airflow/example_dags/example_sla_dag.py
[2025-03-07T02:54:34.601+0000] {processor.py:914} INFO - Processing file /home/Ashreem/airflow-env/lib/python3.12/site-packages/airflow/example_dags/example_sla_dag.py for tasks to queue
[2025-03-07T02:54:34.607+0000] {logging_mixin.py:190} INFO - [2025-03-07T02:54:34.606+0000] {dagbag.py:588} INFO - Filling up the DagBag from /home/Ashreem/airflow-env/lib/python3.12/site-packages/airflow/example_dags/example_sla_dag.py
[2025-03-07T02:54:34.624+0000] {processor.py:925} INFO - DAG(s) 'example_sla_dag' retrieved from /home/Ashreem/airflow-env/lib/python3.12/site-packages/airflow/example_dags/example_sla_dag.py
[2025-03-07T02:54:34.643+0000] {logging_mixin.py:190} INFO - [2025-03-07T02:54:34.643+0000] {dag.py:3239} INFO - Sync 1 DAGs
[2025-03-07T02:54:34.674+0000] {logging_mixin.py:190} INFO - [2025-03-07T02:54:34.674+0000] {dag.py:4180} INFO - Setting next_dagrun for example_sla_dag to 2025-03-07 02:52:00+00:00, run_after=2025-03-07 02:54:00+00:00
[2025-03-07T02:54:34.723+0000] {processor.py:208} INFO - Processing /home/Ashreem/airflow-env/lib/python3.12/site-packages/airflow/example_dags/example_sla_dag.py took 0.132 seconds
[2025-03-07T02:55:36.001+0000] {processor.py:186} INFO - Started process (PID=47831) to work on /home/Ashreem/airflow-env/lib/python3.12/site-packages/airflow/example_dags/example_sla_dag.py
[2025-03-07T02:55:36.003+0000] {processor.py:914} INFO - Processing file /home/Ashreem/airflow-env/lib/python3.12/site-packages/airflow/example_dags/example_sla_dag.py for tasks to queue
[2025-03-07T02:55:36.008+0000] {logging_mixin.py:190} INFO - [2025-03-07T02:55:36.006+0000] {dagbag.py:588} INFO - Filling up the DagBag from /home/Ashreem/airflow-env/lib/python3.12/site-packages/airflow/example_dags/example_sla_dag.py
[2025-03-07T02:55:36.024+0000] {processor.py:925} INFO - DAG(s) 'example_sla_dag' retrieved from /home/Ashreem/airflow-env/lib/python3.12/site-packages/airflow/example_dags/example_sla_dag.py
[2025-03-07T02:55:36.043+0000] {logging_mixin.py:190} INFO - [2025-03-07T02:55:36.043+0000] {dag.py:3239} INFO - Sync 1 DAGs
[2025-03-07T02:55:36.074+0000] {logging_mixin.py:190} INFO - [2025-03-07T02:55:36.074+0000] {dag.py:4180} INFO - Setting next_dagrun for example_sla_dag to 2025-03-07 02:52:00+00:00, run_after=2025-03-07 02:54:00+00:00
[2025-03-07T02:55:36.113+0000] {processor.py:208} INFO - Processing /home/Ashreem/airflow-env/lib/python3.12/site-packages/airflow/example_dags/example_sla_dag.py took 0.119 seconds
[2025-03-07T02:56:37.050+0000] {processor.py:186} INFO - Started process (PID=47941) to work on /home/Ashreem/airflow-env/lib/python3.12/site-packages/airflow/example_dags/example_sla_dag.py
[2025-03-07T02:56:37.051+0000] {processor.py:914} INFO - Processing file /home/Ashreem/airflow-env/lib/python3.12/site-packages/airflow/example_dags/example_sla_dag.py for tasks to queue
[2025-03-07T02:56:37.056+0000] {logging_mixin.py:190} INFO - [2025-03-07T02:56:37.055+0000] {dagbag.py:588} INFO - Filling up the DagBag from /home/Ashreem/airflow-env/lib/python3.12/site-packages/airflow/example_dags/example_sla_dag.py
[2025-03-07T02:56:37.070+0000] {processor.py:925} INFO - DAG(s) 'example_sla_dag' retrieved from /home/Ashreem/airflow-env/lib/python3.12/site-packages/airflow/example_dags/example_sla_dag.py
[2025-03-07T02:56:37.092+0000] {logging_mixin.py:190} INFO - [2025-03-07T02:56:37.092+0000] {dag.py:3239} INFO - Sync 1 DAGs
[2025-03-07T02:56:37.121+0000] {logging_mixin.py:190} INFO - [2025-03-07T02:56:37.120+0000] {dag.py:4180} INFO - Setting next_dagrun for example_sla_dag to 2025-03-07 02:54:00+00:00, run_after=2025-03-07 02:56:00+00:00
[2025-03-07T02:56:37.158+0000] {processor.py:208} INFO - Processing /home/Ashreem/airflow-env/lib/python3.12/site-packages/airflow/example_dags/example_sla_dag.py took 0.116 seconds
[2025-03-07T02:56:41.405+0000] {processor.py:186} INFO - Started process (PID=47950) to work on /home/Ashreem/airflow-env/lib/python3.12/site-packages/airflow/example_dags/example_sla_dag.py
[2025-03-07T02:56:41.406+0000] {processor.py:914} INFO - Processing file /home/Ashreem/airflow-env/lib/python3.12/site-packages/airflow/example_dags/example_sla_dag.py for tasks to queue
[2025-03-07T02:56:41.409+0000] {logging_mixin.py:190} INFO - [2025-03-07T02:56:41.409+0000] {dagbag.py:588} INFO - Filling up the DagBag from /home/Ashreem/airflow-env/lib/python3.12/site-packages/airflow/example_dags/example_sla_dag.py
[2025-03-07T02:56:41.424+0000] {processor.py:925} INFO - DAG(s) 'example_sla_dag' retrieved from /home/Ashreem/airflow-env/lib/python3.12/site-packages/airflow/example_dags/example_sla_dag.py
[2025-03-07T02:56:41.443+0000] {logging_mixin.py:190} INFO - [2025-03-07T02:56:41.443+0000] {dag.py:3239} INFO - Sync 1 DAGs
[2025-03-07T02:56:41.473+0000] {logging_mixin.py:190} INFO - [2025-03-07T02:56:41.472+0000] {dag.py:4180} INFO - Setting next_dagrun for example_sla_dag to 2025-03-07 02:54:00+00:00, run_after=2025-03-07 02:56:00+00:00
[2025-03-07T02:56:41.511+0000] {processor.py:208} INFO - Processing /home/Ashreem/airflow-env/lib/python3.12/site-packages/airflow/example_dags/example_sla_dag.py took 0.114 seconds
[2025-03-07T02:57:46.054+0000] {processor.py:186} INFO - Started process (PID=48052) to work on /home/Ashreem/airflow-env/lib/python3.12/site-packages/airflow/example_dags/example_sla_dag.py
[2025-03-07T02:57:46.056+0000] {processor.py:914} INFO - Processing file /home/Ashreem/airflow-env/lib/python3.12/site-packages/airflow/example_dags/example_sla_dag.py for tasks to queue
[2025-03-07T02:57:46.060+0000] {logging_mixin.py:190} INFO - [2025-03-07T02:57:46.060+0000] {dagbag.py:588} INFO - Filling up the DagBag from /home/Ashreem/airflow-env/lib/python3.12/site-packages/airflow/example_dags/example_sla_dag.py
[2025-03-07T02:57:46.075+0000] {processor.py:925} INFO - DAG(s) 'example_sla_dag' retrieved from /home/Ashreem/airflow-env/lib/python3.12/site-packages/airflow/example_dags/example_sla_dag.py
[2025-03-07T02:57:46.095+0000] {logging_mixin.py:190} INFO - [2025-03-07T02:57:46.094+0000] {dag.py:3239} INFO - Sync 1 DAGs
[2025-03-07T02:57:46.127+0000] {logging_mixin.py:190} INFO - [2025-03-07T02:57:46.127+0000] {dag.py:4180} INFO - Setting next_dagrun for example_sla_dag to 2025-03-07 02:54:00+00:00, run_after=2025-03-07 02:56:00+00:00
[2025-03-07T02:57:46.163+0000] {processor.py:208} INFO - Processing /home/Ashreem/airflow-env/lib/python3.12/site-packages/airflow/example_dags/example_sla_dag.py took 0.116 seconds
[2025-03-07T02:58:50.198+0000] {processor.py:186} INFO - Started process (PID=48124) to work on /home/Ashreem/airflow-env/lib/python3.12/site-packages/airflow/example_dags/example_sla_dag.py
[2025-03-07T02:58:50.199+0000] {processor.py:914} INFO - Processing file /home/Ashreem/airflow-env/lib/python3.12/site-packages/airflow/example_dags/example_sla_dag.py for tasks to queue
[2025-03-07T02:58:50.203+0000] {logging_mixin.py:190} INFO - [2025-03-07T02:58:50.202+0000] {dagbag.py:588} INFO - Filling up the DagBag from /home/Ashreem/airflow-env/lib/python3.12/site-packages/airflow/example_dags/example_sla_dag.py
[2025-03-07T02:58:50.216+0000] {processor.py:925} INFO - DAG(s) 'example_sla_dag' retrieved from /home/Ashreem/airflow-env/lib/python3.12/site-packages/airflow/example_dags/example_sla_dag.py
[2025-03-07T02:58:50.236+0000] {logging_mixin.py:190} INFO - [2025-03-07T02:58:50.236+0000] {dag.py:3239} INFO - Sync 1 DAGs
[2025-03-07T02:58:50.264+0000] {logging_mixin.py:190} INFO - [2025-03-07T02:58:50.263+0000] {dag.py:4180} INFO - Setting next_dagrun for example_sla_dag to 2025-03-07 02:56:00+00:00, run_after=2025-03-07 02:58:00+00:00
[2025-03-07T02:58:50.301+0000] {processor.py:208} INFO - Processing /home/Ashreem/airflow-env/lib/python3.12/site-packages/airflow/example_dags/example_sla_dag.py took 0.112 seconds
[2025-03-07T02:59:57.580+0000] {processor.py:186} INFO - Started process (PID=48258) to work on /home/Ashreem/airflow-env/lib/python3.12/site-packages/airflow/example_dags/example_sla_dag.py
[2025-03-07T02:59:57.583+0000] {processor.py:914} INFO - Processing file /home/Ashreem/airflow-env/lib/python3.12/site-packages/airflow/example_dags/example_sla_dag.py for tasks to queue
[2025-03-07T02:59:57.590+0000] {logging_mixin.py:190} INFO - [2025-03-07T02:59:57.590+0000] {dagbag.py:588} INFO - Filling up the DagBag from /home/Ashreem/airflow-env/lib/python3.12/site-packages/airflow/example_dags/example_sla_dag.py
[2025-03-07T02:59:57.609+0000] {processor.py:925} INFO - DAG(s) 'example_sla_dag' retrieved from /home/Ashreem/airflow-env/lib/python3.12/site-packages/airflow/example_dags/example_sla_dag.py
[2025-03-07T02:59:57.666+0000] {logging_mixin.py:190} INFO - [2025-03-07T02:59:57.665+0000] {dag.py:3239} INFO - Sync 1 DAGs
[2025-03-07T02:59:57.705+0000] {logging_mixin.py:190} INFO - [2025-03-07T02:59:57.705+0000] {dag.py:4180} INFO - Setting next_dagrun for example_sla_dag to 2025-03-07 02:56:00+00:00, run_after=2025-03-07 02:58:00+00:00
[2025-03-07T02:59:57.773+0000] {processor.py:208} INFO - Processing /home/Ashreem/airflow-env/lib/python3.12/site-packages/airflow/example_dags/example_sla_dag.py took 0.205 seconds
[2025-03-07T03:01:04.171+0000] {processor.py:186} INFO - Started process (PID=48351) to work on /home/Ashreem/airflow-env/lib/python3.12/site-packages/airflow/example_dags/example_sla_dag.py
[2025-03-07T03:01:04.173+0000] {processor.py:914} INFO - Processing file /home/Ashreem/airflow-env/lib/python3.12/site-packages/airflow/example_dags/example_sla_dag.py for tasks to queue
[2025-03-07T03:01:04.177+0000] {logging_mixin.py:190} INFO - [2025-03-07T03:01:04.176+0000] {dagbag.py:588} INFO - Filling up the DagBag from /home/Ashreem/airflow-env/lib/python3.12/site-packages/airflow/example_dags/example_sla_dag.py
[2025-03-07T03:01:04.191+0000] {processor.py:925} INFO - DAG(s) 'example_sla_dag' retrieved from /home/Ashreem/airflow-env/lib/python3.12/site-packages/airflow/example_dags/example_sla_dag.py
[2025-03-07T03:01:04.213+0000] {logging_mixin.py:190} INFO - [2025-03-07T03:01:04.213+0000] {dag.py:3239} INFO - Sync 1 DAGs
[2025-03-07T03:01:04.246+0000] {logging_mixin.py:190} INFO - [2025-03-07T03:01:04.245+0000] {dag.py:4180} INFO - Setting next_dagrun for example_sla_dag to 2025-03-07 02:58:00+00:00, run_after=2025-03-07 03:00:00+00:00
[2025-03-07T03:01:04.281+0000] {processor.py:208} INFO - Processing /home/Ashreem/airflow-env/lib/python3.12/site-packages/airflow/example_dags/example_sla_dag.py took 0.120 seconds
[2025-03-07T03:02:05.524+0000] {processor.py:186} INFO - Started process (PID=48417) to work on /home/Ashreem/airflow-env/lib/python3.12/site-packages/airflow/example_dags/example_sla_dag.py
[2025-03-07T03:02:05.526+0000] {processor.py:914} INFO - Processing file /home/Ashreem/airflow-env/lib/python3.12/site-packages/airflow/example_dags/example_sla_dag.py for tasks to queue
[2025-03-07T03:02:05.530+0000] {logging_mixin.py:190} INFO - [2025-03-07T03:02:05.529+0000] {dagbag.py:588} INFO - Filling up the DagBag from /home/Ashreem/airflow-env/lib/python3.12/site-packages/airflow/example_dags/example_sla_dag.py
[2025-03-07T03:02:05.544+0000] {processor.py:925} INFO - DAG(s) 'example_sla_dag' retrieved from /home/Ashreem/airflow-env/lib/python3.12/site-packages/airflow/example_dags/example_sla_dag.py
[2025-03-07T03:02:05.563+0000] {logging_mixin.py:190} INFO - [2025-03-07T03:02:05.563+0000] {dag.py:3239} INFO - Sync 1 DAGs
[2025-03-07T03:02:05.594+0000] {logging_mixin.py:190} INFO - [2025-03-07T03:02:05.594+0000] {dag.py:4180} INFO - Setting next_dagrun for example_sla_dag to 2025-03-07 03:00:00+00:00, run_after=2025-03-07 03:02:00+00:00
[2025-03-07T03:02:05.630+0000] {processor.py:208} INFO - Processing /home/Ashreem/airflow-env/lib/python3.12/site-packages/airflow/example_dags/example_sla_dag.py took 0.115 seconds
[2025-03-07T03:03:05.784+0000] {processor.py:186} INFO - Started process (PID=48547) to work on /home/Ashreem/airflow-env/lib/python3.12/site-packages/airflow/example_dags/example_sla_dag.py
[2025-03-07T03:03:05.786+0000] {processor.py:914} INFO - Processing file /home/Ashreem/airflow-env/lib/python3.12/site-packages/airflow/example_dags/example_sla_dag.py for tasks to queue
[2025-03-07T03:03:05.789+0000] {logging_mixin.py:190} INFO - [2025-03-07T03:03:05.789+0000] {dagbag.py:588} INFO - Filling up the DagBag from /home/Ashreem/airflow-env/lib/python3.12/site-packages/airflow/example_dags/example_sla_dag.py
[2025-03-07T03:03:05.805+0000] {processor.py:925} INFO - DAG(s) 'example_sla_dag' retrieved from /home/Ashreem/airflow-env/lib/python3.12/site-packages/airflow/example_dags/example_sla_dag.py
[2025-03-07T03:03:05.828+0000] {logging_mixin.py:190} INFO - [2025-03-07T03:03:05.828+0000] {dag.py:3239} INFO - Sync 1 DAGs
[2025-03-07T03:03:05.859+0000] {logging_mixin.py:190} INFO - [2025-03-07T03:03:05.859+0000] {dag.py:4180} INFO - Setting next_dagrun for example_sla_dag to 2025-03-07 03:00:00+00:00, run_after=2025-03-07 03:02:00+00:00
[2025-03-07T03:03:05.896+0000] {processor.py:208} INFO - Processing /home/Ashreem/airflow-env/lib/python3.12/site-packages/airflow/example_dags/example_sla_dag.py took 0.121 seconds
[2025-03-07T03:03:51.100+0000] {processor.py:186} INFO - Started process (PID=48620) to work on /home/Ashreem/airflow-env/lib/python3.12/site-packages/airflow/example_dags/example_sla_dag.py
[2025-03-07T03:03:51.102+0000] {processor.py:914} INFO - Processing file /home/Ashreem/airflow-env/lib/python3.12/site-packages/airflow/example_dags/example_sla_dag.py for tasks to queue
[2025-03-07T03:03:51.105+0000] {logging_mixin.py:190} INFO - [2025-03-07T03:03:51.105+0000] {dagbag.py:588} INFO - Filling up the DagBag from /home/Ashreem/airflow-env/lib/python3.12/site-packages/airflow/example_dags/example_sla_dag.py
[2025-03-07T03:03:51.121+0000] {processor.py:925} INFO - DAG(s) 'example_sla_dag' retrieved from /home/Ashreem/airflow-env/lib/python3.12/site-packages/airflow/example_dags/example_sla_dag.py
[2025-03-07T03:03:51.148+0000] {logging_mixin.py:190} INFO - [2025-03-07T03:03:51.148+0000] {dag.py:3239} INFO - Sync 1 DAGs
[2025-03-07T03:03:51.184+0000] {logging_mixin.py:190} INFO - [2025-03-07T03:03:51.184+0000] {dag.py:4180} INFO - Setting next_dagrun for example_sla_dag to 2025-03-07 03:00:00+00:00, run_after=2025-03-07 03:02:00+00:00
[2025-03-07T03:03:51.221+0000] {processor.py:208} INFO - Processing /home/Ashreem/airflow-env/lib/python3.12/site-packages/airflow/example_dags/example_sla_dag.py took 0.130 seconds
[2025-03-07T03:04:53.407+0000] {processor.py:186} INFO - Started process (PID=48688) to work on /home/Ashreem/airflow-env/lib/python3.12/site-packages/airflow/example_dags/example_sla_dag.py
[2025-03-07T03:04:53.409+0000] {processor.py:914} INFO - Processing file /home/Ashreem/airflow-env/lib/python3.12/site-packages/airflow/example_dags/example_sla_dag.py for tasks to queue
[2025-03-07T03:04:53.412+0000] {logging_mixin.py:190} INFO - [2025-03-07T03:04:53.412+0000] {dagbag.py:588} INFO - Filling up the DagBag from /home/Ashreem/airflow-env/lib/python3.12/site-packages/airflow/example_dags/example_sla_dag.py
[2025-03-07T03:04:53.431+0000] {processor.py:925} INFO - DAG(s) 'example_sla_dag' retrieved from /home/Ashreem/airflow-env/lib/python3.12/site-packages/airflow/example_dags/example_sla_dag.py
[2025-03-07T03:04:53.453+0000] {logging_mixin.py:190} INFO - [2025-03-07T03:04:53.453+0000] {dag.py:3239} INFO - Sync 1 DAGs
[2025-03-07T03:04:53.485+0000] {logging_mixin.py:190} INFO - [2025-03-07T03:04:53.485+0000] {dag.py:4180} INFO - Setting next_dagrun for example_sla_dag to 2025-03-07 03:02:00+00:00, run_after=2025-03-07 03:04:00+00:00
[2025-03-07T03:04:53.524+0000] {processor.py:208} INFO - Processing /home/Ashreem/airflow-env/lib/python3.12/site-packages/airflow/example_dags/example_sla_dag.py took 0.126 seconds
[2025-03-07T03:05:54.473+0000] {processor.py:186} INFO - Started process (PID=48939) to work on /home/Ashreem/airflow-env/lib/python3.12/site-packages/airflow/example_dags/example_sla_dag.py
[2025-03-07T03:05:54.474+0000] {processor.py:914} INFO - Processing file /home/Ashreem/airflow-env/lib/python3.12/site-packages/airflow/example_dags/example_sla_dag.py for tasks to queue
[2025-03-07T03:05:54.477+0000] {logging_mixin.py:190} INFO - [2025-03-07T03:05:54.476+0000] {dagbag.py:588} INFO - Filling up the DagBag from /home/Ashreem/airflow-env/lib/python3.12/site-packages/airflow/example_dags/example_sla_dag.py
[2025-03-07T03:05:54.492+0000] {processor.py:925} INFO - DAG(s) 'example_sla_dag' retrieved from /home/Ashreem/airflow-env/lib/python3.12/site-packages/airflow/example_dags/example_sla_dag.py
[2025-03-07T03:05:54.512+0000] {logging_mixin.py:190} INFO - [2025-03-07T03:05:54.512+0000] {dag.py:3239} INFO - Sync 1 DAGs
[2025-03-07T03:05:54.542+0000] {logging_mixin.py:190} INFO - [2025-03-07T03:05:54.542+0000] {dag.py:4180} INFO - Setting next_dagrun for example_sla_dag to 2025-03-07 03:02:00+00:00, run_after=2025-03-07 03:04:00+00:00
[2025-03-07T03:05:54.578+0000] {processor.py:208} INFO - Processing /home/Ashreem/airflow-env/lib/python3.12/site-packages/airflow/example_dags/example_sla_dag.py took 0.114 seconds
[2025-03-07T03:07:00.909+0000] {processor.py:186} INFO - Started process (PID=49007) to work on /home/Ashreem/airflow-env/lib/python3.12/site-packages/airflow/example_dags/example_sla_dag.py
[2025-03-07T03:07:00.911+0000] {processor.py:914} INFO - Processing file /home/Ashreem/airflow-env/lib/python3.12/site-packages/airflow/example_dags/example_sla_dag.py for tasks to queue
[2025-03-07T03:07:00.914+0000] {logging_mixin.py:190} INFO - [2025-03-07T03:07:00.914+0000] {dagbag.py:588} INFO - Filling up the DagBag from /home/Ashreem/airflow-env/lib/python3.12/site-packages/airflow/example_dags/example_sla_dag.py
[2025-03-07T03:07:00.935+0000] {processor.py:925} INFO - DAG(s) 'example_sla_dag' retrieved from /home/Ashreem/airflow-env/lib/python3.12/site-packages/airflow/example_dags/example_sla_dag.py
[2025-03-07T03:07:00.955+0000] {logging_mixin.py:190} INFO - [2025-03-07T03:07:00.955+0000] {dag.py:3239} INFO - Sync 1 DAGs
[2025-03-07T03:07:00.985+0000] {logging_mixin.py:190} INFO - [2025-03-07T03:07:00.985+0000] {dag.py:4180} INFO - Setting next_dagrun for example_sla_dag to 2025-03-07 03:04:00+00:00, run_after=2025-03-07 03:06:00+00:00
[2025-03-07T03:07:01.023+0000] {processor.py:208} INFO - Processing /home/Ashreem/airflow-env/lib/python3.12/site-packages/airflow/example_dags/example_sla_dag.py took 0.122 seconds
[2025-03-07T03:08:06.920+0000] {processor.py:186} INFO - Started process (PID=49088) to work on /home/Ashreem/airflow-env/lib/python3.12/site-packages/airflow/example_dags/example_sla_dag.py
[2025-03-07T03:08:06.922+0000] {processor.py:914} INFO - Processing file /home/Ashreem/airflow-env/lib/python3.12/site-packages/airflow/example_dags/example_sla_dag.py for tasks to queue
[2025-03-07T03:08:06.925+0000] {logging_mixin.py:190} INFO - [2025-03-07T03:08:06.924+0000] {dagbag.py:588} INFO - Filling up the DagBag from /home/Ashreem/airflow-env/lib/python3.12/site-packages/airflow/example_dags/example_sla_dag.py
[2025-03-07T03:08:06.940+0000] {processor.py:925} INFO - DAG(s) 'example_sla_dag' retrieved from /home/Ashreem/airflow-env/lib/python3.12/site-packages/airflow/example_dags/example_sla_dag.py
[2025-03-07T03:08:06.964+0000] {logging_mixin.py:190} INFO - [2025-03-07T03:08:06.963+0000] {dag.py:3239} INFO - Sync 1 DAGs
[2025-03-07T03:08:07.001+0000] {logging_mixin.py:190} INFO - [2025-03-07T03:08:07.000+0000] {dag.py:4180} INFO - Setting next_dagrun for example_sla_dag to 2025-03-07 03:06:00+00:00, run_after=2025-03-07 03:08:00+00:00
[2025-03-07T03:08:07.040+0000] {processor.py:208} INFO - Processing /home/Ashreem/airflow-env/lib/python3.12/site-packages/airflow/example_dags/example_sla_dag.py took 0.127 seconds
[2025-03-07T03:09:09.185+0000] {processor.py:186} INFO - Started process (PID=49161) to work on /home/Ashreem/airflow-env/lib/python3.12/site-packages/airflow/example_dags/example_sla_dag.py
[2025-03-07T03:09:09.186+0000] {processor.py:914} INFO - Processing file /home/Ashreem/airflow-env/lib/python3.12/site-packages/airflow/example_dags/example_sla_dag.py for tasks to queue
[2025-03-07T03:09:09.189+0000] {logging_mixin.py:190} INFO - [2025-03-07T03:09:09.188+0000] {dagbag.py:588} INFO - Filling up the DagBag from /home/Ashreem/airflow-env/lib/python3.12/site-packages/airflow/example_dags/example_sla_dag.py
[2025-03-07T03:09:09.203+0000] {processor.py:925} INFO - DAG(s) 'example_sla_dag' retrieved from /home/Ashreem/airflow-env/lib/python3.12/site-packages/airflow/example_dags/example_sla_dag.py
[2025-03-07T03:09:09.226+0000] {logging_mixin.py:190} INFO - [2025-03-07T03:09:09.226+0000] {dag.py:3239} INFO - Sync 1 DAGs
[2025-03-07T03:09:09.257+0000] {logging_mixin.py:190} INFO - [2025-03-07T03:09:09.257+0000] {dag.py:4180} INFO - Setting next_dagrun for example_sla_dag to 2025-03-07 03:06:00+00:00, run_after=2025-03-07 03:08:00+00:00
[2025-03-07T03:09:09.295+0000] {processor.py:208} INFO - Processing /home/Ashreem/airflow-env/lib/python3.12/site-packages/airflow/example_dags/example_sla_dag.py took 0.117 seconds
[2025-03-07T03:10:10.223+0000] {processor.py:186} INFO - Started process (PID=49224) to work on /home/Ashreem/airflow-env/lib/python3.12/site-packages/airflow/example_dags/example_sla_dag.py
[2025-03-07T03:10:10.224+0000] {processor.py:914} INFO - Processing file /home/Ashreem/airflow-env/lib/python3.12/site-packages/airflow/example_dags/example_sla_dag.py for tasks to queue
[2025-03-07T03:10:10.228+0000] {logging_mixin.py:190} INFO - [2025-03-07T03:10:10.227+0000] {dagbag.py:588} INFO - Filling up the DagBag from /home/Ashreem/airflow-env/lib/python3.12/site-packages/airflow/example_dags/example_sla_dag.py
[2025-03-07T03:10:10.246+0000] {processor.py:925} INFO - DAG(s) 'example_sla_dag' retrieved from /home/Ashreem/airflow-env/lib/python3.12/site-packages/airflow/example_dags/example_sla_dag.py
[2025-03-07T03:10:10.266+0000] {logging_mixin.py:190} INFO - [2025-03-07T03:10:10.266+0000] {dag.py:3239} INFO - Sync 1 DAGs
[2025-03-07T03:10:10.294+0000] {logging_mixin.py:190} INFO - [2025-03-07T03:10:10.293+0000] {dag.py:4180} INFO - Setting next_dagrun for example_sla_dag to 2025-03-07 03:08:00+00:00, run_after=2025-03-07 03:10:00+00:00
[2025-03-07T03:10:10.335+0000] {processor.py:208} INFO - Processing /home/Ashreem/airflow-env/lib/python3.12/site-packages/airflow/example_dags/example_sla_dag.py took 0.123 seconds
