[2025-03-07T02:30:30.772+0000] {processor.py:186} INFO - Started process (PID=45983) to work on /home/Ashreem/airflow-env/lib/python3.12/site-packages/airflow/example_dags/example_short_circuit_decorator.py
[2025-03-07T02:30:30.773+0000] {processor.py:914} INFO - Processing file /home/Ashreem/airflow-env/lib/python3.12/site-packages/airflow/example_dags/example_short_circuit_decorator.py for tasks to queue
[2025-03-07T02:30:30.776+0000] {logging_mixin.py:190} INFO - [2025-03-07T02:30:30.775+0000] {dagbag.py:588} INFO - Filling up the DagBag from /home/Ashreem/airflow-env/lib/python3.12/site-packages/airflow/example_dags/example_short_circuit_decorator.py
[2025-03-07T02:30:30.789+0000] {processor.py:925} INFO - DAG(s) 'example_short_circuit_decorator' retrieved from /home/Ashreem/airflow-env/lib/python3.12/site-packages/airflow/example_dags/example_short_circuit_decorator.py
[2025-03-07T02:30:30.951+0000] {logging_mixin.py:190} INFO - [2025-03-07T02:30:30.950+0000] {override.py:1930} INFO - Created Permission View: can read on DAG:example_short_circuit_decorator
[2025-03-07T02:30:30.974+0000] {logging_mixin.py:190} INFO - [2025-03-07T02:30:30.973+0000] {override.py:1930} INFO - Created Permission View: can delete on DAG:example_short_circuit_decorator
[2025-03-07T02:30:30.994+0000] {logging_mixin.py:190} INFO - [2025-03-07T02:30:30.994+0000] {override.py:1930} INFO - Created Permission View: can edit on DAG:example_short_circuit_decorator
[2025-03-07T02:30:31.032+0000] {logging_mixin.py:190} INFO - [2025-03-07T02:30:31.032+0000] {override.py:1930} INFO - Created Permission View: can read on DAG Run:example_short_circuit_decorator
[2025-03-07T02:30:31.057+0000] {logging_mixin.py:190} INFO - [2025-03-07T02:30:31.056+0000] {override.py:1930} INFO - Created Permission View: can delete on DAG Run:example_short_circuit_decorator
[2025-03-07T02:30:31.085+0000] {logging_mixin.py:190} INFO - [2025-03-07T02:30:31.084+0000] {override.py:1930} INFO - Created Permission View: menu access on DAG Run:example_short_circuit_decorator
[2025-03-07T02:30:31.108+0000] {logging_mixin.py:190} INFO - [2025-03-07T02:30:31.108+0000] {override.py:1930} INFO - Created Permission View: can create on DAG Run:example_short_circuit_decorator
[2025-03-07T02:30:31.109+0000] {logging_mixin.py:190} INFO - [2025-03-07T02:30:31.109+0000] {dag.py:3239} INFO - Sync 1 DAGs
[2025-03-07T02:30:31.125+0000] {logging_mixin.py:190} INFO - [2025-03-07T02:30:31.125+0000] {dag.py:3262} INFO - Creating ORM DAG for example_short_circuit_decorator
[2025-03-07T02:30:31.126+0000] {logging_mixin.py:190} INFO - [2025-03-07T02:30:31.126+0000] {dag.py:4180} INFO - Setting next_dagrun for example_short_circuit_decorator to None, run_after=None
[2025-03-07T02:30:31.163+0000] {processor.py:208} INFO - Processing /home/Ashreem/airflow-env/lib/python3.12/site-packages/airflow/example_dags/example_short_circuit_decorator.py took 0.398 seconds
[2025-03-07T02:33:10.270+0000] {processor.py:186} INFO - Started process (PID=46088) to work on /home/Ashreem/airflow-env/lib/python3.12/site-packages/airflow/example_dags/example_short_circuit_decorator.py
[2025-03-07T02:33:10.271+0000] {processor.py:914} INFO - Processing file /home/Ashreem/airflow-env/lib/python3.12/site-packages/airflow/example_dags/example_short_circuit_decorator.py for tasks to queue
[2025-03-07T02:33:10.274+0000] {logging_mixin.py:190} INFO - [2025-03-07T02:33:10.274+0000] {dagbag.py:588} INFO - Filling up the DagBag from /home/Ashreem/airflow-env/lib/python3.12/site-packages/airflow/example_dags/example_short_circuit_decorator.py
[2025-03-07T02:33:10.287+0000] {processor.py:925} INFO - DAG(s) 'example_short_circuit_decorator' retrieved from /home/Ashreem/airflow-env/lib/python3.12/site-packages/airflow/example_dags/example_short_circuit_decorator.py
[2025-03-07T02:33:10.314+0000] {logging_mixin.py:190} INFO - [2025-03-07T02:33:10.313+0000] {dag.py:3239} INFO - Sync 1 DAGs
[2025-03-07T02:33:10.330+0000] {logging_mixin.py:190} INFO - [2025-03-07T02:33:10.330+0000] {dag.py:4180} INFO - Setting next_dagrun for example_short_circuit_decorator to None, run_after=None
[2025-03-07T02:33:10.371+0000] {processor.py:208} INFO - Processing /home/Ashreem/airflow-env/lib/python3.12/site-packages/airflow/example_dags/example_short_circuit_decorator.py took 0.113 seconds
[2025-03-07T02:34:15.028+0000] {processor.py:186} INFO - Started process (PID=46420) to work on /home/Ashreem/airflow-env/lib/python3.12/site-packages/airflow/example_dags/example_short_circuit_decorator.py
[2025-03-07T02:34:15.029+0000] {processor.py:914} INFO - Processing file /home/Ashreem/airflow-env/lib/python3.12/site-packages/airflow/example_dags/example_short_circuit_decorator.py for tasks to queue
[2025-03-07T02:34:15.032+0000] {logging_mixin.py:190} INFO - [2025-03-07T02:34:15.032+0000] {dagbag.py:588} INFO - Filling up the DagBag from /home/Ashreem/airflow-env/lib/python3.12/site-packages/airflow/example_dags/example_short_circuit_decorator.py
[2025-03-07T02:34:15.049+0000] {processor.py:925} INFO - DAG(s) 'example_short_circuit_decorator' retrieved from /home/Ashreem/airflow-env/lib/python3.12/site-packages/airflow/example_dags/example_short_circuit_decorator.py
[2025-03-07T02:34:15.076+0000] {logging_mixin.py:190} INFO - [2025-03-07T02:34:15.075+0000] {dag.py:3239} INFO - Sync 1 DAGs
[2025-03-07T02:34:15.094+0000] {logging_mixin.py:190} INFO - [2025-03-07T02:34:15.094+0000] {dag.py:4180} INFO - Setting next_dagrun for example_short_circuit_decorator to None, run_after=None
[2025-03-07T02:34:15.135+0000] {processor.py:208} INFO - Processing /home/Ashreem/airflow-env/lib/python3.12/site-packages/airflow/example_dags/example_short_circuit_decorator.py took 0.115 seconds
[2025-03-07T02:35:21.194+0000] {processor.py:186} INFO - Started process (PID=46486) to work on /home/Ashreem/airflow-env/lib/python3.12/site-packages/airflow/example_dags/example_short_circuit_decorator.py
[2025-03-07T02:35:21.197+0000] {processor.py:914} INFO - Processing file /home/Ashreem/airflow-env/lib/python3.12/site-packages/airflow/example_dags/example_short_circuit_decorator.py for tasks to queue
[2025-03-07T02:35:21.199+0000] {logging_mixin.py:190} INFO - [2025-03-07T02:35:21.199+0000] {dagbag.py:588} INFO - Filling up the DagBag from /home/Ashreem/airflow-env/lib/python3.12/site-packages/airflow/example_dags/example_short_circuit_decorator.py
[2025-03-07T02:35:21.215+0000] {processor.py:925} INFO - DAG(s) 'example_short_circuit_decorator' retrieved from /home/Ashreem/airflow-env/lib/python3.12/site-packages/airflow/example_dags/example_short_circuit_decorator.py
[2025-03-07T02:35:21.239+0000] {logging_mixin.py:190} INFO - [2025-03-07T02:35:21.238+0000] {dag.py:3239} INFO - Sync 1 DAGs
[2025-03-07T02:35:21.255+0000] {logging_mixin.py:190} INFO - [2025-03-07T02:35:21.255+0000] {dag.py:4180} INFO - Setting next_dagrun for example_short_circuit_decorator to None, run_after=None
[2025-03-07T02:35:21.292+0000] {processor.py:208} INFO - Processing /home/Ashreem/airflow-env/lib/python3.12/site-packages/airflow/example_dags/example_short_circuit_decorator.py took 0.108 seconds
[2025-03-07T02:36:29.779+0000] {processor.py:186} INFO - Started process (PID=46555) to work on /home/Ashreem/airflow-env/lib/python3.12/site-packages/airflow/example_dags/example_short_circuit_decorator.py
[2025-03-07T02:36:29.781+0000] {processor.py:914} INFO - Processing file /home/Ashreem/airflow-env/lib/python3.12/site-packages/airflow/example_dags/example_short_circuit_decorator.py for tasks to queue
[2025-03-07T02:36:29.785+0000] {logging_mixin.py:190} INFO - [2025-03-07T02:36:29.784+0000] {dagbag.py:588} INFO - Filling up the DagBag from /home/Ashreem/airflow-env/lib/python3.12/site-packages/airflow/example_dags/example_short_circuit_decorator.py
[2025-03-07T02:36:29.800+0000] {processor.py:925} INFO - DAG(s) 'example_short_circuit_decorator' retrieved from /home/Ashreem/airflow-env/lib/python3.12/site-packages/airflow/example_dags/example_short_circuit_decorator.py
[2025-03-07T02:36:29.826+0000] {logging_mixin.py:190} INFO - [2025-03-07T02:36:29.826+0000] {dag.py:3239} INFO - Sync 1 DAGs
[2025-03-07T02:36:29.845+0000] {logging_mixin.py:190} INFO - [2025-03-07T02:36:29.844+0000] {dag.py:4180} INFO - Setting next_dagrun for example_short_circuit_decorator to None, run_after=None
[2025-03-07T02:36:29.879+0000] {processor.py:208} INFO - Processing /home/Ashreem/airflow-env/lib/python3.12/site-packages/airflow/example_dags/example_short_circuit_decorator.py took 0.106 seconds
[2025-03-07T02:37:33.817+0000] {processor.py:186} INFO - Started process (PID=46618) to work on /home/Ashreem/airflow-env/lib/python3.12/site-packages/airflow/example_dags/example_short_circuit_decorator.py
[2025-03-07T02:37:33.818+0000] {processor.py:914} INFO - Processing file /home/Ashreem/airflow-env/lib/python3.12/site-packages/airflow/example_dags/example_short_circuit_decorator.py for tasks to queue
[2025-03-07T02:37:33.821+0000] {logging_mixin.py:190} INFO - [2025-03-07T02:37:33.820+0000] {dagbag.py:588} INFO - Filling up the DagBag from /home/Ashreem/airflow-env/lib/python3.12/site-packages/airflow/example_dags/example_short_circuit_decorator.py
[2025-03-07T02:37:33.833+0000] {processor.py:925} INFO - DAG(s) 'example_short_circuit_decorator' retrieved from /home/Ashreem/airflow-env/lib/python3.12/site-packages/airflow/example_dags/example_short_circuit_decorator.py
[2025-03-07T02:37:33.863+0000] {logging_mixin.py:190} INFO - [2025-03-07T02:37:33.863+0000] {dag.py:3239} INFO - Sync 1 DAGs
[2025-03-07T02:37:33.881+0000] {logging_mixin.py:190} INFO - [2025-03-07T02:37:33.881+0000] {dag.py:4180} INFO - Setting next_dagrun for example_short_circuit_decorator to None, run_after=None
[2025-03-07T02:37:33.915+0000] {processor.py:208} INFO - Processing /home/Ashreem/airflow-env/lib/python3.12/site-packages/airflow/example_dags/example_short_circuit_decorator.py took 0.106 seconds
[2025-03-07T02:38:35.846+0000] {processor.py:186} INFO - Started process (PID=46682) to work on /home/Ashreem/airflow-env/lib/python3.12/site-packages/airflow/example_dags/example_short_circuit_decorator.py
[2025-03-07T02:38:35.849+0000] {processor.py:914} INFO - Processing file /home/Ashreem/airflow-env/lib/python3.12/site-packages/airflow/example_dags/example_short_circuit_decorator.py for tasks to queue
[2025-03-07T02:38:35.852+0000] {logging_mixin.py:190} INFO - [2025-03-07T02:38:35.851+0000] {dagbag.py:588} INFO - Filling up the DagBag from /home/Ashreem/airflow-env/lib/python3.12/site-packages/airflow/example_dags/example_short_circuit_decorator.py
[2025-03-07T02:38:35.866+0000] {processor.py:925} INFO - DAG(s) 'example_short_circuit_decorator' retrieved from /home/Ashreem/airflow-env/lib/python3.12/site-packages/airflow/example_dags/example_short_circuit_decorator.py
[2025-03-07T02:38:35.890+0000] {logging_mixin.py:190} INFO - [2025-03-07T02:38:35.889+0000] {dag.py:3239} INFO - Sync 1 DAGs
[2025-03-07T02:38:35.908+0000] {logging_mixin.py:190} INFO - [2025-03-07T02:38:35.907+0000] {dag.py:4180} INFO - Setting next_dagrun for example_short_circuit_decorator to None, run_after=None
[2025-03-07T02:38:35.947+0000] {processor.py:208} INFO - Processing /home/Ashreem/airflow-env/lib/python3.12/site-packages/airflow/example_dags/example_short_circuit_decorator.py took 0.109 seconds
[2025-03-07T02:39:38.640+0000] {processor.py:186} INFO - Started process (PID=46750) to work on /home/Ashreem/airflow-env/lib/python3.12/site-packages/airflow/example_dags/example_short_circuit_decorator.py
[2025-03-07T02:39:38.642+0000] {processor.py:914} INFO - Processing file /home/Ashreem/airflow-env/lib/python3.12/site-packages/airflow/example_dags/example_short_circuit_decorator.py for tasks to queue
[2025-03-07T02:39:38.644+0000] {logging_mixin.py:190} INFO - [2025-03-07T02:39:38.644+0000] {dagbag.py:588} INFO - Filling up the DagBag from /home/Ashreem/airflow-env/lib/python3.12/site-packages/airflow/example_dags/example_short_circuit_decorator.py
[2025-03-07T02:39:38.658+0000] {processor.py:925} INFO - DAG(s) 'example_short_circuit_decorator' retrieved from /home/Ashreem/airflow-env/lib/python3.12/site-packages/airflow/example_dags/example_short_circuit_decorator.py
[2025-03-07T02:39:38.681+0000] {logging_mixin.py:190} INFO - [2025-03-07T02:39:38.681+0000] {dag.py:3239} INFO - Sync 1 DAGs
[2025-03-07T02:39:38.698+0000] {logging_mixin.py:190} INFO - [2025-03-07T02:39:38.698+0000] {dag.py:4180} INFO - Setting next_dagrun for example_short_circuit_decorator to None, run_after=None
[2025-03-07T02:39:38.742+0000] {processor.py:208} INFO - Processing /home/Ashreem/airflow-env/lib/python3.12/site-packages/airflow/example_dags/example_short_circuit_decorator.py took 0.109 seconds
[2025-03-07T02:40:42.365+0000] {processor.py:186} INFO - Started process (PID=46815) to work on /home/Ashreem/airflow-env/lib/python3.12/site-packages/airflow/example_dags/example_short_circuit_decorator.py
[2025-03-07T02:40:42.366+0000] {processor.py:914} INFO - Processing file /home/Ashreem/airflow-env/lib/python3.12/site-packages/airflow/example_dags/example_short_circuit_decorator.py for tasks to queue
[2025-03-07T02:40:42.370+0000] {logging_mixin.py:190} INFO - [2025-03-07T02:40:42.369+0000] {dagbag.py:588} INFO - Filling up the DagBag from /home/Ashreem/airflow-env/lib/python3.12/site-packages/airflow/example_dags/example_short_circuit_decorator.py
[2025-03-07T02:40:42.384+0000] {processor.py:925} INFO - DAG(s) 'example_short_circuit_decorator' retrieved from /home/Ashreem/airflow-env/lib/python3.12/site-packages/airflow/example_dags/example_short_circuit_decorator.py
[2025-03-07T02:40:42.407+0000] {logging_mixin.py:190} INFO - [2025-03-07T02:40:42.407+0000] {dag.py:3239} INFO - Sync 1 DAGs
[2025-03-07T02:40:42.423+0000] {logging_mixin.py:190} INFO - [2025-03-07T02:40:42.422+0000] {dag.py:4180} INFO - Setting next_dagrun for example_short_circuit_decorator to None, run_after=None
[2025-03-07T02:40:42.460+0000] {processor.py:208} INFO - Processing /home/Ashreem/airflow-env/lib/python3.12/site-packages/airflow/example_dags/example_short_circuit_decorator.py took 0.105 seconds
[2025-03-07T02:41:46.147+0000] {processor.py:186} INFO - Started process (PID=46878) to work on /home/Ashreem/airflow-env/lib/python3.12/site-packages/airflow/example_dags/example_short_circuit_decorator.py
[2025-03-07T02:41:46.148+0000] {processor.py:914} INFO - Processing file /home/Ashreem/airflow-env/lib/python3.12/site-packages/airflow/example_dags/example_short_circuit_decorator.py for tasks to queue
[2025-03-07T02:41:46.154+0000] {logging_mixin.py:190} INFO - [2025-03-07T02:41:46.153+0000] {dagbag.py:588} INFO - Filling up the DagBag from /home/Ashreem/airflow-env/lib/python3.12/site-packages/airflow/example_dags/example_short_circuit_decorator.py
[2025-03-07T02:41:46.169+0000] {processor.py:925} INFO - DAG(s) 'example_short_circuit_decorator' retrieved from /home/Ashreem/airflow-env/lib/python3.12/site-packages/airflow/example_dags/example_short_circuit_decorator.py
[2025-03-07T02:41:46.197+0000] {logging_mixin.py:190} INFO - [2025-03-07T02:41:46.196+0000] {dag.py:3239} INFO - Sync 1 DAGs
[2025-03-07T02:41:46.215+0000] {logging_mixin.py:190} INFO - [2025-03-07T02:41:46.214+0000] {dag.py:4180} INFO - Setting next_dagrun for example_short_circuit_decorator to None, run_after=None
[2025-03-07T02:41:46.261+0000] {processor.py:208} INFO - Processing /home/Ashreem/airflow-env/lib/python3.12/site-packages/airflow/example_dags/example_short_circuit_decorator.py took 0.122 seconds
[2025-03-07T02:42:49.437+0000] {processor.py:186} INFO - Started process (PID=46945) to work on /home/Ashreem/airflow-env/lib/python3.12/site-packages/airflow/example_dags/example_short_circuit_decorator.py
[2025-03-07T02:42:49.439+0000] {processor.py:914} INFO - Processing file /home/Ashreem/airflow-env/lib/python3.12/site-packages/airflow/example_dags/example_short_circuit_decorator.py for tasks to queue
[2025-03-07T02:42:49.442+0000] {logging_mixin.py:190} INFO - [2025-03-07T02:42:49.441+0000] {dagbag.py:588} INFO - Filling up the DagBag from /home/Ashreem/airflow-env/lib/python3.12/site-packages/airflow/example_dags/example_short_circuit_decorator.py
[2025-03-07T02:42:49.461+0000] {processor.py:925} INFO - DAG(s) 'example_short_circuit_decorator' retrieved from /home/Ashreem/airflow-env/lib/python3.12/site-packages/airflow/example_dags/example_short_circuit_decorator.py
[2025-03-07T02:42:49.485+0000] {logging_mixin.py:190} INFO - [2025-03-07T02:42:49.485+0000] {dag.py:3239} INFO - Sync 1 DAGs
[2025-03-07T02:42:49.503+0000] {logging_mixin.py:190} INFO - [2025-03-07T02:42:49.502+0000] {dag.py:4180} INFO - Setting next_dagrun for example_short_circuit_decorator to None, run_after=None
[2025-03-07T02:42:49.549+0000] {processor.py:208} INFO - Processing /home/Ashreem/airflow-env/lib/python3.12/site-packages/airflow/example_dags/example_short_circuit_decorator.py took 0.120 seconds
[2025-03-07T02:43:54.056+0000] {processor.py:186} INFO - Started process (PID=47018) to work on /home/Ashreem/airflow-env/lib/python3.12/site-packages/airflow/example_dags/example_short_circuit_decorator.py
[2025-03-07T02:43:54.058+0000] {processor.py:914} INFO - Processing file /home/Ashreem/airflow-env/lib/python3.12/site-packages/airflow/example_dags/example_short_circuit_decorator.py for tasks to queue
[2025-03-07T02:43:54.061+0000] {logging_mixin.py:190} INFO - [2025-03-07T02:43:54.060+0000] {dagbag.py:588} INFO - Filling up the DagBag from /home/Ashreem/airflow-env/lib/python3.12/site-packages/airflow/example_dags/example_short_circuit_decorator.py
[2025-03-07T02:43:54.075+0000] {processor.py:925} INFO - DAG(s) 'example_short_circuit_decorator' retrieved from /home/Ashreem/airflow-env/lib/python3.12/site-packages/airflow/example_dags/example_short_circuit_decorator.py
[2025-03-07T02:43:54.098+0000] {logging_mixin.py:190} INFO - [2025-03-07T02:43:54.098+0000] {dag.py:3239} INFO - Sync 1 DAGs
[2025-03-07T02:43:54.114+0000] {logging_mixin.py:190} INFO - [2025-03-07T02:43:54.114+0000] {dag.py:4180} INFO - Setting next_dagrun for example_short_circuit_decorator to None, run_after=None
[2025-03-07T02:43:54.154+0000] {processor.py:208} INFO - Processing /home/Ashreem/airflow-env/lib/python3.12/site-packages/airflow/example_dags/example_short_circuit_decorator.py took 0.109 seconds
[2025-03-07T02:44:55.546+0000] {processor.py:186} INFO - Started process (PID=47093) to work on /home/Ashreem/airflow-env/lib/python3.12/site-packages/airflow/example_dags/example_short_circuit_decorator.py
[2025-03-07T02:44:55.547+0000] {processor.py:914} INFO - Processing file /home/Ashreem/airflow-env/lib/python3.12/site-packages/airflow/example_dags/example_short_circuit_decorator.py for tasks to queue
[2025-03-07T02:44:55.549+0000] {logging_mixin.py:190} INFO - [2025-03-07T02:44:55.549+0000] {dagbag.py:588} INFO - Filling up the DagBag from /home/Ashreem/airflow-env/lib/python3.12/site-packages/airflow/example_dags/example_short_circuit_decorator.py
[2025-03-07T02:44:55.563+0000] {processor.py:925} INFO - DAG(s) 'example_short_circuit_decorator' retrieved from /home/Ashreem/airflow-env/lib/python3.12/site-packages/airflow/example_dags/example_short_circuit_decorator.py
[2025-03-07T02:44:55.588+0000] {logging_mixin.py:190} INFO - [2025-03-07T02:44:55.587+0000] {dag.py:3239} INFO - Sync 1 DAGs
[2025-03-07T02:44:55.603+0000] {logging_mixin.py:190} INFO - [2025-03-07T02:44:55.602+0000] {dag.py:4180} INFO - Setting next_dagrun for example_short_circuit_decorator to None, run_after=None
[2025-03-07T02:44:55.635+0000] {processor.py:208} INFO - Processing /home/Ashreem/airflow-env/lib/python3.12/site-packages/airflow/example_dags/example_short_circuit_decorator.py took 0.097 seconds
[2025-03-07T02:45:59.351+0000] {processor.py:186} INFO - Started process (PID=47163) to work on /home/Ashreem/airflow-env/lib/python3.12/site-packages/airflow/example_dags/example_short_circuit_decorator.py
[2025-03-07T02:45:59.354+0000] {processor.py:914} INFO - Processing file /home/Ashreem/airflow-env/lib/python3.12/site-packages/airflow/example_dags/example_short_circuit_decorator.py for tasks to queue
[2025-03-07T02:45:59.357+0000] {logging_mixin.py:190} INFO - [2025-03-07T02:45:59.356+0000] {dagbag.py:588} INFO - Filling up the DagBag from /home/Ashreem/airflow-env/lib/python3.12/site-packages/airflow/example_dags/example_short_circuit_decorator.py
[2025-03-07T02:45:59.370+0000] {processor.py:925} INFO - DAG(s) 'example_short_circuit_decorator' retrieved from /home/Ashreem/airflow-env/lib/python3.12/site-packages/airflow/example_dags/example_short_circuit_decorator.py
[2025-03-07T02:45:59.400+0000] {logging_mixin.py:190} INFO - [2025-03-07T02:45:59.400+0000] {dag.py:3239} INFO - Sync 1 DAGs
[2025-03-07T02:45:59.416+0000] {logging_mixin.py:190} INFO - [2025-03-07T02:45:59.416+0000] {dag.py:4180} INFO - Setting next_dagrun for example_short_circuit_decorator to None, run_after=None
[2025-03-07T02:45:59.453+0000] {processor.py:208} INFO - Processing /home/Ashreem/airflow-env/lib/python3.12/site-packages/airflow/example_dags/example_short_circuit_decorator.py took 0.109 seconds
[2025-03-07T02:47:02.646+0000] {processor.py:186} INFO - Started process (PID=47224) to work on /home/Ashreem/airflow-env/lib/python3.12/site-packages/airflow/example_dags/example_short_circuit_decorator.py
[2025-03-07T02:47:02.648+0000] {processor.py:914} INFO - Processing file /home/Ashreem/airflow-env/lib/python3.12/site-packages/airflow/example_dags/example_short_circuit_decorator.py for tasks to queue
[2025-03-07T02:47:02.651+0000] {logging_mixin.py:190} INFO - [2025-03-07T02:47:02.650+0000] {dagbag.py:588} INFO - Filling up the DagBag from /home/Ashreem/airflow-env/lib/python3.12/site-packages/airflow/example_dags/example_short_circuit_decorator.py
[2025-03-07T02:47:02.665+0000] {processor.py:925} INFO - DAG(s) 'example_short_circuit_decorator' retrieved from /home/Ashreem/airflow-env/lib/python3.12/site-packages/airflow/example_dags/example_short_circuit_decorator.py
[2025-03-07T02:47:02.687+0000] {logging_mixin.py:190} INFO - [2025-03-07T02:47:02.687+0000] {dag.py:3239} INFO - Sync 1 DAGs
[2025-03-07T02:47:02.702+0000] {logging_mixin.py:190} INFO - [2025-03-07T02:47:02.702+0000] {dag.py:4180} INFO - Setting next_dagrun for example_short_circuit_decorator to None, run_after=None
[2025-03-07T02:47:02.738+0000] {processor.py:208} INFO - Processing /home/Ashreem/airflow-env/lib/python3.12/site-packages/airflow/example_dags/example_short_circuit_decorator.py took 0.101 seconds
[2025-03-07T02:48:08.252+0000] {processor.py:186} INFO - Started process (PID=47289) to work on /home/Ashreem/airflow-env/lib/python3.12/site-packages/airflow/example_dags/example_short_circuit_decorator.py
[2025-03-07T02:48:08.254+0000] {processor.py:914} INFO - Processing file /home/Ashreem/airflow-env/lib/python3.12/site-packages/airflow/example_dags/example_short_circuit_decorator.py for tasks to queue
[2025-03-07T02:48:08.256+0000] {logging_mixin.py:190} INFO - [2025-03-07T02:48:08.256+0000] {dagbag.py:588} INFO - Filling up the DagBag from /home/Ashreem/airflow-env/lib/python3.12/site-packages/airflow/example_dags/example_short_circuit_decorator.py
[2025-03-07T02:48:08.270+0000] {processor.py:925} INFO - DAG(s) 'example_short_circuit_decorator' retrieved from /home/Ashreem/airflow-env/lib/python3.12/site-packages/airflow/example_dags/example_short_circuit_decorator.py
[2025-03-07T02:48:08.298+0000] {logging_mixin.py:190} INFO - [2025-03-07T02:48:08.298+0000] {dag.py:3239} INFO - Sync 1 DAGs
[2025-03-07T02:48:08.315+0000] {logging_mixin.py:190} INFO - [2025-03-07T02:48:08.314+0000] {dag.py:4180} INFO - Setting next_dagrun for example_short_circuit_decorator to None, run_after=None
[2025-03-07T02:48:08.350+0000] {processor.py:208} INFO - Processing /home/Ashreem/airflow-env/lib/python3.12/site-packages/airflow/example_dags/example_short_circuit_decorator.py took 0.106 seconds
[2025-03-07T02:49:16.582+0000] {processor.py:186} INFO - Started process (PID=47367) to work on /home/Ashreem/airflow-env/lib/python3.12/site-packages/airflow/example_dags/example_short_circuit_decorator.py
[2025-03-07T02:49:16.583+0000] {processor.py:914} INFO - Processing file /home/Ashreem/airflow-env/lib/python3.12/site-packages/airflow/example_dags/example_short_circuit_decorator.py for tasks to queue
[2025-03-07T02:49:16.586+0000] {logging_mixin.py:190} INFO - [2025-03-07T02:49:16.585+0000] {dagbag.py:588} INFO - Filling up the DagBag from /home/Ashreem/airflow-env/lib/python3.12/site-packages/airflow/example_dags/example_short_circuit_decorator.py
[2025-03-07T02:49:16.602+0000] {processor.py:925} INFO - DAG(s) 'example_short_circuit_decorator' retrieved from /home/Ashreem/airflow-env/lib/python3.12/site-packages/airflow/example_dags/example_short_circuit_decorator.py
[2025-03-07T02:49:16.626+0000] {logging_mixin.py:190} INFO - [2025-03-07T02:49:16.626+0000] {dag.py:3239} INFO - Sync 1 DAGs
[2025-03-07T02:49:16.644+0000] {logging_mixin.py:190} INFO - [2025-03-07T02:49:16.644+0000] {dag.py:4180} INFO - Setting next_dagrun for example_short_circuit_decorator to None, run_after=None
[2025-03-07T02:49:16.686+0000] {processor.py:208} INFO - Processing /home/Ashreem/airflow-env/lib/python3.12/site-packages/airflow/example_dags/example_short_circuit_decorator.py took 0.111 seconds
[2025-03-07T02:50:23.373+0000] {processor.py:186} INFO - Started process (PID=47445) to work on /home/Ashreem/airflow-env/lib/python3.12/site-packages/airflow/example_dags/example_short_circuit_decorator.py
[2025-03-07T02:50:23.375+0000] {processor.py:914} INFO - Processing file /home/Ashreem/airflow-env/lib/python3.12/site-packages/airflow/example_dags/example_short_circuit_decorator.py for tasks to queue
[2025-03-07T02:50:23.380+0000] {logging_mixin.py:190} INFO - [2025-03-07T02:50:23.379+0000] {dagbag.py:588} INFO - Filling up the DagBag from /home/Ashreem/airflow-env/lib/python3.12/site-packages/airflow/example_dags/example_short_circuit_decorator.py
[2025-03-07T02:50:23.395+0000] {processor.py:925} INFO - DAG(s) 'example_short_circuit_decorator' retrieved from /home/Ashreem/airflow-env/lib/python3.12/site-packages/airflow/example_dags/example_short_circuit_decorator.py
[2025-03-07T02:50:23.423+0000] {logging_mixin.py:190} INFO - [2025-03-07T02:50:23.423+0000] {dag.py:3239} INFO - Sync 1 DAGs
[2025-03-07T02:50:23.440+0000] {logging_mixin.py:190} INFO - [2025-03-07T02:50:23.439+0000] {dag.py:4180} INFO - Setting next_dagrun for example_short_circuit_decorator to None, run_after=None
[2025-03-07T02:50:23.475+0000] {processor.py:208} INFO - Processing /home/Ashreem/airflow-env/lib/python3.12/site-packages/airflow/example_dags/example_short_circuit_decorator.py took 0.112 seconds
[2025-03-07T02:51:23.316+0000] {processor.py:186} INFO - Started process (PID=47505) to work on /home/Ashreem/airflow-env/lib/python3.12/site-packages/airflow/example_dags/example_short_circuit_decorator.py
[2025-03-07T02:51:23.318+0000] {processor.py:914} INFO - Processing file /home/Ashreem/airflow-env/lib/python3.12/site-packages/airflow/example_dags/example_short_circuit_decorator.py for tasks to queue
[2025-03-07T02:51:23.320+0000] {logging_mixin.py:190} INFO - [2025-03-07T02:51:23.320+0000] {dagbag.py:588} INFO - Filling up the DagBag from /home/Ashreem/airflow-env/lib/python3.12/site-packages/airflow/example_dags/example_short_circuit_decorator.py
[2025-03-07T02:51:23.335+0000] {processor.py:925} INFO - DAG(s) 'example_short_circuit_decorator' retrieved from /home/Ashreem/airflow-env/lib/python3.12/site-packages/airflow/example_dags/example_short_circuit_decorator.py
[2025-03-07T02:51:23.363+0000] {logging_mixin.py:190} INFO - [2025-03-07T02:51:23.362+0000] {dag.py:3239} INFO - Sync 1 DAGs
[2025-03-07T02:51:23.381+0000] {logging_mixin.py:190} INFO - [2025-03-07T02:51:23.381+0000] {dag.py:4180} INFO - Setting next_dagrun for example_short_circuit_decorator to None, run_after=None
[2025-03-07T02:51:23.418+0000] {processor.py:208} INFO - Processing /home/Ashreem/airflow-env/lib/python3.12/site-packages/airflow/example_dags/example_short_circuit_decorator.py took 0.110 seconds
[2025-03-07T02:52:29.667+0000] {processor.py:186} INFO - Started process (PID=47572) to work on /home/Ashreem/airflow-env/lib/python3.12/site-packages/airflow/example_dags/example_short_circuit_decorator.py
[2025-03-07T02:52:29.668+0000] {processor.py:914} INFO - Processing file /home/Ashreem/airflow-env/lib/python3.12/site-packages/airflow/example_dags/example_short_circuit_decorator.py for tasks to queue
[2025-03-07T02:52:29.671+0000] {logging_mixin.py:190} INFO - [2025-03-07T02:52:29.671+0000] {dagbag.py:588} INFO - Filling up the DagBag from /home/Ashreem/airflow-env/lib/python3.12/site-packages/airflow/example_dags/example_short_circuit_decorator.py
[2025-03-07T02:52:29.685+0000] {processor.py:925} INFO - DAG(s) 'example_short_circuit_decorator' retrieved from /home/Ashreem/airflow-env/lib/python3.12/site-packages/airflow/example_dags/example_short_circuit_decorator.py
[2025-03-07T02:52:29.709+0000] {logging_mixin.py:190} INFO - [2025-03-07T02:52:29.709+0000] {dag.py:3239} INFO - Sync 1 DAGs
[2025-03-07T02:52:29.724+0000] {logging_mixin.py:190} INFO - [2025-03-07T02:52:29.724+0000] {dag.py:4180} INFO - Setting next_dagrun for example_short_circuit_decorator to None, run_after=None
[2025-03-07T02:52:29.765+0000] {processor.py:208} INFO - Processing /home/Ashreem/airflow-env/lib/python3.12/site-packages/airflow/example_dags/example_short_circuit_decorator.py took 0.106 seconds
[2025-03-07T02:53:33.337+0000] {processor.py:186} INFO - Started process (PID=47635) to work on /home/Ashreem/airflow-env/lib/python3.12/site-packages/airflow/example_dags/example_short_circuit_decorator.py
[2025-03-07T02:53:33.339+0000] {processor.py:914} INFO - Processing file /home/Ashreem/airflow-env/lib/python3.12/site-packages/airflow/example_dags/example_short_circuit_decorator.py for tasks to queue
[2025-03-07T02:53:33.342+0000] {logging_mixin.py:190} INFO - [2025-03-07T02:53:33.341+0000] {dagbag.py:588} INFO - Filling up the DagBag from /home/Ashreem/airflow-env/lib/python3.12/site-packages/airflow/example_dags/example_short_circuit_decorator.py
[2025-03-07T02:53:33.356+0000] {processor.py:925} INFO - DAG(s) 'example_short_circuit_decorator' retrieved from /home/Ashreem/airflow-env/lib/python3.12/site-packages/airflow/example_dags/example_short_circuit_decorator.py
[2025-03-07T02:53:33.380+0000] {logging_mixin.py:190} INFO - [2025-03-07T02:53:33.380+0000] {dag.py:3239} INFO - Sync 1 DAGs
[2025-03-07T02:53:33.397+0000] {logging_mixin.py:190} INFO - [2025-03-07T02:53:33.397+0000] {dag.py:4180} INFO - Setting next_dagrun for example_short_circuit_decorator to None, run_after=None
[2025-03-07T02:53:33.439+0000] {processor.py:208} INFO - Processing /home/Ashreem/airflow-env/lib/python3.12/site-packages/airflow/example_dags/example_short_circuit_decorator.py took 0.110 seconds
[2025-03-07T02:54:35.846+0000] {processor.py:186} INFO - Started process (PID=47700) to work on /home/Ashreem/airflow-env/lib/python3.12/site-packages/airflow/example_dags/example_short_circuit_decorator.py
[2025-03-07T02:54:35.848+0000] {processor.py:914} INFO - Processing file /home/Ashreem/airflow-env/lib/python3.12/site-packages/airflow/example_dags/example_short_circuit_decorator.py for tasks to queue
[2025-03-07T02:54:35.850+0000] {logging_mixin.py:190} INFO - [2025-03-07T02:54:35.850+0000] {dagbag.py:588} INFO - Filling up the DagBag from /home/Ashreem/airflow-env/lib/python3.12/site-packages/airflow/example_dags/example_short_circuit_decorator.py
[2025-03-07T02:54:35.863+0000] {processor.py:925} INFO - DAG(s) 'example_short_circuit_decorator' retrieved from /home/Ashreem/airflow-env/lib/python3.12/site-packages/airflow/example_dags/example_short_circuit_decorator.py
[2025-03-07T02:54:35.887+0000] {logging_mixin.py:190} INFO - [2025-03-07T02:54:35.887+0000] {dag.py:3239} INFO - Sync 1 DAGs
[2025-03-07T02:54:35.907+0000] {logging_mixin.py:190} INFO - [2025-03-07T02:54:35.907+0000] {dag.py:4180} INFO - Setting next_dagrun for example_short_circuit_decorator to None, run_after=None
[2025-03-07T02:54:35.942+0000] {processor.py:208} INFO - Processing /home/Ashreem/airflow-env/lib/python3.12/site-packages/airflow/example_dags/example_short_circuit_decorator.py took 0.103 seconds
[2025-03-07T02:55:37.249+0000] {processor.py:186} INFO - Started process (PID=47833) to work on /home/Ashreem/airflow-env/lib/python3.12/site-packages/airflow/example_dags/example_short_circuit_decorator.py
[2025-03-07T02:55:37.250+0000] {processor.py:914} INFO - Processing file /home/Ashreem/airflow-env/lib/python3.12/site-packages/airflow/example_dags/example_short_circuit_decorator.py for tasks to queue
[2025-03-07T02:55:37.253+0000] {logging_mixin.py:190} INFO - [2025-03-07T02:55:37.253+0000] {dagbag.py:588} INFO - Filling up the DagBag from /home/Ashreem/airflow-env/lib/python3.12/site-packages/airflow/example_dags/example_short_circuit_decorator.py
[2025-03-07T02:55:37.267+0000] {processor.py:925} INFO - DAG(s) 'example_short_circuit_decorator' retrieved from /home/Ashreem/airflow-env/lib/python3.12/site-packages/airflow/example_dags/example_short_circuit_decorator.py
[2025-03-07T02:55:37.294+0000] {logging_mixin.py:190} INFO - [2025-03-07T02:55:37.293+0000] {dag.py:3239} INFO - Sync 1 DAGs
[2025-03-07T02:55:37.313+0000] {logging_mixin.py:190} INFO - [2025-03-07T02:55:37.313+0000] {dag.py:4180} INFO - Setting next_dagrun for example_short_circuit_decorator to None, run_after=None
[2025-03-07T02:55:37.349+0000] {processor.py:208} INFO - Processing /home/Ashreem/airflow-env/lib/python3.12/site-packages/airflow/example_dags/example_short_circuit_decorator.py took 0.107 seconds
[2025-03-07T02:56:38.296+0000] {processor.py:186} INFO - Started process (PID=47943) to work on /home/Ashreem/airflow-env/lib/python3.12/site-packages/airflow/example_dags/example_short_circuit_decorator.py
[2025-03-07T02:56:38.298+0000] {processor.py:914} INFO - Processing file /home/Ashreem/airflow-env/lib/python3.12/site-packages/airflow/example_dags/example_short_circuit_decorator.py for tasks to queue
[2025-03-07T02:56:38.300+0000] {logging_mixin.py:190} INFO - [2025-03-07T02:56:38.300+0000] {dagbag.py:588} INFO - Filling up the DagBag from /home/Ashreem/airflow-env/lib/python3.12/site-packages/airflow/example_dags/example_short_circuit_decorator.py
[2025-03-07T02:56:38.314+0000] {processor.py:925} INFO - DAG(s) 'example_short_circuit_decorator' retrieved from /home/Ashreem/airflow-env/lib/python3.12/site-packages/airflow/example_dags/example_short_circuit_decorator.py
[2025-03-07T02:56:38.339+0000] {logging_mixin.py:190} INFO - [2025-03-07T02:56:38.339+0000] {dag.py:3239} INFO - Sync 1 DAGs
[2025-03-07T02:56:38.355+0000] {logging_mixin.py:190} INFO - [2025-03-07T02:56:38.354+0000] {dag.py:4180} INFO - Setting next_dagrun for example_short_circuit_decorator to None, run_after=None
[2025-03-07T02:56:38.393+0000] {processor.py:208} INFO - Processing /home/Ashreem/airflow-env/lib/python3.12/site-packages/airflow/example_dags/example_short_circuit_decorator.py took 0.105 seconds
[2025-03-07T02:56:42.654+0000] {processor.py:186} INFO - Started process (PID=47952) to work on /home/Ashreem/airflow-env/lib/python3.12/site-packages/airflow/example_dags/example_short_circuit_decorator.py
[2025-03-07T02:56:42.654+0000] {processor.py:914} INFO - Processing file /home/Ashreem/airflow-env/lib/python3.12/site-packages/airflow/example_dags/example_short_circuit_decorator.py for tasks to queue
[2025-03-07T02:56:42.657+0000] {logging_mixin.py:190} INFO - [2025-03-07T02:56:42.656+0000] {dagbag.py:588} INFO - Filling up the DagBag from /home/Ashreem/airflow-env/lib/python3.12/site-packages/airflow/example_dags/example_short_circuit_decorator.py
[2025-03-07T02:56:42.672+0000] {processor.py:925} INFO - DAG(s) 'example_short_circuit_decorator' retrieved from /home/Ashreem/airflow-env/lib/python3.12/site-packages/airflow/example_dags/example_short_circuit_decorator.py
[2025-03-07T02:56:42.701+0000] {logging_mixin.py:190} INFO - [2025-03-07T02:56:42.700+0000] {dag.py:3239} INFO - Sync 1 DAGs
[2025-03-07T02:56:42.719+0000] {logging_mixin.py:190} INFO - [2025-03-07T02:56:42.718+0000] {dag.py:4180} INFO - Setting next_dagrun for example_short_circuit_decorator to None, run_after=None
[2025-03-07T02:56:42.756+0000] {processor.py:208} INFO - Processing /home/Ashreem/airflow-env/lib/python3.12/site-packages/airflow/example_dags/example_short_circuit_decorator.py took 0.111 seconds
[2025-03-07T02:57:46.314+0000] {processor.py:186} INFO - Started process (PID=48053) to work on /home/Ashreem/airflow-env/lib/python3.12/site-packages/airflow/example_dags/example_short_circuit_decorator.py
[2025-03-07T02:57:46.316+0000] {processor.py:914} INFO - Processing file /home/Ashreem/airflow-env/lib/python3.12/site-packages/airflow/example_dags/example_short_circuit_decorator.py for tasks to queue
[2025-03-07T02:57:46.318+0000] {logging_mixin.py:190} INFO - [2025-03-07T02:57:46.318+0000] {dagbag.py:588} INFO - Filling up the DagBag from /home/Ashreem/airflow-env/lib/python3.12/site-packages/airflow/example_dags/example_short_circuit_decorator.py
[2025-03-07T02:57:46.331+0000] {processor.py:925} INFO - DAG(s) 'example_short_circuit_decorator' retrieved from /home/Ashreem/airflow-env/lib/python3.12/site-packages/airflow/example_dags/example_short_circuit_decorator.py
[2025-03-07T02:57:46.365+0000] {logging_mixin.py:190} INFO - [2025-03-07T02:57:46.364+0000] {dag.py:3239} INFO - Sync 1 DAGs
[2025-03-07T02:57:46.381+0000] {logging_mixin.py:190} INFO - [2025-03-07T02:57:46.380+0000] {dag.py:4180} INFO - Setting next_dagrun for example_short_circuit_decorator to None, run_after=None
[2025-03-07T02:57:46.417+0000] {processor.py:208} INFO - Processing /home/Ashreem/airflow-env/lib/python3.12/site-packages/airflow/example_dags/example_short_circuit_decorator.py took 0.110 seconds
[2025-03-07T02:58:50.961+0000] {processor.py:186} INFO - Started process (PID=48125) to work on /home/Ashreem/airflow-env/lib/python3.12/site-packages/airflow/example_dags/example_short_circuit_decorator.py
[2025-03-07T02:58:50.963+0000] {processor.py:914} INFO - Processing file /home/Ashreem/airflow-env/lib/python3.12/site-packages/airflow/example_dags/example_short_circuit_decorator.py for tasks to queue
[2025-03-07T02:58:50.966+0000] {logging_mixin.py:190} INFO - [2025-03-07T02:58:50.965+0000] {dagbag.py:588} INFO - Filling up the DagBag from /home/Ashreem/airflow-env/lib/python3.12/site-packages/airflow/example_dags/example_short_circuit_decorator.py
[2025-03-07T02:58:50.980+0000] {processor.py:925} INFO - DAG(s) 'example_short_circuit_decorator' retrieved from /home/Ashreem/airflow-env/lib/python3.12/site-packages/airflow/example_dags/example_short_circuit_decorator.py
[2025-03-07T02:58:51.007+0000] {logging_mixin.py:190} INFO - [2025-03-07T02:58:51.006+0000] {dag.py:3239} INFO - Sync 1 DAGs
[2025-03-07T02:58:51.023+0000] {logging_mixin.py:190} INFO - [2025-03-07T02:58:51.023+0000] {dag.py:4180} INFO - Setting next_dagrun for example_short_circuit_decorator to None, run_after=None
[2025-03-07T02:58:51.061+0000] {processor.py:208} INFO - Processing /home/Ashreem/airflow-env/lib/python3.12/site-packages/airflow/example_dags/example_short_circuit_decorator.py took 0.108 seconds
[2025-03-07T02:59:58.967+0000] {processor.py:186} INFO - Started process (PID=48265) to work on /home/Ashreem/airflow-env/lib/python3.12/site-packages/airflow/example_dags/example_short_circuit_decorator.py
[2025-03-07T02:59:58.969+0000] {processor.py:914} INFO - Processing file /home/Ashreem/airflow-env/lib/python3.12/site-packages/airflow/example_dags/example_short_circuit_decorator.py for tasks to queue
[2025-03-07T02:59:58.972+0000] {logging_mixin.py:190} INFO - [2025-03-07T02:59:58.972+0000] {dagbag.py:588} INFO - Filling up the DagBag from /home/Ashreem/airflow-env/lib/python3.12/site-packages/airflow/example_dags/example_short_circuit_decorator.py
[2025-03-07T02:59:58.985+0000] {processor.py:925} INFO - DAG(s) 'example_short_circuit_decorator' retrieved from /home/Ashreem/airflow-env/lib/python3.12/site-packages/airflow/example_dags/example_short_circuit_decorator.py
[2025-03-07T02:59:59.014+0000] {logging_mixin.py:190} INFO - [2025-03-07T02:59:59.014+0000] {dag.py:3239} INFO - Sync 1 DAGs
[2025-03-07T02:59:59.047+0000] {logging_mixin.py:190} INFO - [2025-03-07T02:59:59.047+0000] {dag.py:4180} INFO - Setting next_dagrun for example_short_circuit_decorator to None, run_after=None
[2025-03-07T02:59:59.094+0000] {processor.py:208} INFO - Processing /home/Ashreem/airflow-env/lib/python3.12/site-packages/airflow/example_dags/example_short_circuit_decorator.py took 0.134 seconds
[2025-03-07T03:01:04.921+0000] {processor.py:186} INFO - Started process (PID=48352) to work on /home/Ashreem/airflow-env/lib/python3.12/site-packages/airflow/example_dags/example_short_circuit_decorator.py
[2025-03-07T03:01:04.923+0000] {processor.py:914} INFO - Processing file /home/Ashreem/airflow-env/lib/python3.12/site-packages/airflow/example_dags/example_short_circuit_decorator.py for tasks to queue
[2025-03-07T03:01:04.926+0000] {logging_mixin.py:190} INFO - [2025-03-07T03:01:04.926+0000] {dagbag.py:588} INFO - Filling up the DagBag from /home/Ashreem/airflow-env/lib/python3.12/site-packages/airflow/example_dags/example_short_circuit_decorator.py
[2025-03-07T03:01:04.939+0000] {processor.py:925} INFO - DAG(s) 'example_short_circuit_decorator' retrieved from /home/Ashreem/airflow-env/lib/python3.12/site-packages/airflow/example_dags/example_short_circuit_decorator.py
[2025-03-07T03:01:04.962+0000] {logging_mixin.py:190} INFO - [2025-03-07T03:01:04.962+0000] {dag.py:3239} INFO - Sync 1 DAGs
[2025-03-07T03:01:04.980+0000] {logging_mixin.py:190} INFO - [2025-03-07T03:01:04.980+0000] {dag.py:4180} INFO - Setting next_dagrun for example_short_circuit_decorator to None, run_after=None
[2025-03-07T03:01:05.021+0000] {processor.py:208} INFO - Processing /home/Ashreem/airflow-env/lib/python3.12/site-packages/airflow/example_dags/example_short_circuit_decorator.py took 0.108 seconds
[2025-03-07T03:02:06.771+0000] {processor.py:186} INFO - Started process (PID=48419) to work on /home/Ashreem/airflow-env/lib/python3.12/site-packages/airflow/example_dags/example_short_circuit_decorator.py
[2025-03-07T03:02:06.773+0000] {processor.py:914} INFO - Processing file /home/Ashreem/airflow-env/lib/python3.12/site-packages/airflow/example_dags/example_short_circuit_decorator.py for tasks to queue
[2025-03-07T03:02:06.776+0000] {logging_mixin.py:190} INFO - [2025-03-07T03:02:06.775+0000] {dagbag.py:588} INFO - Filling up the DagBag from /home/Ashreem/airflow-env/lib/python3.12/site-packages/airflow/example_dags/example_short_circuit_decorator.py
[2025-03-07T03:02:06.790+0000] {processor.py:925} INFO - DAG(s) 'example_short_circuit_decorator' retrieved from /home/Ashreem/airflow-env/lib/python3.12/site-packages/airflow/example_dags/example_short_circuit_decorator.py
[2025-03-07T03:02:06.817+0000] {logging_mixin.py:190} INFO - [2025-03-07T03:02:06.817+0000] {dag.py:3239} INFO - Sync 1 DAGs
[2025-03-07T03:02:06.834+0000] {logging_mixin.py:190} INFO - [2025-03-07T03:02:06.833+0000] {dag.py:4180} INFO - Setting next_dagrun for example_short_circuit_decorator to None, run_after=None
[2025-03-07T03:02:06.874+0000] {processor.py:208} INFO - Processing /home/Ashreem/airflow-env/lib/python3.12/site-packages/airflow/example_dags/example_short_circuit_decorator.py took 0.111 seconds
[2025-03-07T03:03:07.033+0000] {processor.py:186} INFO - Started process (PID=48549) to work on /home/Ashreem/airflow-env/lib/python3.12/site-packages/airflow/example_dags/example_short_circuit_decorator.py
[2025-03-07T03:03:07.035+0000] {processor.py:914} INFO - Processing file /home/Ashreem/airflow-env/lib/python3.12/site-packages/airflow/example_dags/example_short_circuit_decorator.py for tasks to queue
[2025-03-07T03:03:07.038+0000] {logging_mixin.py:190} INFO - [2025-03-07T03:03:07.037+0000] {dagbag.py:588} INFO - Filling up the DagBag from /home/Ashreem/airflow-env/lib/python3.12/site-packages/airflow/example_dags/example_short_circuit_decorator.py
[2025-03-07T03:03:07.051+0000] {processor.py:925} INFO - DAG(s) 'example_short_circuit_decorator' retrieved from /home/Ashreem/airflow-env/lib/python3.12/site-packages/airflow/example_dags/example_short_circuit_decorator.py
[2025-03-07T03:03:07.077+0000] {logging_mixin.py:190} INFO - [2025-03-07T03:03:07.077+0000] {dag.py:3239} INFO - Sync 1 DAGs
[2025-03-07T03:03:07.094+0000] {logging_mixin.py:190} INFO - [2025-03-07T03:03:07.093+0000] {dag.py:4180} INFO - Setting next_dagrun for example_short_circuit_decorator to None, run_after=None
[2025-03-07T03:03:07.133+0000] {processor.py:208} INFO - Processing /home/Ashreem/airflow-env/lib/python3.12/site-packages/airflow/example_dags/example_short_circuit_decorator.py took 0.107 seconds
[2025-03-07T03:03:52.345+0000] {processor.py:186} INFO - Started process (PID=48621) to work on /home/Ashreem/airflow-env/lib/python3.12/site-packages/airflow/example_dags/example_short_circuit_decorator.py
[2025-03-07T03:03:52.347+0000] {processor.py:914} INFO - Processing file /home/Ashreem/airflow-env/lib/python3.12/site-packages/airflow/example_dags/example_short_circuit_decorator.py for tasks to queue
[2025-03-07T03:03:52.349+0000] {logging_mixin.py:190} INFO - [2025-03-07T03:03:52.349+0000] {dagbag.py:588} INFO - Filling up the DagBag from /home/Ashreem/airflow-env/lib/python3.12/site-packages/airflow/example_dags/example_short_circuit_decorator.py
[2025-03-07T03:03:52.362+0000] {processor.py:925} INFO - DAG(s) 'example_short_circuit_decorator' retrieved from /home/Ashreem/airflow-env/lib/python3.12/site-packages/airflow/example_dags/example_short_circuit_decorator.py
[2025-03-07T03:03:52.388+0000] {logging_mixin.py:190} INFO - [2025-03-07T03:03:52.387+0000] {dag.py:3239} INFO - Sync 1 DAGs
[2025-03-07T03:03:52.403+0000] {logging_mixin.py:190} INFO - [2025-03-07T03:03:52.403+0000] {dag.py:4180} INFO - Setting next_dagrun for example_short_circuit_decorator to None, run_after=None
[2025-03-07T03:03:52.445+0000] {processor.py:208} INFO - Processing /home/Ashreem/airflow-env/lib/python3.12/site-packages/airflow/example_dags/example_short_circuit_decorator.py took 0.109 seconds
[2025-03-07T03:04:54.653+0000] {processor.py:186} INFO - Started process (PID=48689) to work on /home/Ashreem/airflow-env/lib/python3.12/site-packages/airflow/example_dags/example_short_circuit_decorator.py
[2025-03-07T03:04:54.655+0000] {processor.py:914} INFO - Processing file /home/Ashreem/airflow-env/lib/python3.12/site-packages/airflow/example_dags/example_short_circuit_decorator.py for tasks to queue
[2025-03-07T03:04:54.657+0000] {logging_mixin.py:190} INFO - [2025-03-07T03:04:54.657+0000] {dagbag.py:588} INFO - Filling up the DagBag from /home/Ashreem/airflow-env/lib/python3.12/site-packages/airflow/example_dags/example_short_circuit_decorator.py
[2025-03-07T03:04:54.671+0000] {processor.py:925} INFO - DAG(s) 'example_short_circuit_decorator' retrieved from /home/Ashreem/airflow-env/lib/python3.12/site-packages/airflow/example_dags/example_short_circuit_decorator.py
[2025-03-07T03:04:54.694+0000] {logging_mixin.py:190} INFO - [2025-03-07T03:04:54.693+0000] {dag.py:3239} INFO - Sync 1 DAGs
[2025-03-07T03:04:54.711+0000] {logging_mixin.py:190} INFO - [2025-03-07T03:04:54.710+0000] {dag.py:4180} INFO - Setting next_dagrun for example_short_circuit_decorator to None, run_after=None
[2025-03-07T03:04:54.758+0000] {processor.py:208} INFO - Processing /home/Ashreem/airflow-env/lib/python3.12/site-packages/airflow/example_dags/example_short_circuit_decorator.py took 0.112 seconds
[2025-03-07T03:05:55.718+0000] {processor.py:186} INFO - Started process (PID=48940) to work on /home/Ashreem/airflow-env/lib/python3.12/site-packages/airflow/example_dags/example_short_circuit_decorator.py
[2025-03-07T03:05:55.720+0000] {processor.py:914} INFO - Processing file /home/Ashreem/airflow-env/lib/python3.12/site-packages/airflow/example_dags/example_short_circuit_decorator.py for tasks to queue
[2025-03-07T03:05:55.725+0000] {logging_mixin.py:190} INFO - [2025-03-07T03:05:55.725+0000] {dagbag.py:588} INFO - Filling up the DagBag from /home/Ashreem/airflow-env/lib/python3.12/site-packages/airflow/example_dags/example_short_circuit_decorator.py
[2025-03-07T03:05:55.741+0000] {processor.py:925} INFO - DAG(s) 'example_short_circuit_decorator' retrieved from /home/Ashreem/airflow-env/lib/python3.12/site-packages/airflow/example_dags/example_short_circuit_decorator.py
[2025-03-07T03:05:55.765+0000] {logging_mixin.py:190} INFO - [2025-03-07T03:05:55.765+0000] {dag.py:3239} INFO - Sync 1 DAGs
[2025-03-07T03:05:55.781+0000] {logging_mixin.py:190} INFO - [2025-03-07T03:05:55.781+0000] {dag.py:4180} INFO - Setting next_dagrun for example_short_circuit_decorator to None, run_after=None
[2025-03-07T03:05:55.821+0000] {processor.py:208} INFO - Processing /home/Ashreem/airflow-env/lib/python3.12/site-packages/airflow/example_dags/example_short_circuit_decorator.py took 0.110 seconds
[2025-03-07T03:07:02.167+0000] {processor.py:186} INFO - Started process (PID=49008) to work on /home/Ashreem/airflow-env/lib/python3.12/site-packages/airflow/example_dags/example_short_circuit_decorator.py
[2025-03-07T03:07:02.168+0000] {processor.py:914} INFO - Processing file /home/Ashreem/airflow-env/lib/python3.12/site-packages/airflow/example_dags/example_short_circuit_decorator.py for tasks to queue
[2025-03-07T03:07:02.171+0000] {logging_mixin.py:190} INFO - [2025-03-07T03:07:02.170+0000] {dagbag.py:588} INFO - Filling up the DagBag from /home/Ashreem/airflow-env/lib/python3.12/site-packages/airflow/example_dags/example_short_circuit_decorator.py
[2025-03-07T03:07:02.185+0000] {processor.py:925} INFO - DAG(s) 'example_short_circuit_decorator' retrieved from /home/Ashreem/airflow-env/lib/python3.12/site-packages/airflow/example_dags/example_short_circuit_decorator.py
[2025-03-07T03:07:02.210+0000] {logging_mixin.py:190} INFO - [2025-03-07T03:07:02.210+0000] {dag.py:3239} INFO - Sync 1 DAGs
[2025-03-07T03:07:02.227+0000] {logging_mixin.py:190} INFO - [2025-03-07T03:07:02.227+0000] {dag.py:4180} INFO - Setting next_dagrun for example_short_circuit_decorator to None, run_after=None
[2025-03-07T03:07:02.273+0000] {processor.py:208} INFO - Processing /home/Ashreem/airflow-env/lib/python3.12/site-packages/airflow/example_dags/example_short_circuit_decorator.py took 0.114 seconds
[2025-03-07T03:08:08.171+0000] {processor.py:186} INFO - Started process (PID=49090) to work on /home/Ashreem/airflow-env/lib/python3.12/site-packages/airflow/example_dags/example_short_circuit_decorator.py
[2025-03-07T03:08:08.172+0000] {processor.py:914} INFO - Processing file /home/Ashreem/airflow-env/lib/python3.12/site-packages/airflow/example_dags/example_short_circuit_decorator.py for tasks to queue
[2025-03-07T03:08:08.175+0000] {logging_mixin.py:190} INFO - [2025-03-07T03:08:08.174+0000] {dagbag.py:588} INFO - Filling up the DagBag from /home/Ashreem/airflow-env/lib/python3.12/site-packages/airflow/example_dags/example_short_circuit_decorator.py
[2025-03-07T03:08:08.188+0000] {processor.py:925} INFO - DAG(s) 'example_short_circuit_decorator' retrieved from /home/Ashreem/airflow-env/lib/python3.12/site-packages/airflow/example_dags/example_short_circuit_decorator.py
[2025-03-07T03:08:08.214+0000] {logging_mixin.py:190} INFO - [2025-03-07T03:08:08.214+0000] {dag.py:3239} INFO - Sync 1 DAGs
[2025-03-07T03:08:08.234+0000] {logging_mixin.py:190} INFO - [2025-03-07T03:08:08.233+0000] {dag.py:4180} INFO - Setting next_dagrun for example_short_circuit_decorator to None, run_after=None
[2025-03-07T03:08:08.272+0000] {processor.py:208} INFO - Processing /home/Ashreem/airflow-env/lib/python3.12/site-packages/airflow/example_dags/example_short_circuit_decorator.py took 0.109 seconds
[2025-03-07T03:09:10.432+0000] {processor.py:186} INFO - Started process (PID=49162) to work on /home/Ashreem/airflow-env/lib/python3.12/site-packages/airflow/example_dags/example_short_circuit_decorator.py
[2025-03-07T03:09:10.435+0000] {processor.py:914} INFO - Processing file /home/Ashreem/airflow-env/lib/python3.12/site-packages/airflow/example_dags/example_short_circuit_decorator.py for tasks to queue
[2025-03-07T03:09:10.438+0000] {logging_mixin.py:190} INFO - [2025-03-07T03:09:10.438+0000] {dagbag.py:588} INFO - Filling up the DagBag from /home/Ashreem/airflow-env/lib/python3.12/site-packages/airflow/example_dags/example_short_circuit_decorator.py
[2025-03-07T03:09:10.453+0000] {processor.py:925} INFO - DAG(s) 'example_short_circuit_decorator' retrieved from /home/Ashreem/airflow-env/lib/python3.12/site-packages/airflow/example_dags/example_short_circuit_decorator.py
[2025-03-07T03:09:10.479+0000] {logging_mixin.py:190} INFO - [2025-03-07T03:09:10.478+0000] {dag.py:3239} INFO - Sync 1 DAGs
[2025-03-07T03:09:10.495+0000] {logging_mixin.py:190} INFO - [2025-03-07T03:09:10.495+0000] {dag.py:4180} INFO - Setting next_dagrun for example_short_circuit_decorator to None, run_after=None
[2025-03-07T03:09:10.532+0000] {processor.py:208} INFO - Processing /home/Ashreem/airflow-env/lib/python3.12/site-packages/airflow/example_dags/example_short_circuit_decorator.py took 0.108 seconds
[2025-03-07T03:10:11.464+0000] {processor.py:186} INFO - Started process (PID=49225) to work on /home/Ashreem/airflow-env/lib/python3.12/site-packages/airflow/example_dags/example_short_circuit_decorator.py
[2025-03-07T03:10:11.465+0000] {processor.py:914} INFO - Processing file /home/Ashreem/airflow-env/lib/python3.12/site-packages/airflow/example_dags/example_short_circuit_decorator.py for tasks to queue
[2025-03-07T03:10:11.468+0000] {logging_mixin.py:190} INFO - [2025-03-07T03:10:11.468+0000] {dagbag.py:588} INFO - Filling up the DagBag from /home/Ashreem/airflow-env/lib/python3.12/site-packages/airflow/example_dags/example_short_circuit_decorator.py
[2025-03-07T03:10:11.482+0000] {processor.py:925} INFO - DAG(s) 'example_short_circuit_decorator' retrieved from /home/Ashreem/airflow-env/lib/python3.12/site-packages/airflow/example_dags/example_short_circuit_decorator.py
[2025-03-07T03:10:11.506+0000] {logging_mixin.py:190} INFO - [2025-03-07T03:10:11.506+0000] {dag.py:3239} INFO - Sync 1 DAGs
[2025-03-07T03:10:11.526+0000] {logging_mixin.py:190} INFO - [2025-03-07T03:10:11.526+0000] {dag.py:4180} INFO - Setting next_dagrun for example_short_circuit_decorator to None, run_after=None
[2025-03-07T03:10:11.565+0000] {processor.py:208} INFO - Processing /home/Ashreem/airflow-env/lib/python3.12/site-packages/airflow/example_dags/example_short_circuit_decorator.py took 0.109 seconds
