[2025-03-07T02:33:46.578+0000] {processor.py:186} INFO - Started process (PID=46255) to work on /home/Ashreem/airflow-env/lib/python3.12/site-packages/airflow/example_dags/example_bash_operator.py
[2025-03-07T02:33:46.580+0000] {processor.py:914} INFO - Processing file /home/Ashreem/airflow-env/lib/python3.12/site-packages/airflow/example_dags/example_bash_operator.py for tasks to queue
[2025-03-07T02:33:46.583+0000] {logging_mixin.py:190} INFO - [2025-03-07T02:33:46.583+0000] {dagbag.py:588} INFO - Filling up the DagBag from /home/Ashreem/airflow-env/lib/python3.12/site-packages/airflow/example_dags/example_bash_operator.py
[2025-03-07T02:33:46.602+0000] {processor.py:925} INFO - DAG(s) 'example_bash_operator' retrieved from /home/Ashreem/airflow-env/lib/python3.12/site-packages/airflow/example_dags/example_bash_operator.py
[2025-03-07T02:33:48.505+0000] {logging_mixin.py:190} INFO - [2025-03-07T02:33:48.505+0000] {override.py:1930} INFO - Created Permission View: can read on DAG:example_bash_operator
[2025-03-07T02:33:48.536+0000] {logging_mixin.py:190} INFO - [2025-03-07T02:33:48.535+0000] {override.py:1930} INFO - Created Permission View: can edit on DAG:example_bash_operator
[2025-03-07T02:33:48.560+0000] {logging_mixin.py:190} INFO - [2025-03-07T02:33:48.560+0000] {override.py:1930} INFO - Created Permission View: can delete on DAG:example_bash_operator
[2025-03-07T02:33:48.597+0000] {logging_mixin.py:190} INFO - [2025-03-07T02:33:48.596+0000] {override.py:1930} INFO - Created Permission View: can read on DAG Run:example_bash_operator
[2025-03-07T02:33:48.624+0000] {logging_mixin.py:190} INFO - [2025-03-07T02:33:48.623+0000] {override.py:1930} INFO - Created Permission View: can create on DAG Run:example_bash_operator
[2025-03-07T02:33:48.643+0000] {logging_mixin.py:190} INFO - [2025-03-07T02:33:48.643+0000] {override.py:1930} INFO - Created Permission View: can delete on DAG Run:example_bash_operator
[2025-03-07T02:33:48.669+0000] {logging_mixin.py:190} INFO - [2025-03-07T02:33:48.669+0000] {override.py:1930} INFO - Created Permission View: menu access on DAG Run:example_bash_operator
[2025-03-07T02:33:48.670+0000] {logging_mixin.py:190} INFO - [2025-03-07T02:33:48.669+0000] {dag.py:3239} INFO - Sync 1 DAGs
[2025-03-07T02:33:48.686+0000] {logging_mixin.py:190} INFO - [2025-03-07T02:33:48.685+0000] {dag.py:3262} INFO - Creating ORM DAG for example_bash_operator
[2025-03-07T02:33:48.697+0000] {logging_mixin.py:190} INFO - [2025-03-07T02:33:48.697+0000] {dag.py:4180} INFO - Setting next_dagrun for example_bash_operator to 2025-03-06 00:00:00+00:00, run_after=2025-03-07 00:00:00+00:00
[2025-03-07T02:33:48.736+0000] {processor.py:208} INFO - Processing /home/Ashreem/airflow-env/lib/python3.12/site-packages/airflow/example_dags/example_bash_operator.py took 2.178 seconds
[2025-03-07T02:34:59.619+0000] {processor.py:186} INFO - Started process (PID=46461) to work on /home/Ashreem/airflow-env/lib/python3.12/site-packages/airflow/example_dags/example_bash_operator.py
[2025-03-07T02:34:59.621+0000] {processor.py:914} INFO - Processing file /home/Ashreem/airflow-env/lib/python3.12/site-packages/airflow/example_dags/example_bash_operator.py for tasks to queue
[2025-03-07T02:34:59.624+0000] {logging_mixin.py:190} INFO - [2025-03-07T02:34:59.624+0000] {dagbag.py:588} INFO - Filling up the DagBag from /home/Ashreem/airflow-env/lib/python3.12/site-packages/airflow/example_dags/example_bash_operator.py
[2025-03-07T02:34:59.642+0000] {processor.py:925} INFO - DAG(s) 'example_bash_operator' retrieved from /home/Ashreem/airflow-env/lib/python3.12/site-packages/airflow/example_dags/example_bash_operator.py
[2025-03-07T02:34:59.670+0000] {logging_mixin.py:190} INFO - [2025-03-07T02:34:59.669+0000] {dag.py:3239} INFO - Sync 1 DAGs
[2025-03-07T02:34:59.696+0000] {logging_mixin.py:190} INFO - [2025-03-07T02:34:59.695+0000] {dag.py:4180} INFO - Setting next_dagrun for example_bash_operator to 2025-03-06 00:00:00+00:00, run_after=2025-03-07 00:00:00+00:00
[2025-03-07T02:34:59.734+0000] {processor.py:208} INFO - Processing /home/Ashreem/airflow-env/lib/python3.12/site-packages/airflow/example_dags/example_bash_operator.py took 0.124 seconds
[2025-03-07T02:36:04.450+0000] {processor.py:186} INFO - Started process (PID=46529) to work on /home/Ashreem/airflow-env/lib/python3.12/site-packages/airflow/example_dags/example_bash_operator.py
[2025-03-07T02:36:04.453+0000] {processor.py:914} INFO - Processing file /home/Ashreem/airflow-env/lib/python3.12/site-packages/airflow/example_dags/example_bash_operator.py for tasks to queue
[2025-03-07T02:36:04.456+0000] {logging_mixin.py:190} INFO - [2025-03-07T02:36:04.455+0000] {dagbag.py:588} INFO - Filling up the DagBag from /home/Ashreem/airflow-env/lib/python3.12/site-packages/airflow/example_dags/example_bash_operator.py
[2025-03-07T02:36:04.475+0000] {processor.py:925} INFO - DAG(s) 'example_bash_operator' retrieved from /home/Ashreem/airflow-env/lib/python3.12/site-packages/airflow/example_dags/example_bash_operator.py
[2025-03-07T02:36:04.507+0000] {logging_mixin.py:190} INFO - [2025-03-07T02:36:04.506+0000] {dag.py:3239} INFO - Sync 1 DAGs
[2025-03-07T02:36:04.534+0000] {logging_mixin.py:190} INFO - [2025-03-07T02:36:04.534+0000] {dag.py:4180} INFO - Setting next_dagrun for example_bash_operator to 2025-03-06 00:00:00+00:00, run_after=2025-03-07 00:00:00+00:00
[2025-03-07T02:36:04.578+0000] {processor.py:208} INFO - Processing /home/Ashreem/airflow-env/lib/python3.12/site-packages/airflow/example_dags/example_bash_operator.py took 0.137 seconds
[2025-03-07T02:37:12.072+0000] {processor.py:186} INFO - Started process (PID=46598) to work on /home/Ashreem/airflow-env/lib/python3.12/site-packages/airflow/example_dags/example_bash_operator.py
[2025-03-07T02:37:12.074+0000] {processor.py:914} INFO - Processing file /home/Ashreem/airflow-env/lib/python3.12/site-packages/airflow/example_dags/example_bash_operator.py for tasks to queue
[2025-03-07T02:37:12.078+0000] {logging_mixin.py:190} INFO - [2025-03-07T02:37:12.078+0000] {dagbag.py:588} INFO - Filling up the DagBag from /home/Ashreem/airflow-env/lib/python3.12/site-packages/airflow/example_dags/example_bash_operator.py
[2025-03-07T02:37:12.099+0000] {processor.py:925} INFO - DAG(s) 'example_bash_operator' retrieved from /home/Ashreem/airflow-env/lib/python3.12/site-packages/airflow/example_dags/example_bash_operator.py
[2025-03-07T02:37:12.130+0000] {logging_mixin.py:190} INFO - [2025-03-07T02:37:12.130+0000] {dag.py:3239} INFO - Sync 1 DAGs
[2025-03-07T02:37:12.158+0000] {logging_mixin.py:190} INFO - [2025-03-07T02:37:12.158+0000] {dag.py:4180} INFO - Setting next_dagrun for example_bash_operator to 2025-03-06 00:00:00+00:00, run_after=2025-03-07 00:00:00+00:00
[2025-03-07T02:37:12.202+0000] {processor.py:208} INFO - Processing /home/Ashreem/airflow-env/lib/python3.12/site-packages/airflow/example_dags/example_bash_operator.py took 0.141 seconds
[2025-03-07T02:38:13.647+0000] {processor.py:186} INFO - Started process (PID=46658) to work on /home/Ashreem/airflow-env/lib/python3.12/site-packages/airflow/example_dags/example_bash_operator.py
[2025-03-07T02:38:13.649+0000] {processor.py:914} INFO - Processing file /home/Ashreem/airflow-env/lib/python3.12/site-packages/airflow/example_dags/example_bash_operator.py for tasks to queue
[2025-03-07T02:38:13.651+0000] {logging_mixin.py:190} INFO - [2025-03-07T02:38:13.651+0000] {dagbag.py:588} INFO - Filling up the DagBag from /home/Ashreem/airflow-env/lib/python3.12/site-packages/airflow/example_dags/example_bash_operator.py
[2025-03-07T02:38:13.669+0000] {processor.py:925} INFO - DAG(s) 'example_bash_operator' retrieved from /home/Ashreem/airflow-env/lib/python3.12/site-packages/airflow/example_dags/example_bash_operator.py
[2025-03-07T02:38:13.697+0000] {logging_mixin.py:190} INFO - [2025-03-07T02:38:13.697+0000] {dag.py:3239} INFO - Sync 1 DAGs
[2025-03-07T02:38:13.726+0000] {logging_mixin.py:190} INFO - [2025-03-07T02:38:13.725+0000] {dag.py:4180} INFO - Setting next_dagrun for example_bash_operator to 2025-03-06 00:00:00+00:00, run_after=2025-03-07 00:00:00+00:00
[2025-03-07T02:38:13.767+0000] {processor.py:208} INFO - Processing /home/Ashreem/airflow-env/lib/python3.12/site-packages/airflow/example_dags/example_bash_operator.py took 0.128 seconds
[2025-03-07T02:39:16.542+0000] {processor.py:186} INFO - Started process (PID=46728) to work on /home/Ashreem/airflow-env/lib/python3.12/site-packages/airflow/example_dags/example_bash_operator.py
[2025-03-07T02:39:16.544+0000] {processor.py:914} INFO - Processing file /home/Ashreem/airflow-env/lib/python3.12/site-packages/airflow/example_dags/example_bash_operator.py for tasks to queue
[2025-03-07T02:39:16.547+0000] {logging_mixin.py:190} INFO - [2025-03-07T02:39:16.546+0000] {dagbag.py:588} INFO - Filling up the DagBag from /home/Ashreem/airflow-env/lib/python3.12/site-packages/airflow/example_dags/example_bash_operator.py
[2025-03-07T02:39:16.567+0000] {processor.py:925} INFO - DAG(s) 'example_bash_operator' retrieved from /home/Ashreem/airflow-env/lib/python3.12/site-packages/airflow/example_dags/example_bash_operator.py
[2025-03-07T02:39:16.598+0000] {logging_mixin.py:190} INFO - [2025-03-07T02:39:16.597+0000] {dag.py:3239} INFO - Sync 1 DAGs
[2025-03-07T02:39:16.626+0000] {logging_mixin.py:190} INFO - [2025-03-07T02:39:16.626+0000] {dag.py:4180} INFO - Setting next_dagrun for example_bash_operator to 2025-03-06 00:00:00+00:00, run_after=2025-03-07 00:00:00+00:00
[2025-03-07T02:39:16.661+0000] {processor.py:208} INFO - Processing /home/Ashreem/airflow-env/lib/python3.12/site-packages/airflow/example_dags/example_bash_operator.py took 0.126 seconds
[2025-03-07T02:40:20.486+0000] {processor.py:186} INFO - Started process (PID=46790) to work on /home/Ashreem/airflow-env/lib/python3.12/site-packages/airflow/example_dags/example_bash_operator.py
[2025-03-07T02:40:20.488+0000] {processor.py:914} INFO - Processing file /home/Ashreem/airflow-env/lib/python3.12/site-packages/airflow/example_dags/example_bash_operator.py for tasks to queue
[2025-03-07T02:40:20.491+0000] {logging_mixin.py:190} INFO - [2025-03-07T02:40:20.491+0000] {dagbag.py:588} INFO - Filling up the DagBag from /home/Ashreem/airflow-env/lib/python3.12/site-packages/airflow/example_dags/example_bash_operator.py
[2025-03-07T02:40:20.510+0000] {processor.py:925} INFO - DAG(s) 'example_bash_operator' retrieved from /home/Ashreem/airflow-env/lib/python3.12/site-packages/airflow/example_dags/example_bash_operator.py
[2025-03-07T02:40:20.540+0000] {logging_mixin.py:190} INFO - [2025-03-07T02:40:20.540+0000] {dag.py:3239} INFO - Sync 1 DAGs
[2025-03-07T02:40:20.570+0000] {logging_mixin.py:190} INFO - [2025-03-07T02:40:20.569+0000] {dag.py:4180} INFO - Setting next_dagrun for example_bash_operator to 2025-03-06 00:00:00+00:00, run_after=2025-03-07 00:00:00+00:00
[2025-03-07T02:40:20.613+0000] {processor.py:208} INFO - Processing /home/Ashreem/airflow-env/lib/python3.12/site-packages/airflow/example_dags/example_bash_operator.py took 0.136 seconds
[2025-03-07T02:41:23.917+0000] {processor.py:186} INFO - Started process (PID=46856) to work on /home/Ashreem/airflow-env/lib/python3.12/site-packages/airflow/example_dags/example_bash_operator.py
[2025-03-07T02:41:23.919+0000] {processor.py:914} INFO - Processing file /home/Ashreem/airflow-env/lib/python3.12/site-packages/airflow/example_dags/example_bash_operator.py for tasks to queue
[2025-03-07T02:41:23.921+0000] {logging_mixin.py:190} INFO - [2025-03-07T02:41:23.921+0000] {dagbag.py:588} INFO - Filling up the DagBag from /home/Ashreem/airflow-env/lib/python3.12/site-packages/airflow/example_dags/example_bash_operator.py
[2025-03-07T02:41:23.940+0000] {processor.py:925} INFO - DAG(s) 'example_bash_operator' retrieved from /home/Ashreem/airflow-env/lib/python3.12/site-packages/airflow/example_dags/example_bash_operator.py
[2025-03-07T02:41:23.972+0000] {logging_mixin.py:190} INFO - [2025-03-07T02:41:23.971+0000] {dag.py:3239} INFO - Sync 1 DAGs
[2025-03-07T02:41:24.004+0000] {logging_mixin.py:190} INFO - [2025-03-07T02:41:24.004+0000] {dag.py:4180} INFO - Setting next_dagrun for example_bash_operator to 2025-03-06 00:00:00+00:00, run_after=2025-03-07 00:00:00+00:00
[2025-03-07T02:41:24.046+0000] {processor.py:208} INFO - Processing /home/Ashreem/airflow-env/lib/python3.12/site-packages/airflow/example_dags/example_bash_operator.py took 0.137 seconds
[2025-03-07T02:42:27.192+0000] {processor.py:186} INFO - Started process (PID=46919) to work on /home/Ashreem/airflow-env/lib/python3.12/site-packages/airflow/example_dags/example_bash_operator.py
[2025-03-07T02:42:27.194+0000] {processor.py:914} INFO - Processing file /home/Ashreem/airflow-env/lib/python3.12/site-packages/airflow/example_dags/example_bash_operator.py for tasks to queue
[2025-03-07T02:42:27.197+0000] {logging_mixin.py:190} INFO - [2025-03-07T02:42:27.196+0000] {dagbag.py:588} INFO - Filling up the DagBag from /home/Ashreem/airflow-env/lib/python3.12/site-packages/airflow/example_dags/example_bash_operator.py
[2025-03-07T02:42:27.218+0000] {processor.py:925} INFO - DAG(s) 'example_bash_operator' retrieved from /home/Ashreem/airflow-env/lib/python3.12/site-packages/airflow/example_dags/example_bash_operator.py
[2025-03-07T02:42:27.244+0000] {logging_mixin.py:190} INFO - [2025-03-07T02:42:27.244+0000] {dag.py:3239} INFO - Sync 1 DAGs
[2025-03-07T02:42:27.274+0000] {logging_mixin.py:190} INFO - [2025-03-07T02:42:27.273+0000] {dag.py:4180} INFO - Setting next_dagrun for example_bash_operator to 2025-03-06 00:00:00+00:00, run_after=2025-03-07 00:00:00+00:00
[2025-03-07T02:42:27.313+0000] {processor.py:208} INFO - Processing /home/Ashreem/airflow-env/lib/python3.12/site-packages/airflow/example_dags/example_bash_operator.py took 0.129 seconds
[2025-03-07T02:43:31.487+0000] {processor.py:186} INFO - Started process (PID=46992) to work on /home/Ashreem/airflow-env/lib/python3.12/site-packages/airflow/example_dags/example_bash_operator.py
[2025-03-07T02:43:31.488+0000] {processor.py:914} INFO - Processing file /home/Ashreem/airflow-env/lib/python3.12/site-packages/airflow/example_dags/example_bash_operator.py for tasks to queue
[2025-03-07T02:43:31.491+0000] {logging_mixin.py:190} INFO - [2025-03-07T02:43:31.491+0000] {dagbag.py:588} INFO - Filling up the DagBag from /home/Ashreem/airflow-env/lib/python3.12/site-packages/airflow/example_dags/example_bash_operator.py
[2025-03-07T02:43:31.509+0000] {processor.py:925} INFO - DAG(s) 'example_bash_operator' retrieved from /home/Ashreem/airflow-env/lib/python3.12/site-packages/airflow/example_dags/example_bash_operator.py
[2025-03-07T02:43:31.538+0000] {logging_mixin.py:190} INFO - [2025-03-07T02:43:31.538+0000] {dag.py:3239} INFO - Sync 1 DAGs
[2025-03-07T02:43:31.571+0000] {logging_mixin.py:190} INFO - [2025-03-07T02:43:31.570+0000] {dag.py:4180} INFO - Setting next_dagrun for example_bash_operator to 2025-03-06 00:00:00+00:00, run_after=2025-03-07 00:00:00+00:00
[2025-03-07T02:43:31.612+0000] {processor.py:208} INFO - Processing /home/Ashreem/airflow-env/lib/python3.12/site-packages/airflow/example_dags/example_bash_operator.py took 0.133 seconds
[2025-03-07T02:44:34.493+0000] {processor.py:186} INFO - Started process (PID=47072) to work on /home/Ashreem/airflow-env/lib/python3.12/site-packages/airflow/example_dags/example_bash_operator.py
[2025-03-07T02:44:34.495+0000] {processor.py:914} INFO - Processing file /home/Ashreem/airflow-env/lib/python3.12/site-packages/airflow/example_dags/example_bash_operator.py for tasks to queue
[2025-03-07T02:44:34.498+0000] {logging_mixin.py:190} INFO - [2025-03-07T02:44:34.497+0000] {dagbag.py:588} INFO - Filling up the DagBag from /home/Ashreem/airflow-env/lib/python3.12/site-packages/airflow/example_dags/example_bash_operator.py
[2025-03-07T02:44:34.515+0000] {processor.py:925} INFO - DAG(s) 'example_bash_operator' retrieved from /home/Ashreem/airflow-env/lib/python3.12/site-packages/airflow/example_dags/example_bash_operator.py
[2025-03-07T02:44:34.544+0000] {logging_mixin.py:190} INFO - [2025-03-07T02:44:34.543+0000] {dag.py:3239} INFO - Sync 1 DAGs
[2025-03-07T02:44:34.575+0000] {logging_mixin.py:190} INFO - [2025-03-07T02:44:34.575+0000] {dag.py:4180} INFO - Setting next_dagrun for example_bash_operator to 2025-03-06 00:00:00+00:00, run_after=2025-03-07 00:00:00+00:00
[2025-03-07T02:44:34.611+0000] {processor.py:208} INFO - Processing /home/Ashreem/airflow-env/lib/python3.12/site-packages/airflow/example_dags/example_bash_operator.py took 0.126 seconds
[2025-03-07T02:45:37.011+0000] {processor.py:186} INFO - Started process (PID=47139) to work on /home/Ashreem/airflow-env/lib/python3.12/site-packages/airflow/example_dags/example_bash_operator.py
[2025-03-07T02:45:37.012+0000] {processor.py:914} INFO - Processing file /home/Ashreem/airflow-env/lib/python3.12/site-packages/airflow/example_dags/example_bash_operator.py for tasks to queue
[2025-03-07T02:45:37.016+0000] {logging_mixin.py:190} INFO - [2025-03-07T02:45:37.015+0000] {dagbag.py:588} INFO - Filling up the DagBag from /home/Ashreem/airflow-env/lib/python3.12/site-packages/airflow/example_dags/example_bash_operator.py
[2025-03-07T02:45:37.035+0000] {processor.py:925} INFO - DAG(s) 'example_bash_operator' retrieved from /home/Ashreem/airflow-env/lib/python3.12/site-packages/airflow/example_dags/example_bash_operator.py
[2025-03-07T02:45:37.068+0000] {logging_mixin.py:190} INFO - [2025-03-07T02:45:37.068+0000] {dag.py:3239} INFO - Sync 1 DAGs
[2025-03-07T02:45:37.102+0000] {logging_mixin.py:190} INFO - [2025-03-07T02:45:37.101+0000] {dag.py:4180} INFO - Setting next_dagrun for example_bash_operator to 2025-03-06 00:00:00+00:00, run_after=2025-03-07 00:00:00+00:00
[2025-03-07T02:45:37.142+0000] {processor.py:208} INFO - Processing /home/Ashreem/airflow-env/lib/python3.12/site-packages/airflow/example_dags/example_bash_operator.py took 0.141 seconds
[2025-03-07T02:46:41.923+0000] {processor.py:186} INFO - Started process (PID=47204) to work on /home/Ashreem/airflow-env/lib/python3.12/site-packages/airflow/example_dags/example_bash_operator.py
[2025-03-07T02:46:41.924+0000] {processor.py:914} INFO - Processing file /home/Ashreem/airflow-env/lib/python3.12/site-packages/airflow/example_dags/example_bash_operator.py for tasks to queue
[2025-03-07T02:46:41.927+0000] {logging_mixin.py:190} INFO - [2025-03-07T02:46:41.926+0000] {dagbag.py:588} INFO - Filling up the DagBag from /home/Ashreem/airflow-env/lib/python3.12/site-packages/airflow/example_dags/example_bash_operator.py
[2025-03-07T02:46:41.949+0000] {processor.py:925} INFO - DAG(s) 'example_bash_operator' retrieved from /home/Ashreem/airflow-env/lib/python3.12/site-packages/airflow/example_dags/example_bash_operator.py
[2025-03-07T02:46:41.981+0000] {logging_mixin.py:190} INFO - [2025-03-07T02:46:41.981+0000] {dag.py:3239} INFO - Sync 1 DAGs
[2025-03-07T02:46:42.008+0000] {logging_mixin.py:190} INFO - [2025-03-07T02:46:42.008+0000] {dag.py:4180} INFO - Setting next_dagrun for example_bash_operator to 2025-03-06 00:00:00+00:00, run_after=2025-03-07 00:00:00+00:00
[2025-03-07T02:46:42.060+0000] {processor.py:208} INFO - Processing /home/Ashreem/airflow-env/lib/python3.12/site-packages/airflow/example_dags/example_bash_operator.py took 0.144 seconds
[2025-03-07T02:47:45.205+0000] {processor.py:186} INFO - Started process (PID=47264) to work on /home/Ashreem/airflow-env/lib/python3.12/site-packages/airflow/example_dags/example_bash_operator.py
[2025-03-07T02:47:45.208+0000] {processor.py:914} INFO - Processing file /home/Ashreem/airflow-env/lib/python3.12/site-packages/airflow/example_dags/example_bash_operator.py for tasks to queue
[2025-03-07T02:47:45.211+0000] {logging_mixin.py:190} INFO - [2025-03-07T02:47:45.210+0000] {dagbag.py:588} INFO - Filling up the DagBag from /home/Ashreem/airflow-env/lib/python3.12/site-packages/airflow/example_dags/example_bash_operator.py
[2025-03-07T02:47:45.228+0000] {processor.py:925} INFO - DAG(s) 'example_bash_operator' retrieved from /home/Ashreem/airflow-env/lib/python3.12/site-packages/airflow/example_dags/example_bash_operator.py
[2025-03-07T02:47:45.256+0000] {logging_mixin.py:190} INFO - [2025-03-07T02:47:45.256+0000] {dag.py:3239} INFO - Sync 1 DAGs
[2025-03-07T02:47:45.285+0000] {logging_mixin.py:190} INFO - [2025-03-07T02:47:45.284+0000] {dag.py:4180} INFO - Setting next_dagrun for example_bash_operator to 2025-03-06 00:00:00+00:00, run_after=2025-03-07 00:00:00+00:00
[2025-03-07T02:47:45.323+0000] {processor.py:208} INFO - Processing /home/Ashreem/airflow-env/lib/python3.12/site-packages/airflow/example_dags/example_bash_operator.py took 0.126 seconds
[2025-03-07T02:48:54.594+0000] {processor.py:186} INFO - Started process (PID=47344) to work on /home/Ashreem/airflow-env/lib/python3.12/site-packages/airflow/example_dags/example_bash_operator.py
[2025-03-07T02:48:54.596+0000] {processor.py:914} INFO - Processing file /home/Ashreem/airflow-env/lib/python3.12/site-packages/airflow/example_dags/example_bash_operator.py for tasks to queue
[2025-03-07T02:48:54.599+0000] {logging_mixin.py:190} INFO - [2025-03-07T02:48:54.598+0000] {dagbag.py:588} INFO - Filling up the DagBag from /home/Ashreem/airflow-env/lib/python3.12/site-packages/airflow/example_dags/example_bash_operator.py
[2025-03-07T02:48:54.620+0000] {processor.py:925} INFO - DAG(s) 'example_bash_operator' retrieved from /home/Ashreem/airflow-env/lib/python3.12/site-packages/airflow/example_dags/example_bash_operator.py
[2025-03-07T02:48:54.653+0000] {logging_mixin.py:190} INFO - [2025-03-07T02:48:54.653+0000] {dag.py:3239} INFO - Sync 1 DAGs
[2025-03-07T02:48:54.682+0000] {logging_mixin.py:190} INFO - [2025-03-07T02:48:54.682+0000] {dag.py:4180} INFO - Setting next_dagrun for example_bash_operator to 2025-03-06 00:00:00+00:00, run_after=2025-03-07 00:00:00+00:00
[2025-03-07T02:48:54.720+0000] {processor.py:208} INFO - Processing /home/Ashreem/airflow-env/lib/python3.12/site-packages/airflow/example_dags/example_bash_operator.py took 0.134 seconds
[2025-03-07T02:50:00.112+0000] {processor.py:186} INFO - Started process (PID=47416) to work on /home/Ashreem/airflow-env/lib/python3.12/site-packages/airflow/example_dags/example_bash_operator.py
[2025-03-07T02:50:00.114+0000] {processor.py:914} INFO - Processing file /home/Ashreem/airflow-env/lib/python3.12/site-packages/airflow/example_dags/example_bash_operator.py for tasks to queue
[2025-03-07T02:50:00.117+0000] {logging_mixin.py:190} INFO - [2025-03-07T02:50:00.116+0000] {dagbag.py:588} INFO - Filling up the DagBag from /home/Ashreem/airflow-env/lib/python3.12/site-packages/airflow/example_dags/example_bash_operator.py
[2025-03-07T02:50:00.137+0000] {processor.py:925} INFO - DAG(s) 'example_bash_operator' retrieved from /home/Ashreem/airflow-env/lib/python3.12/site-packages/airflow/example_dags/example_bash_operator.py
[2025-03-07T02:50:00.163+0000] {logging_mixin.py:190} INFO - [2025-03-07T02:50:00.163+0000] {dag.py:3239} INFO - Sync 1 DAGs
[2025-03-07T02:50:00.190+0000] {logging_mixin.py:190} INFO - [2025-03-07T02:50:00.190+0000] {dag.py:4180} INFO - Setting next_dagrun for example_bash_operator to 2025-03-06 00:00:00+00:00, run_after=2025-03-07 00:00:00+00:00
[2025-03-07T02:50:00.259+0000] {processor.py:208} INFO - Processing /home/Ashreem/airflow-env/lib/python3.12/site-packages/airflow/example_dags/example_bash_operator.py took 0.156 seconds
[2025-03-07T02:51:02.518+0000] {processor.py:186} INFO - Started process (PID=47485) to work on /home/Ashreem/airflow-env/lib/python3.12/site-packages/airflow/example_dags/example_bash_operator.py
[2025-03-07T02:51:02.519+0000] {processor.py:914} INFO - Processing file /home/Ashreem/airflow-env/lib/python3.12/site-packages/airflow/example_dags/example_bash_operator.py for tasks to queue
[2025-03-07T02:51:02.522+0000] {logging_mixin.py:190} INFO - [2025-03-07T02:51:02.521+0000] {dagbag.py:588} INFO - Filling up the DagBag from /home/Ashreem/airflow-env/lib/python3.12/site-packages/airflow/example_dags/example_bash_operator.py
[2025-03-07T02:51:02.540+0000] {processor.py:925} INFO - DAG(s) 'example_bash_operator' retrieved from /home/Ashreem/airflow-env/lib/python3.12/site-packages/airflow/example_dags/example_bash_operator.py
[2025-03-07T02:51:02.569+0000] {logging_mixin.py:190} INFO - [2025-03-07T02:51:02.569+0000] {dag.py:3239} INFO - Sync 1 DAGs
[2025-03-07T02:51:02.599+0000] {logging_mixin.py:190} INFO - [2025-03-07T02:51:02.599+0000] {dag.py:4180} INFO - Setting next_dagrun for example_bash_operator to 2025-03-06 00:00:00+00:00, run_after=2025-03-07 00:00:00+00:00
[2025-03-07T02:51:02.635+0000] {processor.py:208} INFO - Processing /home/Ashreem/airflow-env/lib/python3.12/site-packages/airflow/example_dags/example_bash_operator.py took 0.125 seconds
[2025-03-07T02:52:05.345+0000] {processor.py:186} INFO - Started process (PID=47548) to work on /home/Ashreem/airflow-env/lib/python3.12/site-packages/airflow/example_dags/example_bash_operator.py
[2025-03-07T02:52:05.347+0000] {processor.py:914} INFO - Processing file /home/Ashreem/airflow-env/lib/python3.12/site-packages/airflow/example_dags/example_bash_operator.py for tasks to queue
[2025-03-07T02:52:05.349+0000] {logging_mixin.py:190} INFO - [2025-03-07T02:52:05.349+0000] {dagbag.py:588} INFO - Filling up the DagBag from /home/Ashreem/airflow-env/lib/python3.12/site-packages/airflow/example_dags/example_bash_operator.py
[2025-03-07T02:52:05.368+0000] {processor.py:925} INFO - DAG(s) 'example_bash_operator' retrieved from /home/Ashreem/airflow-env/lib/python3.12/site-packages/airflow/example_dags/example_bash_operator.py
[2025-03-07T02:52:05.400+0000] {logging_mixin.py:190} INFO - [2025-03-07T02:52:05.400+0000] {dag.py:3239} INFO - Sync 1 DAGs
[2025-03-07T02:52:05.430+0000] {logging_mixin.py:190} INFO - [2025-03-07T02:52:05.430+0000] {dag.py:4180} INFO - Setting next_dagrun for example_bash_operator to 2025-03-06 00:00:00+00:00, run_after=2025-03-07 00:00:00+00:00
[2025-03-07T02:52:05.485+0000] {processor.py:208} INFO - Processing /home/Ashreem/airflow-env/lib/python3.12/site-packages/airflow/example_dags/example_bash_operator.py took 0.148 seconds
[2025-03-07T02:53:11.831+0000] {processor.py:186} INFO - Started process (PID=47616) to work on /home/Ashreem/airflow-env/lib/python3.12/site-packages/airflow/example_dags/example_bash_operator.py
[2025-03-07T02:53:11.832+0000] {processor.py:914} INFO - Processing file /home/Ashreem/airflow-env/lib/python3.12/site-packages/airflow/example_dags/example_bash_operator.py for tasks to queue
[2025-03-07T02:53:11.835+0000] {logging_mixin.py:190} INFO - [2025-03-07T02:53:11.834+0000] {dagbag.py:588} INFO - Filling up the DagBag from /home/Ashreem/airflow-env/lib/python3.12/site-packages/airflow/example_dags/example_bash_operator.py
[2025-03-07T02:53:11.855+0000] {processor.py:925} INFO - DAG(s) 'example_bash_operator' retrieved from /home/Ashreem/airflow-env/lib/python3.12/site-packages/airflow/example_dags/example_bash_operator.py
[2025-03-07T02:53:11.885+0000] {logging_mixin.py:190} INFO - [2025-03-07T02:53:11.885+0000] {dag.py:3239} INFO - Sync 1 DAGs
[2025-03-07T02:53:11.911+0000] {logging_mixin.py:190} INFO - [2025-03-07T02:53:11.911+0000] {dag.py:4180} INFO - Setting next_dagrun for example_bash_operator to 2025-03-06 00:00:00+00:00, run_after=2025-03-07 00:00:00+00:00
[2025-03-07T02:53:11.946+0000] {processor.py:208} INFO - Processing /home/Ashreem/airflow-env/lib/python3.12/site-packages/airflow/example_dags/example_bash_operator.py took 0.124 seconds
[2025-03-07T02:54:14.227+0000] {processor.py:186} INFO - Started process (PID=47680) to work on /home/Ashreem/airflow-env/lib/python3.12/site-packages/airflow/example_dags/example_bash_operator.py
[2025-03-07T02:54:14.229+0000] {processor.py:914} INFO - Processing file /home/Ashreem/airflow-env/lib/python3.12/site-packages/airflow/example_dags/example_bash_operator.py for tasks to queue
[2025-03-07T02:54:14.232+0000] {logging_mixin.py:190} INFO - [2025-03-07T02:54:14.232+0000] {dagbag.py:588} INFO - Filling up the DagBag from /home/Ashreem/airflow-env/lib/python3.12/site-packages/airflow/example_dags/example_bash_operator.py
[2025-03-07T02:54:14.255+0000] {processor.py:925} INFO - DAG(s) 'example_bash_operator' retrieved from /home/Ashreem/airflow-env/lib/python3.12/site-packages/airflow/example_dags/example_bash_operator.py
[2025-03-07T02:54:14.298+0000] {logging_mixin.py:190} INFO - [2025-03-07T02:54:14.298+0000] {dag.py:3239} INFO - Sync 1 DAGs
[2025-03-07T02:54:14.326+0000] {logging_mixin.py:190} INFO - [2025-03-07T02:54:14.325+0000] {dag.py:4180} INFO - Setting next_dagrun for example_bash_operator to 2025-03-06 00:00:00+00:00, run_after=2025-03-07 00:00:00+00:00
[2025-03-07T02:54:14.362+0000] {processor.py:208} INFO - Processing /home/Ashreem/airflow-env/lib/python3.12/site-packages/airflow/example_dags/example_bash_operator.py took 0.142 seconds
[2025-03-07T02:55:15.499+0000] {processor.py:186} INFO - Started process (PID=47747) to work on /home/Ashreem/airflow-env/lib/python3.12/site-packages/airflow/example_dags/example_bash_operator.py
[2025-03-07T02:55:15.501+0000] {processor.py:914} INFO - Processing file /home/Ashreem/airflow-env/lib/python3.12/site-packages/airflow/example_dags/example_bash_operator.py for tasks to queue
[2025-03-07T02:55:15.504+0000] {logging_mixin.py:190} INFO - [2025-03-07T02:55:15.504+0000] {dagbag.py:588} INFO - Filling up the DagBag from /home/Ashreem/airflow-env/lib/python3.12/site-packages/airflow/example_dags/example_bash_operator.py
[2025-03-07T02:55:15.524+0000] {processor.py:925} INFO - DAG(s) 'example_bash_operator' retrieved from /home/Ashreem/airflow-env/lib/python3.12/site-packages/airflow/example_dags/example_bash_operator.py
[2025-03-07T02:55:15.554+0000] {logging_mixin.py:190} INFO - [2025-03-07T02:55:15.553+0000] {dag.py:3239} INFO - Sync 1 DAGs
[2025-03-07T02:55:15.583+0000] {logging_mixin.py:190} INFO - [2025-03-07T02:55:15.582+0000] {dag.py:4180} INFO - Setting next_dagrun for example_bash_operator to 2025-03-06 00:00:00+00:00, run_after=2025-03-07 00:00:00+00:00
[2025-03-07T02:55:15.623+0000] {processor.py:208} INFO - Processing /home/Ashreem/airflow-env/lib/python3.12/site-packages/airflow/example_dags/example_bash_operator.py took 0.132 seconds
[2025-03-07T02:56:19.306+0000] {processor.py:186} INFO - Started process (PID=47909) to work on /home/Ashreem/airflow-env/lib/python3.12/site-packages/airflow/example_dags/example_bash_operator.py
[2025-03-07T02:56:19.308+0000] {processor.py:914} INFO - Processing file /home/Ashreem/airflow-env/lib/python3.12/site-packages/airflow/example_dags/example_bash_operator.py for tasks to queue
[2025-03-07T02:56:19.311+0000] {logging_mixin.py:190} INFO - [2025-03-07T02:56:19.311+0000] {dagbag.py:588} INFO - Filling up the DagBag from /home/Ashreem/airflow-env/lib/python3.12/site-packages/airflow/example_dags/example_bash_operator.py
[2025-03-07T02:56:19.329+0000] {processor.py:925} INFO - DAG(s) 'example_bash_operator' retrieved from /home/Ashreem/airflow-env/lib/python3.12/site-packages/airflow/example_dags/example_bash_operator.py
[2025-03-07T02:56:19.361+0000] {logging_mixin.py:190} INFO - [2025-03-07T02:56:19.360+0000] {dag.py:3239} INFO - Sync 1 DAGs
[2025-03-07T02:56:19.388+0000] {logging_mixin.py:190} INFO - [2025-03-07T02:56:19.388+0000] {dag.py:4180} INFO - Setting next_dagrun for example_bash_operator to 2025-03-06 00:00:00+00:00, run_after=2025-03-07 00:00:00+00:00
[2025-03-07T02:56:19.431+0000] {processor.py:208} INFO - Processing /home/Ashreem/airflow-env/lib/python3.12/site-packages/airflow/example_dags/example_bash_operator.py took 0.134 seconds
[2025-03-07T02:57:15.686+0000] {processor.py:186} INFO - Started process (PID=48014) to work on /home/Ashreem/airflow-env/lib/python3.12/site-packages/airflow/example_dags/example_bash_operator.py
[2025-03-07T02:57:15.690+0000] {processor.py:914} INFO - Processing file /home/Ashreem/airflow-env/lib/python3.12/site-packages/airflow/example_dags/example_bash_operator.py for tasks to queue
[2025-03-07T02:57:15.693+0000] {logging_mixin.py:190} INFO - [2025-03-07T02:57:15.693+0000] {dagbag.py:588} INFO - Filling up the DagBag from /home/Ashreem/airflow-env/lib/python3.12/site-packages/airflow/example_dags/example_bash_operator.py
[2025-03-07T02:57:15.716+0000] {processor.py:925} INFO - DAG(s) 'example_bash_operator' retrieved from /home/Ashreem/airflow-env/lib/python3.12/site-packages/airflow/example_dags/example_bash_operator.py
[2025-03-07T02:57:15.744+0000] {logging_mixin.py:190} INFO - [2025-03-07T02:57:15.744+0000] {dag.py:3239} INFO - Sync 1 DAGs
[2025-03-07T02:57:15.770+0000] {logging_mixin.py:190} INFO - [2025-03-07T02:57:15.770+0000] {dag.py:4180} INFO - Setting next_dagrun for example_bash_operator to 2025-03-06 00:00:00+00:00, run_after=2025-03-07 00:00:00+00:00
[2025-03-07T02:57:15.809+0000] {processor.py:208} INFO - Processing /home/Ashreem/airflow-env/lib/python3.12/site-packages/airflow/example_dags/example_bash_operator.py took 0.129 seconds
[2025-03-07T02:57:25.290+0000] {processor.py:186} INFO - Started process (PID=48026) to work on /home/Ashreem/airflow-env/lib/python3.12/site-packages/airflow/example_dags/example_bash_operator.py
[2025-03-07T02:57:25.291+0000] {processor.py:914} INFO - Processing file /home/Ashreem/airflow-env/lib/python3.12/site-packages/airflow/example_dags/example_bash_operator.py for tasks to queue
[2025-03-07T02:57:25.294+0000] {logging_mixin.py:190} INFO - [2025-03-07T02:57:25.293+0000] {dagbag.py:588} INFO - Filling up the DagBag from /home/Ashreem/airflow-env/lib/python3.12/site-packages/airflow/example_dags/example_bash_operator.py
[2025-03-07T02:57:25.312+0000] {processor.py:925} INFO - DAG(s) 'example_bash_operator' retrieved from /home/Ashreem/airflow-env/lib/python3.12/site-packages/airflow/example_dags/example_bash_operator.py
[2025-03-07T02:57:25.339+0000] {logging_mixin.py:190} INFO - [2025-03-07T02:57:25.339+0000] {dag.py:3239} INFO - Sync 1 DAGs
[2025-03-07T02:57:25.368+0000] {logging_mixin.py:190} INFO - [2025-03-07T02:57:25.368+0000] {dag.py:4180} INFO - Setting next_dagrun for example_bash_operator to 2025-03-06 00:00:00+00:00, run_after=2025-03-07 00:00:00+00:00
[2025-03-07T02:57:25.406+0000] {processor.py:208} INFO - Processing /home/Ashreem/airflow-env/lib/python3.12/site-packages/airflow/example_dags/example_bash_operator.py took 0.124 seconds
[2025-03-07T02:58:28.444+0000] {processor.py:186} INFO - Started process (PID=48095) to work on /home/Ashreem/airflow-env/lib/python3.12/site-packages/airflow/example_dags/example_bash_operator.py
[2025-03-07T02:58:28.446+0000] {processor.py:914} INFO - Processing file /home/Ashreem/airflow-env/lib/python3.12/site-packages/airflow/example_dags/example_bash_operator.py for tasks to queue
[2025-03-07T02:58:28.449+0000] {logging_mixin.py:190} INFO - [2025-03-07T02:58:28.448+0000] {dagbag.py:588} INFO - Filling up the DagBag from /home/Ashreem/airflow-env/lib/python3.12/site-packages/airflow/example_dags/example_bash_operator.py
[2025-03-07T02:58:28.470+0000] {processor.py:925} INFO - DAG(s) 'example_bash_operator' retrieved from /home/Ashreem/airflow-env/lib/python3.12/site-packages/airflow/example_dags/example_bash_operator.py
[2025-03-07T02:58:28.499+0000] {logging_mixin.py:190} INFO - [2025-03-07T02:58:28.499+0000] {dag.py:3239} INFO - Sync 1 DAGs
[2025-03-07T02:58:28.525+0000] {logging_mixin.py:190} INFO - [2025-03-07T02:58:28.524+0000] {dag.py:4180} INFO - Setting next_dagrun for example_bash_operator to 2025-03-06 00:00:00+00:00, run_after=2025-03-07 00:00:00+00:00
[2025-03-07T02:58:28.563+0000] {processor.py:208} INFO - Processing /home/Ashreem/airflow-env/lib/python3.12/site-packages/airflow/example_dags/example_bash_operator.py took 0.126 seconds
[2025-03-07T02:59:35.364+0000] {processor.py:186} INFO - Started process (PID=48213) to work on /home/Ashreem/airflow-env/lib/python3.12/site-packages/airflow/example_dags/example_bash_operator.py
[2025-03-07T02:59:35.366+0000] {processor.py:914} INFO - Processing file /home/Ashreem/airflow-env/lib/python3.12/site-packages/airflow/example_dags/example_bash_operator.py for tasks to queue
[2025-03-07T02:59:35.369+0000] {logging_mixin.py:190} INFO - [2025-03-07T02:59:35.368+0000] {dagbag.py:588} INFO - Filling up the DagBag from /home/Ashreem/airflow-env/lib/python3.12/site-packages/airflow/example_dags/example_bash_operator.py
[2025-03-07T02:59:35.390+0000] {processor.py:925} INFO - DAG(s) 'example_bash_operator' retrieved from /home/Ashreem/airflow-env/lib/python3.12/site-packages/airflow/example_dags/example_bash_operator.py
[2025-03-07T02:59:35.419+0000] {logging_mixin.py:190} INFO - [2025-03-07T02:59:35.419+0000] {dag.py:3239} INFO - Sync 1 DAGs
[2025-03-07T02:59:35.443+0000] {logging_mixin.py:190} INFO - [2025-03-07T02:59:35.443+0000] {dag.py:4180} INFO - Setting next_dagrun for example_bash_operator to 2025-03-06 00:00:00+00:00, run_after=2025-03-07 00:00:00+00:00
[2025-03-07T02:59:35.483+0000] {processor.py:208} INFO - Processing /home/Ashreem/airflow-env/lib/python3.12/site-packages/airflow/example_dags/example_bash_operator.py took 0.129 seconds
[2025-03-07T03:00:43.222+0000] {processor.py:186} INFO - Started process (PID=48325) to work on /home/Ashreem/airflow-env/lib/python3.12/site-packages/airflow/example_dags/example_bash_operator.py
[2025-03-07T03:00:43.225+0000] {processor.py:914} INFO - Processing file /home/Ashreem/airflow-env/lib/python3.12/site-packages/airflow/example_dags/example_bash_operator.py for tasks to queue
[2025-03-07T03:00:43.228+0000] {logging_mixin.py:190} INFO - [2025-03-07T03:00:43.227+0000] {dagbag.py:588} INFO - Filling up the DagBag from /home/Ashreem/airflow-env/lib/python3.12/site-packages/airflow/example_dags/example_bash_operator.py
[2025-03-07T03:00:43.246+0000] {processor.py:925} INFO - DAG(s) 'example_bash_operator' retrieved from /home/Ashreem/airflow-env/lib/python3.12/site-packages/airflow/example_dags/example_bash_operator.py
[2025-03-07T03:00:43.277+0000] {logging_mixin.py:190} INFO - [2025-03-07T03:00:43.277+0000] {dag.py:3239} INFO - Sync 1 DAGs
[2025-03-07T03:00:43.305+0000] {logging_mixin.py:190} INFO - [2025-03-07T03:00:43.304+0000] {dag.py:4180} INFO - Setting next_dagrun for example_bash_operator to 2025-03-06 00:00:00+00:00, run_after=2025-03-07 00:00:00+00:00
[2025-03-07T03:00:43.341+0000] {processor.py:208} INFO - Processing /home/Ashreem/airflow-env/lib/python3.12/site-packages/airflow/example_dags/example_bash_operator.py took 0.128 seconds
[2025-03-07T03:01:44.231+0000] {processor.py:186} INFO - Started process (PID=48395) to work on /home/Ashreem/airflow-env/lib/python3.12/site-packages/airflow/example_dags/example_bash_operator.py
[2025-03-07T03:01:44.233+0000] {processor.py:914} INFO - Processing file /home/Ashreem/airflow-env/lib/python3.12/site-packages/airflow/example_dags/example_bash_operator.py for tasks to queue
[2025-03-07T03:01:44.236+0000] {logging_mixin.py:190} INFO - [2025-03-07T03:01:44.235+0000] {dagbag.py:588} INFO - Filling up the DagBag from /home/Ashreem/airflow-env/lib/python3.12/site-packages/airflow/example_dags/example_bash_operator.py
[2025-03-07T03:01:44.255+0000] {processor.py:925} INFO - DAG(s) 'example_bash_operator' retrieved from /home/Ashreem/airflow-env/lib/python3.12/site-packages/airflow/example_dags/example_bash_operator.py
[2025-03-07T03:01:44.284+0000] {logging_mixin.py:190} INFO - [2025-03-07T03:01:44.284+0000] {dag.py:3239} INFO - Sync 1 DAGs
[2025-03-07T03:01:44.324+0000] {logging_mixin.py:190} INFO - [2025-03-07T03:01:44.324+0000] {dag.py:4180} INFO - Setting next_dagrun for example_bash_operator to 2025-03-06 00:00:00+00:00, run_after=2025-03-07 00:00:00+00:00
[2025-03-07T03:01:44.363+0000] {processor.py:208} INFO - Processing /home/Ashreem/airflow-env/lib/python3.12/site-packages/airflow/example_dags/example_bash_operator.py took 0.141 seconds
[2025-03-07T03:02:47.782+0000] {processor.py:186} INFO - Started process (PID=48529) to work on /home/Ashreem/airflow-env/lib/python3.12/site-packages/airflow/example_dags/example_bash_operator.py
[2025-03-07T03:02:47.784+0000] {processor.py:914} INFO - Processing file /home/Ashreem/airflow-env/lib/python3.12/site-packages/airflow/example_dags/example_bash_operator.py for tasks to queue
[2025-03-07T03:02:47.786+0000] {logging_mixin.py:190} INFO - [2025-03-07T03:02:47.786+0000] {dagbag.py:588} INFO - Filling up the DagBag from /home/Ashreem/airflow-env/lib/python3.12/site-packages/airflow/example_dags/example_bash_operator.py
[2025-03-07T03:02:47.808+0000] {processor.py:925} INFO - DAG(s) 'example_bash_operator' retrieved from /home/Ashreem/airflow-env/lib/python3.12/site-packages/airflow/example_dags/example_bash_operator.py
[2025-03-07T03:02:47.838+0000] {logging_mixin.py:190} INFO - [2025-03-07T03:02:47.837+0000] {dag.py:3239} INFO - Sync 1 DAGs
[2025-03-07T03:02:47.865+0000] {logging_mixin.py:190} INFO - [2025-03-07T03:02:47.865+0000] {dag.py:4180} INFO - Setting next_dagrun for example_bash_operator to 2025-03-06 00:00:00+00:00, run_after=2025-03-07 00:00:00+00:00
[2025-03-07T03:02:47.902+0000] {processor.py:208} INFO - Processing /home/Ashreem/airflow-env/lib/python3.12/site-packages/airflow/example_dags/example_bash_operator.py took 0.128 seconds
[2025-03-07T03:04:28.688+0000] {processor.py:186} INFO - Started process (PID=48662) to work on /home/Ashreem/airflow-env/lib/python3.12/site-packages/airflow/example_dags/example_bash_operator.py
[2025-03-07T03:04:28.690+0000] {processor.py:914} INFO - Processing file /home/Ashreem/airflow-env/lib/python3.12/site-packages/airflow/example_dags/example_bash_operator.py for tasks to queue
[2025-03-07T03:04:28.694+0000] {logging_mixin.py:190} INFO - [2025-03-07T03:04:28.693+0000] {dagbag.py:588} INFO - Filling up the DagBag from /home/Ashreem/airflow-env/lib/python3.12/site-packages/airflow/example_dags/example_bash_operator.py
[2025-03-07T03:04:28.713+0000] {processor.py:925} INFO - DAG(s) 'example_bash_operator' retrieved from /home/Ashreem/airflow-env/lib/python3.12/site-packages/airflow/example_dags/example_bash_operator.py
[2025-03-07T03:04:28.743+0000] {logging_mixin.py:190} INFO - [2025-03-07T03:04:28.743+0000] {dag.py:3239} INFO - Sync 1 DAGs
[2025-03-07T03:04:28.776+0000] {logging_mixin.py:190} INFO - [2025-03-07T03:04:28.776+0000] {dag.py:4180} INFO - Setting next_dagrun for example_bash_operator to 2025-03-06 00:00:00+00:00, run_after=2025-03-07 00:00:00+00:00
[2025-03-07T03:04:28.814+0000] {processor.py:208} INFO - Processing /home/Ashreem/airflow-env/lib/python3.12/site-packages/airflow/example_dags/example_bash_operator.py took 0.136 seconds
[2025-03-07T03:05:30.373+0000] {processor.py:186} INFO - Started process (PID=48912) to work on /home/Ashreem/airflow-env/lib/python3.12/site-packages/airflow/example_dags/example_bash_operator.py
[2025-03-07T03:05:30.376+0000] {processor.py:914} INFO - Processing file /home/Ashreem/airflow-env/lib/python3.12/site-packages/airflow/example_dags/example_bash_operator.py for tasks to queue
[2025-03-07T03:05:30.379+0000] {logging_mixin.py:190} INFO - [2025-03-07T03:05:30.378+0000] {dagbag.py:588} INFO - Filling up the DagBag from /home/Ashreem/airflow-env/lib/python3.12/site-packages/airflow/example_dags/example_bash_operator.py
[2025-03-07T03:05:30.399+0000] {processor.py:925} INFO - DAG(s) 'example_bash_operator' retrieved from /home/Ashreem/airflow-env/lib/python3.12/site-packages/airflow/example_dags/example_bash_operator.py
[2025-03-07T03:05:30.431+0000] {logging_mixin.py:190} INFO - [2025-03-07T03:05:30.430+0000] {dag.py:3239} INFO - Sync 1 DAGs
[2025-03-07T03:05:30.460+0000] {logging_mixin.py:190} INFO - [2025-03-07T03:05:30.459+0000] {dag.py:4180} INFO - Setting next_dagrun for example_bash_operator to 2025-03-06 00:00:00+00:00, run_after=2025-03-07 00:00:00+00:00
[2025-03-07T03:05:30.510+0000] {processor.py:208} INFO - Processing /home/Ashreem/airflow-env/lib/python3.12/site-packages/airflow/example_dags/example_bash_operator.py took 0.146 seconds
[2025-03-07T03:06:37.917+0000] {processor.py:186} INFO - Started process (PID=48983) to work on /home/Ashreem/airflow-env/lib/python3.12/site-packages/airflow/example_dags/example_bash_operator.py
[2025-03-07T03:06:37.918+0000] {processor.py:914} INFO - Processing file /home/Ashreem/airflow-env/lib/python3.12/site-packages/airflow/example_dags/example_bash_operator.py for tasks to queue
[2025-03-07T03:06:37.920+0000] {logging_mixin.py:190} INFO - [2025-03-07T03:06:37.920+0000] {dagbag.py:588} INFO - Filling up the DagBag from /home/Ashreem/airflow-env/lib/python3.12/site-packages/airflow/example_dags/example_bash_operator.py
[2025-03-07T03:06:37.938+0000] {processor.py:925} INFO - DAG(s) 'example_bash_operator' retrieved from /home/Ashreem/airflow-env/lib/python3.12/site-packages/airflow/example_dags/example_bash_operator.py
[2025-03-07T03:06:37.971+0000] {logging_mixin.py:190} INFO - [2025-03-07T03:06:37.970+0000] {dag.py:3239} INFO - Sync 1 DAGs
[2025-03-07T03:06:37.999+0000] {logging_mixin.py:190} INFO - [2025-03-07T03:06:37.998+0000] {dag.py:4180} INFO - Setting next_dagrun for example_bash_operator to 2025-03-06 00:00:00+00:00, run_after=2025-03-07 00:00:00+00:00
[2025-03-07T03:06:38.039+0000] {processor.py:208} INFO - Processing /home/Ashreem/airflow-env/lib/python3.12/site-packages/airflow/example_dags/example_bash_operator.py took 0.130 seconds
[2025-03-07T03:08:44.470+0000] {processor.py:186} INFO - Started process (PID=49134) to work on /home/Ashreem/airflow-env/lib/python3.12/site-packages/airflow/example_dags/example_bash_operator.py
[2025-03-07T03:08:44.472+0000] {processor.py:914} INFO - Processing file /home/Ashreem/airflow-env/lib/python3.12/site-packages/airflow/example_dags/example_bash_operator.py for tasks to queue
[2025-03-07T03:08:44.475+0000] {logging_mixin.py:190} INFO - [2025-03-07T03:08:44.475+0000] {dagbag.py:588} INFO - Filling up the DagBag from /home/Ashreem/airflow-env/lib/python3.12/site-packages/airflow/example_dags/example_bash_operator.py
[2025-03-07T03:08:44.498+0000] {processor.py:925} INFO - DAG(s) 'example_bash_operator' retrieved from /home/Ashreem/airflow-env/lib/python3.12/site-packages/airflow/example_dags/example_bash_operator.py
[2025-03-07T03:08:44.528+0000] {logging_mixin.py:190} INFO - [2025-03-07T03:08:44.528+0000] {dag.py:3239} INFO - Sync 1 DAGs
[2025-03-07T03:08:44.560+0000] {logging_mixin.py:190} INFO - [2025-03-07T03:08:44.560+0000] {dag.py:4180} INFO - Setting next_dagrun for example_bash_operator to 2025-03-06 00:00:00+00:00, run_after=2025-03-07 00:00:00+00:00
[2025-03-07T03:08:44.600+0000] {processor.py:208} INFO - Processing /home/Ashreem/airflow-env/lib/python3.12/site-packages/airflow/example_dags/example_bash_operator.py took 0.139 seconds
[2025-03-07T03:09:46.117+0000] {processor.py:186} INFO - Started process (PID=49198) to work on /home/Ashreem/airflow-env/lib/python3.12/site-packages/airflow/example_dags/example_bash_operator.py
[2025-03-07T03:09:46.119+0000] {processor.py:914} INFO - Processing file /home/Ashreem/airflow-env/lib/python3.12/site-packages/airflow/example_dags/example_bash_operator.py for tasks to queue
[2025-03-07T03:09:46.123+0000] {logging_mixin.py:190} INFO - [2025-03-07T03:09:46.122+0000] {dagbag.py:588} INFO - Filling up the DagBag from /home/Ashreem/airflow-env/lib/python3.12/site-packages/airflow/example_dags/example_bash_operator.py
[2025-03-07T03:09:46.142+0000] {processor.py:925} INFO - DAG(s) 'example_bash_operator' retrieved from /home/Ashreem/airflow-env/lib/python3.12/site-packages/airflow/example_dags/example_bash_operator.py
[2025-03-07T03:09:46.173+0000] {logging_mixin.py:190} INFO - [2025-03-07T03:09:46.173+0000] {dag.py:3239} INFO - Sync 1 DAGs
[2025-03-07T03:09:46.206+0000] {logging_mixin.py:190} INFO - [2025-03-07T03:09:46.205+0000] {dag.py:4180} INFO - Setting next_dagrun for example_bash_operator to 2025-03-06 00:00:00+00:00, run_after=2025-03-07 00:00:00+00:00
[2025-03-07T03:09:46.242+0000] {processor.py:208} INFO - Processing /home/Ashreem/airflow-env/lib/python3.12/site-packages/airflow/example_dags/example_bash_operator.py took 0.137 seconds
