[2025-03-07T02:31:15.554+0000] {processor.py:186} INFO - Started process (PID=46016) to work on /home/Ashreem/airflow-env/lib/python3.12/site-packages/airflow/example_dags/example_branch_operator_decorator.py
[2025-03-07T02:31:15.555+0000] {processor.py:914} INFO - Processing file /home/Ashreem/airflow-env/lib/python3.12/site-packages/airflow/example_dags/example_branch_operator_decorator.py for tasks to queue
[2025-03-07T02:31:15.558+0000] {logging_mixin.py:190} INFO - [2025-03-07T02:31:15.558+0000] {dagbag.py:588} INFO - Filling up the DagBag from /home/Ashreem/airflow-env/lib/python3.12/site-packages/airflow/example_dags/example_branch_operator_decorator.py
[2025-03-07T02:31:15.587+0000] {processor.py:925} INFO - DAG(s) 'example_branch_python_operator_decorator' retrieved from /home/Ashreem/airflow-env/lib/python3.12/site-packages/airflow/example_dags/example_branch_operator_decorator.py
[2025-03-07T02:31:15.754+0000] {logging_mixin.py:190} INFO - [2025-03-07T02:31:15.753+0000] {override.py:1930} INFO - Created Permission View: can read on DAG:example_branch_python_operator_decorator
[2025-03-07T02:31:15.779+0000] {logging_mixin.py:190} INFO - [2025-03-07T02:31:15.779+0000] {override.py:1930} INFO - Created Permission View: can delete on DAG:example_branch_python_operator_decorator
[2025-03-07T02:31:15.799+0000] {logging_mixin.py:190} INFO - [2025-03-07T02:31:15.799+0000] {override.py:1930} INFO - Created Permission View: can edit on DAG:example_branch_python_operator_decorator
[2025-03-07T02:31:15.836+0000] {logging_mixin.py:190} INFO - [2025-03-07T02:31:15.835+0000] {override.py:1930} INFO - Created Permission View: can read on DAG Run:example_branch_python_operator_decorator
[2025-03-07T02:31:15.861+0000] {logging_mixin.py:190} INFO - [2025-03-07T02:31:15.861+0000] {override.py:1930} INFO - Created Permission View: can delete on DAG Run:example_branch_python_operator_decorator
[2025-03-07T02:31:15.885+0000] {logging_mixin.py:190} INFO - [2025-03-07T02:31:15.885+0000] {override.py:1930} INFO - Created Permission View: menu access on DAG Run:example_branch_python_operator_decorator
[2025-03-07T02:31:15.906+0000] {logging_mixin.py:190} INFO - [2025-03-07T02:31:15.906+0000] {override.py:1930} INFO - Created Permission View: can create on DAG Run:example_branch_python_operator_decorator
[2025-03-07T02:31:15.906+0000] {logging_mixin.py:190} INFO - [2025-03-07T02:31:15.906+0000] {dag.py:3239} INFO - Sync 1 DAGs
[2025-03-07T02:31:15.919+0000] {logging_mixin.py:190} INFO - [2025-03-07T02:31:15.919+0000] {dag.py:3262} INFO - Creating ORM DAG for example_branch_python_operator_decorator
[2025-03-07T02:31:15.930+0000] {logging_mixin.py:190} INFO - [2025-03-07T02:31:15.930+0000] {dag.py:4180} INFO - Setting next_dagrun for example_branch_python_operator_decorator to 2025-03-06 00:00:00+00:00, run_after=2025-03-07 00:00:00+00:00
[2025-03-07T02:31:15.965+0000] {processor.py:208} INFO - Processing /home/Ashreem/airflow-env/lib/python3.12/site-packages/airflow/example_dags/example_branch_operator_decorator.py took 0.418 seconds
[2025-03-07T02:33:41.621+0000] {processor.py:186} INFO - Started process (PID=46181) to work on /home/Ashreem/airflow-env/lib/python3.12/site-packages/airflow/example_dags/example_branch_operator_decorator.py
[2025-03-07T02:33:41.622+0000] {processor.py:914} INFO - Processing file /home/Ashreem/airflow-env/lib/python3.12/site-packages/airflow/example_dags/example_branch_operator_decorator.py for tasks to queue
[2025-03-07T02:33:41.625+0000] {logging_mixin.py:190} INFO - [2025-03-07T02:33:41.625+0000] {dagbag.py:588} INFO - Filling up the DagBag from /home/Ashreem/airflow-env/lib/python3.12/site-packages/airflow/example_dags/example_branch_operator_decorator.py
[2025-03-07T02:33:41.651+0000] {processor.py:925} INFO - DAG(s) 'example_branch_python_operator_decorator' retrieved from /home/Ashreem/airflow-env/lib/python3.12/site-packages/airflow/example_dags/example_branch_operator_decorator.py
[2025-03-07T02:33:41.793+0000] {logging_mixin.py:190} INFO - [2025-03-07T02:33:41.793+0000] {dag.py:3239} INFO - Sync 1 DAGs
[2025-03-07T02:33:41.818+0000] {logging_mixin.py:190} INFO - [2025-03-07T02:33:41.818+0000] {dag.py:4180} INFO - Setting next_dagrun for example_branch_python_operator_decorator to 2025-03-06 00:00:00+00:00, run_after=2025-03-07 00:00:00+00:00
[2025-03-07T02:33:41.864+0000] {processor.py:208} INFO - Processing /home/Ashreem/airflow-env/lib/python3.12/site-packages/airflow/example_dags/example_branch_operator_decorator.py took 0.249 seconds
[2025-03-07T02:34:54.602+0000] {processor.py:186} INFO - Started process (PID=46457) to work on /home/Ashreem/airflow-env/lib/python3.12/site-packages/airflow/example_dags/example_branch_operator_decorator.py
[2025-03-07T02:34:54.604+0000] {processor.py:914} INFO - Processing file /home/Ashreem/airflow-env/lib/python3.12/site-packages/airflow/example_dags/example_branch_operator_decorator.py for tasks to queue
[2025-03-07T02:34:54.606+0000] {logging_mixin.py:190} INFO - [2025-03-07T02:34:54.606+0000] {dagbag.py:588} INFO - Filling up the DagBag from /home/Ashreem/airflow-env/lib/python3.12/site-packages/airflow/example_dags/example_branch_operator_decorator.py
[2025-03-07T02:34:54.637+0000] {processor.py:925} INFO - DAG(s) 'example_branch_python_operator_decorator' retrieved from /home/Ashreem/airflow-env/lib/python3.12/site-packages/airflow/example_dags/example_branch_operator_decorator.py
[2025-03-07T02:34:54.665+0000] {logging_mixin.py:190} INFO - [2025-03-07T02:34:54.665+0000] {dag.py:3239} INFO - Sync 1 DAGs
[2025-03-07T02:34:54.690+0000] {logging_mixin.py:190} INFO - [2025-03-07T02:34:54.689+0000] {dag.py:4180} INFO - Setting next_dagrun for example_branch_python_operator_decorator to 2025-03-06 00:00:00+00:00, run_after=2025-03-07 00:00:00+00:00
[2025-03-07T02:34:54.725+0000] {processor.py:208} INFO - Processing /home/Ashreem/airflow-env/lib/python3.12/site-packages/airflow/example_dags/example_branch_operator_decorator.py took 0.131 seconds
[2025-03-07T02:35:59.439+0000] {processor.py:186} INFO - Started process (PID=46523) to work on /home/Ashreem/airflow-env/lib/python3.12/site-packages/airflow/example_dags/example_branch_operator_decorator.py
[2025-03-07T02:35:59.441+0000] {processor.py:914} INFO - Processing file /home/Ashreem/airflow-env/lib/python3.12/site-packages/airflow/example_dags/example_branch_operator_decorator.py for tasks to queue
[2025-03-07T02:35:59.443+0000] {logging_mixin.py:190} INFO - [2025-03-07T02:35:59.443+0000] {dagbag.py:588} INFO - Filling up the DagBag from /home/Ashreem/airflow-env/lib/python3.12/site-packages/airflow/example_dags/example_branch_operator_decorator.py
[2025-03-07T02:35:59.475+0000] {processor.py:925} INFO - DAG(s) 'example_branch_python_operator_decorator' retrieved from /home/Ashreem/airflow-env/lib/python3.12/site-packages/airflow/example_dags/example_branch_operator_decorator.py
[2025-03-07T02:35:59.508+0000] {logging_mixin.py:190} INFO - [2025-03-07T02:35:59.508+0000] {dag.py:3239} INFO - Sync 1 DAGs
[2025-03-07T02:35:59.535+0000] {logging_mixin.py:190} INFO - [2025-03-07T02:35:59.535+0000] {dag.py:4180} INFO - Setting next_dagrun for example_branch_python_operator_decorator to 2025-03-06 00:00:00+00:00, run_after=2025-03-07 00:00:00+00:00
[2025-03-07T02:35:59.577+0000] {processor.py:208} INFO - Processing /home/Ashreem/airflow-env/lib/python3.12/site-packages/airflow/example_dags/example_branch_operator_decorator.py took 0.149 seconds
[2025-03-07T02:37:07.646+0000] {processor.py:186} INFO - Started process (PID=46594) to work on /home/Ashreem/airflow-env/lib/python3.12/site-packages/airflow/example_dags/example_branch_operator_decorator.py
[2025-03-07T02:37:07.648+0000] {processor.py:914} INFO - Processing file /home/Ashreem/airflow-env/lib/python3.12/site-packages/airflow/example_dags/example_branch_operator_decorator.py for tasks to queue
[2025-03-07T02:37:07.651+0000] {logging_mixin.py:190} INFO - [2025-03-07T02:37:07.650+0000] {dagbag.py:588} INFO - Filling up the DagBag from /home/Ashreem/airflow-env/lib/python3.12/site-packages/airflow/example_dags/example_branch_operator_decorator.py
[2025-03-07T02:37:07.679+0000] {processor.py:925} INFO - DAG(s) 'example_branch_python_operator_decorator' retrieved from /home/Ashreem/airflow-env/lib/python3.12/site-packages/airflow/example_dags/example_branch_operator_decorator.py
[2025-03-07T02:37:07.710+0000] {logging_mixin.py:190} INFO - [2025-03-07T02:37:07.710+0000] {dag.py:3239} INFO - Sync 1 DAGs
[2025-03-07T02:37:07.737+0000] {logging_mixin.py:190} INFO - [2025-03-07T02:37:07.737+0000] {dag.py:4180} INFO - Setting next_dagrun for example_branch_python_operator_decorator to 2025-03-06 00:00:00+00:00, run_after=2025-03-07 00:00:00+00:00
[2025-03-07T02:37:07.776+0000] {processor.py:208} INFO - Processing /home/Ashreem/airflow-env/lib/python3.12/site-packages/airflow/example_dags/example_branch_operator_decorator.py took 0.138 seconds
[2025-03-07T02:38:09.650+0000] {processor.py:186} INFO - Started process (PID=46654) to work on /home/Ashreem/airflow-env/lib/python3.12/site-packages/airflow/example_dags/example_branch_operator_decorator.py
[2025-03-07T02:38:09.652+0000] {processor.py:914} INFO - Processing file /home/Ashreem/airflow-env/lib/python3.12/site-packages/airflow/example_dags/example_branch_operator_decorator.py for tasks to queue
[2025-03-07T02:38:09.654+0000] {logging_mixin.py:190} INFO - [2025-03-07T02:38:09.654+0000] {dagbag.py:588} INFO - Filling up the DagBag from /home/Ashreem/airflow-env/lib/python3.12/site-packages/airflow/example_dags/example_branch_operator_decorator.py
[2025-03-07T02:38:09.684+0000] {processor.py:925} INFO - DAG(s) 'example_branch_python_operator_decorator' retrieved from /home/Ashreem/airflow-env/lib/python3.12/site-packages/airflow/example_dags/example_branch_operator_decorator.py
[2025-03-07T02:38:09.718+0000] {logging_mixin.py:190} INFO - [2025-03-07T02:38:09.718+0000] {dag.py:3239} INFO - Sync 1 DAGs
[2025-03-07T02:38:09.748+0000] {logging_mixin.py:190} INFO - [2025-03-07T02:38:09.747+0000] {dag.py:4180} INFO - Setting next_dagrun for example_branch_python_operator_decorator to 2025-03-06 00:00:00+00:00, run_after=2025-03-07 00:00:00+00:00
[2025-03-07T02:38:09.790+0000] {processor.py:208} INFO - Processing /home/Ashreem/airflow-env/lib/python3.12/site-packages/airflow/example_dags/example_branch_operator_decorator.py took 0.148 seconds
[2025-03-07T02:39:12.549+0000] {processor.py:186} INFO - Started process (PID=46724) to work on /home/Ashreem/airflow-env/lib/python3.12/site-packages/airflow/example_dags/example_branch_operator_decorator.py
[2025-03-07T02:39:12.551+0000] {processor.py:914} INFO - Processing file /home/Ashreem/airflow-env/lib/python3.12/site-packages/airflow/example_dags/example_branch_operator_decorator.py for tasks to queue
[2025-03-07T02:39:12.555+0000] {logging_mixin.py:190} INFO - [2025-03-07T02:39:12.555+0000] {dagbag.py:588} INFO - Filling up the DagBag from /home/Ashreem/airflow-env/lib/python3.12/site-packages/airflow/example_dags/example_branch_operator_decorator.py
[2025-03-07T02:39:12.589+0000] {processor.py:925} INFO - DAG(s) 'example_branch_python_operator_decorator' retrieved from /home/Ashreem/airflow-env/lib/python3.12/site-packages/airflow/example_dags/example_branch_operator_decorator.py
[2025-03-07T02:39:12.630+0000] {logging_mixin.py:190} INFO - [2025-03-07T02:39:12.629+0000] {dag.py:3239} INFO - Sync 1 DAGs
[2025-03-07T02:39:12.662+0000] {logging_mixin.py:190} INFO - [2025-03-07T02:39:12.661+0000] {dag.py:4180} INFO - Setting next_dagrun for example_branch_python_operator_decorator to 2025-03-06 00:00:00+00:00, run_after=2025-03-07 00:00:00+00:00
[2025-03-07T02:39:12.703+0000] {processor.py:208} INFO - Processing /home/Ashreem/airflow-env/lib/python3.12/site-packages/airflow/example_dags/example_branch_operator_decorator.py took 0.163 seconds
[2025-03-07T02:40:16.289+0000] {processor.py:186} INFO - Started process (PID=46786) to work on /home/Ashreem/airflow-env/lib/python3.12/site-packages/airflow/example_dags/example_branch_operator_decorator.py
[2025-03-07T02:40:16.292+0000] {processor.py:914} INFO - Processing file /home/Ashreem/airflow-env/lib/python3.12/site-packages/airflow/example_dags/example_branch_operator_decorator.py for tasks to queue
[2025-03-07T02:40:16.294+0000] {logging_mixin.py:190} INFO - [2025-03-07T02:40:16.294+0000] {dagbag.py:588} INFO - Filling up the DagBag from /home/Ashreem/airflow-env/lib/python3.12/site-packages/airflow/example_dags/example_branch_operator_decorator.py
[2025-03-07T02:40:16.328+0000] {processor.py:925} INFO - DAG(s) 'example_branch_python_operator_decorator' retrieved from /home/Ashreem/airflow-env/lib/python3.12/site-packages/airflow/example_dags/example_branch_operator_decorator.py
[2025-03-07T02:40:16.360+0000] {logging_mixin.py:190} INFO - [2025-03-07T02:40:16.359+0000] {dag.py:3239} INFO - Sync 1 DAGs
[2025-03-07T02:40:16.390+0000] {logging_mixin.py:190} INFO - [2025-03-07T02:40:16.389+0000] {dag.py:4180} INFO - Setting next_dagrun for example_branch_python_operator_decorator to 2025-03-06 00:00:00+00:00, run_after=2025-03-07 00:00:00+00:00
[2025-03-07T02:40:16.429+0000] {processor.py:208} INFO - Processing /home/Ashreem/airflow-env/lib/python3.12/site-packages/airflow/example_dags/example_branch_operator_decorator.py took 0.148 seconds
[2025-03-07T02:41:18.913+0000] {processor.py:186} INFO - Started process (PID=46852) to work on /home/Ashreem/airflow-env/lib/python3.12/site-packages/airflow/example_dags/example_branch_operator_decorator.py
[2025-03-07T02:41:18.915+0000] {processor.py:914} INFO - Processing file /home/Ashreem/airflow-env/lib/python3.12/site-packages/airflow/example_dags/example_branch_operator_decorator.py for tasks to queue
[2025-03-07T02:41:18.918+0000] {logging_mixin.py:190} INFO - [2025-03-07T02:41:18.917+0000] {dagbag.py:588} INFO - Filling up the DagBag from /home/Ashreem/airflow-env/lib/python3.12/site-packages/airflow/example_dags/example_branch_operator_decorator.py
[2025-03-07T02:41:18.950+0000] {processor.py:925} INFO - DAG(s) 'example_branch_python_operator_decorator' retrieved from /home/Ashreem/airflow-env/lib/python3.12/site-packages/airflow/example_dags/example_branch_operator_decorator.py
[2025-03-07T02:41:18.982+0000] {logging_mixin.py:190} INFO - [2025-03-07T02:41:18.982+0000] {dag.py:3239} INFO - Sync 1 DAGs
[2025-03-07T02:41:19.009+0000] {logging_mixin.py:190} INFO - [2025-03-07T02:41:19.008+0000] {dag.py:4180} INFO - Setting next_dagrun for example_branch_python_operator_decorator to 2025-03-06 00:00:00+00:00, run_after=2025-03-07 00:00:00+00:00
[2025-03-07T02:41:19.052+0000] {processor.py:208} INFO - Processing /home/Ashreem/airflow-env/lib/python3.12/site-packages/airflow/example_dags/example_branch_operator_decorator.py took 0.150 seconds
[2025-03-07T02:42:22.681+0000] {processor.py:186} INFO - Started process (PID=46913) to work on /home/Ashreem/airflow-env/lib/python3.12/site-packages/airflow/example_dags/example_branch_operator_decorator.py
[2025-03-07T02:42:22.683+0000] {processor.py:914} INFO - Processing file /home/Ashreem/airflow-env/lib/python3.12/site-packages/airflow/example_dags/example_branch_operator_decorator.py for tasks to queue
[2025-03-07T02:42:22.686+0000] {logging_mixin.py:190} INFO - [2025-03-07T02:42:22.685+0000] {dagbag.py:588} INFO - Filling up the DagBag from /home/Ashreem/airflow-env/lib/python3.12/site-packages/airflow/example_dags/example_branch_operator_decorator.py
[2025-03-07T02:42:22.717+0000] {processor.py:925} INFO - DAG(s) 'example_branch_python_operator_decorator' retrieved from /home/Ashreem/airflow-env/lib/python3.12/site-packages/airflow/example_dags/example_branch_operator_decorator.py
[2025-03-07T02:42:22.748+0000] {logging_mixin.py:190} INFO - [2025-03-07T02:42:22.748+0000] {dag.py:3239} INFO - Sync 1 DAGs
[2025-03-07T02:42:22.781+0000] {logging_mixin.py:190} INFO - [2025-03-07T02:42:22.781+0000] {dag.py:4180} INFO - Setting next_dagrun for example_branch_python_operator_decorator to 2025-03-06 00:00:00+00:00, run_after=2025-03-07 00:00:00+00:00
[2025-03-07T02:42:22.818+0000] {processor.py:208} INFO - Processing /home/Ashreem/airflow-env/lib/python3.12/site-packages/airflow/example_dags/example_branch_operator_decorator.py took 0.145 seconds
[2025-03-07T02:43:26.941+0000] {processor.py:186} INFO - Started process (PID=46986) to work on /home/Ashreem/airflow-env/lib/python3.12/site-packages/airflow/example_dags/example_branch_operator_decorator.py
[2025-03-07T02:43:26.943+0000] {processor.py:914} INFO - Processing file /home/Ashreem/airflow-env/lib/python3.12/site-packages/airflow/example_dags/example_branch_operator_decorator.py for tasks to queue
[2025-03-07T02:43:26.946+0000] {logging_mixin.py:190} INFO - [2025-03-07T02:43:26.945+0000] {dagbag.py:588} INFO - Filling up the DagBag from /home/Ashreem/airflow-env/lib/python3.12/site-packages/airflow/example_dags/example_branch_operator_decorator.py
[2025-03-07T02:43:26.980+0000] {processor.py:925} INFO - DAG(s) 'example_branch_python_operator_decorator' retrieved from /home/Ashreem/airflow-env/lib/python3.12/site-packages/airflow/example_dags/example_branch_operator_decorator.py
[2025-03-07T02:43:27.014+0000] {logging_mixin.py:190} INFO - [2025-03-07T02:43:27.014+0000] {dag.py:3239} INFO - Sync 1 DAGs
[2025-03-07T02:43:27.048+0000] {logging_mixin.py:190} INFO - [2025-03-07T02:43:27.047+0000] {dag.py:4180} INFO - Setting next_dagrun for example_branch_python_operator_decorator to 2025-03-06 00:00:00+00:00, run_after=2025-03-07 00:00:00+00:00
[2025-03-07T02:43:27.099+0000] {processor.py:208} INFO - Processing /home/Ashreem/airflow-env/lib/python3.12/site-packages/airflow/example_dags/example_branch_operator_decorator.py took 0.166 seconds
[2025-03-07T02:44:30.493+0000] {processor.py:186} INFO - Started process (PID=47053) to work on /home/Ashreem/airflow-env/lib/python3.12/site-packages/airflow/example_dags/example_branch_operator_decorator.py
[2025-03-07T02:44:30.497+0000] {processor.py:914} INFO - Processing file /home/Ashreem/airflow-env/lib/python3.12/site-packages/airflow/example_dags/example_branch_operator_decorator.py for tasks to queue
[2025-03-07T02:44:30.500+0000] {logging_mixin.py:190} INFO - [2025-03-07T02:44:30.500+0000] {dagbag.py:588} INFO - Filling up the DagBag from /home/Ashreem/airflow-env/lib/python3.12/site-packages/airflow/example_dags/example_branch_operator_decorator.py
[2025-03-07T02:44:30.529+0000] {processor.py:925} INFO - DAG(s) 'example_branch_python_operator_decorator' retrieved from /home/Ashreem/airflow-env/lib/python3.12/site-packages/airflow/example_dags/example_branch_operator_decorator.py
[2025-03-07T02:44:30.562+0000] {logging_mixin.py:190} INFO - [2025-03-07T02:44:30.562+0000] {dag.py:3239} INFO - Sync 1 DAGs
[2025-03-07T02:44:30.588+0000] {logging_mixin.py:190} INFO - [2025-03-07T02:44:30.588+0000] {dag.py:4180} INFO - Setting next_dagrun for example_branch_python_operator_decorator to 2025-03-06 00:00:00+00:00, run_after=2025-03-07 00:00:00+00:00
[2025-03-07T02:44:30.622+0000] {processor.py:208} INFO - Processing /home/Ashreem/airflow-env/lib/python3.12/site-packages/airflow/example_dags/example_branch_operator_decorator.py took 0.136 seconds
[2025-03-07T02:45:32.879+0000] {processor.py:186} INFO - Started process (PID=47134) to work on /home/Ashreem/airflow-env/lib/python3.12/site-packages/airflow/example_dags/example_branch_operator_decorator.py
[2025-03-07T02:45:32.881+0000] {processor.py:914} INFO - Processing file /home/Ashreem/airflow-env/lib/python3.12/site-packages/airflow/example_dags/example_branch_operator_decorator.py for tasks to queue
[2025-03-07T02:45:32.884+0000] {logging_mixin.py:190} INFO - [2025-03-07T02:45:32.883+0000] {dagbag.py:588} INFO - Filling up the DagBag from /home/Ashreem/airflow-env/lib/python3.12/site-packages/airflow/example_dags/example_branch_operator_decorator.py
[2025-03-07T02:45:32.914+0000] {processor.py:925} INFO - DAG(s) 'example_branch_python_operator_decorator' retrieved from /home/Ashreem/airflow-env/lib/python3.12/site-packages/airflow/example_dags/example_branch_operator_decorator.py
[2025-03-07T02:45:32.944+0000] {logging_mixin.py:190} INFO - [2025-03-07T02:45:32.944+0000] {dag.py:3239} INFO - Sync 1 DAGs
[2025-03-07T02:45:32.972+0000] {logging_mixin.py:190} INFO - [2025-03-07T02:45:32.972+0000] {dag.py:4180} INFO - Setting next_dagrun for example_branch_python_operator_decorator to 2025-03-06 00:00:00+00:00, run_after=2025-03-07 00:00:00+00:00
[2025-03-07T02:45:33.011+0000] {processor.py:208} INFO - Processing /home/Ashreem/airflow-env/lib/python3.12/site-packages/airflow/example_dags/example_branch_operator_decorator.py took 0.140 seconds
[2025-03-07T02:46:36.905+0000] {processor.py:186} INFO - Started process (PID=47200) to work on /home/Ashreem/airflow-env/lib/python3.12/site-packages/airflow/example_dags/example_branch_operator_decorator.py
[2025-03-07T02:46:36.908+0000] {processor.py:914} INFO - Processing file /home/Ashreem/airflow-env/lib/python3.12/site-packages/airflow/example_dags/example_branch_operator_decorator.py for tasks to queue
[2025-03-07T02:46:36.910+0000] {logging_mixin.py:190} INFO - [2025-03-07T02:46:36.910+0000] {dagbag.py:588} INFO - Filling up the DagBag from /home/Ashreem/airflow-env/lib/python3.12/site-packages/airflow/example_dags/example_branch_operator_decorator.py
[2025-03-07T02:46:36.939+0000] {processor.py:925} INFO - DAG(s) 'example_branch_python_operator_decorator' retrieved from /home/Ashreem/airflow-env/lib/python3.12/site-packages/airflow/example_dags/example_branch_operator_decorator.py
[2025-03-07T02:46:36.971+0000] {logging_mixin.py:190} INFO - [2025-03-07T02:46:36.971+0000] {dag.py:3239} INFO - Sync 1 DAGs
[2025-03-07T02:46:36.998+0000] {logging_mixin.py:190} INFO - [2025-03-07T02:46:36.998+0000] {dag.py:4180} INFO - Setting next_dagrun for example_branch_python_operator_decorator to 2025-03-06 00:00:00+00:00, run_after=2025-03-07 00:00:00+00:00
[2025-03-07T02:46:37.047+0000] {processor.py:208} INFO - Processing /home/Ashreem/airflow-env/lib/python3.12/site-packages/airflow/example_dags/example_branch_operator_decorator.py took 0.149 seconds
[2025-03-07T02:47:40.188+0000] {processor.py:186} INFO - Started process (PID=47260) to work on /home/Ashreem/airflow-env/lib/python3.12/site-packages/airflow/example_dags/example_branch_operator_decorator.py
[2025-03-07T02:47:40.190+0000] {processor.py:914} INFO - Processing file /home/Ashreem/airflow-env/lib/python3.12/site-packages/airflow/example_dags/example_branch_operator_decorator.py for tasks to queue
[2025-03-07T02:47:40.192+0000] {logging_mixin.py:190} INFO - [2025-03-07T02:47:40.192+0000] {dagbag.py:588} INFO - Filling up the DagBag from /home/Ashreem/airflow-env/lib/python3.12/site-packages/airflow/example_dags/example_branch_operator_decorator.py
[2025-03-07T02:47:40.221+0000] {processor.py:925} INFO - DAG(s) 'example_branch_python_operator_decorator' retrieved from /home/Ashreem/airflow-env/lib/python3.12/site-packages/airflow/example_dags/example_branch_operator_decorator.py
[2025-03-07T02:47:40.255+0000] {logging_mixin.py:190} INFO - [2025-03-07T02:47:40.254+0000] {dag.py:3239} INFO - Sync 1 DAGs
[2025-03-07T02:47:40.280+0000] {logging_mixin.py:190} INFO - [2025-03-07T02:47:40.279+0000] {dag.py:4180} INFO - Setting next_dagrun for example_branch_python_operator_decorator to 2025-03-06 00:00:00+00:00, run_after=2025-03-07 00:00:00+00:00
[2025-03-07T02:47:40.317+0000] {processor.py:208} INFO - Processing /home/Ashreem/airflow-env/lib/python3.12/site-packages/airflow/example_dags/example_branch_operator_decorator.py took 0.136 seconds
[2025-03-07T02:48:49.916+0000] {processor.py:186} INFO - Started process (PID=47340) to work on /home/Ashreem/airflow-env/lib/python3.12/site-packages/airflow/example_dags/example_branch_operator_decorator.py
[2025-03-07T02:48:49.918+0000] {processor.py:914} INFO - Processing file /home/Ashreem/airflow-env/lib/python3.12/site-packages/airflow/example_dags/example_branch_operator_decorator.py for tasks to queue
[2025-03-07T02:48:49.921+0000] {logging_mixin.py:190} INFO - [2025-03-07T02:48:49.921+0000] {dagbag.py:588} INFO - Filling up the DagBag from /home/Ashreem/airflow-env/lib/python3.12/site-packages/airflow/example_dags/example_branch_operator_decorator.py
[2025-03-07T02:48:49.950+0000] {processor.py:925} INFO - DAG(s) 'example_branch_python_operator_decorator' retrieved from /home/Ashreem/airflow-env/lib/python3.12/site-packages/airflow/example_dags/example_branch_operator_decorator.py
[2025-03-07T02:48:49.978+0000] {logging_mixin.py:190} INFO - [2025-03-07T02:48:49.978+0000] {dag.py:3239} INFO - Sync 1 DAGs
[2025-03-07T02:48:50.007+0000] {logging_mixin.py:190} INFO - [2025-03-07T02:48:50.007+0000] {dag.py:4180} INFO - Setting next_dagrun for example_branch_python_operator_decorator to 2025-03-06 00:00:00+00:00, run_after=2025-03-07 00:00:00+00:00
[2025-03-07T02:48:50.042+0000] {processor.py:208} INFO - Processing /home/Ashreem/airflow-env/lib/python3.12/site-packages/airflow/example_dags/example_branch_operator_decorator.py took 0.134 seconds
[2025-03-07T02:49:55.081+0000] {processor.py:186} INFO - Started process (PID=47412) to work on /home/Ashreem/airflow-env/lib/python3.12/site-packages/airflow/example_dags/example_branch_operator_decorator.py
[2025-03-07T02:49:55.083+0000] {processor.py:914} INFO - Processing file /home/Ashreem/airflow-env/lib/python3.12/site-packages/airflow/example_dags/example_branch_operator_decorator.py for tasks to queue
[2025-03-07T02:49:55.087+0000] {logging_mixin.py:190} INFO - [2025-03-07T02:49:55.086+0000] {dagbag.py:588} INFO - Filling up the DagBag from /home/Ashreem/airflow-env/lib/python3.12/site-packages/airflow/example_dags/example_branch_operator_decorator.py
[2025-03-07T02:49:55.120+0000] {processor.py:925} INFO - DAG(s) 'example_branch_python_operator_decorator' retrieved from /home/Ashreem/airflow-env/lib/python3.12/site-packages/airflow/example_dags/example_branch_operator_decorator.py
[2025-03-07T02:49:55.157+0000] {logging_mixin.py:190} INFO - [2025-03-07T02:49:55.157+0000] {dag.py:3239} INFO - Sync 1 DAGs
[2025-03-07T02:49:55.187+0000] {logging_mixin.py:190} INFO - [2025-03-07T02:49:55.187+0000] {dag.py:4180} INFO - Setting next_dagrun for example_branch_python_operator_decorator to 2025-03-06 00:00:00+00:00, run_after=2025-03-07 00:00:00+00:00
[2025-03-07T02:49:55.259+0000] {processor.py:208} INFO - Processing /home/Ashreem/airflow-env/lib/python3.12/site-packages/airflow/example_dags/example_branch_operator_decorator.py took 0.187 seconds
[2025-03-07T02:50:58.520+0000] {processor.py:186} INFO - Started process (PID=47481) to work on /home/Ashreem/airflow-env/lib/python3.12/site-packages/airflow/example_dags/example_branch_operator_decorator.py
[2025-03-07T02:50:58.522+0000] {processor.py:914} INFO - Processing file /home/Ashreem/airflow-env/lib/python3.12/site-packages/airflow/example_dags/example_branch_operator_decorator.py for tasks to queue
[2025-03-07T02:50:58.525+0000] {logging_mixin.py:190} INFO - [2025-03-07T02:50:58.524+0000] {dagbag.py:588} INFO - Filling up the DagBag from /home/Ashreem/airflow-env/lib/python3.12/site-packages/airflow/example_dags/example_branch_operator_decorator.py
[2025-03-07T02:50:58.555+0000] {processor.py:925} INFO - DAG(s) 'example_branch_python_operator_decorator' retrieved from /home/Ashreem/airflow-env/lib/python3.12/site-packages/airflow/example_dags/example_branch_operator_decorator.py
[2025-03-07T02:50:58.586+0000] {logging_mixin.py:190} INFO - [2025-03-07T02:50:58.586+0000] {dag.py:3239} INFO - Sync 1 DAGs
[2025-03-07T02:50:58.618+0000] {logging_mixin.py:190} INFO - [2025-03-07T02:50:58.618+0000] {dag.py:4180} INFO - Setting next_dagrun for example_branch_python_operator_decorator to 2025-03-06 00:00:00+00:00, run_after=2025-03-07 00:00:00+00:00
[2025-03-07T02:50:58.658+0000] {processor.py:208} INFO - Processing /home/Ashreem/airflow-env/lib/python3.12/site-packages/airflow/example_dags/example_branch_operator_decorator.py took 0.145 seconds
[2025-03-07T02:52:01.638+0000] {processor.py:186} INFO - Started process (PID=47542) to work on /home/Ashreem/airflow-env/lib/python3.12/site-packages/airflow/example_dags/example_branch_operator_decorator.py
[2025-03-07T02:52:01.640+0000] {processor.py:914} INFO - Processing file /home/Ashreem/airflow-env/lib/python3.12/site-packages/airflow/example_dags/example_branch_operator_decorator.py for tasks to queue
[2025-03-07T02:52:01.642+0000] {logging_mixin.py:190} INFO - [2025-03-07T02:52:01.642+0000] {dagbag.py:588} INFO - Filling up the DagBag from /home/Ashreem/airflow-env/lib/python3.12/site-packages/airflow/example_dags/example_branch_operator_decorator.py
[2025-03-07T02:52:01.678+0000] {processor.py:925} INFO - DAG(s) 'example_branch_python_operator_decorator' retrieved from /home/Ashreem/airflow-env/lib/python3.12/site-packages/airflow/example_dags/example_branch_operator_decorator.py
[2025-03-07T02:52:01.709+0000] {logging_mixin.py:190} INFO - [2025-03-07T02:52:01.708+0000] {dag.py:3239} INFO - Sync 1 DAGs
[2025-03-07T02:52:01.735+0000] {logging_mixin.py:190} INFO - [2025-03-07T02:52:01.735+0000] {dag.py:4180} INFO - Setting next_dagrun for example_branch_python_operator_decorator to 2025-03-06 00:00:00+00:00, run_after=2025-03-07 00:00:00+00:00
[2025-03-07T02:52:01.773+0000] {processor.py:208} INFO - Processing /home/Ashreem/airflow-env/lib/python3.12/site-packages/airflow/example_dags/example_branch_operator_decorator.py took 0.143 seconds
[2025-03-07T02:53:07.627+0000] {processor.py:186} INFO - Started process (PID=47612) to work on /home/Ashreem/airflow-env/lib/python3.12/site-packages/airflow/example_dags/example_branch_operator_decorator.py
[2025-03-07T02:53:07.629+0000] {processor.py:914} INFO - Processing file /home/Ashreem/airflow-env/lib/python3.12/site-packages/airflow/example_dags/example_branch_operator_decorator.py for tasks to queue
[2025-03-07T02:53:07.631+0000] {logging_mixin.py:190} INFO - [2025-03-07T02:53:07.631+0000] {dagbag.py:588} INFO - Filling up the DagBag from /home/Ashreem/airflow-env/lib/python3.12/site-packages/airflow/example_dags/example_branch_operator_decorator.py
[2025-03-07T02:53:07.661+0000] {processor.py:925} INFO - DAG(s) 'example_branch_python_operator_decorator' retrieved from /home/Ashreem/airflow-env/lib/python3.12/site-packages/airflow/example_dags/example_branch_operator_decorator.py
[2025-03-07T02:53:07.692+0000] {logging_mixin.py:190} INFO - [2025-03-07T02:53:07.691+0000] {dag.py:3239} INFO - Sync 1 DAGs
[2025-03-07T02:53:07.719+0000] {logging_mixin.py:190} INFO - [2025-03-07T02:53:07.719+0000] {dag.py:4180} INFO - Setting next_dagrun for example_branch_python_operator_decorator to 2025-03-06 00:00:00+00:00, run_after=2025-03-07 00:00:00+00:00
[2025-03-07T02:53:07.758+0000] {processor.py:208} INFO - Processing /home/Ashreem/airflow-env/lib/python3.12/site-packages/airflow/example_dags/example_branch_operator_decorator.py took 0.139 seconds
[2025-03-07T02:54:09.831+0000] {processor.py:186} INFO - Started process (PID=47676) to work on /home/Ashreem/airflow-env/lib/python3.12/site-packages/airflow/example_dags/example_branch_operator_decorator.py
[2025-03-07T02:54:09.833+0000] {processor.py:914} INFO - Processing file /home/Ashreem/airflow-env/lib/python3.12/site-packages/airflow/example_dags/example_branch_operator_decorator.py for tasks to queue
[2025-03-07T02:54:09.836+0000] {logging_mixin.py:190} INFO - [2025-03-07T02:54:09.835+0000] {dagbag.py:588} INFO - Filling up the DagBag from /home/Ashreem/airflow-env/lib/python3.12/site-packages/airflow/example_dags/example_branch_operator_decorator.py
[2025-03-07T02:54:09.866+0000] {processor.py:925} INFO - DAG(s) 'example_branch_python_operator_decorator' retrieved from /home/Ashreem/airflow-env/lib/python3.12/site-packages/airflow/example_dags/example_branch_operator_decorator.py
[2025-03-07T02:54:09.898+0000] {logging_mixin.py:190} INFO - [2025-03-07T02:54:09.897+0000] {dag.py:3239} INFO - Sync 1 DAGs
[2025-03-07T02:54:09.923+0000] {logging_mixin.py:190} INFO - [2025-03-07T02:54:09.922+0000] {dag.py:4180} INFO - Setting next_dagrun for example_branch_python_operator_decorator to 2025-03-06 00:00:00+00:00, run_after=2025-03-07 00:00:00+00:00
[2025-03-07T02:54:09.957+0000] {processor.py:208} INFO - Processing /home/Ashreem/airflow-env/lib/python3.12/site-packages/airflow/example_dags/example_branch_operator_decorator.py took 0.133 seconds
[2025-03-07T02:55:10.859+0000] {processor.py:186} INFO - Started process (PID=47743) to work on /home/Ashreem/airflow-env/lib/python3.12/site-packages/airflow/example_dags/example_branch_operator_decorator.py
[2025-03-07T02:55:10.860+0000] {processor.py:914} INFO - Processing file /home/Ashreem/airflow-env/lib/python3.12/site-packages/airflow/example_dags/example_branch_operator_decorator.py for tasks to queue
[2025-03-07T02:55:10.863+0000] {logging_mixin.py:190} INFO - [2025-03-07T02:55:10.863+0000] {dagbag.py:588} INFO - Filling up the DagBag from /home/Ashreem/airflow-env/lib/python3.12/site-packages/airflow/example_dags/example_branch_operator_decorator.py
[2025-03-07T02:55:10.893+0000] {processor.py:925} INFO - DAG(s) 'example_branch_python_operator_decorator' retrieved from /home/Ashreem/airflow-env/lib/python3.12/site-packages/airflow/example_dags/example_branch_operator_decorator.py
[2025-03-07T02:55:10.925+0000] {logging_mixin.py:190} INFO - [2025-03-07T02:55:10.925+0000] {dag.py:3239} INFO - Sync 1 DAGs
[2025-03-07T02:55:10.952+0000] {logging_mixin.py:190} INFO - [2025-03-07T02:55:10.952+0000] {dag.py:4180} INFO - Setting next_dagrun for example_branch_python_operator_decorator to 2025-03-06 00:00:00+00:00, run_after=2025-03-07 00:00:00+00:00
[2025-03-07T02:55:10.995+0000] {processor.py:208} INFO - Processing /home/Ashreem/airflow-env/lib/python3.12/site-packages/airflow/example_dags/example_branch_operator_decorator.py took 0.147 seconds
[2025-03-07T02:56:15.310+0000] {processor.py:186} INFO - Started process (PID=47901) to work on /home/Ashreem/airflow-env/lib/python3.12/site-packages/airflow/example_dags/example_branch_operator_decorator.py
[2025-03-07T02:56:15.312+0000] {processor.py:914} INFO - Processing file /home/Ashreem/airflow-env/lib/python3.12/site-packages/airflow/example_dags/example_branch_operator_decorator.py for tasks to queue
[2025-03-07T02:56:15.315+0000] {logging_mixin.py:190} INFO - [2025-03-07T02:56:15.315+0000] {dagbag.py:588} INFO - Filling up the DagBag from /home/Ashreem/airflow-env/lib/python3.12/site-packages/airflow/example_dags/example_branch_operator_decorator.py
[2025-03-07T02:56:15.355+0000] {processor.py:925} INFO - DAG(s) 'example_branch_python_operator_decorator' retrieved from /home/Ashreem/airflow-env/lib/python3.12/site-packages/airflow/example_dags/example_branch_operator_decorator.py
[2025-03-07T02:56:15.392+0000] {logging_mixin.py:190} INFO - [2025-03-07T02:56:15.392+0000] {dag.py:3239} INFO - Sync 1 DAGs
[2025-03-07T02:56:15.422+0000] {logging_mixin.py:190} INFO - [2025-03-07T02:56:15.421+0000] {dag.py:4180} INFO - Setting next_dagrun for example_branch_python_operator_decorator to 2025-03-06 00:00:00+00:00, run_after=2025-03-07 00:00:00+00:00
[2025-03-07T02:56:15.467+0000] {processor.py:208} INFO - Processing /home/Ashreem/airflow-env/lib/python3.12/site-packages/airflow/example_dags/example_branch_operator_decorator.py took 0.165 seconds
[2025-03-07T02:57:11.332+0000] {processor.py:186} INFO - Started process (PID=48007) to work on /home/Ashreem/airflow-env/lib/python3.12/site-packages/airflow/example_dags/example_branch_operator_decorator.py
[2025-03-07T02:57:11.334+0000] {processor.py:914} INFO - Processing file /home/Ashreem/airflow-env/lib/python3.12/site-packages/airflow/example_dags/example_branch_operator_decorator.py for tasks to queue
[2025-03-07T02:57:11.336+0000] {logging_mixin.py:190} INFO - [2025-03-07T02:57:11.336+0000] {dagbag.py:588} INFO - Filling up the DagBag from /home/Ashreem/airflow-env/lib/python3.12/site-packages/airflow/example_dags/example_branch_operator_decorator.py
[2025-03-07T02:57:11.368+0000] {processor.py:925} INFO - DAG(s) 'example_branch_python_operator_decorator' retrieved from /home/Ashreem/airflow-env/lib/python3.12/site-packages/airflow/example_dags/example_branch_operator_decorator.py
[2025-03-07T02:57:11.535+0000] {logging_mixin.py:190} INFO - [2025-03-07T02:57:11.535+0000] {dag.py:3239} INFO - Sync 1 DAGs
[2025-03-07T02:57:11.562+0000] {logging_mixin.py:190} INFO - [2025-03-07T02:57:11.562+0000] {dag.py:4180} INFO - Setting next_dagrun for example_branch_python_operator_decorator to 2025-03-06 00:00:00+00:00, run_after=2025-03-07 00:00:00+00:00
[2025-03-07T02:57:11.601+0000] {processor.py:208} INFO - Processing /home/Ashreem/airflow-env/lib/python3.12/site-packages/airflow/example_dags/example_branch_operator_decorator.py took 0.277 seconds
[2025-03-07T02:57:20.806+0000] {processor.py:186} INFO - Started process (PID=48020) to work on /home/Ashreem/airflow-env/lib/python3.12/site-packages/airflow/example_dags/example_branch_operator_decorator.py
[2025-03-07T02:57:20.808+0000] {processor.py:914} INFO - Processing file /home/Ashreem/airflow-env/lib/python3.12/site-packages/airflow/example_dags/example_branch_operator_decorator.py for tasks to queue
[2025-03-07T02:57:20.810+0000] {logging_mixin.py:190} INFO - [2025-03-07T02:57:20.810+0000] {dagbag.py:588} INFO - Filling up the DagBag from /home/Ashreem/airflow-env/lib/python3.12/site-packages/airflow/example_dags/example_branch_operator_decorator.py
[2025-03-07T02:57:20.842+0000] {processor.py:925} INFO - DAG(s) 'example_branch_python_operator_decorator' retrieved from /home/Ashreem/airflow-env/lib/python3.12/site-packages/airflow/example_dags/example_branch_operator_decorator.py
[2025-03-07T02:57:20.853+0000] {logging_mixin.py:190} INFO - [2025-03-07T02:57:20.852+0000] {dag.py:3239} INFO - Sync 1 DAGs
[2025-03-07T02:57:20.882+0000] {logging_mixin.py:190} INFO - [2025-03-07T02:57:20.882+0000] {dag.py:4180} INFO - Setting next_dagrun for example_branch_python_operator_decorator to 2025-03-06 00:00:00+00:00, run_after=2025-03-07 00:00:00+00:00
[2025-03-07T02:57:20.919+0000] {processor.py:208} INFO - Processing /home/Ashreem/airflow-env/lib/python3.12/site-packages/airflow/example_dags/example_branch_operator_decorator.py took 0.121 seconds
[2025-03-07T02:58:23.879+0000] {processor.py:186} INFO - Started process (PID=48091) to work on /home/Ashreem/airflow-env/lib/python3.12/site-packages/airflow/example_dags/example_branch_operator_decorator.py
[2025-03-07T02:58:23.880+0000] {processor.py:914} INFO - Processing file /home/Ashreem/airflow-env/lib/python3.12/site-packages/airflow/example_dags/example_branch_operator_decorator.py for tasks to queue
[2025-03-07T02:58:23.883+0000] {logging_mixin.py:190} INFO - [2025-03-07T02:58:23.883+0000] {dagbag.py:588} INFO - Filling up the DagBag from /home/Ashreem/airflow-env/lib/python3.12/site-packages/airflow/example_dags/example_branch_operator_decorator.py
[2025-03-07T02:58:23.912+0000] {processor.py:925} INFO - DAG(s) 'example_branch_python_operator_decorator' retrieved from /home/Ashreem/airflow-env/lib/python3.12/site-packages/airflow/example_dags/example_branch_operator_decorator.py
[2025-03-07T02:58:24.060+0000] {logging_mixin.py:190} INFO - [2025-03-07T02:58:24.060+0000] {dag.py:3239} INFO - Sync 1 DAGs
[2025-03-07T02:58:24.084+0000] {logging_mixin.py:190} INFO - [2025-03-07T02:58:24.084+0000] {dag.py:4180} INFO - Setting next_dagrun for example_branch_python_operator_decorator to 2025-03-06 00:00:00+00:00, run_after=2025-03-07 00:00:00+00:00
[2025-03-07T02:58:24.123+0000] {processor.py:208} INFO - Processing /home/Ashreem/airflow-env/lib/python3.12/site-packages/airflow/example_dags/example_branch_operator_decorator.py took 0.252 seconds
[2025-03-07T02:59:31.213+0000] {processor.py:186} INFO - Started process (PID=48207) to work on /home/Ashreem/airflow-env/lib/python3.12/site-packages/airflow/example_dags/example_branch_operator_decorator.py
[2025-03-07T02:59:31.216+0000] {processor.py:914} INFO - Processing file /home/Ashreem/airflow-env/lib/python3.12/site-packages/airflow/example_dags/example_branch_operator_decorator.py for tasks to queue
[2025-03-07T02:59:31.219+0000] {logging_mixin.py:190} INFO - [2025-03-07T02:59:31.218+0000] {dagbag.py:588} INFO - Filling up the DagBag from /home/Ashreem/airflow-env/lib/python3.12/site-packages/airflow/example_dags/example_branch_operator_decorator.py
[2025-03-07T02:59:31.250+0000] {processor.py:925} INFO - DAG(s) 'example_branch_python_operator_decorator' retrieved from /home/Ashreem/airflow-env/lib/python3.12/site-packages/airflow/example_dags/example_branch_operator_decorator.py
[2025-03-07T02:59:31.279+0000] {logging_mixin.py:190} INFO - [2025-03-07T02:59:31.278+0000] {dag.py:3239} INFO - Sync 1 DAGs
[2025-03-07T02:59:31.306+0000] {logging_mixin.py:190} INFO - [2025-03-07T02:59:31.306+0000] {dag.py:4180} INFO - Setting next_dagrun for example_branch_python_operator_decorator to 2025-03-06 00:00:00+00:00, run_after=2025-03-07 00:00:00+00:00
[2025-03-07T02:59:31.343+0000] {processor.py:208} INFO - Processing /home/Ashreem/airflow-env/lib/python3.12/site-packages/airflow/example_dags/example_branch_operator_decorator.py took 0.138 seconds
[2025-03-07T03:00:38.645+0000] {processor.py:186} INFO - Started process (PID=48320) to work on /home/Ashreem/airflow-env/lib/python3.12/site-packages/airflow/example_dags/example_branch_operator_decorator.py
[2025-03-07T03:00:38.646+0000] {processor.py:914} INFO - Processing file /home/Ashreem/airflow-env/lib/python3.12/site-packages/airflow/example_dags/example_branch_operator_decorator.py for tasks to queue
[2025-03-07T03:00:38.649+0000] {logging_mixin.py:190} INFO - [2025-03-07T03:00:38.649+0000] {dagbag.py:588} INFO - Filling up the DagBag from /home/Ashreem/airflow-env/lib/python3.12/site-packages/airflow/example_dags/example_branch_operator_decorator.py
[2025-03-07T03:00:38.677+0000] {processor.py:925} INFO - DAG(s) 'example_branch_python_operator_decorator' retrieved from /home/Ashreem/airflow-env/lib/python3.12/site-packages/airflow/example_dags/example_branch_operator_decorator.py
[2025-03-07T03:00:38.707+0000] {logging_mixin.py:190} INFO - [2025-03-07T03:00:38.707+0000] {dag.py:3239} INFO - Sync 1 DAGs
[2025-03-07T03:00:38.746+0000] {logging_mixin.py:190} INFO - [2025-03-07T03:00:38.746+0000] {dag.py:4180} INFO - Setting next_dagrun for example_branch_python_operator_decorator to 2025-03-06 00:00:00+00:00, run_after=2025-03-07 00:00:00+00:00
[2025-03-07T03:00:38.784+0000] {processor.py:208} INFO - Processing /home/Ashreem/airflow-env/lib/python3.12/site-packages/airflow/example_dags/example_branch_operator_decorator.py took 0.147 seconds
[2025-03-07T03:01:41.053+0000] {processor.py:186} INFO - Started process (PID=48391) to work on /home/Ashreem/airflow-env/lib/python3.12/site-packages/airflow/example_dags/example_branch_operator_decorator.py
[2025-03-07T03:01:41.056+0000] {processor.py:914} INFO - Processing file /home/Ashreem/airflow-env/lib/python3.12/site-packages/airflow/example_dags/example_branch_operator_decorator.py for tasks to queue
[2025-03-07T03:01:41.059+0000] {logging_mixin.py:190} INFO - [2025-03-07T03:01:41.058+0000] {dagbag.py:588} INFO - Filling up the DagBag from /home/Ashreem/airflow-env/lib/python3.12/site-packages/airflow/example_dags/example_branch_operator_decorator.py
[2025-03-07T03:01:41.093+0000] {processor.py:925} INFO - DAG(s) 'example_branch_python_operator_decorator' retrieved from /home/Ashreem/airflow-env/lib/python3.12/site-packages/airflow/example_dags/example_branch_operator_decorator.py
[2025-03-07T03:01:41.127+0000] {logging_mixin.py:190} INFO - [2025-03-07T03:01:41.127+0000] {dag.py:3239} INFO - Sync 1 DAGs
[2025-03-07T03:01:41.162+0000] {logging_mixin.py:190} INFO - [2025-03-07T03:01:41.161+0000] {dag.py:4180} INFO - Setting next_dagrun for example_branch_python_operator_decorator to 2025-03-06 00:00:00+00:00, run_after=2025-03-07 00:00:00+00:00
[2025-03-07T03:01:41.200+0000] {processor.py:208} INFO - Processing /home/Ashreem/airflow-env/lib/python3.12/site-packages/airflow/example_dags/example_branch_operator_decorator.py took 0.155 seconds
[2025-03-07T03:02:43.689+0000] {processor.py:186} INFO - Started process (PID=48524) to work on /home/Ashreem/airflow-env/lib/python3.12/site-packages/airflow/example_dags/example_branch_operator_decorator.py
[2025-03-07T03:02:43.690+0000] {processor.py:914} INFO - Processing file /home/Ashreem/airflow-env/lib/python3.12/site-packages/airflow/example_dags/example_branch_operator_decorator.py for tasks to queue
[2025-03-07T03:02:43.694+0000] {logging_mixin.py:190} INFO - [2025-03-07T03:02:43.693+0000] {dagbag.py:588} INFO - Filling up the DagBag from /home/Ashreem/airflow-env/lib/python3.12/site-packages/airflow/example_dags/example_branch_operator_decorator.py
[2025-03-07T03:02:43.728+0000] {processor.py:925} INFO - DAG(s) 'example_branch_python_operator_decorator' retrieved from /home/Ashreem/airflow-env/lib/python3.12/site-packages/airflow/example_dags/example_branch_operator_decorator.py
[2025-03-07T03:02:43.760+0000] {logging_mixin.py:190} INFO - [2025-03-07T03:02:43.760+0000] {dag.py:3239} INFO - Sync 1 DAGs
[2025-03-07T03:02:43.799+0000] {logging_mixin.py:190} INFO - [2025-03-07T03:02:43.798+0000] {dag.py:4180} INFO - Setting next_dagrun for example_branch_python_operator_decorator to 2025-03-06 00:00:00+00:00, run_after=2025-03-07 00:00:00+00:00
[2025-03-07T03:02:43.837+0000] {processor.py:208} INFO - Processing /home/Ashreem/airflow-env/lib/python3.12/site-packages/airflow/example_dags/example_branch_operator_decorator.py took 0.157 seconds
[2025-03-07T03:04:23.641+0000] {processor.py:186} INFO - Started process (PID=48658) to work on /home/Ashreem/airflow-env/lib/python3.12/site-packages/airflow/example_dags/example_branch_operator_decorator.py
[2025-03-07T03:04:23.643+0000] {processor.py:914} INFO - Processing file /home/Ashreem/airflow-env/lib/python3.12/site-packages/airflow/example_dags/example_branch_operator_decorator.py for tasks to queue
[2025-03-07T03:04:23.646+0000] {logging_mixin.py:190} INFO - [2025-03-07T03:04:23.645+0000] {dagbag.py:588} INFO - Filling up the DagBag from /home/Ashreem/airflow-env/lib/python3.12/site-packages/airflow/example_dags/example_branch_operator_decorator.py
[2025-03-07T03:04:23.676+0000] {processor.py:925} INFO - DAG(s) 'example_branch_python_operator_decorator' retrieved from /home/Ashreem/airflow-env/lib/python3.12/site-packages/airflow/example_dags/example_branch_operator_decorator.py
[2025-03-07T03:04:23.818+0000] {logging_mixin.py:190} INFO - [2025-03-07T03:04:23.818+0000] {dag.py:3239} INFO - Sync 1 DAGs
[2025-03-07T03:04:23.842+0000] {logging_mixin.py:190} INFO - [2025-03-07T03:04:23.841+0000] {dag.py:4180} INFO - Setting next_dagrun for example_branch_python_operator_decorator to 2025-03-06 00:00:00+00:00, run_after=2025-03-07 00:00:00+00:00
[2025-03-07T03:04:23.884+0000] {processor.py:208} INFO - Processing /home/Ashreem/airflow-env/lib/python3.12/site-packages/airflow/example_dags/example_branch_operator_decorator.py took 0.251 seconds
[2025-03-07T03:05:27.180+0000] {processor.py:186} INFO - Started process (PID=48908) to work on /home/Ashreem/airflow-env/lib/python3.12/site-packages/airflow/example_dags/example_branch_operator_decorator.py
[2025-03-07T03:05:27.181+0000] {processor.py:914} INFO - Processing file /home/Ashreem/airflow-env/lib/python3.12/site-packages/airflow/example_dags/example_branch_operator_decorator.py for tasks to queue
[2025-03-07T03:05:27.185+0000] {logging_mixin.py:190} INFO - [2025-03-07T03:05:27.184+0000] {dagbag.py:588} INFO - Filling up the DagBag from /home/Ashreem/airflow-env/lib/python3.12/site-packages/airflow/example_dags/example_branch_operator_decorator.py
[2025-03-07T03:05:27.225+0000] {processor.py:925} INFO - DAG(s) 'example_branch_python_operator_decorator' retrieved from /home/Ashreem/airflow-env/lib/python3.12/site-packages/airflow/example_dags/example_branch_operator_decorator.py
[2025-03-07T03:05:27.260+0000] {logging_mixin.py:190} INFO - [2025-03-07T03:05:27.260+0000] {dag.py:3239} INFO - Sync 1 DAGs
[2025-03-07T03:05:27.287+0000] {logging_mixin.py:190} INFO - [2025-03-07T03:05:27.287+0000] {dag.py:4180} INFO - Setting next_dagrun for example_branch_python_operator_decorator to 2025-03-06 00:00:00+00:00, run_after=2025-03-07 00:00:00+00:00
[2025-03-07T03:05:27.322+0000] {processor.py:208} INFO - Processing /home/Ashreem/airflow-env/lib/python3.12/site-packages/airflow/example_dags/example_branch_operator_decorator.py took 0.150 seconds
[2025-03-07T03:06:32.908+0000] {processor.py:186} INFO - Started process (PID=48976) to work on /home/Ashreem/airflow-env/lib/python3.12/site-packages/airflow/example_dags/example_branch_operator_decorator.py
[2025-03-07T03:06:32.910+0000] {processor.py:914} INFO - Processing file /home/Ashreem/airflow-env/lib/python3.12/site-packages/airflow/example_dags/example_branch_operator_decorator.py for tasks to queue
[2025-03-07T03:06:32.913+0000] {logging_mixin.py:190} INFO - [2025-03-07T03:06:32.913+0000] {dagbag.py:588} INFO - Filling up the DagBag from /home/Ashreem/airflow-env/lib/python3.12/site-packages/airflow/example_dags/example_branch_operator_decorator.py
[2025-03-07T03:06:32.945+0000] {processor.py:925} INFO - DAG(s) 'example_branch_python_operator_decorator' retrieved from /home/Ashreem/airflow-env/lib/python3.12/site-packages/airflow/example_dags/example_branch_operator_decorator.py
[2025-03-07T03:06:32.974+0000] {logging_mixin.py:190} INFO - [2025-03-07T03:06:32.974+0000] {dag.py:3239} INFO - Sync 1 DAGs
[2025-03-07T03:06:33.002+0000] {logging_mixin.py:190} INFO - [2025-03-07T03:06:33.002+0000] {dag.py:4180} INFO - Setting next_dagrun for example_branch_python_operator_decorator to 2025-03-06 00:00:00+00:00, run_after=2025-03-07 00:00:00+00:00
[2025-03-07T03:06:33.040+0000] {processor.py:208} INFO - Processing /home/Ashreem/airflow-env/lib/python3.12/site-packages/airflow/example_dags/example_branch_operator_decorator.py took 0.139 seconds
[2025-03-07T03:08:39.478+0000] {processor.py:186} INFO - Started process (PID=49130) to work on /home/Ashreem/airflow-env/lib/python3.12/site-packages/airflow/example_dags/example_branch_operator_decorator.py
[2025-03-07T03:08:39.479+0000] {processor.py:914} INFO - Processing file /home/Ashreem/airflow-env/lib/python3.12/site-packages/airflow/example_dags/example_branch_operator_decorator.py for tasks to queue
[2025-03-07T03:08:39.482+0000] {logging_mixin.py:190} INFO - [2025-03-07T03:08:39.482+0000] {dagbag.py:588} INFO - Filling up the DagBag from /home/Ashreem/airflow-env/lib/python3.12/site-packages/airflow/example_dags/example_branch_operator_decorator.py
[2025-03-07T03:08:39.514+0000] {processor.py:925} INFO - DAG(s) 'example_branch_python_operator_decorator' retrieved from /home/Ashreem/airflow-env/lib/python3.12/site-packages/airflow/example_dags/example_branch_operator_decorator.py
[2025-03-07T03:08:39.653+0000] {logging_mixin.py:190} INFO - [2025-03-07T03:08:39.652+0000] {dag.py:3239} INFO - Sync 1 DAGs
[2025-03-07T03:08:39.677+0000] {logging_mixin.py:190} INFO - [2025-03-07T03:08:39.677+0000] {dag.py:4180} INFO - Setting next_dagrun for example_branch_python_operator_decorator to 2025-03-06 00:00:00+00:00, run_after=2025-03-07 00:00:00+00:00
[2025-03-07T03:08:39.717+0000] {processor.py:208} INFO - Processing /home/Ashreem/airflow-env/lib/python3.12/site-packages/airflow/example_dags/example_branch_operator_decorator.py took 0.247 seconds
[2025-03-07T03:09:42.936+0000] {processor.py:186} INFO - Started process (PID=49194) to work on /home/Ashreem/airflow-env/lib/python3.12/site-packages/airflow/example_dags/example_branch_operator_decorator.py
[2025-03-07T03:09:42.938+0000] {processor.py:914} INFO - Processing file /home/Ashreem/airflow-env/lib/python3.12/site-packages/airflow/example_dags/example_branch_operator_decorator.py for tasks to queue
[2025-03-07T03:09:42.941+0000] {logging_mixin.py:190} INFO - [2025-03-07T03:09:42.940+0000] {dagbag.py:588} INFO - Filling up the DagBag from /home/Ashreem/airflow-env/lib/python3.12/site-packages/airflow/example_dags/example_branch_operator_decorator.py
[2025-03-07T03:09:42.974+0000] {processor.py:925} INFO - DAG(s) 'example_branch_python_operator_decorator' retrieved from /home/Ashreem/airflow-env/lib/python3.12/site-packages/airflow/example_dags/example_branch_operator_decorator.py
[2025-03-07T03:09:43.006+0000] {logging_mixin.py:190} INFO - [2025-03-07T03:09:43.006+0000] {dag.py:3239} INFO - Sync 1 DAGs
[2025-03-07T03:09:43.033+0000] {logging_mixin.py:190} INFO - [2025-03-07T03:09:43.033+0000] {dag.py:4180} INFO - Setting next_dagrun for example_branch_python_operator_decorator to 2025-03-06 00:00:00+00:00, run_after=2025-03-07 00:00:00+00:00
[2025-03-07T03:09:43.073+0000] {processor.py:208} INFO - Processing /home/Ashreem/airflow-env/lib/python3.12/site-packages/airflow/example_dags/example_branch_operator_decorator.py took 0.145 seconds
