[2025-03-07T02:30:19.619+0000] {processor.py:186} INFO - Started process (PID=45975) to work on /home/Ashreem/airflow-env/lib/python3.12/site-packages/airflow/example_dags/example_subdag_operator.py
[2025-03-07T02:30:19.620+0000] {processor.py:914} INFO - Processing file /home/Ashreem/airflow-env/lib/python3.12/site-packages/airflow/example_dags/example_subdag_operator.py for tasks to queue
[2025-03-07T02:30:19.623+0000] {logging_mixin.py:190} INFO - [2025-03-07T02:30:19.623+0000] {dagbag.py:588} INFO - Filling up the DagBag from /home/Ashreem/airflow-env/lib/python3.12/site-packages/airflow/example_dags/example_subdag_operator.py
[2025-03-07T02:30:19.651+0000] {processor.py:925} INFO - DAG(s) 'example_subdag_operator.section-1', 'example_subdag_operator.section-2', 'example_subdag_operator' retrieved from /home/Ashreem/airflow-env/lib/python3.12/site-packages/airflow/example_dags/example_subdag_operator.py
[2025-03-07T02:30:19.811+0000] {logging_mixin.py:190} INFO - [2025-03-07T02:30:19.810+0000] {override.py:1930} INFO - Created Permission View: can read on DAG:example_subdag_operator
[2025-03-07T02:30:19.843+0000] {logging_mixin.py:190} INFO - [2025-03-07T02:30:19.843+0000] {override.py:1930} INFO - Created Permission View: can delete on DAG:example_subdag_operator
[2025-03-07T02:30:19.864+0000] {logging_mixin.py:190} INFO - [2025-03-07T02:30:19.863+0000] {override.py:1930} INFO - Created Permission View: can edit on DAG:example_subdag_operator
[2025-03-07T02:30:19.908+0000] {logging_mixin.py:190} INFO - [2025-03-07T02:30:19.907+0000] {override.py:1930} INFO - Created Permission View: can read on DAG Run:example_subdag_operator
[2025-03-07T02:30:19.935+0000] {logging_mixin.py:190} INFO - [2025-03-07T02:30:19.933+0000] {override.py:1930} INFO - Created Permission View: can delete on DAG Run:example_subdag_operator
[2025-03-07T02:30:19.963+0000] {logging_mixin.py:190} INFO - [2025-03-07T02:30:19.962+0000] {override.py:1930} INFO - Created Permission View: menu access on DAG Run:example_subdag_operator
[2025-03-07T02:30:19.986+0000] {logging_mixin.py:190} INFO - [2025-03-07T02:30:19.986+0000] {override.py:1930} INFO - Created Permission View: can create on DAG Run:example_subdag_operator
[2025-03-07T02:30:19.987+0000] {logging_mixin.py:190} INFO - [2025-03-07T02:30:19.987+0000] {dag.py:3239} INFO - Sync 3 DAGs
[2025-03-07T02:30:20.004+0000] {logging_mixin.py:190} INFO - [2025-03-07T02:30:20.004+0000] {dag.py:3262} INFO - Creating ORM DAG for example_subdag_operator
[2025-03-07T02:30:20.006+0000] {logging_mixin.py:190} INFO - [2025-03-07T02:30:20.005+0000] {dag.py:3262} INFO - Creating ORM DAG for example_subdag_operator.section-2
[2025-03-07T02:30:20.006+0000] {logging_mixin.py:190} INFO - [2025-03-07T02:30:20.006+0000] {dag.py:3262} INFO - Creating ORM DAG for example_subdag_operator.section-1
[2025-03-07T02:30:20.016+0000] {logging_mixin.py:190} INFO - [2025-03-07T02:30:20.015+0000] {dag.py:4180} INFO - Setting next_dagrun for example_subdag_operator to 2022-01-01 00:00:00+00:00, run_after=2022-01-01 00:00:00+00:00
[2025-03-07T02:30:20.016+0000] {logging_mixin.py:190} INFO - [2025-03-07T02:30:20.016+0000] {dag.py:4180} INFO - Setting next_dagrun for example_subdag_operator.section-1 to None, run_after=None
[2025-03-07T02:30:20.017+0000] {logging_mixin.py:190} INFO - [2025-03-07T02:30:20.017+0000] {dag.py:4180} INFO - Setting next_dagrun for example_subdag_operator.section-2 to None, run_after=None
[2025-03-07T02:30:20.024+0000] {logging_mixin.py:190} INFO - [2025-03-07T02:30:20.023+0000] {dag.py:3239} INFO - Sync 2 DAGs
[2025-03-07T02:30:20.033+0000] {logging_mixin.py:190} INFO - [2025-03-07T02:30:20.033+0000] {dag.py:4180} INFO - Setting next_dagrun for example_subdag_operator.section-1 to None, run_after=None
[2025-03-07T02:30:20.046+0000] {logging_mixin.py:190} INFO - [2025-03-07T02:30:20.046+0000] {dag.py:4180} INFO - Setting next_dagrun for example_subdag_operator.section-2 to None, run_after=None
[2025-03-07T02:30:20.086+0000] {processor.py:208} INFO - Processing /home/Ashreem/airflow-env/lib/python3.12/site-packages/airflow/example_dags/example_subdag_operator.py took 0.474 seconds
[2025-03-07T02:33:01.226+0000] {processor.py:186} INFO - Started process (PID=46079) to work on /home/Ashreem/airflow-env/lib/python3.12/site-packages/airflow/example_dags/example_subdag_operator.py
[2025-03-07T02:33:01.227+0000] {processor.py:914} INFO - Processing file /home/Ashreem/airflow-env/lib/python3.12/site-packages/airflow/example_dags/example_subdag_operator.py for tasks to queue
[2025-03-07T02:33:01.230+0000] {logging_mixin.py:190} INFO - [2025-03-07T02:33:01.229+0000] {dagbag.py:588} INFO - Filling up the DagBag from /home/Ashreem/airflow-env/lib/python3.12/site-packages/airflow/example_dags/example_subdag_operator.py
[2025-03-07T02:33:01.259+0000] {processor.py:925} INFO - DAG(s) 'example_subdag_operator.section-1', 'example_subdag_operator.section-2', 'example_subdag_operator' retrieved from /home/Ashreem/airflow-env/lib/python3.12/site-packages/airflow/example_dags/example_subdag_operator.py
[2025-03-07T02:33:01.294+0000] {logging_mixin.py:190} INFO - [2025-03-07T02:33:01.294+0000] {dag.py:3239} INFO - Sync 3 DAGs
[2025-03-07T02:33:01.324+0000] {logging_mixin.py:190} INFO - [2025-03-07T02:33:01.323+0000] {dag.py:4180} INFO - Setting next_dagrun for example_subdag_operator to 2022-01-01 00:00:00+00:00, run_after=2022-01-01 00:00:00+00:00
[2025-03-07T02:33:01.327+0000] {logging_mixin.py:190} INFO - [2025-03-07T02:33:01.327+0000] {dag.py:4180} INFO - Setting next_dagrun for example_subdag_operator.section-1 to None, run_after=None
[2025-03-07T02:33:01.328+0000] {logging_mixin.py:190} INFO - [2025-03-07T02:33:01.328+0000] {dag.py:4180} INFO - Setting next_dagrun for example_subdag_operator.section-2 to None, run_after=None
[2025-03-07T02:33:01.336+0000] {logging_mixin.py:190} INFO - [2025-03-07T02:33:01.336+0000] {dag.py:3239} INFO - Sync 2 DAGs
[2025-03-07T02:33:01.340+0000] {logging_mixin.py:190} INFO - [2025-03-07T02:33:01.340+0000] {dag.py:4180} INFO - Setting next_dagrun for example_subdag_operator.section-1 to None, run_after=None
[2025-03-07T02:33:01.341+0000] {logging_mixin.py:190} INFO - [2025-03-07T02:33:01.341+0000] {dag.py:4180} INFO - Setting next_dagrun for example_subdag_operator.section-2 to None, run_after=None
[2025-03-07T02:33:01.368+0000] {processor.py:208} INFO - Processing /home/Ashreem/airflow-env/lib/python3.12/site-packages/airflow/example_dags/example_subdag_operator.py took 0.150 seconds
[2025-03-07T02:34:06.025+0000] {processor.py:186} INFO - Started process (PID=46411) to work on /home/Ashreem/airflow-env/lib/python3.12/site-packages/airflow/example_dags/example_subdag_operator.py
[2025-03-07T02:34:06.027+0000] {processor.py:914} INFO - Processing file /home/Ashreem/airflow-env/lib/python3.12/site-packages/airflow/example_dags/example_subdag_operator.py for tasks to queue
[2025-03-07T02:34:06.030+0000] {logging_mixin.py:190} INFO - [2025-03-07T02:34:06.029+0000] {dagbag.py:588} INFO - Filling up the DagBag from /home/Ashreem/airflow-env/lib/python3.12/site-packages/airflow/example_dags/example_subdag_operator.py
[2025-03-07T02:34:06.057+0000] {processor.py:925} INFO - DAG(s) 'example_subdag_operator.section-1', 'example_subdag_operator.section-2', 'example_subdag_operator' retrieved from /home/Ashreem/airflow-env/lib/python3.12/site-packages/airflow/example_dags/example_subdag_operator.py
[2025-03-07T02:34:06.081+0000] {logging_mixin.py:190} INFO - [2025-03-07T02:34:06.081+0000] {dag.py:3239} INFO - Sync 3 DAGs
[2025-03-07T02:34:06.105+0000] {logging_mixin.py:190} INFO - [2025-03-07T02:34:06.105+0000] {dag.py:4180} INFO - Setting next_dagrun for example_subdag_operator to 2022-01-01 00:00:00+00:00, run_after=2022-01-01 00:00:00+00:00
[2025-03-07T02:34:06.108+0000] {logging_mixin.py:190} INFO - [2025-03-07T02:34:06.108+0000] {dag.py:4180} INFO - Setting next_dagrun for example_subdag_operator.section-1 to None, run_after=None
[2025-03-07T02:34:06.111+0000] {logging_mixin.py:190} INFO - [2025-03-07T02:34:06.110+0000] {dag.py:4180} INFO - Setting next_dagrun for example_subdag_operator.section-2 to None, run_after=None
[2025-03-07T02:34:06.118+0000] {logging_mixin.py:190} INFO - [2025-03-07T02:34:06.117+0000] {dag.py:3239} INFO - Sync 2 DAGs
[2025-03-07T02:34:06.122+0000] {logging_mixin.py:190} INFO - [2025-03-07T02:34:06.121+0000] {dag.py:4180} INFO - Setting next_dagrun for example_subdag_operator.section-1 to None, run_after=None
[2025-03-07T02:34:06.122+0000] {logging_mixin.py:190} INFO - [2025-03-07T02:34:06.122+0000] {dag.py:4180} INFO - Setting next_dagrun for example_subdag_operator.section-2 to None, run_after=None
[2025-03-07T02:34:06.151+0000] {processor.py:208} INFO - Processing /home/Ashreem/airflow-env/lib/python3.12/site-packages/airflow/example_dags/example_subdag_operator.py took 0.133 seconds
[2025-03-07T02:35:12.812+0000] {processor.py:186} INFO - Started process (PID=46478) to work on /home/Ashreem/airflow-env/lib/python3.12/site-packages/airflow/example_dags/example_subdag_operator.py
[2025-03-07T02:35:12.813+0000] {processor.py:914} INFO - Processing file /home/Ashreem/airflow-env/lib/python3.12/site-packages/airflow/example_dags/example_subdag_operator.py for tasks to queue
[2025-03-07T02:35:12.816+0000] {logging_mixin.py:190} INFO - [2025-03-07T02:35:12.816+0000] {dagbag.py:588} INFO - Filling up the DagBag from /home/Ashreem/airflow-env/lib/python3.12/site-packages/airflow/example_dags/example_subdag_operator.py
[2025-03-07T02:35:12.848+0000] {processor.py:925} INFO - DAG(s) 'example_subdag_operator.section-1', 'example_subdag_operator.section-2', 'example_subdag_operator' retrieved from /home/Ashreem/airflow-env/lib/python3.12/site-packages/airflow/example_dags/example_subdag_operator.py
[2025-03-07T02:35:12.866+0000] {logging_mixin.py:190} INFO - [2025-03-07T02:35:12.866+0000] {dag.py:3239} INFO - Sync 3 DAGs
[2025-03-07T02:35:12.892+0000] {logging_mixin.py:190} INFO - [2025-03-07T02:35:12.892+0000] {dag.py:4180} INFO - Setting next_dagrun for example_subdag_operator to 2022-01-01 00:00:00+00:00, run_after=2022-01-01 00:00:00+00:00
[2025-03-07T02:35:12.896+0000] {logging_mixin.py:190} INFO - [2025-03-07T02:35:12.896+0000] {dag.py:4180} INFO - Setting next_dagrun for example_subdag_operator.section-1 to None, run_after=None
[2025-03-07T02:35:12.897+0000] {logging_mixin.py:190} INFO - [2025-03-07T02:35:12.897+0000] {dag.py:4180} INFO - Setting next_dagrun for example_subdag_operator.section-2 to None, run_after=None
[2025-03-07T02:35:12.906+0000] {logging_mixin.py:190} INFO - [2025-03-07T02:35:12.905+0000] {dag.py:3239} INFO - Sync 2 DAGs
[2025-03-07T02:35:12.910+0000] {logging_mixin.py:190} INFO - [2025-03-07T02:35:12.909+0000] {dag.py:4180} INFO - Setting next_dagrun for example_subdag_operator.section-1 to None, run_after=None
[2025-03-07T02:35:12.910+0000] {logging_mixin.py:190} INFO - [2025-03-07T02:35:12.910+0000] {dag.py:4180} INFO - Setting next_dagrun for example_subdag_operator.section-2 to None, run_after=None
[2025-03-07T02:35:12.944+0000] {processor.py:208} INFO - Processing /home/Ashreem/airflow-env/lib/python3.12/site-packages/airflow/example_dags/example_subdag_operator.py took 0.139 seconds
[2025-03-07T02:36:20.735+0000] {processor.py:186} INFO - Started process (PID=46547) to work on /home/Ashreem/airflow-env/lib/python3.12/site-packages/airflow/example_dags/example_subdag_operator.py
[2025-03-07T02:36:20.737+0000] {processor.py:914} INFO - Processing file /home/Ashreem/airflow-env/lib/python3.12/site-packages/airflow/example_dags/example_subdag_operator.py for tasks to queue
[2025-03-07T02:36:20.740+0000] {logging_mixin.py:190} INFO - [2025-03-07T02:36:20.740+0000] {dagbag.py:588} INFO - Filling up the DagBag from /home/Ashreem/airflow-env/lib/python3.12/site-packages/airflow/example_dags/example_subdag_operator.py
[2025-03-07T02:36:20.767+0000] {processor.py:925} INFO - DAG(s) 'example_subdag_operator.section-1', 'example_subdag_operator.section-2', 'example_subdag_operator' retrieved from /home/Ashreem/airflow-env/lib/python3.12/site-packages/airflow/example_dags/example_subdag_operator.py
[2025-03-07T02:36:20.784+0000] {logging_mixin.py:190} INFO - [2025-03-07T02:36:20.783+0000] {dag.py:3239} INFO - Sync 3 DAGs
[2025-03-07T02:36:20.807+0000] {logging_mixin.py:190} INFO - [2025-03-07T02:36:20.807+0000] {dag.py:4180} INFO - Setting next_dagrun for example_subdag_operator to 2022-01-01 00:00:00+00:00, run_after=2022-01-01 00:00:00+00:00
[2025-03-07T02:36:20.812+0000] {logging_mixin.py:190} INFO - [2025-03-07T02:36:20.811+0000] {dag.py:4180} INFO - Setting next_dagrun for example_subdag_operator.section-1 to None, run_after=None
[2025-03-07T02:36:20.813+0000] {logging_mixin.py:190} INFO - [2025-03-07T02:36:20.812+0000] {dag.py:4180} INFO - Setting next_dagrun for example_subdag_operator.section-2 to None, run_after=None
[2025-03-07T02:36:20.820+0000] {logging_mixin.py:190} INFO - [2025-03-07T02:36:20.820+0000] {dag.py:3239} INFO - Sync 2 DAGs
[2025-03-07T02:36:20.824+0000] {logging_mixin.py:190} INFO - [2025-03-07T02:36:20.823+0000] {dag.py:4180} INFO - Setting next_dagrun for example_subdag_operator.section-1 to None, run_after=None
[2025-03-07T02:36:20.824+0000] {logging_mixin.py:190} INFO - [2025-03-07T02:36:20.824+0000] {dag.py:4180} INFO - Setting next_dagrun for example_subdag_operator.section-2 to None, run_after=None
[2025-03-07T02:36:20.859+0000] {processor.py:208} INFO - Processing /home/Ashreem/airflow-env/lib/python3.12/site-packages/airflow/example_dags/example_subdag_operator.py took 0.133 seconds
[2025-03-07T02:37:24.810+0000] {processor.py:186} INFO - Started process (PID=46610) to work on /home/Ashreem/airflow-env/lib/python3.12/site-packages/airflow/example_dags/example_subdag_operator.py
[2025-03-07T02:37:24.811+0000] {processor.py:914} INFO - Processing file /home/Ashreem/airflow-env/lib/python3.12/site-packages/airflow/example_dags/example_subdag_operator.py for tasks to queue
[2025-03-07T02:37:24.814+0000] {logging_mixin.py:190} INFO - [2025-03-07T02:37:24.814+0000] {dagbag.py:588} INFO - Filling up the DagBag from /home/Ashreem/airflow-env/lib/python3.12/site-packages/airflow/example_dags/example_subdag_operator.py
[2025-03-07T02:37:24.842+0000] {processor.py:925} INFO - DAG(s) 'example_subdag_operator.section-1', 'example_subdag_operator.section-2', 'example_subdag_operator' retrieved from /home/Ashreem/airflow-env/lib/python3.12/site-packages/airflow/example_dags/example_subdag_operator.py
[2025-03-07T02:37:24.859+0000] {logging_mixin.py:190} INFO - [2025-03-07T02:37:24.859+0000] {dag.py:3239} INFO - Sync 3 DAGs
[2025-03-07T02:37:24.882+0000] {logging_mixin.py:190} INFO - [2025-03-07T02:37:24.882+0000] {dag.py:4180} INFO - Setting next_dagrun for example_subdag_operator to 2022-01-01 00:00:00+00:00, run_after=2022-01-01 00:00:00+00:00
[2025-03-07T02:37:24.886+0000] {logging_mixin.py:190} INFO - [2025-03-07T02:37:24.886+0000] {dag.py:4180} INFO - Setting next_dagrun for example_subdag_operator.section-1 to None, run_after=None
[2025-03-07T02:37:24.889+0000] {logging_mixin.py:190} INFO - [2025-03-07T02:37:24.888+0000] {dag.py:4180} INFO - Setting next_dagrun for example_subdag_operator.section-2 to None, run_after=None
[2025-03-07T02:37:24.896+0000] {logging_mixin.py:190} INFO - [2025-03-07T02:37:24.896+0000] {dag.py:3239} INFO - Sync 2 DAGs
[2025-03-07T02:37:24.901+0000] {logging_mixin.py:190} INFO - [2025-03-07T02:37:24.901+0000] {dag.py:4180} INFO - Setting next_dagrun for example_subdag_operator.section-1 to None, run_after=None
[2025-03-07T02:37:24.901+0000] {logging_mixin.py:190} INFO - [2025-03-07T02:37:24.901+0000] {dag.py:4180} INFO - Setting next_dagrun for example_subdag_operator.section-2 to None, run_after=None
[2025-03-07T02:37:24.929+0000] {processor.py:208} INFO - Processing /home/Ashreem/airflow-env/lib/python3.12/site-packages/airflow/example_dags/example_subdag_operator.py took 0.127 seconds
[2025-03-07T02:38:26.806+0000] {processor.py:186} INFO - Started process (PID=46673) to work on /home/Ashreem/airflow-env/lib/python3.12/site-packages/airflow/example_dags/example_subdag_operator.py
[2025-03-07T02:38:26.809+0000] {processor.py:914} INFO - Processing file /home/Ashreem/airflow-env/lib/python3.12/site-packages/airflow/example_dags/example_subdag_operator.py for tasks to queue
[2025-03-07T02:38:26.812+0000] {logging_mixin.py:190} INFO - [2025-03-07T02:38:26.812+0000] {dagbag.py:588} INFO - Filling up the DagBag from /home/Ashreem/airflow-env/lib/python3.12/site-packages/airflow/example_dags/example_subdag_operator.py
[2025-03-07T02:38:26.851+0000] {processor.py:925} INFO - DAG(s) 'example_subdag_operator.section-1', 'example_subdag_operator.section-2', 'example_subdag_operator' retrieved from /home/Ashreem/airflow-env/lib/python3.12/site-packages/airflow/example_dags/example_subdag_operator.py
[2025-03-07T02:38:26.877+0000] {logging_mixin.py:190} INFO - [2025-03-07T02:38:26.877+0000] {dag.py:3239} INFO - Sync 3 DAGs
[2025-03-07T02:38:26.905+0000] {logging_mixin.py:190} INFO - [2025-03-07T02:38:26.905+0000] {dag.py:4180} INFO - Setting next_dagrun for example_subdag_operator to 2022-01-01 00:00:00+00:00, run_after=2022-01-01 00:00:00+00:00
[2025-03-07T02:38:26.910+0000] {logging_mixin.py:190} INFO - [2025-03-07T02:38:26.910+0000] {dag.py:4180} INFO - Setting next_dagrun for example_subdag_operator.section-1 to None, run_after=None
[2025-03-07T02:38:26.911+0000] {logging_mixin.py:190} INFO - [2025-03-07T02:38:26.911+0000] {dag.py:4180} INFO - Setting next_dagrun for example_subdag_operator.section-2 to None, run_after=None
[2025-03-07T02:38:26.919+0000] {logging_mixin.py:190} INFO - [2025-03-07T02:38:26.918+0000] {dag.py:3239} INFO - Sync 2 DAGs
[2025-03-07T02:38:26.923+0000] {logging_mixin.py:190} INFO - [2025-03-07T02:38:26.923+0000] {dag.py:4180} INFO - Setting next_dagrun for example_subdag_operator.section-1 to None, run_after=None
[2025-03-07T02:38:26.923+0000] {logging_mixin.py:190} INFO - [2025-03-07T02:38:26.923+0000] {dag.py:4180} INFO - Setting next_dagrun for example_subdag_operator.section-2 to None, run_after=None
[2025-03-07T02:38:26.950+0000] {processor.py:208} INFO - Processing /home/Ashreem/airflow-env/lib/python3.12/site-packages/airflow/example_dags/example_subdag_operator.py took 0.153 seconds
[2025-03-07T02:39:29.599+0000] {processor.py:186} INFO - Started process (PID=46741) to work on /home/Ashreem/airflow-env/lib/python3.12/site-packages/airflow/example_dags/example_subdag_operator.py
[2025-03-07T02:39:29.601+0000] {processor.py:914} INFO - Processing file /home/Ashreem/airflow-env/lib/python3.12/site-packages/airflow/example_dags/example_subdag_operator.py for tasks to queue
[2025-03-07T02:39:29.604+0000] {logging_mixin.py:190} INFO - [2025-03-07T02:39:29.603+0000] {dagbag.py:588} INFO - Filling up the DagBag from /home/Ashreem/airflow-env/lib/python3.12/site-packages/airflow/example_dags/example_subdag_operator.py
[2025-03-07T02:39:29.634+0000] {processor.py:925} INFO - DAG(s) 'example_subdag_operator.section-1', 'example_subdag_operator.section-2', 'example_subdag_operator' retrieved from /home/Ashreem/airflow-env/lib/python3.12/site-packages/airflow/example_dags/example_subdag_operator.py
[2025-03-07T02:39:29.652+0000] {logging_mixin.py:190} INFO - [2025-03-07T02:39:29.651+0000] {dag.py:3239} INFO - Sync 3 DAGs
[2025-03-07T02:39:29.676+0000] {logging_mixin.py:190} INFO - [2025-03-07T02:39:29.676+0000] {dag.py:4180} INFO - Setting next_dagrun for example_subdag_operator to 2022-01-01 00:00:00+00:00, run_after=2022-01-01 00:00:00+00:00
[2025-03-07T02:39:29.681+0000] {logging_mixin.py:190} INFO - [2025-03-07T02:39:29.681+0000] {dag.py:4180} INFO - Setting next_dagrun for example_subdag_operator.section-1 to None, run_after=None
[2025-03-07T02:39:29.682+0000] {logging_mixin.py:190} INFO - [2025-03-07T02:39:29.682+0000] {dag.py:4180} INFO - Setting next_dagrun for example_subdag_operator.section-2 to None, run_after=None
[2025-03-07T02:39:29.689+0000] {logging_mixin.py:190} INFO - [2025-03-07T02:39:29.689+0000] {dag.py:3239} INFO - Sync 2 DAGs
[2025-03-07T02:39:29.693+0000] {logging_mixin.py:190} INFO - [2025-03-07T02:39:29.693+0000] {dag.py:4180} INFO - Setting next_dagrun for example_subdag_operator.section-1 to None, run_after=None
[2025-03-07T02:39:29.693+0000] {logging_mixin.py:190} INFO - [2025-03-07T02:39:29.693+0000] {dag.py:4180} INFO - Setting next_dagrun for example_subdag_operator.section-2 to None, run_after=None
[2025-03-07T02:39:29.719+0000] {processor.py:208} INFO - Processing /home/Ashreem/airflow-env/lib/python3.12/site-packages/airflow/example_dags/example_subdag_operator.py took 0.127 seconds
[2025-03-07T02:40:34.583+0000] {processor.py:186} INFO - Started process (PID=46805) to work on /home/Ashreem/airflow-env/lib/python3.12/site-packages/airflow/example_dags/example_subdag_operator.py
[2025-03-07T02:40:34.584+0000] {processor.py:914} INFO - Processing file /home/Ashreem/airflow-env/lib/python3.12/site-packages/airflow/example_dags/example_subdag_operator.py for tasks to queue
[2025-03-07T02:40:34.588+0000] {logging_mixin.py:190} INFO - [2025-03-07T02:40:34.587+0000] {dagbag.py:588} INFO - Filling up the DagBag from /home/Ashreem/airflow-env/lib/python3.12/site-packages/airflow/example_dags/example_subdag_operator.py
[2025-03-07T02:40:34.618+0000] {processor.py:925} INFO - DAG(s) 'example_subdag_operator.section-1', 'example_subdag_operator.section-2', 'example_subdag_operator' retrieved from /home/Ashreem/airflow-env/lib/python3.12/site-packages/airflow/example_dags/example_subdag_operator.py
[2025-03-07T02:40:34.635+0000] {logging_mixin.py:190} INFO - [2025-03-07T02:40:34.635+0000] {dag.py:3239} INFO - Sync 3 DAGs
[2025-03-07T02:40:34.660+0000] {logging_mixin.py:190} INFO - [2025-03-07T02:40:34.659+0000] {dag.py:4180} INFO - Setting next_dagrun for example_subdag_operator to 2022-01-01 00:00:00+00:00, run_after=2022-01-01 00:00:00+00:00
[2025-03-07T02:40:34.663+0000] {logging_mixin.py:190} INFO - [2025-03-07T02:40:34.663+0000] {dag.py:4180} INFO - Setting next_dagrun for example_subdag_operator.section-1 to None, run_after=None
[2025-03-07T02:40:34.664+0000] {logging_mixin.py:190} INFO - [2025-03-07T02:40:34.664+0000] {dag.py:4180} INFO - Setting next_dagrun for example_subdag_operator.section-2 to None, run_after=None
[2025-03-07T02:40:34.671+0000] {logging_mixin.py:190} INFO - [2025-03-07T02:40:34.670+0000] {dag.py:3239} INFO - Sync 2 DAGs
[2025-03-07T02:40:34.679+0000] {logging_mixin.py:190} INFO - [2025-03-07T02:40:34.679+0000] {dag.py:4180} INFO - Setting next_dagrun for example_subdag_operator.section-1 to None, run_after=None
[2025-03-07T02:40:34.680+0000] {logging_mixin.py:190} INFO - [2025-03-07T02:40:34.679+0000] {dag.py:4180} INFO - Setting next_dagrun for example_subdag_operator.section-2 to None, run_after=None
[2025-03-07T02:40:34.707+0000] {processor.py:208} INFO - Processing /home/Ashreem/airflow-env/lib/python3.12/site-packages/airflow/example_dags/example_subdag_operator.py took 0.132 seconds
[2025-03-07T02:41:37.117+0000] {processor.py:186} INFO - Started process (PID=46870) to work on /home/Ashreem/airflow-env/lib/python3.12/site-packages/airflow/example_dags/example_subdag_operator.py
[2025-03-07T02:41:37.119+0000] {processor.py:914} INFO - Processing file /home/Ashreem/airflow-env/lib/python3.12/site-packages/airflow/example_dags/example_subdag_operator.py for tasks to queue
[2025-03-07T02:41:37.121+0000] {logging_mixin.py:190} INFO - [2025-03-07T02:41:37.121+0000] {dagbag.py:588} INFO - Filling up the DagBag from /home/Ashreem/airflow-env/lib/python3.12/site-packages/airflow/example_dags/example_subdag_operator.py
[2025-03-07T02:41:37.154+0000] {processor.py:925} INFO - DAG(s) 'example_subdag_operator.section-1', 'example_subdag_operator.section-2', 'example_subdag_operator' retrieved from /home/Ashreem/airflow-env/lib/python3.12/site-packages/airflow/example_dags/example_subdag_operator.py
[2025-03-07T02:41:37.180+0000] {logging_mixin.py:190} INFO - [2025-03-07T02:41:37.180+0000] {dag.py:3239} INFO - Sync 3 DAGs
[2025-03-07T02:41:37.206+0000] {logging_mixin.py:190} INFO - [2025-03-07T02:41:37.206+0000] {dag.py:4180} INFO - Setting next_dagrun for example_subdag_operator to 2022-01-01 00:00:00+00:00, run_after=2022-01-01 00:00:00+00:00
[2025-03-07T02:41:37.211+0000] {logging_mixin.py:190} INFO - [2025-03-07T02:41:37.210+0000] {dag.py:4180} INFO - Setting next_dagrun for example_subdag_operator.section-1 to None, run_after=None
[2025-03-07T02:41:37.212+0000] {logging_mixin.py:190} INFO - [2025-03-07T02:41:37.212+0000] {dag.py:4180} INFO - Setting next_dagrun for example_subdag_operator.section-2 to None, run_after=None
[2025-03-07T02:41:37.219+0000] {logging_mixin.py:190} INFO - [2025-03-07T02:41:37.218+0000] {dag.py:3239} INFO - Sync 2 DAGs
[2025-03-07T02:41:37.225+0000] {logging_mixin.py:190} INFO - [2025-03-07T02:41:37.224+0000] {dag.py:4180} INFO - Setting next_dagrun for example_subdag_operator.section-1 to None, run_after=None
[2025-03-07T02:41:37.225+0000] {logging_mixin.py:190} INFO - [2025-03-07T02:41:37.225+0000] {dag.py:4180} INFO - Setting next_dagrun for example_subdag_operator.section-2 to None, run_after=None
[2025-03-07T02:41:37.255+0000] {processor.py:208} INFO - Processing /home/Ashreem/airflow-env/lib/python3.12/site-packages/airflow/example_dags/example_subdag_operator.py took 0.147 seconds
[2025-03-07T02:42:41.193+0000] {processor.py:186} INFO - Started process (PID=46934) to work on /home/Ashreem/airflow-env/lib/python3.12/site-packages/airflow/example_dags/example_subdag_operator.py
[2025-03-07T02:42:41.195+0000] {processor.py:914} INFO - Processing file /home/Ashreem/airflow-env/lib/python3.12/site-packages/airflow/example_dags/example_subdag_operator.py for tasks to queue
[2025-03-07T02:42:41.199+0000] {logging_mixin.py:190} INFO - [2025-03-07T02:42:41.198+0000] {dagbag.py:588} INFO - Filling up the DagBag from /home/Ashreem/airflow-env/lib/python3.12/site-packages/airflow/example_dags/example_subdag_operator.py
[2025-03-07T02:42:41.230+0000] {processor.py:925} INFO - DAG(s) 'example_subdag_operator.section-1', 'example_subdag_operator.section-2', 'example_subdag_operator' retrieved from /home/Ashreem/airflow-env/lib/python3.12/site-packages/airflow/example_dags/example_subdag_operator.py
[2025-03-07T02:42:41.253+0000] {logging_mixin.py:190} INFO - [2025-03-07T02:42:41.253+0000] {dag.py:3239} INFO - Sync 3 DAGs
[2025-03-07T02:42:41.281+0000] {logging_mixin.py:190} INFO - [2025-03-07T02:42:41.281+0000] {dag.py:4180} INFO - Setting next_dagrun for example_subdag_operator to 2022-01-01 00:00:00+00:00, run_after=2022-01-01 00:00:00+00:00
[2025-03-07T02:42:41.285+0000] {logging_mixin.py:190} INFO - [2025-03-07T02:42:41.285+0000] {dag.py:4180} INFO - Setting next_dagrun for example_subdag_operator.section-1 to None, run_after=None
[2025-03-07T02:42:41.286+0000] {logging_mixin.py:190} INFO - [2025-03-07T02:42:41.286+0000] {dag.py:4180} INFO - Setting next_dagrun for example_subdag_operator.section-2 to None, run_after=None
[2025-03-07T02:42:41.294+0000] {logging_mixin.py:190} INFO - [2025-03-07T02:42:41.294+0000] {dag.py:3239} INFO - Sync 2 DAGs
[2025-03-07T02:42:41.298+0000] {logging_mixin.py:190} INFO - [2025-03-07T02:42:41.298+0000] {dag.py:4180} INFO - Setting next_dagrun for example_subdag_operator.section-1 to None, run_after=None
[2025-03-07T02:42:41.299+0000] {logging_mixin.py:190} INFO - [2025-03-07T02:42:41.299+0000] {dag.py:4180} INFO - Setting next_dagrun for example_subdag_operator.section-2 to None, run_after=None
[2025-03-07T02:42:41.325+0000] {processor.py:208} INFO - Processing /home/Ashreem/airflow-env/lib/python3.12/site-packages/airflow/example_dags/example_subdag_operator.py took 0.141 seconds
[2025-03-07T02:43:45.008+0000] {processor.py:186} INFO - Started process (PID=47010) to work on /home/Ashreem/airflow-env/lib/python3.12/site-packages/airflow/example_dags/example_subdag_operator.py
[2025-03-07T02:43:45.010+0000] {processor.py:914} INFO - Processing file /home/Ashreem/airflow-env/lib/python3.12/site-packages/airflow/example_dags/example_subdag_operator.py for tasks to queue
[2025-03-07T02:43:45.013+0000] {logging_mixin.py:190} INFO - [2025-03-07T02:43:45.012+0000] {dagbag.py:588} INFO - Filling up the DagBag from /home/Ashreem/airflow-env/lib/python3.12/site-packages/airflow/example_dags/example_subdag_operator.py
[2025-03-07T02:43:45.046+0000] {processor.py:925} INFO - DAG(s) 'example_subdag_operator.section-1', 'example_subdag_operator.section-2', 'example_subdag_operator' retrieved from /home/Ashreem/airflow-env/lib/python3.12/site-packages/airflow/example_dags/example_subdag_operator.py
[2025-03-07T02:43:45.067+0000] {logging_mixin.py:190} INFO - [2025-03-07T02:43:45.067+0000] {dag.py:3239} INFO - Sync 3 DAGs
[2025-03-07T02:43:45.097+0000] {logging_mixin.py:190} INFO - [2025-03-07T02:43:45.097+0000] {dag.py:4180} INFO - Setting next_dagrun for example_subdag_operator to 2022-01-01 00:00:00+00:00, run_after=2022-01-01 00:00:00+00:00
[2025-03-07T02:43:45.101+0000] {logging_mixin.py:190} INFO - [2025-03-07T02:43:45.101+0000] {dag.py:4180} INFO - Setting next_dagrun for example_subdag_operator.section-1 to None, run_after=None
[2025-03-07T02:43:45.104+0000] {logging_mixin.py:190} INFO - [2025-03-07T02:43:45.103+0000] {dag.py:4180} INFO - Setting next_dagrun for example_subdag_operator.section-2 to None, run_after=None
[2025-03-07T02:43:45.111+0000] {logging_mixin.py:190} INFO - [2025-03-07T02:43:45.111+0000] {dag.py:3239} INFO - Sync 2 DAGs
[2025-03-07T02:43:45.116+0000] {logging_mixin.py:190} INFO - [2025-03-07T02:43:45.115+0000] {dag.py:4180} INFO - Setting next_dagrun for example_subdag_operator.section-1 to None, run_after=None
[2025-03-07T02:43:45.116+0000] {logging_mixin.py:190} INFO - [2025-03-07T02:43:45.116+0000] {dag.py:4180} INFO - Setting next_dagrun for example_subdag_operator.section-2 to None, run_after=None
[2025-03-07T02:43:45.150+0000] {processor.py:208} INFO - Processing /home/Ashreem/airflow-env/lib/python3.12/site-packages/airflow/example_dags/example_subdag_operator.py took 0.149 seconds
[2025-03-07T02:44:46.664+0000] {processor.py:186} INFO - Started process (PID=47085) to work on /home/Ashreem/airflow-env/lib/python3.12/site-packages/airflow/example_dags/example_subdag_operator.py
[2025-03-07T02:44:46.666+0000] {processor.py:914} INFO - Processing file /home/Ashreem/airflow-env/lib/python3.12/site-packages/airflow/example_dags/example_subdag_operator.py for tasks to queue
[2025-03-07T02:44:46.669+0000] {logging_mixin.py:190} INFO - [2025-03-07T02:44:46.668+0000] {dagbag.py:588} INFO - Filling up the DagBag from /home/Ashreem/airflow-env/lib/python3.12/site-packages/airflow/example_dags/example_subdag_operator.py
[2025-03-07T02:44:46.696+0000] {processor.py:925} INFO - DAG(s) 'example_subdag_operator.section-1', 'example_subdag_operator.section-2', 'example_subdag_operator' retrieved from /home/Ashreem/airflow-env/lib/python3.12/site-packages/airflow/example_dags/example_subdag_operator.py
[2025-03-07T02:44:46.715+0000] {logging_mixin.py:190} INFO - [2025-03-07T02:44:46.715+0000] {dag.py:3239} INFO - Sync 3 DAGs
[2025-03-07T02:44:46.742+0000] {logging_mixin.py:190} INFO - [2025-03-07T02:44:46.742+0000] {dag.py:4180} INFO - Setting next_dagrun for example_subdag_operator to 2022-01-01 00:00:00+00:00, run_after=2022-01-01 00:00:00+00:00
[2025-03-07T02:44:46.746+0000] {logging_mixin.py:190} INFO - [2025-03-07T02:44:46.745+0000] {dag.py:4180} INFO - Setting next_dagrun for example_subdag_operator.section-1 to None, run_after=None
[2025-03-07T02:44:46.747+0000] {logging_mixin.py:190} INFO - [2025-03-07T02:44:46.747+0000] {dag.py:4180} INFO - Setting next_dagrun for example_subdag_operator.section-2 to None, run_after=None
[2025-03-07T02:44:46.753+0000] {logging_mixin.py:190} INFO - [2025-03-07T02:44:46.753+0000] {dag.py:3239} INFO - Sync 2 DAGs
[2025-03-07T02:44:46.757+0000] {logging_mixin.py:190} INFO - [2025-03-07T02:44:46.757+0000] {dag.py:4180} INFO - Setting next_dagrun for example_subdag_operator.section-1 to None, run_after=None
[2025-03-07T02:44:46.758+0000] {logging_mixin.py:190} INFO - [2025-03-07T02:44:46.758+0000] {dag.py:4180} INFO - Setting next_dagrun for example_subdag_operator.section-2 to None, run_after=None
[2025-03-07T02:44:46.785+0000] {processor.py:208} INFO - Processing /home/Ashreem/airflow-env/lib/python3.12/site-packages/airflow/example_dags/example_subdag_operator.py took 0.129 seconds
[2025-03-07T02:45:50.523+0000] {processor.py:186} INFO - Started process (PID=47155) to work on /home/Ashreem/airflow-env/lib/python3.12/site-packages/airflow/example_dags/example_subdag_operator.py
[2025-03-07T02:45:50.524+0000] {processor.py:914} INFO - Processing file /home/Ashreem/airflow-env/lib/python3.12/site-packages/airflow/example_dags/example_subdag_operator.py for tasks to queue
[2025-03-07T02:45:50.527+0000] {logging_mixin.py:190} INFO - [2025-03-07T02:45:50.527+0000] {dagbag.py:588} INFO - Filling up the DagBag from /home/Ashreem/airflow-env/lib/python3.12/site-packages/airflow/example_dags/example_subdag_operator.py
[2025-03-07T02:45:50.559+0000] {processor.py:925} INFO - DAG(s) 'example_subdag_operator.section-1', 'example_subdag_operator.section-2', 'example_subdag_operator' retrieved from /home/Ashreem/airflow-env/lib/python3.12/site-packages/airflow/example_dags/example_subdag_operator.py
[2025-03-07T02:45:50.576+0000] {logging_mixin.py:190} INFO - [2025-03-07T02:45:50.576+0000] {dag.py:3239} INFO - Sync 3 DAGs
[2025-03-07T02:45:50.602+0000] {logging_mixin.py:190} INFO - [2025-03-07T02:45:50.602+0000] {dag.py:4180} INFO - Setting next_dagrun for example_subdag_operator to 2022-01-01 00:00:00+00:00, run_after=2022-01-01 00:00:00+00:00
[2025-03-07T02:45:50.606+0000] {logging_mixin.py:190} INFO - [2025-03-07T02:45:50.606+0000] {dag.py:4180} INFO - Setting next_dagrun for example_subdag_operator.section-1 to None, run_after=None
[2025-03-07T02:45:50.607+0000] {logging_mixin.py:190} INFO - [2025-03-07T02:45:50.607+0000] {dag.py:4180} INFO - Setting next_dagrun for example_subdag_operator.section-2 to None, run_after=None
[2025-03-07T02:45:50.615+0000] {logging_mixin.py:190} INFO - [2025-03-07T02:45:50.614+0000] {dag.py:3239} INFO - Sync 2 DAGs
[2025-03-07T02:45:50.619+0000] {logging_mixin.py:190} INFO - [2025-03-07T02:45:50.619+0000] {dag.py:4180} INFO - Setting next_dagrun for example_subdag_operator.section-1 to None, run_after=None
[2025-03-07T02:45:50.620+0000] {logging_mixin.py:190} INFO - [2025-03-07T02:45:50.619+0000] {dag.py:4180} INFO - Setting next_dagrun for example_subdag_operator.section-2 to None, run_after=None
[2025-03-07T02:45:50.647+0000] {processor.py:208} INFO - Processing /home/Ashreem/airflow-env/lib/python3.12/site-packages/airflow/example_dags/example_subdag_operator.py took 0.132 seconds
[2025-03-07T02:46:53.606+0000] {processor.py:186} INFO - Started process (PID=47216) to work on /home/Ashreem/airflow-env/lib/python3.12/site-packages/airflow/example_dags/example_subdag_operator.py
[2025-03-07T02:46:53.607+0000] {processor.py:914} INFO - Processing file /home/Ashreem/airflow-env/lib/python3.12/site-packages/airflow/example_dags/example_subdag_operator.py for tasks to queue
[2025-03-07T02:46:53.614+0000] {logging_mixin.py:190} INFO - [2025-03-07T02:46:53.613+0000] {dagbag.py:588} INFO - Filling up the DagBag from /home/Ashreem/airflow-env/lib/python3.12/site-packages/airflow/example_dags/example_subdag_operator.py
[2025-03-07T02:46:53.642+0000] {processor.py:925} INFO - DAG(s) 'example_subdag_operator.section-1', 'example_subdag_operator.section-2', 'example_subdag_operator' retrieved from /home/Ashreem/airflow-env/lib/python3.12/site-packages/airflow/example_dags/example_subdag_operator.py
[2025-03-07T02:46:53.660+0000] {logging_mixin.py:190} INFO - [2025-03-07T02:46:53.659+0000] {dag.py:3239} INFO - Sync 3 DAGs
[2025-03-07T02:46:53.686+0000] {logging_mixin.py:190} INFO - [2025-03-07T02:46:53.686+0000] {dag.py:4180} INFO - Setting next_dagrun for example_subdag_operator to 2022-01-01 00:00:00+00:00, run_after=2022-01-01 00:00:00+00:00
[2025-03-07T02:46:53.689+0000] {logging_mixin.py:190} INFO - [2025-03-07T02:46:53.689+0000] {dag.py:4180} INFO - Setting next_dagrun for example_subdag_operator.section-1 to None, run_after=None
[2025-03-07T02:46:53.690+0000] {logging_mixin.py:190} INFO - [2025-03-07T02:46:53.690+0000] {dag.py:4180} INFO - Setting next_dagrun for example_subdag_operator.section-2 to None, run_after=None
[2025-03-07T02:46:53.697+0000] {logging_mixin.py:190} INFO - [2025-03-07T02:46:53.697+0000] {dag.py:3239} INFO - Sync 2 DAGs
[2025-03-07T02:46:53.701+0000] {logging_mixin.py:190} INFO - [2025-03-07T02:46:53.701+0000] {dag.py:4180} INFO - Setting next_dagrun for example_subdag_operator.section-1 to None, run_after=None
[2025-03-07T02:46:53.702+0000] {logging_mixin.py:190} INFO - [2025-03-07T02:46:53.702+0000] {dag.py:4180} INFO - Setting next_dagrun for example_subdag_operator.section-2 to None, run_after=None
[2025-03-07T02:46:53.731+0000] {processor.py:208} INFO - Processing /home/Ashreem/airflow-env/lib/python3.12/site-packages/airflow/example_dags/example_subdag_operator.py took 0.133 seconds
[2025-03-07T02:47:58.194+0000] {processor.py:186} INFO - Started process (PID=47278) to work on /home/Ashreem/airflow-env/lib/python3.12/site-packages/airflow/example_dags/example_subdag_operator.py
[2025-03-07T02:47:58.196+0000] {processor.py:914} INFO - Processing file /home/Ashreem/airflow-env/lib/python3.12/site-packages/airflow/example_dags/example_subdag_operator.py for tasks to queue
[2025-03-07T02:47:58.199+0000] {logging_mixin.py:190} INFO - [2025-03-07T02:47:58.198+0000] {dagbag.py:588} INFO - Filling up the DagBag from /home/Ashreem/airflow-env/lib/python3.12/site-packages/airflow/example_dags/example_subdag_operator.py
[2025-03-07T02:47:58.233+0000] {processor.py:925} INFO - DAG(s) 'example_subdag_operator.section-1', 'example_subdag_operator.section-2', 'example_subdag_operator' retrieved from /home/Ashreem/airflow-env/lib/python3.12/site-packages/airflow/example_dags/example_subdag_operator.py
[2025-03-07T02:47:58.253+0000] {logging_mixin.py:190} INFO - [2025-03-07T02:47:58.253+0000] {dag.py:3239} INFO - Sync 3 DAGs
[2025-03-07T02:47:58.278+0000] {logging_mixin.py:190} INFO - [2025-03-07T02:47:58.278+0000] {dag.py:4180} INFO - Setting next_dagrun for example_subdag_operator to 2022-01-01 00:00:00+00:00, run_after=2022-01-01 00:00:00+00:00
[2025-03-07T02:47:58.282+0000] {logging_mixin.py:190} INFO - [2025-03-07T02:47:58.282+0000] {dag.py:4180} INFO - Setting next_dagrun for example_subdag_operator.section-1 to None, run_after=None
[2025-03-07T02:47:58.283+0000] {logging_mixin.py:190} INFO - [2025-03-07T02:47:58.283+0000] {dag.py:4180} INFO - Setting next_dagrun for example_subdag_operator.section-2 to None, run_after=None
[2025-03-07T02:47:58.290+0000] {logging_mixin.py:190} INFO - [2025-03-07T02:47:58.290+0000] {dag.py:3239} INFO - Sync 2 DAGs
[2025-03-07T02:47:58.295+0000] {logging_mixin.py:190} INFO - [2025-03-07T02:47:58.294+0000] {dag.py:4180} INFO - Setting next_dagrun for example_subdag_operator.section-1 to None, run_after=None
[2025-03-07T02:47:58.295+0000] {logging_mixin.py:190} INFO - [2025-03-07T02:47:58.295+0000] {dag.py:4180} INFO - Setting next_dagrun for example_subdag_operator.section-2 to None, run_after=None
[2025-03-07T02:47:58.325+0000] {processor.py:208} INFO - Processing /home/Ashreem/airflow-env/lib/python3.12/site-packages/airflow/example_dags/example_subdag_operator.py took 0.141 seconds
[2025-03-07T02:49:06.669+0000] {processor.py:186} INFO - Started process (PID=47359) to work on /home/Ashreem/airflow-env/lib/python3.12/site-packages/airflow/example_dags/example_subdag_operator.py
[2025-03-07T02:49:06.670+0000] {processor.py:914} INFO - Processing file /home/Ashreem/airflow-env/lib/python3.12/site-packages/airflow/example_dags/example_subdag_operator.py for tasks to queue
[2025-03-07T02:49:06.673+0000] {logging_mixin.py:190} INFO - [2025-03-07T02:49:06.673+0000] {dagbag.py:588} INFO - Filling up the DagBag from /home/Ashreem/airflow-env/lib/python3.12/site-packages/airflow/example_dags/example_subdag_operator.py
[2025-03-07T02:49:06.705+0000] {processor.py:925} INFO - DAG(s) 'example_subdag_operator.section-1', 'example_subdag_operator.section-2', 'example_subdag_operator' retrieved from /home/Ashreem/airflow-env/lib/python3.12/site-packages/airflow/example_dags/example_subdag_operator.py
[2025-03-07T02:49:06.728+0000] {logging_mixin.py:190} INFO - [2025-03-07T02:49:06.728+0000] {dag.py:3239} INFO - Sync 3 DAGs
[2025-03-07T02:49:06.751+0000] {logging_mixin.py:190} INFO - [2025-03-07T02:49:06.751+0000] {dag.py:4180} INFO - Setting next_dagrun for example_subdag_operator to 2022-01-01 00:00:00+00:00, run_after=2022-01-01 00:00:00+00:00
[2025-03-07T02:49:06.756+0000] {logging_mixin.py:190} INFO - [2025-03-07T02:49:06.755+0000] {dag.py:4180} INFO - Setting next_dagrun for example_subdag_operator.section-1 to None, run_after=None
[2025-03-07T02:49:06.757+0000] {logging_mixin.py:190} INFO - [2025-03-07T02:49:06.757+0000] {dag.py:4180} INFO - Setting next_dagrun for example_subdag_operator.section-2 to None, run_after=None
[2025-03-07T02:49:06.765+0000] {logging_mixin.py:190} INFO - [2025-03-07T02:49:06.764+0000] {dag.py:3239} INFO - Sync 2 DAGs
[2025-03-07T02:49:06.769+0000] {logging_mixin.py:190} INFO - [2025-03-07T02:49:06.769+0000] {dag.py:4180} INFO - Setting next_dagrun for example_subdag_operator.section-1 to None, run_after=None
[2025-03-07T02:49:06.770+0000] {logging_mixin.py:190} INFO - [2025-03-07T02:49:06.769+0000] {dag.py:4180} INFO - Setting next_dagrun for example_subdag_operator.section-2 to None, run_after=None
[2025-03-07T02:49:06.812+0000] {processor.py:208} INFO - Processing /home/Ashreem/airflow-env/lib/python3.12/site-packages/airflow/example_dags/example_subdag_operator.py took 0.151 seconds
[2025-03-07T02:50:15.568+0000] {processor.py:186} INFO - Started process (PID=47431) to work on /home/Ashreem/airflow-env/lib/python3.12/site-packages/airflow/example_dags/example_subdag_operator.py
[2025-03-07T02:50:15.570+0000] {processor.py:914} INFO - Processing file /home/Ashreem/airflow-env/lib/python3.12/site-packages/airflow/example_dags/example_subdag_operator.py for tasks to queue
[2025-03-07T02:50:15.573+0000] {logging_mixin.py:190} INFO - [2025-03-07T02:50:15.572+0000] {dagbag.py:588} INFO - Filling up the DagBag from /home/Ashreem/airflow-env/lib/python3.12/site-packages/airflow/example_dags/example_subdag_operator.py
[2025-03-07T02:50:15.605+0000] {processor.py:925} INFO - DAG(s) 'example_subdag_operator.section-1', 'example_subdag_operator.section-2', 'example_subdag_operator' retrieved from /home/Ashreem/airflow-env/lib/python3.12/site-packages/airflow/example_dags/example_subdag_operator.py
[2025-03-07T02:50:15.624+0000] {logging_mixin.py:190} INFO - [2025-03-07T02:50:15.624+0000] {dag.py:3239} INFO - Sync 3 DAGs
[2025-03-07T02:50:15.652+0000] {logging_mixin.py:190} INFO - [2025-03-07T02:50:15.651+0000] {dag.py:4180} INFO - Setting next_dagrun for example_subdag_operator to 2022-01-01 00:00:00+00:00, run_after=2022-01-01 00:00:00+00:00
[2025-03-07T02:50:15.656+0000] {logging_mixin.py:190} INFO - [2025-03-07T02:50:15.655+0000] {dag.py:4180} INFO - Setting next_dagrun for example_subdag_operator.section-1 to None, run_after=None
[2025-03-07T02:50:15.657+0000] {logging_mixin.py:190} INFO - [2025-03-07T02:50:15.657+0000] {dag.py:4180} INFO - Setting next_dagrun for example_subdag_operator.section-2 to None, run_after=None
[2025-03-07T02:50:15.669+0000] {logging_mixin.py:190} INFO - [2025-03-07T02:50:15.669+0000] {dag.py:3239} INFO - Sync 2 DAGs
[2025-03-07T02:50:15.675+0000] {logging_mixin.py:190} INFO - [2025-03-07T02:50:15.674+0000] {dag.py:4180} INFO - Setting next_dagrun for example_subdag_operator.section-1 to None, run_after=None
[2025-03-07T02:50:15.675+0000] {logging_mixin.py:190} INFO - [2025-03-07T02:50:15.675+0000] {dag.py:4180} INFO - Setting next_dagrun for example_subdag_operator.section-2 to None, run_after=None
[2025-03-07T02:50:15.706+0000] {processor.py:208} INFO - Processing /home/Ashreem/airflow-env/lib/python3.12/site-packages/airflow/example_dags/example_subdag_operator.py took 0.147 seconds
[2025-03-07T02:51:14.325+0000] {processor.py:186} INFO - Started process (PID=47497) to work on /home/Ashreem/airflow-env/lib/python3.12/site-packages/airflow/example_dags/example_subdag_operator.py
[2025-03-07T02:51:14.328+0000] {processor.py:914} INFO - Processing file /home/Ashreem/airflow-env/lib/python3.12/site-packages/airflow/example_dags/example_subdag_operator.py for tasks to queue
[2025-03-07T02:51:14.333+0000] {logging_mixin.py:190} INFO - [2025-03-07T02:51:14.332+0000] {dagbag.py:588} INFO - Filling up the DagBag from /home/Ashreem/airflow-env/lib/python3.12/site-packages/airflow/example_dags/example_subdag_operator.py
[2025-03-07T02:51:14.363+0000] {processor.py:925} INFO - DAG(s) 'example_subdag_operator.section-1', 'example_subdag_operator.section-2', 'example_subdag_operator' retrieved from /home/Ashreem/airflow-env/lib/python3.12/site-packages/airflow/example_dags/example_subdag_operator.py
[2025-03-07T02:51:14.381+0000] {logging_mixin.py:190} INFO - [2025-03-07T02:51:14.381+0000] {dag.py:3239} INFO - Sync 3 DAGs
[2025-03-07T02:51:14.404+0000] {logging_mixin.py:190} INFO - [2025-03-07T02:51:14.404+0000] {dag.py:4180} INFO - Setting next_dagrun for example_subdag_operator to 2022-01-01 00:00:00+00:00, run_after=2022-01-01 00:00:00+00:00
[2025-03-07T02:51:14.408+0000] {logging_mixin.py:190} INFO - [2025-03-07T02:51:14.408+0000] {dag.py:4180} INFO - Setting next_dagrun for example_subdag_operator.section-1 to None, run_after=None
[2025-03-07T02:51:14.409+0000] {logging_mixin.py:190} INFO - [2025-03-07T02:51:14.409+0000] {dag.py:4180} INFO - Setting next_dagrun for example_subdag_operator.section-2 to None, run_after=None
[2025-03-07T02:51:14.417+0000] {logging_mixin.py:190} INFO - [2025-03-07T02:51:14.416+0000] {dag.py:3239} INFO - Sync 2 DAGs
[2025-03-07T02:51:14.421+0000] {logging_mixin.py:190} INFO - [2025-03-07T02:51:14.421+0000] {dag.py:4180} INFO - Setting next_dagrun for example_subdag_operator.section-1 to None, run_after=None
[2025-03-07T02:51:14.422+0000] {logging_mixin.py:190} INFO - [2025-03-07T02:51:14.422+0000] {dag.py:4180} INFO - Setting next_dagrun for example_subdag_operator.section-2 to None, run_after=None
[2025-03-07T02:51:14.454+0000] {processor.py:208} INFO - Processing /home/Ashreem/airflow-env/lib/python3.12/site-packages/airflow/example_dags/example_subdag_operator.py took 0.137 seconds
[2025-03-07T02:52:19.682+0000] {processor.py:186} INFO - Started process (PID=47564) to work on /home/Ashreem/airflow-env/lib/python3.12/site-packages/airflow/example_dags/example_subdag_operator.py
[2025-03-07T02:52:19.684+0000] {processor.py:914} INFO - Processing file /home/Ashreem/airflow-env/lib/python3.12/site-packages/airflow/example_dags/example_subdag_operator.py for tasks to queue
[2025-03-07T02:52:19.686+0000] {logging_mixin.py:190} INFO - [2025-03-07T02:52:19.686+0000] {dagbag.py:588} INFO - Filling up the DagBag from /home/Ashreem/airflow-env/lib/python3.12/site-packages/airflow/example_dags/example_subdag_operator.py
[2025-03-07T02:52:19.718+0000] {processor.py:925} INFO - DAG(s) 'example_subdag_operator.section-1', 'example_subdag_operator.section-2', 'example_subdag_operator' retrieved from /home/Ashreem/airflow-env/lib/python3.12/site-packages/airflow/example_dags/example_subdag_operator.py
[2025-03-07T02:52:19.735+0000] {logging_mixin.py:190} INFO - [2025-03-07T02:52:19.735+0000] {dag.py:3239} INFO - Sync 3 DAGs
[2025-03-07T02:52:19.765+0000] {logging_mixin.py:190} INFO - [2025-03-07T02:52:19.765+0000] {dag.py:4180} INFO - Setting next_dagrun for example_subdag_operator to 2022-01-01 00:00:00+00:00, run_after=2022-01-01 00:00:00+00:00
[2025-03-07T02:52:19.770+0000] {logging_mixin.py:190} INFO - [2025-03-07T02:52:19.769+0000] {dag.py:4180} INFO - Setting next_dagrun for example_subdag_operator.section-1 to None, run_after=None
[2025-03-07T02:52:19.771+0000] {logging_mixin.py:190} INFO - [2025-03-07T02:52:19.771+0000] {dag.py:4180} INFO - Setting next_dagrun for example_subdag_operator.section-2 to None, run_after=None
[2025-03-07T02:52:19.778+0000] {logging_mixin.py:190} INFO - [2025-03-07T02:52:19.777+0000] {dag.py:3239} INFO - Sync 2 DAGs
[2025-03-07T02:52:19.783+0000] {logging_mixin.py:190} INFO - [2025-03-07T02:52:19.783+0000] {dag.py:4180} INFO - Setting next_dagrun for example_subdag_operator.section-1 to None, run_after=None
[2025-03-07T02:52:19.784+0000] {logging_mixin.py:190} INFO - [2025-03-07T02:52:19.783+0000] {dag.py:4180} INFO - Setting next_dagrun for example_subdag_operator.section-2 to None, run_after=None
[2025-03-07T02:52:19.812+0000] {processor.py:208} INFO - Processing /home/Ashreem/airflow-env/lib/python3.12/site-packages/airflow/example_dags/example_subdag_operator.py took 0.138 seconds
[2025-03-07T02:53:24.358+0000] {processor.py:186} INFO - Started process (PID=47627) to work on /home/Ashreem/airflow-env/lib/python3.12/site-packages/airflow/example_dags/example_subdag_operator.py
[2025-03-07T02:53:24.361+0000] {processor.py:914} INFO - Processing file /home/Ashreem/airflow-env/lib/python3.12/site-packages/airflow/example_dags/example_subdag_operator.py for tasks to queue
[2025-03-07T02:53:24.363+0000] {logging_mixin.py:190} INFO - [2025-03-07T02:53:24.363+0000] {dagbag.py:588} INFO - Filling up the DagBag from /home/Ashreem/airflow-env/lib/python3.12/site-packages/airflow/example_dags/example_subdag_operator.py
[2025-03-07T02:53:24.396+0000] {processor.py:925} INFO - DAG(s) 'example_subdag_operator.section-1', 'example_subdag_operator.section-2', 'example_subdag_operator' retrieved from /home/Ashreem/airflow-env/lib/python3.12/site-packages/airflow/example_dags/example_subdag_operator.py
[2025-03-07T02:53:24.417+0000] {logging_mixin.py:190} INFO - [2025-03-07T02:53:24.417+0000] {dag.py:3239} INFO - Sync 3 DAGs
[2025-03-07T02:53:24.443+0000] {logging_mixin.py:190} INFO - [2025-03-07T02:53:24.442+0000] {dag.py:4180} INFO - Setting next_dagrun for example_subdag_operator to 2022-01-01 00:00:00+00:00, run_after=2022-01-01 00:00:00+00:00
[2025-03-07T02:53:24.446+0000] {logging_mixin.py:190} INFO - [2025-03-07T02:53:24.446+0000] {dag.py:4180} INFO - Setting next_dagrun for example_subdag_operator.section-1 to None, run_after=None
[2025-03-07T02:53:24.448+0000] {logging_mixin.py:190} INFO - [2025-03-07T02:53:24.447+0000] {dag.py:4180} INFO - Setting next_dagrun for example_subdag_operator.section-2 to None, run_after=None
[2025-03-07T02:53:24.456+0000] {logging_mixin.py:190} INFO - [2025-03-07T02:53:24.455+0000] {dag.py:3239} INFO - Sync 2 DAGs
[2025-03-07T02:53:24.461+0000] {logging_mixin.py:190} INFO - [2025-03-07T02:53:24.460+0000] {dag.py:4180} INFO - Setting next_dagrun for example_subdag_operator.section-1 to None, run_after=None
[2025-03-07T02:53:24.461+0000] {logging_mixin.py:190} INFO - [2025-03-07T02:53:24.461+0000] {dag.py:4180} INFO - Setting next_dagrun for example_subdag_operator.section-2 to None, run_after=None
[2025-03-07T02:53:24.487+0000] {processor.py:208} INFO - Processing /home/Ashreem/airflow-env/lib/python3.12/site-packages/airflow/example_dags/example_subdag_operator.py took 0.136 seconds
[2025-03-07T02:54:26.833+0000] {processor.py:186} INFO - Started process (PID=47692) to work on /home/Ashreem/airflow-env/lib/python3.12/site-packages/airflow/example_dags/example_subdag_operator.py
[2025-03-07T02:54:26.835+0000] {processor.py:914} INFO - Processing file /home/Ashreem/airflow-env/lib/python3.12/site-packages/airflow/example_dags/example_subdag_operator.py for tasks to queue
[2025-03-07T02:54:26.838+0000] {logging_mixin.py:190} INFO - [2025-03-07T02:54:26.837+0000] {dagbag.py:588} INFO - Filling up the DagBag from /home/Ashreem/airflow-env/lib/python3.12/site-packages/airflow/example_dags/example_subdag_operator.py
[2025-03-07T02:54:26.870+0000] {processor.py:925} INFO - DAG(s) 'example_subdag_operator.section-1', 'example_subdag_operator.section-2', 'example_subdag_operator' retrieved from /home/Ashreem/airflow-env/lib/python3.12/site-packages/airflow/example_dags/example_subdag_operator.py
[2025-03-07T02:54:26.887+0000] {logging_mixin.py:190} INFO - [2025-03-07T02:54:26.887+0000] {dag.py:3239} INFO - Sync 3 DAGs
[2025-03-07T02:54:26.911+0000] {logging_mixin.py:190} INFO - [2025-03-07T02:54:26.911+0000] {dag.py:4180} INFO - Setting next_dagrun for example_subdag_operator to 2022-01-01 00:00:00+00:00, run_after=2022-01-01 00:00:00+00:00
[2025-03-07T02:54:26.915+0000] {logging_mixin.py:190} INFO - [2025-03-07T02:54:26.914+0000] {dag.py:4180} INFO - Setting next_dagrun for example_subdag_operator.section-1 to None, run_after=None
[2025-03-07T02:54:26.916+0000] {logging_mixin.py:190} INFO - [2025-03-07T02:54:26.915+0000] {dag.py:4180} INFO - Setting next_dagrun for example_subdag_operator.section-2 to None, run_after=None
[2025-03-07T02:54:26.923+0000] {logging_mixin.py:190} INFO - [2025-03-07T02:54:26.922+0000] {dag.py:3239} INFO - Sync 2 DAGs
[2025-03-07T02:54:26.927+0000] {logging_mixin.py:190} INFO - [2025-03-07T02:54:26.926+0000] {dag.py:4180} INFO - Setting next_dagrun for example_subdag_operator.section-1 to None, run_after=None
[2025-03-07T02:54:26.927+0000] {logging_mixin.py:190} INFO - [2025-03-07T02:54:26.927+0000] {dag.py:4180} INFO - Setting next_dagrun for example_subdag_operator.section-2 to None, run_after=None
[2025-03-07T02:54:26.955+0000] {processor.py:208} INFO - Processing /home/Ashreem/airflow-env/lib/python3.12/site-packages/airflow/example_dags/example_subdag_operator.py took 0.129 seconds
[2025-03-07T02:55:27.637+0000] {processor.py:186} INFO - Started process (PID=47823) to work on /home/Ashreem/airflow-env/lib/python3.12/site-packages/airflow/example_dags/example_subdag_operator.py
[2025-03-07T02:55:27.638+0000] {processor.py:914} INFO - Processing file /home/Ashreem/airflow-env/lib/python3.12/site-packages/airflow/example_dags/example_subdag_operator.py for tasks to queue
[2025-03-07T02:55:27.641+0000] {logging_mixin.py:190} INFO - [2025-03-07T02:55:27.640+0000] {dagbag.py:588} INFO - Filling up the DagBag from /home/Ashreem/airflow-env/lib/python3.12/site-packages/airflow/example_dags/example_subdag_operator.py
[2025-03-07T02:55:27.670+0000] {processor.py:925} INFO - DAG(s) 'example_subdag_operator.section-1', 'example_subdag_operator.section-2', 'example_subdag_operator' retrieved from /home/Ashreem/airflow-env/lib/python3.12/site-packages/airflow/example_dags/example_subdag_operator.py
[2025-03-07T02:55:27.691+0000] {logging_mixin.py:190} INFO - [2025-03-07T02:55:27.691+0000] {dag.py:3239} INFO - Sync 3 DAGs
[2025-03-07T02:55:27.717+0000] {logging_mixin.py:190} INFO - [2025-03-07T02:55:27.716+0000] {dag.py:4180} INFO - Setting next_dagrun for example_subdag_operator to 2022-01-01 00:00:00+00:00, run_after=2022-01-01 00:00:00+00:00
[2025-03-07T02:55:27.721+0000] {logging_mixin.py:190} INFO - [2025-03-07T02:55:27.721+0000] {dag.py:4180} INFO - Setting next_dagrun for example_subdag_operator.section-1 to None, run_after=None
[2025-03-07T02:55:27.723+0000] {logging_mixin.py:190} INFO - [2025-03-07T02:55:27.722+0000] {dag.py:4180} INFO - Setting next_dagrun for example_subdag_operator.section-2 to None, run_after=None
[2025-03-07T02:55:27.730+0000] {logging_mixin.py:190} INFO - [2025-03-07T02:55:27.730+0000] {dag.py:3239} INFO - Sync 2 DAGs
[2025-03-07T02:55:27.734+0000] {logging_mixin.py:190} INFO - [2025-03-07T02:55:27.734+0000] {dag.py:4180} INFO - Setting next_dagrun for example_subdag_operator.section-1 to None, run_after=None
[2025-03-07T02:55:27.735+0000] {logging_mixin.py:190} INFO - [2025-03-07T02:55:27.734+0000] {dag.py:4180} INFO - Setting next_dagrun for example_subdag_operator.section-2 to None, run_after=None
[2025-03-07T02:55:27.770+0000] {processor.py:208} INFO - Processing /home/Ashreem/airflow-env/lib/python3.12/site-packages/airflow/example_dags/example_subdag_operator.py took 0.142 seconds
[2025-03-07T02:56:28.264+0000] {processor.py:186} INFO - Started process (PID=47926) to work on /home/Ashreem/airflow-env/lib/python3.12/site-packages/airflow/example_dags/example_subdag_operator.py
[2025-03-07T02:56:28.266+0000] {processor.py:914} INFO - Processing file /home/Ashreem/airflow-env/lib/python3.12/site-packages/airflow/example_dags/example_subdag_operator.py for tasks to queue
[2025-03-07T02:56:28.269+0000] {logging_mixin.py:190} INFO - [2025-03-07T02:56:28.269+0000] {dagbag.py:588} INFO - Filling up the DagBag from /home/Ashreem/airflow-env/lib/python3.12/site-packages/airflow/example_dags/example_subdag_operator.py
[2025-03-07T02:56:28.299+0000] {processor.py:925} INFO - DAG(s) 'example_subdag_operator.section-1', 'example_subdag_operator.section-2', 'example_subdag_operator' retrieved from /home/Ashreem/airflow-env/lib/python3.12/site-packages/airflow/example_dags/example_subdag_operator.py
[2025-03-07T02:56:28.326+0000] {logging_mixin.py:190} INFO - [2025-03-07T02:56:28.326+0000] {dag.py:3239} INFO - Sync 3 DAGs
[2025-03-07T02:56:28.352+0000] {logging_mixin.py:190} INFO - [2025-03-07T02:56:28.351+0000] {dag.py:4180} INFO - Setting next_dagrun for example_subdag_operator to 2022-01-01 00:00:00+00:00, run_after=2022-01-01 00:00:00+00:00
[2025-03-07T02:56:28.356+0000] {logging_mixin.py:190} INFO - [2025-03-07T02:56:28.355+0000] {dag.py:4180} INFO - Setting next_dagrun for example_subdag_operator.section-1 to None, run_after=None
[2025-03-07T02:56:28.357+0000] {logging_mixin.py:190} INFO - [2025-03-07T02:56:28.356+0000] {dag.py:4180} INFO - Setting next_dagrun for example_subdag_operator.section-2 to None, run_after=None
[2025-03-07T02:56:28.364+0000] {logging_mixin.py:190} INFO - [2025-03-07T02:56:28.364+0000] {dag.py:3239} INFO - Sync 2 DAGs
[2025-03-07T02:56:28.367+0000] {logging_mixin.py:190} INFO - [2025-03-07T02:56:28.367+0000] {dag.py:4180} INFO - Setting next_dagrun for example_subdag_operator.section-1 to None, run_after=None
[2025-03-07T02:56:28.368+0000] {logging_mixin.py:190} INFO - [2025-03-07T02:56:28.368+0000] {dag.py:4180} INFO - Setting next_dagrun for example_subdag_operator.section-2 to None, run_after=None
[2025-03-07T02:56:28.401+0000] {processor.py:208} INFO - Processing /home/Ashreem/airflow-env/lib/python3.12/site-packages/airflow/example_dags/example_subdag_operator.py took 0.146 seconds
[2025-03-07T02:56:33.604+0000] {processor.py:186} INFO - Started process (PID=47935) to work on /home/Ashreem/airflow-env/lib/python3.12/site-packages/airflow/example_dags/example_subdag_operator.py
[2025-03-07T02:56:33.605+0000] {processor.py:914} INFO - Processing file /home/Ashreem/airflow-env/lib/python3.12/site-packages/airflow/example_dags/example_subdag_operator.py for tasks to queue
[2025-03-07T02:56:33.609+0000] {logging_mixin.py:190} INFO - [2025-03-07T02:56:33.608+0000] {dagbag.py:588} INFO - Filling up the DagBag from /home/Ashreem/airflow-env/lib/python3.12/site-packages/airflow/example_dags/example_subdag_operator.py
[2025-03-07T02:56:33.639+0000] {processor.py:925} INFO - DAG(s) 'example_subdag_operator.section-1', 'example_subdag_operator.section-2', 'example_subdag_operator' retrieved from /home/Ashreem/airflow-env/lib/python3.12/site-packages/airflow/example_dags/example_subdag_operator.py
[2025-03-07T02:56:33.658+0000] {logging_mixin.py:190} INFO - [2025-03-07T02:56:33.657+0000] {dag.py:3239} INFO - Sync 3 DAGs
[2025-03-07T02:56:33.690+0000] {logging_mixin.py:190} INFO - [2025-03-07T02:56:33.690+0000] {dag.py:4180} INFO - Setting next_dagrun for example_subdag_operator to 2022-01-01 00:00:00+00:00, run_after=2022-01-01 00:00:00+00:00
[2025-03-07T02:56:33.694+0000] {logging_mixin.py:190} INFO - [2025-03-07T02:56:33.694+0000] {dag.py:4180} INFO - Setting next_dagrun for example_subdag_operator.section-1 to None, run_after=None
[2025-03-07T02:56:33.695+0000] {logging_mixin.py:190} INFO - [2025-03-07T02:56:33.695+0000] {dag.py:4180} INFO - Setting next_dagrun for example_subdag_operator.section-2 to None, run_after=None
[2025-03-07T02:56:33.702+0000] {logging_mixin.py:190} INFO - [2025-03-07T02:56:33.702+0000] {dag.py:3239} INFO - Sync 2 DAGs
[2025-03-07T02:56:33.706+0000] {logging_mixin.py:190} INFO - [2025-03-07T02:56:33.706+0000] {dag.py:4180} INFO - Setting next_dagrun for example_subdag_operator.section-1 to None, run_after=None
[2025-03-07T02:56:33.707+0000] {logging_mixin.py:190} INFO - [2025-03-07T02:56:33.707+0000] {dag.py:4180} INFO - Setting next_dagrun for example_subdag_operator.section-2 to None, run_after=None
[2025-03-07T02:56:33.736+0000] {processor.py:208} INFO - Processing /home/Ashreem/airflow-env/lib/python3.12/site-packages/airflow/example_dags/example_subdag_operator.py took 0.140 seconds
[2025-03-07T02:57:38.701+0000] {processor.py:186} INFO - Started process (PID=48042) to work on /home/Ashreem/airflow-env/lib/python3.12/site-packages/airflow/example_dags/example_subdag_operator.py
[2025-03-07T02:57:38.702+0000] {processor.py:914} INFO - Processing file /home/Ashreem/airflow-env/lib/python3.12/site-packages/airflow/example_dags/example_subdag_operator.py for tasks to queue
[2025-03-07T02:57:38.705+0000] {logging_mixin.py:190} INFO - [2025-03-07T02:57:38.705+0000] {dagbag.py:588} INFO - Filling up the DagBag from /home/Ashreem/airflow-env/lib/python3.12/site-packages/airflow/example_dags/example_subdag_operator.py
[2025-03-07T02:57:38.737+0000] {processor.py:925} INFO - DAG(s) 'example_subdag_operator.section-1', 'example_subdag_operator.section-2', 'example_subdag_operator' retrieved from /home/Ashreem/airflow-env/lib/python3.12/site-packages/airflow/example_dags/example_subdag_operator.py
[2025-03-07T02:57:38.760+0000] {logging_mixin.py:190} INFO - [2025-03-07T02:57:38.759+0000] {dag.py:3239} INFO - Sync 3 DAGs
[2025-03-07T02:57:38.791+0000] {logging_mixin.py:190} INFO - [2025-03-07T02:57:38.790+0000] {dag.py:4180} INFO - Setting next_dagrun for example_subdag_operator to 2022-01-01 00:00:00+00:00, run_after=2022-01-01 00:00:00+00:00
[2025-03-07T02:57:38.794+0000] {logging_mixin.py:190} INFO - [2025-03-07T02:57:38.794+0000] {dag.py:4180} INFO - Setting next_dagrun for example_subdag_operator.section-1 to None, run_after=None
[2025-03-07T02:57:38.796+0000] {logging_mixin.py:190} INFO - [2025-03-07T02:57:38.796+0000] {dag.py:4180} INFO - Setting next_dagrun for example_subdag_operator.section-2 to None, run_after=None
[2025-03-07T02:57:38.804+0000] {logging_mixin.py:190} INFO - [2025-03-07T02:57:38.804+0000] {dag.py:3239} INFO - Sync 2 DAGs
[2025-03-07T02:57:38.809+0000] {logging_mixin.py:190} INFO - [2025-03-07T02:57:38.809+0000] {dag.py:4180} INFO - Setting next_dagrun for example_subdag_operator.section-1 to None, run_after=None
[2025-03-07T02:57:38.810+0000] {logging_mixin.py:190} INFO - [2025-03-07T02:57:38.809+0000] {dag.py:4180} INFO - Setting next_dagrun for example_subdag_operator.section-2 to None, run_after=None
[2025-03-07T02:57:38.836+0000] {processor.py:208} INFO - Processing /home/Ashreem/airflow-env/lib/python3.12/site-packages/airflow/example_dags/example_subdag_operator.py took 0.143 seconds
[2025-03-07T02:58:42.648+0000] {processor.py:186} INFO - Started process (PID=48117) to work on /home/Ashreem/airflow-env/lib/python3.12/site-packages/airflow/example_dags/example_subdag_operator.py
[2025-03-07T02:58:42.650+0000] {processor.py:914} INFO - Processing file /home/Ashreem/airflow-env/lib/python3.12/site-packages/airflow/example_dags/example_subdag_operator.py for tasks to queue
[2025-03-07T02:58:42.652+0000] {logging_mixin.py:190} INFO - [2025-03-07T02:58:42.652+0000] {dagbag.py:588} INFO - Filling up the DagBag from /home/Ashreem/airflow-env/lib/python3.12/site-packages/airflow/example_dags/example_subdag_operator.py
[2025-03-07T02:58:42.682+0000] {processor.py:925} INFO - DAG(s) 'example_subdag_operator.section-1', 'example_subdag_operator.section-2', 'example_subdag_operator' retrieved from /home/Ashreem/airflow-env/lib/python3.12/site-packages/airflow/example_dags/example_subdag_operator.py
[2025-03-07T02:58:42.704+0000] {logging_mixin.py:190} INFO - [2025-03-07T02:58:42.703+0000] {dag.py:3239} INFO - Sync 3 DAGs
[2025-03-07T02:58:42.732+0000] {logging_mixin.py:190} INFO - [2025-03-07T02:58:42.731+0000] {dag.py:4180} INFO - Setting next_dagrun for example_subdag_operator to 2022-01-01 00:00:00+00:00, run_after=2022-01-01 00:00:00+00:00
[2025-03-07T02:58:42.736+0000] {logging_mixin.py:190} INFO - [2025-03-07T02:58:42.735+0000] {dag.py:4180} INFO - Setting next_dagrun for example_subdag_operator.section-1 to None, run_after=None
[2025-03-07T02:58:42.737+0000] {logging_mixin.py:190} INFO - [2025-03-07T02:58:42.737+0000] {dag.py:4180} INFO - Setting next_dagrun for example_subdag_operator.section-2 to None, run_after=None
[2025-03-07T02:58:42.744+0000] {logging_mixin.py:190} INFO - [2025-03-07T02:58:42.744+0000] {dag.py:3239} INFO - Sync 2 DAGs
[2025-03-07T02:58:42.749+0000] {logging_mixin.py:190} INFO - [2025-03-07T02:58:42.748+0000] {dag.py:4180} INFO - Setting next_dagrun for example_subdag_operator.section-1 to None, run_after=None
[2025-03-07T02:58:42.749+0000] {logging_mixin.py:190} INFO - [2025-03-07T02:58:42.749+0000] {dag.py:4180} INFO - Setting next_dagrun for example_subdag_operator.section-2 to None, run_after=None
[2025-03-07T02:58:42.778+0000] {processor.py:208} INFO - Processing /home/Ashreem/airflow-env/lib/python3.12/site-packages/airflow/example_dags/example_subdag_operator.py took 0.139 seconds
[2025-03-07T02:59:49.827+0000] {processor.py:186} INFO - Started process (PID=48230) to work on /home/Ashreem/airflow-env/lib/python3.12/site-packages/airflow/example_dags/example_subdag_operator.py
[2025-03-07T02:59:49.829+0000] {processor.py:914} INFO - Processing file /home/Ashreem/airflow-env/lib/python3.12/site-packages/airflow/example_dags/example_subdag_operator.py for tasks to queue
[2025-03-07T02:59:49.831+0000] {logging_mixin.py:190} INFO - [2025-03-07T02:59:49.831+0000] {dagbag.py:588} INFO - Filling up the DagBag from /home/Ashreem/airflow-env/lib/python3.12/site-packages/airflow/example_dags/example_subdag_operator.py
[2025-03-07T02:59:49.860+0000] {processor.py:925} INFO - DAG(s) 'example_subdag_operator.section-1', 'example_subdag_operator.section-2', 'example_subdag_operator' retrieved from /home/Ashreem/airflow-env/lib/python3.12/site-packages/airflow/example_dags/example_subdag_operator.py
[2025-03-07T02:59:49.884+0000] {logging_mixin.py:190} INFO - [2025-03-07T02:59:49.884+0000] {dag.py:3239} INFO - Sync 3 DAGs
[2025-03-07T02:59:49.915+0000] {logging_mixin.py:190} INFO - [2025-03-07T02:59:49.915+0000] {dag.py:4180} INFO - Setting next_dagrun for example_subdag_operator to 2022-01-01 00:00:00+00:00, run_after=2022-01-01 00:00:00+00:00
[2025-03-07T02:59:49.920+0000] {logging_mixin.py:190} INFO - [2025-03-07T02:59:49.920+0000] {dag.py:4180} INFO - Setting next_dagrun for example_subdag_operator.section-1 to None, run_after=None
[2025-03-07T02:59:49.921+0000] {logging_mixin.py:190} INFO - [2025-03-07T02:59:49.921+0000] {dag.py:4180} INFO - Setting next_dagrun for example_subdag_operator.section-2 to None, run_after=None
[2025-03-07T02:59:49.929+0000] {logging_mixin.py:190} INFO - [2025-03-07T02:59:49.928+0000] {dag.py:3239} INFO - Sync 2 DAGs
[2025-03-07T02:59:49.933+0000] {logging_mixin.py:190} INFO - [2025-03-07T02:59:49.933+0000] {dag.py:4180} INFO - Setting next_dagrun for example_subdag_operator.section-1 to None, run_after=None
[2025-03-07T02:59:49.934+0000] {logging_mixin.py:190} INFO - [2025-03-07T02:59:49.934+0000] {dag.py:4180} INFO - Setting next_dagrun for example_subdag_operator.section-2 to None, run_after=None
[2025-03-07T02:59:49.962+0000] {processor.py:208} INFO - Processing /home/Ashreem/airflow-env/lib/python3.12/site-packages/airflow/example_dags/example_subdag_operator.py took 0.142 seconds
[2025-03-07T03:00:56.879+0000] {processor.py:186} INFO - Started process (PID=48344) to work on /home/Ashreem/airflow-env/lib/python3.12/site-packages/airflow/example_dags/example_subdag_operator.py
[2025-03-07T03:00:56.881+0000] {processor.py:914} INFO - Processing file /home/Ashreem/airflow-env/lib/python3.12/site-packages/airflow/example_dags/example_subdag_operator.py for tasks to queue
[2025-03-07T03:00:56.884+0000] {logging_mixin.py:190} INFO - [2025-03-07T03:00:56.883+0000] {dagbag.py:588} INFO - Filling up the DagBag from /home/Ashreem/airflow-env/lib/python3.12/site-packages/airflow/example_dags/example_subdag_operator.py
[2025-03-07T03:00:56.915+0000] {processor.py:925} INFO - DAG(s) 'example_subdag_operator.section-1', 'example_subdag_operator.section-2', 'example_subdag_operator' retrieved from /home/Ashreem/airflow-env/lib/python3.12/site-packages/airflow/example_dags/example_subdag_operator.py
[2025-03-07T03:00:56.940+0000] {logging_mixin.py:190} INFO - [2025-03-07T03:00:56.940+0000] {dag.py:3239} INFO - Sync 3 DAGs
[2025-03-07T03:00:56.971+0000] {logging_mixin.py:190} INFO - [2025-03-07T03:00:56.970+0000] {dag.py:4180} INFO - Setting next_dagrun for example_subdag_operator to 2022-01-01 00:00:00+00:00, run_after=2022-01-01 00:00:00+00:00
[2025-03-07T03:00:56.975+0000] {logging_mixin.py:190} INFO - [2025-03-07T03:00:56.975+0000] {dag.py:4180} INFO - Setting next_dagrun for example_subdag_operator.section-1 to None, run_after=None
[2025-03-07T03:00:56.977+0000] {logging_mixin.py:190} INFO - [2025-03-07T03:00:56.976+0000] {dag.py:4180} INFO - Setting next_dagrun for example_subdag_operator.section-2 to None, run_after=None
[2025-03-07T03:00:56.984+0000] {logging_mixin.py:190} INFO - [2025-03-07T03:00:56.984+0000] {dag.py:3239} INFO - Sync 2 DAGs
[2025-03-07T03:00:56.990+0000] {logging_mixin.py:190} INFO - [2025-03-07T03:00:56.990+0000] {dag.py:4180} INFO - Setting next_dagrun for example_subdag_operator.section-1 to None, run_after=None
[2025-03-07T03:00:56.990+0000] {logging_mixin.py:190} INFO - [2025-03-07T03:00:56.990+0000] {dag.py:4180} INFO - Setting next_dagrun for example_subdag_operator.section-2 to None, run_after=None
[2025-03-07T03:00:57.021+0000] {processor.py:208} INFO - Processing /home/Ashreem/airflow-env/lib/python3.12/site-packages/airflow/example_dags/example_subdag_operator.py took 0.149 seconds
[2025-03-07T03:01:57.791+0000] {processor.py:186} INFO - Started process (PID=48409) to work on /home/Ashreem/airflow-env/lib/python3.12/site-packages/airflow/example_dags/example_subdag_operator.py
[2025-03-07T03:01:57.793+0000] {processor.py:914} INFO - Processing file /home/Ashreem/airflow-env/lib/python3.12/site-packages/airflow/example_dags/example_subdag_operator.py for tasks to queue
[2025-03-07T03:01:57.796+0000] {logging_mixin.py:190} INFO - [2025-03-07T03:01:57.795+0000] {dagbag.py:588} INFO - Filling up the DagBag from /home/Ashreem/airflow-env/lib/python3.12/site-packages/airflow/example_dags/example_subdag_operator.py
[2025-03-07T03:01:57.829+0000] {processor.py:925} INFO - DAG(s) 'example_subdag_operator.section-1', 'example_subdag_operator.section-2', 'example_subdag_operator' retrieved from /home/Ashreem/airflow-env/lib/python3.12/site-packages/airflow/example_dags/example_subdag_operator.py
[2025-03-07T03:01:57.849+0000] {logging_mixin.py:190} INFO - [2025-03-07T03:01:57.848+0000] {dag.py:3239} INFO - Sync 3 DAGs
[2025-03-07T03:01:57.877+0000] {logging_mixin.py:190} INFO - [2025-03-07T03:01:57.877+0000] {dag.py:4180} INFO - Setting next_dagrun for example_subdag_operator to 2022-01-01 00:00:00+00:00, run_after=2022-01-01 00:00:00+00:00
[2025-03-07T03:01:57.881+0000] {logging_mixin.py:190} INFO - [2025-03-07T03:01:57.881+0000] {dag.py:4180} INFO - Setting next_dagrun for example_subdag_operator.section-1 to None, run_after=None
[2025-03-07T03:01:57.882+0000] {logging_mixin.py:190} INFO - [2025-03-07T03:01:57.882+0000] {dag.py:4180} INFO - Setting next_dagrun for example_subdag_operator.section-2 to None, run_after=None
[2025-03-07T03:01:57.889+0000] {logging_mixin.py:190} INFO - [2025-03-07T03:01:57.889+0000] {dag.py:3239} INFO - Sync 2 DAGs
[2025-03-07T03:01:57.893+0000] {logging_mixin.py:190} INFO - [2025-03-07T03:01:57.893+0000] {dag.py:4180} INFO - Setting next_dagrun for example_subdag_operator.section-1 to None, run_after=None
[2025-03-07T03:01:57.893+0000] {logging_mixin.py:190} INFO - [2025-03-07T03:01:57.893+0000] {dag.py:4180} INFO - Setting next_dagrun for example_subdag_operator.section-2 to None, run_after=None
[2025-03-07T03:01:57.923+0000] {processor.py:208} INFO - Processing /home/Ashreem/airflow-env/lib/python3.12/site-packages/airflow/example_dags/example_subdag_operator.py took 0.140 seconds
[2025-03-07T03:02:58.033+0000] {processor.py:186} INFO - Started process (PID=48540) to work on /home/Ashreem/airflow-env/lib/python3.12/site-packages/airflow/example_dags/example_subdag_operator.py
[2025-03-07T03:02:58.035+0000] {processor.py:914} INFO - Processing file /home/Ashreem/airflow-env/lib/python3.12/site-packages/airflow/example_dags/example_subdag_operator.py for tasks to queue
[2025-03-07T03:02:58.038+0000] {logging_mixin.py:190} INFO - [2025-03-07T03:02:58.037+0000] {dagbag.py:588} INFO - Filling up the DagBag from /home/Ashreem/airflow-env/lib/python3.12/site-packages/airflow/example_dags/example_subdag_operator.py
[2025-03-07T03:02:58.071+0000] {processor.py:925} INFO - DAG(s) 'example_subdag_operator.section-1', 'example_subdag_operator.section-2', 'example_subdag_operator' retrieved from /home/Ashreem/airflow-env/lib/python3.12/site-packages/airflow/example_dags/example_subdag_operator.py
[2025-03-07T03:02:58.091+0000] {logging_mixin.py:190} INFO - [2025-03-07T03:02:58.091+0000] {dag.py:3239} INFO - Sync 3 DAGs
[2025-03-07T03:02:58.119+0000] {logging_mixin.py:190} INFO - [2025-03-07T03:02:58.119+0000] {dag.py:4180} INFO - Setting next_dagrun for example_subdag_operator to 2022-01-01 00:00:00+00:00, run_after=2022-01-01 00:00:00+00:00
[2025-03-07T03:02:58.124+0000] {logging_mixin.py:190} INFO - [2025-03-07T03:02:58.123+0000] {dag.py:4180} INFO - Setting next_dagrun for example_subdag_operator.section-1 to None, run_after=None
[2025-03-07T03:02:58.126+0000] {logging_mixin.py:190} INFO - [2025-03-07T03:02:58.126+0000] {dag.py:4180} INFO - Setting next_dagrun for example_subdag_operator.section-2 to None, run_after=None
[2025-03-07T03:02:58.133+0000] {logging_mixin.py:190} INFO - [2025-03-07T03:02:58.133+0000] {dag.py:3239} INFO - Sync 2 DAGs
[2025-03-07T03:02:58.138+0000] {logging_mixin.py:190} INFO - [2025-03-07T03:02:58.138+0000] {dag.py:4180} INFO - Setting next_dagrun for example_subdag_operator.section-1 to None, run_after=None
[2025-03-07T03:02:58.139+0000] {logging_mixin.py:190} INFO - [2025-03-07T03:02:58.139+0000] {dag.py:4180} INFO - Setting next_dagrun for example_subdag_operator.section-2 to None, run_after=None
[2025-03-07T03:02:58.169+0000] {processor.py:208} INFO - Processing /home/Ashreem/airflow-env/lib/python3.12/site-packages/airflow/example_dags/example_subdag_operator.py took 0.144 seconds
[2025-03-07T03:03:43.355+0000] {processor.py:186} INFO - Started process (PID=48613) to work on /home/Ashreem/airflow-env/lib/python3.12/site-packages/airflow/example_dags/example_subdag_operator.py
[2025-03-07T03:03:43.357+0000] {processor.py:914} INFO - Processing file /home/Ashreem/airflow-env/lib/python3.12/site-packages/airflow/example_dags/example_subdag_operator.py for tasks to queue
[2025-03-07T03:03:43.360+0000] {logging_mixin.py:190} INFO - [2025-03-07T03:03:43.359+0000] {dagbag.py:588} INFO - Filling up the DagBag from /home/Ashreem/airflow-env/lib/python3.12/site-packages/airflow/example_dags/example_subdag_operator.py
[2025-03-07T03:03:43.394+0000] {processor.py:925} INFO - DAG(s) 'example_subdag_operator.section-1', 'example_subdag_operator.section-2', 'example_subdag_operator' retrieved from /home/Ashreem/airflow-env/lib/python3.12/site-packages/airflow/example_dags/example_subdag_operator.py
[2025-03-07T03:03:43.421+0000] {logging_mixin.py:190} INFO - [2025-03-07T03:03:43.420+0000] {dag.py:3239} INFO - Sync 3 DAGs
[2025-03-07T03:03:43.452+0000] {logging_mixin.py:190} INFO - [2025-03-07T03:03:43.452+0000] {dag.py:4180} INFO - Setting next_dagrun for example_subdag_operator to 2022-01-01 00:00:00+00:00, run_after=2022-01-01 00:00:00+00:00
[2025-03-07T03:03:43.458+0000] {logging_mixin.py:190} INFO - [2025-03-07T03:03:43.458+0000] {dag.py:4180} INFO - Setting next_dagrun for example_subdag_operator.section-1 to None, run_after=None
[2025-03-07T03:03:43.459+0000] {logging_mixin.py:190} INFO - [2025-03-07T03:03:43.459+0000] {dag.py:4180} INFO - Setting next_dagrun for example_subdag_operator.section-2 to None, run_after=None
[2025-03-07T03:03:43.467+0000] {logging_mixin.py:190} INFO - [2025-03-07T03:03:43.466+0000] {dag.py:3239} INFO - Sync 2 DAGs
[2025-03-07T03:03:43.471+0000] {logging_mixin.py:190} INFO - [2025-03-07T03:03:43.471+0000] {dag.py:4180} INFO - Setting next_dagrun for example_subdag_operator.section-1 to None, run_after=None
[2025-03-07T03:03:43.472+0000] {logging_mixin.py:190} INFO - [2025-03-07T03:03:43.472+0000] {dag.py:4180} INFO - Setting next_dagrun for example_subdag_operator.section-2 to None, run_after=None
[2025-03-07T03:03:43.506+0000] {processor.py:208} INFO - Processing /home/Ashreem/airflow-env/lib/python3.12/site-packages/airflow/example_dags/example_subdag_operator.py took 0.160 seconds
[2025-03-07T03:04:45.626+0000] {processor.py:186} INFO - Started process (PID=48681) to work on /home/Ashreem/airflow-env/lib/python3.12/site-packages/airflow/example_dags/example_subdag_operator.py
[2025-03-07T03:04:45.630+0000] {processor.py:914} INFO - Processing file /home/Ashreem/airflow-env/lib/python3.12/site-packages/airflow/example_dags/example_subdag_operator.py for tasks to queue
[2025-03-07T03:04:45.632+0000] {logging_mixin.py:190} INFO - [2025-03-07T03:04:45.632+0000] {dagbag.py:588} INFO - Filling up the DagBag from /home/Ashreem/airflow-env/lib/python3.12/site-packages/airflow/example_dags/example_subdag_operator.py
[2025-03-07T03:04:45.662+0000] {processor.py:925} INFO - DAG(s) 'example_subdag_operator.section-1', 'example_subdag_operator.section-2', 'example_subdag_operator' retrieved from /home/Ashreem/airflow-env/lib/python3.12/site-packages/airflow/example_dags/example_subdag_operator.py
[2025-03-07T03:04:45.680+0000] {logging_mixin.py:190} INFO - [2025-03-07T03:04:45.680+0000] {dag.py:3239} INFO - Sync 3 DAGs
[2025-03-07T03:04:45.705+0000] {logging_mixin.py:190} INFO - [2025-03-07T03:04:45.705+0000] {dag.py:4180} INFO - Setting next_dagrun for example_subdag_operator to 2022-01-01 00:00:00+00:00, run_after=2022-01-01 00:00:00+00:00
[2025-03-07T03:04:45.709+0000] {logging_mixin.py:190} INFO - [2025-03-07T03:04:45.709+0000] {dag.py:4180} INFO - Setting next_dagrun for example_subdag_operator.section-1 to None, run_after=None
[2025-03-07T03:04:45.711+0000] {logging_mixin.py:190} INFO - [2025-03-07T03:04:45.711+0000] {dag.py:4180} INFO - Setting next_dagrun for example_subdag_operator.section-2 to None, run_after=None
[2025-03-07T03:04:45.718+0000] {logging_mixin.py:190} INFO - [2025-03-07T03:04:45.718+0000] {dag.py:3239} INFO - Sync 2 DAGs
[2025-03-07T03:04:45.722+0000] {logging_mixin.py:190} INFO - [2025-03-07T03:04:45.722+0000] {dag.py:4180} INFO - Setting next_dagrun for example_subdag_operator.section-1 to None, run_after=None
[2025-03-07T03:04:45.722+0000] {logging_mixin.py:190} INFO - [2025-03-07T03:04:45.722+0000] {dag.py:4180} INFO - Setting next_dagrun for example_subdag_operator.section-2 to None, run_after=None
[2025-03-07T03:04:45.752+0000] {processor.py:208} INFO - Processing /home/Ashreem/airflow-env/lib/python3.12/site-packages/airflow/example_dags/example_subdag_operator.py took 0.135 seconds
[2025-03-07T03:05:46.219+0000] {processor.py:186} INFO - Started process (PID=48930) to work on /home/Ashreem/airflow-env/lib/python3.12/site-packages/airflow/example_dags/example_subdag_operator.py
[2025-03-07T03:05:46.221+0000] {processor.py:914} INFO - Processing file /home/Ashreem/airflow-env/lib/python3.12/site-packages/airflow/example_dags/example_subdag_operator.py for tasks to queue
[2025-03-07T03:05:46.224+0000] {logging_mixin.py:190} INFO - [2025-03-07T03:05:46.223+0000] {dagbag.py:588} INFO - Filling up the DagBag from /home/Ashreem/airflow-env/lib/python3.12/site-packages/airflow/example_dags/example_subdag_operator.py
[2025-03-07T03:05:46.255+0000] {processor.py:925} INFO - DAG(s) 'example_subdag_operator.section-1', 'example_subdag_operator.section-2', 'example_subdag_operator' retrieved from /home/Ashreem/airflow-env/lib/python3.12/site-packages/airflow/example_dags/example_subdag_operator.py
[2025-03-07T03:05:46.274+0000] {logging_mixin.py:190} INFO - [2025-03-07T03:05:46.274+0000] {dag.py:3239} INFO - Sync 3 DAGs
[2025-03-07T03:05:46.301+0000] {logging_mixin.py:190} INFO - [2025-03-07T03:05:46.301+0000] {dag.py:4180} INFO - Setting next_dagrun for example_subdag_operator to 2022-01-01 00:00:00+00:00, run_after=2022-01-01 00:00:00+00:00
[2025-03-07T03:05:46.305+0000] {logging_mixin.py:190} INFO - [2025-03-07T03:05:46.305+0000] {dag.py:4180} INFO - Setting next_dagrun for example_subdag_operator.section-1 to None, run_after=None
[2025-03-07T03:05:46.307+0000] {logging_mixin.py:190} INFO - [2025-03-07T03:05:46.306+0000] {dag.py:4180} INFO - Setting next_dagrun for example_subdag_operator.section-2 to None, run_after=None
[2025-03-07T03:05:46.314+0000] {logging_mixin.py:190} INFO - [2025-03-07T03:05:46.314+0000] {dag.py:3239} INFO - Sync 2 DAGs
[2025-03-07T03:05:46.319+0000] {logging_mixin.py:190} INFO - [2025-03-07T03:05:46.319+0000] {dag.py:4180} INFO - Setting next_dagrun for example_subdag_operator.section-1 to None, run_after=None
[2025-03-07T03:05:46.319+0000] {logging_mixin.py:190} INFO - [2025-03-07T03:05:46.319+0000] {dag.py:4180} INFO - Setting next_dagrun for example_subdag_operator.section-2 to None, run_after=None
[2025-03-07T03:05:46.346+0000] {processor.py:208} INFO - Processing /home/Ashreem/airflow-env/lib/python3.12/site-packages/airflow/example_dags/example_subdag_operator.py took 0.135 seconds
[2025-03-07T03:06:53.309+0000] {processor.py:186} INFO - Started process (PID=49000) to work on /home/Ashreem/airflow-env/lib/python3.12/site-packages/airflow/example_dags/example_subdag_operator.py
[2025-03-07T03:06:53.311+0000] {processor.py:914} INFO - Processing file /home/Ashreem/airflow-env/lib/python3.12/site-packages/airflow/example_dags/example_subdag_operator.py for tasks to queue
[2025-03-07T03:06:53.315+0000] {logging_mixin.py:190} INFO - [2025-03-07T03:06:53.315+0000] {dagbag.py:588} INFO - Filling up the DagBag from /home/Ashreem/airflow-env/lib/python3.12/site-packages/airflow/example_dags/example_subdag_operator.py
[2025-03-07T03:06:53.344+0000] {processor.py:925} INFO - DAG(s) 'example_subdag_operator.section-1', 'example_subdag_operator.section-2', 'example_subdag_operator' retrieved from /home/Ashreem/airflow-env/lib/python3.12/site-packages/airflow/example_dags/example_subdag_operator.py
[2025-03-07T03:06:53.362+0000] {logging_mixin.py:190} INFO - [2025-03-07T03:06:53.362+0000] {dag.py:3239} INFO - Sync 3 DAGs
[2025-03-07T03:06:53.391+0000] {logging_mixin.py:190} INFO - [2025-03-07T03:06:53.391+0000] {dag.py:4180} INFO - Setting next_dagrun for example_subdag_operator to 2022-01-01 00:00:00+00:00, run_after=2022-01-01 00:00:00+00:00
[2025-03-07T03:06:53.395+0000] {logging_mixin.py:190} INFO - [2025-03-07T03:06:53.395+0000] {dag.py:4180} INFO - Setting next_dagrun for example_subdag_operator.section-1 to None, run_after=None
[2025-03-07T03:06:53.396+0000] {logging_mixin.py:190} INFO - [2025-03-07T03:06:53.396+0000] {dag.py:4180} INFO - Setting next_dagrun for example_subdag_operator.section-2 to None, run_after=None
[2025-03-07T03:06:53.403+0000] {logging_mixin.py:190} INFO - [2025-03-07T03:06:53.403+0000] {dag.py:3239} INFO - Sync 2 DAGs
[2025-03-07T03:06:53.408+0000] {logging_mixin.py:190} INFO - [2025-03-07T03:06:53.407+0000] {dag.py:4180} INFO - Setting next_dagrun for example_subdag_operator.section-1 to None, run_after=None
[2025-03-07T03:06:53.408+0000] {logging_mixin.py:190} INFO - [2025-03-07T03:06:53.408+0000] {dag.py:4180} INFO - Setting next_dagrun for example_subdag_operator.section-2 to None, run_after=None
[2025-03-07T03:06:53.436+0000] {processor.py:208} INFO - Processing /home/Ashreem/airflow-env/lib/python3.12/site-packages/airflow/example_dags/example_subdag_operator.py took 0.135 seconds
[2025-03-07T03:07:59.121+0000] {processor.py:186} INFO - Started process (PID=49081) to work on /home/Ashreem/airflow-env/lib/python3.12/site-packages/airflow/example_dags/example_subdag_operator.py
[2025-03-07T03:07:59.124+0000] {processor.py:914} INFO - Processing file /home/Ashreem/airflow-env/lib/python3.12/site-packages/airflow/example_dags/example_subdag_operator.py for tasks to queue
[2025-03-07T03:07:59.130+0000] {logging_mixin.py:190} INFO - [2025-03-07T03:07:59.127+0000] {dagbag.py:588} INFO - Filling up the DagBag from /home/Ashreem/airflow-env/lib/python3.12/site-packages/airflow/example_dags/example_subdag_operator.py
[2025-03-07T03:07:59.165+0000] {processor.py:925} INFO - DAG(s) 'example_subdag_operator.section-1', 'example_subdag_operator.section-2', 'example_subdag_operator' retrieved from /home/Ashreem/airflow-env/lib/python3.12/site-packages/airflow/example_dags/example_subdag_operator.py
[2025-03-07T03:07:59.198+0000] {logging_mixin.py:190} INFO - [2025-03-07T03:07:59.198+0000] {dag.py:3239} INFO - Sync 3 DAGs
[2025-03-07T03:07:59.234+0000] {logging_mixin.py:190} INFO - [2025-03-07T03:07:59.234+0000] {dag.py:4180} INFO - Setting next_dagrun for example_subdag_operator to 2022-01-01 00:00:00+00:00, run_after=2022-01-01 00:00:00+00:00
[2025-03-07T03:07:59.239+0000] {logging_mixin.py:190} INFO - [2025-03-07T03:07:59.239+0000] {dag.py:4180} INFO - Setting next_dagrun for example_subdag_operator.section-1 to None, run_after=None
[2025-03-07T03:07:59.240+0000] {logging_mixin.py:190} INFO - [2025-03-07T03:07:59.240+0000] {dag.py:4180} INFO - Setting next_dagrun for example_subdag_operator.section-2 to None, run_after=None
[2025-03-07T03:07:59.248+0000] {logging_mixin.py:190} INFO - [2025-03-07T03:07:59.248+0000] {dag.py:3239} INFO - Sync 2 DAGs
[2025-03-07T03:07:59.253+0000] {logging_mixin.py:190} INFO - [2025-03-07T03:07:59.253+0000] {dag.py:4180} INFO - Setting next_dagrun for example_subdag_operator.section-1 to None, run_after=None
[2025-03-07T03:07:59.253+0000] {logging_mixin.py:190} INFO - [2025-03-07T03:07:59.253+0000] {dag.py:4180} INFO - Setting next_dagrun for example_subdag_operator.section-2 to None, run_after=None
[2025-03-07T03:07:59.283+0000] {processor.py:208} INFO - Processing /home/Ashreem/airflow-env/lib/python3.12/site-packages/airflow/example_dags/example_subdag_operator.py took 0.170 seconds
[2025-03-07T03:09:01.401+0000] {processor.py:186} INFO - Started process (PID=49153) to work on /home/Ashreem/airflow-env/lib/python3.12/site-packages/airflow/example_dags/example_subdag_operator.py
[2025-03-07T03:09:01.402+0000] {processor.py:914} INFO - Processing file /home/Ashreem/airflow-env/lib/python3.12/site-packages/airflow/example_dags/example_subdag_operator.py for tasks to queue
[2025-03-07T03:09:01.405+0000] {logging_mixin.py:190} INFO - [2025-03-07T03:09:01.405+0000] {dagbag.py:588} INFO - Filling up the DagBag from /home/Ashreem/airflow-env/lib/python3.12/site-packages/airflow/example_dags/example_subdag_operator.py
[2025-03-07T03:09:01.437+0000] {processor.py:925} INFO - DAG(s) 'example_subdag_operator.section-1', 'example_subdag_operator.section-2', 'example_subdag_operator' retrieved from /home/Ashreem/airflow-env/lib/python3.12/site-packages/airflow/example_dags/example_subdag_operator.py
[2025-03-07T03:09:01.459+0000] {logging_mixin.py:190} INFO - [2025-03-07T03:09:01.459+0000] {dag.py:3239} INFO - Sync 3 DAGs
[2025-03-07T03:09:01.489+0000] {logging_mixin.py:190} INFO - [2025-03-07T03:09:01.489+0000] {dag.py:4180} INFO - Setting next_dagrun for example_subdag_operator to 2022-01-01 00:00:00+00:00, run_after=2022-01-01 00:00:00+00:00
[2025-03-07T03:09:01.493+0000] {logging_mixin.py:190} INFO - [2025-03-07T03:09:01.493+0000] {dag.py:4180} INFO - Setting next_dagrun for example_subdag_operator.section-1 to None, run_after=None
[2025-03-07T03:09:01.496+0000] {logging_mixin.py:190} INFO - [2025-03-07T03:09:01.496+0000] {dag.py:4180} INFO - Setting next_dagrun for example_subdag_operator.section-2 to None, run_after=None
[2025-03-07T03:09:01.503+0000] {logging_mixin.py:190} INFO - [2025-03-07T03:09:01.503+0000] {dag.py:3239} INFO - Sync 2 DAGs
[2025-03-07T03:09:01.508+0000] {logging_mixin.py:190} INFO - [2025-03-07T03:09:01.508+0000] {dag.py:4180} INFO - Setting next_dagrun for example_subdag_operator.section-1 to None, run_after=None
[2025-03-07T03:09:01.508+0000] {logging_mixin.py:190} INFO - [2025-03-07T03:09:01.508+0000] {dag.py:4180} INFO - Setting next_dagrun for example_subdag_operator.section-2 to None, run_after=None
[2025-03-07T03:09:01.541+0000] {processor.py:208} INFO - Processing /home/Ashreem/airflow-env/lib/python3.12/site-packages/airflow/example_dags/example_subdag_operator.py took 0.149 seconds
[2025-03-07T03:10:01.991+0000] {processor.py:186} INFO - Started process (PID=49215) to work on /home/Ashreem/airflow-env/lib/python3.12/site-packages/airflow/example_dags/example_subdag_operator.py
[2025-03-07T03:10:01.993+0000] {processor.py:914} INFO - Processing file /home/Ashreem/airflow-env/lib/python3.12/site-packages/airflow/example_dags/example_subdag_operator.py for tasks to queue
[2025-03-07T03:10:01.996+0000] {logging_mixin.py:190} INFO - [2025-03-07T03:10:01.996+0000] {dagbag.py:588} INFO - Filling up the DagBag from /home/Ashreem/airflow-env/lib/python3.12/site-packages/airflow/example_dags/example_subdag_operator.py
[2025-03-07T03:10:02.028+0000] {processor.py:925} INFO - DAG(s) 'example_subdag_operator.section-1', 'example_subdag_operator.section-2', 'example_subdag_operator' retrieved from /home/Ashreem/airflow-env/lib/python3.12/site-packages/airflow/example_dags/example_subdag_operator.py
[2025-03-07T03:10:02.046+0000] {logging_mixin.py:190} INFO - [2025-03-07T03:10:02.046+0000] {dag.py:3239} INFO - Sync 3 DAGs
[2025-03-07T03:10:02.072+0000] {logging_mixin.py:190} INFO - [2025-03-07T03:10:02.071+0000] {dag.py:4180} INFO - Setting next_dagrun for example_subdag_operator to 2022-01-01 00:00:00+00:00, run_after=2022-01-01 00:00:00+00:00
[2025-03-07T03:10:02.076+0000] {logging_mixin.py:190} INFO - [2025-03-07T03:10:02.075+0000] {dag.py:4180} INFO - Setting next_dagrun for example_subdag_operator.section-1 to None, run_after=None
[2025-03-07T03:10:02.077+0000] {logging_mixin.py:190} INFO - [2025-03-07T03:10:02.077+0000] {dag.py:4180} INFO - Setting next_dagrun for example_subdag_operator.section-2 to None, run_after=None
[2025-03-07T03:10:02.084+0000] {logging_mixin.py:190} INFO - [2025-03-07T03:10:02.084+0000] {dag.py:3239} INFO - Sync 2 DAGs
[2025-03-07T03:10:02.089+0000] {logging_mixin.py:190} INFO - [2025-03-07T03:10:02.088+0000] {dag.py:4180} INFO - Setting next_dagrun for example_subdag_operator.section-1 to None, run_after=None
[2025-03-07T03:10:02.089+0000] {logging_mixin.py:190} INFO - [2025-03-07T03:10:02.089+0000] {dag.py:4180} INFO - Setting next_dagrun for example_subdag_operator.section-2 to None, run_after=None
[2025-03-07T03:10:02.121+0000] {processor.py:208} INFO - Processing /home/Ashreem/airflow-env/lib/python3.12/site-packages/airflow/example_dags/example_subdag_operator.py took 0.138 seconds
