[2025-03-07T02:30:12.592+0000] {processor.py:186} INFO - Started process (PID=45970) to work on /home/Ashreem/airflow-env/lib/python3.12/site-packages/airflow/example_dags/example_xcom.py
[2025-03-07T02:30:12.593+0000] {processor.py:914} INFO - Processing file /home/Ashreem/airflow-env/lib/python3.12/site-packages/airflow/example_dags/example_xcom.py for tasks to queue
[2025-03-07T02:30:12.595+0000] {logging_mixin.py:190} INFO - [2025-03-07T02:30:12.595+0000] {dagbag.py:588} INFO - Filling up the DagBag from /home/Ashreem/airflow-env/lib/python3.12/site-packages/airflow/example_dags/example_xcom.py
[2025-03-07T02:30:12.608+0000] {processor.py:925} INFO - DAG(s) 'example_xcom' retrieved from /home/Ashreem/airflow-env/lib/python3.12/site-packages/airflow/example_dags/example_xcom.py
[2025-03-07T02:30:12.777+0000] {logging_mixin.py:190} INFO - [2025-03-07T02:30:12.776+0000] {override.py:1930} INFO - Created Permission View: can read on DAG:example_xcom
[2025-03-07T02:30:12.805+0000] {logging_mixin.py:190} INFO - [2025-03-07T02:30:12.805+0000] {override.py:1930} INFO - Created Permission View: can delete on DAG:example_xcom
[2025-03-07T02:30:12.825+0000] {logging_mixin.py:190} INFO - [2025-03-07T02:30:12.825+0000] {override.py:1930} INFO - Created Permission View: can edit on DAG:example_xcom
[2025-03-07T02:30:12.862+0000] {logging_mixin.py:190} INFO - [2025-03-07T02:30:12.862+0000] {override.py:1930} INFO - Created Permission View: can read on DAG Run:example_xcom
[2025-03-07T02:30:12.884+0000] {logging_mixin.py:190} INFO - [2025-03-07T02:30:12.883+0000] {override.py:1930} INFO - Created Permission View: can delete on DAG Run:example_xcom
[2025-03-07T02:30:12.911+0000] {logging_mixin.py:190} INFO - [2025-03-07T02:30:12.910+0000] {override.py:1930} INFO - Created Permission View: menu access on DAG Run:example_xcom
[2025-03-07T02:30:12.934+0000] {logging_mixin.py:190} INFO - [2025-03-07T02:30:12.933+0000] {override.py:1930} INFO - Created Permission View: can create on DAG Run:example_xcom
[2025-03-07T02:30:12.934+0000] {logging_mixin.py:190} INFO - [2025-03-07T02:30:12.934+0000] {dag.py:3239} INFO - Sync 1 DAGs
[2025-03-07T02:30:12.952+0000] {logging_mixin.py:190} INFO - [2025-03-07T02:30:12.952+0000] {dag.py:3262} INFO - Creating ORM DAG for example_xcom
[2025-03-07T02:30:12.962+0000] {logging_mixin.py:190} INFO - [2025-03-07T02:30:12.962+0000] {dag.py:4180} INFO - Setting next_dagrun for example_xcom to 2021-01-01 00:00:00+00:00, run_after=2021-01-01 00:00:00+00:00
[2025-03-07T02:30:13.011+0000] {processor.py:208} INFO - Processing /home/Ashreem/airflow-env/lib/python3.12/site-packages/airflow/example_dags/example_xcom.py took 0.427 seconds
[2025-03-07T02:32:55.980+0000] {processor.py:186} INFO - Started process (PID=46073) to work on /home/Ashreem/airflow-env/lib/python3.12/site-packages/airflow/example_dags/example_xcom.py
[2025-03-07T02:32:55.981+0000] {processor.py:914} INFO - Processing file /home/Ashreem/airflow-env/lib/python3.12/site-packages/airflow/example_dags/example_xcom.py for tasks to queue
[2025-03-07T02:32:55.984+0000] {logging_mixin.py:190} INFO - [2025-03-07T02:32:55.983+0000] {dagbag.py:588} INFO - Filling up the DagBag from /home/Ashreem/airflow-env/lib/python3.12/site-packages/airflow/example_dags/example_xcom.py
[2025-03-07T02:32:56.000+0000] {processor.py:925} INFO - DAG(s) 'example_xcom' retrieved from /home/Ashreem/airflow-env/lib/python3.12/site-packages/airflow/example_dags/example_xcom.py
[2025-03-07T02:32:56.032+0000] {logging_mixin.py:190} INFO - [2025-03-07T02:32:56.032+0000] {dag.py:3239} INFO - Sync 1 DAGs
[2025-03-07T02:32:56.058+0000] {logging_mixin.py:190} INFO - [2025-03-07T02:32:56.058+0000] {dag.py:4180} INFO - Setting next_dagrun for example_xcom to 2021-01-01 00:00:00+00:00, run_after=2021-01-01 00:00:00+00:00
[2025-03-07T02:32:56.100+0000] {processor.py:208} INFO - Processing /home/Ashreem/airflow-env/lib/python3.12/site-packages/airflow/example_dags/example_xcom.py took 0.128 seconds
[2025-03-07T02:34:00.762+0000] {processor.py:186} INFO - Started process (PID=46405) to work on /home/Ashreem/airflow-env/lib/python3.12/site-packages/airflow/example_dags/example_xcom.py
[2025-03-07T02:34:00.764+0000] {processor.py:914} INFO - Processing file /home/Ashreem/airflow-env/lib/python3.12/site-packages/airflow/example_dags/example_xcom.py for tasks to queue
[2025-03-07T02:34:00.767+0000] {logging_mixin.py:190} INFO - [2025-03-07T02:34:00.766+0000] {dagbag.py:588} INFO - Filling up the DagBag from /home/Ashreem/airflow-env/lib/python3.12/site-packages/airflow/example_dags/example_xcom.py
[2025-03-07T02:34:00.780+0000] {processor.py:925} INFO - DAG(s) 'example_xcom' retrieved from /home/Ashreem/airflow-env/lib/python3.12/site-packages/airflow/example_dags/example_xcom.py
[2025-03-07T02:34:00.813+0000] {logging_mixin.py:190} INFO - [2025-03-07T02:34:00.812+0000] {dag.py:3239} INFO - Sync 1 DAGs
[2025-03-07T02:34:00.845+0000] {logging_mixin.py:190} INFO - [2025-03-07T02:34:00.844+0000] {dag.py:4180} INFO - Setting next_dagrun for example_xcom to 2021-01-01 00:00:00+00:00, run_after=2021-01-01 00:00:00+00:00
[2025-03-07T02:34:00.884+0000] {processor.py:208} INFO - Processing /home/Ashreem/airflow-env/lib/python3.12/site-packages/airflow/example_dags/example_xcom.py took 0.131 seconds
[2025-03-07T02:35:07.545+0000] {processor.py:186} INFO - Started process (PID=46473) to work on /home/Ashreem/airflow-env/lib/python3.12/site-packages/airflow/example_dags/example_xcom.py
[2025-03-07T02:35:07.546+0000] {processor.py:914} INFO - Processing file /home/Ashreem/airflow-env/lib/python3.12/site-packages/airflow/example_dags/example_xcom.py for tasks to queue
[2025-03-07T02:35:07.549+0000] {logging_mixin.py:190} INFO - [2025-03-07T02:35:07.549+0000] {dagbag.py:588} INFO - Filling up the DagBag from /home/Ashreem/airflow-env/lib/python3.12/site-packages/airflow/example_dags/example_xcom.py
[2025-03-07T02:35:07.563+0000] {processor.py:925} INFO - DAG(s) 'example_xcom' retrieved from /home/Ashreem/airflow-env/lib/python3.12/site-packages/airflow/example_dags/example_xcom.py
[2025-03-07T02:35:07.584+0000] {logging_mixin.py:190} INFO - [2025-03-07T02:35:07.583+0000] {dag.py:3239} INFO - Sync 1 DAGs
[2025-03-07T02:35:07.611+0000] {logging_mixin.py:190} INFO - [2025-03-07T02:35:07.611+0000] {dag.py:4180} INFO - Setting next_dagrun for example_xcom to 2021-01-01 00:00:00+00:00, run_after=2021-01-01 00:00:00+00:00
[2025-03-07T02:35:07.650+0000] {processor.py:208} INFO - Processing /home/Ashreem/airflow-env/lib/python3.12/site-packages/airflow/example_dags/example_xcom.py took 0.113 seconds
[2025-03-07T02:36:14.621+0000] {processor.py:186} INFO - Started process (PID=46541) to work on /home/Ashreem/airflow-env/lib/python3.12/site-packages/airflow/example_dags/example_xcom.py
[2025-03-07T02:36:14.623+0000] {processor.py:914} INFO - Processing file /home/Ashreem/airflow-env/lib/python3.12/site-packages/airflow/example_dags/example_xcom.py for tasks to queue
[2025-03-07T02:36:14.626+0000] {logging_mixin.py:190} INFO - [2025-03-07T02:36:14.626+0000] {dagbag.py:588} INFO - Filling up the DagBag from /home/Ashreem/airflow-env/lib/python3.12/site-packages/airflow/example_dags/example_xcom.py
[2025-03-07T02:36:14.640+0000] {processor.py:925} INFO - DAG(s) 'example_xcom' retrieved from /home/Ashreem/airflow-env/lib/python3.12/site-packages/airflow/example_dags/example_xcom.py
[2025-03-07T02:36:14.662+0000] {logging_mixin.py:190} INFO - [2025-03-07T02:36:14.662+0000] {dag.py:3239} INFO - Sync 1 DAGs
[2025-03-07T02:36:14.688+0000] {logging_mixin.py:190} INFO - [2025-03-07T02:36:14.688+0000] {dag.py:4180} INFO - Setting next_dagrun for example_xcom to 2021-01-01 00:00:00+00:00, run_after=2021-01-01 00:00:00+00:00
[2025-03-07T02:36:14.721+0000] {processor.py:208} INFO - Processing /home/Ashreem/airflow-env/lib/python3.12/site-packages/airflow/example_dags/example_xcom.py took 0.109 seconds
[2025-03-07T02:37:20.421+0000] {processor.py:186} INFO - Started process (PID=46605) to work on /home/Ashreem/airflow-env/lib/python3.12/site-packages/airflow/example_dags/example_xcom.py
[2025-03-07T02:37:20.423+0000] {processor.py:914} INFO - Processing file /home/Ashreem/airflow-env/lib/python3.12/site-packages/airflow/example_dags/example_xcom.py for tasks to queue
[2025-03-07T02:37:20.428+0000] {logging_mixin.py:190} INFO - [2025-03-07T02:37:20.427+0000] {dagbag.py:588} INFO - Filling up the DagBag from /home/Ashreem/airflow-env/lib/python3.12/site-packages/airflow/example_dags/example_xcom.py
[2025-03-07T02:37:20.442+0000] {processor.py:925} INFO - DAG(s) 'example_xcom' retrieved from /home/Ashreem/airflow-env/lib/python3.12/site-packages/airflow/example_dags/example_xcom.py
[2025-03-07T02:37:20.464+0000] {logging_mixin.py:190} INFO - [2025-03-07T02:37:20.463+0000] {dag.py:3239} INFO - Sync 1 DAGs
[2025-03-07T02:37:20.490+0000] {logging_mixin.py:190} INFO - [2025-03-07T02:37:20.489+0000] {dag.py:4180} INFO - Setting next_dagrun for example_xcom to 2021-01-01 00:00:00+00:00, run_after=2021-01-01 00:00:00+00:00
[2025-03-07T02:37:20.525+0000] {processor.py:208} INFO - Processing /home/Ashreem/airflow-env/lib/python3.12/site-packages/airflow/example_dags/example_xcom.py took 0.112 seconds
[2025-03-07T02:38:21.442+0000] {processor.py:186} INFO - Started process (PID=46665) to work on /home/Ashreem/airflow-env/lib/python3.12/site-packages/airflow/example_dags/example_xcom.py
[2025-03-07T02:38:21.443+0000] {processor.py:914} INFO - Processing file /home/Ashreem/airflow-env/lib/python3.12/site-packages/airflow/example_dags/example_xcom.py for tasks to queue
[2025-03-07T02:38:21.446+0000] {logging_mixin.py:190} INFO - [2025-03-07T02:38:21.446+0000] {dagbag.py:588} INFO - Filling up the DagBag from /home/Ashreem/airflow-env/lib/python3.12/site-packages/airflow/example_dags/example_xcom.py
[2025-03-07T02:38:21.464+0000] {processor.py:925} INFO - DAG(s) 'example_xcom' retrieved from /home/Ashreem/airflow-env/lib/python3.12/site-packages/airflow/example_dags/example_xcom.py
[2025-03-07T02:38:21.498+0000] {logging_mixin.py:190} INFO - [2025-03-07T02:38:21.497+0000] {dag.py:3239} INFO - Sync 1 DAGs
[2025-03-07T02:38:21.529+0000] {logging_mixin.py:190} INFO - [2025-03-07T02:38:21.529+0000] {dag.py:4180} INFO - Setting next_dagrun for example_xcom to 2021-01-01 00:00:00+00:00, run_after=2021-01-01 00:00:00+00:00
[2025-03-07T02:38:21.571+0000] {processor.py:208} INFO - Processing /home/Ashreem/airflow-env/lib/python3.12/site-packages/airflow/example_dags/example_xcom.py took 0.141 seconds
[2025-03-07T02:39:24.673+0000] {processor.py:186} INFO - Started process (PID=46736) to work on /home/Ashreem/airflow-env/lib/python3.12/site-packages/airflow/example_dags/example_xcom.py
[2025-03-07T02:39:24.674+0000] {processor.py:914} INFO - Processing file /home/Ashreem/airflow-env/lib/python3.12/site-packages/airflow/example_dags/example_xcom.py for tasks to queue
[2025-03-07T02:39:24.677+0000] {logging_mixin.py:190} INFO - [2025-03-07T02:39:24.677+0000] {dagbag.py:588} INFO - Filling up the DagBag from /home/Ashreem/airflow-env/lib/python3.12/site-packages/airflow/example_dags/example_xcom.py
[2025-03-07T02:39:24.691+0000] {processor.py:925} INFO - DAG(s) 'example_xcom' retrieved from /home/Ashreem/airflow-env/lib/python3.12/site-packages/airflow/example_dags/example_xcom.py
[2025-03-07T02:39:24.713+0000] {logging_mixin.py:190} INFO - [2025-03-07T02:39:24.712+0000] {dag.py:3239} INFO - Sync 1 DAGs
[2025-03-07T02:39:24.736+0000] {logging_mixin.py:190} INFO - [2025-03-07T02:39:24.736+0000] {dag.py:4180} INFO - Setting next_dagrun for example_xcom to 2021-01-01 00:00:00+00:00, run_after=2021-01-01 00:00:00+00:00
[2025-03-07T02:39:24.779+0000] {processor.py:208} INFO - Processing /home/Ashreem/airflow-env/lib/python3.12/site-packages/airflow/example_dags/example_xcom.py took 0.115 seconds
[2025-03-07T02:40:29.056+0000] {processor.py:186} INFO - Started process (PID=46798) to work on /home/Ashreem/airflow-env/lib/python3.12/site-packages/airflow/example_dags/example_xcom.py
[2025-03-07T02:40:29.058+0000] {processor.py:914} INFO - Processing file /home/Ashreem/airflow-env/lib/python3.12/site-packages/airflow/example_dags/example_xcom.py for tasks to queue
[2025-03-07T02:40:29.061+0000] {logging_mixin.py:190} INFO - [2025-03-07T02:40:29.060+0000] {dagbag.py:588} INFO - Filling up the DagBag from /home/Ashreem/airflow-env/lib/python3.12/site-packages/airflow/example_dags/example_xcom.py
[2025-03-07T02:40:29.078+0000] {processor.py:925} INFO - DAG(s) 'example_xcom' retrieved from /home/Ashreem/airflow-env/lib/python3.12/site-packages/airflow/example_dags/example_xcom.py
[2025-03-07T02:40:29.102+0000] {logging_mixin.py:190} INFO - [2025-03-07T02:40:29.101+0000] {dag.py:3239} INFO - Sync 1 DAGs
[2025-03-07T02:40:29.128+0000] {logging_mixin.py:190} INFO - [2025-03-07T02:40:29.127+0000] {dag.py:4180} INFO - Setting next_dagrun for example_xcom to 2021-01-01 00:00:00+00:00, run_after=2021-01-01 00:00:00+00:00
[2025-03-07T02:40:29.169+0000] {processor.py:208} INFO - Processing /home/Ashreem/airflow-env/lib/python3.12/site-packages/airflow/example_dags/example_xcom.py took 0.121 seconds
[2025-03-07T02:41:31.848+0000] {processor.py:186} INFO - Started process (PID=46864) to work on /home/Ashreem/airflow-env/lib/python3.12/site-packages/airflow/example_dags/example_xcom.py
[2025-03-07T02:41:31.850+0000] {processor.py:914} INFO - Processing file /home/Ashreem/airflow-env/lib/python3.12/site-packages/airflow/example_dags/example_xcom.py for tasks to queue
[2025-03-07T02:41:31.852+0000] {logging_mixin.py:190} INFO - [2025-03-07T02:41:31.852+0000] {dagbag.py:588} INFO - Filling up the DagBag from /home/Ashreem/airflow-env/lib/python3.12/site-packages/airflow/example_dags/example_xcom.py
[2025-03-07T02:41:31.866+0000] {processor.py:925} INFO - DAG(s) 'example_xcom' retrieved from /home/Ashreem/airflow-env/lib/python3.12/site-packages/airflow/example_dags/example_xcom.py
[2025-03-07T02:41:31.889+0000] {logging_mixin.py:190} INFO - [2025-03-07T02:41:31.888+0000] {dag.py:3239} INFO - Sync 1 DAGs
[2025-03-07T02:41:31.915+0000] {logging_mixin.py:190} INFO - [2025-03-07T02:41:31.914+0000] {dag.py:4180} INFO - Setting next_dagrun for example_xcom to 2021-01-01 00:00:00+00:00, run_after=2021-01-01 00:00:00+00:00
[2025-03-07T02:41:31.952+0000] {processor.py:208} INFO - Processing /home/Ashreem/airflow-env/lib/python3.12/site-packages/airflow/example_dags/example_xcom.py took 0.113 seconds
[2025-03-07T02:42:36.792+0000] {processor.py:186} INFO - Started process (PID=46929) to work on /home/Ashreem/airflow-env/lib/python3.12/site-packages/airflow/example_dags/example_xcom.py
[2025-03-07T02:42:36.794+0000] {processor.py:914} INFO - Processing file /home/Ashreem/airflow-env/lib/python3.12/site-packages/airflow/example_dags/example_xcom.py for tasks to queue
[2025-03-07T02:42:36.798+0000] {logging_mixin.py:190} INFO - [2025-03-07T02:42:36.798+0000] {dagbag.py:588} INFO - Filling up the DagBag from /home/Ashreem/airflow-env/lib/python3.12/site-packages/airflow/example_dags/example_xcom.py
[2025-03-07T02:42:36.815+0000] {processor.py:925} INFO - DAG(s) 'example_xcom' retrieved from /home/Ashreem/airflow-env/lib/python3.12/site-packages/airflow/example_dags/example_xcom.py
[2025-03-07T02:42:36.854+0000] {logging_mixin.py:190} INFO - [2025-03-07T02:42:36.853+0000] {dag.py:3239} INFO - Sync 1 DAGs
[2025-03-07T02:42:36.879+0000] {logging_mixin.py:190} INFO - [2025-03-07T02:42:36.879+0000] {dag.py:4180} INFO - Setting next_dagrun for example_xcom to 2021-01-01 00:00:00+00:00, run_after=2021-01-01 00:00:00+00:00
[2025-03-07T02:42:36.916+0000] {processor.py:208} INFO - Processing /home/Ashreem/airflow-env/lib/python3.12/site-packages/airflow/example_dags/example_xcom.py took 0.135 seconds
[2025-03-07T02:43:40.487+0000] {processor.py:186} INFO - Started process (PID=47005) to work on /home/Ashreem/airflow-env/lib/python3.12/site-packages/airflow/example_dags/example_xcom.py
[2025-03-07T02:43:40.489+0000] {processor.py:914} INFO - Processing file /home/Ashreem/airflow-env/lib/python3.12/site-packages/airflow/example_dags/example_xcom.py for tasks to queue
[2025-03-07T02:43:40.491+0000] {logging_mixin.py:190} INFO - [2025-03-07T02:43:40.491+0000] {dagbag.py:588} INFO - Filling up the DagBag from /home/Ashreem/airflow-env/lib/python3.12/site-packages/airflow/example_dags/example_xcom.py
[2025-03-07T02:43:40.508+0000] {processor.py:925} INFO - DAG(s) 'example_xcom' retrieved from /home/Ashreem/airflow-env/lib/python3.12/site-packages/airflow/example_dags/example_xcom.py
[2025-03-07T02:43:40.541+0000] {logging_mixin.py:190} INFO - [2025-03-07T02:43:40.540+0000] {dag.py:3239} INFO - Sync 1 DAGs
[2025-03-07T02:43:40.566+0000] {logging_mixin.py:190} INFO - [2025-03-07T02:43:40.565+0000] {dag.py:4180} INFO - Setting next_dagrun for example_xcom to 2021-01-01 00:00:00+00:00, run_after=2021-01-01 00:00:00+00:00
[2025-03-07T02:43:40.607+0000] {processor.py:208} INFO - Processing /home/Ashreem/airflow-env/lib/python3.12/site-packages/airflow/example_dags/example_xcom.py took 0.127 seconds
[2025-03-07T02:44:41.864+0000] {processor.py:186} INFO - Started process (PID=47080) to work on /home/Ashreem/airflow-env/lib/python3.12/site-packages/airflow/example_dags/example_xcom.py
[2025-03-07T02:44:41.865+0000] {processor.py:914} INFO - Processing file /home/Ashreem/airflow-env/lib/python3.12/site-packages/airflow/example_dags/example_xcom.py for tasks to queue
[2025-03-07T02:44:41.869+0000] {logging_mixin.py:190} INFO - [2025-03-07T02:44:41.868+0000] {dagbag.py:588} INFO - Filling up the DagBag from /home/Ashreem/airflow-env/lib/python3.12/site-packages/airflow/example_dags/example_xcom.py
[2025-03-07T02:44:41.881+0000] {processor.py:925} INFO - DAG(s) 'example_xcom' retrieved from /home/Ashreem/airflow-env/lib/python3.12/site-packages/airflow/example_dags/example_xcom.py
[2025-03-07T02:44:41.903+0000] {logging_mixin.py:190} INFO - [2025-03-07T02:44:41.903+0000] {dag.py:3239} INFO - Sync 1 DAGs
[2025-03-07T02:44:41.927+0000] {logging_mixin.py:190} INFO - [2025-03-07T02:44:41.927+0000] {dag.py:4180} INFO - Setting next_dagrun for example_xcom to 2021-01-01 00:00:00+00:00, run_after=2021-01-01 00:00:00+00:00
[2025-03-07T02:44:41.967+0000] {processor.py:208} INFO - Processing /home/Ashreem/airflow-env/lib/python3.12/site-packages/airflow/example_dags/example_xcom.py took 0.110 seconds
[2025-03-07T02:45:45.362+0000] {processor.py:186} INFO - Started process (PID=47150) to work on /home/Ashreem/airflow-env/lib/python3.12/site-packages/airflow/example_dags/example_xcom.py
[2025-03-07T02:45:45.364+0000] {processor.py:914} INFO - Processing file /home/Ashreem/airflow-env/lib/python3.12/site-packages/airflow/example_dags/example_xcom.py for tasks to queue
[2025-03-07T02:45:45.367+0000] {logging_mixin.py:190} INFO - [2025-03-07T02:45:45.366+0000] {dagbag.py:588} INFO - Filling up the DagBag from /home/Ashreem/airflow-env/lib/python3.12/site-packages/airflow/example_dags/example_xcom.py
[2025-03-07T02:45:45.380+0000] {processor.py:925} INFO - DAG(s) 'example_xcom' retrieved from /home/Ashreem/airflow-env/lib/python3.12/site-packages/airflow/example_dags/example_xcom.py
[2025-03-07T02:45:45.400+0000] {logging_mixin.py:190} INFO - [2025-03-07T02:45:45.400+0000] {dag.py:3239} INFO - Sync 1 DAGs
[2025-03-07T02:45:45.423+0000] {logging_mixin.py:190} INFO - [2025-03-07T02:45:45.423+0000] {dag.py:4180} INFO - Setting next_dagrun for example_xcom to 2021-01-01 00:00:00+00:00, run_after=2021-01-01 00:00:00+00:00
[2025-03-07T02:45:45.466+0000] {processor.py:208} INFO - Processing /home/Ashreem/airflow-env/lib/python3.12/site-packages/airflow/example_dags/example_xcom.py took 0.111 seconds
[2025-03-07T02:46:48.164+0000] {processor.py:186} INFO - Started process (PID=47211) to work on /home/Ashreem/airflow-env/lib/python3.12/site-packages/airflow/example_dags/example_xcom.py
[2025-03-07T02:46:48.166+0000] {processor.py:914} INFO - Processing file /home/Ashreem/airflow-env/lib/python3.12/site-packages/airflow/example_dags/example_xcom.py for tasks to queue
[2025-03-07T02:46:48.169+0000] {logging_mixin.py:190} INFO - [2025-03-07T02:46:48.168+0000] {dagbag.py:588} INFO - Filling up the DagBag from /home/Ashreem/airflow-env/lib/python3.12/site-packages/airflow/example_dags/example_xcom.py
[2025-03-07T02:46:48.183+0000] {processor.py:925} INFO - DAG(s) 'example_xcom' retrieved from /home/Ashreem/airflow-env/lib/python3.12/site-packages/airflow/example_dags/example_xcom.py
[2025-03-07T02:46:48.207+0000] {logging_mixin.py:190} INFO - [2025-03-07T02:46:48.207+0000] {dag.py:3239} INFO - Sync 1 DAGs
[2025-03-07T02:46:48.231+0000] {logging_mixin.py:190} INFO - [2025-03-07T02:46:48.231+0000] {dag.py:4180} INFO - Setting next_dagrun for example_xcom to 2021-01-01 00:00:00+00:00, run_after=2021-01-01 00:00:00+00:00
[2025-03-07T02:46:48.270+0000] {processor.py:208} INFO - Processing /home/Ashreem/airflow-env/lib/python3.12/site-packages/airflow/example_dags/example_xcom.py took 0.113 seconds
[2025-03-07T02:47:51.913+0000] {processor.py:186} INFO - Started process (PID=47272) to work on /home/Ashreem/airflow-env/lib/python3.12/site-packages/airflow/example_dags/example_xcom.py
[2025-03-07T02:47:51.914+0000] {processor.py:914} INFO - Processing file /home/Ashreem/airflow-env/lib/python3.12/site-packages/airflow/example_dags/example_xcom.py for tasks to queue
[2025-03-07T02:47:51.916+0000] {logging_mixin.py:190} INFO - [2025-03-07T02:47:51.916+0000] {dagbag.py:588} INFO - Filling up the DagBag from /home/Ashreem/airflow-env/lib/python3.12/site-packages/airflow/example_dags/example_xcom.py
[2025-03-07T02:47:51.929+0000] {processor.py:925} INFO - DAG(s) 'example_xcom' retrieved from /home/Ashreem/airflow-env/lib/python3.12/site-packages/airflow/example_dags/example_xcom.py
[2025-03-07T02:47:51.951+0000] {logging_mixin.py:190} INFO - [2025-03-07T02:47:51.950+0000] {dag.py:3239} INFO - Sync 1 DAGs
[2025-03-07T02:47:51.978+0000] {logging_mixin.py:190} INFO - [2025-03-07T02:47:51.977+0000] {dag.py:4180} INFO - Setting next_dagrun for example_xcom to 2021-01-01 00:00:00+00:00, run_after=2021-01-01 00:00:00+00:00
[2025-03-07T02:47:52.018+0000] {processor.py:208} INFO - Processing /home/Ashreem/airflow-env/lib/python3.12/site-packages/airflow/example_dags/example_xcom.py took 0.112 seconds
[2025-03-07T02:49:01.521+0000] {processor.py:186} INFO - Started process (PID=47351) to work on /home/Ashreem/airflow-env/lib/python3.12/site-packages/airflow/example_dags/example_xcom.py
[2025-03-07T02:49:01.522+0000] {processor.py:914} INFO - Processing file /home/Ashreem/airflow-env/lib/python3.12/site-packages/airflow/example_dags/example_xcom.py for tasks to queue
[2025-03-07T02:49:01.526+0000] {logging_mixin.py:190} INFO - [2025-03-07T02:49:01.525+0000] {dagbag.py:588} INFO - Filling up the DagBag from /home/Ashreem/airflow-env/lib/python3.12/site-packages/airflow/example_dags/example_xcom.py
[2025-03-07T02:49:01.541+0000] {processor.py:925} INFO - DAG(s) 'example_xcom' retrieved from /home/Ashreem/airflow-env/lib/python3.12/site-packages/airflow/example_dags/example_xcom.py
[2025-03-07T02:49:01.563+0000] {logging_mixin.py:190} INFO - [2025-03-07T02:49:01.563+0000] {dag.py:3239} INFO - Sync 1 DAGs
[2025-03-07T02:49:01.587+0000] {logging_mixin.py:190} INFO - [2025-03-07T02:49:01.587+0000] {dag.py:4180} INFO - Setting next_dagrun for example_xcom to 2021-01-01 00:00:00+00:00, run_after=2021-01-01 00:00:00+00:00
[2025-03-07T02:49:01.624+0000] {processor.py:208} INFO - Processing /home/Ashreem/airflow-env/lib/python3.12/site-packages/airflow/example_dags/example_xcom.py took 0.113 seconds
[2025-03-07T02:50:10.295+0000] {processor.py:186} INFO - Started process (PID=47426) to work on /home/Ashreem/airflow-env/lib/python3.12/site-packages/airflow/example_dags/example_xcom.py
[2025-03-07T02:50:10.297+0000] {processor.py:914} INFO - Processing file /home/Ashreem/airflow-env/lib/python3.12/site-packages/airflow/example_dags/example_xcom.py for tasks to queue
[2025-03-07T02:50:10.300+0000] {logging_mixin.py:190} INFO - [2025-03-07T02:50:10.299+0000] {dagbag.py:588} INFO - Filling up the DagBag from /home/Ashreem/airflow-env/lib/python3.12/site-packages/airflow/example_dags/example_xcom.py
[2025-03-07T02:50:10.311+0000] {processor.py:925} INFO - DAG(s) 'example_xcom' retrieved from /home/Ashreem/airflow-env/lib/python3.12/site-packages/airflow/example_dags/example_xcom.py
[2025-03-07T02:50:10.333+0000] {logging_mixin.py:190} INFO - [2025-03-07T02:50:10.332+0000] {dag.py:3239} INFO - Sync 1 DAGs
[2025-03-07T02:50:10.356+0000] {logging_mixin.py:190} INFO - [2025-03-07T02:50:10.356+0000] {dag.py:4180} INFO - Setting next_dagrun for example_xcom to 2021-01-01 00:00:00+00:00, run_after=2021-01-01 00:00:00+00:00
[2025-03-07T02:50:10.400+0000] {processor.py:208} INFO - Processing /home/Ashreem/airflow-env/lib/python3.12/site-packages/airflow/example_dags/example_xcom.py took 0.113 seconds
[2025-03-07T02:51:09.058+0000] {processor.py:186} INFO - Started process (PID=47492) to work on /home/Ashreem/airflow-env/lib/python3.12/site-packages/airflow/example_dags/example_xcom.py
[2025-03-07T02:51:09.059+0000] {processor.py:914} INFO - Processing file /home/Ashreem/airflow-env/lib/python3.12/site-packages/airflow/example_dags/example_xcom.py for tasks to queue
[2025-03-07T02:51:09.062+0000] {logging_mixin.py:190} INFO - [2025-03-07T02:51:09.061+0000] {dagbag.py:588} INFO - Filling up the DagBag from /home/Ashreem/airflow-env/lib/python3.12/site-packages/airflow/example_dags/example_xcom.py
[2025-03-07T02:51:09.076+0000] {processor.py:925} INFO - DAG(s) 'example_xcom' retrieved from /home/Ashreem/airflow-env/lib/python3.12/site-packages/airflow/example_dags/example_xcom.py
[2025-03-07T02:51:09.106+0000] {logging_mixin.py:190} INFO - [2025-03-07T02:51:09.105+0000] {dag.py:3239} INFO - Sync 1 DAGs
[2025-03-07T02:51:09.137+0000] {logging_mixin.py:190} INFO - [2025-03-07T02:51:09.136+0000] {dag.py:4180} INFO - Setting next_dagrun for example_xcom to 2021-01-01 00:00:00+00:00, run_after=2021-01-01 00:00:00+00:00
[2025-03-07T02:51:09.173+0000] {processor.py:208} INFO - Processing /home/Ashreem/airflow-env/lib/python3.12/site-packages/airflow/example_dags/example_xcom.py took 0.124 seconds
[2025-03-07T02:52:14.381+0000] {processor.py:186} INFO - Started process (PID=47559) to work on /home/Ashreem/airflow-env/lib/python3.12/site-packages/airflow/example_dags/example_xcom.py
[2025-03-07T02:52:14.383+0000] {processor.py:914} INFO - Processing file /home/Ashreem/airflow-env/lib/python3.12/site-packages/airflow/example_dags/example_xcom.py for tasks to queue
[2025-03-07T02:52:14.385+0000] {logging_mixin.py:190} INFO - [2025-03-07T02:52:14.385+0000] {dagbag.py:588} INFO - Filling up the DagBag from /home/Ashreem/airflow-env/lib/python3.12/site-packages/airflow/example_dags/example_xcom.py
[2025-03-07T02:52:14.400+0000] {processor.py:925} INFO - DAG(s) 'example_xcom' retrieved from /home/Ashreem/airflow-env/lib/python3.12/site-packages/airflow/example_dags/example_xcom.py
[2025-03-07T02:52:14.422+0000] {logging_mixin.py:190} INFO - [2025-03-07T02:52:14.422+0000] {dag.py:3239} INFO - Sync 1 DAGs
[2025-03-07T02:52:14.453+0000] {logging_mixin.py:190} INFO - [2025-03-07T02:52:14.453+0000] {dag.py:4180} INFO - Setting next_dagrun for example_xcom to 2021-01-01 00:00:00+00:00, run_after=2021-01-01 00:00:00+00:00
[2025-03-07T02:52:14.495+0000] {processor.py:208} INFO - Processing /home/Ashreem/airflow-env/lib/python3.12/site-packages/airflow/example_dags/example_xcom.py took 0.122 seconds
[2025-03-07T02:53:18.074+0000] {processor.py:186} INFO - Started process (PID=47622) to work on /home/Ashreem/airflow-env/lib/python3.12/site-packages/airflow/example_dags/example_xcom.py
[2025-03-07T02:53:18.075+0000] {processor.py:914} INFO - Processing file /home/Ashreem/airflow-env/lib/python3.12/site-packages/airflow/example_dags/example_xcom.py for tasks to queue
[2025-03-07T02:53:18.079+0000] {logging_mixin.py:190} INFO - [2025-03-07T02:53:18.078+0000] {dagbag.py:588} INFO - Filling up the DagBag from /home/Ashreem/airflow-env/lib/python3.12/site-packages/airflow/example_dags/example_xcom.py
[2025-03-07T02:53:18.094+0000] {processor.py:925} INFO - DAG(s) 'example_xcom' retrieved from /home/Ashreem/airflow-env/lib/python3.12/site-packages/airflow/example_dags/example_xcom.py
[2025-03-07T02:53:18.119+0000] {logging_mixin.py:190} INFO - [2025-03-07T02:53:18.119+0000] {dag.py:3239} INFO - Sync 1 DAGs
[2025-03-07T02:53:18.144+0000] {logging_mixin.py:190} INFO - [2025-03-07T02:53:18.144+0000] {dag.py:4180} INFO - Setting next_dagrun for example_xcom to 2021-01-01 00:00:00+00:00, run_after=2021-01-01 00:00:00+00:00
[2025-03-07T02:53:18.178+0000] {processor.py:208} INFO - Processing /home/Ashreem/airflow-env/lib/python3.12/site-packages/airflow/example_dags/example_xcom.py took 0.113 seconds
[2025-03-07T02:54:21.329+0000] {processor.py:186} INFO - Started process (PID=47687) to work on /home/Ashreem/airflow-env/lib/python3.12/site-packages/airflow/example_dags/example_xcom.py
[2025-03-07T02:54:21.331+0000] {processor.py:914} INFO - Processing file /home/Ashreem/airflow-env/lib/python3.12/site-packages/airflow/example_dags/example_xcom.py for tasks to queue
[2025-03-07T02:54:21.334+0000] {logging_mixin.py:190} INFO - [2025-03-07T02:54:21.334+0000] {dagbag.py:588} INFO - Filling up the DagBag from /home/Ashreem/airflow-env/lib/python3.12/site-packages/airflow/example_dags/example_xcom.py
[2025-03-07T02:54:21.349+0000] {processor.py:925} INFO - DAG(s) 'example_xcom' retrieved from /home/Ashreem/airflow-env/lib/python3.12/site-packages/airflow/example_dags/example_xcom.py
[2025-03-07T02:54:21.374+0000] {logging_mixin.py:190} INFO - [2025-03-07T02:54:21.373+0000] {dag.py:3239} INFO - Sync 1 DAGs
[2025-03-07T02:54:21.404+0000] {logging_mixin.py:190} INFO - [2025-03-07T02:54:21.404+0000] {dag.py:4180} INFO - Setting next_dagrun for example_xcom to 2021-01-01 00:00:00+00:00, run_after=2021-01-01 00:00:00+00:00
[2025-03-07T02:54:21.448+0000] {processor.py:208} INFO - Processing /home/Ashreem/airflow-env/lib/python3.12/site-packages/airflow/example_dags/example_xcom.py took 0.129 seconds
[2025-03-07T02:55:22.362+0000] {processor.py:186} INFO - Started process (PID=47760) to work on /home/Ashreem/airflow-env/lib/python3.12/site-packages/airflow/example_dags/example_xcom.py
[2025-03-07T02:55:22.364+0000] {processor.py:914} INFO - Processing file /home/Ashreem/airflow-env/lib/python3.12/site-packages/airflow/example_dags/example_xcom.py for tasks to queue
[2025-03-07T02:55:22.367+0000] {logging_mixin.py:190} INFO - [2025-03-07T02:55:22.366+0000] {dagbag.py:588} INFO - Filling up the DagBag from /home/Ashreem/airflow-env/lib/python3.12/site-packages/airflow/example_dags/example_xcom.py
[2025-03-07T02:55:22.380+0000] {processor.py:925} INFO - DAG(s) 'example_xcom' retrieved from /home/Ashreem/airflow-env/lib/python3.12/site-packages/airflow/example_dags/example_xcom.py
[2025-03-07T02:55:22.408+0000] {logging_mixin.py:190} INFO - [2025-03-07T02:55:22.406+0000] {dag.py:3239} INFO - Sync 1 DAGs
[2025-03-07T02:55:22.440+0000] {logging_mixin.py:190} INFO - [2025-03-07T02:55:22.440+0000] {dag.py:4180} INFO - Setting next_dagrun for example_xcom to 2021-01-01 00:00:00+00:00, run_after=2021-01-01 00:00:00+00:00
[2025-03-07T02:55:22.476+0000] {processor.py:208} INFO - Processing /home/Ashreem/airflow-env/lib/python3.12/site-packages/airflow/example_dags/example_xcom.py took 0.122 seconds
[2025-03-07T02:56:21.996+0000] {processor.py:186} INFO - Started process (PID=47914) to work on /home/Ashreem/airflow-env/lib/python3.12/site-packages/airflow/example_dags/example_xcom.py
[2025-03-07T02:56:21.997+0000] {processor.py:914} INFO - Processing file /home/Ashreem/airflow-env/lib/python3.12/site-packages/airflow/example_dags/example_xcom.py for tasks to queue
[2025-03-07T02:56:22.000+0000] {logging_mixin.py:190} INFO - [2025-03-07T02:56:22.000+0000] {dagbag.py:588} INFO - Filling up the DagBag from /home/Ashreem/airflow-env/lib/python3.12/site-packages/airflow/example_dags/example_xcom.py
[2025-03-07T02:56:22.015+0000] {processor.py:925} INFO - DAG(s) 'example_xcom' retrieved from /home/Ashreem/airflow-env/lib/python3.12/site-packages/airflow/example_dags/example_xcom.py
[2025-03-07T02:56:22.051+0000] {logging_mixin.py:190} INFO - [2025-03-07T02:56:22.051+0000] {dag.py:3239} INFO - Sync 1 DAGs
[2025-03-07T02:56:22.079+0000] {logging_mixin.py:190} INFO - [2025-03-07T02:56:22.078+0000] {dag.py:4180} INFO - Setting next_dagrun for example_xcom to 2021-01-01 00:00:00+00:00, run_after=2021-01-01 00:00:00+00:00
[2025-03-07T02:56:22.115+0000] {processor.py:208} INFO - Processing /home/Ashreem/airflow-env/lib/python3.12/site-packages/airflow/example_dags/example_xcom.py took 0.127 seconds
[2025-03-07T02:56:27.372+0000] {processor.py:186} INFO - Started process (PID=47925) to work on /home/Ashreem/airflow-env/lib/python3.12/site-packages/airflow/example_dags/example_xcom.py
[2025-03-07T02:56:27.373+0000] {processor.py:914} INFO - Processing file /home/Ashreem/airflow-env/lib/python3.12/site-packages/airflow/example_dags/example_xcom.py for tasks to queue
[2025-03-07T02:56:27.376+0000] {logging_mixin.py:190} INFO - [2025-03-07T02:56:27.375+0000] {dagbag.py:588} INFO - Filling up the DagBag from /home/Ashreem/airflow-env/lib/python3.12/site-packages/airflow/example_dags/example_xcom.py
[2025-03-07T02:56:27.390+0000] {processor.py:925} INFO - DAG(s) 'example_xcom' retrieved from /home/Ashreem/airflow-env/lib/python3.12/site-packages/airflow/example_dags/example_xcom.py
[2025-03-07T02:56:27.411+0000] {logging_mixin.py:190} INFO - [2025-03-07T02:56:27.411+0000] {dag.py:3239} INFO - Sync 1 DAGs
[2025-03-07T02:56:27.438+0000] {logging_mixin.py:190} INFO - [2025-03-07T02:56:27.437+0000] {dag.py:4180} INFO - Setting next_dagrun for example_xcom to 2021-01-01 00:00:00+00:00, run_after=2021-01-01 00:00:00+00:00
[2025-03-07T02:56:27.476+0000] {processor.py:208} INFO - Processing /home/Ashreem/airflow-env/lib/python3.12/site-packages/airflow/example_dags/example_xcom.py took 0.112 seconds
[2025-03-07T02:57:33.290+0000] {processor.py:186} INFO - Started process (PID=48034) to work on /home/Ashreem/airflow-env/lib/python3.12/site-packages/airflow/example_dags/example_xcom.py
[2025-03-07T02:57:33.292+0000] {processor.py:914} INFO - Processing file /home/Ashreem/airflow-env/lib/python3.12/site-packages/airflow/example_dags/example_xcom.py for tasks to queue
[2025-03-07T02:57:33.294+0000] {logging_mixin.py:190} INFO - [2025-03-07T02:57:33.294+0000] {dagbag.py:588} INFO - Filling up the DagBag from /home/Ashreem/airflow-env/lib/python3.12/site-packages/airflow/example_dags/example_xcom.py
[2025-03-07T02:57:33.307+0000] {processor.py:925} INFO - DAG(s) 'example_xcom' retrieved from /home/Ashreem/airflow-env/lib/python3.12/site-packages/airflow/example_dags/example_xcom.py
[2025-03-07T02:57:33.327+0000] {logging_mixin.py:190} INFO - [2025-03-07T02:57:33.327+0000] {dag.py:3239} INFO - Sync 1 DAGs
[2025-03-07T02:57:33.356+0000] {logging_mixin.py:190} INFO - [2025-03-07T02:57:33.355+0000] {dag.py:4180} INFO - Setting next_dagrun for example_xcom to 2021-01-01 00:00:00+00:00, run_after=2021-01-01 00:00:00+00:00
[2025-03-07T02:57:33.395+0000] {processor.py:208} INFO - Processing /home/Ashreem/airflow-env/lib/python3.12/site-packages/airflow/example_dags/example_xcom.py took 0.114 seconds
[2025-03-07T02:58:38.175+0000] {processor.py:186} INFO - Started process (PID=48110) to work on /home/Ashreem/airflow-env/lib/python3.12/site-packages/airflow/example_dags/example_xcom.py
[2025-03-07T02:58:38.177+0000] {processor.py:914} INFO - Processing file /home/Ashreem/airflow-env/lib/python3.12/site-packages/airflow/example_dags/example_xcom.py for tasks to queue
[2025-03-07T02:58:38.180+0000] {logging_mixin.py:190} INFO - [2025-03-07T02:58:38.179+0000] {dagbag.py:588} INFO - Filling up the DagBag from /home/Ashreem/airflow-env/lib/python3.12/site-packages/airflow/example_dags/example_xcom.py
[2025-03-07T02:58:38.193+0000] {processor.py:925} INFO - DAG(s) 'example_xcom' retrieved from /home/Ashreem/airflow-env/lib/python3.12/site-packages/airflow/example_dags/example_xcom.py
[2025-03-07T02:58:38.215+0000] {logging_mixin.py:190} INFO - [2025-03-07T02:58:38.214+0000] {dag.py:3239} INFO - Sync 1 DAGs
[2025-03-07T02:58:38.242+0000] {logging_mixin.py:190} INFO - [2025-03-07T02:58:38.241+0000] {dag.py:4180} INFO - Setting next_dagrun for example_xcom to 2021-01-01 00:00:00+00:00, run_after=2021-01-01 00:00:00+00:00
[2025-03-07T02:58:38.280+0000] {processor.py:208} INFO - Processing /home/Ashreem/airflow-env/lib/python3.12/site-packages/airflow/example_dags/example_xcom.py took 0.113 seconds
[2025-03-07T02:59:44.454+0000] {processor.py:186} INFO - Started process (PID=48224) to work on /home/Ashreem/airflow-env/lib/python3.12/site-packages/airflow/example_dags/example_xcom.py
[2025-03-07T02:59:44.456+0000] {processor.py:914} INFO - Processing file /home/Ashreem/airflow-env/lib/python3.12/site-packages/airflow/example_dags/example_xcom.py for tasks to queue
[2025-03-07T02:59:44.459+0000] {logging_mixin.py:190} INFO - [2025-03-07T02:59:44.458+0000] {dagbag.py:588} INFO - Filling up the DagBag from /home/Ashreem/airflow-env/lib/python3.12/site-packages/airflow/example_dags/example_xcom.py
[2025-03-07T02:59:44.472+0000] {processor.py:925} INFO - DAG(s) 'example_xcom' retrieved from /home/Ashreem/airflow-env/lib/python3.12/site-packages/airflow/example_dags/example_xcom.py
[2025-03-07T02:59:44.492+0000] {logging_mixin.py:190} INFO - [2025-03-07T02:59:44.492+0000] {dag.py:3239} INFO - Sync 1 DAGs
[2025-03-07T02:59:44.515+0000] {logging_mixin.py:190} INFO - [2025-03-07T02:59:44.515+0000] {dag.py:4180} INFO - Setting next_dagrun for example_xcom to 2021-01-01 00:00:00+00:00, run_after=2021-01-01 00:00:00+00:00
[2025-03-07T02:59:44.552+0000] {processor.py:208} INFO - Processing /home/Ashreem/airflow-env/lib/python3.12/site-packages/airflow/example_dags/example_xcom.py took 0.105 seconds
[2025-03-07T03:00:09.944+0000] {processor.py:186} INFO - Started process (PID=48286) to work on /home/Ashreem/airflow-env/lib/python3.12/site-packages/airflow/example_dags/example_xcom.py
[2025-03-07T03:00:09.946+0000] {processor.py:914} INFO - Processing file /home/Ashreem/airflow-env/lib/python3.12/site-packages/airflow/example_dags/example_xcom.py for tasks to queue
[2025-03-07T03:00:09.948+0000] {logging_mixin.py:190} INFO - [2025-03-07T03:00:09.948+0000] {dagbag.py:588} INFO - Filling up the DagBag from /home/Ashreem/airflow-env/lib/python3.12/site-packages/airflow/example_dags/example_xcom.py
[2025-03-07T03:00:09.964+0000] {processor.py:925} INFO - DAG(s) 'example_xcom' retrieved from /home/Ashreem/airflow-env/lib/python3.12/site-packages/airflow/example_dags/example_xcom.py
[2025-03-07T03:00:09.996+0000] {logging_mixin.py:190} INFO - [2025-03-07T03:00:09.996+0000] {dag.py:3239} INFO - Sync 1 DAGs
[2025-03-07T03:00:10.025+0000] {logging_mixin.py:190} INFO - [2025-03-07T03:00:10.025+0000] {dag.py:4180} INFO - Setting next_dagrun for example_xcom to 2021-01-01 00:00:00+00:00, run_after=2021-01-01 00:00:00+00:00
[2025-03-07T03:00:10.067+0000] {processor.py:208} INFO - Processing /home/Ashreem/airflow-env/lib/python3.12/site-packages/airflow/example_dags/example_xcom.py took 0.129 seconds
[2025-03-07T03:00:51.424+0000] {processor.py:186} INFO - Started process (PID=48336) to work on /home/Ashreem/airflow-env/lib/python3.12/site-packages/airflow/example_dags/example_xcom.py
[2025-03-07T03:00:51.426+0000] {processor.py:914} INFO - Processing file /home/Ashreem/airflow-env/lib/python3.12/site-packages/airflow/example_dags/example_xcom.py for tasks to queue
[2025-03-07T03:00:51.428+0000] {logging_mixin.py:190} INFO - [2025-03-07T03:00:51.428+0000] {dagbag.py:588} INFO - Filling up the DagBag from /home/Ashreem/airflow-env/lib/python3.12/site-packages/airflow/example_dags/example_xcom.py
[2025-03-07T03:00:51.441+0000] {processor.py:925} INFO - DAG(s) 'example_xcom' retrieved from /home/Ashreem/airflow-env/lib/python3.12/site-packages/airflow/example_dags/example_xcom.py
[2025-03-07T03:00:51.465+0000] {logging_mixin.py:190} INFO - [2025-03-07T03:00:51.465+0000] {dag.py:3239} INFO - Sync 1 DAGs
[2025-03-07T03:00:51.489+0000] {logging_mixin.py:190} INFO - [2025-03-07T03:00:51.488+0000] {dag.py:4180} INFO - Setting next_dagrun for example_xcom to 2021-01-01 00:00:00+00:00, run_after=2021-01-01 00:00:00+00:00
[2025-03-07T03:00:51.524+0000] {processor.py:208} INFO - Processing /home/Ashreem/airflow-env/lib/python3.12/site-packages/airflow/example_dags/example_xcom.py took 0.107 seconds
[2025-03-07T03:01:51.489+0000] {processor.py:186} INFO - Started process (PID=48402) to work on /home/Ashreem/airflow-env/lib/python3.12/site-packages/airflow/example_dags/example_xcom.py
[2025-03-07T03:01:51.491+0000] {processor.py:914} INFO - Processing file /home/Ashreem/airflow-env/lib/python3.12/site-packages/airflow/example_dags/example_xcom.py for tasks to queue
[2025-03-07T03:01:51.494+0000] {logging_mixin.py:190} INFO - [2025-03-07T03:01:51.493+0000] {dagbag.py:588} INFO - Filling up the DagBag from /home/Ashreem/airflow-env/lib/python3.12/site-packages/airflow/example_dags/example_xcom.py
[2025-03-07T03:01:51.507+0000] {processor.py:925} INFO - DAG(s) 'example_xcom' retrieved from /home/Ashreem/airflow-env/lib/python3.12/site-packages/airflow/example_dags/example_xcom.py
[2025-03-07T03:01:51.531+0000] {logging_mixin.py:190} INFO - [2025-03-07T03:01:51.531+0000] {dag.py:3239} INFO - Sync 1 DAGs
[2025-03-07T03:01:51.557+0000] {logging_mixin.py:190} INFO - [2025-03-07T03:01:51.557+0000] {dag.py:4180} INFO - Setting next_dagrun for example_xcom to 2021-01-01 00:00:00+00:00, run_after=2021-01-01 00:00:00+00:00
[2025-03-07T03:01:51.596+0000] {processor.py:208} INFO - Processing /home/Ashreem/airflow-env/lib/python3.12/site-packages/airflow/example_dags/example_xcom.py took 0.114 seconds
[2025-03-07T03:02:53.021+0000] {processor.py:186} INFO - Started process (PID=48535) to work on /home/Ashreem/airflow-env/lib/python3.12/site-packages/airflow/example_dags/example_xcom.py
[2025-03-07T03:02:53.024+0000] {processor.py:914} INFO - Processing file /home/Ashreem/airflow-env/lib/python3.12/site-packages/airflow/example_dags/example_xcom.py for tasks to queue
[2025-03-07T03:02:53.029+0000] {logging_mixin.py:190} INFO - [2025-03-07T03:02:53.029+0000] {dagbag.py:588} INFO - Filling up the DagBag from /home/Ashreem/airflow-env/lib/python3.12/site-packages/airflow/example_dags/example_xcom.py
[2025-03-07T03:02:53.043+0000] {processor.py:925} INFO - DAG(s) 'example_xcom' retrieved from /home/Ashreem/airflow-env/lib/python3.12/site-packages/airflow/example_dags/example_xcom.py
[2025-03-07T03:02:53.066+0000] {logging_mixin.py:190} INFO - [2025-03-07T03:02:53.065+0000] {dag.py:3239} INFO - Sync 1 DAGs
[2025-03-07T03:02:53.091+0000] {logging_mixin.py:190} INFO - [2025-03-07T03:02:53.091+0000] {dag.py:4180} INFO - Setting next_dagrun for example_xcom to 2021-01-01 00:00:00+00:00, run_after=2021-01-01 00:00:00+00:00
[2025-03-07T03:02:53.128+0000] {processor.py:208} INFO - Processing /home/Ashreem/airflow-env/lib/python3.12/site-packages/airflow/example_dags/example_xcom.py took 0.114 seconds
[2025-03-07T03:03:38.107+0000] {processor.py:186} INFO - Started process (PID=48608) to work on /home/Ashreem/airflow-env/lib/python3.12/site-packages/airflow/example_dags/example_xcom.py
[2025-03-07T03:03:38.113+0000] {processor.py:914} INFO - Processing file /home/Ashreem/airflow-env/lib/python3.12/site-packages/airflow/example_dags/example_xcom.py for tasks to queue
[2025-03-07T03:03:38.117+0000] {logging_mixin.py:190} INFO - [2025-03-07T03:03:38.116+0000] {dagbag.py:588} INFO - Filling up the DagBag from /home/Ashreem/airflow-env/lib/python3.12/site-packages/airflow/example_dags/example_xcom.py
[2025-03-07T03:03:38.130+0000] {processor.py:925} INFO - DAG(s) 'example_xcom' retrieved from /home/Ashreem/airflow-env/lib/python3.12/site-packages/airflow/example_dags/example_xcom.py
[2025-03-07T03:03:38.162+0000] {logging_mixin.py:190} INFO - [2025-03-07T03:03:38.161+0000] {dag.py:3239} INFO - Sync 1 DAGs
[2025-03-07T03:03:38.188+0000] {logging_mixin.py:190} INFO - [2025-03-07T03:03:38.188+0000] {dag.py:4180} INFO - Setting next_dagrun for example_xcom to 2021-01-01 00:00:00+00:00, run_after=2021-01-01 00:00:00+00:00
[2025-03-07T03:03:38.231+0000] {processor.py:208} INFO - Processing /home/Ashreem/airflow-env/lib/python3.12/site-packages/airflow/example_dags/example_xcom.py took 0.135 seconds
[2025-03-07T03:04:40.351+0000] {processor.py:186} INFO - Started process (PID=48676) to work on /home/Ashreem/airflow-env/lib/python3.12/site-packages/airflow/example_dags/example_xcom.py
[2025-03-07T03:04:40.352+0000] {processor.py:914} INFO - Processing file /home/Ashreem/airflow-env/lib/python3.12/site-packages/airflow/example_dags/example_xcom.py for tasks to queue
[2025-03-07T03:04:40.357+0000] {logging_mixin.py:190} INFO - [2025-03-07T03:04:40.355+0000] {dagbag.py:588} INFO - Filling up the DagBag from /home/Ashreem/airflow-env/lib/python3.12/site-packages/airflow/example_dags/example_xcom.py
[2025-03-07T03:04:40.372+0000] {processor.py:925} INFO - DAG(s) 'example_xcom' retrieved from /home/Ashreem/airflow-env/lib/python3.12/site-packages/airflow/example_dags/example_xcom.py
[2025-03-07T03:04:40.392+0000] {logging_mixin.py:190} INFO - [2025-03-07T03:04:40.392+0000] {dag.py:3239} INFO - Sync 1 DAGs
[2025-03-07T03:04:40.418+0000] {logging_mixin.py:190} INFO - [2025-03-07T03:04:40.417+0000] {dag.py:4180} INFO - Setting next_dagrun for example_xcom to 2021-01-01 00:00:00+00:00, run_after=2021-01-01 00:00:00+00:00
[2025-03-07T03:04:40.456+0000] {processor.py:208} INFO - Processing /home/Ashreem/airflow-env/lib/python3.12/site-packages/airflow/example_dags/example_xcom.py took 0.113 seconds
[2025-03-07T03:05:40.623+0000] {processor.py:186} INFO - Started process (PID=48925) to work on /home/Ashreem/airflow-env/lib/python3.12/site-packages/airflow/example_dags/example_xcom.py
[2025-03-07T03:05:40.624+0000] {processor.py:914} INFO - Processing file /home/Ashreem/airflow-env/lib/python3.12/site-packages/airflow/example_dags/example_xcom.py for tasks to queue
[2025-03-07T03:05:40.627+0000] {logging_mixin.py:190} INFO - [2025-03-07T03:05:40.626+0000] {dagbag.py:588} INFO - Filling up the DagBag from /home/Ashreem/airflow-env/lib/python3.12/site-packages/airflow/example_dags/example_xcom.py
[2025-03-07T03:05:40.639+0000] {processor.py:925} INFO - DAG(s) 'example_xcom' retrieved from /home/Ashreem/airflow-env/lib/python3.12/site-packages/airflow/example_dags/example_xcom.py
[2025-03-07T03:05:40.666+0000] {logging_mixin.py:190} INFO - [2025-03-07T03:05:40.666+0000] {dag.py:3239} INFO - Sync 1 DAGs
[2025-03-07T03:05:40.692+0000] {logging_mixin.py:190} INFO - [2025-03-07T03:05:40.691+0000] {dag.py:4180} INFO - Setting next_dagrun for example_xcom to 2021-01-01 00:00:00+00:00, run_after=2021-01-01 00:00:00+00:00
[2025-03-07T03:05:40.728+0000] {processor.py:208} INFO - Processing /home/Ashreem/airflow-env/lib/python3.12/site-packages/airflow/example_dags/example_xcom.py took 0.113 seconds
[2025-03-07T03:06:48.164+0000] {processor.py:186} INFO - Started process (PID=48995) to work on /home/Ashreem/airflow-env/lib/python3.12/site-packages/airflow/example_dags/example_xcom.py
[2025-03-07T03:06:48.165+0000] {processor.py:914} INFO - Processing file /home/Ashreem/airflow-env/lib/python3.12/site-packages/airflow/example_dags/example_xcom.py for tasks to queue
[2025-03-07T03:06:48.169+0000] {logging_mixin.py:190} INFO - [2025-03-07T03:06:48.168+0000] {dagbag.py:588} INFO - Filling up the DagBag from /home/Ashreem/airflow-env/lib/python3.12/site-packages/airflow/example_dags/example_xcom.py
[2025-03-07T03:06:48.185+0000] {processor.py:925} INFO - DAG(s) 'example_xcom' retrieved from /home/Ashreem/airflow-env/lib/python3.12/site-packages/airflow/example_dags/example_xcom.py
[2025-03-07T03:06:48.214+0000] {logging_mixin.py:190} INFO - [2025-03-07T03:06:48.214+0000] {dag.py:3239} INFO - Sync 1 DAGs
[2025-03-07T03:06:48.241+0000] {logging_mixin.py:190} INFO - [2025-03-07T03:06:48.240+0000] {dag.py:4180} INFO - Setting next_dagrun for example_xcom to 2021-01-01 00:00:00+00:00, run_after=2021-01-01 00:00:00+00:00
[2025-03-07T03:06:48.278+0000] {processor.py:208} INFO - Processing /home/Ashreem/airflow-env/lib/python3.12/site-packages/airflow/example_dags/example_xcom.py took 0.124 seconds
[2025-03-07T03:07:53.872+0000] {processor.py:186} INFO - Started process (PID=49076) to work on /home/Ashreem/airflow-env/lib/python3.12/site-packages/airflow/example_dags/example_xcom.py
[2025-03-07T03:07:53.874+0000] {processor.py:914} INFO - Processing file /home/Ashreem/airflow-env/lib/python3.12/site-packages/airflow/example_dags/example_xcom.py for tasks to queue
[2025-03-07T03:07:53.877+0000] {logging_mixin.py:190} INFO - [2025-03-07T03:07:53.877+0000] {dagbag.py:588} INFO - Filling up the DagBag from /home/Ashreem/airflow-env/lib/python3.12/site-packages/airflow/example_dags/example_xcom.py
[2025-03-07T03:07:53.892+0000] {processor.py:925} INFO - DAG(s) 'example_xcom' retrieved from /home/Ashreem/airflow-env/lib/python3.12/site-packages/airflow/example_dags/example_xcom.py
[2025-03-07T03:07:53.924+0000] {logging_mixin.py:190} INFO - [2025-03-07T03:07:53.924+0000] {dag.py:3239} INFO - Sync 1 DAGs
[2025-03-07T03:07:53.954+0000] {logging_mixin.py:190} INFO - [2025-03-07T03:07:53.953+0000] {dag.py:4180} INFO - Setting next_dagrun for example_xcom to 2021-01-01 00:00:00+00:00, run_after=2021-01-01 00:00:00+00:00
[2025-03-07T03:07:53.989+0000] {processor.py:208} INFO - Processing /home/Ashreem/airflow-env/lib/python3.12/site-packages/airflow/example_dags/example_xcom.py took 0.127 seconds
[2025-03-07T03:08:56.120+0000] {processor.py:186} INFO - Started process (PID=49148) to work on /home/Ashreem/airflow-env/lib/python3.12/site-packages/airflow/example_dags/example_xcom.py
[2025-03-07T03:08:56.121+0000] {processor.py:914} INFO - Processing file /home/Ashreem/airflow-env/lib/python3.12/site-packages/airflow/example_dags/example_xcom.py for tasks to queue
[2025-03-07T03:08:56.125+0000] {logging_mixin.py:190} INFO - [2025-03-07T03:08:56.125+0000] {dagbag.py:588} INFO - Filling up the DagBag from /home/Ashreem/airflow-env/lib/python3.12/site-packages/airflow/example_dags/example_xcom.py
[2025-03-07T03:08:56.137+0000] {processor.py:925} INFO - DAG(s) 'example_xcom' retrieved from /home/Ashreem/airflow-env/lib/python3.12/site-packages/airflow/example_dags/example_xcom.py
[2025-03-07T03:08:56.158+0000] {logging_mixin.py:190} INFO - [2025-03-07T03:08:56.158+0000] {dag.py:3239} INFO - Sync 1 DAGs
[2025-03-07T03:08:56.181+0000] {logging_mixin.py:190} INFO - [2025-03-07T03:08:56.180+0000] {dag.py:4180} INFO - Setting next_dagrun for example_xcom to 2021-01-01 00:00:00+00:00, run_after=2021-01-01 00:00:00+00:00
[2025-03-07T03:08:56.223+0000] {processor.py:208} INFO - Processing /home/Ashreem/airflow-env/lib/python3.12/site-packages/airflow/example_dags/example_xcom.py took 0.112 seconds
[2025-03-07T03:09:56.362+0000] {processor.py:186} INFO - Started process (PID=49208) to work on /home/Ashreem/airflow-env/lib/python3.12/site-packages/airflow/example_dags/example_xcom.py
[2025-03-07T03:09:56.363+0000] {processor.py:914} INFO - Processing file /home/Ashreem/airflow-env/lib/python3.12/site-packages/airflow/example_dags/example_xcom.py for tasks to queue
[2025-03-07T03:09:56.366+0000] {logging_mixin.py:190} INFO - [2025-03-07T03:09:56.365+0000] {dagbag.py:588} INFO - Filling up the DagBag from /home/Ashreem/airflow-env/lib/python3.12/site-packages/airflow/example_dags/example_xcom.py
[2025-03-07T03:09:56.380+0000] {processor.py:925} INFO - DAG(s) 'example_xcom' retrieved from /home/Ashreem/airflow-env/lib/python3.12/site-packages/airflow/example_dags/example_xcom.py
[2025-03-07T03:09:56.399+0000] {logging_mixin.py:190} INFO - [2025-03-07T03:09:56.399+0000] {dag.py:3239} INFO - Sync 1 DAGs
[2025-03-07T03:09:56.425+0000] {logging_mixin.py:190} INFO - [2025-03-07T03:09:56.425+0000] {dag.py:4180} INFO - Setting next_dagrun for example_xcom to 2021-01-01 00:00:00+00:00, run_after=2021-01-01 00:00:00+00:00
[2025-03-07T03:09:56.462+0000] {processor.py:208} INFO - Processing /home/Ashreem/airflow-env/lib/python3.12/site-packages/airflow/example_dags/example_xcom.py took 0.109 seconds
