[2025-03-07T02:30:21.196+0000] {processor.py:186} INFO - Started process (PID=45976) to work on /home/Ashreem/airflow-env/lib/python3.12/site-packages/airflow/example_dags/example_task_group_decorator.py
[2025-03-07T02:30:21.197+0000] {processor.py:914} INFO - Processing file /home/Ashreem/airflow-env/lib/python3.12/site-packages/airflow/example_dags/example_task_group_decorator.py for tasks to queue
[2025-03-07T02:30:21.201+0000] {logging_mixin.py:190} INFO - [2025-03-07T02:30:21.200+0000] {dagbag.py:588} INFO - Filling up the DagBag from /home/Ashreem/airflow-env/lib/python3.12/site-packages/airflow/example_dags/example_task_group_decorator.py
[2025-03-07T02:30:21.221+0000] {processor.py:925} INFO - DAG(s) 'example_task_group_decorator' retrieved from /home/Ashreem/airflow-env/lib/python3.12/site-packages/airflow/example_dags/example_task_group_decorator.py
[2025-03-07T02:30:21.398+0000] {logging_mixin.py:190} INFO - [2025-03-07T02:30:21.397+0000] {override.py:1930} INFO - Created Permission View: can read on DAG:example_task_group_decorator
[2025-03-07T02:30:21.424+0000] {logging_mixin.py:190} INFO - [2025-03-07T02:30:21.424+0000] {override.py:1930} INFO - Created Permission View: can delete on DAG:example_task_group_decorator
[2025-03-07T02:30:21.445+0000] {logging_mixin.py:190} INFO - [2025-03-07T02:30:21.445+0000] {override.py:1930} INFO - Created Permission View: can edit on DAG:example_task_group_decorator
[2025-03-07T02:30:21.483+0000] {logging_mixin.py:190} INFO - [2025-03-07T02:30:21.483+0000] {override.py:1930} INFO - Created Permission View: can read on DAG Run:example_task_group_decorator
[2025-03-07T02:30:21.506+0000] {logging_mixin.py:190} INFO - [2025-03-07T02:30:21.506+0000] {override.py:1930} INFO - Created Permission View: can delete on DAG Run:example_task_group_decorator
[2025-03-07T02:30:21.525+0000] {logging_mixin.py:190} INFO - [2025-03-07T02:30:21.525+0000] {override.py:1930} INFO - Created Permission View: menu access on DAG Run:example_task_group_decorator
[2025-03-07T02:30:21.544+0000] {logging_mixin.py:190} INFO - [2025-03-07T02:30:21.544+0000] {override.py:1930} INFO - Created Permission View: can create on DAG Run:example_task_group_decorator
[2025-03-07T02:30:21.545+0000] {logging_mixin.py:190} INFO - [2025-03-07T02:30:21.545+0000] {dag.py:3239} INFO - Sync 1 DAGs
[2025-03-07T02:30:21.563+0000] {logging_mixin.py:190} INFO - [2025-03-07T02:30:21.563+0000] {dag.py:3262} INFO - Creating ORM DAG for example_task_group_decorator
[2025-03-07T02:30:21.564+0000] {logging_mixin.py:190} INFO - [2025-03-07T02:30:21.564+0000] {dag.py:4180} INFO - Setting next_dagrun for example_task_group_decorator to None, run_after=None
[2025-03-07T02:30:21.602+0000] {processor.py:208} INFO - Processing /home/Ashreem/airflow-env/lib/python3.12/site-packages/airflow/example_dags/example_task_group_decorator.py took 0.414 seconds
[2025-03-07T02:33:02.495+0000] {processor.py:186} INFO - Started process (PID=46080) to work on /home/Ashreem/airflow-env/lib/python3.12/site-packages/airflow/example_dags/example_task_group_decorator.py
[2025-03-07T02:33:02.497+0000] {processor.py:914} INFO - Processing file /home/Ashreem/airflow-env/lib/python3.12/site-packages/airflow/example_dags/example_task_group_decorator.py for tasks to queue
[2025-03-07T02:33:02.501+0000] {logging_mixin.py:190} INFO - [2025-03-07T02:33:02.500+0000] {dagbag.py:588} INFO - Filling up the DagBag from /home/Ashreem/airflow-env/lib/python3.12/site-packages/airflow/example_dags/example_task_group_decorator.py
[2025-03-07T02:33:02.522+0000] {processor.py:925} INFO - DAG(s) 'example_task_group_decorator' retrieved from /home/Ashreem/airflow-env/lib/python3.12/site-packages/airflow/example_dags/example_task_group_decorator.py
[2025-03-07T02:33:02.554+0000] {logging_mixin.py:190} INFO - [2025-03-07T02:33:02.554+0000] {dag.py:3239} INFO - Sync 1 DAGs
[2025-03-07T02:33:02.571+0000] {logging_mixin.py:190} INFO - [2025-03-07T02:33:02.570+0000] {dag.py:4180} INFO - Setting next_dagrun for example_task_group_decorator to None, run_after=None
[2025-03-07T02:33:02.617+0000] {processor.py:208} INFO - Processing /home/Ashreem/airflow-env/lib/python3.12/site-packages/airflow/example_dags/example_task_group_decorator.py took 0.129 seconds
[2025-03-07T02:34:07.288+0000] {processor.py:186} INFO - Started process (PID=46413) to work on /home/Ashreem/airflow-env/lib/python3.12/site-packages/airflow/example_dags/example_task_group_decorator.py
[2025-03-07T02:34:07.290+0000] {processor.py:914} INFO - Processing file /home/Ashreem/airflow-env/lib/python3.12/site-packages/airflow/example_dags/example_task_group_decorator.py for tasks to queue
[2025-03-07T02:34:07.292+0000] {logging_mixin.py:190} INFO - [2025-03-07T02:34:07.292+0000] {dagbag.py:588} INFO - Filling up the DagBag from /home/Ashreem/airflow-env/lib/python3.12/site-packages/airflow/example_dags/example_task_group_decorator.py
[2025-03-07T02:34:07.315+0000] {processor.py:925} INFO - DAG(s) 'example_task_group_decorator' retrieved from /home/Ashreem/airflow-env/lib/python3.12/site-packages/airflow/example_dags/example_task_group_decorator.py
[2025-03-07T02:34:07.340+0000] {logging_mixin.py:190} INFO - [2025-03-07T02:34:07.340+0000] {dag.py:3239} INFO - Sync 1 DAGs
[2025-03-07T02:34:07.359+0000] {logging_mixin.py:190} INFO - [2025-03-07T02:34:07.358+0000] {dag.py:4180} INFO - Setting next_dagrun for example_task_group_decorator to None, run_after=None
[2025-03-07T02:34:07.402+0000] {processor.py:208} INFO - Processing /home/Ashreem/airflow-env/lib/python3.12/site-packages/airflow/example_dags/example_task_group_decorator.py took 0.122 seconds
[2025-03-07T02:35:14.082+0000] {processor.py:186} INFO - Started process (PID=46479) to work on /home/Ashreem/airflow-env/lib/python3.12/site-packages/airflow/example_dags/example_task_group_decorator.py
[2025-03-07T02:35:14.084+0000] {processor.py:914} INFO - Processing file /home/Ashreem/airflow-env/lib/python3.12/site-packages/airflow/example_dags/example_task_group_decorator.py for tasks to queue
[2025-03-07T02:35:14.087+0000] {logging_mixin.py:190} INFO - [2025-03-07T02:35:14.087+0000] {dagbag.py:588} INFO - Filling up the DagBag from /home/Ashreem/airflow-env/lib/python3.12/site-packages/airflow/example_dags/example_task_group_decorator.py
[2025-03-07T02:35:14.109+0000] {processor.py:925} INFO - DAG(s) 'example_task_group_decorator' retrieved from /home/Ashreem/airflow-env/lib/python3.12/site-packages/airflow/example_dags/example_task_group_decorator.py
[2025-03-07T02:35:14.135+0000] {logging_mixin.py:190} INFO - [2025-03-07T02:35:14.135+0000] {dag.py:3239} INFO - Sync 1 DAGs
[2025-03-07T02:35:14.155+0000] {logging_mixin.py:190} INFO - [2025-03-07T02:35:14.155+0000] {dag.py:4180} INFO - Setting next_dagrun for example_task_group_decorator to None, run_after=None
[2025-03-07T02:35:14.191+0000] {processor.py:208} INFO - Processing /home/Ashreem/airflow-env/lib/python3.12/site-packages/airflow/example_dags/example_task_group_decorator.py took 0.116 seconds
[2025-03-07T02:36:21.133+0000] {processor.py:186} INFO - Started process (PID=46548) to work on /home/Ashreem/airflow-env/lib/python3.12/site-packages/airflow/example_dags/example_task_group_decorator.py
[2025-03-07T02:36:21.134+0000] {processor.py:914} INFO - Processing file /home/Ashreem/airflow-env/lib/python3.12/site-packages/airflow/example_dags/example_task_group_decorator.py for tasks to queue
[2025-03-07T02:36:21.138+0000] {logging_mixin.py:190} INFO - [2025-03-07T02:36:21.137+0000] {dagbag.py:588} INFO - Filling up the DagBag from /home/Ashreem/airflow-env/lib/python3.12/site-packages/airflow/example_dags/example_task_group_decorator.py
[2025-03-07T02:36:21.163+0000] {processor.py:925} INFO - DAG(s) 'example_task_group_decorator' retrieved from /home/Ashreem/airflow-env/lib/python3.12/site-packages/airflow/example_dags/example_task_group_decorator.py
[2025-03-07T02:36:21.192+0000] {logging_mixin.py:190} INFO - [2025-03-07T02:36:21.191+0000] {dag.py:3239} INFO - Sync 1 DAGs
[2025-03-07T02:36:21.209+0000] {logging_mixin.py:190} INFO - [2025-03-07T02:36:21.209+0000] {dag.py:4180} INFO - Setting next_dagrun for example_task_group_decorator to None, run_after=None
[2025-03-07T02:36:21.249+0000] {processor.py:208} INFO - Processing /home/Ashreem/airflow-env/lib/python3.12/site-packages/airflow/example_dags/example_task_group_decorator.py took 0.124 seconds
[2025-03-07T02:37:26.064+0000] {processor.py:186} INFO - Started process (PID=46611) to work on /home/Ashreem/airflow-env/lib/python3.12/site-packages/airflow/example_dags/example_task_group_decorator.py
[2025-03-07T02:37:26.065+0000] {processor.py:914} INFO - Processing file /home/Ashreem/airflow-env/lib/python3.12/site-packages/airflow/example_dags/example_task_group_decorator.py for tasks to queue
[2025-03-07T02:37:26.069+0000] {logging_mixin.py:190} INFO - [2025-03-07T02:37:26.069+0000] {dagbag.py:588} INFO - Filling up the DagBag from /home/Ashreem/airflow-env/lib/python3.12/site-packages/airflow/example_dags/example_task_group_decorator.py
[2025-03-07T02:37:26.096+0000] {processor.py:925} INFO - DAG(s) 'example_task_group_decorator' retrieved from /home/Ashreem/airflow-env/lib/python3.12/site-packages/airflow/example_dags/example_task_group_decorator.py
[2025-03-07T02:37:26.123+0000] {logging_mixin.py:190} INFO - [2025-03-07T02:37:26.122+0000] {dag.py:3239} INFO - Sync 1 DAGs
[2025-03-07T02:37:26.139+0000] {logging_mixin.py:190} INFO - [2025-03-07T02:37:26.139+0000] {dag.py:4180} INFO - Setting next_dagrun for example_task_group_decorator to None, run_after=None
[2025-03-07T02:37:26.179+0000] {processor.py:208} INFO - Processing /home/Ashreem/airflow-env/lib/python3.12/site-packages/airflow/example_dags/example_task_group_decorator.py took 0.126 seconds
[2025-03-07T02:38:28.055+0000] {processor.py:186} INFO - Started process (PID=46674) to work on /home/Ashreem/airflow-env/lib/python3.12/site-packages/airflow/example_dags/example_task_group_decorator.py
[2025-03-07T02:38:28.057+0000] {processor.py:914} INFO - Processing file /home/Ashreem/airflow-env/lib/python3.12/site-packages/airflow/example_dags/example_task_group_decorator.py for tasks to queue
[2025-03-07T02:38:28.062+0000] {logging_mixin.py:190} INFO - [2025-03-07T02:38:28.061+0000] {dagbag.py:588} INFO - Filling up the DagBag from /home/Ashreem/airflow-env/lib/python3.12/site-packages/airflow/example_dags/example_task_group_decorator.py
[2025-03-07T02:38:28.084+0000] {processor.py:925} INFO - DAG(s) 'example_task_group_decorator' retrieved from /home/Ashreem/airflow-env/lib/python3.12/site-packages/airflow/example_dags/example_task_group_decorator.py
[2025-03-07T02:38:28.113+0000] {logging_mixin.py:190} INFO - [2025-03-07T02:38:28.113+0000] {dag.py:3239} INFO - Sync 1 DAGs
[2025-03-07T02:38:28.131+0000] {logging_mixin.py:190} INFO - [2025-03-07T02:38:28.130+0000] {dag.py:4180} INFO - Setting next_dagrun for example_task_group_decorator to None, run_after=None
[2025-03-07T02:38:28.172+0000] {processor.py:208} INFO - Processing /home/Ashreem/airflow-env/lib/python3.12/site-packages/airflow/example_dags/example_task_group_decorator.py took 0.127 seconds
[2025-03-07T02:39:30.845+0000] {processor.py:186} INFO - Started process (PID=46742) to work on /home/Ashreem/airflow-env/lib/python3.12/site-packages/airflow/example_dags/example_task_group_decorator.py
[2025-03-07T02:39:30.847+0000] {processor.py:914} INFO - Processing file /home/Ashreem/airflow-env/lib/python3.12/site-packages/airflow/example_dags/example_task_group_decorator.py for tasks to queue
[2025-03-07T02:39:30.851+0000] {logging_mixin.py:190} INFO - [2025-03-07T02:39:30.850+0000] {dagbag.py:588} INFO - Filling up the DagBag from /home/Ashreem/airflow-env/lib/python3.12/site-packages/airflow/example_dags/example_task_group_decorator.py
[2025-03-07T02:39:30.870+0000] {processor.py:925} INFO - DAG(s) 'example_task_group_decorator' retrieved from /home/Ashreem/airflow-env/lib/python3.12/site-packages/airflow/example_dags/example_task_group_decorator.py
[2025-03-07T02:39:30.896+0000] {logging_mixin.py:190} INFO - [2025-03-07T02:39:30.896+0000] {dag.py:3239} INFO - Sync 1 DAGs
[2025-03-07T02:39:30.912+0000] {logging_mixin.py:190} INFO - [2025-03-07T02:39:30.912+0000] {dag.py:4180} INFO - Setting next_dagrun for example_task_group_decorator to None, run_after=None
[2025-03-07T02:39:30.954+0000] {processor.py:208} INFO - Processing /home/Ashreem/airflow-env/lib/python3.12/site-packages/airflow/example_dags/example_task_group_decorator.py took 0.115 seconds
[2025-03-07T02:40:35.850+0000] {processor.py:186} INFO - Started process (PID=46806) to work on /home/Ashreem/airflow-env/lib/python3.12/site-packages/airflow/example_dags/example_task_group_decorator.py
[2025-03-07T02:40:35.852+0000] {processor.py:914} INFO - Processing file /home/Ashreem/airflow-env/lib/python3.12/site-packages/airflow/example_dags/example_task_group_decorator.py for tasks to queue
[2025-03-07T02:40:35.855+0000] {logging_mixin.py:190} INFO - [2025-03-07T02:40:35.855+0000] {dagbag.py:588} INFO - Filling up the DagBag from /home/Ashreem/airflow-env/lib/python3.12/site-packages/airflow/example_dags/example_task_group_decorator.py
[2025-03-07T02:40:35.880+0000] {processor.py:925} INFO - DAG(s) 'example_task_group_decorator' retrieved from /home/Ashreem/airflow-env/lib/python3.12/site-packages/airflow/example_dags/example_task_group_decorator.py
[2025-03-07T02:40:35.908+0000] {logging_mixin.py:190} INFO - [2025-03-07T02:40:35.907+0000] {dag.py:3239} INFO - Sync 1 DAGs
[2025-03-07T02:40:35.927+0000] {logging_mixin.py:190} INFO - [2025-03-07T02:40:35.926+0000] {dag.py:4180} INFO - Setting next_dagrun for example_task_group_decorator to None, run_after=None
[2025-03-07T02:40:35.963+0000] {processor.py:208} INFO - Processing /home/Ashreem/airflow-env/lib/python3.12/site-packages/airflow/example_dags/example_task_group_decorator.py took 0.121 seconds
[2025-03-07T02:41:37.994+0000] {processor.py:186} INFO - Started process (PID=46871) to work on /home/Ashreem/airflow-env/lib/python3.12/site-packages/airflow/example_dags/example_task_group_decorator.py
[2025-03-07T02:41:37.997+0000] {processor.py:914} INFO - Processing file /home/Ashreem/airflow-env/lib/python3.12/site-packages/airflow/example_dags/example_task_group_decorator.py for tasks to queue
[2025-03-07T02:41:38.000+0000] {logging_mixin.py:190} INFO - [2025-03-07T02:41:37.999+0000] {dagbag.py:588} INFO - Filling up the DagBag from /home/Ashreem/airflow-env/lib/python3.12/site-packages/airflow/example_dags/example_task_group_decorator.py
[2025-03-07T02:41:38.020+0000] {processor.py:925} INFO - DAG(s) 'example_task_group_decorator' retrieved from /home/Ashreem/airflow-env/lib/python3.12/site-packages/airflow/example_dags/example_task_group_decorator.py
[2025-03-07T02:41:38.043+0000] {logging_mixin.py:190} INFO - [2025-03-07T02:41:38.043+0000] {dag.py:3239} INFO - Sync 1 DAGs
[2025-03-07T02:41:38.058+0000] {logging_mixin.py:190} INFO - [2025-03-07T02:41:38.057+0000] {dag.py:4180} INFO - Setting next_dagrun for example_task_group_decorator to None, run_after=None
[2025-03-07T02:41:38.100+0000] {processor.py:208} INFO - Processing /home/Ashreem/airflow-env/lib/python3.12/site-packages/airflow/example_dags/example_task_group_decorator.py took 0.114 seconds
[2025-03-07T02:42:42.440+0000] {processor.py:186} INFO - Started process (PID=46937) to work on /home/Ashreem/airflow-env/lib/python3.12/site-packages/airflow/example_dags/example_task_group_decorator.py
[2025-03-07T02:42:42.442+0000] {processor.py:914} INFO - Processing file /home/Ashreem/airflow-env/lib/python3.12/site-packages/airflow/example_dags/example_task_group_decorator.py for tasks to queue
[2025-03-07T02:42:42.445+0000] {logging_mixin.py:190} INFO - [2025-03-07T02:42:42.444+0000] {dagbag.py:588} INFO - Filling up the DagBag from /home/Ashreem/airflow-env/lib/python3.12/site-packages/airflow/example_dags/example_task_group_decorator.py
[2025-03-07T02:42:42.468+0000] {processor.py:925} INFO - DAG(s) 'example_task_group_decorator' retrieved from /home/Ashreem/airflow-env/lib/python3.12/site-packages/airflow/example_dags/example_task_group_decorator.py
[2025-03-07T02:42:42.498+0000] {logging_mixin.py:190} INFO - [2025-03-07T02:42:42.498+0000] {dag.py:3239} INFO - Sync 1 DAGs
[2025-03-07T02:42:42.515+0000] {logging_mixin.py:190} INFO - [2025-03-07T02:42:42.515+0000] {dag.py:4180} INFO - Setting next_dagrun for example_task_group_decorator to None, run_after=None
[2025-03-07T02:42:42.551+0000] {processor.py:208} INFO - Processing /home/Ashreem/airflow-env/lib/python3.12/site-packages/airflow/example_dags/example_task_group_decorator.py took 0.118 seconds
[2025-03-07T02:43:46.255+0000] {processor.py:186} INFO - Started process (PID=47011) to work on /home/Ashreem/airflow-env/lib/python3.12/site-packages/airflow/example_dags/example_task_group_decorator.py
[2025-03-07T02:43:46.256+0000] {processor.py:914} INFO - Processing file /home/Ashreem/airflow-env/lib/python3.12/site-packages/airflow/example_dags/example_task_group_decorator.py for tasks to queue
[2025-03-07T02:43:46.259+0000] {logging_mixin.py:190} INFO - [2025-03-07T02:43:46.258+0000] {dagbag.py:588} INFO - Filling up the DagBag from /home/Ashreem/airflow-env/lib/python3.12/site-packages/airflow/example_dags/example_task_group_decorator.py
[2025-03-07T02:43:46.280+0000] {processor.py:925} INFO - DAG(s) 'example_task_group_decorator' retrieved from /home/Ashreem/airflow-env/lib/python3.12/site-packages/airflow/example_dags/example_task_group_decorator.py
[2025-03-07T02:43:46.305+0000] {logging_mixin.py:190} INFO - [2025-03-07T02:43:46.305+0000] {dag.py:3239} INFO - Sync 1 DAGs
[2025-03-07T02:43:46.324+0000] {logging_mixin.py:190} INFO - [2025-03-07T02:43:46.324+0000] {dag.py:4180} INFO - Setting next_dagrun for example_task_group_decorator to None, run_after=None
[2025-03-07T02:43:46.364+0000] {processor.py:208} INFO - Processing /home/Ashreem/airflow-env/lib/python3.12/site-packages/airflow/example_dags/example_task_group_decorator.py took 0.116 seconds
[2025-03-07T02:44:47.775+0000] {processor.py:186} INFO - Started process (PID=47086) to work on /home/Ashreem/airflow-env/lib/python3.12/site-packages/airflow/example_dags/example_task_group_decorator.py
[2025-03-07T02:44:47.776+0000] {processor.py:914} INFO - Processing file /home/Ashreem/airflow-env/lib/python3.12/site-packages/airflow/example_dags/example_task_group_decorator.py for tasks to queue
[2025-03-07T02:44:47.779+0000] {logging_mixin.py:190} INFO - [2025-03-07T02:44:47.779+0000] {dagbag.py:588} INFO - Filling up the DagBag from /home/Ashreem/airflow-env/lib/python3.12/site-packages/airflow/example_dags/example_task_group_decorator.py
[2025-03-07T02:44:47.802+0000] {processor.py:925} INFO - DAG(s) 'example_task_group_decorator' retrieved from /home/Ashreem/airflow-env/lib/python3.12/site-packages/airflow/example_dags/example_task_group_decorator.py
[2025-03-07T02:44:47.830+0000] {logging_mixin.py:190} INFO - [2025-03-07T02:44:47.830+0000] {dag.py:3239} INFO - Sync 1 DAGs
[2025-03-07T02:44:47.849+0000] {logging_mixin.py:190} INFO - [2025-03-07T02:44:47.848+0000] {dag.py:4180} INFO - Setting next_dagrun for example_task_group_decorator to None, run_after=None
[2025-03-07T02:44:47.884+0000] {processor.py:208} INFO - Processing /home/Ashreem/airflow-env/lib/python3.12/site-packages/airflow/example_dags/example_task_group_decorator.py took 0.116 seconds
[2025-03-07T02:45:51.768+0000] {processor.py:186} INFO - Started process (PID=47156) to work on /home/Ashreem/airflow-env/lib/python3.12/site-packages/airflow/example_dags/example_task_group_decorator.py
[2025-03-07T02:45:51.771+0000] {processor.py:914} INFO - Processing file /home/Ashreem/airflow-env/lib/python3.12/site-packages/airflow/example_dags/example_task_group_decorator.py for tasks to queue
[2025-03-07T02:45:51.774+0000] {logging_mixin.py:190} INFO - [2025-03-07T02:45:51.773+0000] {dagbag.py:588} INFO - Filling up the DagBag from /home/Ashreem/airflow-env/lib/python3.12/site-packages/airflow/example_dags/example_task_group_decorator.py
[2025-03-07T02:45:51.795+0000] {processor.py:925} INFO - DAG(s) 'example_task_group_decorator' retrieved from /home/Ashreem/airflow-env/lib/python3.12/site-packages/airflow/example_dags/example_task_group_decorator.py
[2025-03-07T02:45:51.821+0000] {logging_mixin.py:190} INFO - [2025-03-07T02:45:51.821+0000] {dag.py:3239} INFO - Sync 1 DAGs
[2025-03-07T02:45:51.836+0000] {logging_mixin.py:190} INFO - [2025-03-07T02:45:51.836+0000] {dag.py:4180} INFO - Setting next_dagrun for example_task_group_decorator to None, run_after=None
[2025-03-07T02:45:51.879+0000] {processor.py:208} INFO - Processing /home/Ashreem/airflow-env/lib/python3.12/site-packages/airflow/example_dags/example_task_group_decorator.py took 0.117 seconds
[2025-03-07T02:46:54.842+0000] {processor.py:186} INFO - Started process (PID=47217) to work on /home/Ashreem/airflow-env/lib/python3.12/site-packages/airflow/example_dags/example_task_group_decorator.py
[2025-03-07T02:46:54.843+0000] {processor.py:914} INFO - Processing file /home/Ashreem/airflow-env/lib/python3.12/site-packages/airflow/example_dags/example_task_group_decorator.py for tasks to queue
[2025-03-07T02:46:54.847+0000] {logging_mixin.py:190} INFO - [2025-03-07T02:46:54.846+0000] {dagbag.py:588} INFO - Filling up the DagBag from /home/Ashreem/airflow-env/lib/python3.12/site-packages/airflow/example_dags/example_task_group_decorator.py
[2025-03-07T02:46:54.867+0000] {processor.py:925} INFO - DAG(s) 'example_task_group_decorator' retrieved from /home/Ashreem/airflow-env/lib/python3.12/site-packages/airflow/example_dags/example_task_group_decorator.py
[2025-03-07T02:46:54.893+0000] {logging_mixin.py:190} INFO - [2025-03-07T02:46:54.893+0000] {dag.py:3239} INFO - Sync 1 DAGs
[2025-03-07T02:46:54.910+0000] {logging_mixin.py:190} INFO - [2025-03-07T02:46:54.910+0000] {dag.py:4180} INFO - Setting next_dagrun for example_task_group_decorator to None, run_after=None
[2025-03-07T02:46:54.951+0000] {processor.py:208} INFO - Processing /home/Ashreem/airflow-env/lib/python3.12/site-packages/airflow/example_dags/example_task_group_decorator.py took 0.117 seconds
[2025-03-07T02:47:59.437+0000] {processor.py:186} INFO - Started process (PID=47279) to work on /home/Ashreem/airflow-env/lib/python3.12/site-packages/airflow/example_dags/example_task_group_decorator.py
[2025-03-07T02:47:59.439+0000] {processor.py:914} INFO - Processing file /home/Ashreem/airflow-env/lib/python3.12/site-packages/airflow/example_dags/example_task_group_decorator.py for tasks to queue
[2025-03-07T02:47:59.443+0000] {logging_mixin.py:190} INFO - [2025-03-07T02:47:59.442+0000] {dagbag.py:588} INFO - Filling up the DagBag from /home/Ashreem/airflow-env/lib/python3.12/site-packages/airflow/example_dags/example_task_group_decorator.py
[2025-03-07T02:47:59.469+0000] {processor.py:925} INFO - DAG(s) 'example_task_group_decorator' retrieved from /home/Ashreem/airflow-env/lib/python3.12/site-packages/airflow/example_dags/example_task_group_decorator.py
[2025-03-07T02:47:59.498+0000] {logging_mixin.py:190} INFO - [2025-03-07T02:47:59.497+0000] {dag.py:3239} INFO - Sync 1 DAGs
[2025-03-07T02:47:59.515+0000] {logging_mixin.py:190} INFO - [2025-03-07T02:47:59.515+0000] {dag.py:4180} INFO - Setting next_dagrun for example_task_group_decorator to None, run_after=None
[2025-03-07T02:47:59.552+0000] {processor.py:208} INFO - Processing /home/Ashreem/airflow-env/lib/python3.12/site-packages/airflow/example_dags/example_task_group_decorator.py took 0.123 seconds
[2025-03-07T02:49:07.921+0000] {processor.py:186} INFO - Started process (PID=47360) to work on /home/Ashreem/airflow-env/lib/python3.12/site-packages/airflow/example_dags/example_task_group_decorator.py
[2025-03-07T02:49:07.923+0000] {processor.py:914} INFO - Processing file /home/Ashreem/airflow-env/lib/python3.12/site-packages/airflow/example_dags/example_task_group_decorator.py for tasks to queue
[2025-03-07T02:49:07.926+0000] {logging_mixin.py:190} INFO - [2025-03-07T02:49:07.926+0000] {dagbag.py:588} INFO - Filling up the DagBag from /home/Ashreem/airflow-env/lib/python3.12/site-packages/airflow/example_dags/example_task_group_decorator.py
[2025-03-07T02:49:07.952+0000] {processor.py:925} INFO - DAG(s) 'example_task_group_decorator' retrieved from /home/Ashreem/airflow-env/lib/python3.12/site-packages/airflow/example_dags/example_task_group_decorator.py
[2025-03-07T02:49:07.981+0000] {logging_mixin.py:190} INFO - [2025-03-07T02:49:07.980+0000] {dag.py:3239} INFO - Sync 1 DAGs
[2025-03-07T02:49:07.997+0000] {logging_mixin.py:190} INFO - [2025-03-07T02:49:07.997+0000] {dag.py:4180} INFO - Setting next_dagrun for example_task_group_decorator to None, run_after=None
[2025-03-07T02:49:08.038+0000] {processor.py:208} INFO - Processing /home/Ashreem/airflow-env/lib/python3.12/site-packages/airflow/example_dags/example_task_group_decorator.py took 0.130 seconds
[2025-03-07T02:50:16.845+0000] {processor.py:186} INFO - Started process (PID=47433) to work on /home/Ashreem/airflow-env/lib/python3.12/site-packages/airflow/example_dags/example_task_group_decorator.py
[2025-03-07T02:50:16.846+0000] {processor.py:914} INFO - Processing file /home/Ashreem/airflow-env/lib/python3.12/site-packages/airflow/example_dags/example_task_group_decorator.py for tasks to queue
[2025-03-07T02:50:16.849+0000] {logging_mixin.py:190} INFO - [2025-03-07T02:50:16.848+0000] {dagbag.py:588} INFO - Filling up the DagBag from /home/Ashreem/airflow-env/lib/python3.12/site-packages/airflow/example_dags/example_task_group_decorator.py
[2025-03-07T02:50:16.875+0000] {processor.py:925} INFO - DAG(s) 'example_task_group_decorator' retrieved from /home/Ashreem/airflow-env/lib/python3.12/site-packages/airflow/example_dags/example_task_group_decorator.py
[2025-03-07T02:50:16.902+0000] {logging_mixin.py:190} INFO - [2025-03-07T02:50:16.901+0000] {dag.py:3239} INFO - Sync 1 DAGs
[2025-03-07T02:50:16.917+0000] {logging_mixin.py:190} INFO - [2025-03-07T02:50:16.916+0000] {dag.py:4180} INFO - Setting next_dagrun for example_task_group_decorator to None, run_after=None
[2025-03-07T02:50:16.959+0000] {processor.py:208} INFO - Processing /home/Ashreem/airflow-env/lib/python3.12/site-packages/airflow/example_dags/example_task_group_decorator.py took 0.122 seconds
[2025-03-07T02:51:15.571+0000] {processor.py:186} INFO - Started process (PID=47498) to work on /home/Ashreem/airflow-env/lib/python3.12/site-packages/airflow/example_dags/example_task_group_decorator.py
[2025-03-07T02:51:15.572+0000] {processor.py:914} INFO - Processing file /home/Ashreem/airflow-env/lib/python3.12/site-packages/airflow/example_dags/example_task_group_decorator.py for tasks to queue
[2025-03-07T02:51:15.575+0000] {logging_mixin.py:190} INFO - [2025-03-07T02:51:15.575+0000] {dagbag.py:588} INFO - Filling up the DagBag from /home/Ashreem/airflow-env/lib/python3.12/site-packages/airflow/example_dags/example_task_group_decorator.py
[2025-03-07T02:51:15.597+0000] {processor.py:925} INFO - DAG(s) 'example_task_group_decorator' retrieved from /home/Ashreem/airflow-env/lib/python3.12/site-packages/airflow/example_dags/example_task_group_decorator.py
[2025-03-07T02:51:15.624+0000] {logging_mixin.py:190} INFO - [2025-03-07T02:51:15.623+0000] {dag.py:3239} INFO - Sync 1 DAGs
[2025-03-07T02:51:15.641+0000] {logging_mixin.py:190} INFO - [2025-03-07T02:51:15.640+0000] {dag.py:4180} INFO - Setting next_dagrun for example_task_group_decorator to None, run_after=None
[2025-03-07T02:51:15.683+0000] {processor.py:208} INFO - Processing /home/Ashreem/airflow-env/lib/python3.12/site-packages/airflow/example_dags/example_task_group_decorator.py took 0.120 seconds
[2025-03-07T02:52:20.886+0000] {processor.py:186} INFO - Started process (PID=47565) to work on /home/Ashreem/airflow-env/lib/python3.12/site-packages/airflow/example_dags/example_task_group_decorator.py
[2025-03-07T02:52:20.888+0000] {processor.py:914} INFO - Processing file /home/Ashreem/airflow-env/lib/python3.12/site-packages/airflow/example_dags/example_task_group_decorator.py for tasks to queue
[2025-03-07T02:52:20.891+0000] {logging_mixin.py:190} INFO - [2025-03-07T02:52:20.891+0000] {dagbag.py:588} INFO - Filling up the DagBag from /home/Ashreem/airflow-env/lib/python3.12/site-packages/airflow/example_dags/example_task_group_decorator.py
[2025-03-07T02:52:20.914+0000] {processor.py:925} INFO - DAG(s) 'example_task_group_decorator' retrieved from /home/Ashreem/airflow-env/lib/python3.12/site-packages/airflow/example_dags/example_task_group_decorator.py
[2025-03-07T02:52:20.945+0000] {logging_mixin.py:190} INFO - [2025-03-07T02:52:20.942+0000] {dag.py:3239} INFO - Sync 1 DAGs
[2025-03-07T02:52:20.963+0000] {logging_mixin.py:190} INFO - [2025-03-07T02:52:20.963+0000] {dag.py:4180} INFO - Setting next_dagrun for example_task_group_decorator to None, run_after=None
[2025-03-07T02:52:21.002+0000] {processor.py:208} INFO - Processing /home/Ashreem/airflow-env/lib/python3.12/site-packages/airflow/example_dags/example_task_group_decorator.py took 0.124 seconds
[2025-03-07T02:53:25.604+0000] {processor.py:186} INFO - Started process (PID=47628) to work on /home/Ashreem/airflow-env/lib/python3.12/site-packages/airflow/example_dags/example_task_group_decorator.py
[2025-03-07T02:53:25.606+0000] {processor.py:914} INFO - Processing file /home/Ashreem/airflow-env/lib/python3.12/site-packages/airflow/example_dags/example_task_group_decorator.py for tasks to queue
[2025-03-07T02:53:25.609+0000] {logging_mixin.py:190} INFO - [2025-03-07T02:53:25.608+0000] {dagbag.py:588} INFO - Filling up the DagBag from /home/Ashreem/airflow-env/lib/python3.12/site-packages/airflow/example_dags/example_task_group_decorator.py
[2025-03-07T02:53:25.630+0000] {processor.py:925} INFO - DAG(s) 'example_task_group_decorator' retrieved from /home/Ashreem/airflow-env/lib/python3.12/site-packages/airflow/example_dags/example_task_group_decorator.py
[2025-03-07T02:53:25.654+0000] {logging_mixin.py:190} INFO - [2025-03-07T02:53:25.654+0000] {dag.py:3239} INFO - Sync 1 DAGs
[2025-03-07T02:53:25.670+0000] {logging_mixin.py:190} INFO - [2025-03-07T02:53:25.670+0000] {dag.py:4180} INFO - Setting next_dagrun for example_task_group_decorator to None, run_after=None
[2025-03-07T02:53:25.710+0000] {processor.py:208} INFO - Processing /home/Ashreem/airflow-env/lib/python3.12/site-packages/airflow/example_dags/example_task_group_decorator.py took 0.113 seconds
[2025-03-07T02:54:28.079+0000] {processor.py:186} INFO - Started process (PID=47693) to work on /home/Ashreem/airflow-env/lib/python3.12/site-packages/airflow/example_dags/example_task_group_decorator.py
[2025-03-07T02:54:28.080+0000] {processor.py:914} INFO - Processing file /home/Ashreem/airflow-env/lib/python3.12/site-packages/airflow/example_dags/example_task_group_decorator.py for tasks to queue
[2025-03-07T02:54:28.084+0000] {logging_mixin.py:190} INFO - [2025-03-07T02:54:28.083+0000] {dagbag.py:588} INFO - Filling up the DagBag from /home/Ashreem/airflow-env/lib/python3.12/site-packages/airflow/example_dags/example_task_group_decorator.py
[2025-03-07T02:54:28.106+0000] {processor.py:925} INFO - DAG(s) 'example_task_group_decorator' retrieved from /home/Ashreem/airflow-env/lib/python3.12/site-packages/airflow/example_dags/example_task_group_decorator.py
[2025-03-07T02:54:28.134+0000] {logging_mixin.py:190} INFO - [2025-03-07T02:54:28.133+0000] {dag.py:3239} INFO - Sync 1 DAGs
[2025-03-07T02:54:28.152+0000] {logging_mixin.py:190} INFO - [2025-03-07T02:54:28.152+0000] {dag.py:4180} INFO - Setting next_dagrun for example_task_group_decorator to None, run_after=None
[2025-03-07T02:54:28.191+0000] {processor.py:208} INFO - Processing /home/Ashreem/airflow-env/lib/python3.12/site-packages/airflow/example_dags/example_task_group_decorator.py took 0.119 seconds
[2025-03-07T02:55:28.903+0000] {processor.py:186} INFO - Started process (PID=47824) to work on /home/Ashreem/airflow-env/lib/python3.12/site-packages/airflow/example_dags/example_task_group_decorator.py
[2025-03-07T02:55:28.906+0000] {processor.py:914} INFO - Processing file /home/Ashreem/airflow-env/lib/python3.12/site-packages/airflow/example_dags/example_task_group_decorator.py for tasks to queue
[2025-03-07T02:55:28.908+0000] {logging_mixin.py:190} INFO - [2025-03-07T02:55:28.908+0000] {dagbag.py:588} INFO - Filling up the DagBag from /home/Ashreem/airflow-env/lib/python3.12/site-packages/airflow/example_dags/example_task_group_decorator.py
[2025-03-07T02:55:28.931+0000] {processor.py:925} INFO - DAG(s) 'example_task_group_decorator' retrieved from /home/Ashreem/airflow-env/lib/python3.12/site-packages/airflow/example_dags/example_task_group_decorator.py
[2025-03-07T02:55:28.957+0000] {logging_mixin.py:190} INFO - [2025-03-07T02:55:28.957+0000] {dag.py:3239} INFO - Sync 1 DAGs
[2025-03-07T02:55:28.973+0000] {logging_mixin.py:190} INFO - [2025-03-07T02:55:28.973+0000] {dag.py:4180} INFO - Setting next_dagrun for example_task_group_decorator to None, run_after=None
[2025-03-07T02:55:29.012+0000] {processor.py:208} INFO - Processing /home/Ashreem/airflow-env/lib/python3.12/site-packages/airflow/example_dags/example_task_group_decorator.py took 0.116 seconds
[2025-03-07T02:56:29.508+0000] {processor.py:186} INFO - Started process (PID=47928) to work on /home/Ashreem/airflow-env/lib/python3.12/site-packages/airflow/example_dags/example_task_group_decorator.py
[2025-03-07T02:56:29.509+0000] {processor.py:914} INFO - Processing file /home/Ashreem/airflow-env/lib/python3.12/site-packages/airflow/example_dags/example_task_group_decorator.py for tasks to queue
[2025-03-07T02:56:29.512+0000] {logging_mixin.py:190} INFO - [2025-03-07T02:56:29.511+0000] {dagbag.py:588} INFO - Filling up the DagBag from /home/Ashreem/airflow-env/lib/python3.12/site-packages/airflow/example_dags/example_task_group_decorator.py
[2025-03-07T02:56:29.531+0000] {processor.py:925} INFO - DAG(s) 'example_task_group_decorator' retrieved from /home/Ashreem/airflow-env/lib/python3.12/site-packages/airflow/example_dags/example_task_group_decorator.py
[2025-03-07T02:56:29.565+0000] {logging_mixin.py:190} INFO - [2025-03-07T02:56:29.565+0000] {dag.py:3239} INFO - Sync 1 DAGs
[2025-03-07T02:56:29.584+0000] {logging_mixin.py:190} INFO - [2025-03-07T02:56:29.584+0000] {dag.py:4180} INFO - Setting next_dagrun for example_task_group_decorator to None, run_after=None
[2025-03-07T02:56:29.620+0000] {processor.py:208} INFO - Processing /home/Ashreem/airflow-env/lib/python3.12/site-packages/airflow/example_dags/example_task_group_decorator.py took 0.120 seconds
[2025-03-07T02:56:34.849+0000] {processor.py:186} INFO - Started process (PID=47937) to work on /home/Ashreem/airflow-env/lib/python3.12/site-packages/airflow/example_dags/example_task_group_decorator.py
[2025-03-07T02:56:34.850+0000] {processor.py:914} INFO - Processing file /home/Ashreem/airflow-env/lib/python3.12/site-packages/airflow/example_dags/example_task_group_decorator.py for tasks to queue
[2025-03-07T02:56:34.853+0000] {logging_mixin.py:190} INFO - [2025-03-07T02:56:34.851+0000] {dagbag.py:588} INFO - Filling up the DagBag from /home/Ashreem/airflow-env/lib/python3.12/site-packages/airflow/example_dags/example_task_group_decorator.py
[2025-03-07T02:56:34.876+0000] {processor.py:925} INFO - DAG(s) 'example_task_group_decorator' retrieved from /home/Ashreem/airflow-env/lib/python3.12/site-packages/airflow/example_dags/example_task_group_decorator.py
[2025-03-07T02:56:34.905+0000] {logging_mixin.py:190} INFO - [2025-03-07T02:56:34.905+0000] {dag.py:3239} INFO - Sync 1 DAGs
[2025-03-07T02:56:34.922+0000] {logging_mixin.py:190} INFO - [2025-03-07T02:56:34.922+0000] {dag.py:4180} INFO - Setting next_dagrun for example_task_group_decorator to None, run_after=None
[2025-03-07T02:56:34.957+0000] {processor.py:208} INFO - Processing /home/Ashreem/airflow-env/lib/python3.12/site-packages/airflow/example_dags/example_task_group_decorator.py took 0.115 seconds
[2025-03-07T02:57:39.289+0000] {processor.py:186} INFO - Started process (PID=48043) to work on /home/Ashreem/airflow-env/lib/python3.12/site-packages/airflow/example_dags/example_task_group_decorator.py
[2025-03-07T02:57:39.291+0000] {processor.py:914} INFO - Processing file /home/Ashreem/airflow-env/lib/python3.12/site-packages/airflow/example_dags/example_task_group_decorator.py for tasks to queue
[2025-03-07T02:57:39.293+0000] {logging_mixin.py:190} INFO - [2025-03-07T02:57:39.293+0000] {dagbag.py:588} INFO - Filling up the DagBag from /home/Ashreem/airflow-env/lib/python3.12/site-packages/airflow/example_dags/example_task_group_decorator.py
[2025-03-07T02:57:39.315+0000] {processor.py:925} INFO - DAG(s) 'example_task_group_decorator' retrieved from /home/Ashreem/airflow-env/lib/python3.12/site-packages/airflow/example_dags/example_task_group_decorator.py
[2025-03-07T02:57:39.346+0000] {logging_mixin.py:190} INFO - [2025-03-07T02:57:39.345+0000] {dag.py:3239} INFO - Sync 1 DAGs
[2025-03-07T02:57:39.362+0000] {logging_mixin.py:190} INFO - [2025-03-07T02:57:39.362+0000] {dag.py:4180} INFO - Setting next_dagrun for example_task_group_decorator to None, run_after=None
[2025-03-07T02:57:39.400+0000] {processor.py:208} INFO - Processing /home/Ashreem/airflow-env/lib/python3.12/site-packages/airflow/example_dags/example_task_group_decorator.py took 0.118 seconds
[2025-03-07T02:58:43.895+0000] {processor.py:186} INFO - Started process (PID=48118) to work on /home/Ashreem/airflow-env/lib/python3.12/site-packages/airflow/example_dags/example_task_group_decorator.py
[2025-03-07T02:58:43.897+0000] {processor.py:914} INFO - Processing file /home/Ashreem/airflow-env/lib/python3.12/site-packages/airflow/example_dags/example_task_group_decorator.py for tasks to queue
[2025-03-07T02:58:43.901+0000] {logging_mixin.py:190} INFO - [2025-03-07T02:58:43.900+0000] {dagbag.py:588} INFO - Filling up the DagBag from /home/Ashreem/airflow-env/lib/python3.12/site-packages/airflow/example_dags/example_task_group_decorator.py
[2025-03-07T02:58:43.924+0000] {processor.py:925} INFO - DAG(s) 'example_task_group_decorator' retrieved from /home/Ashreem/airflow-env/lib/python3.12/site-packages/airflow/example_dags/example_task_group_decorator.py
[2025-03-07T02:58:43.953+0000] {logging_mixin.py:190} INFO - [2025-03-07T02:58:43.952+0000] {dag.py:3239} INFO - Sync 1 DAGs
[2025-03-07T02:58:43.970+0000] {logging_mixin.py:190} INFO - [2025-03-07T02:58:43.969+0000] {dag.py:4180} INFO - Setting next_dagrun for example_task_group_decorator to None, run_after=None
[2025-03-07T02:58:44.010+0000] {processor.py:208} INFO - Processing /home/Ashreem/airflow-env/lib/python3.12/site-packages/airflow/example_dags/example_task_group_decorator.py took 0.127 seconds
[2025-03-07T02:59:50.362+0000] {processor.py:186} INFO - Started process (PID=48231) to work on /home/Ashreem/airflow-env/lib/python3.12/site-packages/airflow/example_dags/example_task_group_decorator.py
[2025-03-07T02:59:50.364+0000] {processor.py:914} INFO - Processing file /home/Ashreem/airflow-env/lib/python3.12/site-packages/airflow/example_dags/example_task_group_decorator.py for tasks to queue
[2025-03-07T02:59:50.367+0000] {logging_mixin.py:190} INFO - [2025-03-07T02:59:50.366+0000] {dagbag.py:588} INFO - Filling up the DagBag from /home/Ashreem/airflow-env/lib/python3.12/site-packages/airflow/example_dags/example_task_group_decorator.py
[2025-03-07T02:59:50.388+0000] {processor.py:925} INFO - DAG(s) 'example_task_group_decorator' retrieved from /home/Ashreem/airflow-env/lib/python3.12/site-packages/airflow/example_dags/example_task_group_decorator.py
[2025-03-07T02:59:50.421+0000] {logging_mixin.py:190} INFO - [2025-03-07T02:59:50.421+0000] {dag.py:3239} INFO - Sync 1 DAGs
[2025-03-07T02:59:50.437+0000] {logging_mixin.py:190} INFO - [2025-03-07T02:59:50.437+0000] {dag.py:4180} INFO - Setting next_dagrun for example_task_group_decorator to None, run_after=None
[2025-03-07T02:59:50.476+0000] {processor.py:208} INFO - Processing /home/Ashreem/airflow-env/lib/python3.12/site-packages/airflow/example_dags/example_task_group_decorator.py took 0.122 seconds
[2025-03-07T03:00:57.221+0000] {processor.py:186} INFO - Started process (PID=48345) to work on /home/Ashreem/airflow-env/lib/python3.12/site-packages/airflow/example_dags/example_task_group_decorator.py
[2025-03-07T03:00:57.223+0000] {processor.py:914} INFO - Processing file /home/Ashreem/airflow-env/lib/python3.12/site-packages/airflow/example_dags/example_task_group_decorator.py for tasks to queue
[2025-03-07T03:00:57.225+0000] {logging_mixin.py:190} INFO - [2025-03-07T03:00:57.225+0000] {dagbag.py:588} INFO - Filling up the DagBag from /home/Ashreem/airflow-env/lib/python3.12/site-packages/airflow/example_dags/example_task_group_decorator.py
[2025-03-07T03:00:57.246+0000] {processor.py:925} INFO - DAG(s) 'example_task_group_decorator' retrieved from /home/Ashreem/airflow-env/lib/python3.12/site-packages/airflow/example_dags/example_task_group_decorator.py
[2025-03-07T03:00:57.276+0000] {logging_mixin.py:190} INFO - [2025-03-07T03:00:57.275+0000] {dag.py:3239} INFO - Sync 1 DAGs
[2025-03-07T03:00:57.292+0000] {logging_mixin.py:190} INFO - [2025-03-07T03:00:57.291+0000] {dag.py:4180} INFO - Setting next_dagrun for example_task_group_decorator to None, run_after=None
[2025-03-07T03:00:57.327+0000] {processor.py:208} INFO - Processing /home/Ashreem/airflow-env/lib/python3.12/site-packages/airflow/example_dags/example_task_group_decorator.py took 0.113 seconds
[2025-03-07T03:01:58.227+0000] {processor.py:186} INFO - Started process (PID=48410) to work on /home/Ashreem/airflow-env/lib/python3.12/site-packages/airflow/example_dags/example_task_group_decorator.py
[2025-03-07T03:01:58.229+0000] {processor.py:914} INFO - Processing file /home/Ashreem/airflow-env/lib/python3.12/site-packages/airflow/example_dags/example_task_group_decorator.py for tasks to queue
[2025-03-07T03:01:58.232+0000] {logging_mixin.py:190} INFO - [2025-03-07T03:01:58.232+0000] {dagbag.py:588} INFO - Filling up the DagBag from /home/Ashreem/airflow-env/lib/python3.12/site-packages/airflow/example_dags/example_task_group_decorator.py
[2025-03-07T03:01:58.255+0000] {processor.py:925} INFO - DAG(s) 'example_task_group_decorator' retrieved from /home/Ashreem/airflow-env/lib/python3.12/site-packages/airflow/example_dags/example_task_group_decorator.py
[2025-03-07T03:01:58.281+0000] {logging_mixin.py:190} INFO - [2025-03-07T03:01:58.281+0000] {dag.py:3239} INFO - Sync 1 DAGs
[2025-03-07T03:01:58.296+0000] {logging_mixin.py:190} INFO - [2025-03-07T03:01:58.296+0000] {dag.py:4180} INFO - Setting next_dagrun for example_task_group_decorator to None, run_after=None
[2025-03-07T03:01:58.332+0000] {processor.py:208} INFO - Processing /home/Ashreem/airflow-env/lib/python3.12/site-packages/airflow/example_dags/example_task_group_decorator.py took 0.112 seconds
[2025-03-07T03:02:58.858+0000] {processor.py:186} INFO - Started process (PID=48541) to work on /home/Ashreem/airflow-env/lib/python3.12/site-packages/airflow/example_dags/example_task_group_decorator.py
[2025-03-07T03:02:58.860+0000] {processor.py:914} INFO - Processing file /home/Ashreem/airflow-env/lib/python3.12/site-packages/airflow/example_dags/example_task_group_decorator.py for tasks to queue
[2025-03-07T03:02:58.864+0000] {logging_mixin.py:190} INFO - [2025-03-07T03:02:58.863+0000] {dagbag.py:588} INFO - Filling up the DagBag from /home/Ashreem/airflow-env/lib/python3.12/site-packages/airflow/example_dags/example_task_group_decorator.py
[2025-03-07T03:02:58.886+0000] {processor.py:925} INFO - DAG(s) 'example_task_group_decorator' retrieved from /home/Ashreem/airflow-env/lib/python3.12/site-packages/airflow/example_dags/example_task_group_decorator.py
[2025-03-07T03:02:58.913+0000] {logging_mixin.py:190} INFO - [2025-03-07T03:02:58.913+0000] {dag.py:3239} INFO - Sync 1 DAGs
[2025-03-07T03:02:58.929+0000] {logging_mixin.py:190} INFO - [2025-03-07T03:02:58.929+0000] {dag.py:4180} INFO - Setting next_dagrun for example_task_group_decorator to None, run_after=None
[2025-03-07T03:02:58.969+0000] {processor.py:208} INFO - Processing /home/Ashreem/airflow-env/lib/python3.12/site-packages/airflow/example_dags/example_task_group_decorator.py took 0.120 seconds
[2025-03-07T03:03:44.603+0000] {processor.py:186} INFO - Started process (PID=48614) to work on /home/Ashreem/airflow-env/lib/python3.12/site-packages/airflow/example_dags/example_task_group_decorator.py
[2025-03-07T03:03:44.605+0000] {processor.py:914} INFO - Processing file /home/Ashreem/airflow-env/lib/python3.12/site-packages/airflow/example_dags/example_task_group_decorator.py for tasks to queue
[2025-03-07T03:03:44.608+0000] {logging_mixin.py:190} INFO - [2025-03-07T03:03:44.607+0000] {dagbag.py:588} INFO - Filling up the DagBag from /home/Ashreem/airflow-env/lib/python3.12/site-packages/airflow/example_dags/example_task_group_decorator.py
[2025-03-07T03:03:44.629+0000] {processor.py:925} INFO - DAG(s) 'example_task_group_decorator' retrieved from /home/Ashreem/airflow-env/lib/python3.12/site-packages/airflow/example_dags/example_task_group_decorator.py
[2025-03-07T03:03:44.666+0000] {logging_mixin.py:190} INFO - [2025-03-07T03:03:44.666+0000] {dag.py:3239} INFO - Sync 1 DAGs
[2025-03-07T03:03:44.685+0000] {logging_mixin.py:190} INFO - [2025-03-07T03:03:44.684+0000] {dag.py:4180} INFO - Setting next_dagrun for example_task_group_decorator to None, run_after=None
[2025-03-07T03:03:44.723+0000] {processor.py:208} INFO - Processing /home/Ashreem/airflow-env/lib/python3.12/site-packages/airflow/example_dags/example_task_group_decorator.py took 0.127 seconds
[2025-03-07T03:04:46.894+0000] {processor.py:186} INFO - Started process (PID=48682) to work on /home/Ashreem/airflow-env/lib/python3.12/site-packages/airflow/example_dags/example_task_group_decorator.py
[2025-03-07T03:04:46.895+0000] {processor.py:914} INFO - Processing file /home/Ashreem/airflow-env/lib/python3.12/site-packages/airflow/example_dags/example_task_group_decorator.py for tasks to queue
[2025-03-07T03:04:46.898+0000] {logging_mixin.py:190} INFO - [2025-03-07T03:04:46.897+0000] {dagbag.py:588} INFO - Filling up the DagBag from /home/Ashreem/airflow-env/lib/python3.12/site-packages/airflow/example_dags/example_task_group_decorator.py
[2025-03-07T03:04:46.921+0000] {processor.py:925} INFO - DAG(s) 'example_task_group_decorator' retrieved from /home/Ashreem/airflow-env/lib/python3.12/site-packages/airflow/example_dags/example_task_group_decorator.py
[2025-03-07T03:04:46.946+0000] {logging_mixin.py:190} INFO - [2025-03-07T03:04:46.945+0000] {dag.py:3239} INFO - Sync 1 DAGs
[2025-03-07T03:04:46.961+0000] {logging_mixin.py:190} INFO - [2025-03-07T03:04:46.961+0000] {dag.py:4180} INFO - Setting next_dagrun for example_task_group_decorator to None, run_after=None
[2025-03-07T03:04:46.998+0000] {processor.py:208} INFO - Processing /home/Ashreem/airflow-env/lib/python3.12/site-packages/airflow/example_dags/example_task_group_decorator.py took 0.112 seconds
[2025-03-07T03:05:47.465+0000] {processor.py:186} INFO - Started process (PID=48931) to work on /home/Ashreem/airflow-env/lib/python3.12/site-packages/airflow/example_dags/example_task_group_decorator.py
[2025-03-07T03:05:47.467+0000] {processor.py:914} INFO - Processing file /home/Ashreem/airflow-env/lib/python3.12/site-packages/airflow/example_dags/example_task_group_decorator.py for tasks to queue
[2025-03-07T03:05:47.470+0000] {logging_mixin.py:190} INFO - [2025-03-07T03:05:47.470+0000] {dagbag.py:588} INFO - Filling up the DagBag from /home/Ashreem/airflow-env/lib/python3.12/site-packages/airflow/example_dags/example_task_group_decorator.py
[2025-03-07T03:05:47.493+0000] {processor.py:925} INFO - DAG(s) 'example_task_group_decorator' retrieved from /home/Ashreem/airflow-env/lib/python3.12/site-packages/airflow/example_dags/example_task_group_decorator.py
[2025-03-07T03:05:47.523+0000] {logging_mixin.py:190} INFO - [2025-03-07T03:05:47.523+0000] {dag.py:3239} INFO - Sync 1 DAGs
[2025-03-07T03:05:47.540+0000] {logging_mixin.py:190} INFO - [2025-03-07T03:05:47.540+0000] {dag.py:4180} INFO - Setting next_dagrun for example_task_group_decorator to None, run_after=None
[2025-03-07T03:05:47.581+0000] {processor.py:208} INFO - Processing /home/Ashreem/airflow-env/lib/python3.12/site-packages/airflow/example_dags/example_task_group_decorator.py took 0.124 seconds
[2025-03-07T03:06:54.555+0000] {processor.py:186} INFO - Started process (PID=49001) to work on /home/Ashreem/airflow-env/lib/python3.12/site-packages/airflow/example_dags/example_task_group_decorator.py
[2025-03-07T03:06:54.557+0000] {processor.py:914} INFO - Processing file /home/Ashreem/airflow-env/lib/python3.12/site-packages/airflow/example_dags/example_task_group_decorator.py for tasks to queue
[2025-03-07T03:06:54.560+0000] {logging_mixin.py:190} INFO - [2025-03-07T03:06:54.559+0000] {dagbag.py:588} INFO - Filling up the DagBag from /home/Ashreem/airflow-env/lib/python3.12/site-packages/airflow/example_dags/example_task_group_decorator.py
[2025-03-07T03:06:54.584+0000] {processor.py:925} INFO - DAG(s) 'example_task_group_decorator' retrieved from /home/Ashreem/airflow-env/lib/python3.12/site-packages/airflow/example_dags/example_task_group_decorator.py
[2025-03-07T03:06:54.611+0000] {logging_mixin.py:190} INFO - [2025-03-07T03:06:54.610+0000] {dag.py:3239} INFO - Sync 1 DAGs
[2025-03-07T03:06:54.627+0000] {logging_mixin.py:190} INFO - [2025-03-07T03:06:54.626+0000] {dag.py:4180} INFO - Setting next_dagrun for example_task_group_decorator to None, run_after=None
[2025-03-07T03:06:54.662+0000] {processor.py:208} INFO - Processing /home/Ashreem/airflow-env/lib/python3.12/site-packages/airflow/example_dags/example_task_group_decorator.py took 0.115 seconds
[2025-03-07T03:08:00.396+0000] {processor.py:186} INFO - Started process (PID=49082) to work on /home/Ashreem/airflow-env/lib/python3.12/site-packages/airflow/example_dags/example_task_group_decorator.py
[2025-03-07T03:08:00.398+0000] {processor.py:914} INFO - Processing file /home/Ashreem/airflow-env/lib/python3.12/site-packages/airflow/example_dags/example_task_group_decorator.py for tasks to queue
[2025-03-07T03:08:00.401+0000] {logging_mixin.py:190} INFO - [2025-03-07T03:08:00.400+0000] {dagbag.py:588} INFO - Filling up the DagBag from /home/Ashreem/airflow-env/lib/python3.12/site-packages/airflow/example_dags/example_task_group_decorator.py
[2025-03-07T03:08:00.426+0000] {processor.py:925} INFO - DAG(s) 'example_task_group_decorator' retrieved from /home/Ashreem/airflow-env/lib/python3.12/site-packages/airflow/example_dags/example_task_group_decorator.py
[2025-03-07T03:08:00.462+0000] {logging_mixin.py:190} INFO - [2025-03-07T03:08:00.462+0000] {dag.py:3239} INFO - Sync 1 DAGs
[2025-03-07T03:08:00.482+0000] {logging_mixin.py:190} INFO - [2025-03-07T03:08:00.482+0000] {dag.py:4180} INFO - Setting next_dagrun for example_task_group_decorator to None, run_after=None
[2025-03-07T03:08:00.524+0000] {processor.py:208} INFO - Processing /home/Ashreem/airflow-env/lib/python3.12/site-packages/airflow/example_dags/example_task_group_decorator.py took 0.138 seconds
[2025-03-07T03:09:02.670+0000] {processor.py:186} INFO - Started process (PID=49154) to work on /home/Ashreem/airflow-env/lib/python3.12/site-packages/airflow/example_dags/example_task_group_decorator.py
[2025-03-07T03:09:02.672+0000] {processor.py:914} INFO - Processing file /home/Ashreem/airflow-env/lib/python3.12/site-packages/airflow/example_dags/example_task_group_decorator.py for tasks to queue
[2025-03-07T03:09:02.675+0000] {logging_mixin.py:190} INFO - [2025-03-07T03:09:02.675+0000] {dagbag.py:588} INFO - Filling up the DagBag from /home/Ashreem/airflow-env/lib/python3.12/site-packages/airflow/example_dags/example_task_group_decorator.py
[2025-03-07T03:09:02.697+0000] {processor.py:925} INFO - DAG(s) 'example_task_group_decorator' retrieved from /home/Ashreem/airflow-env/lib/python3.12/site-packages/airflow/example_dags/example_task_group_decorator.py
[2025-03-07T03:09:02.722+0000] {logging_mixin.py:190} INFO - [2025-03-07T03:09:02.722+0000] {dag.py:3239} INFO - Sync 1 DAGs
[2025-03-07T03:09:02.738+0000] {logging_mixin.py:190} INFO - [2025-03-07T03:09:02.738+0000] {dag.py:4180} INFO - Setting next_dagrun for example_task_group_decorator to None, run_after=None
[2025-03-07T03:09:02.779+0000] {processor.py:208} INFO - Processing /home/Ashreem/airflow-env/lib/python3.12/site-packages/airflow/example_dags/example_task_group_decorator.py took 0.117 seconds
[2025-03-07T03:10:03.239+0000] {processor.py:186} INFO - Started process (PID=49216) to work on /home/Ashreem/airflow-env/lib/python3.12/site-packages/airflow/example_dags/example_task_group_decorator.py
[2025-03-07T03:10:03.241+0000] {processor.py:914} INFO - Processing file /home/Ashreem/airflow-env/lib/python3.12/site-packages/airflow/example_dags/example_task_group_decorator.py for tasks to queue
[2025-03-07T03:10:03.244+0000] {logging_mixin.py:190} INFO - [2025-03-07T03:10:03.244+0000] {dagbag.py:588} INFO - Filling up the DagBag from /home/Ashreem/airflow-env/lib/python3.12/site-packages/airflow/example_dags/example_task_group_decorator.py
[2025-03-07T03:10:03.266+0000] {processor.py:925} INFO - DAG(s) 'example_task_group_decorator' retrieved from /home/Ashreem/airflow-env/lib/python3.12/site-packages/airflow/example_dags/example_task_group_decorator.py
[2025-03-07T03:10:03.295+0000] {logging_mixin.py:190} INFO - [2025-03-07T03:10:03.295+0000] {dag.py:3239} INFO - Sync 1 DAGs
[2025-03-07T03:10:03.312+0000] {logging_mixin.py:190} INFO - [2025-03-07T03:10:03.312+0000] {dag.py:4180} INFO - Setting next_dagrun for example_task_group_decorator to None, run_after=None
[2025-03-07T03:10:03.364+0000] {processor.py:208} INFO - Processing /home/Ashreem/airflow-env/lib/python3.12/site-packages/airflow/example_dags/example_task_group_decorator.py took 0.132 seconds
