[2025-03-07T02:31:05.579+0000] {processor.py:186} INFO - Started process (PID=46009) to work on /home/Ashreem/airflow-env/lib/python3.12/site-packages/airflow/example_dags/example_complex.py
[2025-03-07T02:31:05.581+0000] {processor.py:914} INFO - Processing file /home/Ashreem/airflow-env/lib/python3.12/site-packages/airflow/example_dags/example_complex.py for tasks to queue
[2025-03-07T02:31:05.583+0000] {logging_mixin.py:190} INFO - [2025-03-07T02:31:05.583+0000] {dagbag.py:588} INFO - Filling up the DagBag from /home/Ashreem/airflow-env/lib/python3.12/site-packages/airflow/example_dags/example_complex.py
[2025-03-07T02:31:05.600+0000] {processor.py:925} INFO - DAG(s) 'example_complex' retrieved from /home/Ashreem/airflow-env/lib/python3.12/site-packages/airflow/example_dags/example_complex.py
[2025-03-07T02:31:05.781+0000] {logging_mixin.py:190} INFO - [2025-03-07T02:31:05.780+0000] {override.py:1930} INFO - Created Permission View: can read on DAG:example_complex
[2025-03-07T02:31:05.806+0000] {logging_mixin.py:190} INFO - [2025-03-07T02:31:05.805+0000] {override.py:1930} INFO - Created Permission View: can delete on DAG:example_complex
[2025-03-07T02:31:05.831+0000] {logging_mixin.py:190} INFO - [2025-03-07T02:31:05.831+0000] {override.py:1930} INFO - Created Permission View: can edit on DAG:example_complex
[2025-03-07T02:31:05.868+0000] {logging_mixin.py:190} INFO - [2025-03-07T02:31:05.867+0000] {override.py:1930} INFO - Created Permission View: can read on DAG Run:example_complex
[2025-03-07T02:31:05.889+0000] {logging_mixin.py:190} INFO - [2025-03-07T02:31:05.888+0000] {override.py:1930} INFO - Created Permission View: can delete on DAG Run:example_complex
[2025-03-07T02:31:05.912+0000] {logging_mixin.py:190} INFO - [2025-03-07T02:31:05.911+0000] {override.py:1930} INFO - Created Permission View: menu access on DAG Run:example_complex
[2025-03-07T02:31:05.933+0000] {logging_mixin.py:190} INFO - [2025-03-07T02:31:05.933+0000] {override.py:1930} INFO - Created Permission View: can create on DAG Run:example_complex
[2025-03-07T02:31:05.934+0000] {logging_mixin.py:190} INFO - [2025-03-07T02:31:05.934+0000] {dag.py:3239} INFO - Sync 1 DAGs
[2025-03-07T02:31:05.951+0000] {logging_mixin.py:190} INFO - [2025-03-07T02:31:05.951+0000] {dag.py:3262} INFO - Creating ORM DAG for example_complex
[2025-03-07T02:31:05.952+0000] {logging_mixin.py:190} INFO - [2025-03-07T02:31:05.952+0000] {dag.py:4180} INFO - Setting next_dagrun for example_complex to None, run_after=None
[2025-03-07T02:31:05.996+0000] {processor.py:208} INFO - Processing /home/Ashreem/airflow-env/lib/python3.12/site-packages/airflow/example_dags/example_complex.py took 0.424 seconds
[2025-03-07T02:33:34.955+0000] {processor.py:186} INFO - Started process (PID=46114) to work on /home/Ashreem/airflow-env/lib/python3.12/site-packages/airflow/example_dags/example_complex.py
[2025-03-07T02:33:34.956+0000] {processor.py:914} INFO - Processing file /home/Ashreem/airflow-env/lib/python3.12/site-packages/airflow/example_dags/example_complex.py for tasks to queue
[2025-03-07T02:33:34.959+0000] {logging_mixin.py:190} INFO - [2025-03-07T02:33:34.958+0000] {dagbag.py:588} INFO - Filling up the DagBag from /home/Ashreem/airflow-env/lib/python3.12/site-packages/airflow/example_dags/example_complex.py
[2025-03-07T02:33:34.979+0000] {processor.py:925} INFO - DAG(s) 'example_complex' retrieved from /home/Ashreem/airflow-env/lib/python3.12/site-packages/airflow/example_dags/example_complex.py
[2025-03-07T02:33:35.017+0000] {logging_mixin.py:190} INFO - [2025-03-07T02:33:35.017+0000] {dag.py:3239} INFO - Sync 1 DAGs
[2025-03-07T02:33:35.035+0000] {logging_mixin.py:190} INFO - [2025-03-07T02:33:35.035+0000] {dag.py:4180} INFO - Setting next_dagrun for example_complex to None, run_after=None
[2025-03-07T02:33:35.078+0000] {processor.py:208} INFO - Processing /home/Ashreem/airflow-env/lib/python3.12/site-packages/airflow/example_dags/example_complex.py took 0.132 seconds
[2025-03-07T02:34:48.095+0000] {processor.py:186} INFO - Started process (PID=46451) to work on /home/Ashreem/airflow-env/lib/python3.12/site-packages/airflow/example_dags/example_complex.py
[2025-03-07T02:34:48.097+0000] {processor.py:914} INFO - Processing file /home/Ashreem/airflow-env/lib/python3.12/site-packages/airflow/example_dags/example_complex.py for tasks to queue
[2025-03-07T02:34:48.099+0000] {logging_mixin.py:190} INFO - [2025-03-07T02:34:48.099+0000] {dagbag.py:588} INFO - Filling up the DagBag from /home/Ashreem/airflow-env/lib/python3.12/site-packages/airflow/example_dags/example_complex.py
[2025-03-07T02:34:48.115+0000] {processor.py:925} INFO - DAG(s) 'example_complex' retrieved from /home/Ashreem/airflow-env/lib/python3.12/site-packages/airflow/example_dags/example_complex.py
[2025-03-07T02:34:48.150+0000] {logging_mixin.py:190} INFO - [2025-03-07T02:34:48.150+0000] {dag.py:3239} INFO - Sync 1 DAGs
[2025-03-07T02:34:48.167+0000] {logging_mixin.py:190} INFO - [2025-03-07T02:34:48.167+0000] {dag.py:4180} INFO - Setting next_dagrun for example_complex to None, run_after=None
[2025-03-07T02:34:48.207+0000] {processor.py:208} INFO - Processing /home/Ashreem/airflow-env/lib/python3.12/site-packages/airflow/example_dags/example_complex.py took 0.123 seconds
[2025-03-07T02:35:51.937+0000] {processor.py:186} INFO - Started process (PID=46517) to work on /home/Ashreem/airflow-env/lib/python3.12/site-packages/airflow/example_dags/example_complex.py
[2025-03-07T02:35:51.939+0000] {processor.py:914} INFO - Processing file /home/Ashreem/airflow-env/lib/python3.12/site-packages/airflow/example_dags/example_complex.py for tasks to queue
[2025-03-07T02:35:51.941+0000] {logging_mixin.py:190} INFO - [2025-03-07T02:35:51.941+0000] {dagbag.py:588} INFO - Filling up the DagBag from /home/Ashreem/airflow-env/lib/python3.12/site-packages/airflow/example_dags/example_complex.py
[2025-03-07T02:35:51.958+0000] {processor.py:925} INFO - DAG(s) 'example_complex' retrieved from /home/Ashreem/airflow-env/lib/python3.12/site-packages/airflow/example_dags/example_complex.py
[2025-03-07T02:35:51.992+0000] {logging_mixin.py:190} INFO - [2025-03-07T02:35:51.992+0000] {dag.py:3239} INFO - Sync 1 DAGs
[2025-03-07T02:35:52.009+0000] {logging_mixin.py:190} INFO - [2025-03-07T02:35:52.008+0000] {dag.py:4180} INFO - Setting next_dagrun for example_complex to None, run_after=None
[2025-03-07T02:35:52.047+0000] {processor.py:208} INFO - Processing /home/Ashreem/airflow-env/lib/python3.12/site-packages/airflow/example_dags/example_complex.py took 0.118 seconds
[2025-03-07T02:37:01.187+0000] {processor.py:186} INFO - Started process (PID=46587) to work on /home/Ashreem/airflow-env/lib/python3.12/site-packages/airflow/example_dags/example_complex.py
[2025-03-07T02:37:01.189+0000] {processor.py:914} INFO - Processing file /home/Ashreem/airflow-env/lib/python3.12/site-packages/airflow/example_dags/example_complex.py for tasks to queue
[2025-03-07T02:37:01.192+0000] {logging_mixin.py:190} INFO - [2025-03-07T02:37:01.191+0000] {dagbag.py:588} INFO - Filling up the DagBag from /home/Ashreem/airflow-env/lib/python3.12/site-packages/airflow/example_dags/example_complex.py
[2025-03-07T02:37:01.208+0000] {processor.py:925} INFO - DAG(s) 'example_complex' retrieved from /home/Ashreem/airflow-env/lib/python3.12/site-packages/airflow/example_dags/example_complex.py
[2025-03-07T02:37:01.246+0000] {logging_mixin.py:190} INFO - [2025-03-07T02:37:01.245+0000] {dag.py:3239} INFO - Sync 1 DAGs
[2025-03-07T02:37:01.263+0000] {logging_mixin.py:190} INFO - [2025-03-07T02:37:01.263+0000] {dag.py:4180} INFO - Setting next_dagrun for example_complex to None, run_after=None
[2025-03-07T02:37:01.303+0000] {processor.py:208} INFO - Processing /home/Ashreem/airflow-env/lib/python3.12/site-packages/airflow/example_dags/example_complex.py took 0.124 seconds
[2025-03-07T02:38:03.091+0000] {processor.py:186} INFO - Started process (PID=46647) to work on /home/Ashreem/airflow-env/lib/python3.12/site-packages/airflow/example_dags/example_complex.py
[2025-03-07T02:38:03.093+0000] {processor.py:914} INFO - Processing file /home/Ashreem/airflow-env/lib/python3.12/site-packages/airflow/example_dags/example_complex.py for tasks to queue
[2025-03-07T02:38:03.096+0000] {logging_mixin.py:190} INFO - [2025-03-07T02:38:03.096+0000] {dagbag.py:588} INFO - Filling up the DagBag from /home/Ashreem/airflow-env/lib/python3.12/site-packages/airflow/example_dags/example_complex.py
[2025-03-07T02:38:03.116+0000] {processor.py:925} INFO - DAG(s) 'example_complex' retrieved from /home/Ashreem/airflow-env/lib/python3.12/site-packages/airflow/example_dags/example_complex.py
[2025-03-07T02:38:03.156+0000] {logging_mixin.py:190} INFO - [2025-03-07T02:38:03.156+0000] {dag.py:3239} INFO - Sync 1 DAGs
[2025-03-07T02:38:03.173+0000] {logging_mixin.py:190} INFO - [2025-03-07T02:38:03.173+0000] {dag.py:4180} INFO - Setting next_dagrun for example_complex to None, run_after=None
[2025-03-07T02:38:03.216+0000] {processor.py:208} INFO - Processing /home/Ashreem/airflow-env/lib/python3.12/site-packages/airflow/example_dags/example_complex.py took 0.133 seconds
[2025-03-07T02:39:05.980+0000] {processor.py:186} INFO - Started process (PID=46717) to work on /home/Ashreem/airflow-env/lib/python3.12/site-packages/airflow/example_dags/example_complex.py
[2025-03-07T02:39:05.981+0000] {processor.py:914} INFO - Processing file /home/Ashreem/airflow-env/lib/python3.12/site-packages/airflow/example_dags/example_complex.py for tasks to queue
[2025-03-07T02:39:05.984+0000] {logging_mixin.py:190} INFO - [2025-03-07T02:39:05.984+0000] {dagbag.py:588} INFO - Filling up the DagBag from /home/Ashreem/airflow-env/lib/python3.12/site-packages/airflow/example_dags/example_complex.py
[2025-03-07T02:39:06.001+0000] {processor.py:925} INFO - DAG(s) 'example_complex' retrieved from /home/Ashreem/airflow-env/lib/python3.12/site-packages/airflow/example_dags/example_complex.py
[2025-03-07T02:39:06.035+0000] {logging_mixin.py:190} INFO - [2025-03-07T02:39:06.035+0000] {dag.py:3239} INFO - Sync 1 DAGs
[2025-03-07T02:39:06.054+0000] {logging_mixin.py:190} INFO - [2025-03-07T02:39:06.053+0000] {dag.py:4180} INFO - Setting next_dagrun for example_complex to None, run_after=None
[2025-03-07T02:39:06.094+0000] {processor.py:208} INFO - Processing /home/Ashreem/airflow-env/lib/python3.12/site-packages/airflow/example_dags/example_complex.py took 0.121 seconds
[2025-03-07T02:40:09.154+0000] {processor.py:186} INFO - Started process (PID=46780) to work on /home/Ashreem/airflow-env/lib/python3.12/site-packages/airflow/example_dags/example_complex.py
[2025-03-07T02:40:09.156+0000] {processor.py:914} INFO - Processing file /home/Ashreem/airflow-env/lib/python3.12/site-packages/airflow/example_dags/example_complex.py for tasks to queue
[2025-03-07T02:40:09.159+0000] {logging_mixin.py:190} INFO - [2025-03-07T02:40:09.158+0000] {dagbag.py:588} INFO - Filling up the DagBag from /home/Ashreem/airflow-env/lib/python3.12/site-packages/airflow/example_dags/example_complex.py
[2025-03-07T02:40:09.179+0000] {processor.py:925} INFO - DAG(s) 'example_complex' retrieved from /home/Ashreem/airflow-env/lib/python3.12/site-packages/airflow/example_dags/example_complex.py
[2025-03-07T02:40:09.216+0000] {logging_mixin.py:190} INFO - [2025-03-07T02:40:09.216+0000] {dag.py:3239} INFO - Sync 1 DAGs
[2025-03-07T02:40:09.234+0000] {logging_mixin.py:190} INFO - [2025-03-07T02:40:09.234+0000] {dag.py:4180} INFO - Setting next_dagrun for example_complex to None, run_after=None
[2025-03-07T02:40:09.275+0000] {processor.py:208} INFO - Processing /home/Ashreem/airflow-env/lib/python3.12/site-packages/airflow/example_dags/example_complex.py took 0.130 seconds
[2025-03-07T02:41:12.386+0000] {processor.py:186} INFO - Started process (PID=46846) to work on /home/Ashreem/airflow-env/lib/python3.12/site-packages/airflow/example_dags/example_complex.py
[2025-03-07T02:41:12.387+0000] {processor.py:914} INFO - Processing file /home/Ashreem/airflow-env/lib/python3.12/site-packages/airflow/example_dags/example_complex.py for tasks to queue
[2025-03-07T02:41:12.390+0000] {logging_mixin.py:190} INFO - [2025-03-07T02:41:12.390+0000] {dagbag.py:588} INFO - Filling up the DagBag from /home/Ashreem/airflow-env/lib/python3.12/site-packages/airflow/example_dags/example_complex.py
[2025-03-07T02:41:12.406+0000] {processor.py:925} INFO - DAG(s) 'example_complex' retrieved from /home/Ashreem/airflow-env/lib/python3.12/site-packages/airflow/example_dags/example_complex.py
[2025-03-07T02:41:12.442+0000] {logging_mixin.py:190} INFO - [2025-03-07T02:41:12.442+0000] {dag.py:3239} INFO - Sync 1 DAGs
[2025-03-07T02:41:12.466+0000] {logging_mixin.py:190} INFO - [2025-03-07T02:41:12.466+0000] {dag.py:4180} INFO - Setting next_dagrun for example_complex to None, run_after=None
[2025-03-07T02:41:12.506+0000] {processor.py:208} INFO - Processing /home/Ashreem/airflow-env/lib/python3.12/site-packages/airflow/example_dags/example_complex.py took 0.127 seconds
[2025-03-07T02:42:15.177+0000] {processor.py:186} INFO - Started process (PID=46907) to work on /home/Ashreem/airflow-env/lib/python3.12/site-packages/airflow/example_dags/example_complex.py
[2025-03-07T02:42:15.179+0000] {processor.py:914} INFO - Processing file /home/Ashreem/airflow-env/lib/python3.12/site-packages/airflow/example_dags/example_complex.py for tasks to queue
[2025-03-07T02:42:15.182+0000] {logging_mixin.py:190} INFO - [2025-03-07T02:42:15.181+0000] {dagbag.py:588} INFO - Filling up the DagBag from /home/Ashreem/airflow-env/lib/python3.12/site-packages/airflow/example_dags/example_complex.py
[2025-03-07T02:42:15.202+0000] {processor.py:925} INFO - DAG(s) 'example_complex' retrieved from /home/Ashreem/airflow-env/lib/python3.12/site-packages/airflow/example_dags/example_complex.py
[2025-03-07T02:42:15.237+0000] {logging_mixin.py:190} INFO - [2025-03-07T02:42:15.236+0000] {dag.py:3239} INFO - Sync 1 DAGs
[2025-03-07T02:42:15.253+0000] {logging_mixin.py:190} INFO - [2025-03-07T02:42:15.253+0000] {dag.py:4180} INFO - Setting next_dagrun for example_complex to None, run_after=None
[2025-03-07T02:42:15.291+0000] {processor.py:208} INFO - Processing /home/Ashreem/airflow-env/lib/python3.12/site-packages/airflow/example_dags/example_complex.py took 0.124 seconds
[2025-03-07T02:43:19.985+0000] {processor.py:186} INFO - Started process (PID=46980) to work on /home/Ashreem/airflow-env/lib/python3.12/site-packages/airflow/example_dags/example_complex.py
[2025-03-07T02:43:19.986+0000] {processor.py:914} INFO - Processing file /home/Ashreem/airflow-env/lib/python3.12/site-packages/airflow/example_dags/example_complex.py for tasks to queue
[2025-03-07T02:43:19.990+0000] {logging_mixin.py:190} INFO - [2025-03-07T02:43:19.989+0000] {dagbag.py:588} INFO - Filling up the DagBag from /home/Ashreem/airflow-env/lib/python3.12/site-packages/airflow/example_dags/example_complex.py
[2025-03-07T02:43:20.008+0000] {processor.py:925} INFO - DAG(s) 'example_complex' retrieved from /home/Ashreem/airflow-env/lib/python3.12/site-packages/airflow/example_dags/example_complex.py
[2025-03-07T02:43:20.044+0000] {logging_mixin.py:190} INFO - [2025-03-07T02:43:20.044+0000] {dag.py:3239} INFO - Sync 1 DAGs
[2025-03-07T02:43:20.063+0000] {logging_mixin.py:190} INFO - [2025-03-07T02:43:20.062+0000] {dag.py:4180} INFO - Setting next_dagrun for example_complex to None, run_after=None
[2025-03-07T02:43:20.108+0000] {processor.py:208} INFO - Processing /home/Ashreem/airflow-env/lib/python3.12/site-packages/airflow/example_dags/example_complex.py took 0.131 seconds
[2025-03-07T02:44:23.859+0000] {processor.py:186} INFO - Started process (PID=47047) to work on /home/Ashreem/airflow-env/lib/python3.12/site-packages/airflow/example_dags/example_complex.py
[2025-03-07T02:44:23.861+0000] {processor.py:914} INFO - Processing file /home/Ashreem/airflow-env/lib/python3.12/site-packages/airflow/example_dags/example_complex.py for tasks to queue
[2025-03-07T02:44:23.864+0000] {logging_mixin.py:190} INFO - [2025-03-07T02:44:23.863+0000] {dagbag.py:588} INFO - Filling up the DagBag from /home/Ashreem/airflow-env/lib/python3.12/site-packages/airflow/example_dags/example_complex.py
[2025-03-07T02:44:23.880+0000] {processor.py:925} INFO - DAG(s) 'example_complex' retrieved from /home/Ashreem/airflow-env/lib/python3.12/site-packages/airflow/example_dags/example_complex.py
[2025-03-07T02:44:23.914+0000] {logging_mixin.py:190} INFO - [2025-03-07T02:44:23.914+0000] {dag.py:3239} INFO - Sync 1 DAGs
[2025-03-07T02:44:23.930+0000] {logging_mixin.py:190} INFO - [2025-03-07T02:44:23.930+0000] {dag.py:4180} INFO - Setting next_dagrun for example_complex to None, run_after=None
[2025-03-07T02:44:23.971+0000] {processor.py:208} INFO - Processing /home/Ashreem/airflow-env/lib/python3.12/site-packages/airflow/example_dags/example_complex.py took 0.122 seconds
[2025-03-07T02:45:26.475+0000] {processor.py:186} INFO - Started process (PID=47127) to work on /home/Ashreem/airflow-env/lib/python3.12/site-packages/airflow/example_dags/example_complex.py
[2025-03-07T02:45:26.478+0000] {processor.py:914} INFO - Processing file /home/Ashreem/airflow-env/lib/python3.12/site-packages/airflow/example_dags/example_complex.py for tasks to queue
[2025-03-07T02:45:26.481+0000] {logging_mixin.py:190} INFO - [2025-03-07T02:45:26.481+0000] {dagbag.py:588} INFO - Filling up the DagBag from /home/Ashreem/airflow-env/lib/python3.12/site-packages/airflow/example_dags/example_complex.py
[2025-03-07T02:45:26.501+0000] {processor.py:925} INFO - DAG(s) 'example_complex' retrieved from /home/Ashreem/airflow-env/lib/python3.12/site-packages/airflow/example_dags/example_complex.py
[2025-03-07T02:45:26.546+0000] {logging_mixin.py:190} INFO - [2025-03-07T02:45:26.546+0000] {dag.py:3239} INFO - Sync 1 DAGs
[2025-03-07T02:45:26.564+0000] {logging_mixin.py:190} INFO - [2025-03-07T02:45:26.564+0000] {dag.py:4180} INFO - Setting next_dagrun for example_complex to None, run_after=None
[2025-03-07T02:45:26.603+0000] {processor.py:208} INFO - Processing /home/Ashreem/airflow-env/lib/python3.12/site-packages/airflow/example_dags/example_complex.py took 0.141 seconds
[2025-03-07T02:46:29.860+0000] {processor.py:186} INFO - Started process (PID=47193) to work on /home/Ashreem/airflow-env/lib/python3.12/site-packages/airflow/example_dags/example_complex.py
[2025-03-07T02:46:29.862+0000] {processor.py:914} INFO - Processing file /home/Ashreem/airflow-env/lib/python3.12/site-packages/airflow/example_dags/example_complex.py for tasks to queue
[2025-03-07T02:46:29.865+0000] {logging_mixin.py:190} INFO - [2025-03-07T02:46:29.864+0000] {dagbag.py:588} INFO - Filling up the DagBag from /home/Ashreem/airflow-env/lib/python3.12/site-packages/airflow/example_dags/example_complex.py
[2025-03-07T02:46:29.881+0000] {processor.py:925} INFO - DAG(s) 'example_complex' retrieved from /home/Ashreem/airflow-env/lib/python3.12/site-packages/airflow/example_dags/example_complex.py
[2025-03-07T02:46:29.917+0000] {logging_mixin.py:190} INFO - [2025-03-07T02:46:29.917+0000] {dag.py:3239} INFO - Sync 1 DAGs
[2025-03-07T02:46:29.933+0000] {logging_mixin.py:190} INFO - [2025-03-07T02:46:29.932+0000] {dag.py:4180} INFO - Setting next_dagrun for example_complex to None, run_after=None
[2025-03-07T02:46:29.977+0000] {processor.py:208} INFO - Processing /home/Ashreem/airflow-env/lib/python3.12/site-packages/airflow/example_dags/example_complex.py took 0.125 seconds
[2025-03-07T02:47:33.667+0000] {processor.py:186} INFO - Started process (PID=47253) to work on /home/Ashreem/airflow-env/lib/python3.12/site-packages/airflow/example_dags/example_complex.py
[2025-03-07T02:47:33.669+0000] {processor.py:914} INFO - Processing file /home/Ashreem/airflow-env/lib/python3.12/site-packages/airflow/example_dags/example_complex.py for tasks to queue
[2025-03-07T02:47:33.672+0000] {logging_mixin.py:190} INFO - [2025-03-07T02:47:33.671+0000] {dagbag.py:588} INFO - Filling up the DagBag from /home/Ashreem/airflow-env/lib/python3.12/site-packages/airflow/example_dags/example_complex.py
[2025-03-07T02:47:33.689+0000] {processor.py:925} INFO - DAG(s) 'example_complex' retrieved from /home/Ashreem/airflow-env/lib/python3.12/site-packages/airflow/example_dags/example_complex.py
[2025-03-07T02:47:33.724+0000] {logging_mixin.py:190} INFO - [2025-03-07T02:47:33.724+0000] {dag.py:3239} INFO - Sync 1 DAGs
[2025-03-07T02:47:33.745+0000] {logging_mixin.py:190} INFO - [2025-03-07T02:47:33.744+0000] {dag.py:4180} INFO - Setting next_dagrun for example_complex to None, run_after=None
[2025-03-07T02:47:33.780+0000] {processor.py:208} INFO - Processing /home/Ashreem/airflow-env/lib/python3.12/site-packages/airflow/example_dags/example_complex.py took 0.121 seconds
[2025-03-07T02:48:44.057+0000] {processor.py:186} INFO - Started process (PID=47334) to work on /home/Ashreem/airflow-env/lib/python3.12/site-packages/airflow/example_dags/example_complex.py
[2025-03-07T02:48:44.059+0000] {processor.py:914} INFO - Processing file /home/Ashreem/airflow-env/lib/python3.12/site-packages/airflow/example_dags/example_complex.py for tasks to queue
[2025-03-07T02:48:44.062+0000] {logging_mixin.py:190} INFO - [2025-03-07T02:48:44.061+0000] {dagbag.py:588} INFO - Filling up the DagBag from /home/Ashreem/airflow-env/lib/python3.12/site-packages/airflow/example_dags/example_complex.py
[2025-03-07T02:48:44.077+0000] {processor.py:925} INFO - DAG(s) 'example_complex' retrieved from /home/Ashreem/airflow-env/lib/python3.12/site-packages/airflow/example_dags/example_complex.py
[2025-03-07T02:48:44.115+0000] {logging_mixin.py:190} INFO - [2025-03-07T02:48:44.114+0000] {dag.py:3239} INFO - Sync 1 DAGs
[2025-03-07T02:48:44.131+0000] {logging_mixin.py:190} INFO - [2025-03-07T02:48:44.131+0000] {dag.py:4180} INFO - Setting next_dagrun for example_complex to None, run_after=None
[2025-03-07T02:48:44.171+0000] {processor.py:208} INFO - Processing /home/Ashreem/airflow-env/lib/python3.12/site-packages/airflow/example_dags/example_complex.py took 0.122 seconds
[2025-03-07T02:49:47.522+0000] {processor.py:186} INFO - Started process (PID=47406) to work on /home/Ashreem/airflow-env/lib/python3.12/site-packages/airflow/example_dags/example_complex.py
[2025-03-07T02:49:47.524+0000] {processor.py:914} INFO - Processing file /home/Ashreem/airflow-env/lib/python3.12/site-packages/airflow/example_dags/example_complex.py for tasks to queue
[2025-03-07T02:49:47.526+0000] {logging_mixin.py:190} INFO - [2025-03-07T02:49:47.526+0000] {dagbag.py:588} INFO - Filling up the DagBag from /home/Ashreem/airflow-env/lib/python3.12/site-packages/airflow/example_dags/example_complex.py
[2025-03-07T02:49:47.543+0000] {processor.py:925} INFO - DAG(s) 'example_complex' retrieved from /home/Ashreem/airflow-env/lib/python3.12/site-packages/airflow/example_dags/example_complex.py
[2025-03-07T02:49:47.585+0000] {logging_mixin.py:190} INFO - [2025-03-07T02:49:47.584+0000] {dag.py:3239} INFO - Sync 1 DAGs
[2025-03-07T02:49:47.603+0000] {logging_mixin.py:190} INFO - [2025-03-07T02:49:47.603+0000] {dag.py:4180} INFO - Setting next_dagrun for example_complex to None, run_after=None
[2025-03-07T02:49:47.640+0000] {processor.py:208} INFO - Processing /home/Ashreem/airflow-env/lib/python3.12/site-packages/airflow/example_dags/example_complex.py took 0.125 seconds
[2025-03-07T02:50:51.988+0000] {processor.py:186} INFO - Started process (PID=47475) to work on /home/Ashreem/airflow-env/lib/python3.12/site-packages/airflow/example_dags/example_complex.py
[2025-03-07T02:50:51.990+0000] {processor.py:914} INFO - Processing file /home/Ashreem/airflow-env/lib/python3.12/site-packages/airflow/example_dags/example_complex.py for tasks to queue
[2025-03-07T02:50:51.993+0000] {logging_mixin.py:190} INFO - [2025-03-07T02:50:51.992+0000] {dagbag.py:588} INFO - Filling up the DagBag from /home/Ashreem/airflow-env/lib/python3.12/site-packages/airflow/example_dags/example_complex.py
[2025-03-07T02:50:52.012+0000] {processor.py:925} INFO - DAG(s) 'example_complex' retrieved from /home/Ashreem/airflow-env/lib/python3.12/site-packages/airflow/example_dags/example_complex.py
[2025-03-07T02:50:52.047+0000] {logging_mixin.py:190} INFO - [2025-03-07T02:50:52.046+0000] {dag.py:3239} INFO - Sync 1 DAGs
[2025-03-07T02:50:52.063+0000] {logging_mixin.py:190} INFO - [2025-03-07T02:50:52.063+0000] {dag.py:4180} INFO - Setting next_dagrun for example_complex to None, run_after=None
[2025-03-07T02:50:52.106+0000] {processor.py:208} INFO - Processing /home/Ashreem/airflow-env/lib/python3.12/site-packages/airflow/example_dags/example_complex.py took 0.131 seconds
[2025-03-07T02:51:54.443+0000] {processor.py:186} INFO - Started process (PID=47536) to work on /home/Ashreem/airflow-env/lib/python3.12/site-packages/airflow/example_dags/example_complex.py
[2025-03-07T02:51:54.444+0000] {processor.py:914} INFO - Processing file /home/Ashreem/airflow-env/lib/python3.12/site-packages/airflow/example_dags/example_complex.py for tasks to queue
[2025-03-07T02:51:54.447+0000] {logging_mixin.py:190} INFO - [2025-03-07T02:51:54.446+0000] {dagbag.py:588} INFO - Filling up the DagBag from /home/Ashreem/airflow-env/lib/python3.12/site-packages/airflow/example_dags/example_complex.py
[2025-03-07T02:51:54.465+0000] {processor.py:925} INFO - DAG(s) 'example_complex' retrieved from /home/Ashreem/airflow-env/lib/python3.12/site-packages/airflow/example_dags/example_complex.py
[2025-03-07T02:51:54.503+0000] {logging_mixin.py:190} INFO - [2025-03-07T02:51:54.501+0000] {dag.py:3239} INFO - Sync 1 DAGs
[2025-03-07T02:51:54.521+0000] {logging_mixin.py:190} INFO - [2025-03-07T02:51:54.521+0000] {dag.py:4180} INFO - Setting next_dagrun for example_complex to None, run_after=None
[2025-03-07T02:51:55.177+0000] {processor.py:208} INFO - Processing /home/Ashreem/airflow-env/lib/python3.12/site-packages/airflow/example_dags/example_complex.py took 0.742 seconds
[2025-03-07T02:53:01.579+0000] {processor.py:186} INFO - Started process (PID=47605) to work on /home/Ashreem/airflow-env/lib/python3.12/site-packages/airflow/example_dags/example_complex.py
[2025-03-07T02:53:01.581+0000] {processor.py:914} INFO - Processing file /home/Ashreem/airflow-env/lib/python3.12/site-packages/airflow/example_dags/example_complex.py for tasks to queue
[2025-03-07T02:53:01.583+0000] {logging_mixin.py:190} INFO - [2025-03-07T02:53:01.583+0000] {dagbag.py:588} INFO - Filling up the DagBag from /home/Ashreem/airflow-env/lib/python3.12/site-packages/airflow/example_dags/example_complex.py
[2025-03-07T02:53:01.608+0000] {processor.py:925} INFO - DAG(s) 'example_complex' retrieved from /home/Ashreem/airflow-env/lib/python3.12/site-packages/airflow/example_dags/example_complex.py
[2025-03-07T02:53:01.644+0000] {logging_mixin.py:190} INFO - [2025-03-07T02:53:01.643+0000] {dag.py:3239} INFO - Sync 1 DAGs
[2025-03-07T02:53:01.660+0000] {logging_mixin.py:190} INFO - [2025-03-07T02:53:01.659+0000] {dag.py:4180} INFO - Setting next_dagrun for example_complex to None, run_after=None
[2025-03-07T02:53:01.698+0000] {processor.py:208} INFO - Processing /home/Ashreem/airflow-env/lib/python3.12/site-packages/airflow/example_dags/example_complex.py took 0.127 seconds
[2025-03-07T02:54:02.733+0000] {processor.py:186} INFO - Started process (PID=47669) to work on /home/Ashreem/airflow-env/lib/python3.12/site-packages/airflow/example_dags/example_complex.py
[2025-03-07T02:54:02.735+0000] {processor.py:914} INFO - Processing file /home/Ashreem/airflow-env/lib/python3.12/site-packages/airflow/example_dags/example_complex.py for tasks to queue
[2025-03-07T02:54:02.738+0000] {logging_mixin.py:190} INFO - [2025-03-07T02:54:02.737+0000] {dagbag.py:588} INFO - Filling up the DagBag from /home/Ashreem/airflow-env/lib/python3.12/site-packages/airflow/example_dags/example_complex.py
[2025-03-07T02:54:02.754+0000] {processor.py:925} INFO - DAG(s) 'example_complex' retrieved from /home/Ashreem/airflow-env/lib/python3.12/site-packages/airflow/example_dags/example_complex.py
[2025-03-07T02:54:02.787+0000] {logging_mixin.py:190} INFO - [2025-03-07T02:54:02.787+0000] {dag.py:3239} INFO - Sync 1 DAGs
[2025-03-07T02:54:02.803+0000] {logging_mixin.py:190} INFO - [2025-03-07T02:54:02.803+0000] {dag.py:4180} INFO - Setting next_dagrun for example_complex to None, run_after=None
[2025-03-07T02:54:02.844+0000] {processor.py:208} INFO - Processing /home/Ashreem/airflow-env/lib/python3.12/site-packages/airflow/example_dags/example_complex.py took 0.122 seconds
[2025-03-07T02:55:03.998+0000] {processor.py:186} INFO - Started process (PID=47736) to work on /home/Ashreem/airflow-env/lib/python3.12/site-packages/airflow/example_dags/example_complex.py
[2025-03-07T02:55:03.999+0000] {processor.py:914} INFO - Processing file /home/Ashreem/airflow-env/lib/python3.12/site-packages/airflow/example_dags/example_complex.py for tasks to queue
[2025-03-07T02:55:04.002+0000] {logging_mixin.py:190} INFO - [2025-03-07T02:55:04.002+0000] {dagbag.py:588} INFO - Filling up the DagBag from /home/Ashreem/airflow-env/lib/python3.12/site-packages/airflow/example_dags/example_complex.py
[2025-03-07T02:55:04.019+0000] {processor.py:925} INFO - DAG(s) 'example_complex' retrieved from /home/Ashreem/airflow-env/lib/python3.12/site-packages/airflow/example_dags/example_complex.py
[2025-03-07T02:55:04.057+0000] {logging_mixin.py:190} INFO - [2025-03-07T02:55:04.057+0000] {dag.py:3239} INFO - Sync 1 DAGs
[2025-03-07T02:55:04.076+0000] {logging_mixin.py:190} INFO - [2025-03-07T02:55:04.075+0000] {dag.py:4180} INFO - Setting next_dagrun for example_complex to None, run_after=None
[2025-03-07T02:55:04.115+0000] {processor.py:208} INFO - Processing /home/Ashreem/airflow-env/lib/python3.12/site-packages/airflow/example_dags/example_complex.py took 0.126 seconds
[2025-03-07T02:56:07.944+0000] {processor.py:186} INFO - Started process (PID=47875) to work on /home/Ashreem/airflow-env/lib/python3.12/site-packages/airflow/example_dags/example_complex.py
[2025-03-07T02:56:07.945+0000] {processor.py:914} INFO - Processing file /home/Ashreem/airflow-env/lib/python3.12/site-packages/airflow/example_dags/example_complex.py for tasks to queue
[2025-03-07T02:56:07.949+0000] {logging_mixin.py:190} INFO - [2025-03-07T02:56:07.948+0000] {dagbag.py:588} INFO - Filling up the DagBag from /home/Ashreem/airflow-env/lib/python3.12/site-packages/airflow/example_dags/example_complex.py
[2025-03-07T02:56:07.974+0000] {processor.py:925} INFO - DAG(s) 'example_complex' retrieved from /home/Ashreem/airflow-env/lib/python3.12/site-packages/airflow/example_dags/example_complex.py
[2025-03-07T02:56:08.022+0000] {logging_mixin.py:190} INFO - [2025-03-07T02:56:08.022+0000] {dag.py:3239} INFO - Sync 1 DAGs
[2025-03-07T02:56:08.039+0000] {logging_mixin.py:190} INFO - [2025-03-07T02:56:08.039+0000] {dag.py:4180} INFO - Setting next_dagrun for example_complex to None, run_after=None
[2025-03-07T02:56:08.088+0000] {processor.py:208} INFO - Processing /home/Ashreem/airflow-env/lib/python3.12/site-packages/airflow/example_dags/example_complex.py took 0.155 seconds
[2025-03-07T02:57:05.300+0000] {processor.py:186} INFO - Started process (PID=47993) to work on /home/Ashreem/airflow-env/lib/python3.12/site-packages/airflow/example_dags/example_complex.py
[2025-03-07T02:57:05.302+0000] {processor.py:914} INFO - Processing file /home/Ashreem/airflow-env/lib/python3.12/site-packages/airflow/example_dags/example_complex.py for tasks to queue
[2025-03-07T02:57:05.305+0000] {logging_mixin.py:190} INFO - [2025-03-07T02:57:05.304+0000] {dagbag.py:588} INFO - Filling up the DagBag from /home/Ashreem/airflow-env/lib/python3.12/site-packages/airflow/example_dags/example_complex.py
[2025-03-07T02:57:05.323+0000] {processor.py:925} INFO - DAG(s) 'example_complex' retrieved from /home/Ashreem/airflow-env/lib/python3.12/site-packages/airflow/example_dags/example_complex.py
[2025-03-07T02:57:05.361+0000] {logging_mixin.py:190} INFO - [2025-03-07T02:57:05.361+0000] {dag.py:3239} INFO - Sync 1 DAGs
[2025-03-07T02:57:05.381+0000] {logging_mixin.py:190} INFO - [2025-03-07T02:57:05.380+0000] {dag.py:4180} INFO - Setting next_dagrun for example_complex to None, run_after=None
[2025-03-07T02:57:05.422+0000] {processor.py:208} INFO - Processing /home/Ashreem/airflow-env/lib/python3.12/site-packages/airflow/example_dags/example_complex.py took 0.130 seconds
[2025-03-07T02:57:13.812+0000] {processor.py:186} INFO - Started process (PID=48011) to work on /home/Ashreem/airflow-env/lib/python3.12/site-packages/airflow/example_dags/example_complex.py
[2025-03-07T02:57:13.813+0000] {processor.py:914} INFO - Processing file /home/Ashreem/airflow-env/lib/python3.12/site-packages/airflow/example_dags/example_complex.py for tasks to queue
[2025-03-07T02:57:13.816+0000] {logging_mixin.py:190} INFO - [2025-03-07T02:57:13.815+0000] {dagbag.py:588} INFO - Filling up the DagBag from /home/Ashreem/airflow-env/lib/python3.12/site-packages/airflow/example_dags/example_complex.py
[2025-03-07T02:57:13.832+0000] {processor.py:925} INFO - DAG(s) 'example_complex' retrieved from /home/Ashreem/airflow-env/lib/python3.12/site-packages/airflow/example_dags/example_complex.py
[2025-03-07T02:57:13.867+0000] {logging_mixin.py:190} INFO - [2025-03-07T02:57:13.867+0000] {dag.py:3239} INFO - Sync 1 DAGs
[2025-03-07T02:57:13.883+0000] {logging_mixin.py:190} INFO - [2025-03-07T02:57:13.883+0000] {dag.py:4180} INFO - Setting next_dagrun for example_complex to None, run_after=None
[2025-03-07T02:57:13.920+0000] {processor.py:208} INFO - Processing /home/Ashreem/airflow-env/lib/python3.12/site-packages/airflow/example_dags/example_complex.py took 0.116 seconds
[2025-03-07T02:58:17.267+0000] {processor.py:186} INFO - Started process (PID=48084) to work on /home/Ashreem/airflow-env/lib/python3.12/site-packages/airflow/example_dags/example_complex.py
[2025-03-07T02:58:17.269+0000] {processor.py:914} INFO - Processing file /home/Ashreem/airflow-env/lib/python3.12/site-packages/airflow/example_dags/example_complex.py for tasks to queue
[2025-03-07T02:58:17.272+0000] {logging_mixin.py:190} INFO - [2025-03-07T02:58:17.271+0000] {dagbag.py:588} INFO - Filling up the DagBag from /home/Ashreem/airflow-env/lib/python3.12/site-packages/airflow/example_dags/example_complex.py
[2025-03-07T02:58:17.290+0000] {processor.py:925} INFO - DAG(s) 'example_complex' retrieved from /home/Ashreem/airflow-env/lib/python3.12/site-packages/airflow/example_dags/example_complex.py
[2025-03-07T02:58:17.329+0000] {logging_mixin.py:190} INFO - [2025-03-07T02:58:17.329+0000] {dag.py:3239} INFO - Sync 1 DAGs
[2025-03-07T02:58:17.354+0000] {logging_mixin.py:190} INFO - [2025-03-07T02:58:17.354+0000] {dag.py:4180} INFO - Setting next_dagrun for example_complex to None, run_after=None
[2025-03-07T02:58:17.392+0000] {processor.py:208} INFO - Processing /home/Ashreem/airflow-env/lib/python3.12/site-packages/airflow/example_dags/example_complex.py took 0.132 seconds
[2025-03-07T02:59:24.824+0000] {processor.py:186} INFO - Started process (PID=48199) to work on /home/Ashreem/airflow-env/lib/python3.12/site-packages/airflow/example_dags/example_complex.py
[2025-03-07T02:59:24.825+0000] {processor.py:914} INFO - Processing file /home/Ashreem/airflow-env/lib/python3.12/site-packages/airflow/example_dags/example_complex.py for tasks to queue
[2025-03-07T02:59:24.830+0000] {logging_mixin.py:190} INFO - [2025-03-07T02:59:24.829+0000] {dagbag.py:588} INFO - Filling up the DagBag from /home/Ashreem/airflow-env/lib/python3.12/site-packages/airflow/example_dags/example_complex.py
[2025-03-07T02:59:24.850+0000] {processor.py:925} INFO - DAG(s) 'example_complex' retrieved from /home/Ashreem/airflow-env/lib/python3.12/site-packages/airflow/example_dags/example_complex.py
[2025-03-07T02:59:24.894+0000] {logging_mixin.py:190} INFO - [2025-03-07T02:59:24.894+0000] {dag.py:3239} INFO - Sync 1 DAGs
[2025-03-07T02:59:24.914+0000] {logging_mixin.py:190} INFO - [2025-03-07T02:59:24.913+0000] {dag.py:4180} INFO - Setting next_dagrun for example_complex to None, run_after=None
[2025-03-07T02:59:24.952+0000] {processor.py:208} INFO - Processing /home/Ashreem/airflow-env/lib/python3.12/site-packages/airflow/example_dags/example_complex.py took 0.136 seconds
[2025-03-07T03:00:31.134+0000] {processor.py:186} INFO - Started process (PID=48312) to work on /home/Ashreem/airflow-env/lib/python3.12/site-packages/airflow/example_dags/example_complex.py
[2025-03-07T03:00:31.136+0000] {processor.py:914} INFO - Processing file /home/Ashreem/airflow-env/lib/python3.12/site-packages/airflow/example_dags/example_complex.py for tasks to queue
[2025-03-07T03:00:31.139+0000] {logging_mixin.py:190} INFO - [2025-03-07T03:00:31.139+0000] {dagbag.py:588} INFO - Filling up the DagBag from /home/Ashreem/airflow-env/lib/python3.12/site-packages/airflow/example_dags/example_complex.py
[2025-03-07T03:00:31.156+0000] {processor.py:925} INFO - DAG(s) 'example_complex' retrieved from /home/Ashreem/airflow-env/lib/python3.12/site-packages/airflow/example_dags/example_complex.py
[2025-03-07T03:00:31.193+0000] {logging_mixin.py:190} INFO - [2025-03-07T03:00:31.192+0000] {dag.py:3239} INFO - Sync 1 DAGs
[2025-03-07T03:00:31.211+0000] {logging_mixin.py:190} INFO - [2025-03-07T03:00:31.211+0000] {dag.py:4180} INFO - Setting next_dagrun for example_complex to None, run_after=None
[2025-03-07T03:00:31.251+0000] {processor.py:208} INFO - Processing /home/Ashreem/airflow-env/lib/python3.12/site-packages/airflow/example_dags/example_complex.py took 0.125 seconds
[2025-03-07T03:01:33.671+0000] {processor.py:186} INFO - Started process (PID=48384) to work on /home/Ashreem/airflow-env/lib/python3.12/site-packages/airflow/example_dags/example_complex.py
[2025-03-07T03:01:33.672+0000] {processor.py:914} INFO - Processing file /home/Ashreem/airflow-env/lib/python3.12/site-packages/airflow/example_dags/example_complex.py for tasks to queue
[2025-03-07T03:01:33.675+0000] {logging_mixin.py:190} INFO - [2025-03-07T03:01:33.675+0000] {dagbag.py:588} INFO - Filling up the DagBag from /home/Ashreem/airflow-env/lib/python3.12/site-packages/airflow/example_dags/example_complex.py
[2025-03-07T03:01:33.693+0000] {processor.py:925} INFO - DAG(s) 'example_complex' retrieved from /home/Ashreem/airflow-env/lib/python3.12/site-packages/airflow/example_dags/example_complex.py
[2025-03-07T03:01:33.726+0000] {logging_mixin.py:190} INFO - [2025-03-07T03:01:33.726+0000] {dag.py:3239} INFO - Sync 1 DAGs
[2025-03-07T03:01:33.743+0000] {logging_mixin.py:190} INFO - [2025-03-07T03:01:33.742+0000] {dag.py:4180} INFO - Setting next_dagrun for example_complex to None, run_after=None
[2025-03-07T03:01:33.779+0000] {processor.py:208} INFO - Processing /home/Ashreem/airflow-env/lib/python3.12/site-packages/airflow/example_dags/example_complex.py took 0.115 seconds
[2025-03-07T03:02:37.630+0000] {processor.py:186} INFO - Started process (PID=48518) to work on /home/Ashreem/airflow-env/lib/python3.12/site-packages/airflow/example_dags/example_complex.py
[2025-03-07T03:02:37.632+0000] {processor.py:914} INFO - Processing file /home/Ashreem/airflow-env/lib/python3.12/site-packages/airflow/example_dags/example_complex.py for tasks to queue
[2025-03-07T03:02:37.634+0000] {logging_mixin.py:190} INFO - [2025-03-07T03:02:37.634+0000] {dagbag.py:588} INFO - Filling up the DagBag from /home/Ashreem/airflow-env/lib/python3.12/site-packages/airflow/example_dags/example_complex.py
[2025-03-07T03:02:37.649+0000] {processor.py:925} INFO - DAG(s) 'example_complex' retrieved from /home/Ashreem/airflow-env/lib/python3.12/site-packages/airflow/example_dags/example_complex.py
[2025-03-07T03:02:37.687+0000] {logging_mixin.py:190} INFO - [2025-03-07T03:02:37.686+0000] {dag.py:3239} INFO - Sync 1 DAGs
[2025-03-07T03:02:37.703+0000] {logging_mixin.py:190} INFO - [2025-03-07T03:02:37.703+0000] {dag.py:4180} INFO - Setting next_dagrun for example_complex to None, run_after=None
[2025-03-07T03:02:37.742+0000] {processor.py:208} INFO - Processing /home/Ashreem/airflow-env/lib/python3.12/site-packages/airflow/example_dags/example_complex.py took 0.120 seconds
[2025-03-07T03:04:17.005+0000] {processor.py:186} INFO - Started process (PID=48650) to work on /home/Ashreem/airflow-env/lib/python3.12/site-packages/airflow/example_dags/example_complex.py
[2025-03-07T03:04:17.007+0000] {processor.py:914} INFO - Processing file /home/Ashreem/airflow-env/lib/python3.12/site-packages/airflow/example_dags/example_complex.py for tasks to queue
[2025-03-07T03:04:17.010+0000] {logging_mixin.py:190} INFO - [2025-03-07T03:04:17.009+0000] {dagbag.py:588} INFO - Filling up the DagBag from /home/Ashreem/airflow-env/lib/python3.12/site-packages/airflow/example_dags/example_complex.py
[2025-03-07T03:04:17.027+0000] {processor.py:925} INFO - DAG(s) 'example_complex' retrieved from /home/Ashreem/airflow-env/lib/python3.12/site-packages/airflow/example_dags/example_complex.py
[2025-03-07T03:04:17.061+0000] {logging_mixin.py:190} INFO - [2025-03-07T03:04:17.060+0000] {dag.py:3239} INFO - Sync 1 DAGs
[2025-03-07T03:04:17.077+0000] {logging_mixin.py:190} INFO - [2025-03-07T03:04:17.077+0000] {dag.py:4180} INFO - Setting next_dagrun for example_complex to None, run_after=None
[2025-03-07T03:04:17.121+0000] {processor.py:208} INFO - Processing /home/Ashreem/airflow-env/lib/python3.12/site-packages/airflow/example_dags/example_complex.py took 0.124 seconds
[2025-03-07T03:05:20.107+0000] {processor.py:186} INFO - Started process (PID=48856) to work on /home/Ashreem/airflow-env/lib/python3.12/site-packages/airflow/example_dags/example_complex.py
[2025-03-07T03:05:20.108+0000] {processor.py:914} INFO - Processing file /home/Ashreem/airflow-env/lib/python3.12/site-packages/airflow/example_dags/example_complex.py for tasks to queue
[2025-03-07T03:05:20.111+0000] {logging_mixin.py:190} INFO - [2025-03-07T03:05:20.111+0000] {dagbag.py:588} INFO - Filling up the DagBag from /home/Ashreem/airflow-env/lib/python3.12/site-packages/airflow/example_dags/example_complex.py
[2025-03-07T03:05:20.138+0000] {processor.py:925} INFO - DAG(s) 'example_complex' retrieved from /home/Ashreem/airflow-env/lib/python3.12/site-packages/airflow/example_dags/example_complex.py
[2025-03-07T03:05:20.193+0000] {logging_mixin.py:190} INFO - [2025-03-07T03:05:20.192+0000] {dag.py:3239} INFO - Sync 1 DAGs
[2025-03-07T03:05:20.223+0000] {logging_mixin.py:190} INFO - [2025-03-07T03:05:20.223+0000] {dag.py:4180} INFO - Setting next_dagrun for example_complex to None, run_after=None
[2025-03-07T03:05:20.277+0000] {processor.py:208} INFO - Processing /home/Ashreem/airflow-env/lib/python3.12/site-packages/airflow/example_dags/example_complex.py took 0.179 seconds
[2025-03-07T03:06:25.382+0000] {processor.py:186} INFO - Started process (PID=48970) to work on /home/Ashreem/airflow-env/lib/python3.12/site-packages/airflow/example_dags/example_complex.py
[2025-03-07T03:06:25.383+0000] {processor.py:914} INFO - Processing file /home/Ashreem/airflow-env/lib/python3.12/site-packages/airflow/example_dags/example_complex.py for tasks to queue
[2025-03-07T03:06:25.386+0000] {logging_mixin.py:190} INFO - [2025-03-07T03:06:25.385+0000] {dagbag.py:588} INFO - Filling up the DagBag from /home/Ashreem/airflow-env/lib/python3.12/site-packages/airflow/example_dags/example_complex.py
[2025-03-07T03:06:25.402+0000] {processor.py:925} INFO - DAG(s) 'example_complex' retrieved from /home/Ashreem/airflow-env/lib/python3.12/site-packages/airflow/example_dags/example_complex.py
[2025-03-07T03:06:25.437+0000] {logging_mixin.py:190} INFO - [2025-03-07T03:06:25.436+0000] {dag.py:3239} INFO - Sync 1 DAGs
[2025-03-07T03:06:25.453+0000] {logging_mixin.py:190} INFO - [2025-03-07T03:06:25.453+0000] {dag.py:4180} INFO - Setting next_dagrun for example_complex to None, run_after=None
[2025-03-07T03:06:25.490+0000] {processor.py:208} INFO - Processing /home/Ashreem/airflow-env/lib/python3.12/site-packages/airflow/example_dags/example_complex.py took 0.117 seconds
[2025-03-07T03:08:32.862+0000] {processor.py:186} INFO - Started process (PID=49117) to work on /home/Ashreem/airflow-env/lib/python3.12/site-packages/airflow/example_dags/example_complex.py
[2025-03-07T03:08:32.864+0000] {processor.py:914} INFO - Processing file /home/Ashreem/airflow-env/lib/python3.12/site-packages/airflow/example_dags/example_complex.py for tasks to queue
[2025-03-07T03:08:32.870+0000] {logging_mixin.py:190} INFO - [2025-03-07T03:08:32.869+0000] {dagbag.py:588} INFO - Filling up the DagBag from /home/Ashreem/airflow-env/lib/python3.12/site-packages/airflow/example_dags/example_complex.py
[2025-03-07T03:08:32.887+0000] {processor.py:925} INFO - DAG(s) 'example_complex' retrieved from /home/Ashreem/airflow-env/lib/python3.12/site-packages/airflow/example_dags/example_complex.py
[2025-03-07T03:08:32.922+0000] {logging_mixin.py:190} INFO - [2025-03-07T03:08:32.922+0000] {dag.py:3239} INFO - Sync 1 DAGs
[2025-03-07T03:08:32.939+0000] {logging_mixin.py:190} INFO - [2025-03-07T03:08:32.939+0000] {dag.py:4180} INFO - Setting next_dagrun for example_complex to None, run_after=None
[2025-03-07T03:08:32.981+0000] {processor.py:208} INFO - Processing /home/Ashreem/airflow-env/lib/python3.12/site-packages/airflow/example_dags/example_complex.py took 0.127 seconds
[2025-03-07T03:09:35.866+0000] {processor.py:186} INFO - Started process (PID=49187) to work on /home/Ashreem/airflow-env/lib/python3.12/site-packages/airflow/example_dags/example_complex.py
[2025-03-07T03:09:35.867+0000] {processor.py:914} INFO - Processing file /home/Ashreem/airflow-env/lib/python3.12/site-packages/airflow/example_dags/example_complex.py for tasks to queue
[2025-03-07T03:09:35.870+0000] {logging_mixin.py:190} INFO - [2025-03-07T03:09:35.869+0000] {dagbag.py:588} INFO - Filling up the DagBag from /home/Ashreem/airflow-env/lib/python3.12/site-packages/airflow/example_dags/example_complex.py
[2025-03-07T03:09:35.889+0000] {processor.py:925} INFO - DAG(s) 'example_complex' retrieved from /home/Ashreem/airflow-env/lib/python3.12/site-packages/airflow/example_dags/example_complex.py
[2025-03-07T03:09:35.938+0000] {logging_mixin.py:190} INFO - [2025-03-07T03:09:35.938+0000] {dag.py:3239} INFO - Sync 1 DAGs
[2025-03-07T03:09:35.955+0000] {logging_mixin.py:190} INFO - [2025-03-07T03:09:35.955+0000] {dag.py:4180} INFO - Setting next_dagrun for example_complex to None, run_after=None
[2025-03-07T03:09:35.997+0000] {processor.py:208} INFO - Processing /home/Ashreem/airflow-env/lib/python3.12/site-packages/airflow/example_dags/example_complex.py took 0.139 seconds
