[2025-03-07T02:30:04.083+0000] {processor.py:186} INFO - Started process (PID=45963) to work on /home/Ashreem/airflow-env/lib/python3.12/site-packages/airflow/example_dags/tutorial_taskflow_templates.py
[2025-03-07T02:30:04.085+0000] {processor.py:914} INFO - Processing file /home/Ashreem/airflow-env/lib/python3.12/site-packages/airflow/example_dags/tutorial_taskflow_templates.py for tasks to queue
[2025-03-07T02:30:04.088+0000] {logging_mixin.py:190} INFO - [2025-03-07T02:30:04.088+0000] {dagbag.py:588} INFO - Filling up the DagBag from /home/Ashreem/airflow-env/lib/python3.12/site-packages/airflow/example_dags/tutorial_taskflow_templates.py
[2025-03-07T02:30:04.112+0000] {processor.py:925} INFO - DAG(s) 'tutorial_taskflow_templates' retrieved from /home/Ashreem/airflow-env/lib/python3.12/site-packages/airflow/example_dags/tutorial_taskflow_templates.py
[2025-03-07T02:30:04.310+0000] {logging_mixin.py:190} INFO - [2025-03-07T02:30:04.310+0000] {override.py:1930} INFO - Created Permission View: can read on DAG:tutorial_taskflow_templates
[2025-03-07T02:30:04.350+0000] {logging_mixin.py:190} INFO - [2025-03-07T02:30:04.350+0000] {override.py:1930} INFO - Created Permission View: can delete on DAG:tutorial_taskflow_templates
[2025-03-07T02:30:04.380+0000] {logging_mixin.py:190} INFO - [2025-03-07T02:30:04.379+0000] {override.py:1930} INFO - Created Permission View: can edit on DAG:tutorial_taskflow_templates
[2025-03-07T02:30:04.441+0000] {logging_mixin.py:190} INFO - [2025-03-07T02:30:04.440+0000] {override.py:1930} INFO - Created Permission View: can read on DAG Run:tutorial_taskflow_templates
[2025-03-07T02:30:04.465+0000] {logging_mixin.py:190} INFO - [2025-03-07T02:30:04.464+0000] {override.py:1930} INFO - Created Permission View: can delete on DAG Run:tutorial_taskflow_templates
[2025-03-07T02:30:04.488+0000] {logging_mixin.py:190} INFO - [2025-03-07T02:30:04.488+0000] {override.py:1930} INFO - Created Permission View: menu access on DAG Run:tutorial_taskflow_templates
[2025-03-07T02:30:04.515+0000] {logging_mixin.py:190} INFO - [2025-03-07T02:30:04.515+0000] {override.py:1930} INFO - Created Permission View: can create on DAG Run:tutorial_taskflow_templates
[2025-03-07T02:30:04.516+0000] {logging_mixin.py:190} INFO - [2025-03-07T02:30:04.515+0000] {dag.py:3239} INFO - Sync 1 DAGs
[2025-03-07T02:30:04.531+0000] {logging_mixin.py:190} INFO - [2025-03-07T02:30:04.531+0000] {dag.py:3262} INFO - Creating ORM DAG for tutorial_taskflow_templates
[2025-03-07T02:30:04.546+0000] {logging_mixin.py:190} INFO - [2025-03-07T02:30:04.546+0000] {dag.py:4180} INFO - Setting next_dagrun for tutorial_taskflow_templates to 2025-03-06 00:00:00+00:00, run_after=2025-03-07 00:00:00+00:00
[2025-03-07T02:30:04.581+0000] {processor.py:208} INFO - Processing /home/Ashreem/airflow-env/lib/python3.12/site-packages/airflow/example_dags/tutorial_taskflow_templates.py took 0.514 seconds
[2025-03-07T02:32:50.734+0000] {processor.py:186} INFO - Started process (PID=46068) to work on /home/Ashreem/airflow-env/lib/python3.12/site-packages/airflow/example_dags/tutorial_taskflow_templates.py
[2025-03-07T02:32:50.735+0000] {processor.py:914} INFO - Processing file /home/Ashreem/airflow-env/lib/python3.12/site-packages/airflow/example_dags/tutorial_taskflow_templates.py for tasks to queue
[2025-03-07T02:32:50.738+0000] {logging_mixin.py:190} INFO - [2025-03-07T02:32:50.737+0000] {dagbag.py:588} INFO - Filling up the DagBag from /home/Ashreem/airflow-env/lib/python3.12/site-packages/airflow/example_dags/tutorial_taskflow_templates.py
[2025-03-07T02:32:50.757+0000] {processor.py:925} INFO - DAG(s) 'tutorial_taskflow_templates' retrieved from /home/Ashreem/airflow-env/lib/python3.12/site-packages/airflow/example_dags/tutorial_taskflow_templates.py
[2025-03-07T02:32:50.784+0000] {logging_mixin.py:190} INFO - [2025-03-07T02:32:50.784+0000] {dag.py:3239} INFO - Sync 1 DAGs
[2025-03-07T02:32:50.814+0000] {logging_mixin.py:190} INFO - [2025-03-07T02:32:50.813+0000] {dag.py:4180} INFO - Setting next_dagrun for tutorial_taskflow_templates to 2025-03-06 00:00:00+00:00, run_after=2025-03-07 00:00:00+00:00
[2025-03-07T02:32:50.849+0000] {processor.py:208} INFO - Processing /home/Ashreem/airflow-env/lib/python3.12/site-packages/airflow/example_dags/tutorial_taskflow_templates.py took 0.123 seconds
[2025-03-07T02:33:55.493+0000] {processor.py:186} INFO - Started process (PID=46382) to work on /home/Ashreem/airflow-env/lib/python3.12/site-packages/airflow/example_dags/tutorial_taskflow_templates.py
[2025-03-07T02:33:55.494+0000] {processor.py:914} INFO - Processing file /home/Ashreem/airflow-env/lib/python3.12/site-packages/airflow/example_dags/tutorial_taskflow_templates.py for tasks to queue
[2025-03-07T02:33:55.497+0000] {logging_mixin.py:190} INFO - [2025-03-07T02:33:55.496+0000] {dagbag.py:588} INFO - Filling up the DagBag from /home/Ashreem/airflow-env/lib/python3.12/site-packages/airflow/example_dags/tutorial_taskflow_templates.py
[2025-03-07T02:33:55.514+0000] {processor.py:925} INFO - DAG(s) 'tutorial_taskflow_templates' retrieved from /home/Ashreem/airflow-env/lib/python3.12/site-packages/airflow/example_dags/tutorial_taskflow_templates.py
[2025-03-07T02:33:55.534+0000] {logging_mixin.py:190} INFO - [2025-03-07T02:33:55.534+0000] {dag.py:3239} INFO - Sync 1 DAGs
[2025-03-07T02:33:55.559+0000] {logging_mixin.py:190} INFO - [2025-03-07T02:33:55.559+0000] {dag.py:4180} INFO - Setting next_dagrun for tutorial_taskflow_templates to 2025-03-06 00:00:00+00:00, run_after=2025-03-07 00:00:00+00:00
[2025-03-07T02:33:55.598+0000] {processor.py:208} INFO - Processing /home/Ashreem/airflow-env/lib/python3.12/site-packages/airflow/example_dags/tutorial_taskflow_templates.py took 0.113 seconds
[2025-03-07T02:34:32.280+0000] {processor.py:186} INFO - Started process (PID=46435) to work on /home/Ashreem/airflow-env/lib/python3.12/site-packages/airflow/example_dags/tutorial_taskflow_templates.py
[2025-03-07T02:34:32.281+0000] {processor.py:914} INFO - Processing file /home/Ashreem/airflow-env/lib/python3.12/site-packages/airflow/example_dags/tutorial_taskflow_templates.py for tasks to queue
[2025-03-07T02:34:32.286+0000] {logging_mixin.py:190} INFO - [2025-03-07T02:34:32.285+0000] {dagbag.py:588} INFO - Filling up the DagBag from /home/Ashreem/airflow-env/lib/python3.12/site-packages/airflow/example_dags/tutorial_taskflow_templates.py
[2025-03-07T02:34:32.306+0000] {processor.py:925} INFO - DAG(s) 'tutorial_taskflow_templates' retrieved from /home/Ashreem/airflow-env/lib/python3.12/site-packages/airflow/example_dags/tutorial_taskflow_templates.py
[2025-03-07T02:34:32.327+0000] {logging_mixin.py:190} INFO - [2025-03-07T02:34:32.326+0000] {dag.py:3239} INFO - Sync 1 DAGs
[2025-03-07T02:34:32.352+0000] {logging_mixin.py:190} INFO - [2025-03-07T02:34:32.352+0000] {dag.py:4180} INFO - Setting next_dagrun for tutorial_taskflow_templates to 2025-03-06 00:00:00+00:00, run_after=2025-03-07 00:00:00+00:00
[2025-03-07T02:34:32.396+0000] {processor.py:208} INFO - Processing /home/Ashreem/airflow-env/lib/python3.12/site-packages/airflow/example_dags/tutorial_taskflow_templates.py took 0.127 seconds
[2025-03-07T02:35:36.341+0000] {processor.py:186} INFO - Started process (PID=46501) to work on /home/Ashreem/airflow-env/lib/python3.12/site-packages/airflow/example_dags/tutorial_taskflow_templates.py
[2025-03-07T02:35:36.343+0000] {processor.py:914} INFO - Processing file /home/Ashreem/airflow-env/lib/python3.12/site-packages/airflow/example_dags/tutorial_taskflow_templates.py for tasks to queue
[2025-03-07T02:35:36.345+0000] {logging_mixin.py:190} INFO - [2025-03-07T02:35:36.345+0000] {dagbag.py:588} INFO - Filling up the DagBag from /home/Ashreem/airflow-env/lib/python3.12/site-packages/airflow/example_dags/tutorial_taskflow_templates.py
[2025-03-07T02:35:36.365+0000] {processor.py:925} INFO - DAG(s) 'tutorial_taskflow_templates' retrieved from /home/Ashreem/airflow-env/lib/python3.12/site-packages/airflow/example_dags/tutorial_taskflow_templates.py
[2025-03-07T02:35:36.385+0000] {logging_mixin.py:190} INFO - [2025-03-07T02:35:36.385+0000] {dag.py:3239} INFO - Sync 1 DAGs
[2025-03-07T02:35:36.409+0000] {logging_mixin.py:190} INFO - [2025-03-07T02:35:36.409+0000] {dag.py:4180} INFO - Setting next_dagrun for tutorial_taskflow_templates to 2025-03-06 00:00:00+00:00, run_after=2025-03-07 00:00:00+00:00
[2025-03-07T02:35:36.445+0000] {processor.py:208} INFO - Processing /home/Ashreem/airflow-env/lib/python3.12/site-packages/airflow/example_dags/tutorial_taskflow_templates.py took 0.111 seconds
[2025-03-07T02:36:45.521+0000] {processor.py:186} INFO - Started process (PID=46572) to work on /home/Ashreem/airflow-env/lib/python3.12/site-packages/airflow/example_dags/tutorial_taskflow_templates.py
[2025-03-07T02:36:45.523+0000] {processor.py:914} INFO - Processing file /home/Ashreem/airflow-env/lib/python3.12/site-packages/airflow/example_dags/tutorial_taskflow_templates.py for tasks to queue
[2025-03-07T02:36:45.525+0000] {logging_mixin.py:190} INFO - [2025-03-07T02:36:45.525+0000] {dagbag.py:588} INFO - Filling up the DagBag from /home/Ashreem/airflow-env/lib/python3.12/site-packages/airflow/example_dags/tutorial_taskflow_templates.py
[2025-03-07T02:36:45.546+0000] {processor.py:925} INFO - DAG(s) 'tutorial_taskflow_templates' retrieved from /home/Ashreem/airflow-env/lib/python3.12/site-packages/airflow/example_dags/tutorial_taskflow_templates.py
[2025-03-07T02:36:45.566+0000] {logging_mixin.py:190} INFO - [2025-03-07T02:36:45.566+0000] {dag.py:3239} INFO - Sync 1 DAGs
[2025-03-07T02:36:45.591+0000] {logging_mixin.py:190} INFO - [2025-03-07T02:36:45.591+0000] {dag.py:4180} INFO - Setting next_dagrun for tutorial_taskflow_templates to 2025-03-06 00:00:00+00:00, run_after=2025-03-07 00:00:00+00:00
[2025-03-07T02:36:45.627+0000] {processor.py:208} INFO - Processing /home/Ashreem/airflow-env/lib/python3.12/site-packages/airflow/example_dags/tutorial_taskflow_templates.py took 0.114 seconds
[2025-03-07T02:37:46.252+0000] {processor.py:186} INFO - Started process (PID=46632) to work on /home/Ashreem/airflow-env/lib/python3.12/site-packages/airflow/example_dags/tutorial_taskflow_templates.py
[2025-03-07T02:37:46.257+0000] {processor.py:914} INFO - Processing file /home/Ashreem/airflow-env/lib/python3.12/site-packages/airflow/example_dags/tutorial_taskflow_templates.py for tasks to queue
[2025-03-07T02:37:46.260+0000] {logging_mixin.py:190} INFO - [2025-03-07T02:37:46.259+0000] {dagbag.py:588} INFO - Filling up the DagBag from /home/Ashreem/airflow-env/lib/python3.12/site-packages/airflow/example_dags/tutorial_taskflow_templates.py
[2025-03-07T02:37:46.277+0000] {processor.py:925} INFO - DAG(s) 'tutorial_taskflow_templates' retrieved from /home/Ashreem/airflow-env/lib/python3.12/site-packages/airflow/example_dags/tutorial_taskflow_templates.py
[2025-03-07T02:37:46.296+0000] {logging_mixin.py:190} INFO - [2025-03-07T02:37:46.296+0000] {dag.py:3239} INFO - Sync 1 DAGs
[2025-03-07T02:37:46.321+0000] {logging_mixin.py:190} INFO - [2025-03-07T02:37:46.321+0000] {dag.py:4180} INFO - Setting next_dagrun for tutorial_taskflow_templates to 2025-03-06 00:00:00+00:00, run_after=2025-03-07 00:00:00+00:00
[2025-03-07T02:37:46.355+0000] {processor.py:208} INFO - Processing /home/Ashreem/airflow-env/lib/python3.12/site-packages/airflow/example_dags/tutorial_taskflow_templates.py took 0.109 seconds
[2025-03-07T02:38:49.957+0000] {processor.py:186} INFO - Started process (PID=46702) to work on /home/Ashreem/airflow-env/lib/python3.12/site-packages/airflow/example_dags/tutorial_taskflow_templates.py
[2025-03-07T02:38:49.959+0000] {processor.py:914} INFO - Processing file /home/Ashreem/airflow-env/lib/python3.12/site-packages/airflow/example_dags/tutorial_taskflow_templates.py for tasks to queue
[2025-03-07T02:38:49.962+0000] {logging_mixin.py:190} INFO - [2025-03-07T02:38:49.961+0000] {dagbag.py:588} INFO - Filling up the DagBag from /home/Ashreem/airflow-env/lib/python3.12/site-packages/airflow/example_dags/tutorial_taskflow_templates.py
[2025-03-07T02:38:49.981+0000] {processor.py:925} INFO - DAG(s) 'tutorial_taskflow_templates' retrieved from /home/Ashreem/airflow-env/lib/python3.12/site-packages/airflow/example_dags/tutorial_taskflow_templates.py
[2025-03-07T02:38:50.002+0000] {logging_mixin.py:190} INFO - [2025-03-07T02:38:50.002+0000] {dag.py:3239} INFO - Sync 1 DAGs
[2025-03-07T02:38:50.030+0000] {logging_mixin.py:190} INFO - [2025-03-07T02:38:50.030+0000] {dag.py:4180} INFO - Setting next_dagrun for tutorial_taskflow_templates to 2025-03-06 00:00:00+00:00, run_after=2025-03-07 00:00:00+00:00
[2025-03-07T02:38:50.074+0000] {processor.py:208} INFO - Processing /home/Ashreem/airflow-env/lib/python3.12/site-packages/airflow/example_dags/tutorial_taskflow_templates.py took 0.124 seconds
[2025-03-07T02:39:52.960+0000] {processor.py:186} INFO - Started process (PID=46764) to work on /home/Ashreem/airflow-env/lib/python3.12/site-packages/airflow/example_dags/tutorial_taskflow_templates.py
[2025-03-07T02:39:52.962+0000] {processor.py:914} INFO - Processing file /home/Ashreem/airflow-env/lib/python3.12/site-packages/airflow/example_dags/tutorial_taskflow_templates.py for tasks to queue
[2025-03-07T02:39:52.967+0000] {logging_mixin.py:190} INFO - [2025-03-07T02:39:52.966+0000] {dagbag.py:588} INFO - Filling up the DagBag from /home/Ashreem/airflow-env/lib/python3.12/site-packages/airflow/example_dags/tutorial_taskflow_templates.py
[2025-03-07T02:39:52.988+0000] {processor.py:925} INFO - DAG(s) 'tutorial_taskflow_templates' retrieved from /home/Ashreem/airflow-env/lib/python3.12/site-packages/airflow/example_dags/tutorial_taskflow_templates.py
[2025-03-07T02:39:53.013+0000] {logging_mixin.py:190} INFO - [2025-03-07T02:39:53.013+0000] {dag.py:3239} INFO - Sync 1 DAGs
[2025-03-07T02:39:53.048+0000] {logging_mixin.py:190} INFO - [2025-03-07T02:39:53.047+0000] {dag.py:4180} INFO - Setting next_dagrun for tutorial_taskflow_templates to 2025-03-06 00:00:00+00:00, run_after=2025-03-07 00:00:00+00:00
[2025-03-07T02:39:53.093+0000] {processor.py:208} INFO - Processing /home/Ashreem/airflow-env/lib/python3.12/site-packages/airflow/example_dags/tutorial_taskflow_templates.py took 0.144 seconds
[2025-03-07T02:40:56.576+0000] {processor.py:186} INFO - Started process (PID=46829) to work on /home/Ashreem/airflow-env/lib/python3.12/site-packages/airflow/example_dags/tutorial_taskflow_templates.py
[2025-03-07T02:40:56.578+0000] {processor.py:914} INFO - Processing file /home/Ashreem/airflow-env/lib/python3.12/site-packages/airflow/example_dags/tutorial_taskflow_templates.py for tasks to queue
[2025-03-07T02:40:56.581+0000] {logging_mixin.py:190} INFO - [2025-03-07T02:40:56.581+0000] {dagbag.py:588} INFO - Filling up the DagBag from /home/Ashreem/airflow-env/lib/python3.12/site-packages/airflow/example_dags/tutorial_taskflow_templates.py
[2025-03-07T02:40:56.598+0000] {processor.py:925} INFO - DAG(s) 'tutorial_taskflow_templates' retrieved from /home/Ashreem/airflow-env/lib/python3.12/site-packages/airflow/example_dags/tutorial_taskflow_templates.py
[2025-03-07T02:40:56.617+0000] {logging_mixin.py:190} INFO - [2025-03-07T02:40:56.617+0000] {dag.py:3239} INFO - Sync 1 DAGs
[2025-03-07T02:40:56.643+0000] {logging_mixin.py:190} INFO - [2025-03-07T02:40:56.643+0000] {dag.py:4180} INFO - Setting next_dagrun for tutorial_taskflow_templates to 2025-03-06 00:00:00+00:00, run_after=2025-03-07 00:00:00+00:00
[2025-03-07T02:40:56.685+0000] {processor.py:208} INFO - Processing /home/Ashreem/airflow-env/lib/python3.12/site-packages/airflow/example_dags/tutorial_taskflow_templates.py took 0.116 seconds
[2025-03-07T02:41:58.497+0000] {processor.py:186} INFO - Started process (PID=46891) to work on /home/Ashreem/airflow-env/lib/python3.12/site-packages/airflow/example_dags/tutorial_taskflow_templates.py
[2025-03-07T02:41:58.498+0000] {processor.py:914} INFO - Processing file /home/Ashreem/airflow-env/lib/python3.12/site-packages/airflow/example_dags/tutorial_taskflow_templates.py for tasks to queue
[2025-03-07T02:41:58.501+0000] {logging_mixin.py:190} INFO - [2025-03-07T02:41:58.500+0000] {dagbag.py:588} INFO - Filling up the DagBag from /home/Ashreem/airflow-env/lib/python3.12/site-packages/airflow/example_dags/tutorial_taskflow_templates.py
[2025-03-07T02:41:58.518+0000] {processor.py:925} INFO - DAG(s) 'tutorial_taskflow_templates' retrieved from /home/Ashreem/airflow-env/lib/python3.12/site-packages/airflow/example_dags/tutorial_taskflow_templates.py
[2025-03-07T02:41:58.537+0000] {logging_mixin.py:190} INFO - [2025-03-07T02:41:58.537+0000] {dag.py:3239} INFO - Sync 1 DAGs
[2025-03-07T02:41:58.564+0000] {logging_mixin.py:190} INFO - [2025-03-07T02:41:58.564+0000] {dag.py:4180} INFO - Setting next_dagrun for tutorial_taskflow_templates to 2025-03-06 00:00:00+00:00, run_after=2025-03-07 00:00:00+00:00
[2025-03-07T02:41:58.603+0000] {processor.py:208} INFO - Processing /home/Ashreem/airflow-env/lib/python3.12/site-packages/airflow/example_dags/tutorial_taskflow_templates.py took 0.114 seconds
[2025-03-07T02:43:03.967+0000] {processor.py:186} INFO - Started process (PID=46960) to work on /home/Ashreem/airflow-env/lib/python3.12/site-packages/airflow/example_dags/tutorial_taskflow_templates.py
[2025-03-07T02:43:03.969+0000] {processor.py:914} INFO - Processing file /home/Ashreem/airflow-env/lib/python3.12/site-packages/airflow/example_dags/tutorial_taskflow_templates.py for tasks to queue
[2025-03-07T02:43:03.971+0000] {logging_mixin.py:190} INFO - [2025-03-07T02:43:03.971+0000] {dagbag.py:588} INFO - Filling up the DagBag from /home/Ashreem/airflow-env/lib/python3.12/site-packages/airflow/example_dags/tutorial_taskflow_templates.py
[2025-03-07T02:43:03.989+0000] {processor.py:925} INFO - DAG(s) 'tutorial_taskflow_templates' retrieved from /home/Ashreem/airflow-env/lib/python3.12/site-packages/airflow/example_dags/tutorial_taskflow_templates.py
[2025-03-07T02:43:04.008+0000] {logging_mixin.py:190} INFO - [2025-03-07T02:43:04.008+0000] {dag.py:3239} INFO - Sync 1 DAGs
[2025-03-07T02:43:04.061+0000] {logging_mixin.py:190} INFO - [2025-03-07T02:43:04.061+0000] {dag.py:4180} INFO - Setting next_dagrun for tutorial_taskflow_templates to 2025-03-06 00:00:00+00:00, run_after=2025-03-07 00:00:00+00:00
[2025-03-07T02:43:04.104+0000] {processor.py:208} INFO - Processing /home/Ashreem/airflow-env/lib/python3.12/site-packages/airflow/example_dags/tutorial_taskflow_templates.py took 0.144 seconds
[2025-03-07T02:44:08.039+0000] {processor.py:186} INFO - Started process (PID=47032) to work on /home/Ashreem/airflow-env/lib/python3.12/site-packages/airflow/example_dags/tutorial_taskflow_templates.py
[2025-03-07T02:44:08.040+0000] {processor.py:914} INFO - Processing file /home/Ashreem/airflow-env/lib/python3.12/site-packages/airflow/example_dags/tutorial_taskflow_templates.py for tasks to queue
[2025-03-07T02:44:08.043+0000] {logging_mixin.py:190} INFO - [2025-03-07T02:44:08.043+0000] {dagbag.py:588} INFO - Filling up the DagBag from /home/Ashreem/airflow-env/lib/python3.12/site-packages/airflow/example_dags/tutorial_taskflow_templates.py
[2025-03-07T02:44:08.064+0000] {processor.py:925} INFO - DAG(s) 'tutorial_taskflow_templates' retrieved from /home/Ashreem/airflow-env/lib/python3.12/site-packages/airflow/example_dags/tutorial_taskflow_templates.py
[2025-03-07T02:44:08.083+0000] {logging_mixin.py:190} INFO - [2025-03-07T02:44:08.083+0000] {dag.py:3239} INFO - Sync 1 DAGs
[2025-03-07T02:44:08.111+0000] {logging_mixin.py:190} INFO - [2025-03-07T02:44:08.111+0000] {dag.py:4180} INFO - Setting next_dagrun for tutorial_taskflow_templates to 2025-03-06 00:00:00+00:00, run_after=2025-03-07 00:00:00+00:00
[2025-03-07T02:44:08.148+0000] {processor.py:208} INFO - Processing /home/Ashreem/airflow-env/lib/python3.12/site-packages/airflow/example_dags/tutorial_taskflow_templates.py took 0.117 seconds
[2025-03-07T02:45:09.458+0000] {processor.py:186} INFO - Started process (PID=47112) to work on /home/Ashreem/airflow-env/lib/python3.12/site-packages/airflow/example_dags/tutorial_taskflow_templates.py
[2025-03-07T02:45:09.460+0000] {processor.py:914} INFO - Processing file /home/Ashreem/airflow-env/lib/python3.12/site-packages/airflow/example_dags/tutorial_taskflow_templates.py for tasks to queue
[2025-03-07T02:45:09.464+0000] {logging_mixin.py:190} INFO - [2025-03-07T02:45:09.463+0000] {dagbag.py:588} INFO - Filling up the DagBag from /home/Ashreem/airflow-env/lib/python3.12/site-packages/airflow/example_dags/tutorial_taskflow_templates.py
[2025-03-07T02:45:09.483+0000] {processor.py:925} INFO - DAG(s) 'tutorial_taskflow_templates' retrieved from /home/Ashreem/airflow-env/lib/python3.12/site-packages/airflow/example_dags/tutorial_taskflow_templates.py
[2025-03-07T02:45:09.506+0000] {logging_mixin.py:190} INFO - [2025-03-07T02:45:09.505+0000] {dag.py:3239} INFO - Sync 1 DAGs
[2025-03-07T02:45:09.537+0000] {logging_mixin.py:190} INFO - [2025-03-07T02:45:09.536+0000] {dag.py:4180} INFO - Setting next_dagrun for tutorial_taskflow_templates to 2025-03-06 00:00:00+00:00, run_after=2025-03-07 00:00:00+00:00
[2025-03-07T02:45:09.573+0000] {processor.py:208} INFO - Processing /home/Ashreem/airflow-env/lib/python3.12/site-packages/airflow/example_dags/tutorial_taskflow_templates.py took 0.124 seconds
[2025-03-07T02:46:13.880+0000] {processor.py:186} INFO - Started process (PID=47178) to work on /home/Ashreem/airflow-env/lib/python3.12/site-packages/airflow/example_dags/tutorial_taskflow_templates.py
[2025-03-07T02:46:13.882+0000] {processor.py:914} INFO - Processing file /home/Ashreem/airflow-env/lib/python3.12/site-packages/airflow/example_dags/tutorial_taskflow_templates.py for tasks to queue
[2025-03-07T02:46:13.885+0000] {logging_mixin.py:190} INFO - [2025-03-07T02:46:13.885+0000] {dagbag.py:588} INFO - Filling up the DagBag from /home/Ashreem/airflow-env/lib/python3.12/site-packages/airflow/example_dags/tutorial_taskflow_templates.py
[2025-03-07T02:46:13.904+0000] {processor.py:925} INFO - DAG(s) 'tutorial_taskflow_templates' retrieved from /home/Ashreem/airflow-env/lib/python3.12/site-packages/airflow/example_dags/tutorial_taskflow_templates.py
[2025-03-07T02:46:13.926+0000] {logging_mixin.py:190} INFO - [2025-03-07T02:46:13.926+0000] {dag.py:3239} INFO - Sync 1 DAGs
[2025-03-07T02:46:13.955+0000] {logging_mixin.py:190} INFO - [2025-03-07T02:46:13.955+0000] {dag.py:4180} INFO - Setting next_dagrun for tutorial_taskflow_templates to 2025-03-06 00:00:00+00:00, run_after=2025-03-07 00:00:00+00:00
[2025-03-07T02:46:13.991+0000] {processor.py:208} INFO - Processing /home/Ashreem/airflow-env/lib/python3.12/site-packages/airflow/example_dags/tutorial_taskflow_templates.py took 0.118 seconds
[2025-03-07T02:47:16.850+0000] {processor.py:186} INFO - Started process (PID=47238) to work on /home/Ashreem/airflow-env/lib/python3.12/site-packages/airflow/example_dags/tutorial_taskflow_templates.py
[2025-03-07T02:47:16.852+0000] {processor.py:914} INFO - Processing file /home/Ashreem/airflow-env/lib/python3.12/site-packages/airflow/example_dags/tutorial_taskflow_templates.py for tasks to queue
[2025-03-07T02:47:16.855+0000] {logging_mixin.py:190} INFO - [2025-03-07T02:47:16.855+0000] {dagbag.py:588} INFO - Filling up the DagBag from /home/Ashreem/airflow-env/lib/python3.12/site-packages/airflow/example_dags/tutorial_taskflow_templates.py
[2025-03-07T02:47:16.872+0000] {processor.py:925} INFO - DAG(s) 'tutorial_taskflow_templates' retrieved from /home/Ashreem/airflow-env/lib/python3.12/site-packages/airflow/example_dags/tutorial_taskflow_templates.py
[2025-03-07T02:47:16.892+0000] {logging_mixin.py:190} INFO - [2025-03-07T02:47:16.891+0000] {dag.py:3239} INFO - Sync 1 DAGs
[2025-03-07T02:47:16.918+0000] {logging_mixin.py:190} INFO - [2025-03-07T02:47:16.918+0000] {dag.py:4180} INFO - Setting next_dagrun for tutorial_taskflow_templates to 2025-03-06 00:00:00+00:00, run_after=2025-03-07 00:00:00+00:00
[2025-03-07T02:47:16.956+0000] {processor.py:208} INFO - Processing /home/Ashreem/airflow-env/lib/python3.12/site-packages/airflow/example_dags/tutorial_taskflow_templates.py took 0.115 seconds
[2025-03-07T02:48:25.748+0000] {processor.py:186} INFO - Started process (PID=47306) to work on /home/Ashreem/airflow-env/lib/python3.12/site-packages/airflow/example_dags/tutorial_taskflow_templates.py
[2025-03-07T02:48:25.750+0000] {processor.py:914} INFO - Processing file /home/Ashreem/airflow-env/lib/python3.12/site-packages/airflow/example_dags/tutorial_taskflow_templates.py for tasks to queue
[2025-03-07T02:48:25.754+0000] {logging_mixin.py:190} INFO - [2025-03-07T02:48:25.753+0000] {dagbag.py:588} INFO - Filling up the DagBag from /home/Ashreem/airflow-env/lib/python3.12/site-packages/airflow/example_dags/tutorial_taskflow_templates.py
[2025-03-07T02:48:25.772+0000] {processor.py:925} INFO - DAG(s) 'tutorial_taskflow_templates' retrieved from /home/Ashreem/airflow-env/lib/python3.12/site-packages/airflow/example_dags/tutorial_taskflow_templates.py
[2025-03-07T02:48:25.794+0000] {logging_mixin.py:190} INFO - [2025-03-07T02:48:25.794+0000] {dag.py:3239} INFO - Sync 1 DAGs
[2025-03-07T02:48:25.825+0000] {logging_mixin.py:190} INFO - [2025-03-07T02:48:25.825+0000] {dag.py:4180} INFO - Setting next_dagrun for tutorial_taskflow_templates to 2025-03-06 00:00:00+00:00, run_after=2025-03-07 00:00:00+00:00
[2025-03-07T02:48:25.866+0000] {processor.py:208} INFO - Processing /home/Ashreem/airflow-env/lib/python3.12/site-packages/airflow/example_dags/tutorial_taskflow_templates.py took 0.127 seconds
[2025-03-07T02:49:29.480+0000] {processor.py:186} INFO - Started process (PID=47381) to work on /home/Ashreem/airflow-env/lib/python3.12/site-packages/airflow/example_dags/tutorial_taskflow_templates.py
[2025-03-07T02:49:29.482+0000] {processor.py:914} INFO - Processing file /home/Ashreem/airflow-env/lib/python3.12/site-packages/airflow/example_dags/tutorial_taskflow_templates.py for tasks to queue
[2025-03-07T02:49:29.485+0000] {logging_mixin.py:190} INFO - [2025-03-07T02:49:29.484+0000] {dagbag.py:588} INFO - Filling up the DagBag from /home/Ashreem/airflow-env/lib/python3.12/site-packages/airflow/example_dags/tutorial_taskflow_templates.py
[2025-03-07T02:49:29.505+0000] {processor.py:925} INFO - DAG(s) 'tutorial_taskflow_templates' retrieved from /home/Ashreem/airflow-env/lib/python3.12/site-packages/airflow/example_dags/tutorial_taskflow_templates.py
[2025-03-07T02:49:29.529+0000] {logging_mixin.py:190} INFO - [2025-03-07T02:49:29.528+0000] {dag.py:3239} INFO - Sync 1 DAGs
[2025-03-07T02:49:29.557+0000] {logging_mixin.py:190} INFO - [2025-03-07T02:49:29.556+0000] {dag.py:4180} INFO - Setting next_dagrun for tutorial_taskflow_templates to 2025-03-06 00:00:00+00:00, run_after=2025-03-07 00:00:00+00:00
[2025-03-07T02:49:29.616+0000] {processor.py:208} INFO - Processing /home/Ashreem/airflow-env/lib/python3.12/site-packages/airflow/example_dags/tutorial_taskflow_templates.py took 0.146 seconds
[2025-03-07T02:50:06.552+0000] {processor.py:186} INFO - Started process (PID=47423) to work on /home/Ashreem/airflow-env/lib/python3.12/site-packages/airflow/example_dags/tutorial_taskflow_templates.py
[2025-03-07T02:50:06.553+0000] {processor.py:914} INFO - Processing file /home/Ashreem/airflow-env/lib/python3.12/site-packages/airflow/example_dags/tutorial_taskflow_templates.py for tasks to queue
[2025-03-07T02:50:06.557+0000] {logging_mixin.py:190} INFO - [2025-03-07T02:50:06.556+0000] {dagbag.py:588} INFO - Filling up the DagBag from /home/Ashreem/airflow-env/lib/python3.12/site-packages/airflow/example_dags/tutorial_taskflow_templates.py
[2025-03-07T02:50:06.574+0000] {processor.py:925} INFO - DAG(s) 'tutorial_taskflow_templates' retrieved from /home/Ashreem/airflow-env/lib/python3.12/site-packages/airflow/example_dags/tutorial_taskflow_templates.py
[2025-03-07T02:50:06.594+0000] {logging_mixin.py:190} INFO - [2025-03-07T02:50:06.594+0000] {dag.py:3239} INFO - Sync 1 DAGs
[2025-03-07T02:50:06.621+0000] {logging_mixin.py:190} INFO - [2025-03-07T02:50:06.620+0000] {dag.py:4180} INFO - Setting next_dagrun for tutorial_taskflow_templates to 2025-03-06 00:00:00+00:00, run_after=2025-03-07 00:00:00+00:00
[2025-03-07T02:50:06.658+0000] {processor.py:208} INFO - Processing /home/Ashreem/airflow-env/lib/python3.12/site-packages/airflow/example_dags/tutorial_taskflow_templates.py took 0.114 seconds
[2025-03-07T02:51:05.535+0000] {processor.py:186} INFO - Started process (PID=47488) to work on /home/Ashreem/airflow-env/lib/python3.12/site-packages/airflow/example_dags/tutorial_taskflow_templates.py
[2025-03-07T02:51:05.537+0000] {processor.py:914} INFO - Processing file /home/Ashreem/airflow-env/lib/python3.12/site-packages/airflow/example_dags/tutorial_taskflow_templates.py for tasks to queue
[2025-03-07T02:51:05.540+0000] {logging_mixin.py:190} INFO - [2025-03-07T02:51:05.540+0000] {dagbag.py:588} INFO - Filling up the DagBag from /home/Ashreem/airflow-env/lib/python3.12/site-packages/airflow/example_dags/tutorial_taskflow_templates.py
[2025-03-07T02:51:05.561+0000] {processor.py:925} INFO - DAG(s) 'tutorial_taskflow_templates' retrieved from /home/Ashreem/airflow-env/lib/python3.12/site-packages/airflow/example_dags/tutorial_taskflow_templates.py
[2025-03-07T02:51:05.583+0000] {logging_mixin.py:190} INFO - [2025-03-07T02:51:05.582+0000] {dag.py:3239} INFO - Sync 1 DAGs
[2025-03-07T02:51:05.613+0000] {logging_mixin.py:190} INFO - [2025-03-07T02:51:05.612+0000] {dag.py:4180} INFO - Setting next_dagrun for tutorial_taskflow_templates to 2025-03-06 00:00:00+00:00, run_after=2025-03-07 00:00:00+00:00
[2025-03-07T02:51:05.648+0000] {processor.py:208} INFO - Processing /home/Ashreem/airflow-env/lib/python3.12/site-packages/airflow/example_dags/tutorial_taskflow_templates.py took 0.122 seconds
[2025-03-07T02:52:10.613+0000] {processor.py:186} INFO - Started process (PID=47554) to work on /home/Ashreem/airflow-env/lib/python3.12/site-packages/airflow/example_dags/tutorial_taskflow_templates.py
[2025-03-07T02:52:10.615+0000] {processor.py:914} INFO - Processing file /home/Ashreem/airflow-env/lib/python3.12/site-packages/airflow/example_dags/tutorial_taskflow_templates.py for tasks to queue
[2025-03-07T02:52:10.618+0000] {logging_mixin.py:190} INFO - [2025-03-07T02:52:10.617+0000] {dagbag.py:588} INFO - Filling up the DagBag from /home/Ashreem/airflow-env/lib/python3.12/site-packages/airflow/example_dags/tutorial_taskflow_templates.py
[2025-03-07T02:52:10.635+0000] {processor.py:925} INFO - DAG(s) 'tutorial_taskflow_templates' retrieved from /home/Ashreem/airflow-env/lib/python3.12/site-packages/airflow/example_dags/tutorial_taskflow_templates.py
[2025-03-07T02:52:10.653+0000] {logging_mixin.py:190} INFO - [2025-03-07T02:52:10.652+0000] {dag.py:3239} INFO - Sync 1 DAGs
[2025-03-07T02:52:10.685+0000] {logging_mixin.py:190} INFO - [2025-03-07T02:52:10.684+0000] {dag.py:4180} INFO - Setting next_dagrun for tutorial_taskflow_templates to 2025-03-06 00:00:00+00:00, run_after=2025-03-07 00:00:00+00:00
[2025-03-07T02:52:10.721+0000] {processor.py:208} INFO - Processing /home/Ashreem/airflow-env/lib/python3.12/site-packages/airflow/example_dags/tutorial_taskflow_templates.py took 0.115 seconds
[2025-03-07T02:52:46.068+0000] {processor.py:186} INFO - Started process (PID=47589) to work on /home/Ashreem/airflow-env/lib/python3.12/site-packages/airflow/example_dags/tutorial_taskflow_templates.py
[2025-03-07T02:52:46.070+0000] {processor.py:914} INFO - Processing file /home/Ashreem/airflow-env/lib/python3.12/site-packages/airflow/example_dags/tutorial_taskflow_templates.py for tasks to queue
[2025-03-07T02:52:46.073+0000] {logging_mixin.py:190} INFO - [2025-03-07T02:52:46.073+0000] {dagbag.py:588} INFO - Filling up the DagBag from /home/Ashreem/airflow-env/lib/python3.12/site-packages/airflow/example_dags/tutorial_taskflow_templates.py
[2025-03-07T02:52:46.091+0000] {processor.py:925} INFO - DAG(s) 'tutorial_taskflow_templates' retrieved from /home/Ashreem/airflow-env/lib/python3.12/site-packages/airflow/example_dags/tutorial_taskflow_templates.py
[2025-03-07T02:52:46.113+0000] {logging_mixin.py:190} INFO - [2025-03-07T02:52:46.112+0000] {dag.py:3239} INFO - Sync 1 DAGs
[2025-03-07T02:52:46.159+0000] {logging_mixin.py:190} INFO - [2025-03-07T02:52:46.159+0000] {dag.py:4180} INFO - Setting next_dagrun for tutorial_taskflow_templates to 2025-03-06 00:00:00+00:00, run_after=2025-03-07 00:00:00+00:00
[2025-03-07T02:52:46.203+0000] {processor.py:208} INFO - Processing /home/Ashreem/airflow-env/lib/python3.12/site-packages/airflow/example_dags/tutorial_taskflow_templates.py took 0.150 seconds
[2025-03-07T02:53:46.398+0000] {processor.py:186} INFO - Started process (PID=47653) to work on /home/Ashreem/airflow-env/lib/python3.12/site-packages/airflow/example_dags/tutorial_taskflow_templates.py
[2025-03-07T02:53:46.400+0000] {processor.py:914} INFO - Processing file /home/Ashreem/airflow-env/lib/python3.12/site-packages/airflow/example_dags/tutorial_taskflow_templates.py for tasks to queue
[2025-03-07T02:53:46.403+0000] {logging_mixin.py:190} INFO - [2025-03-07T02:53:46.402+0000] {dagbag.py:588} INFO - Filling up the DagBag from /home/Ashreem/airflow-env/lib/python3.12/site-packages/airflow/example_dags/tutorial_taskflow_templates.py
[2025-03-07T02:53:46.420+0000] {processor.py:925} INFO - DAG(s) 'tutorial_taskflow_templates' retrieved from /home/Ashreem/airflow-env/lib/python3.12/site-packages/airflow/example_dags/tutorial_taskflow_templates.py
[2025-03-07T02:53:46.440+0000] {logging_mixin.py:190} INFO - [2025-03-07T02:53:46.440+0000] {dag.py:3239} INFO - Sync 1 DAGs
[2025-03-07T02:53:46.465+0000] {logging_mixin.py:190} INFO - [2025-03-07T02:53:46.465+0000] {dag.py:4180} INFO - Setting next_dagrun for tutorial_taskflow_templates to 2025-03-06 00:00:00+00:00, run_after=2025-03-07 00:00:00+00:00
[2025-03-07T02:53:46.507+0000] {processor.py:208} INFO - Processing /home/Ashreem/airflow-env/lib/python3.12/site-packages/airflow/example_dags/tutorial_taskflow_templates.py took 0.117 seconds
[2025-03-07T02:54:47.970+0000] {processor.py:186} INFO - Started process (PID=47714) to work on /home/Ashreem/airflow-env/lib/python3.12/site-packages/airflow/example_dags/tutorial_taskflow_templates.py
[2025-03-07T02:54:47.972+0000] {processor.py:914} INFO - Processing file /home/Ashreem/airflow-env/lib/python3.12/site-packages/airflow/example_dags/tutorial_taskflow_templates.py for tasks to queue
[2025-03-07T02:54:47.974+0000] {logging_mixin.py:190} INFO - [2025-03-07T02:54:47.974+0000] {dagbag.py:588} INFO - Filling up the DagBag from /home/Ashreem/airflow-env/lib/python3.12/site-packages/airflow/example_dags/tutorial_taskflow_templates.py
[2025-03-07T02:54:47.992+0000] {processor.py:925} INFO - DAG(s) 'tutorial_taskflow_templates' retrieved from /home/Ashreem/airflow-env/lib/python3.12/site-packages/airflow/example_dags/tutorial_taskflow_templates.py
[2025-03-07T02:54:48.011+0000] {logging_mixin.py:190} INFO - [2025-03-07T02:54:48.010+0000] {dag.py:3239} INFO - Sync 1 DAGs
[2025-03-07T02:54:48.036+0000] {logging_mixin.py:190} INFO - [2025-03-07T02:54:48.036+0000] {dag.py:4180} INFO - Setting next_dagrun for tutorial_taskflow_templates to 2025-03-06 00:00:00+00:00, run_after=2025-03-07 00:00:00+00:00
[2025-03-07T02:54:48.078+0000] {processor.py:208} INFO - Processing /home/Ashreem/airflow-env/lib/python3.12/site-packages/airflow/example_dags/tutorial_taskflow_templates.py took 0.116 seconds
[2025-03-07T02:55:50.190+0000] {processor.py:186} INFO - Started process (PID=47846) to work on /home/Ashreem/airflow-env/lib/python3.12/site-packages/airflow/example_dags/tutorial_taskflow_templates.py
[2025-03-07T02:55:50.192+0000] {processor.py:914} INFO - Processing file /home/Ashreem/airflow-env/lib/python3.12/site-packages/airflow/example_dags/tutorial_taskflow_templates.py for tasks to queue
[2025-03-07T02:55:50.195+0000] {logging_mixin.py:190} INFO - [2025-03-07T02:55:50.195+0000] {dagbag.py:588} INFO - Filling up the DagBag from /home/Ashreem/airflow-env/lib/python3.12/site-packages/airflow/example_dags/tutorial_taskflow_templates.py
[2025-03-07T02:55:50.217+0000] {processor.py:925} INFO - DAG(s) 'tutorial_taskflow_templates' retrieved from /home/Ashreem/airflow-env/lib/python3.12/site-packages/airflow/example_dags/tutorial_taskflow_templates.py
[2025-03-07T02:55:50.240+0000] {logging_mixin.py:190} INFO - [2025-03-07T02:55:50.240+0000] {dag.py:3239} INFO - Sync 1 DAGs
[2025-03-07T02:55:50.269+0000] {logging_mixin.py:190} INFO - [2025-03-07T02:55:50.269+0000] {dag.py:4180} INFO - Setting next_dagrun for tutorial_taskflow_templates to 2025-03-06 00:00:00+00:00, run_after=2025-03-07 00:00:00+00:00
[2025-03-07T02:55:50.308+0000] {processor.py:208} INFO - Processing /home/Ashreem/airflow-env/lib/python3.12/site-packages/airflow/example_dags/tutorial_taskflow_templates.py took 0.125 seconds
[2025-03-07T02:56:15.734+0000] {processor.py:186} INFO - Started process (PID=47903) to work on /home/Ashreem/airflow-env/lib/python3.12/site-packages/airflow/example_dags/tutorial_taskflow_templates.py
[2025-03-07T02:56:15.736+0000] {processor.py:914} INFO - Processing file /home/Ashreem/airflow-env/lib/python3.12/site-packages/airflow/example_dags/tutorial_taskflow_templates.py for tasks to queue
[2025-03-07T02:56:15.739+0000] {logging_mixin.py:190} INFO - [2025-03-07T02:56:15.738+0000] {dagbag.py:588} INFO - Filling up the DagBag from /home/Ashreem/airflow-env/lib/python3.12/site-packages/airflow/example_dags/tutorial_taskflow_templates.py
[2025-03-07T02:56:15.757+0000] {processor.py:925} INFO - DAG(s) 'tutorial_taskflow_templates' retrieved from /home/Ashreem/airflow-env/lib/python3.12/site-packages/airflow/example_dags/tutorial_taskflow_templates.py
[2025-03-07T02:56:15.789+0000] {logging_mixin.py:190} INFO - [2025-03-07T02:56:15.789+0000] {dag.py:3239} INFO - Sync 1 DAGs
[2025-03-07T02:56:15.821+0000] {logging_mixin.py:190} INFO - [2025-03-07T02:56:15.820+0000] {dag.py:4180} INFO - Setting next_dagrun for tutorial_taskflow_templates to 2025-03-06 00:00:00+00:00, run_after=2025-03-07 00:00:00+00:00
[2025-03-07T02:56:15.860+0000] {processor.py:208} INFO - Processing /home/Ashreem/airflow-env/lib/python3.12/site-packages/airflow/example_dags/tutorial_taskflow_templates.py took 0.135 seconds
[2025-03-07T02:56:24.575+0000] {processor.py:186} INFO - Started process (PID=47920) to work on /home/Ashreem/airflow-env/lib/python3.12/site-packages/airflow/example_dags/tutorial_taskflow_templates.py
[2025-03-07T02:56:24.577+0000] {processor.py:914} INFO - Processing file /home/Ashreem/airflow-env/lib/python3.12/site-packages/airflow/example_dags/tutorial_taskflow_templates.py for tasks to queue
[2025-03-07T02:56:24.579+0000] {logging_mixin.py:190} INFO - [2025-03-07T02:56:24.579+0000] {dagbag.py:588} INFO - Filling up the DagBag from /home/Ashreem/airflow-env/lib/python3.12/site-packages/airflow/example_dags/tutorial_taskflow_templates.py
[2025-03-07T02:56:24.599+0000] {processor.py:925} INFO - DAG(s) 'tutorial_taskflow_templates' retrieved from /home/Ashreem/airflow-env/lib/python3.12/site-packages/airflow/example_dags/tutorial_taskflow_templates.py
[2025-03-07T02:56:24.625+0000] {logging_mixin.py:190} INFO - [2025-03-07T02:56:24.625+0000] {dag.py:3239} INFO - Sync 1 DAGs
[2025-03-07T02:56:24.649+0000] {logging_mixin.py:190} INFO - [2025-03-07T02:56:24.649+0000] {dag.py:4180} INFO - Setting next_dagrun for tutorial_taskflow_templates to 2025-03-06 00:00:00+00:00, run_after=2025-03-07 00:00:00+00:00
[2025-03-07T02:56:24.685+0000] {processor.py:208} INFO - Processing /home/Ashreem/airflow-env/lib/python3.12/site-packages/airflow/example_dags/tutorial_taskflow_templates.py took 0.118 seconds
[2025-03-07T02:57:29.605+0000] {processor.py:186} INFO - Started process (PID=48031) to work on /home/Ashreem/airflow-env/lib/python3.12/site-packages/airflow/example_dags/tutorial_taskflow_templates.py
[2025-03-07T02:57:29.607+0000] {processor.py:914} INFO - Processing file /home/Ashreem/airflow-env/lib/python3.12/site-packages/airflow/example_dags/tutorial_taskflow_templates.py for tasks to queue
[2025-03-07T02:57:29.610+0000] {logging_mixin.py:190} INFO - [2025-03-07T02:57:29.609+0000] {dagbag.py:588} INFO - Filling up the DagBag from /home/Ashreem/airflow-env/lib/python3.12/site-packages/airflow/example_dags/tutorial_taskflow_templates.py
[2025-03-07T02:57:29.630+0000] {processor.py:925} INFO - DAG(s) 'tutorial_taskflow_templates' retrieved from /home/Ashreem/airflow-env/lib/python3.12/site-packages/airflow/example_dags/tutorial_taskflow_templates.py
[2025-03-07T02:57:29.651+0000] {logging_mixin.py:190} INFO - [2025-03-07T02:57:29.651+0000] {dag.py:3239} INFO - Sync 1 DAGs
[2025-03-07T02:57:29.679+0000] {logging_mixin.py:190} INFO - [2025-03-07T02:57:29.679+0000] {dag.py:4180} INFO - Setting next_dagrun for tutorial_taskflow_templates to 2025-03-06 00:00:00+00:00, run_after=2025-03-07 00:00:00+00:00
[2025-03-07T02:57:29.718+0000] {processor.py:208} INFO - Processing /home/Ashreem/airflow-env/lib/python3.12/site-packages/airflow/example_dags/tutorial_taskflow_templates.py took 0.121 seconds
[2025-03-07T02:58:34.413+0000] {processor.py:186} INFO - Started process (PID=48102) to work on /home/Ashreem/airflow-env/lib/python3.12/site-packages/airflow/example_dags/tutorial_taskflow_templates.py
[2025-03-07T02:58:34.414+0000] {processor.py:914} INFO - Processing file /home/Ashreem/airflow-env/lib/python3.12/site-packages/airflow/example_dags/tutorial_taskflow_templates.py for tasks to queue
[2025-03-07T02:58:34.417+0000] {logging_mixin.py:190} INFO - [2025-03-07T02:58:34.416+0000] {dagbag.py:588} INFO - Filling up the DagBag from /home/Ashreem/airflow-env/lib/python3.12/site-packages/airflow/example_dags/tutorial_taskflow_templates.py
[2025-03-07T02:58:34.435+0000] {processor.py:925} INFO - DAG(s) 'tutorial_taskflow_templates' retrieved from /home/Ashreem/airflow-env/lib/python3.12/site-packages/airflow/example_dags/tutorial_taskflow_templates.py
[2025-03-07T02:58:34.463+0000] {logging_mixin.py:190} INFO - [2025-03-07T02:58:34.463+0000] {dag.py:3239} INFO - Sync 1 DAGs
[2025-03-07T02:58:34.492+0000] {logging_mixin.py:190} INFO - [2025-03-07T02:58:34.491+0000] {dag.py:4180} INFO - Setting next_dagrun for tutorial_taskflow_templates to 2025-03-06 00:00:00+00:00, run_after=2025-03-07 00:00:00+00:00
[2025-03-07T02:58:34.530+0000] {processor.py:208} INFO - Processing /home/Ashreem/airflow-env/lib/python3.12/site-packages/airflow/example_dags/tutorial_taskflow_templates.py took 0.124 seconds
[2025-03-07T02:59:12.591+0000] {processor.py:186} INFO - Started process (PID=48178) to work on /home/Ashreem/airflow-env/lib/python3.12/site-packages/airflow/example_dags/tutorial_taskflow_templates.py
[2025-03-07T02:59:12.593+0000] {processor.py:914} INFO - Processing file /home/Ashreem/airflow-env/lib/python3.12/site-packages/airflow/example_dags/tutorial_taskflow_templates.py for tasks to queue
[2025-03-07T02:59:12.598+0000] {logging_mixin.py:190} INFO - [2025-03-07T02:59:12.597+0000] {dagbag.py:588} INFO - Filling up the DagBag from /home/Ashreem/airflow-env/lib/python3.12/site-packages/airflow/example_dags/tutorial_taskflow_templates.py
[2025-03-07T02:59:12.620+0000] {processor.py:925} INFO - DAG(s) 'tutorial_taskflow_templates' retrieved from /home/Ashreem/airflow-env/lib/python3.12/site-packages/airflow/example_dags/tutorial_taskflow_templates.py
[2025-03-07T02:59:12.651+0000] {logging_mixin.py:190} INFO - [2025-03-07T02:59:12.651+0000] {dag.py:3239} INFO - Sync 1 DAGs
[2025-03-07T02:59:12.682+0000] {logging_mixin.py:190} INFO - [2025-03-07T02:59:12.682+0000] {dag.py:4180} INFO - Setting next_dagrun for tutorial_taskflow_templates to 2025-03-06 00:00:00+00:00, run_after=2025-03-07 00:00:00+00:00
[2025-03-07T02:59:12.720+0000] {processor.py:208} INFO - Processing /home/Ashreem/airflow-env/lib/python3.12/site-packages/airflow/example_dags/tutorial_taskflow_templates.py took 0.136 seconds
[2025-03-07T02:59:41.117+0000] {processor.py:186} INFO - Started process (PID=48221) to work on /home/Ashreem/airflow-env/lib/python3.12/site-packages/airflow/example_dags/tutorial_taskflow_templates.py
[2025-03-07T02:59:41.118+0000] {processor.py:914} INFO - Processing file /home/Ashreem/airflow-env/lib/python3.12/site-packages/airflow/example_dags/tutorial_taskflow_templates.py for tasks to queue
[2025-03-07T02:59:41.122+0000] {logging_mixin.py:190} INFO - [2025-03-07T02:59:41.121+0000] {dagbag.py:588} INFO - Filling up the DagBag from /home/Ashreem/airflow-env/lib/python3.12/site-packages/airflow/example_dags/tutorial_taskflow_templates.py
[2025-03-07T02:59:41.143+0000] {processor.py:925} INFO - DAG(s) 'tutorial_taskflow_templates' retrieved from /home/Ashreem/airflow-env/lib/python3.12/site-packages/airflow/example_dags/tutorial_taskflow_templates.py
[2025-03-07T02:59:41.165+0000] {logging_mixin.py:190} INFO - [2025-03-07T02:59:41.165+0000] {dag.py:3239} INFO - Sync 1 DAGs
[2025-03-07T02:59:41.197+0000] {logging_mixin.py:190} INFO - [2025-03-07T02:59:41.197+0000] {dag.py:4180} INFO - Setting next_dagrun for tutorial_taskflow_templates to 2025-03-06 00:00:00+00:00, run_after=2025-03-07 00:00:00+00:00
[2025-03-07T02:59:41.235+0000] {processor.py:208} INFO - Processing /home/Ashreem/airflow-env/lib/python3.12/site-packages/airflow/example_dags/tutorial_taskflow_templates.py took 0.127 seconds
[2025-03-07T03:00:03.618+0000] {processor.py:186} INFO - Started process (PID=48275) to work on /home/Ashreem/airflow-env/lib/python3.12/site-packages/airflow/example_dags/tutorial_taskflow_templates.py
[2025-03-07T03:00:03.619+0000] {processor.py:914} INFO - Processing file /home/Ashreem/airflow-env/lib/python3.12/site-packages/airflow/example_dags/tutorial_taskflow_templates.py for tasks to queue
[2025-03-07T03:00:03.622+0000] {logging_mixin.py:190} INFO - [2025-03-07T03:00:03.621+0000] {dagbag.py:588} INFO - Filling up the DagBag from /home/Ashreem/airflow-env/lib/python3.12/site-packages/airflow/example_dags/tutorial_taskflow_templates.py
[2025-03-07T03:00:03.640+0000] {processor.py:925} INFO - DAG(s) 'tutorial_taskflow_templates' retrieved from /home/Ashreem/airflow-env/lib/python3.12/site-packages/airflow/example_dags/tutorial_taskflow_templates.py
[2025-03-07T03:00:03.674+0000] {logging_mixin.py:190} INFO - [2025-03-07T03:00:03.674+0000] {dag.py:3239} INFO - Sync 1 DAGs
[2025-03-07T03:00:03.704+0000] {logging_mixin.py:190} INFO - [2025-03-07T03:00:03.703+0000] {dag.py:4180} INFO - Setting next_dagrun for tutorial_taskflow_templates to 2025-03-06 00:00:00+00:00, run_after=2025-03-07 00:00:00+00:00
[2025-03-07T03:00:03.742+0000] {processor.py:208} INFO - Processing /home/Ashreem/airflow-env/lib/python3.12/site-packages/airflow/example_dags/tutorial_taskflow_templates.py took 0.132 seconds
[2025-03-07T03:00:48.715+0000] {processor.py:186} INFO - Started process (PID=48333) to work on /home/Ashreem/airflow-env/lib/python3.12/site-packages/airflow/example_dags/tutorial_taskflow_templates.py
[2025-03-07T03:00:48.718+0000] {processor.py:914} INFO - Processing file /home/Ashreem/airflow-env/lib/python3.12/site-packages/airflow/example_dags/tutorial_taskflow_templates.py for tasks to queue
[2025-03-07T03:00:48.721+0000] {logging_mixin.py:190} INFO - [2025-03-07T03:00:48.720+0000] {dagbag.py:588} INFO - Filling up the DagBag from /home/Ashreem/airflow-env/lib/python3.12/site-packages/airflow/example_dags/tutorial_taskflow_templates.py
[2025-03-07T03:00:48.740+0000] {processor.py:925} INFO - DAG(s) 'tutorial_taskflow_templates' retrieved from /home/Ashreem/airflow-env/lib/python3.12/site-packages/airflow/example_dags/tutorial_taskflow_templates.py
[2025-03-07T03:00:48.763+0000] {logging_mixin.py:190} INFO - [2025-03-07T03:00:48.763+0000] {dag.py:3239} INFO - Sync 1 DAGs
[2025-03-07T03:00:48.791+0000] {logging_mixin.py:190} INFO - [2025-03-07T03:00:48.791+0000] {dag.py:4180} INFO - Setting next_dagrun for tutorial_taskflow_templates to 2025-03-06 00:00:00+00:00, run_after=2025-03-07 00:00:00+00:00
[2025-03-07T03:00:48.830+0000] {processor.py:208} INFO - Processing /home/Ashreem/airflow-env/lib/python3.12/site-packages/airflow/example_dags/tutorial_taskflow_templates.py took 0.122 seconds
[2025-03-07T03:01:48.638+0000] {processor.py:186} INFO - Started process (PID=48399) to work on /home/Ashreem/airflow-env/lib/python3.12/site-packages/airflow/example_dags/tutorial_taskflow_templates.py
[2025-03-07T03:01:48.640+0000] {processor.py:914} INFO - Processing file /home/Ashreem/airflow-env/lib/python3.12/site-packages/airflow/example_dags/tutorial_taskflow_templates.py for tasks to queue
[2025-03-07T03:01:48.643+0000] {logging_mixin.py:190} INFO - [2025-03-07T03:01:48.643+0000] {dagbag.py:588} INFO - Filling up the DagBag from /home/Ashreem/airflow-env/lib/python3.12/site-packages/airflow/example_dags/tutorial_taskflow_templates.py
[2025-03-07T03:01:48.666+0000] {processor.py:925} INFO - DAG(s) 'tutorial_taskflow_templates' retrieved from /home/Ashreem/airflow-env/lib/python3.12/site-packages/airflow/example_dags/tutorial_taskflow_templates.py
[2025-03-07T03:01:48.687+0000] {logging_mixin.py:190} INFO - [2025-03-07T03:01:48.687+0000] {dag.py:3239} INFO - Sync 1 DAGs
[2025-03-07T03:01:48.713+0000] {logging_mixin.py:190} INFO - [2025-03-07T03:01:48.713+0000] {dag.py:4180} INFO - Setting next_dagrun for tutorial_taskflow_templates to 2025-03-06 00:00:00+00:00, run_after=2025-03-07 00:00:00+00:00
[2025-03-07T03:01:48.753+0000] {processor.py:208} INFO - Processing /home/Ashreem/airflow-env/lib/python3.12/site-packages/airflow/example_dags/tutorial_taskflow_templates.py took 0.124 seconds
[2025-03-07T03:02:50.151+0000] {processor.py:186} INFO - Started process (PID=48532) to work on /home/Ashreem/airflow-env/lib/python3.12/site-packages/airflow/example_dags/tutorial_taskflow_templates.py
[2025-03-07T03:02:50.152+0000] {processor.py:914} INFO - Processing file /home/Ashreem/airflow-env/lib/python3.12/site-packages/airflow/example_dags/tutorial_taskflow_templates.py for tasks to queue
[2025-03-07T03:02:50.155+0000] {logging_mixin.py:190} INFO - [2025-03-07T03:02:50.155+0000] {dagbag.py:588} INFO - Filling up the DagBag from /home/Ashreem/airflow-env/lib/python3.12/site-packages/airflow/example_dags/tutorial_taskflow_templates.py
[2025-03-07T03:02:50.174+0000] {processor.py:925} INFO - DAG(s) 'tutorial_taskflow_templates' retrieved from /home/Ashreem/airflow-env/lib/python3.12/site-packages/airflow/example_dags/tutorial_taskflow_templates.py
[2025-03-07T03:02:50.198+0000] {logging_mixin.py:190} INFO - [2025-03-07T03:02:50.198+0000] {dag.py:3239} INFO - Sync 1 DAGs
[2025-03-07T03:02:50.225+0000] {logging_mixin.py:190} INFO - [2025-03-07T03:02:50.225+0000] {dag.py:4180} INFO - Setting next_dagrun for tutorial_taskflow_templates to 2025-03-06 00:00:00+00:00, run_after=2025-03-07 00:00:00+00:00
[2025-03-07T03:02:50.263+0000] {processor.py:208} INFO - Processing /home/Ashreem/airflow-env/lib/python3.12/site-packages/airflow/example_dags/tutorial_taskflow_templates.py took 0.120 seconds
[2025-03-07T03:03:32.853+0000] {processor.py:186} INFO - Started process (PID=48598) to work on /home/Ashreem/airflow-env/lib/python3.12/site-packages/airflow/example_dags/tutorial_taskflow_templates.py
[2025-03-07T03:03:32.855+0000] {processor.py:914} INFO - Processing file /home/Ashreem/airflow-env/lib/python3.12/site-packages/airflow/example_dags/tutorial_taskflow_templates.py for tasks to queue
[2025-03-07T03:03:32.857+0000] {logging_mixin.py:190} INFO - [2025-03-07T03:03:32.857+0000] {dagbag.py:588} INFO - Filling up the DagBag from /home/Ashreem/airflow-env/lib/python3.12/site-packages/airflow/example_dags/tutorial_taskflow_templates.py
[2025-03-07T03:03:32.876+0000] {processor.py:925} INFO - DAG(s) 'tutorial_taskflow_templates' retrieved from /home/Ashreem/airflow-env/lib/python3.12/site-packages/airflow/example_dags/tutorial_taskflow_templates.py
[2025-03-07T03:03:32.904+0000] {logging_mixin.py:190} INFO - [2025-03-07T03:03:32.904+0000] {dag.py:3239} INFO - Sync 1 DAGs
[2025-03-07T03:03:32.937+0000] {logging_mixin.py:190} INFO - [2025-03-07T03:03:32.936+0000] {dag.py:4180} INFO - Setting next_dagrun for tutorial_taskflow_templates to 2025-03-06 00:00:00+00:00, run_after=2025-03-07 00:00:00+00:00
[2025-03-07T03:03:32.974+0000] {processor.py:208} INFO - Processing /home/Ashreem/airflow-env/lib/python3.12/site-packages/airflow/example_dags/tutorial_taskflow_templates.py took 0.130 seconds
[2025-03-07T03:04:34.787+0000] {processor.py:186} INFO - Started process (PID=48670) to work on /home/Ashreem/airflow-env/lib/python3.12/site-packages/airflow/example_dags/tutorial_taskflow_templates.py
[2025-03-07T03:04:34.789+0000] {processor.py:914} INFO - Processing file /home/Ashreem/airflow-env/lib/python3.12/site-packages/airflow/example_dags/tutorial_taskflow_templates.py for tasks to queue
[2025-03-07T03:04:34.791+0000] {logging_mixin.py:190} INFO - [2025-03-07T03:04:34.791+0000] {dagbag.py:588} INFO - Filling up the DagBag from /home/Ashreem/airflow-env/lib/python3.12/site-packages/airflow/example_dags/tutorial_taskflow_templates.py
[2025-03-07T03:04:34.812+0000] {processor.py:925} INFO - DAG(s) 'tutorial_taskflow_templates' retrieved from /home/Ashreem/airflow-env/lib/python3.12/site-packages/airflow/example_dags/tutorial_taskflow_templates.py
[2025-03-07T03:04:34.831+0000] {logging_mixin.py:190} INFO - [2025-03-07T03:04:34.831+0000] {dag.py:3239} INFO - Sync 1 DAGs
[2025-03-07T03:04:34.858+0000] {logging_mixin.py:190} INFO - [2025-03-07T03:04:34.857+0000] {dag.py:4180} INFO - Setting next_dagrun for tutorial_taskflow_templates to 2025-03-06 00:00:00+00:00, run_after=2025-03-07 00:00:00+00:00
[2025-03-07T03:04:34.892+0000] {processor.py:208} INFO - Processing /home/Ashreem/airflow-env/lib/python3.12/site-packages/airflow/example_dags/tutorial_taskflow_templates.py took 0.114 seconds
[2025-03-07T03:05:35.926+0000] {processor.py:186} INFO - Started process (PID=48917) to work on /home/Ashreem/airflow-env/lib/python3.12/site-packages/airflow/example_dags/tutorial_taskflow_templates.py
[2025-03-07T03:05:35.927+0000] {processor.py:914} INFO - Processing file /home/Ashreem/airflow-env/lib/python3.12/site-packages/airflow/example_dags/tutorial_taskflow_templates.py for tasks to queue
[2025-03-07T03:05:35.930+0000] {logging_mixin.py:190} INFO - [2025-03-07T03:05:35.929+0000] {dagbag.py:588} INFO - Filling up the DagBag from /home/Ashreem/airflow-env/lib/python3.12/site-packages/airflow/example_dags/tutorial_taskflow_templates.py
[2025-03-07T03:05:35.948+0000] {processor.py:925} INFO - DAG(s) 'tutorial_taskflow_templates' retrieved from /home/Ashreem/airflow-env/lib/python3.12/site-packages/airflow/example_dags/tutorial_taskflow_templates.py
[2025-03-07T03:05:35.972+0000] {logging_mixin.py:190} INFO - [2025-03-07T03:05:35.972+0000] {dag.py:3239} INFO - Sync 1 DAGs
[2025-03-07T03:05:35.998+0000] {logging_mixin.py:190} INFO - [2025-03-07T03:05:35.998+0000] {dag.py:4180} INFO - Setting next_dagrun for tutorial_taskflow_templates to 2025-03-06 00:00:00+00:00, run_after=2025-03-07 00:00:00+00:00
[2025-03-07T03:05:36.033+0000] {processor.py:208} INFO - Processing /home/Ashreem/airflow-env/lib/python3.12/site-packages/airflow/example_dags/tutorial_taskflow_templates.py took 0.114 seconds
[2025-03-07T03:06:43.058+0000] {processor.py:186} INFO - Started process (PID=48990) to work on /home/Ashreem/airflow-env/lib/python3.12/site-packages/airflow/example_dags/tutorial_taskflow_templates.py
[2025-03-07T03:06:43.059+0000] {processor.py:914} INFO - Processing file /home/Ashreem/airflow-env/lib/python3.12/site-packages/airflow/example_dags/tutorial_taskflow_templates.py for tasks to queue
[2025-03-07T03:06:43.062+0000] {logging_mixin.py:190} INFO - [2025-03-07T03:06:43.061+0000] {dagbag.py:588} INFO - Filling up the DagBag from /home/Ashreem/airflow-env/lib/python3.12/site-packages/airflow/example_dags/tutorial_taskflow_templates.py
[2025-03-07T03:06:43.080+0000] {processor.py:925} INFO - DAG(s) 'tutorial_taskflow_templates' retrieved from /home/Ashreem/airflow-env/lib/python3.12/site-packages/airflow/example_dags/tutorial_taskflow_templates.py
[2025-03-07T03:06:43.103+0000] {logging_mixin.py:190} INFO - [2025-03-07T03:06:43.102+0000] {dag.py:3239} INFO - Sync 1 DAGs
[2025-03-07T03:06:43.147+0000] {logging_mixin.py:190} INFO - [2025-03-07T03:06:43.147+0000] {dag.py:4180} INFO - Setting next_dagrun for tutorial_taskflow_templates to 2025-03-06 00:00:00+00:00, run_after=2025-03-07 00:00:00+00:00
[2025-03-07T03:06:43.190+0000] {processor.py:208} INFO - Processing /home/Ashreem/airflow-env/lib/python3.12/site-packages/airflow/example_dags/tutorial_taskflow_templates.py took 0.140 seconds
[2025-03-07T03:07:48.622+0000] {processor.py:186} INFO - Started process (PID=49071) to work on /home/Ashreem/airflow-env/lib/python3.12/site-packages/airflow/example_dags/tutorial_taskflow_templates.py
[2025-03-07T03:07:48.623+0000] {processor.py:914} INFO - Processing file /home/Ashreem/airflow-env/lib/python3.12/site-packages/airflow/example_dags/tutorial_taskflow_templates.py for tasks to queue
[2025-03-07T03:07:48.626+0000] {logging_mixin.py:190} INFO - [2025-03-07T03:07:48.625+0000] {dagbag.py:588} INFO - Filling up the DagBag from /home/Ashreem/airflow-env/lib/python3.12/site-packages/airflow/example_dags/tutorial_taskflow_templates.py
[2025-03-07T03:07:48.645+0000] {processor.py:925} INFO - DAG(s) 'tutorial_taskflow_templates' retrieved from /home/Ashreem/airflow-env/lib/python3.12/site-packages/airflow/example_dags/tutorial_taskflow_templates.py
[2025-03-07T03:07:48.676+0000] {logging_mixin.py:190} INFO - [2025-03-07T03:07:48.675+0000] {dag.py:3239} INFO - Sync 1 DAGs
[2025-03-07T03:07:48.706+0000] {logging_mixin.py:190} INFO - [2025-03-07T03:07:48.705+0000] {dag.py:4180} INFO - Setting next_dagrun for tutorial_taskflow_templates to 2025-03-06 00:00:00+00:00, run_after=2025-03-07 00:00:00+00:00
[2025-03-07T03:07:48.746+0000] {processor.py:208} INFO - Processing /home/Ashreem/airflow-env/lib/python3.12/site-packages/airflow/example_dags/tutorial_taskflow_templates.py took 0.132 seconds
[2025-03-07T03:08:50.552+0000] {processor.py:186} INFO - Started process (PID=49140) to work on /home/Ashreem/airflow-env/lib/python3.12/site-packages/airflow/example_dags/tutorial_taskflow_templates.py
[2025-03-07T03:08:50.553+0000] {processor.py:914} INFO - Processing file /home/Ashreem/airflow-env/lib/python3.12/site-packages/airflow/example_dags/tutorial_taskflow_templates.py for tasks to queue
[2025-03-07T03:08:50.556+0000] {logging_mixin.py:190} INFO - [2025-03-07T03:08:50.555+0000] {dagbag.py:588} INFO - Filling up the DagBag from /home/Ashreem/airflow-env/lib/python3.12/site-packages/airflow/example_dags/tutorial_taskflow_templates.py
[2025-03-07T03:08:50.574+0000] {processor.py:925} INFO - DAG(s) 'tutorial_taskflow_templates' retrieved from /home/Ashreem/airflow-env/lib/python3.12/site-packages/airflow/example_dags/tutorial_taskflow_templates.py
[2025-03-07T03:08:50.597+0000] {logging_mixin.py:190} INFO - [2025-03-07T03:08:50.597+0000] {dag.py:3239} INFO - Sync 1 DAGs
[2025-03-07T03:08:50.623+0000] {logging_mixin.py:190} INFO - [2025-03-07T03:08:50.623+0000] {dag.py:4180} INFO - Setting next_dagrun for tutorial_taskflow_templates to 2025-03-06 00:00:00+00:00, run_after=2025-03-07 00:00:00+00:00
[2025-03-07T03:08:50.663+0000] {processor.py:208} INFO - Processing /home/Ashreem/airflow-env/lib/python3.12/site-packages/airflow/example_dags/tutorial_taskflow_templates.py took 0.119 seconds
[2025-03-07T03:09:51.683+0000] {processor.py:186} INFO - Started process (PID=49203) to work on /home/Ashreem/airflow-env/lib/python3.12/site-packages/airflow/example_dags/tutorial_taskflow_templates.py
[2025-03-07T03:09:51.684+0000] {processor.py:914} INFO - Processing file /home/Ashreem/airflow-env/lib/python3.12/site-packages/airflow/example_dags/tutorial_taskflow_templates.py for tasks to queue
[2025-03-07T03:09:51.687+0000] {logging_mixin.py:190} INFO - [2025-03-07T03:09:51.687+0000] {dagbag.py:588} INFO - Filling up the DagBag from /home/Ashreem/airflow-env/lib/python3.12/site-packages/airflow/example_dags/tutorial_taskflow_templates.py
[2025-03-07T03:09:51.707+0000] {processor.py:925} INFO - DAG(s) 'tutorial_taskflow_templates' retrieved from /home/Ashreem/airflow-env/lib/python3.12/site-packages/airflow/example_dags/tutorial_taskflow_templates.py
[2025-03-07T03:09:51.733+0000] {logging_mixin.py:190} INFO - [2025-03-07T03:09:51.733+0000] {dag.py:3239} INFO - Sync 1 DAGs
[2025-03-07T03:09:51.763+0000] {logging_mixin.py:190} INFO - [2025-03-07T03:09:51.761+0000] {dag.py:4180} INFO - Setting next_dagrun for tutorial_taskflow_templates to 2025-03-06 00:00:00+00:00, run_after=2025-03-07 00:00:00+00:00
[2025-03-07T03:09:51.803+0000] {processor.py:208} INFO - Processing /home/Ashreem/airflow-env/lib/python3.12/site-packages/airflow/example_dags/tutorial_taskflow_templates.py took 0.128 seconds
