[2025-03-07T02:30:05.908+0000] {processor.py:186} INFO - Started process (PID=45964) to work on /home/Ashreem/airflow-env/lib/python3.12/site-packages/airflow/example_dags/tutorial_objectstorage.py
[2025-03-07T02:30:05.909+0000] {processor.py:914} INFO - Processing file /home/Ashreem/airflow-env/lib/python3.12/site-packages/airflow/example_dags/tutorial_objectstorage.py for tasks to queue
[2025-03-07T02:30:05.913+0000] {logging_mixin.py:190} INFO - [2025-03-07T02:30:05.912+0000] {dagbag.py:588} INFO - Filling up the DagBag from /home/Ashreem/airflow-env/lib/python3.12/site-packages/airflow/example_dags/tutorial_objectstorage.py
[2025-03-07T02:30:05.928+0000] {processor.py:925} INFO - DAG(s) 'tutorial_objectstorage' retrieved from /home/Ashreem/airflow-env/lib/python3.12/site-packages/airflow/example_dags/tutorial_objectstorage.py
[2025-03-07T02:30:06.259+0000] {logging_mixin.py:190} INFO - [2025-03-07T02:30:06.258+0000] {override.py:1930} INFO - Created Permission View: can read on DAG:tutorial_objectstorage
[2025-03-07T02:30:06.284+0000] {logging_mixin.py:190} INFO - [2025-03-07T02:30:06.284+0000] {override.py:1930} INFO - Created Permission View: can delete on DAG:tutorial_objectstorage
[2025-03-07T02:30:06.306+0000] {logging_mixin.py:190} INFO - [2025-03-07T02:30:06.306+0000] {override.py:1930} INFO - Created Permission View: can edit on DAG:tutorial_objectstorage
[2025-03-07T02:30:06.351+0000] {logging_mixin.py:190} INFO - [2025-03-07T02:30:06.350+0000] {override.py:1930} INFO - Created Permission View: can read on DAG Run:tutorial_objectstorage
[2025-03-07T02:30:06.374+0000] {logging_mixin.py:190} INFO - [2025-03-07T02:30:06.373+0000] {override.py:1930} INFO - Created Permission View: can delete on DAG Run:tutorial_objectstorage
[2025-03-07T02:30:06.396+0000] {logging_mixin.py:190} INFO - [2025-03-07T02:30:06.395+0000] {override.py:1930} INFO - Created Permission View: menu access on DAG Run:tutorial_objectstorage
[2025-03-07T02:30:06.416+0000] {logging_mixin.py:190} INFO - [2025-03-07T02:30:06.416+0000] {override.py:1930} INFO - Created Permission View: can create on DAG Run:tutorial_objectstorage
[2025-03-07T02:30:06.416+0000] {logging_mixin.py:190} INFO - [2025-03-07T02:30:06.416+0000] {dag.py:3239} INFO - Sync 1 DAGs
[2025-03-07T02:30:06.433+0000] {logging_mixin.py:190} INFO - [2025-03-07T02:30:06.432+0000] {dag.py:3262} INFO - Creating ORM DAG for tutorial_objectstorage
[2025-03-07T02:30:06.433+0000] {logging_mixin.py:190} INFO - [2025-03-07T02:30:06.433+0000] {dag.py:4180} INFO - Setting next_dagrun for tutorial_objectstorage to None, run_after=None
[2025-03-07T02:30:06.475+0000] {processor.py:208} INFO - Processing /home/Ashreem/airflow-env/lib/python3.12/site-packages/airflow/example_dags/tutorial_objectstorage.py took 0.575 seconds
[2025-03-07T02:32:51.982+0000] {processor.py:186} INFO - Started process (PID=46069) to work on /home/Ashreem/airflow-env/lib/python3.12/site-packages/airflow/example_dags/tutorial_objectstorage.py
[2025-03-07T02:32:51.984+0000] {processor.py:914} INFO - Processing file /home/Ashreem/airflow-env/lib/python3.12/site-packages/airflow/example_dags/tutorial_objectstorage.py for tasks to queue
[2025-03-07T02:32:51.987+0000] {logging_mixin.py:190} INFO - [2025-03-07T02:32:51.987+0000] {dagbag.py:588} INFO - Filling up the DagBag from /home/Ashreem/airflow-env/lib/python3.12/site-packages/airflow/example_dags/tutorial_objectstorage.py
[2025-03-07T02:32:52.000+0000] {processor.py:925} INFO - DAG(s) 'tutorial_objectstorage' retrieved from /home/Ashreem/airflow-env/lib/python3.12/site-packages/airflow/example_dags/tutorial_objectstorage.py
[2025-03-07T02:32:52.027+0000] {logging_mixin.py:190} INFO - [2025-03-07T02:32:52.027+0000] {dag.py:3239} INFO - Sync 1 DAGs
[2025-03-07T02:32:52.042+0000] {logging_mixin.py:190} INFO - [2025-03-07T02:32:52.042+0000] {dag.py:4180} INFO - Setting next_dagrun for tutorial_objectstorage to None, run_after=None
[2025-03-07T02:32:52.088+0000] {processor.py:208} INFO - Processing /home/Ashreem/airflow-env/lib/python3.12/site-packages/airflow/example_dags/tutorial_objectstorage.py took 0.113 seconds
[2025-03-07T02:33:56.738+0000] {processor.py:186} INFO - Started process (PID=46396) to work on /home/Ashreem/airflow-env/lib/python3.12/site-packages/airflow/example_dags/tutorial_objectstorage.py
[2025-03-07T02:33:56.740+0000] {processor.py:914} INFO - Processing file /home/Ashreem/airflow-env/lib/python3.12/site-packages/airflow/example_dags/tutorial_objectstorage.py for tasks to queue
[2025-03-07T02:33:56.743+0000] {logging_mixin.py:190} INFO - [2025-03-07T02:33:56.743+0000] {dagbag.py:588} INFO - Filling up the DagBag from /home/Ashreem/airflow-env/lib/python3.12/site-packages/airflow/example_dags/tutorial_objectstorage.py
[2025-03-07T02:33:56.756+0000] {processor.py:925} INFO - DAG(s) 'tutorial_objectstorage' retrieved from /home/Ashreem/airflow-env/lib/python3.12/site-packages/airflow/example_dags/tutorial_objectstorage.py
[2025-03-07T02:33:56.773+0000] {logging_mixin.py:190} INFO - [2025-03-07T02:33:56.773+0000] {dag.py:3239} INFO - Sync 1 DAGs
[2025-03-07T02:33:56.792+0000] {logging_mixin.py:190} INFO - [2025-03-07T02:33:56.792+0000] {dag.py:4180} INFO - Setting next_dagrun for tutorial_objectstorage to None, run_after=None
[2025-03-07T02:33:56.829+0000] {processor.py:208} INFO - Processing /home/Ashreem/airflow-env/lib/python3.12/site-packages/airflow/example_dags/tutorial_objectstorage.py took 0.098 seconds
[2025-03-07T02:34:33.528+0000] {processor.py:186} INFO - Started process (PID=46436) to work on /home/Ashreem/airflow-env/lib/python3.12/site-packages/airflow/example_dags/tutorial_objectstorage.py
[2025-03-07T02:34:33.530+0000] {processor.py:914} INFO - Processing file /home/Ashreem/airflow-env/lib/python3.12/site-packages/airflow/example_dags/tutorial_objectstorage.py for tasks to queue
[2025-03-07T02:34:33.533+0000] {logging_mixin.py:190} INFO - [2025-03-07T02:34:33.533+0000] {dagbag.py:588} INFO - Filling up the DagBag from /home/Ashreem/airflow-env/lib/python3.12/site-packages/airflow/example_dags/tutorial_objectstorage.py
[2025-03-07T02:34:33.545+0000] {processor.py:925} INFO - DAG(s) 'tutorial_objectstorage' retrieved from /home/Ashreem/airflow-env/lib/python3.12/site-packages/airflow/example_dags/tutorial_objectstorage.py
[2025-03-07T02:34:33.566+0000] {logging_mixin.py:190} INFO - [2025-03-07T02:34:33.565+0000] {dag.py:3239} INFO - Sync 1 DAGs
[2025-03-07T02:34:33.584+0000] {logging_mixin.py:190} INFO - [2025-03-07T02:34:33.584+0000] {dag.py:4180} INFO - Setting next_dagrun for tutorial_objectstorage to None, run_after=None
[2025-03-07T02:34:33.620+0000] {processor.py:208} INFO - Processing /home/Ashreem/airflow-env/lib/python3.12/site-packages/airflow/example_dags/tutorial_objectstorage.py took 0.099 seconds
[2025-03-07T02:35:37.591+0000] {processor.py:186} INFO - Started process (PID=46502) to work on /home/Ashreem/airflow-env/lib/python3.12/site-packages/airflow/example_dags/tutorial_objectstorage.py
[2025-03-07T02:35:37.592+0000] {processor.py:914} INFO - Processing file /home/Ashreem/airflow-env/lib/python3.12/site-packages/airflow/example_dags/tutorial_objectstorage.py for tasks to queue
[2025-03-07T02:35:37.595+0000] {logging_mixin.py:190} INFO - [2025-03-07T02:35:37.595+0000] {dagbag.py:588} INFO - Filling up the DagBag from /home/Ashreem/airflow-env/lib/python3.12/site-packages/airflow/example_dags/tutorial_objectstorage.py
[2025-03-07T02:35:37.607+0000] {processor.py:925} INFO - DAG(s) 'tutorial_objectstorage' retrieved from /home/Ashreem/airflow-env/lib/python3.12/site-packages/airflow/example_dags/tutorial_objectstorage.py
[2025-03-07T02:35:37.626+0000] {logging_mixin.py:190} INFO - [2025-03-07T02:35:37.626+0000] {dag.py:3239} INFO - Sync 1 DAGs
[2025-03-07T02:35:37.642+0000] {logging_mixin.py:190} INFO - [2025-03-07T02:35:37.642+0000] {dag.py:4180} INFO - Setting next_dagrun for tutorial_objectstorage to None, run_after=None
[2025-03-07T02:35:37.678+0000] {processor.py:208} INFO - Processing /home/Ashreem/airflow-env/lib/python3.12/site-packages/airflow/example_dags/tutorial_objectstorage.py took 0.098 seconds
[2025-03-07T02:36:45.960+0000] {processor.py:186} INFO - Started process (PID=46573) to work on /home/Ashreem/airflow-env/lib/python3.12/site-packages/airflow/example_dags/tutorial_objectstorage.py
[2025-03-07T02:36:45.962+0000] {processor.py:914} INFO - Processing file /home/Ashreem/airflow-env/lib/python3.12/site-packages/airflow/example_dags/tutorial_objectstorage.py for tasks to queue
[2025-03-07T02:36:45.965+0000] {logging_mixin.py:190} INFO - [2025-03-07T02:36:45.964+0000] {dagbag.py:588} INFO - Filling up the DagBag from /home/Ashreem/airflow-env/lib/python3.12/site-packages/airflow/example_dags/tutorial_objectstorage.py
[2025-03-07T02:36:45.978+0000] {processor.py:925} INFO - DAG(s) 'tutorial_objectstorage' retrieved from /home/Ashreem/airflow-env/lib/python3.12/site-packages/airflow/example_dags/tutorial_objectstorage.py
[2025-03-07T02:36:46.000+0000] {logging_mixin.py:190} INFO - [2025-03-07T02:36:46.000+0000] {dag.py:3239} INFO - Sync 1 DAGs
[2025-03-07T02:36:46.016+0000] {logging_mixin.py:190} INFO - [2025-03-07T02:36:46.016+0000] {dag.py:4180} INFO - Setting next_dagrun for tutorial_objectstorage to None, run_after=None
[2025-03-07T02:36:46.060+0000] {processor.py:208} INFO - Processing /home/Ashreem/airflow-env/lib/python3.12/site-packages/airflow/example_dags/tutorial_objectstorage.py took 0.109 seconds
[2025-03-07T02:37:47.508+0000] {processor.py:186} INFO - Started process (PID=46633) to work on /home/Ashreem/airflow-env/lib/python3.12/site-packages/airflow/example_dags/tutorial_objectstorage.py
[2025-03-07T02:37:47.509+0000] {processor.py:914} INFO - Processing file /home/Ashreem/airflow-env/lib/python3.12/site-packages/airflow/example_dags/tutorial_objectstorage.py for tasks to queue
[2025-03-07T02:37:47.512+0000] {logging_mixin.py:190} INFO - [2025-03-07T02:37:47.511+0000] {dagbag.py:588} INFO - Filling up the DagBag from /home/Ashreem/airflow-env/lib/python3.12/site-packages/airflow/example_dags/tutorial_objectstorage.py
[2025-03-07T02:37:47.526+0000] {processor.py:925} INFO - DAG(s) 'tutorial_objectstorage' retrieved from /home/Ashreem/airflow-env/lib/python3.12/site-packages/airflow/example_dags/tutorial_objectstorage.py
[2025-03-07T02:37:47.546+0000] {logging_mixin.py:190} INFO - [2025-03-07T02:37:47.545+0000] {dag.py:3239} INFO - Sync 1 DAGs
[2025-03-07T02:37:47.561+0000] {logging_mixin.py:190} INFO - [2025-03-07T02:37:47.561+0000] {dag.py:4180} INFO - Setting next_dagrun for tutorial_objectstorage to None, run_after=None
[2025-03-07T02:37:47.598+0000] {processor.py:208} INFO - Processing /home/Ashreem/airflow-env/lib/python3.12/site-packages/airflow/example_dags/tutorial_objectstorage.py took 0.098 seconds
[2025-03-07T02:38:50.393+0000] {processor.py:186} INFO - Started process (PID=46703) to work on /home/Ashreem/airflow-env/lib/python3.12/site-packages/airflow/example_dags/tutorial_objectstorage.py
[2025-03-07T02:38:50.395+0000] {processor.py:914} INFO - Processing file /home/Ashreem/airflow-env/lib/python3.12/site-packages/airflow/example_dags/tutorial_objectstorage.py for tasks to queue
[2025-03-07T02:38:50.398+0000] {logging_mixin.py:190} INFO - [2025-03-07T02:38:50.397+0000] {dagbag.py:588} INFO - Filling up the DagBag from /home/Ashreem/airflow-env/lib/python3.12/site-packages/airflow/example_dags/tutorial_objectstorage.py
[2025-03-07T02:38:50.412+0000] {processor.py:925} INFO - DAG(s) 'tutorial_objectstorage' retrieved from /home/Ashreem/airflow-env/lib/python3.12/site-packages/airflow/example_dags/tutorial_objectstorage.py
[2025-03-07T02:38:50.432+0000] {logging_mixin.py:190} INFO - [2025-03-07T02:38:50.432+0000] {dag.py:3239} INFO - Sync 1 DAGs
[2025-03-07T02:38:50.451+0000] {logging_mixin.py:190} INFO - [2025-03-07T02:38:50.451+0000] {dag.py:4180} INFO - Setting next_dagrun for tutorial_objectstorage to None, run_after=None
[2025-03-07T02:38:50.493+0000] {processor.py:208} INFO - Processing /home/Ashreem/airflow-env/lib/python3.12/site-packages/airflow/example_dags/tutorial_objectstorage.py took 0.107 seconds
[2025-03-07T02:39:53.902+0000] {processor.py:186} INFO - Started process (PID=46765) to work on /home/Ashreem/airflow-env/lib/python3.12/site-packages/airflow/example_dags/tutorial_objectstorage.py
[2025-03-07T02:39:53.904+0000] {processor.py:914} INFO - Processing file /home/Ashreem/airflow-env/lib/python3.12/site-packages/airflow/example_dags/tutorial_objectstorage.py for tasks to queue
[2025-03-07T02:39:53.906+0000] {logging_mixin.py:190} INFO - [2025-03-07T02:39:53.906+0000] {dagbag.py:588} INFO - Filling up the DagBag from /home/Ashreem/airflow-env/lib/python3.12/site-packages/airflow/example_dags/tutorial_objectstorage.py
[2025-03-07T02:39:53.920+0000] {processor.py:925} INFO - DAG(s) 'tutorial_objectstorage' retrieved from /home/Ashreem/airflow-env/lib/python3.12/site-packages/airflow/example_dags/tutorial_objectstorage.py
[2025-03-07T02:39:53.939+0000] {logging_mixin.py:190} INFO - [2025-03-07T02:39:53.939+0000] {dag.py:3239} INFO - Sync 1 DAGs
[2025-03-07T02:39:53.955+0000] {logging_mixin.py:190} INFO - [2025-03-07T02:39:53.955+0000] {dag.py:4180} INFO - Setting next_dagrun for tutorial_objectstorage to None, run_after=None
[2025-03-07T02:39:53.995+0000] {processor.py:208} INFO - Processing /home/Ashreem/airflow-env/lib/python3.12/site-packages/airflow/example_dags/tutorial_objectstorage.py took 0.101 seconds
[2025-03-07T02:40:57.157+0000] {processor.py:186} INFO - Started process (PID=46831) to work on /home/Ashreem/airflow-env/lib/python3.12/site-packages/airflow/example_dags/tutorial_objectstorage.py
[2025-03-07T02:40:57.158+0000] {processor.py:914} INFO - Processing file /home/Ashreem/airflow-env/lib/python3.12/site-packages/airflow/example_dags/tutorial_objectstorage.py for tasks to queue
[2025-03-07T02:40:57.161+0000] {logging_mixin.py:190} INFO - [2025-03-07T02:40:57.161+0000] {dagbag.py:588} INFO - Filling up the DagBag from /home/Ashreem/airflow-env/lib/python3.12/site-packages/airflow/example_dags/tutorial_objectstorage.py
[2025-03-07T02:40:57.176+0000] {processor.py:925} INFO - DAG(s) 'tutorial_objectstorage' retrieved from /home/Ashreem/airflow-env/lib/python3.12/site-packages/airflow/example_dags/tutorial_objectstorage.py
[2025-03-07T02:40:57.199+0000] {logging_mixin.py:190} INFO - [2025-03-07T02:40:57.199+0000] {dag.py:3239} INFO - Sync 1 DAGs
[2025-03-07T02:40:57.216+0000] {logging_mixin.py:190} INFO - [2025-03-07T02:40:57.216+0000] {dag.py:4180} INFO - Setting next_dagrun for tutorial_objectstorage to None, run_after=None
[2025-03-07T02:40:57.257+0000] {processor.py:208} INFO - Processing /home/Ashreem/airflow-env/lib/python3.12/site-packages/airflow/example_dags/tutorial_objectstorage.py took 0.108 seconds
[2025-03-07T02:41:59.746+0000] {processor.py:186} INFO - Started process (PID=46892) to work on /home/Ashreem/airflow-env/lib/python3.12/site-packages/airflow/example_dags/tutorial_objectstorage.py
[2025-03-07T02:41:59.747+0000] {processor.py:914} INFO - Processing file /home/Ashreem/airflow-env/lib/python3.12/site-packages/airflow/example_dags/tutorial_objectstorage.py for tasks to queue
[2025-03-07T02:41:59.749+0000] {logging_mixin.py:190} INFO - [2025-03-07T02:41:59.749+0000] {dagbag.py:588} INFO - Filling up the DagBag from /home/Ashreem/airflow-env/lib/python3.12/site-packages/airflow/example_dags/tutorial_objectstorage.py
[2025-03-07T02:41:59.763+0000] {processor.py:925} INFO - DAG(s) 'tutorial_objectstorage' retrieved from /home/Ashreem/airflow-env/lib/python3.12/site-packages/airflow/example_dags/tutorial_objectstorage.py
[2025-03-07T02:41:59.780+0000] {logging_mixin.py:190} INFO - [2025-03-07T02:41:59.780+0000] {dag.py:3239} INFO - Sync 1 DAGs
[2025-03-07T02:41:59.795+0000] {logging_mixin.py:190} INFO - [2025-03-07T02:41:59.795+0000] {dag.py:4180} INFO - Setting next_dagrun for tutorial_objectstorage to None, run_after=None
[2025-03-07T02:41:59.833+0000] {processor.py:208} INFO - Processing /home/Ashreem/airflow-env/lib/python3.12/site-packages/airflow/example_dags/tutorial_objectstorage.py took 0.095 seconds
[2025-03-07T02:43:05.212+0000] {processor.py:186} INFO - Started process (PID=46961) to work on /home/Ashreem/airflow-env/lib/python3.12/site-packages/airflow/example_dags/tutorial_objectstorage.py
[2025-03-07T02:43:05.213+0000] {processor.py:914} INFO - Processing file /home/Ashreem/airflow-env/lib/python3.12/site-packages/airflow/example_dags/tutorial_objectstorage.py for tasks to queue
[2025-03-07T02:43:05.220+0000] {logging_mixin.py:190} INFO - [2025-03-07T02:43:05.216+0000] {dagbag.py:588} INFO - Filling up the DagBag from /home/Ashreem/airflow-env/lib/python3.12/site-packages/airflow/example_dags/tutorial_objectstorage.py
[2025-03-07T02:43:05.235+0000] {processor.py:925} INFO - DAG(s) 'tutorial_objectstorage' retrieved from /home/Ashreem/airflow-env/lib/python3.12/site-packages/airflow/example_dags/tutorial_objectstorage.py
[2025-03-07T02:43:05.254+0000] {logging_mixin.py:190} INFO - [2025-03-07T02:43:05.254+0000] {dag.py:3239} INFO - Sync 1 DAGs
[2025-03-07T02:43:05.272+0000] {logging_mixin.py:190} INFO - [2025-03-07T02:43:05.271+0000] {dag.py:4180} INFO - Setting next_dagrun for tutorial_objectstorage to None, run_after=None
[2025-03-07T02:43:05.309+0000] {processor.py:208} INFO - Processing /home/Ashreem/airflow-env/lib/python3.12/site-packages/airflow/example_dags/tutorial_objectstorage.py took 0.104 seconds
[2025-03-07T02:44:08.591+0000] {processor.py:186} INFO - Started process (PID=47033) to work on /home/Ashreem/airflow-env/lib/python3.12/site-packages/airflow/example_dags/tutorial_objectstorage.py
[2025-03-07T02:44:08.593+0000] {processor.py:914} INFO - Processing file /home/Ashreem/airflow-env/lib/python3.12/site-packages/airflow/example_dags/tutorial_objectstorage.py for tasks to queue
[2025-03-07T02:44:08.596+0000] {logging_mixin.py:190} INFO - [2025-03-07T02:44:08.595+0000] {dagbag.py:588} INFO - Filling up the DagBag from /home/Ashreem/airflow-env/lib/python3.12/site-packages/airflow/example_dags/tutorial_objectstorage.py
[2025-03-07T02:44:08.611+0000] {processor.py:925} INFO - DAG(s) 'tutorial_objectstorage' retrieved from /home/Ashreem/airflow-env/lib/python3.12/site-packages/airflow/example_dags/tutorial_objectstorage.py
[2025-03-07T02:44:08.630+0000] {logging_mixin.py:190} INFO - [2025-03-07T02:44:08.630+0000] {dag.py:3239} INFO - Sync 1 DAGs
[2025-03-07T02:44:08.646+0000] {logging_mixin.py:190} INFO - [2025-03-07T02:44:08.646+0000] {dag.py:4180} INFO - Setting next_dagrun for tutorial_objectstorage to None, run_after=None
[2025-03-07T02:44:08.686+0000] {processor.py:208} INFO - Processing /home/Ashreem/airflow-env/lib/python3.12/site-packages/airflow/example_dags/tutorial_objectstorage.py took 0.103 seconds
[2025-03-07T02:45:10.708+0000] {processor.py:186} INFO - Started process (PID=47113) to work on /home/Ashreem/airflow-env/lib/python3.12/site-packages/airflow/example_dags/tutorial_objectstorage.py
[2025-03-07T02:45:10.710+0000] {processor.py:914} INFO - Processing file /home/Ashreem/airflow-env/lib/python3.12/site-packages/airflow/example_dags/tutorial_objectstorage.py for tasks to queue
[2025-03-07T02:45:10.713+0000] {logging_mixin.py:190} INFO - [2025-03-07T02:45:10.713+0000] {dagbag.py:588} INFO - Filling up the DagBag from /home/Ashreem/airflow-env/lib/python3.12/site-packages/airflow/example_dags/tutorial_objectstorage.py
[2025-03-07T02:45:10.727+0000] {processor.py:925} INFO - DAG(s) 'tutorial_objectstorage' retrieved from /home/Ashreem/airflow-env/lib/python3.12/site-packages/airflow/example_dags/tutorial_objectstorage.py
[2025-03-07T02:45:10.746+0000] {logging_mixin.py:190} INFO - [2025-03-07T02:45:10.746+0000] {dag.py:3239} INFO - Sync 1 DAGs
[2025-03-07T02:45:10.762+0000] {logging_mixin.py:190} INFO - [2025-03-07T02:45:10.762+0000] {dag.py:4180} INFO - Setting next_dagrun for tutorial_objectstorage to None, run_after=None
[2025-03-07T02:45:10.802+0000] {processor.py:208} INFO - Processing /home/Ashreem/airflow-env/lib/python3.12/site-packages/airflow/example_dags/tutorial_objectstorage.py took 0.106 seconds
[2025-03-07T02:46:14.604+0000] {processor.py:186} INFO - Started process (PID=47179) to work on /home/Ashreem/airflow-env/lib/python3.12/site-packages/airflow/example_dags/tutorial_objectstorage.py
[2025-03-07T02:46:14.605+0000] {processor.py:914} INFO - Processing file /home/Ashreem/airflow-env/lib/python3.12/site-packages/airflow/example_dags/tutorial_objectstorage.py for tasks to queue
[2025-03-07T02:46:14.608+0000] {logging_mixin.py:190} INFO - [2025-03-07T02:46:14.608+0000] {dagbag.py:588} INFO - Filling up the DagBag from /home/Ashreem/airflow-env/lib/python3.12/site-packages/airflow/example_dags/tutorial_objectstorage.py
[2025-03-07T02:46:14.622+0000] {processor.py:925} INFO - DAG(s) 'tutorial_objectstorage' retrieved from /home/Ashreem/airflow-env/lib/python3.12/site-packages/airflow/example_dags/tutorial_objectstorage.py
[2025-03-07T02:46:14.641+0000] {logging_mixin.py:190} INFO - [2025-03-07T02:46:14.641+0000] {dag.py:3239} INFO - Sync 1 DAGs
[2025-03-07T02:46:14.661+0000] {logging_mixin.py:190} INFO - [2025-03-07T02:46:14.660+0000] {dag.py:4180} INFO - Setting next_dagrun for tutorial_objectstorage to None, run_after=None
[2025-03-07T02:46:14.698+0000] {processor.py:208} INFO - Processing /home/Ashreem/airflow-env/lib/python3.12/site-packages/airflow/example_dags/tutorial_objectstorage.py took 0.101 seconds
[2025-03-07T02:47:18.096+0000] {processor.py:186} INFO - Started process (PID=47239) to work on /home/Ashreem/airflow-env/lib/python3.12/site-packages/airflow/example_dags/tutorial_objectstorage.py
[2025-03-07T02:47:18.098+0000] {processor.py:914} INFO - Processing file /home/Ashreem/airflow-env/lib/python3.12/site-packages/airflow/example_dags/tutorial_objectstorage.py for tasks to queue
[2025-03-07T02:47:18.101+0000] {logging_mixin.py:190} INFO - [2025-03-07T02:47:18.101+0000] {dagbag.py:588} INFO - Filling up the DagBag from /home/Ashreem/airflow-env/lib/python3.12/site-packages/airflow/example_dags/tutorial_objectstorage.py
[2025-03-07T02:47:18.116+0000] {processor.py:925} INFO - DAG(s) 'tutorial_objectstorage' retrieved from /home/Ashreem/airflow-env/lib/python3.12/site-packages/airflow/example_dags/tutorial_objectstorage.py
[2025-03-07T02:47:18.142+0000] {logging_mixin.py:190} INFO - [2025-03-07T02:47:18.142+0000] {dag.py:3239} INFO - Sync 1 DAGs
[2025-03-07T02:47:18.162+0000] {logging_mixin.py:190} INFO - [2025-03-07T02:47:18.161+0000] {dag.py:4180} INFO - Setting next_dagrun for tutorial_objectstorage to None, run_after=None
[2025-03-07T02:47:18.203+0000] {processor.py:208} INFO - Processing /home/Ashreem/airflow-env/lib/python3.12/site-packages/airflow/example_dags/tutorial_objectstorage.py took 0.116 seconds
[2025-03-07T02:48:26.013+0000] {processor.py:186} INFO - Started process (PID=47307) to work on /home/Ashreem/airflow-env/lib/python3.12/site-packages/airflow/example_dags/tutorial_objectstorage.py
[2025-03-07T02:48:26.015+0000] {processor.py:914} INFO - Processing file /home/Ashreem/airflow-env/lib/python3.12/site-packages/airflow/example_dags/tutorial_objectstorage.py for tasks to queue
[2025-03-07T02:48:26.018+0000] {logging_mixin.py:190} INFO - [2025-03-07T02:48:26.018+0000] {dagbag.py:588} INFO - Filling up the DagBag from /home/Ashreem/airflow-env/lib/python3.12/site-packages/airflow/example_dags/tutorial_objectstorage.py
[2025-03-07T02:48:26.031+0000] {processor.py:925} INFO - DAG(s) 'tutorial_objectstorage' retrieved from /home/Ashreem/airflow-env/lib/python3.12/site-packages/airflow/example_dags/tutorial_objectstorage.py
[2025-03-07T02:48:26.050+0000] {logging_mixin.py:190} INFO - [2025-03-07T02:48:26.049+0000] {dag.py:3239} INFO - Sync 1 DAGs
[2025-03-07T02:48:26.070+0000] {logging_mixin.py:190} INFO - [2025-03-07T02:48:26.070+0000] {dag.py:4180} INFO - Setting next_dagrun for tutorial_objectstorage to None, run_after=None
[2025-03-07T02:48:26.106+0000] {processor.py:208} INFO - Processing /home/Ashreem/airflow-env/lib/python3.12/site-packages/airflow/example_dags/tutorial_objectstorage.py took 0.100 seconds
[2025-03-07T02:49:30.748+0000] {processor.py:186} INFO - Started process (PID=47382) to work on /home/Ashreem/airflow-env/lib/python3.12/site-packages/airflow/example_dags/tutorial_objectstorage.py
[2025-03-07T02:49:30.753+0000] {processor.py:914} INFO - Processing file /home/Ashreem/airflow-env/lib/python3.12/site-packages/airflow/example_dags/tutorial_objectstorage.py for tasks to queue
[2025-03-07T02:49:30.756+0000] {logging_mixin.py:190} INFO - [2025-03-07T02:49:30.755+0000] {dagbag.py:588} INFO - Filling up the DagBag from /home/Ashreem/airflow-env/lib/python3.12/site-packages/airflow/example_dags/tutorial_objectstorage.py
[2025-03-07T02:49:30.769+0000] {processor.py:925} INFO - DAG(s) 'tutorial_objectstorage' retrieved from /home/Ashreem/airflow-env/lib/python3.12/site-packages/airflow/example_dags/tutorial_objectstorage.py
[2025-03-07T02:49:30.791+0000] {logging_mixin.py:190} INFO - [2025-03-07T02:49:30.790+0000] {dag.py:3239} INFO - Sync 1 DAGs
[2025-03-07T02:49:30.809+0000] {logging_mixin.py:190} INFO - [2025-03-07T02:49:30.809+0000] {dag.py:4180} INFO - Setting next_dagrun for tutorial_objectstorage to None, run_after=None
[2025-03-07T02:49:30.863+0000] {processor.py:208} INFO - Processing /home/Ashreem/airflow-env/lib/python3.12/site-packages/airflow/example_dags/tutorial_objectstorage.py took 0.123 seconds
[2025-03-07T02:50:07.800+0000] {processor.py:186} INFO - Started process (PID=47424) to work on /home/Ashreem/airflow-env/lib/python3.12/site-packages/airflow/example_dags/tutorial_objectstorage.py
[2025-03-07T02:50:07.802+0000] {processor.py:914} INFO - Processing file /home/Ashreem/airflow-env/lib/python3.12/site-packages/airflow/example_dags/tutorial_objectstorage.py for tasks to queue
[2025-03-07T02:50:07.807+0000] {logging_mixin.py:190} INFO - [2025-03-07T02:50:07.806+0000] {dagbag.py:588} INFO - Filling up the DagBag from /home/Ashreem/airflow-env/lib/python3.12/site-packages/airflow/example_dags/tutorial_objectstorage.py
[2025-03-07T02:50:07.822+0000] {processor.py:925} INFO - DAG(s) 'tutorial_objectstorage' retrieved from /home/Ashreem/airflow-env/lib/python3.12/site-packages/airflow/example_dags/tutorial_objectstorage.py
[2025-03-07T02:50:07.842+0000] {logging_mixin.py:190} INFO - [2025-03-07T02:50:07.841+0000] {dag.py:3239} INFO - Sync 1 DAGs
[2025-03-07T02:50:07.857+0000] {logging_mixin.py:190} INFO - [2025-03-07T02:50:07.857+0000] {dag.py:4180} INFO - Setting next_dagrun for tutorial_objectstorage to None, run_after=None
[2025-03-07T02:50:07.895+0000] {processor.py:208} INFO - Processing /home/Ashreem/airflow-env/lib/python3.12/site-packages/airflow/example_dags/tutorial_objectstorage.py took 0.105 seconds
[2025-03-07T02:51:06.781+0000] {processor.py:186} INFO - Started process (PID=47490) to work on /home/Ashreem/airflow-env/lib/python3.12/site-packages/airflow/example_dags/tutorial_objectstorage.py
[2025-03-07T02:51:06.783+0000] {processor.py:914} INFO - Processing file /home/Ashreem/airflow-env/lib/python3.12/site-packages/airflow/example_dags/tutorial_objectstorage.py for tasks to queue
[2025-03-07T02:51:06.786+0000] {logging_mixin.py:190} INFO - [2025-03-07T02:51:06.785+0000] {dagbag.py:588} INFO - Filling up the DagBag from /home/Ashreem/airflow-env/lib/python3.12/site-packages/airflow/example_dags/tutorial_objectstorage.py
[2025-03-07T02:51:06.802+0000] {processor.py:925} INFO - DAG(s) 'tutorial_objectstorage' retrieved from /home/Ashreem/airflow-env/lib/python3.12/site-packages/airflow/example_dags/tutorial_objectstorage.py
[2025-03-07T02:51:06.821+0000] {logging_mixin.py:190} INFO - [2025-03-07T02:51:06.821+0000] {dag.py:3239} INFO - Sync 1 DAGs
[2025-03-07T02:51:06.838+0000] {logging_mixin.py:190} INFO - [2025-03-07T02:51:06.837+0000] {dag.py:4180} INFO - Setting next_dagrun for tutorial_objectstorage to None, run_after=None
[2025-03-07T02:51:06.878+0000] {processor.py:208} INFO - Processing /home/Ashreem/airflow-env/lib/python3.12/site-packages/airflow/example_dags/tutorial_objectstorage.py took 0.104 seconds
[2025-03-07T02:52:11.884+0000] {processor.py:186} INFO - Started process (PID=47555) to work on /home/Ashreem/airflow-env/lib/python3.12/site-packages/airflow/example_dags/tutorial_objectstorage.py
[2025-03-07T02:52:11.886+0000] {processor.py:914} INFO - Processing file /home/Ashreem/airflow-env/lib/python3.12/site-packages/airflow/example_dags/tutorial_objectstorage.py for tasks to queue
[2025-03-07T02:52:11.889+0000] {logging_mixin.py:190} INFO - [2025-03-07T02:52:11.889+0000] {dagbag.py:588} INFO - Filling up the DagBag from /home/Ashreem/airflow-env/lib/python3.12/site-packages/airflow/example_dags/tutorial_objectstorage.py
[2025-03-07T02:52:11.902+0000] {processor.py:925} INFO - DAG(s) 'tutorial_objectstorage' retrieved from /home/Ashreem/airflow-env/lib/python3.12/site-packages/airflow/example_dags/tutorial_objectstorage.py
[2025-03-07T02:52:11.920+0000] {logging_mixin.py:190} INFO - [2025-03-07T02:52:11.919+0000] {dag.py:3239} INFO - Sync 1 DAGs
[2025-03-07T02:52:11.936+0000] {logging_mixin.py:190} INFO - [2025-03-07T02:52:11.936+0000] {dag.py:4180} INFO - Setting next_dagrun for tutorial_objectstorage to None, run_after=None
[2025-03-07T02:52:11.976+0000] {processor.py:208} INFO - Processing /home/Ashreem/airflow-env/lib/python3.12/site-packages/airflow/example_dags/tutorial_objectstorage.py took 0.099 seconds
[2025-03-07T02:53:16.368+0000] {processor.py:186} INFO - Started process (PID=47620) to work on /home/Ashreem/airflow-env/lib/python3.12/site-packages/airflow/example_dags/tutorial_objectstorage.py
[2025-03-07T02:53:16.370+0000] {processor.py:914} INFO - Processing file /home/Ashreem/airflow-env/lib/python3.12/site-packages/airflow/example_dags/tutorial_objectstorage.py for tasks to queue
[2025-03-07T02:53:16.372+0000] {logging_mixin.py:190} INFO - [2025-03-07T02:53:16.372+0000] {dagbag.py:588} INFO - Filling up the DagBag from /home/Ashreem/airflow-env/lib/python3.12/site-packages/airflow/example_dags/tutorial_objectstorage.py
[2025-03-07T02:53:16.385+0000] {processor.py:925} INFO - DAG(s) 'tutorial_objectstorage' retrieved from /home/Ashreem/airflow-env/lib/python3.12/site-packages/airflow/example_dags/tutorial_objectstorage.py
[2025-03-07T02:53:16.408+0000] {logging_mixin.py:190} INFO - [2025-03-07T02:53:16.407+0000] {dag.py:3239} INFO - Sync 1 DAGs
[2025-03-07T02:53:16.424+0000] {logging_mixin.py:190} INFO - [2025-03-07T02:53:16.424+0000] {dag.py:4180} INFO - Setting next_dagrun for tutorial_objectstorage to None, run_after=None
[2025-03-07T02:53:16.463+0000] {processor.py:208} INFO - Processing /home/Ashreem/airflow-env/lib/python3.12/site-packages/airflow/example_dags/tutorial_objectstorage.py took 0.103 seconds
[2025-03-07T02:54:19.727+0000] {processor.py:186} INFO - Started process (PID=47685) to work on /home/Ashreem/airflow-env/lib/python3.12/site-packages/airflow/example_dags/tutorial_objectstorage.py
[2025-03-07T02:54:19.729+0000] {processor.py:914} INFO - Processing file /home/Ashreem/airflow-env/lib/python3.12/site-packages/airflow/example_dags/tutorial_objectstorage.py for tasks to queue
[2025-03-07T02:54:19.731+0000] {logging_mixin.py:190} INFO - [2025-03-07T02:54:19.731+0000] {dagbag.py:588} INFO - Filling up the DagBag from /home/Ashreem/airflow-env/lib/python3.12/site-packages/airflow/example_dags/tutorial_objectstorage.py
[2025-03-07T02:54:19.744+0000] {processor.py:925} INFO - DAG(s) 'tutorial_objectstorage' retrieved from /home/Ashreem/airflow-env/lib/python3.12/site-packages/airflow/example_dags/tutorial_objectstorage.py
[2025-03-07T02:54:19.763+0000] {logging_mixin.py:190} INFO - [2025-03-07T02:54:19.763+0000] {dag.py:3239} INFO - Sync 1 DAGs
[2025-03-07T02:54:19.780+0000] {logging_mixin.py:190} INFO - [2025-03-07T02:54:19.780+0000] {dag.py:4180} INFO - Setting next_dagrun for tutorial_objectstorage to None, run_after=None
[2025-03-07T02:54:19.818+0000] {processor.py:208} INFO - Processing /home/Ashreem/airflow-env/lib/python3.12/site-packages/airflow/example_dags/tutorial_objectstorage.py took 0.099 seconds
[2025-03-07T02:55:20.833+0000] {processor.py:186} INFO - Started process (PID=47752) to work on /home/Ashreem/airflow-env/lib/python3.12/site-packages/airflow/example_dags/tutorial_objectstorage.py
[2025-03-07T02:55:20.834+0000] {processor.py:914} INFO - Processing file /home/Ashreem/airflow-env/lib/python3.12/site-packages/airflow/example_dags/tutorial_objectstorage.py for tasks to queue
[2025-03-07T02:55:20.837+0000] {logging_mixin.py:190} INFO - [2025-03-07T02:55:20.836+0000] {dagbag.py:588} INFO - Filling up the DagBag from /home/Ashreem/airflow-env/lib/python3.12/site-packages/airflow/example_dags/tutorial_objectstorage.py
[2025-03-07T02:55:20.851+0000] {processor.py:925} INFO - DAG(s) 'tutorial_objectstorage' retrieved from /home/Ashreem/airflow-env/lib/python3.12/site-packages/airflow/example_dags/tutorial_objectstorage.py
[2025-03-07T02:55:20.870+0000] {logging_mixin.py:190} INFO - [2025-03-07T02:55:20.870+0000] {dag.py:3239} INFO - Sync 1 DAGs
[2025-03-07T02:55:20.887+0000] {logging_mixin.py:190} INFO - [2025-03-07T02:55:20.887+0000] {dag.py:4180} INFO - Setting next_dagrun for tutorial_objectstorage to None, run_after=None
[2025-03-07T02:55:20.928+0000] {processor.py:208} INFO - Processing /home/Ashreem/airflow-env/lib/python3.12/site-packages/airflow/example_dags/tutorial_objectstorage.py took 0.103 seconds
[2025-03-07T02:56:16.984+0000] {processor.py:186} INFO - Started process (PID=47905) to work on /home/Ashreem/airflow-env/lib/python3.12/site-packages/airflow/example_dags/tutorial_objectstorage.py
[2025-03-07T02:56:16.986+0000] {processor.py:914} INFO - Processing file /home/Ashreem/airflow-env/lib/python3.12/site-packages/airflow/example_dags/tutorial_objectstorage.py for tasks to queue
[2025-03-07T02:56:16.989+0000] {logging_mixin.py:190} INFO - [2025-03-07T02:56:16.988+0000] {dagbag.py:588} INFO - Filling up the DagBag from /home/Ashreem/airflow-env/lib/python3.12/site-packages/airflow/example_dags/tutorial_objectstorage.py
[2025-03-07T02:56:17.008+0000] {processor.py:925} INFO - DAG(s) 'tutorial_objectstorage' retrieved from /home/Ashreem/airflow-env/lib/python3.12/site-packages/airflow/example_dags/tutorial_objectstorage.py
[2025-03-07T02:56:17.039+0000] {logging_mixin.py:190} INFO - [2025-03-07T02:56:17.039+0000] {dag.py:3239} INFO - Sync 1 DAGs
[2025-03-07T02:56:17.057+0000] {logging_mixin.py:190} INFO - [2025-03-07T02:56:17.057+0000] {dag.py:4180} INFO - Setting next_dagrun for tutorial_objectstorage to None, run_after=None
[2025-03-07T02:56:17.100+0000] {processor.py:208} INFO - Processing /home/Ashreem/airflow-env/lib/python3.12/site-packages/airflow/example_dags/tutorial_objectstorage.py took 0.124 seconds
[2025-03-07T02:56:25.846+0000] {processor.py:186} INFO - Started process (PID=47922) to work on /home/Ashreem/airflow-env/lib/python3.12/site-packages/airflow/example_dags/tutorial_objectstorage.py
[2025-03-07T02:56:25.847+0000] {processor.py:914} INFO - Processing file /home/Ashreem/airflow-env/lib/python3.12/site-packages/airflow/example_dags/tutorial_objectstorage.py for tasks to queue
[2025-03-07T02:56:25.850+0000] {logging_mixin.py:190} INFO - [2025-03-07T02:56:25.850+0000] {dagbag.py:588} INFO - Filling up the DagBag from /home/Ashreem/airflow-env/lib/python3.12/site-packages/airflow/example_dags/tutorial_objectstorage.py
[2025-03-07T02:56:25.865+0000] {processor.py:925} INFO - DAG(s) 'tutorial_objectstorage' retrieved from /home/Ashreem/airflow-env/lib/python3.12/site-packages/airflow/example_dags/tutorial_objectstorage.py
[2025-03-07T02:56:25.885+0000] {logging_mixin.py:190} INFO - [2025-03-07T02:56:25.885+0000] {dag.py:3239} INFO - Sync 1 DAGs
[2025-03-07T02:56:25.901+0000] {logging_mixin.py:190} INFO - [2025-03-07T02:56:25.901+0000] {dag.py:4180} INFO - Setting next_dagrun for tutorial_objectstorage to None, run_after=None
[2025-03-07T02:56:25.948+0000] {processor.py:208} INFO - Processing /home/Ashreem/airflow-env/lib/python3.12/site-packages/airflow/example_dags/tutorial_objectstorage.py took 0.109 seconds
[2025-03-07T02:57:30.851+0000] {processor.py:186} INFO - Started process (PID=48032) to work on /home/Ashreem/airflow-env/lib/python3.12/site-packages/airflow/example_dags/tutorial_objectstorage.py
[2025-03-07T02:57:30.853+0000] {processor.py:914} INFO - Processing file /home/Ashreem/airflow-env/lib/python3.12/site-packages/airflow/example_dags/tutorial_objectstorage.py for tasks to queue
[2025-03-07T02:57:30.856+0000] {logging_mixin.py:190} INFO - [2025-03-07T02:57:30.856+0000] {dagbag.py:588} INFO - Filling up the DagBag from /home/Ashreem/airflow-env/lib/python3.12/site-packages/airflow/example_dags/tutorial_objectstorage.py
[2025-03-07T02:57:30.871+0000] {processor.py:925} INFO - DAG(s) 'tutorial_objectstorage' retrieved from /home/Ashreem/airflow-env/lib/python3.12/site-packages/airflow/example_dags/tutorial_objectstorage.py
[2025-03-07T02:57:30.890+0000] {logging_mixin.py:190} INFO - [2025-03-07T02:57:30.889+0000] {dag.py:3239} INFO - Sync 1 DAGs
[2025-03-07T02:57:30.905+0000] {logging_mixin.py:190} INFO - [2025-03-07T02:57:30.905+0000] {dag.py:4180} INFO - Setting next_dagrun for tutorial_objectstorage to None, run_after=None
[2025-03-07T02:57:30.944+0000] {processor.py:208} INFO - Processing /home/Ashreem/airflow-env/lib/python3.12/site-packages/airflow/example_dags/tutorial_objectstorage.py took 0.101 seconds
[2025-03-07T02:58:35.682+0000] {processor.py:186} INFO - Started process (PID=48103) to work on /home/Ashreem/airflow-env/lib/python3.12/site-packages/airflow/example_dags/tutorial_objectstorage.py
[2025-03-07T02:58:35.684+0000] {processor.py:914} INFO - Processing file /home/Ashreem/airflow-env/lib/python3.12/site-packages/airflow/example_dags/tutorial_objectstorage.py for tasks to queue
[2025-03-07T02:58:35.687+0000] {logging_mixin.py:190} INFO - [2025-03-07T02:58:35.687+0000] {dagbag.py:588} INFO - Filling up the DagBag from /home/Ashreem/airflow-env/lib/python3.12/site-packages/airflow/example_dags/tutorial_objectstorage.py
[2025-03-07T02:58:35.703+0000] {processor.py:925} INFO - DAG(s) 'tutorial_objectstorage' retrieved from /home/Ashreem/airflow-env/lib/python3.12/site-packages/airflow/example_dags/tutorial_objectstorage.py
[2025-03-07T02:58:35.723+0000] {logging_mixin.py:190} INFO - [2025-03-07T02:58:35.722+0000] {dag.py:3239} INFO - Sync 1 DAGs
[2025-03-07T02:58:35.741+0000] {logging_mixin.py:190} INFO - [2025-03-07T02:58:35.741+0000] {dag.py:4180} INFO - Setting next_dagrun for tutorial_objectstorage to None, run_after=None
[2025-03-07T02:58:35.784+0000] {processor.py:208} INFO - Processing /home/Ashreem/airflow-env/lib/python3.12/site-packages/airflow/example_dags/tutorial_objectstorage.py took 0.111 seconds
[2025-03-07T02:59:13.841+0000] {processor.py:186} INFO - Started process (PID=48180) to work on /home/Ashreem/airflow-env/lib/python3.12/site-packages/airflow/example_dags/tutorial_objectstorage.py
[2025-03-07T02:59:13.842+0000] {processor.py:914} INFO - Processing file /home/Ashreem/airflow-env/lib/python3.12/site-packages/airflow/example_dags/tutorial_objectstorage.py for tasks to queue
[2025-03-07T02:59:13.845+0000] {logging_mixin.py:190} INFO - [2025-03-07T02:59:13.844+0000] {dagbag.py:588} INFO - Filling up the DagBag from /home/Ashreem/airflow-env/lib/python3.12/site-packages/airflow/example_dags/tutorial_objectstorage.py
[2025-03-07T02:59:13.859+0000] {processor.py:925} INFO - DAG(s) 'tutorial_objectstorage' retrieved from /home/Ashreem/airflow-env/lib/python3.12/site-packages/airflow/example_dags/tutorial_objectstorage.py
[2025-03-07T02:59:13.888+0000] {logging_mixin.py:190} INFO - [2025-03-07T02:59:13.887+0000] {dag.py:3239} INFO - Sync 1 DAGs
[2025-03-07T02:59:13.903+0000] {logging_mixin.py:190} INFO - [2025-03-07T02:59:13.903+0000] {dag.py:4180} INFO - Setting next_dagrun for tutorial_objectstorage to None, run_after=None
[2025-03-07T02:59:13.942+0000] {processor.py:208} INFO - Processing /home/Ashreem/airflow-env/lib/python3.12/site-packages/airflow/example_dags/tutorial_objectstorage.py took 0.111 seconds
[2025-03-07T02:59:42.039+0000] {processor.py:186} INFO - Started process (PID=48222) to work on /home/Ashreem/airflow-env/lib/python3.12/site-packages/airflow/example_dags/tutorial_objectstorage.py
[2025-03-07T02:59:42.040+0000] {processor.py:914} INFO - Processing file /home/Ashreem/airflow-env/lib/python3.12/site-packages/airflow/example_dags/tutorial_objectstorage.py for tasks to queue
[2025-03-07T02:59:42.043+0000] {logging_mixin.py:190} INFO - [2025-03-07T02:59:42.042+0000] {dagbag.py:588} INFO - Filling up the DagBag from /home/Ashreem/airflow-env/lib/python3.12/site-packages/airflow/example_dags/tutorial_objectstorage.py
[2025-03-07T02:59:42.056+0000] {processor.py:925} INFO - DAG(s) 'tutorial_objectstorage' retrieved from /home/Ashreem/airflow-env/lib/python3.12/site-packages/airflow/example_dags/tutorial_objectstorage.py
[2025-03-07T02:59:42.078+0000] {logging_mixin.py:190} INFO - [2025-03-07T02:59:42.077+0000] {dag.py:3239} INFO - Sync 1 DAGs
[2025-03-07T02:59:42.096+0000] {logging_mixin.py:190} INFO - [2025-03-07T02:59:42.096+0000] {dag.py:4180} INFO - Setting next_dagrun for tutorial_objectstorage to None, run_after=None
[2025-03-07T02:59:42.134+0000] {processor.py:208} INFO - Processing /home/Ashreem/airflow-env/lib/python3.12/site-packages/airflow/example_dags/tutorial_objectstorage.py took 0.102 seconds
[2025-03-07T03:00:04.863+0000] {processor.py:186} INFO - Started process (PID=48277) to work on /home/Ashreem/airflow-env/lib/python3.12/site-packages/airflow/example_dags/tutorial_objectstorage.py
[2025-03-07T03:00:04.865+0000] {processor.py:914} INFO - Processing file /home/Ashreem/airflow-env/lib/python3.12/site-packages/airflow/example_dags/tutorial_objectstorage.py for tasks to queue
[2025-03-07T03:00:04.870+0000] {logging_mixin.py:190} INFO - [2025-03-07T03:00:04.867+0000] {dagbag.py:588} INFO - Filling up the DagBag from /home/Ashreem/airflow-env/lib/python3.12/site-packages/airflow/example_dags/tutorial_objectstorage.py
[2025-03-07T03:00:04.884+0000] {processor.py:925} INFO - DAG(s) 'tutorial_objectstorage' retrieved from /home/Ashreem/airflow-env/lib/python3.12/site-packages/airflow/example_dags/tutorial_objectstorage.py
[2025-03-07T03:00:04.912+0000] {logging_mixin.py:190} INFO - [2025-03-07T03:00:04.912+0000] {dag.py:3239} INFO - Sync 1 DAGs
[2025-03-07T03:00:04.929+0000] {logging_mixin.py:190} INFO - [2025-03-07T03:00:04.929+0000] {dag.py:4180} INFO - Setting next_dagrun for tutorial_objectstorage to None, run_after=None
[2025-03-07T03:00:04.968+0000] {processor.py:208} INFO - Processing /home/Ashreem/airflow-env/lib/python3.12/site-packages/airflow/example_dags/tutorial_objectstorage.py took 0.112 seconds
[2025-03-07T03:00:49.086+0000] {processor.py:186} INFO - Started process (PID=48334) to work on /home/Ashreem/airflow-env/lib/python3.12/site-packages/airflow/example_dags/tutorial_objectstorage.py
[2025-03-07T03:00:49.089+0000] {processor.py:914} INFO - Processing file /home/Ashreem/airflow-env/lib/python3.12/site-packages/airflow/example_dags/tutorial_objectstorage.py for tasks to queue
[2025-03-07T03:00:49.092+0000] {logging_mixin.py:190} INFO - [2025-03-07T03:00:49.091+0000] {dagbag.py:588} INFO - Filling up the DagBag from /home/Ashreem/airflow-env/lib/python3.12/site-packages/airflow/example_dags/tutorial_objectstorage.py
[2025-03-07T03:00:49.106+0000] {processor.py:925} INFO - DAG(s) 'tutorial_objectstorage' retrieved from /home/Ashreem/airflow-env/lib/python3.12/site-packages/airflow/example_dags/tutorial_objectstorage.py
[2025-03-07T03:00:49.127+0000] {logging_mixin.py:190} INFO - [2025-03-07T03:00:49.126+0000] {dag.py:3239} INFO - Sync 1 DAGs
[2025-03-07T03:00:49.149+0000] {logging_mixin.py:190} INFO - [2025-03-07T03:00:49.148+0000] {dag.py:4180} INFO - Setting next_dagrun for tutorial_objectstorage to None, run_after=None
[2025-03-07T03:00:49.193+0000] {processor.py:208} INFO - Processing /home/Ashreem/airflow-env/lib/python3.12/site-packages/airflow/example_dags/tutorial_objectstorage.py took 0.117 seconds
[2025-03-07T03:01:49.887+0000] {processor.py:186} INFO - Started process (PID=48400) to work on /home/Ashreem/airflow-env/lib/python3.12/site-packages/airflow/example_dags/tutorial_objectstorage.py
[2025-03-07T03:01:49.889+0000] {processor.py:914} INFO - Processing file /home/Ashreem/airflow-env/lib/python3.12/site-packages/airflow/example_dags/tutorial_objectstorage.py for tasks to queue
[2025-03-07T03:01:49.893+0000] {logging_mixin.py:190} INFO - [2025-03-07T03:01:49.892+0000] {dagbag.py:588} INFO - Filling up the DagBag from /home/Ashreem/airflow-env/lib/python3.12/site-packages/airflow/example_dags/tutorial_objectstorage.py
[2025-03-07T03:01:49.907+0000] {processor.py:925} INFO - DAG(s) 'tutorial_objectstorage' retrieved from /home/Ashreem/airflow-env/lib/python3.12/site-packages/airflow/example_dags/tutorial_objectstorage.py
[2025-03-07T03:01:49.927+0000] {logging_mixin.py:190} INFO - [2025-03-07T03:01:49.927+0000] {dag.py:3239} INFO - Sync 1 DAGs
[2025-03-07T03:01:49.944+0000] {logging_mixin.py:190} INFO - [2025-03-07T03:01:49.944+0000] {dag.py:4180} INFO - Setting next_dagrun for tutorial_objectstorage to None, run_after=None
[2025-03-07T03:01:49.984+0000] {processor.py:208} INFO - Processing /home/Ashreem/airflow-env/lib/python3.12/site-packages/airflow/example_dags/tutorial_objectstorage.py took 0.109 seconds
[2025-03-07T03:02:51.401+0000] {processor.py:186} INFO - Started process (PID=48533) to work on /home/Ashreem/airflow-env/lib/python3.12/site-packages/airflow/example_dags/tutorial_objectstorage.py
[2025-03-07T03:02:51.402+0000] {processor.py:914} INFO - Processing file /home/Ashreem/airflow-env/lib/python3.12/site-packages/airflow/example_dags/tutorial_objectstorage.py for tasks to queue
[2025-03-07T03:02:51.405+0000] {logging_mixin.py:190} INFO - [2025-03-07T03:02:51.405+0000] {dagbag.py:588} INFO - Filling up the DagBag from /home/Ashreem/airflow-env/lib/python3.12/site-packages/airflow/example_dags/tutorial_objectstorage.py
[2025-03-07T03:02:51.421+0000] {processor.py:925} INFO - DAG(s) 'tutorial_objectstorage' retrieved from /home/Ashreem/airflow-env/lib/python3.12/site-packages/airflow/example_dags/tutorial_objectstorage.py
[2025-03-07T03:02:51.443+0000] {logging_mixin.py:190} INFO - [2025-03-07T03:02:51.443+0000] {dag.py:3239} INFO - Sync 1 DAGs
[2025-03-07T03:02:51.461+0000] {logging_mixin.py:190} INFO - [2025-03-07T03:02:51.461+0000] {dag.py:4180} INFO - Setting next_dagrun for tutorial_objectstorage to None, run_after=None
[2025-03-07T03:02:51.497+0000] {processor.py:208} INFO - Processing /home/Ashreem/airflow-env/lib/python3.12/site-packages/airflow/example_dags/tutorial_objectstorage.py took 0.106 seconds
[2025-03-07T03:03:34.105+0000] {processor.py:186} INFO - Started process (PID=48599) to work on /home/Ashreem/airflow-env/lib/python3.12/site-packages/airflow/example_dags/tutorial_objectstorage.py
[2025-03-07T03:03:34.107+0000] {processor.py:914} INFO - Processing file /home/Ashreem/airflow-env/lib/python3.12/site-packages/airflow/example_dags/tutorial_objectstorage.py for tasks to queue
[2025-03-07T03:03:34.111+0000] {logging_mixin.py:190} INFO - [2025-03-07T03:03:34.110+0000] {dagbag.py:588} INFO - Filling up the DagBag from /home/Ashreem/airflow-env/lib/python3.12/site-packages/airflow/example_dags/tutorial_objectstorage.py
[2025-03-07T03:03:34.124+0000] {processor.py:925} INFO - DAG(s) 'tutorial_objectstorage' retrieved from /home/Ashreem/airflow-env/lib/python3.12/site-packages/airflow/example_dags/tutorial_objectstorage.py
[2025-03-07T03:03:34.154+0000] {logging_mixin.py:190} INFO - [2025-03-07T03:03:34.154+0000] {dag.py:3239} INFO - Sync 1 DAGs
[2025-03-07T03:03:34.172+0000] {logging_mixin.py:190} INFO - [2025-03-07T03:03:34.172+0000] {dag.py:4180} INFO - Setting next_dagrun for tutorial_objectstorage to None, run_after=None
[2025-03-07T03:03:34.217+0000] {processor.py:208} INFO - Processing /home/Ashreem/airflow-env/lib/python3.12/site-packages/airflow/example_dags/tutorial_objectstorage.py took 0.121 seconds
[2025-03-07T03:04:35.345+0000] {processor.py:186} INFO - Started process (PID=48671) to work on /home/Ashreem/airflow-env/lib/python3.12/site-packages/airflow/example_dags/tutorial_objectstorage.py
[2025-03-07T03:04:35.347+0000] {processor.py:914} INFO - Processing file /home/Ashreem/airflow-env/lib/python3.12/site-packages/airflow/example_dags/tutorial_objectstorage.py for tasks to queue
[2025-03-07T03:04:35.349+0000] {logging_mixin.py:190} INFO - [2025-03-07T03:04:35.349+0000] {dagbag.py:588} INFO - Filling up the DagBag from /home/Ashreem/airflow-env/lib/python3.12/site-packages/airflow/example_dags/tutorial_objectstorage.py
[2025-03-07T03:04:35.362+0000] {processor.py:925} INFO - DAG(s) 'tutorial_objectstorage' retrieved from /home/Ashreem/airflow-env/lib/python3.12/site-packages/airflow/example_dags/tutorial_objectstorage.py
[2025-03-07T03:04:35.382+0000] {logging_mixin.py:190} INFO - [2025-03-07T03:04:35.382+0000] {dag.py:3239} INFO - Sync 1 DAGs
[2025-03-07T03:04:35.400+0000] {logging_mixin.py:190} INFO - [2025-03-07T03:04:35.400+0000] {dag.py:4180} INFO - Setting next_dagrun for tutorial_objectstorage to None, run_after=None
[2025-03-07T03:04:35.439+0000] {processor.py:208} INFO - Processing /home/Ashreem/airflow-env/lib/python3.12/site-packages/airflow/example_dags/tutorial_objectstorage.py took 0.102 seconds
[2025-03-07T03:05:37.175+0000] {processor.py:186} INFO - Started process (PID=48919) to work on /home/Ashreem/airflow-env/lib/python3.12/site-packages/airflow/example_dags/tutorial_objectstorage.py
[2025-03-07T03:05:37.177+0000] {processor.py:914} INFO - Processing file /home/Ashreem/airflow-env/lib/python3.12/site-packages/airflow/example_dags/tutorial_objectstorage.py for tasks to queue
[2025-03-07T03:05:37.180+0000] {logging_mixin.py:190} INFO - [2025-03-07T03:05:37.179+0000] {dagbag.py:588} INFO - Filling up the DagBag from /home/Ashreem/airflow-env/lib/python3.12/site-packages/airflow/example_dags/tutorial_objectstorage.py
[2025-03-07T03:05:37.194+0000] {processor.py:925} INFO - DAG(s) 'tutorial_objectstorage' retrieved from /home/Ashreem/airflow-env/lib/python3.12/site-packages/airflow/example_dags/tutorial_objectstorage.py
[2025-03-07T03:05:37.214+0000] {logging_mixin.py:190} INFO - [2025-03-07T03:05:37.214+0000] {dag.py:3239} INFO - Sync 1 DAGs
[2025-03-07T03:05:37.231+0000] {logging_mixin.py:190} INFO - [2025-03-07T03:05:37.230+0000] {dag.py:4180} INFO - Setting next_dagrun for tutorial_objectstorage to None, run_after=None
[2025-03-07T03:05:37.267+0000] {processor.py:208} INFO - Processing /home/Ashreem/airflow-env/lib/python3.12/site-packages/airflow/example_dags/tutorial_objectstorage.py took 0.102 seconds
[2025-03-07T03:06:44.308+0000] {processor.py:186} INFO - Started process (PID=48991) to work on /home/Ashreem/airflow-env/lib/python3.12/site-packages/airflow/example_dags/tutorial_objectstorage.py
[2025-03-07T03:06:44.310+0000] {processor.py:914} INFO - Processing file /home/Ashreem/airflow-env/lib/python3.12/site-packages/airflow/example_dags/tutorial_objectstorage.py for tasks to queue
[2025-03-07T03:06:44.313+0000] {logging_mixin.py:190} INFO - [2025-03-07T03:06:44.313+0000] {dagbag.py:588} INFO - Filling up the DagBag from /home/Ashreem/airflow-env/lib/python3.12/site-packages/airflow/example_dags/tutorial_objectstorage.py
[2025-03-07T03:06:44.333+0000] {processor.py:925} INFO - DAG(s) 'tutorial_objectstorage' retrieved from /home/Ashreem/airflow-env/lib/python3.12/site-packages/airflow/example_dags/tutorial_objectstorage.py
[2025-03-07T03:06:44.354+0000] {logging_mixin.py:190} INFO - [2025-03-07T03:06:44.354+0000] {dag.py:3239} INFO - Sync 1 DAGs
[2025-03-07T03:06:44.371+0000] {logging_mixin.py:190} INFO - [2025-03-07T03:06:44.371+0000] {dag.py:4180} INFO - Setting next_dagrun for tutorial_objectstorage to None, run_after=None
[2025-03-07T03:06:44.412+0000] {processor.py:208} INFO - Processing /home/Ashreem/airflow-env/lib/python3.12/site-packages/airflow/example_dags/tutorial_objectstorage.py took 0.113 seconds
[2025-03-07T03:07:49.875+0000] {processor.py:186} INFO - Started process (PID=49072) to work on /home/Ashreem/airflow-env/lib/python3.12/site-packages/airflow/example_dags/tutorial_objectstorage.py
[2025-03-07T03:07:49.877+0000] {processor.py:914} INFO - Processing file /home/Ashreem/airflow-env/lib/python3.12/site-packages/airflow/example_dags/tutorial_objectstorage.py for tasks to queue
[2025-03-07T03:07:49.881+0000] {logging_mixin.py:190} INFO - [2025-03-07T03:07:49.880+0000] {dagbag.py:588} INFO - Filling up the DagBag from /home/Ashreem/airflow-env/lib/python3.12/site-packages/airflow/example_dags/tutorial_objectstorage.py
[2025-03-07T03:07:49.896+0000] {processor.py:925} INFO - DAG(s) 'tutorial_objectstorage' retrieved from /home/Ashreem/airflow-env/lib/python3.12/site-packages/airflow/example_dags/tutorial_objectstorage.py
[2025-03-07T03:07:49.926+0000] {logging_mixin.py:190} INFO - [2025-03-07T03:07:49.925+0000] {dag.py:3239} INFO - Sync 1 DAGs
[2025-03-07T03:07:49.948+0000] {logging_mixin.py:190} INFO - [2025-03-07T03:07:49.947+0000] {dag.py:4180} INFO - Setting next_dagrun for tutorial_objectstorage to None, run_after=None
[2025-03-07T03:07:49.987+0000] {processor.py:208} INFO - Processing /home/Ashreem/airflow-env/lib/python3.12/site-packages/airflow/example_dags/tutorial_objectstorage.py took 0.123 seconds
[2025-03-07T03:08:51.106+0000] {processor.py:186} INFO - Started process (PID=49141) to work on /home/Ashreem/airflow-env/lib/python3.12/site-packages/airflow/example_dags/tutorial_objectstorage.py
[2025-03-07T03:08:51.107+0000] {processor.py:914} INFO - Processing file /home/Ashreem/airflow-env/lib/python3.12/site-packages/airflow/example_dags/tutorial_objectstorage.py for tasks to queue
[2025-03-07T03:08:51.110+0000] {logging_mixin.py:190} INFO - [2025-03-07T03:08:51.110+0000] {dagbag.py:588} INFO - Filling up the DagBag from /home/Ashreem/airflow-env/lib/python3.12/site-packages/airflow/example_dags/tutorial_objectstorage.py
[2025-03-07T03:08:51.130+0000] {processor.py:925} INFO - DAG(s) 'tutorial_objectstorage' retrieved from /home/Ashreem/airflow-env/lib/python3.12/site-packages/airflow/example_dags/tutorial_objectstorage.py
[2025-03-07T03:08:51.151+0000] {logging_mixin.py:190} INFO - [2025-03-07T03:08:51.151+0000] {dag.py:3239} INFO - Sync 1 DAGs
[2025-03-07T03:08:51.170+0000] {logging_mixin.py:190} INFO - [2025-03-07T03:08:51.169+0000] {dag.py:4180} INFO - Setting next_dagrun for tutorial_objectstorage to None, run_after=None
[2025-03-07T03:08:51.206+0000] {processor.py:208} INFO - Processing /home/Ashreem/airflow-env/lib/python3.12/site-packages/airflow/example_dags/tutorial_objectstorage.py took 0.108 seconds
[2025-03-07T03:09:52.928+0000] {processor.py:186} INFO - Started process (PID=49204) to work on /home/Ashreem/airflow-env/lib/python3.12/site-packages/airflow/example_dags/tutorial_objectstorage.py
[2025-03-07T03:09:52.932+0000] {processor.py:914} INFO - Processing file /home/Ashreem/airflow-env/lib/python3.12/site-packages/airflow/example_dags/tutorial_objectstorage.py for tasks to queue
[2025-03-07T03:09:52.935+0000] {logging_mixin.py:190} INFO - [2025-03-07T03:09:52.935+0000] {dagbag.py:588} INFO - Filling up the DagBag from /home/Ashreem/airflow-env/lib/python3.12/site-packages/airflow/example_dags/tutorial_objectstorage.py
[2025-03-07T03:09:52.951+0000] {processor.py:925} INFO - DAG(s) 'tutorial_objectstorage' retrieved from /home/Ashreem/airflow-env/lib/python3.12/site-packages/airflow/example_dags/tutorial_objectstorage.py
[2025-03-07T03:09:52.973+0000] {logging_mixin.py:190} INFO - [2025-03-07T03:09:52.973+0000] {dag.py:3239} INFO - Sync 1 DAGs
[2025-03-07T03:09:52.991+0000] {logging_mixin.py:190} INFO - [2025-03-07T03:09:52.991+0000] {dag.py:4180} INFO - Setting next_dagrun for tutorial_objectstorage to None, run_after=None
[2025-03-07T03:09:53.030+0000] {processor.py:208} INFO - Processing /home/Ashreem/airflow-env/lib/python3.12/site-packages/airflow/example_dags/tutorial_objectstorage.py took 0.109 seconds
