[2025-03-07T02:30:11.585+0000] {processor.py:186} INFO - Started process (PID=45969) to work on /home/Ashreem/airflow-env/lib/python3.12/site-packages/airflow/example_dags/tutorial_dag.py
[2025-03-07T02:30:11.586+0000] {processor.py:914} INFO - Processing file /home/Ashreem/airflow-env/lib/python3.12/site-packages/airflow/example_dags/tutorial_dag.py for tasks to queue
[2025-03-07T02:30:11.589+0000] {logging_mixin.py:190} INFO - [2025-03-07T02:30:11.589+0000] {dagbag.py:588} INFO - Filling up the DagBag from /home/Ashreem/airflow-env/lib/python3.12/site-packages/airflow/example_dags/tutorial_dag.py
[2025-03-07T02:30:11.603+0000] {processor.py:925} INFO - DAG(s) 'tutorial_dag' retrieved from /home/Ashreem/airflow-env/lib/python3.12/site-packages/airflow/example_dags/tutorial_dag.py
[2025-03-07T02:30:11.774+0000] {logging_mixin.py:190} INFO - [2025-03-07T02:30:11.773+0000] {override.py:1930} INFO - Created Permission View: can read on DAG:tutorial_dag
[2025-03-07T02:30:11.803+0000] {logging_mixin.py:190} INFO - [2025-03-07T02:30:11.803+0000] {override.py:1930} INFO - Created Permission View: can delete on DAG:tutorial_dag
[2025-03-07T02:30:11.827+0000] {logging_mixin.py:190} INFO - [2025-03-07T02:30:11.826+0000] {override.py:1930} INFO - Created Permission View: can edit on DAG:tutorial_dag
[2025-03-07T02:30:11.866+0000] {logging_mixin.py:190} INFO - [2025-03-07T02:30:11.865+0000] {override.py:1930} INFO - Created Permission View: can read on DAG Run:tutorial_dag
[2025-03-07T02:30:11.886+0000] {logging_mixin.py:190} INFO - [2025-03-07T02:30:11.885+0000] {override.py:1930} INFO - Created Permission View: can delete on DAG Run:tutorial_dag
[2025-03-07T02:30:11.912+0000] {logging_mixin.py:190} INFO - [2025-03-07T02:30:11.911+0000] {override.py:1930} INFO - Created Permission View: menu access on DAG Run:tutorial_dag
[2025-03-07T02:30:11.934+0000] {logging_mixin.py:190} INFO - [2025-03-07T02:30:11.933+0000] {override.py:1930} INFO - Created Permission View: can create on DAG Run:tutorial_dag
[2025-03-07T02:30:11.934+0000] {logging_mixin.py:190} INFO - [2025-03-07T02:30:11.934+0000] {dag.py:3239} INFO - Sync 1 DAGs
[2025-03-07T02:30:11.951+0000] {logging_mixin.py:190} INFO - [2025-03-07T02:30:11.951+0000] {dag.py:3262} INFO - Creating ORM DAG for tutorial_dag
[2025-03-07T02:30:11.952+0000] {logging_mixin.py:190} INFO - [2025-03-07T02:30:11.952+0000] {dag.py:4180} INFO - Setting next_dagrun for tutorial_dag to None, run_after=None
[2025-03-07T02:30:11.988+0000] {processor.py:208} INFO - Processing /home/Ashreem/airflow-env/lib/python3.12/site-packages/airflow/example_dags/tutorial_dag.py took 0.409 seconds
[2025-03-07T02:32:55.706+0000] {processor.py:186} INFO - Started process (PID=46072) to work on /home/Ashreem/airflow-env/lib/python3.12/site-packages/airflow/example_dags/tutorial_dag.py
[2025-03-07T02:32:55.708+0000] {processor.py:914} INFO - Processing file /home/Ashreem/airflow-env/lib/python3.12/site-packages/airflow/example_dags/tutorial_dag.py for tasks to queue
[2025-03-07T02:32:55.711+0000] {logging_mixin.py:190} INFO - [2025-03-07T02:32:55.711+0000] {dagbag.py:588} INFO - Filling up the DagBag from /home/Ashreem/airflow-env/lib/python3.12/site-packages/airflow/example_dags/tutorial_dag.py
[2025-03-07T02:32:55.721+0000] {processor.py:925} INFO - DAG(s) 'tutorial_dag' retrieved from /home/Ashreem/airflow-env/lib/python3.12/site-packages/airflow/example_dags/tutorial_dag.py
[2025-03-07T02:32:55.747+0000] {logging_mixin.py:190} INFO - [2025-03-07T02:32:55.746+0000] {dag.py:3239} INFO - Sync 1 DAGs
[2025-03-07T02:32:55.762+0000] {logging_mixin.py:190} INFO - [2025-03-07T02:32:55.762+0000] {dag.py:4180} INFO - Setting next_dagrun for tutorial_dag to None, run_after=None
[2025-03-07T02:32:55.805+0000] {processor.py:208} INFO - Processing /home/Ashreem/airflow-env/lib/python3.12/site-packages/airflow/example_dags/tutorial_dag.py took 0.106 seconds
[2025-03-07T02:33:59.490+0000] {processor.py:186} INFO - Started process (PID=46404) to work on /home/Ashreem/airflow-env/lib/python3.12/site-packages/airflow/example_dags/tutorial_dag.py
[2025-03-07T02:33:59.493+0000] {processor.py:914} INFO - Processing file /home/Ashreem/airflow-env/lib/python3.12/site-packages/airflow/example_dags/tutorial_dag.py for tasks to queue
[2025-03-07T02:33:59.495+0000] {logging_mixin.py:190} INFO - [2025-03-07T02:33:59.495+0000] {dagbag.py:588} INFO - Filling up the DagBag from /home/Ashreem/airflow-env/lib/python3.12/site-packages/airflow/example_dags/tutorial_dag.py
[2025-03-07T02:33:59.506+0000] {processor.py:925} INFO - DAG(s) 'tutorial_dag' retrieved from /home/Ashreem/airflow-env/lib/python3.12/site-packages/airflow/example_dags/tutorial_dag.py
[2025-03-07T02:33:59.525+0000] {logging_mixin.py:190} INFO - [2025-03-07T02:33:59.524+0000] {dag.py:3239} INFO - Sync 1 DAGs
[2025-03-07T02:33:59.540+0000] {logging_mixin.py:190} INFO - [2025-03-07T02:33:59.539+0000] {dag.py:4180} INFO - Setting next_dagrun for tutorial_dag to None, run_after=None
[2025-03-07T02:33:59.584+0000] {processor.py:208} INFO - Processing /home/Ashreem/airflow-env/lib/python3.12/site-packages/airflow/example_dags/tutorial_dag.py took 0.100 seconds
[2025-03-07T02:35:07.190+0000] {processor.py:186} INFO - Started process (PID=46472) to work on /home/Ashreem/airflow-env/lib/python3.12/site-packages/airflow/example_dags/tutorial_dag.py
[2025-03-07T02:35:07.193+0000] {processor.py:914} INFO - Processing file /home/Ashreem/airflow-env/lib/python3.12/site-packages/airflow/example_dags/tutorial_dag.py for tasks to queue
[2025-03-07T02:35:07.196+0000] {logging_mixin.py:190} INFO - [2025-03-07T02:35:07.196+0000] {dagbag.py:588} INFO - Filling up the DagBag from /home/Ashreem/airflow-env/lib/python3.12/site-packages/airflow/example_dags/tutorial_dag.py
[2025-03-07T02:35:07.208+0000] {processor.py:925} INFO - DAG(s) 'tutorial_dag' retrieved from /home/Ashreem/airflow-env/lib/python3.12/site-packages/airflow/example_dags/tutorial_dag.py
[2025-03-07T02:35:07.229+0000] {logging_mixin.py:190} INFO - [2025-03-07T02:35:07.228+0000] {dag.py:3239} INFO - Sync 1 DAGs
[2025-03-07T02:35:07.244+0000] {logging_mixin.py:190} INFO - [2025-03-07T02:35:07.244+0000] {dag.py:4180} INFO - Setting next_dagrun for tutorial_dag to None, run_after=None
[2025-03-07T02:35:07.281+0000] {processor.py:208} INFO - Processing /home/Ashreem/airflow-env/lib/python3.12/site-packages/airflow/example_dags/tutorial_dag.py took 0.099 seconds
[2025-03-07T02:36:13.377+0000] {processor.py:186} INFO - Started process (PID=46538) to work on /home/Ashreem/airflow-env/lib/python3.12/site-packages/airflow/example_dags/tutorial_dag.py
[2025-03-07T02:36:13.379+0000] {processor.py:914} INFO - Processing file /home/Ashreem/airflow-env/lib/python3.12/site-packages/airflow/example_dags/tutorial_dag.py for tasks to queue
[2025-03-07T02:36:13.382+0000] {logging_mixin.py:190} INFO - [2025-03-07T02:36:13.382+0000] {dagbag.py:588} INFO - Filling up the DagBag from /home/Ashreem/airflow-env/lib/python3.12/site-packages/airflow/example_dags/tutorial_dag.py
[2025-03-07T02:36:13.393+0000] {processor.py:925} INFO - DAG(s) 'tutorial_dag' retrieved from /home/Ashreem/airflow-env/lib/python3.12/site-packages/airflow/example_dags/tutorial_dag.py
[2025-03-07T02:36:13.412+0000] {logging_mixin.py:190} INFO - [2025-03-07T02:36:13.411+0000] {dag.py:3239} INFO - Sync 1 DAGs
[2025-03-07T02:36:13.431+0000] {logging_mixin.py:190} INFO - [2025-03-07T02:36:13.431+0000] {dag.py:4180} INFO - Setting next_dagrun for tutorial_dag to None, run_after=None
[2025-03-07T02:36:13.470+0000] {processor.py:208} INFO - Processing /home/Ashreem/airflow-env/lib/python3.12/site-packages/airflow/example_dags/tutorial_dag.py took 0.102 seconds
[2025-03-07T02:37:19.174+0000] {processor.py:186} INFO - Started process (PID=46604) to work on /home/Ashreem/airflow-env/lib/python3.12/site-packages/airflow/example_dags/tutorial_dag.py
[2025-03-07T02:37:19.176+0000] {processor.py:914} INFO - Processing file /home/Ashreem/airflow-env/lib/python3.12/site-packages/airflow/example_dags/tutorial_dag.py for tasks to queue
[2025-03-07T02:37:19.179+0000] {logging_mixin.py:190} INFO - [2025-03-07T02:37:19.178+0000] {dagbag.py:588} INFO - Filling up the DagBag from /home/Ashreem/airflow-env/lib/python3.12/site-packages/airflow/example_dags/tutorial_dag.py
[2025-03-07T02:37:19.190+0000] {processor.py:925} INFO - DAG(s) 'tutorial_dag' retrieved from /home/Ashreem/airflow-env/lib/python3.12/site-packages/airflow/example_dags/tutorial_dag.py
[2025-03-07T02:37:19.212+0000] {logging_mixin.py:190} INFO - [2025-03-07T02:37:19.212+0000] {dag.py:3239} INFO - Sync 1 DAGs
[2025-03-07T02:37:19.231+0000] {logging_mixin.py:190} INFO - [2025-03-07T02:37:19.231+0000] {dag.py:4180} INFO - Setting next_dagrun for tutorial_dag to None, run_after=None
[2025-03-07T02:37:19.277+0000] {processor.py:208} INFO - Processing /home/Ashreem/airflow-env/lib/python3.12/site-packages/airflow/example_dags/tutorial_dag.py took 0.110 seconds
[2025-03-07T02:38:20.191+0000] {processor.py:186} INFO - Started process (PID=46664) to work on /home/Ashreem/airflow-env/lib/python3.12/site-packages/airflow/example_dags/tutorial_dag.py
[2025-03-07T02:38:20.193+0000] {processor.py:914} INFO - Processing file /home/Ashreem/airflow-env/lib/python3.12/site-packages/airflow/example_dags/tutorial_dag.py for tasks to queue
[2025-03-07T02:38:20.196+0000] {logging_mixin.py:190} INFO - [2025-03-07T02:38:20.195+0000] {dagbag.py:588} INFO - Filling up the DagBag from /home/Ashreem/airflow-env/lib/python3.12/site-packages/airflow/example_dags/tutorial_dag.py
[2025-03-07T02:38:20.206+0000] {processor.py:925} INFO - DAG(s) 'tutorial_dag' retrieved from /home/Ashreem/airflow-env/lib/python3.12/site-packages/airflow/example_dags/tutorial_dag.py
[2025-03-07T02:38:20.228+0000] {logging_mixin.py:190} INFO - [2025-03-07T02:38:20.228+0000] {dag.py:3239} INFO - Sync 1 DAGs
[2025-03-07T02:38:20.246+0000] {logging_mixin.py:190} INFO - [2025-03-07T02:38:20.246+0000] {dag.py:4180} INFO - Setting next_dagrun for tutorial_dag to None, run_after=None
[2025-03-07T02:38:20.288+0000] {processor.py:208} INFO - Processing /home/Ashreem/airflow-env/lib/python3.12/site-packages/airflow/example_dags/tutorial_dag.py took 0.105 seconds
[2025-03-07T02:39:23.423+0000] {processor.py:186} INFO - Started process (PID=46735) to work on /home/Ashreem/airflow-env/lib/python3.12/site-packages/airflow/example_dags/tutorial_dag.py
[2025-03-07T02:39:23.425+0000] {processor.py:914} INFO - Processing file /home/Ashreem/airflow-env/lib/python3.12/site-packages/airflow/example_dags/tutorial_dag.py for tasks to queue
[2025-03-07T02:39:23.428+0000] {logging_mixin.py:190} INFO - [2025-03-07T02:39:23.427+0000] {dagbag.py:588} INFO - Filling up the DagBag from /home/Ashreem/airflow-env/lib/python3.12/site-packages/airflow/example_dags/tutorial_dag.py
[2025-03-07T02:39:23.440+0000] {processor.py:925} INFO - DAG(s) 'tutorial_dag' retrieved from /home/Ashreem/airflow-env/lib/python3.12/site-packages/airflow/example_dags/tutorial_dag.py
[2025-03-07T02:39:23.465+0000] {logging_mixin.py:190} INFO - [2025-03-07T02:39:23.464+0000] {dag.py:3239} INFO - Sync 1 DAGs
[2025-03-07T02:39:23.488+0000] {logging_mixin.py:190} INFO - [2025-03-07T02:39:23.488+0000] {dag.py:4180} INFO - Setting next_dagrun for tutorial_dag to None, run_after=None
[2025-03-07T02:39:23.524+0000] {processor.py:208} INFO - Processing /home/Ashreem/airflow-env/lib/python3.12/site-packages/airflow/example_dags/tutorial_dag.py took 0.110 seconds
[2025-03-07T02:40:27.792+0000] {processor.py:186} INFO - Started process (PID=46797) to work on /home/Ashreem/airflow-env/lib/python3.12/site-packages/airflow/example_dags/tutorial_dag.py
[2025-03-07T02:40:27.794+0000] {processor.py:914} INFO - Processing file /home/Ashreem/airflow-env/lib/python3.12/site-packages/airflow/example_dags/tutorial_dag.py for tasks to queue
[2025-03-07T02:40:27.796+0000] {logging_mixin.py:190} INFO - [2025-03-07T02:40:27.796+0000] {dagbag.py:588} INFO - Filling up the DagBag from /home/Ashreem/airflow-env/lib/python3.12/site-packages/airflow/example_dags/tutorial_dag.py
[2025-03-07T02:40:27.806+0000] {processor.py:925} INFO - DAG(s) 'tutorial_dag' retrieved from /home/Ashreem/airflow-env/lib/python3.12/site-packages/airflow/example_dags/tutorial_dag.py
[2025-03-07T02:40:27.844+0000] {logging_mixin.py:190} INFO - [2025-03-07T02:40:27.844+0000] {dag.py:3239} INFO - Sync 1 DAGs
[2025-03-07T02:40:27.860+0000] {logging_mixin.py:190} INFO - [2025-03-07T02:40:27.860+0000] {dag.py:4180} INFO - Setting next_dagrun for tutorial_dag to None, run_after=None
[2025-03-07T02:40:27.901+0000] {processor.py:208} INFO - Processing /home/Ashreem/airflow-env/lib/python3.12/site-packages/airflow/example_dags/tutorial_dag.py took 0.119 seconds
[2025-03-07T02:41:31.486+0000] {processor.py:186} INFO - Started process (PID=46863) to work on /home/Ashreem/airflow-env/lib/python3.12/site-packages/airflow/example_dags/tutorial_dag.py
[2025-03-07T02:41:31.487+0000] {processor.py:914} INFO - Processing file /home/Ashreem/airflow-env/lib/python3.12/site-packages/airflow/example_dags/tutorial_dag.py for tasks to queue
[2025-03-07T02:41:31.490+0000] {logging_mixin.py:190} INFO - [2025-03-07T02:41:31.489+0000] {dagbag.py:588} INFO - Filling up the DagBag from /home/Ashreem/airflow-env/lib/python3.12/site-packages/airflow/example_dags/tutorial_dag.py
[2025-03-07T02:41:31.500+0000] {processor.py:925} INFO - DAG(s) 'tutorial_dag' retrieved from /home/Ashreem/airflow-env/lib/python3.12/site-packages/airflow/example_dags/tutorial_dag.py
[2025-03-07T02:41:31.519+0000] {logging_mixin.py:190} INFO - [2025-03-07T02:41:31.519+0000] {dag.py:3239} INFO - Sync 1 DAGs
[2025-03-07T02:41:31.534+0000] {logging_mixin.py:190} INFO - [2025-03-07T02:41:31.534+0000] {dag.py:4180} INFO - Setting next_dagrun for tutorial_dag to None, run_after=None
[2025-03-07T02:41:31.572+0000] {processor.py:208} INFO - Processing /home/Ashreem/airflow-env/lib/python3.12/site-packages/airflow/example_dags/tutorial_dag.py took 0.094 seconds
[2025-03-07T02:42:35.638+0000] {processor.py:186} INFO - Started process (PID=46927) to work on /home/Ashreem/airflow-env/lib/python3.12/site-packages/airflow/example_dags/tutorial_dag.py
[2025-03-07T02:42:35.639+0000] {processor.py:914} INFO - Processing file /home/Ashreem/airflow-env/lib/python3.12/site-packages/airflow/example_dags/tutorial_dag.py for tasks to queue
[2025-03-07T02:42:35.642+0000] {logging_mixin.py:190} INFO - [2025-03-07T02:42:35.641+0000] {dagbag.py:588} INFO - Filling up the DagBag from /home/Ashreem/airflow-env/lib/python3.12/site-packages/airflow/example_dags/tutorial_dag.py
[2025-03-07T02:42:35.651+0000] {processor.py:925} INFO - DAG(s) 'tutorial_dag' retrieved from /home/Ashreem/airflow-env/lib/python3.12/site-packages/airflow/example_dags/tutorial_dag.py
[2025-03-07T02:42:35.669+0000] {logging_mixin.py:190} INFO - [2025-03-07T02:42:35.669+0000] {dag.py:3239} INFO - Sync 1 DAGs
[2025-03-07T02:42:35.688+0000] {logging_mixin.py:190} INFO - [2025-03-07T02:42:35.687+0000] {dag.py:4180} INFO - Setting next_dagrun for tutorial_dag to None, run_after=None
[2025-03-07T02:42:35.726+0000] {processor.py:208} INFO - Processing /home/Ashreem/airflow-env/lib/python3.12/site-packages/airflow/example_dags/tutorial_dag.py took 0.096 seconds
[2025-03-07T02:43:39.768+0000] {processor.py:186} INFO - Started process (PID=47004) to work on /home/Ashreem/airflow-env/lib/python3.12/site-packages/airflow/example_dags/tutorial_dag.py
[2025-03-07T02:43:39.770+0000] {processor.py:914} INFO - Processing file /home/Ashreem/airflow-env/lib/python3.12/site-packages/airflow/example_dags/tutorial_dag.py for tasks to queue
[2025-03-07T02:43:39.774+0000] {logging_mixin.py:190} INFO - [2025-03-07T02:43:39.773+0000] {dagbag.py:588} INFO - Filling up the DagBag from /home/Ashreem/airflow-env/lib/python3.12/site-packages/airflow/example_dags/tutorial_dag.py
[2025-03-07T02:43:39.783+0000] {processor.py:925} INFO - DAG(s) 'tutorial_dag' retrieved from /home/Ashreem/airflow-env/lib/python3.12/site-packages/airflow/example_dags/tutorial_dag.py
[2025-03-07T02:43:39.801+0000] {logging_mixin.py:190} INFO - [2025-03-07T02:43:39.801+0000] {dag.py:3239} INFO - Sync 1 DAGs
[2025-03-07T02:43:39.817+0000] {logging_mixin.py:190} INFO - [2025-03-07T02:43:39.817+0000] {dag.py:4180} INFO - Setting next_dagrun for tutorial_dag to None, run_after=None
[2025-03-07T02:43:39.858+0000] {processor.py:208} INFO - Processing /home/Ashreem/airflow-env/lib/python3.12/site-packages/airflow/example_dags/tutorial_dag.py took 0.097 seconds
[2025-03-07T02:44:41.036+0000] {processor.py:186} INFO - Started process (PID=47079) to work on /home/Ashreem/airflow-env/lib/python3.12/site-packages/airflow/example_dags/tutorial_dag.py
[2025-03-07T02:44:41.038+0000] {processor.py:914} INFO - Processing file /home/Ashreem/airflow-env/lib/python3.12/site-packages/airflow/example_dags/tutorial_dag.py for tasks to queue
[2025-03-07T02:44:41.041+0000] {logging_mixin.py:190} INFO - [2025-03-07T02:44:41.040+0000] {dagbag.py:588} INFO - Filling up the DagBag from /home/Ashreem/airflow-env/lib/python3.12/site-packages/airflow/example_dags/tutorial_dag.py
[2025-03-07T02:44:41.052+0000] {processor.py:925} INFO - DAG(s) 'tutorial_dag' retrieved from /home/Ashreem/airflow-env/lib/python3.12/site-packages/airflow/example_dags/tutorial_dag.py
[2025-03-07T02:44:41.076+0000] {logging_mixin.py:190} INFO - [2025-03-07T02:44:41.075+0000] {dag.py:3239} INFO - Sync 1 DAGs
[2025-03-07T02:44:41.092+0000] {logging_mixin.py:190} INFO - [2025-03-07T02:44:41.092+0000] {dag.py:4180} INFO - Setting next_dagrun for tutorial_dag to None, run_after=None
[2025-03-07T02:44:41.130+0000] {processor.py:208} INFO - Processing /home/Ashreem/airflow-env/lib/python3.12/site-packages/airflow/example_dags/tutorial_dag.py took 0.104 seconds
[2025-03-07T02:45:44.112+0000] {processor.py:186} INFO - Started process (PID=47149) to work on /home/Ashreem/airflow-env/lib/python3.12/site-packages/airflow/example_dags/tutorial_dag.py
[2025-03-07T02:45:44.114+0000] {processor.py:914} INFO - Processing file /home/Ashreem/airflow-env/lib/python3.12/site-packages/airflow/example_dags/tutorial_dag.py for tasks to queue
[2025-03-07T02:45:44.116+0000] {logging_mixin.py:190} INFO - [2025-03-07T02:45:44.116+0000] {dagbag.py:588} INFO - Filling up the DagBag from /home/Ashreem/airflow-env/lib/python3.12/site-packages/airflow/example_dags/tutorial_dag.py
[2025-03-07T02:45:44.127+0000] {processor.py:925} INFO - DAG(s) 'tutorial_dag' retrieved from /home/Ashreem/airflow-env/lib/python3.12/site-packages/airflow/example_dags/tutorial_dag.py
[2025-03-07T02:45:44.145+0000] {logging_mixin.py:190} INFO - [2025-03-07T02:45:44.145+0000] {dag.py:3239} INFO - Sync 1 DAGs
[2025-03-07T02:45:44.170+0000] {logging_mixin.py:190} INFO - [2025-03-07T02:45:44.169+0000] {dag.py:4180} INFO - Setting next_dagrun for tutorial_dag to None, run_after=None
[2025-03-07T02:45:44.210+0000] {processor.py:208} INFO - Processing /home/Ashreem/airflow-env/lib/python3.12/site-packages/airflow/example_dags/tutorial_dag.py took 0.106 seconds
[2025-03-07T02:46:46.917+0000] {processor.py:186} INFO - Started process (PID=47210) to work on /home/Ashreem/airflow-env/lib/python3.12/site-packages/airflow/example_dags/tutorial_dag.py
[2025-03-07T02:46:46.918+0000] {processor.py:914} INFO - Processing file /home/Ashreem/airflow-env/lib/python3.12/site-packages/airflow/example_dags/tutorial_dag.py for tasks to queue
[2025-03-07T02:46:46.921+0000] {logging_mixin.py:190} INFO - [2025-03-07T02:46:46.920+0000] {dagbag.py:588} INFO - Filling up the DagBag from /home/Ashreem/airflow-env/lib/python3.12/site-packages/airflow/example_dags/tutorial_dag.py
[2025-03-07T02:46:46.934+0000] {processor.py:925} INFO - DAG(s) 'tutorial_dag' retrieved from /home/Ashreem/airflow-env/lib/python3.12/site-packages/airflow/example_dags/tutorial_dag.py
[2025-03-07T02:46:46.953+0000] {logging_mixin.py:190} INFO - [2025-03-07T02:46:46.953+0000] {dag.py:3239} INFO - Sync 1 DAGs
[2025-03-07T02:46:46.969+0000] {logging_mixin.py:190} INFO - [2025-03-07T02:46:46.968+0000] {dag.py:4180} INFO - Setting next_dagrun for tutorial_dag to None, run_after=None
[2025-03-07T02:46:47.007+0000] {processor.py:208} INFO - Processing /home/Ashreem/airflow-env/lib/python3.12/site-packages/airflow/example_dags/tutorial_dag.py took 0.100 seconds
[2025-03-07T02:47:50.911+0000] {processor.py:186} INFO - Started process (PID=47271) to work on /home/Ashreem/airflow-env/lib/python3.12/site-packages/airflow/example_dags/tutorial_dag.py
[2025-03-07T02:47:50.912+0000] {processor.py:914} INFO - Processing file /home/Ashreem/airflow-env/lib/python3.12/site-packages/airflow/example_dags/tutorial_dag.py for tasks to queue
[2025-03-07T02:47:50.915+0000] {logging_mixin.py:190} INFO - [2025-03-07T02:47:50.915+0000] {dagbag.py:588} INFO - Filling up the DagBag from /home/Ashreem/airflow-env/lib/python3.12/site-packages/airflow/example_dags/tutorial_dag.py
[2025-03-07T02:47:50.925+0000] {processor.py:925} INFO - DAG(s) 'tutorial_dag' retrieved from /home/Ashreem/airflow-env/lib/python3.12/site-packages/airflow/example_dags/tutorial_dag.py
[2025-03-07T02:47:50.943+0000] {logging_mixin.py:190} INFO - [2025-03-07T02:47:50.943+0000] {dag.py:3239} INFO - Sync 1 DAGs
[2025-03-07T02:47:50.958+0000] {logging_mixin.py:190} INFO - [2025-03-07T02:47:50.958+0000] {dag.py:4180} INFO - Setting next_dagrun for tutorial_dag to None, run_after=None
[2025-03-07T02:47:50.996+0000] {processor.py:208} INFO - Processing /home/Ashreem/airflow-env/lib/python3.12/site-packages/airflow/example_dags/tutorial_dag.py took 0.094 seconds
[2025-03-07T02:49:00.918+0000] {processor.py:186} INFO - Started process (PID=47350) to work on /home/Ashreem/airflow-env/lib/python3.12/site-packages/airflow/example_dags/tutorial_dag.py
[2025-03-07T02:49:00.919+0000] {processor.py:914} INFO - Processing file /home/Ashreem/airflow-env/lib/python3.12/site-packages/airflow/example_dags/tutorial_dag.py for tasks to queue
[2025-03-07T02:49:00.922+0000] {logging_mixin.py:190} INFO - [2025-03-07T02:49:00.921+0000] {dagbag.py:588} INFO - Filling up the DagBag from /home/Ashreem/airflow-env/lib/python3.12/site-packages/airflow/example_dags/tutorial_dag.py
[2025-03-07T02:49:00.932+0000] {processor.py:925} INFO - DAG(s) 'tutorial_dag' retrieved from /home/Ashreem/airflow-env/lib/python3.12/site-packages/airflow/example_dags/tutorial_dag.py
[2025-03-07T02:49:00.951+0000] {logging_mixin.py:190} INFO - [2025-03-07T02:49:00.950+0000] {dag.py:3239} INFO - Sync 1 DAGs
[2025-03-07T02:49:00.966+0000] {logging_mixin.py:190} INFO - [2025-03-07T02:49:00.966+0000] {dag.py:4180} INFO - Setting next_dagrun for tutorial_dag to None, run_after=None
[2025-03-07T02:49:01.008+0000] {processor.py:208} INFO - Processing /home/Ashreem/airflow-env/lib/python3.12/site-packages/airflow/example_dags/tutorial_dag.py took 0.098 seconds
[2025-03-07T02:50:09.048+0000] {processor.py:186} INFO - Started process (PID=47425) to work on /home/Ashreem/airflow-env/lib/python3.12/site-packages/airflow/example_dags/tutorial_dag.py
[2025-03-07T02:50:09.050+0000] {processor.py:914} INFO - Processing file /home/Ashreem/airflow-env/lib/python3.12/site-packages/airflow/example_dags/tutorial_dag.py for tasks to queue
[2025-03-07T02:50:09.055+0000] {logging_mixin.py:190} INFO - [2025-03-07T02:50:09.055+0000] {dagbag.py:588} INFO - Filling up the DagBag from /home/Ashreem/airflow-env/lib/python3.12/site-packages/airflow/example_dags/tutorial_dag.py
[2025-03-07T02:50:09.066+0000] {processor.py:925} INFO - DAG(s) 'tutorial_dag' retrieved from /home/Ashreem/airflow-env/lib/python3.12/site-packages/airflow/example_dags/tutorial_dag.py
[2025-03-07T02:50:09.089+0000] {logging_mixin.py:190} INFO - [2025-03-07T02:50:09.089+0000] {dag.py:3239} INFO - Sync 1 DAGs
[2025-03-07T02:50:09.106+0000] {logging_mixin.py:190} INFO - [2025-03-07T02:50:09.106+0000] {dag.py:4180} INFO - Setting next_dagrun for tutorial_dag to None, run_after=None
[2025-03-07T02:50:09.144+0000] {processor.py:208} INFO - Processing /home/Ashreem/airflow-env/lib/python3.12/site-packages/airflow/example_dags/tutorial_dag.py took 0.103 seconds
[2025-03-07T02:51:07.790+0000] {processor.py:186} INFO - Started process (PID=47491) to work on /home/Ashreem/airflow-env/lib/python3.12/site-packages/airflow/example_dags/tutorial_dag.py
[2025-03-07T02:51:07.791+0000] {processor.py:914} INFO - Processing file /home/Ashreem/airflow-env/lib/python3.12/site-packages/airflow/example_dags/tutorial_dag.py for tasks to queue
[2025-03-07T02:51:07.794+0000] {logging_mixin.py:190} INFO - [2025-03-07T02:51:07.794+0000] {dagbag.py:588} INFO - Filling up the DagBag from /home/Ashreem/airflow-env/lib/python3.12/site-packages/airflow/example_dags/tutorial_dag.py
[2025-03-07T02:51:07.804+0000] {processor.py:925} INFO - DAG(s) 'tutorial_dag' retrieved from /home/Ashreem/airflow-env/lib/python3.12/site-packages/airflow/example_dags/tutorial_dag.py
[2025-03-07T02:51:07.825+0000] {logging_mixin.py:190} INFO - [2025-03-07T02:51:07.825+0000] {dag.py:3239} INFO - Sync 1 DAGs
[2025-03-07T02:51:07.841+0000] {logging_mixin.py:190} INFO - [2025-03-07T02:51:07.841+0000] {dag.py:4180} INFO - Setting next_dagrun for tutorial_dag to None, run_after=None
[2025-03-07T02:51:07.883+0000] {processor.py:208} INFO - Processing /home/Ashreem/airflow-env/lib/python3.12/site-packages/airflow/example_dags/tutorial_dag.py took 0.102 seconds
[2025-03-07T02:52:13.133+0000] {processor.py:186} INFO - Started process (PID=47558) to work on /home/Ashreem/airflow-env/lib/python3.12/site-packages/airflow/example_dags/tutorial_dag.py
[2025-03-07T02:52:13.134+0000] {processor.py:914} INFO - Processing file /home/Ashreem/airflow-env/lib/python3.12/site-packages/airflow/example_dags/tutorial_dag.py for tasks to queue
[2025-03-07T02:52:13.137+0000] {logging_mixin.py:190} INFO - [2025-03-07T02:52:13.137+0000] {dagbag.py:588} INFO - Filling up the DagBag from /home/Ashreem/airflow-env/lib/python3.12/site-packages/airflow/example_dags/tutorial_dag.py
[2025-03-07T02:52:13.150+0000] {processor.py:925} INFO - DAG(s) 'tutorial_dag' retrieved from /home/Ashreem/airflow-env/lib/python3.12/site-packages/airflow/example_dags/tutorial_dag.py
[2025-03-07T02:52:13.170+0000] {logging_mixin.py:190} INFO - [2025-03-07T02:52:13.169+0000] {dag.py:3239} INFO - Sync 1 DAGs
[2025-03-07T02:52:13.188+0000] {logging_mixin.py:190} INFO - [2025-03-07T02:52:13.188+0000] {dag.py:4180} INFO - Setting next_dagrun for tutorial_dag to None, run_after=None
[2025-03-07T02:52:13.224+0000] {processor.py:208} INFO - Processing /home/Ashreem/airflow-env/lib/python3.12/site-packages/airflow/example_dags/tutorial_dag.py took 0.102 seconds
[2025-03-07T02:53:17.614+0000] {processor.py:186} INFO - Started process (PID=47621) to work on /home/Ashreem/airflow-env/lib/python3.12/site-packages/airflow/example_dags/tutorial_dag.py
[2025-03-07T02:53:17.616+0000] {processor.py:914} INFO - Processing file /home/Ashreem/airflow-env/lib/python3.12/site-packages/airflow/example_dags/tutorial_dag.py for tasks to queue
[2025-03-07T02:53:17.619+0000] {logging_mixin.py:190} INFO - [2025-03-07T02:53:17.618+0000] {dagbag.py:588} INFO - Filling up the DagBag from /home/Ashreem/airflow-env/lib/python3.12/site-packages/airflow/example_dags/tutorial_dag.py
[2025-03-07T02:53:17.629+0000] {processor.py:925} INFO - DAG(s) 'tutorial_dag' retrieved from /home/Ashreem/airflow-env/lib/python3.12/site-packages/airflow/example_dags/tutorial_dag.py
[2025-03-07T02:53:17.648+0000] {logging_mixin.py:190} INFO - [2025-03-07T02:53:17.648+0000] {dag.py:3239} INFO - Sync 1 DAGs
[2025-03-07T02:53:17.664+0000] {logging_mixin.py:190} INFO - [2025-03-07T02:53:17.664+0000] {dag.py:4180} INFO - Setting next_dagrun for tutorial_dag to None, run_after=None
[2025-03-07T02:53:17.708+0000] {processor.py:208} INFO - Processing /home/Ashreem/airflow-env/lib/python3.12/site-packages/airflow/example_dags/tutorial_dag.py took 0.101 seconds
[2025-03-07T02:54:20.288+0000] {processor.py:186} INFO - Started process (PID=47686) to work on /home/Ashreem/airflow-env/lib/python3.12/site-packages/airflow/example_dags/tutorial_dag.py
[2025-03-07T02:54:20.290+0000] {processor.py:914} INFO - Processing file /home/Ashreem/airflow-env/lib/python3.12/site-packages/airflow/example_dags/tutorial_dag.py for tasks to queue
[2025-03-07T02:54:20.293+0000] {logging_mixin.py:190} INFO - [2025-03-07T02:54:20.293+0000] {dagbag.py:588} INFO - Filling up the DagBag from /home/Ashreem/airflow-env/lib/python3.12/site-packages/airflow/example_dags/tutorial_dag.py
[2025-03-07T02:54:20.305+0000] {processor.py:925} INFO - DAG(s) 'tutorial_dag' retrieved from /home/Ashreem/airflow-env/lib/python3.12/site-packages/airflow/example_dags/tutorial_dag.py
[2025-03-07T02:54:20.325+0000] {logging_mixin.py:190} INFO - [2025-03-07T02:54:20.325+0000] {dag.py:3239} INFO - Sync 1 DAGs
[2025-03-07T02:54:20.342+0000] {logging_mixin.py:190} INFO - [2025-03-07T02:54:20.342+0000] {dag.py:4180} INFO - Setting next_dagrun for tutorial_dag to None, run_after=None
[2025-03-07T02:54:20.383+0000] {processor.py:208} INFO - Processing /home/Ashreem/airflow-env/lib/python3.12/site-packages/airflow/example_dags/tutorial_dag.py took 0.103 seconds
[2025-03-07T02:55:22.086+0000] {processor.py:186} INFO - Started process (PID=47753) to work on /home/Ashreem/airflow-env/lib/python3.12/site-packages/airflow/example_dags/tutorial_dag.py
[2025-03-07T02:55:22.088+0000] {processor.py:914} INFO - Processing file /home/Ashreem/airflow-env/lib/python3.12/site-packages/airflow/example_dags/tutorial_dag.py for tasks to queue
[2025-03-07T02:55:22.091+0000] {logging_mixin.py:190} INFO - [2025-03-07T02:55:22.090+0000] {dagbag.py:588} INFO - Filling up the DagBag from /home/Ashreem/airflow-env/lib/python3.12/site-packages/airflow/example_dags/tutorial_dag.py
[2025-03-07T02:55:22.105+0000] {processor.py:925} INFO - DAG(s) 'tutorial_dag' retrieved from /home/Ashreem/airflow-env/lib/python3.12/site-packages/airflow/example_dags/tutorial_dag.py
[2025-03-07T02:55:22.126+0000] {logging_mixin.py:190} INFO - [2025-03-07T02:55:22.126+0000] {dag.py:3239} INFO - Sync 1 DAGs
[2025-03-07T02:55:22.145+0000] {logging_mixin.py:190} INFO - [2025-03-07T02:55:22.145+0000] {dag.py:4180} INFO - Setting next_dagrun for tutorial_dag to None, run_after=None
[2025-03-07T02:55:22.186+0000] {processor.py:208} INFO - Processing /home/Ashreem/airflow-env/lib/python3.12/site-packages/airflow/example_dags/tutorial_dag.py took 0.108 seconds
[2025-03-07T02:56:20.711+0000] {processor.py:186} INFO - Started process (PID=47912) to work on /home/Ashreem/airflow-env/lib/python3.12/site-packages/airflow/example_dags/tutorial_dag.py
[2025-03-07T02:56:20.716+0000] {processor.py:914} INFO - Processing file /home/Ashreem/airflow-env/lib/python3.12/site-packages/airflow/example_dags/tutorial_dag.py for tasks to queue
[2025-03-07T02:56:20.719+0000] {logging_mixin.py:190} INFO - [2025-03-07T02:56:20.719+0000] {dagbag.py:588} INFO - Filling up the DagBag from /home/Ashreem/airflow-env/lib/python3.12/site-packages/airflow/example_dags/tutorial_dag.py
[2025-03-07T02:56:20.730+0000] {processor.py:925} INFO - DAG(s) 'tutorial_dag' retrieved from /home/Ashreem/airflow-env/lib/python3.12/site-packages/airflow/example_dags/tutorial_dag.py
[2025-03-07T02:56:20.761+0000] {logging_mixin.py:190} INFO - [2025-03-07T02:56:20.761+0000] {dag.py:3239} INFO - Sync 1 DAGs
[2025-03-07T02:56:20.778+0000] {logging_mixin.py:190} INFO - [2025-03-07T02:56:20.778+0000] {dag.py:4180} INFO - Setting next_dagrun for tutorial_dag to None, run_after=None
[2025-03-07T02:56:20.817+0000] {processor.py:208} INFO - Processing /home/Ashreem/airflow-env/lib/python3.12/site-packages/airflow/example_dags/tutorial_dag.py took 0.114 seconds
[2025-03-07T02:56:26.125+0000] {processor.py:186} INFO - Started process (PID=47923) to work on /home/Ashreem/airflow-env/lib/python3.12/site-packages/airflow/example_dags/tutorial_dag.py
[2025-03-07T02:56:26.126+0000] {processor.py:914} INFO - Processing file /home/Ashreem/airflow-env/lib/python3.12/site-packages/airflow/example_dags/tutorial_dag.py for tasks to queue
[2025-03-07T02:56:26.131+0000] {logging_mixin.py:190} INFO - [2025-03-07T02:56:26.130+0000] {dagbag.py:588} INFO - Filling up the DagBag from /home/Ashreem/airflow-env/lib/python3.12/site-packages/airflow/example_dags/tutorial_dag.py
[2025-03-07T02:56:26.142+0000] {processor.py:925} INFO - DAG(s) 'tutorial_dag' retrieved from /home/Ashreem/airflow-env/lib/python3.12/site-packages/airflow/example_dags/tutorial_dag.py
[2025-03-07T02:56:26.163+0000] {logging_mixin.py:190} INFO - [2025-03-07T02:56:26.163+0000] {dag.py:3239} INFO - Sync 1 DAGs
[2025-03-07T02:56:26.180+0000] {logging_mixin.py:190} INFO - [2025-03-07T02:56:26.180+0000] {dag.py:4180} INFO - Setting next_dagrun for tutorial_dag to None, run_after=None
[2025-03-07T02:56:26.217+0000] {processor.py:208} INFO - Processing /home/Ashreem/airflow-env/lib/python3.12/site-packages/airflow/example_dags/tutorial_dag.py took 0.100 seconds
[2025-03-07T02:57:32.017+0000] {processor.py:186} INFO - Started process (PID=48033) to work on /home/Ashreem/airflow-env/lib/python3.12/site-packages/airflow/example_dags/tutorial_dag.py
[2025-03-07T02:57:32.019+0000] {processor.py:914} INFO - Processing file /home/Ashreem/airflow-env/lib/python3.12/site-packages/airflow/example_dags/tutorial_dag.py for tasks to queue
[2025-03-07T02:57:32.021+0000] {logging_mixin.py:190} INFO - [2025-03-07T02:57:32.021+0000] {dagbag.py:588} INFO - Filling up the DagBag from /home/Ashreem/airflow-env/lib/python3.12/site-packages/airflow/example_dags/tutorial_dag.py
[2025-03-07T02:57:32.032+0000] {processor.py:925} INFO - DAG(s) 'tutorial_dag' retrieved from /home/Ashreem/airflow-env/lib/python3.12/site-packages/airflow/example_dags/tutorial_dag.py
[2025-03-07T02:57:32.050+0000] {logging_mixin.py:190} INFO - [2025-03-07T02:57:32.049+0000] {dag.py:3239} INFO - Sync 1 DAGs
[2025-03-07T02:57:32.070+0000] {logging_mixin.py:190} INFO - [2025-03-07T02:57:32.070+0000] {dag.py:4180} INFO - Setting next_dagrun for tutorial_dag to None, run_after=None
[2025-03-07T02:57:32.107+0000] {processor.py:208} INFO - Processing /home/Ashreem/airflow-env/lib/python3.12/site-packages/airflow/example_dags/tutorial_dag.py took 0.098 seconds
[2025-03-07T02:58:36.926+0000] {processor.py:186} INFO - Started process (PID=48105) to work on /home/Ashreem/airflow-env/lib/python3.12/site-packages/airflow/example_dags/tutorial_dag.py
[2025-03-07T02:58:36.928+0000] {processor.py:914} INFO - Processing file /home/Ashreem/airflow-env/lib/python3.12/site-packages/airflow/example_dags/tutorial_dag.py for tasks to queue
[2025-03-07T02:58:36.932+0000] {logging_mixin.py:190} INFO - [2025-03-07T02:58:36.932+0000] {dagbag.py:588} INFO - Filling up the DagBag from /home/Ashreem/airflow-env/lib/python3.12/site-packages/airflow/example_dags/tutorial_dag.py
[2025-03-07T02:58:36.943+0000] {processor.py:925} INFO - DAG(s) 'tutorial_dag' retrieved from /home/Ashreem/airflow-env/lib/python3.12/site-packages/airflow/example_dags/tutorial_dag.py
[2025-03-07T02:58:36.967+0000] {logging_mixin.py:190} INFO - [2025-03-07T02:58:36.967+0000] {dag.py:3239} INFO - Sync 1 DAGs
[2025-03-07T02:58:36.985+0000] {logging_mixin.py:190} INFO - [2025-03-07T02:58:36.984+0000] {dag.py:4180} INFO - Setting next_dagrun for tutorial_dag to None, run_after=None
[2025-03-07T02:58:37.027+0000] {processor.py:208} INFO - Processing /home/Ashreem/airflow-env/lib/python3.12/site-packages/airflow/example_dags/tutorial_dag.py took 0.110 seconds
[2025-03-07T02:59:17.716+0000] {processor.py:186} INFO - Started process (PID=48191) to work on /home/Ashreem/airflow-env/lib/python3.12/site-packages/airflow/example_dags/tutorial_dag.py
[2025-03-07T02:59:17.717+0000] {processor.py:914} INFO - Processing file /home/Ashreem/airflow-env/lib/python3.12/site-packages/airflow/example_dags/tutorial_dag.py for tasks to queue
[2025-03-07T02:59:17.722+0000] {logging_mixin.py:190} INFO - [2025-03-07T02:59:17.722+0000] {dagbag.py:588} INFO - Filling up the DagBag from /home/Ashreem/airflow-env/lib/python3.12/site-packages/airflow/example_dags/tutorial_dag.py
[2025-03-07T02:59:17.734+0000] {processor.py:925} INFO - DAG(s) 'tutorial_dag' retrieved from /home/Ashreem/airflow-env/lib/python3.12/site-packages/airflow/example_dags/tutorial_dag.py
[2025-03-07T02:59:17.760+0000] {logging_mixin.py:190} INFO - [2025-03-07T02:59:17.760+0000] {dag.py:3239} INFO - Sync 1 DAGs
[2025-03-07T02:59:17.775+0000] {logging_mixin.py:190} INFO - [2025-03-07T02:59:17.775+0000] {dag.py:4180} INFO - Setting next_dagrun for tutorial_dag to None, run_after=None
[2025-03-07T02:59:17.820+0000] {processor.py:208} INFO - Processing /home/Ashreem/airflow-env/lib/python3.12/site-packages/airflow/example_dags/tutorial_dag.py took 0.112 seconds
[2025-03-07T02:59:43.304+0000] {processor.py:186} INFO - Started process (PID=48223) to work on /home/Ashreem/airflow-env/lib/python3.12/site-packages/airflow/example_dags/tutorial_dag.py
[2025-03-07T02:59:43.306+0000] {processor.py:914} INFO - Processing file /home/Ashreem/airflow-env/lib/python3.12/site-packages/airflow/example_dags/tutorial_dag.py for tasks to queue
[2025-03-07T02:59:43.308+0000] {logging_mixin.py:190} INFO - [2025-03-07T02:59:43.308+0000] {dagbag.py:588} INFO - Filling up the DagBag from /home/Ashreem/airflow-env/lib/python3.12/site-packages/airflow/example_dags/tutorial_dag.py
[2025-03-07T02:59:43.319+0000] {processor.py:925} INFO - DAG(s) 'tutorial_dag' retrieved from /home/Ashreem/airflow-env/lib/python3.12/site-packages/airflow/example_dags/tutorial_dag.py
[2025-03-07T02:59:43.338+0000] {logging_mixin.py:190} INFO - [2025-03-07T02:59:43.337+0000] {dag.py:3239} INFO - Sync 1 DAGs
[2025-03-07T02:59:43.356+0000] {logging_mixin.py:190} INFO - [2025-03-07T02:59:43.355+0000] {dag.py:4180} INFO - Setting next_dagrun for tutorial_dag to None, run_after=None
[2025-03-07T02:59:43.392+0000] {processor.py:208} INFO - Processing /home/Ashreem/airflow-env/lib/python3.12/site-packages/airflow/example_dags/tutorial_dag.py took 0.095 seconds
[2025-03-07T03:00:08.699+0000] {processor.py:186} INFO - Started process (PID=48284) to work on /home/Ashreem/airflow-env/lib/python3.12/site-packages/airflow/example_dags/tutorial_dag.py
[2025-03-07T03:00:08.701+0000] {processor.py:914} INFO - Processing file /home/Ashreem/airflow-env/lib/python3.12/site-packages/airflow/example_dags/tutorial_dag.py for tasks to queue
[2025-03-07T03:00:08.704+0000] {logging_mixin.py:190} INFO - [2025-03-07T03:00:08.704+0000] {dagbag.py:588} INFO - Filling up the DagBag from /home/Ashreem/airflow-env/lib/python3.12/site-packages/airflow/example_dags/tutorial_dag.py
[2025-03-07T03:00:08.716+0000] {processor.py:925} INFO - DAG(s) 'tutorial_dag' retrieved from /home/Ashreem/airflow-env/lib/python3.12/site-packages/airflow/example_dags/tutorial_dag.py
[2025-03-07T03:00:08.756+0000] {logging_mixin.py:190} INFO - [2025-03-07T03:00:08.756+0000] {dag.py:3239} INFO - Sync 1 DAGs
[2025-03-07T03:00:08.774+0000] {logging_mixin.py:190} INFO - [2025-03-07T03:00:08.774+0000] {dag.py:4180} INFO - Setting next_dagrun for tutorial_dag to None, run_after=None
[2025-03-07T03:00:08.814+0000] {processor.py:208} INFO - Processing /home/Ashreem/airflow-env/lib/python3.12/site-packages/airflow/example_dags/tutorial_dag.py took 0.124 seconds
[2025-03-07T03:00:50.361+0000] {processor.py:186} INFO - Started process (PID=48335) to work on /home/Ashreem/airflow-env/lib/python3.12/site-packages/airflow/example_dags/tutorial_dag.py
[2025-03-07T03:00:50.362+0000] {processor.py:914} INFO - Processing file /home/Ashreem/airflow-env/lib/python3.12/site-packages/airflow/example_dags/tutorial_dag.py for tasks to queue
[2025-03-07T03:00:50.365+0000] {logging_mixin.py:190} INFO - [2025-03-07T03:00:50.365+0000] {dagbag.py:588} INFO - Filling up the DagBag from /home/Ashreem/airflow-env/lib/python3.12/site-packages/airflow/example_dags/tutorial_dag.py
[2025-03-07T03:00:50.379+0000] {processor.py:925} INFO - DAG(s) 'tutorial_dag' retrieved from /home/Ashreem/airflow-env/lib/python3.12/site-packages/airflow/example_dags/tutorial_dag.py
[2025-03-07T03:00:50.401+0000] {logging_mixin.py:190} INFO - [2025-03-07T03:00:50.400+0000] {dag.py:3239} INFO - Sync 1 DAGs
[2025-03-07T03:00:50.419+0000] {logging_mixin.py:190} INFO - [2025-03-07T03:00:50.419+0000] {dag.py:4180} INFO - Setting next_dagrun for tutorial_dag to None, run_after=None
[2025-03-07T03:00:50.458+0000] {processor.py:208} INFO - Processing /home/Ashreem/airflow-env/lib/python3.12/site-packages/airflow/example_dags/tutorial_dag.py took 0.105 seconds
[2025-03-07T03:01:51.131+0000] {processor.py:186} INFO - Started process (PID=48401) to work on /home/Ashreem/airflow-env/lib/python3.12/site-packages/airflow/example_dags/tutorial_dag.py
[2025-03-07T03:01:51.132+0000] {processor.py:914} INFO - Processing file /home/Ashreem/airflow-env/lib/python3.12/site-packages/airflow/example_dags/tutorial_dag.py for tasks to queue
[2025-03-07T03:01:51.135+0000] {logging_mixin.py:190} INFO - [2025-03-07T03:01:51.135+0000] {dagbag.py:588} INFO - Filling up the DagBag from /home/Ashreem/airflow-env/lib/python3.12/site-packages/airflow/example_dags/tutorial_dag.py
[2025-03-07T03:01:51.146+0000] {processor.py:925} INFO - DAG(s) 'tutorial_dag' retrieved from /home/Ashreem/airflow-env/lib/python3.12/site-packages/airflow/example_dags/tutorial_dag.py
[2025-03-07T03:01:51.167+0000] {logging_mixin.py:190} INFO - [2025-03-07T03:01:51.167+0000] {dag.py:3239} INFO - Sync 1 DAGs
[2025-03-07T03:01:51.185+0000] {logging_mixin.py:190} INFO - [2025-03-07T03:01:51.185+0000] {dag.py:4180} INFO - Setting next_dagrun for tutorial_dag to None, run_after=None
[2025-03-07T03:01:51.222+0000] {processor.py:208} INFO - Processing /home/Ashreem/airflow-env/lib/python3.12/site-packages/airflow/example_dags/tutorial_dag.py took 0.099 seconds
[2025-03-07T03:02:51.773+0000] {processor.py:186} INFO - Started process (PID=48534) to work on /home/Ashreem/airflow-env/lib/python3.12/site-packages/airflow/example_dags/tutorial_dag.py
[2025-03-07T03:02:51.774+0000] {processor.py:914} INFO - Processing file /home/Ashreem/airflow-env/lib/python3.12/site-packages/airflow/example_dags/tutorial_dag.py for tasks to queue
[2025-03-07T03:02:51.777+0000] {logging_mixin.py:190} INFO - [2025-03-07T03:02:51.776+0000] {dagbag.py:588} INFO - Filling up the DagBag from /home/Ashreem/airflow-env/lib/python3.12/site-packages/airflow/example_dags/tutorial_dag.py
[2025-03-07T03:02:51.789+0000] {processor.py:925} INFO - DAG(s) 'tutorial_dag' retrieved from /home/Ashreem/airflow-env/lib/python3.12/site-packages/airflow/example_dags/tutorial_dag.py
[2025-03-07T03:02:51.811+0000] {logging_mixin.py:190} INFO - [2025-03-07T03:02:51.811+0000] {dag.py:3239} INFO - Sync 1 DAGs
[2025-03-07T03:02:51.829+0000] {logging_mixin.py:190} INFO - [2025-03-07T03:02:51.829+0000] {dag.py:4180} INFO - Setting next_dagrun for tutorial_dag to None, run_after=None
[2025-03-07T03:02:51.868+0000] {processor.py:208} INFO - Processing /home/Ashreem/airflow-env/lib/python3.12/site-packages/airflow/example_dags/tutorial_dag.py took 0.104 seconds
[2025-03-07T03:03:37.828+0000] {processor.py:186} INFO - Started process (PID=48607) to work on /home/Ashreem/airflow-env/lib/python3.12/site-packages/airflow/example_dags/tutorial_dag.py
[2025-03-07T03:03:37.829+0000] {processor.py:914} INFO - Processing file /home/Ashreem/airflow-env/lib/python3.12/site-packages/airflow/example_dags/tutorial_dag.py for tasks to queue
[2025-03-07T03:03:37.833+0000] {logging_mixin.py:190} INFO - [2025-03-07T03:03:37.832+0000] {dagbag.py:588} INFO - Filling up the DagBag from /home/Ashreem/airflow-env/lib/python3.12/site-packages/airflow/example_dags/tutorial_dag.py
[2025-03-07T03:03:37.843+0000] {processor.py:925} INFO - DAG(s) 'tutorial_dag' retrieved from /home/Ashreem/airflow-env/lib/python3.12/site-packages/airflow/example_dags/tutorial_dag.py
[2025-03-07T03:03:37.870+0000] {logging_mixin.py:190} INFO - [2025-03-07T03:03:37.870+0000] {dag.py:3239} INFO - Sync 1 DAGs
[2025-03-07T03:03:37.887+0000] {logging_mixin.py:190} INFO - [2025-03-07T03:03:37.886+0000] {dag.py:4180} INFO - Setting next_dagrun for tutorial_dag to None, run_after=None
[2025-03-07T03:03:37.932+0000] {processor.py:208} INFO - Processing /home/Ashreem/airflow-env/lib/python3.12/site-packages/airflow/example_dags/tutorial_dag.py took 0.112 seconds
[2025-03-07T03:04:39.105+0000] {processor.py:186} INFO - Started process (PID=48675) to work on /home/Ashreem/airflow-env/lib/python3.12/site-packages/airflow/example_dags/tutorial_dag.py
[2025-03-07T03:04:39.106+0000] {processor.py:914} INFO - Processing file /home/Ashreem/airflow-env/lib/python3.12/site-packages/airflow/example_dags/tutorial_dag.py for tasks to queue
[2025-03-07T03:04:39.109+0000] {logging_mixin.py:190} INFO - [2025-03-07T03:04:39.109+0000] {dagbag.py:588} INFO - Filling up the DagBag from /home/Ashreem/airflow-env/lib/python3.12/site-packages/airflow/example_dags/tutorial_dag.py
[2025-03-07T03:04:39.120+0000] {processor.py:925} INFO - DAG(s) 'tutorial_dag' retrieved from /home/Ashreem/airflow-env/lib/python3.12/site-packages/airflow/example_dags/tutorial_dag.py
[2025-03-07T03:04:39.141+0000] {logging_mixin.py:190} INFO - [2025-03-07T03:04:39.141+0000] {dag.py:3239} INFO - Sync 1 DAGs
[2025-03-07T03:04:39.157+0000] {logging_mixin.py:190} INFO - [2025-03-07T03:04:39.157+0000] {dag.py:4180} INFO - Setting next_dagrun for tutorial_dag to None, run_after=None
[2025-03-07T03:04:39.199+0000] {processor.py:208} INFO - Processing /home/Ashreem/airflow-env/lib/python3.12/site-packages/airflow/example_dags/tutorial_dag.py took 0.102 seconds
[2025-03-07T03:05:40.150+0000] {processor.py:186} INFO - Started process (PID=48924) to work on /home/Ashreem/airflow-env/lib/python3.12/site-packages/airflow/example_dags/tutorial_dag.py
[2025-03-07T03:05:40.151+0000] {processor.py:914} INFO - Processing file /home/Ashreem/airflow-env/lib/python3.12/site-packages/airflow/example_dags/tutorial_dag.py for tasks to queue
[2025-03-07T03:05:40.154+0000] {logging_mixin.py:190} INFO - [2025-03-07T03:05:40.153+0000] {dagbag.py:588} INFO - Filling up the DagBag from /home/Ashreem/airflow-env/lib/python3.12/site-packages/airflow/example_dags/tutorial_dag.py
[2025-03-07T03:05:40.164+0000] {processor.py:925} INFO - DAG(s) 'tutorial_dag' retrieved from /home/Ashreem/airflow-env/lib/python3.12/site-packages/airflow/example_dags/tutorial_dag.py
[2025-03-07T03:05:40.184+0000] {logging_mixin.py:190} INFO - [2025-03-07T03:05:40.184+0000] {dag.py:3239} INFO - Sync 1 DAGs
[2025-03-07T03:05:40.200+0000] {logging_mixin.py:190} INFO - [2025-03-07T03:05:40.200+0000] {dag.py:4180} INFO - Setting next_dagrun for tutorial_dag to None, run_after=None
[2025-03-07T03:05:40.240+0000] {processor.py:208} INFO - Processing /home/Ashreem/airflow-env/lib/python3.12/site-packages/airflow/example_dags/tutorial_dag.py took 0.099 seconds
[2025-03-07T03:06:46.910+0000] {processor.py:186} INFO - Started process (PID=48994) to work on /home/Ashreem/airflow-env/lib/python3.12/site-packages/airflow/example_dags/tutorial_dag.py
[2025-03-07T03:06:46.911+0000] {processor.py:914} INFO - Processing file /home/Ashreem/airflow-env/lib/python3.12/site-packages/airflow/example_dags/tutorial_dag.py for tasks to queue
[2025-03-07T03:06:46.914+0000] {logging_mixin.py:190} INFO - [2025-03-07T03:06:46.914+0000] {dagbag.py:588} INFO - Filling up the DagBag from /home/Ashreem/airflow-env/lib/python3.12/site-packages/airflow/example_dags/tutorial_dag.py
[2025-03-07T03:06:46.926+0000] {processor.py:925} INFO - DAG(s) 'tutorial_dag' retrieved from /home/Ashreem/airflow-env/lib/python3.12/site-packages/airflow/example_dags/tutorial_dag.py
[2025-03-07T03:06:46.949+0000] {logging_mixin.py:190} INFO - [2025-03-07T03:06:46.949+0000] {dag.py:3239} INFO - Sync 1 DAGs
[2025-03-07T03:06:46.966+0000] {logging_mixin.py:190} INFO - [2025-03-07T03:06:46.965+0000] {dag.py:4180} INFO - Setting next_dagrun for tutorial_dag to None, run_after=None
[2025-03-07T03:06:47.005+0000] {processor.py:208} INFO - Processing /home/Ashreem/airflow-env/lib/python3.12/site-packages/airflow/example_dags/tutorial_dag.py took 0.103 seconds
[2025-03-07T03:07:53.600+0000] {processor.py:186} INFO - Started process (PID=49075) to work on /home/Ashreem/airflow-env/lib/python3.12/site-packages/airflow/example_dags/tutorial_dag.py
[2025-03-07T03:07:53.601+0000] {processor.py:914} INFO - Processing file /home/Ashreem/airflow-env/lib/python3.12/site-packages/airflow/example_dags/tutorial_dag.py for tasks to queue
[2025-03-07T03:07:53.605+0000] {logging_mixin.py:190} INFO - [2025-03-07T03:07:53.604+0000] {dagbag.py:588} INFO - Filling up the DagBag from /home/Ashreem/airflow-env/lib/python3.12/site-packages/airflow/example_dags/tutorial_dag.py
[2025-03-07T03:07:53.616+0000] {processor.py:925} INFO - DAG(s) 'tutorial_dag' retrieved from /home/Ashreem/airflow-env/lib/python3.12/site-packages/airflow/example_dags/tutorial_dag.py
[2025-03-07T03:07:53.644+0000] {logging_mixin.py:190} INFO - [2025-03-07T03:07:53.644+0000] {dag.py:3239} INFO - Sync 1 DAGs
[2025-03-07T03:07:53.661+0000] {logging_mixin.py:190} INFO - [2025-03-07T03:07:53.661+0000] {dag.py:4180} INFO - Setting next_dagrun for tutorial_dag to None, run_after=None
[2025-03-07T03:07:53.704+0000] {processor.py:208} INFO - Processing /home/Ashreem/airflow-env/lib/python3.12/site-packages/airflow/example_dags/tutorial_dag.py took 0.113 seconds
[2025-03-07T03:08:54.866+0000] {processor.py:186} INFO - Started process (PID=49146) to work on /home/Ashreem/airflow-env/lib/python3.12/site-packages/airflow/example_dags/tutorial_dag.py
[2025-03-07T03:08:54.868+0000] {processor.py:914} INFO - Processing file /home/Ashreem/airflow-env/lib/python3.12/site-packages/airflow/example_dags/tutorial_dag.py for tasks to queue
[2025-03-07T03:08:54.870+0000] {logging_mixin.py:190} INFO - [2025-03-07T03:08:54.870+0000] {dagbag.py:588} INFO - Filling up the DagBag from /home/Ashreem/airflow-env/lib/python3.12/site-packages/airflow/example_dags/tutorial_dag.py
[2025-03-07T03:08:54.881+0000] {processor.py:925} INFO - DAG(s) 'tutorial_dag' retrieved from /home/Ashreem/airflow-env/lib/python3.12/site-packages/airflow/example_dags/tutorial_dag.py
[2025-03-07T03:08:54.900+0000] {logging_mixin.py:190} INFO - [2025-03-07T03:08:54.900+0000] {dag.py:3239} INFO - Sync 1 DAGs
[2025-03-07T03:08:54.916+0000] {logging_mixin.py:190} INFO - [2025-03-07T03:08:54.916+0000] {dag.py:4180} INFO - Setting next_dagrun for tutorial_dag to None, run_after=None
[2025-03-07T03:08:54.959+0000] {processor.py:208} INFO - Processing /home/Ashreem/airflow-env/lib/python3.12/site-packages/airflow/example_dags/tutorial_dag.py took 0.101 seconds
[2025-03-07T03:09:55.907+0000] {processor.py:186} INFO - Started process (PID=49207) to work on /home/Ashreem/airflow-env/lib/python3.12/site-packages/airflow/example_dags/tutorial_dag.py
[2025-03-07T03:09:55.909+0000] {processor.py:914} INFO - Processing file /home/Ashreem/airflow-env/lib/python3.12/site-packages/airflow/example_dags/tutorial_dag.py for tasks to queue
[2025-03-07T03:09:55.911+0000] {logging_mixin.py:190} INFO - [2025-03-07T03:09:55.911+0000] {dagbag.py:588} INFO - Filling up the DagBag from /home/Ashreem/airflow-env/lib/python3.12/site-packages/airflow/example_dags/tutorial_dag.py
[2025-03-07T03:09:55.922+0000] {processor.py:925} INFO - DAG(s) 'tutorial_dag' retrieved from /home/Ashreem/airflow-env/lib/python3.12/site-packages/airflow/example_dags/tutorial_dag.py
[2025-03-07T03:09:55.941+0000] {logging_mixin.py:190} INFO - [2025-03-07T03:09:55.940+0000] {dag.py:3239} INFO - Sync 1 DAGs
[2025-03-07T03:09:55.957+0000] {logging_mixin.py:190} INFO - [2025-03-07T03:09:55.957+0000] {dag.py:4180} INFO - Setting next_dagrun for tutorial_dag to None, run_after=None
[2025-03-07T03:09:55.996+0000] {processor.py:208} INFO - Processing /home/Ashreem/airflow-env/lib/python3.12/site-packages/airflow/example_dags/tutorial_dag.py took 0.097 seconds
