[2025-03-07T02:30:07.706+0000] {processor.py:186} INFO - Started process (PID=45966) to work on /home/Ashreem/airflow-env/lib/python3.12/site-packages/airflow/example_dags/tutorial_taskflow_api_virtualenv.py
[2025-03-07T02:30:07.708+0000] {processor.py:914} INFO - Processing file /home/Ashreem/airflow-env/lib/python3.12/site-packages/airflow/example_dags/tutorial_taskflow_api_virtualenv.py for tasks to queue
[2025-03-07T02:30:07.712+0000] {logging_mixin.py:190} INFO - [2025-03-07T02:30:07.712+0000] {dagbag.py:588} INFO - Filling up the DagBag from /home/Ashreem/airflow-env/lib/python3.12/site-packages/airflow/example_dags/tutorial_taskflow_api_virtualenv.py
[2025-03-07T02:30:07.730+0000] {processor.py:925} INFO - DAG(s) 'tutorial_taskflow_api_virtualenv' retrieved from /home/Ashreem/airflow-env/lib/python3.12/site-packages/airflow/example_dags/tutorial_taskflow_api_virtualenv.py
[2025-03-07T02:30:08.324+0000] {logging_mixin.py:190} INFO - [2025-03-07T02:30:08.323+0000] {override.py:1930} INFO - Created Permission View: can read on DAG:tutorial_taskflow_api_virtualenv
[2025-03-07T02:30:08.352+0000] {logging_mixin.py:190} INFO - [2025-03-07T02:30:08.352+0000] {override.py:1930} INFO - Created Permission View: can delete on DAG:tutorial_taskflow_api_virtualenv
[2025-03-07T02:30:08.377+0000] {logging_mixin.py:190} INFO - [2025-03-07T02:30:08.377+0000] {override.py:1930} INFO - Created Permission View: can edit on DAG:tutorial_taskflow_api_virtualenv
[2025-03-07T02:30:08.415+0000] {logging_mixin.py:190} INFO - [2025-03-07T02:30:08.415+0000] {override.py:1930} INFO - Created Permission View: can read on DAG Run:tutorial_taskflow_api_virtualenv
[2025-03-07T02:30:08.437+0000] {logging_mixin.py:190} INFO - [2025-03-07T02:30:08.437+0000] {override.py:1930} INFO - Created Permission View: can delete on DAG Run:tutorial_taskflow_api_virtualenv
[2025-03-07T02:30:08.459+0000] {logging_mixin.py:190} INFO - [2025-03-07T02:30:08.458+0000] {override.py:1930} INFO - Created Permission View: menu access on DAG Run:tutorial_taskflow_api_virtualenv
[2025-03-07T02:30:08.500+0000] {logging_mixin.py:190} INFO - [2025-03-07T02:30:08.500+0000] {override.py:1930} INFO - Created Permission View: can create on DAG Run:tutorial_taskflow_api_virtualenv
[2025-03-07T02:30:08.501+0000] {logging_mixin.py:190} INFO - [2025-03-07T02:30:08.501+0000] {dag.py:3239} INFO - Sync 1 DAGs
[2025-03-07T02:30:08.631+0000] {logging_mixin.py:190} INFO - [2025-03-07T02:30:08.631+0000] {dag.py:3262} INFO - Creating ORM DAG for tutorial_taskflow_api_virtualenv
[2025-03-07T02:30:08.632+0000] {logging_mixin.py:190} INFO - [2025-03-07T02:30:08.631+0000] {dag.py:4180} INFO - Setting next_dagrun for tutorial_taskflow_api_virtualenv to None, run_after=None
[2025-03-07T02:30:08.771+0000] {processor.py:208} INFO - Processing /home/Ashreem/airflow-env/lib/python3.12/site-packages/airflow/example_dags/tutorial_taskflow_api_virtualenv.py took 1.074 seconds
[2025-03-07T02:32:53.224+0000] {processor.py:186} INFO - Started process (PID=46070) to work on /home/Ashreem/airflow-env/lib/python3.12/site-packages/airflow/example_dags/tutorial_taskflow_api_virtualenv.py
[2025-03-07T02:32:53.226+0000] {processor.py:914} INFO - Processing file /home/Ashreem/airflow-env/lib/python3.12/site-packages/airflow/example_dags/tutorial_taskflow_api_virtualenv.py for tasks to queue
[2025-03-07T02:32:53.230+0000] {logging_mixin.py:190} INFO - [2025-03-07T02:32:53.229+0000] {dagbag.py:588} INFO - Filling up the DagBag from /home/Ashreem/airflow-env/lib/python3.12/site-packages/airflow/example_dags/tutorial_taskflow_api_virtualenv.py
[2025-03-07T02:32:53.246+0000] {processor.py:925} INFO - DAG(s) 'tutorial_taskflow_api_virtualenv' retrieved from /home/Ashreem/airflow-env/lib/python3.12/site-packages/airflow/example_dags/tutorial_taskflow_api_virtualenv.py
[2025-03-07T02:32:53.380+0000] {logging_mixin.py:190} INFO - [2025-03-07T02:32:53.379+0000] {dag.py:3239} INFO - Sync 1 DAGs
[2025-03-07T02:32:53.395+0000] {logging_mixin.py:190} INFO - [2025-03-07T02:32:53.395+0000] {dag.py:4180} INFO - Setting next_dagrun for tutorial_taskflow_api_virtualenv to None, run_after=None
[2025-03-07T02:32:53.437+0000] {processor.py:208} INFO - Processing /home/Ashreem/airflow-env/lib/python3.12/site-packages/airflow/example_dags/tutorial_taskflow_api_virtualenv.py took 0.220 seconds
[2025-03-07T02:33:57.981+0000] {processor.py:186} INFO - Started process (PID=46399) to work on /home/Ashreem/airflow-env/lib/python3.12/site-packages/airflow/example_dags/tutorial_taskflow_api_virtualenv.py
[2025-03-07T02:33:57.983+0000] {processor.py:914} INFO - Processing file /home/Ashreem/airflow-env/lib/python3.12/site-packages/airflow/example_dags/tutorial_taskflow_api_virtualenv.py for tasks to queue
[2025-03-07T02:33:57.986+0000] {logging_mixin.py:190} INFO - [2025-03-07T02:33:57.985+0000] {dagbag.py:588} INFO - Filling up the DagBag from /home/Ashreem/airflow-env/lib/python3.12/site-packages/airflow/example_dags/tutorial_taskflow_api_virtualenv.py
[2025-03-07T02:33:58.002+0000] {processor.py:925} INFO - DAG(s) 'tutorial_taskflow_api_virtualenv' retrieved from /home/Ashreem/airflow-env/lib/python3.12/site-packages/airflow/example_dags/tutorial_taskflow_api_virtualenv.py
[2025-03-07T02:33:58.021+0000] {logging_mixin.py:190} INFO - [2025-03-07T02:33:58.021+0000] {dag.py:3239} INFO - Sync 1 DAGs
[2025-03-07T02:33:58.036+0000] {logging_mixin.py:190} INFO - [2025-03-07T02:33:58.036+0000] {dag.py:4180} INFO - Setting next_dagrun for tutorial_taskflow_api_virtualenv to None, run_after=None
[2025-03-07T02:33:58.074+0000] {processor.py:208} INFO - Processing /home/Ashreem/airflow-env/lib/python3.12/site-packages/airflow/example_dags/tutorial_taskflow_api_virtualenv.py took 0.100 seconds
[2025-03-07T02:35:04.687+0000] {processor.py:186} INFO - Started process (PID=46469) to work on /home/Ashreem/airflow-env/lib/python3.12/site-packages/airflow/example_dags/tutorial_taskflow_api_virtualenv.py
[2025-03-07T02:35:04.689+0000] {processor.py:914} INFO - Processing file /home/Ashreem/airflow-env/lib/python3.12/site-packages/airflow/example_dags/tutorial_taskflow_api_virtualenv.py for tasks to queue
[2025-03-07T02:35:04.691+0000] {logging_mixin.py:190} INFO - [2025-03-07T02:35:04.691+0000] {dagbag.py:588} INFO - Filling up the DagBag from /home/Ashreem/airflow-env/lib/python3.12/site-packages/airflow/example_dags/tutorial_taskflow_api_virtualenv.py
[2025-03-07T02:35:04.710+0000] {processor.py:925} INFO - DAG(s) 'tutorial_taskflow_api_virtualenv' retrieved from /home/Ashreem/airflow-env/lib/python3.12/site-packages/airflow/example_dags/tutorial_taskflow_api_virtualenv.py
[2025-03-07T02:35:04.729+0000] {logging_mixin.py:190} INFO - [2025-03-07T02:35:04.728+0000] {dag.py:3239} INFO - Sync 1 DAGs
[2025-03-07T02:35:04.743+0000] {logging_mixin.py:190} INFO - [2025-03-07T02:35:04.743+0000] {dag.py:4180} INFO - Setting next_dagrun for tutorial_taskflow_api_virtualenv to None, run_after=None
[2025-03-07T02:35:04.785+0000] {processor.py:208} INFO - Processing /home/Ashreem/airflow-env/lib/python3.12/site-packages/airflow/example_dags/tutorial_taskflow_api_virtualenv.py took 0.106 seconds
[2025-03-07T02:36:10.880+0000] {processor.py:186} INFO - Started process (PID=46536) to work on /home/Ashreem/airflow-env/lib/python3.12/site-packages/airflow/example_dags/tutorial_taskflow_api_virtualenv.py
[2025-03-07T02:36:10.882+0000] {processor.py:914} INFO - Processing file /home/Ashreem/airflow-env/lib/python3.12/site-packages/airflow/example_dags/tutorial_taskflow_api_virtualenv.py for tasks to queue
[2025-03-07T02:36:10.885+0000] {logging_mixin.py:190} INFO - [2025-03-07T02:36:10.884+0000] {dagbag.py:588} INFO - Filling up the DagBag from /home/Ashreem/airflow-env/lib/python3.12/site-packages/airflow/example_dags/tutorial_taskflow_api_virtualenv.py
[2025-03-07T02:36:10.901+0000] {processor.py:925} INFO - DAG(s) 'tutorial_taskflow_api_virtualenv' retrieved from /home/Ashreem/airflow-env/lib/python3.12/site-packages/airflow/example_dags/tutorial_taskflow_api_virtualenv.py
[2025-03-07T02:36:10.921+0000] {logging_mixin.py:190} INFO - [2025-03-07T02:36:10.920+0000] {dag.py:3239} INFO - Sync 1 DAGs
[2025-03-07T02:36:10.936+0000] {logging_mixin.py:190} INFO - [2025-03-07T02:36:10.936+0000] {dag.py:4180} INFO - Setting next_dagrun for tutorial_taskflow_api_virtualenv to None, run_after=None
[2025-03-07T02:36:10.974+0000] {processor.py:208} INFO - Processing /home/Ashreem/airflow-env/lib/python3.12/site-packages/airflow/example_dags/tutorial_taskflow_api_virtualenv.py took 0.101 seconds
[2025-03-07T02:37:16.660+0000] {processor.py:186} INFO - Started process (PID=46602) to work on /home/Ashreem/airflow-env/lib/python3.12/site-packages/airflow/example_dags/tutorial_taskflow_api_virtualenv.py
[2025-03-07T02:37:16.662+0000] {processor.py:914} INFO - Processing file /home/Ashreem/airflow-env/lib/python3.12/site-packages/airflow/example_dags/tutorial_taskflow_api_virtualenv.py for tasks to queue
[2025-03-07T02:37:16.665+0000] {logging_mixin.py:190} INFO - [2025-03-07T02:37:16.664+0000] {dagbag.py:588} INFO - Filling up the DagBag from /home/Ashreem/airflow-env/lib/python3.12/site-packages/airflow/example_dags/tutorial_taskflow_api_virtualenv.py
[2025-03-07T02:37:16.684+0000] {processor.py:925} INFO - DAG(s) 'tutorial_taskflow_api_virtualenv' retrieved from /home/Ashreem/airflow-env/lib/python3.12/site-packages/airflow/example_dags/tutorial_taskflow_api_virtualenv.py
[2025-03-07T02:37:16.705+0000] {logging_mixin.py:190} INFO - [2025-03-07T02:37:16.704+0000] {dag.py:3239} INFO - Sync 1 DAGs
[2025-03-07T02:37:16.721+0000] {logging_mixin.py:190} INFO - [2025-03-07T02:37:16.720+0000] {dag.py:4180} INFO - Setting next_dagrun for tutorial_taskflow_api_virtualenv to None, run_after=None
[2025-03-07T02:37:16.765+0000] {processor.py:208} INFO - Processing /home/Ashreem/airflow-env/lib/python3.12/site-packages/airflow/example_dags/tutorial_taskflow_api_virtualenv.py took 0.112 seconds
[2025-03-07T02:38:18.412+0000] {processor.py:186} INFO - Started process (PID=46662) to work on /home/Ashreem/airflow-env/lib/python3.12/site-packages/airflow/example_dags/tutorial_taskflow_api_virtualenv.py
[2025-03-07T02:38:18.413+0000] {processor.py:914} INFO - Processing file /home/Ashreem/airflow-env/lib/python3.12/site-packages/airflow/example_dags/tutorial_taskflow_api_virtualenv.py for tasks to queue
[2025-03-07T02:38:18.416+0000] {logging_mixin.py:190} INFO - [2025-03-07T02:38:18.416+0000] {dagbag.py:588} INFO - Filling up the DagBag from /home/Ashreem/airflow-env/lib/python3.12/site-packages/airflow/example_dags/tutorial_taskflow_api_virtualenv.py
[2025-03-07T02:38:18.437+0000] {processor.py:925} INFO - DAG(s) 'tutorial_taskflow_api_virtualenv' retrieved from /home/Ashreem/airflow-env/lib/python3.12/site-packages/airflow/example_dags/tutorial_taskflow_api_virtualenv.py
[2025-03-07T02:38:18.456+0000] {logging_mixin.py:190} INFO - [2025-03-07T02:38:18.456+0000] {dag.py:3239} INFO - Sync 1 DAGs
[2025-03-07T02:38:18.474+0000] {logging_mixin.py:190} INFO - [2025-03-07T02:38:18.474+0000] {dag.py:4180} INFO - Setting next_dagrun for tutorial_taskflow_api_virtualenv to None, run_after=None
[2025-03-07T02:38:18.516+0000] {processor.py:208} INFO - Processing /home/Ashreem/airflow-env/lib/python3.12/site-packages/airflow/example_dags/tutorial_taskflow_api_virtualenv.py took 0.139 seconds
[2025-03-07T02:39:21.814+0000] {processor.py:186} INFO - Started process (PID=46733) to work on /home/Ashreem/airflow-env/lib/python3.12/site-packages/airflow/example_dags/tutorial_taskflow_api_virtualenv.py
[2025-03-07T02:39:21.816+0000] {processor.py:914} INFO - Processing file /home/Ashreem/airflow-env/lib/python3.12/site-packages/airflow/example_dags/tutorial_taskflow_api_virtualenv.py for tasks to queue
[2025-03-07T02:39:21.820+0000] {logging_mixin.py:190} INFO - [2025-03-07T02:39:21.819+0000] {dagbag.py:588} INFO - Filling up the DagBag from /home/Ashreem/airflow-env/lib/python3.12/site-packages/airflow/example_dags/tutorial_taskflow_api_virtualenv.py
[2025-03-07T02:39:21.840+0000] {processor.py:925} INFO - DAG(s) 'tutorial_taskflow_api_virtualenv' retrieved from /home/Ashreem/airflow-env/lib/python3.12/site-packages/airflow/example_dags/tutorial_taskflow_api_virtualenv.py
[2025-03-07T02:39:21.862+0000] {logging_mixin.py:190} INFO - [2025-03-07T02:39:21.861+0000] {dag.py:3239} INFO - Sync 1 DAGs
[2025-03-07T02:39:21.881+0000] {logging_mixin.py:190} INFO - [2025-03-07T02:39:21.881+0000] {dag.py:4180} INFO - Setting next_dagrun for tutorial_taskflow_api_virtualenv to None, run_after=None
[2025-03-07T02:39:21.918+0000] {processor.py:208} INFO - Processing /home/Ashreem/airflow-env/lib/python3.12/site-packages/airflow/example_dags/tutorial_taskflow_api_virtualenv.py took 0.117 seconds
[2025-03-07T02:40:25.576+0000] {processor.py:186} INFO - Started process (PID=46795) to work on /home/Ashreem/airflow-env/lib/python3.12/site-packages/airflow/example_dags/tutorial_taskflow_api_virtualenv.py
[2025-03-07T02:40:25.577+0000] {processor.py:914} INFO - Processing file /home/Ashreem/airflow-env/lib/python3.12/site-packages/airflow/example_dags/tutorial_taskflow_api_virtualenv.py for tasks to queue
[2025-03-07T02:40:25.580+0000] {logging_mixin.py:190} INFO - [2025-03-07T02:40:25.580+0000] {dagbag.py:588} INFO - Filling up the DagBag from /home/Ashreem/airflow-env/lib/python3.12/site-packages/airflow/example_dags/tutorial_taskflow_api_virtualenv.py
[2025-03-07T02:40:25.598+0000] {processor.py:925} INFO - DAG(s) 'tutorial_taskflow_api_virtualenv' retrieved from /home/Ashreem/airflow-env/lib/python3.12/site-packages/airflow/example_dags/tutorial_taskflow_api_virtualenv.py
[2025-03-07T02:40:25.622+0000] {logging_mixin.py:190} INFO - [2025-03-07T02:40:25.622+0000] {dag.py:3239} INFO - Sync 1 DAGs
[2025-03-07T02:40:25.640+0000] {logging_mixin.py:190} INFO - [2025-03-07T02:40:25.639+0000] {dag.py:4180} INFO - Setting next_dagrun for tutorial_taskflow_api_virtualenv to None, run_after=None
[2025-03-07T02:40:25.678+0000] {processor.py:208} INFO - Processing /home/Ashreem/airflow-env/lib/python3.12/site-packages/airflow/example_dags/tutorial_taskflow_api_virtualenv.py took 0.110 seconds
[2025-03-07T02:41:28.995+0000] {processor.py:186} INFO - Started process (PID=46861) to work on /home/Ashreem/airflow-env/lib/python3.12/site-packages/airflow/example_dags/tutorial_taskflow_api_virtualenv.py
[2025-03-07T02:41:28.996+0000] {processor.py:914} INFO - Processing file /home/Ashreem/airflow-env/lib/python3.12/site-packages/airflow/example_dags/tutorial_taskflow_api_virtualenv.py for tasks to queue
[2025-03-07T02:41:28.999+0000] {logging_mixin.py:190} INFO - [2025-03-07T02:41:28.999+0000] {dagbag.py:588} INFO - Filling up the DagBag from /home/Ashreem/airflow-env/lib/python3.12/site-packages/airflow/example_dags/tutorial_taskflow_api_virtualenv.py
[2025-03-07T02:41:29.017+0000] {processor.py:925} INFO - DAG(s) 'tutorial_taskflow_api_virtualenv' retrieved from /home/Ashreem/airflow-env/lib/python3.12/site-packages/airflow/example_dags/tutorial_taskflow_api_virtualenv.py
[2025-03-07T02:41:29.039+0000] {logging_mixin.py:190} INFO - [2025-03-07T02:41:29.038+0000] {dag.py:3239} INFO - Sync 1 DAGs
[2025-03-07T02:41:29.060+0000] {logging_mixin.py:190} INFO - [2025-03-07T02:41:29.059+0000] {dag.py:4180} INFO - Setting next_dagrun for tutorial_taskflow_api_virtualenv to None, run_after=None
[2025-03-07T02:41:29.099+0000] {processor.py:208} INFO - Processing /home/Ashreem/airflow-env/lib/python3.12/site-packages/airflow/example_dags/tutorial_taskflow_api_virtualenv.py took 0.112 seconds
[2025-03-07T02:42:33.811+0000] {processor.py:186} INFO - Started process (PID=46925) to work on /home/Ashreem/airflow-env/lib/python3.12/site-packages/airflow/example_dags/tutorial_taskflow_api_virtualenv.py
[2025-03-07T02:42:33.813+0000] {processor.py:914} INFO - Processing file /home/Ashreem/airflow-env/lib/python3.12/site-packages/airflow/example_dags/tutorial_taskflow_api_virtualenv.py for tasks to queue
[2025-03-07T02:42:33.816+0000] {logging_mixin.py:190} INFO - [2025-03-07T02:42:33.815+0000] {dagbag.py:588} INFO - Filling up the DagBag from /home/Ashreem/airflow-env/lib/python3.12/site-packages/airflow/example_dags/tutorial_taskflow_api_virtualenv.py
[2025-03-07T02:42:33.836+0000] {processor.py:925} INFO - DAG(s) 'tutorial_taskflow_api_virtualenv' retrieved from /home/Ashreem/airflow-env/lib/python3.12/site-packages/airflow/example_dags/tutorial_taskflow_api_virtualenv.py
[2025-03-07T02:42:33.855+0000] {logging_mixin.py:190} INFO - [2025-03-07T02:42:33.855+0000] {dag.py:3239} INFO - Sync 1 DAGs
[2025-03-07T02:42:33.872+0000] {logging_mixin.py:190} INFO - [2025-03-07T02:42:33.872+0000] {dag.py:4180} INFO - Setting next_dagrun for tutorial_taskflow_api_virtualenv to None, run_after=None
[2025-03-07T02:42:33.910+0000] {processor.py:208} INFO - Processing /home/Ashreem/airflow-env/lib/python3.12/site-packages/airflow/example_dags/tutorial_taskflow_api_virtualenv.py took 0.107 seconds
[2025-03-07T02:43:36.765+0000] {processor.py:186} INFO - Started process (PID=46998) to work on /home/Ashreem/airflow-env/lib/python3.12/site-packages/airflow/example_dags/tutorial_taskflow_api_virtualenv.py
[2025-03-07T02:43:36.768+0000] {processor.py:914} INFO - Processing file /home/Ashreem/airflow-env/lib/python3.12/site-packages/airflow/example_dags/tutorial_taskflow_api_virtualenv.py for tasks to queue
[2025-03-07T02:43:36.774+0000] {logging_mixin.py:190} INFO - [2025-03-07T02:43:36.773+0000] {dagbag.py:588} INFO - Filling up the DagBag from /home/Ashreem/airflow-env/lib/python3.12/site-packages/airflow/example_dags/tutorial_taskflow_api_virtualenv.py
[2025-03-07T02:43:36.793+0000] {processor.py:925} INFO - DAG(s) 'tutorial_taskflow_api_virtualenv' retrieved from /home/Ashreem/airflow-env/lib/python3.12/site-packages/airflow/example_dags/tutorial_taskflow_api_virtualenv.py
[2025-03-07T02:43:36.814+0000] {logging_mixin.py:190} INFO - [2025-03-07T02:43:36.814+0000] {dag.py:3239} INFO - Sync 1 DAGs
[2025-03-07T02:43:36.830+0000] {logging_mixin.py:190} INFO - [2025-03-07T02:43:36.830+0000] {dag.py:4180} INFO - Setting next_dagrun for tutorial_taskflow_api_virtualenv to None, run_after=None
[2025-03-07T02:43:36.867+0000] {processor.py:208} INFO - Processing /home/Ashreem/airflow-env/lib/python3.12/site-packages/airflow/example_dags/tutorial_taskflow_api_virtualenv.py took 0.115 seconds
[2025-03-07T02:44:39.208+0000] {processor.py:186} INFO - Started process (PID=47077) to work on /home/Ashreem/airflow-env/lib/python3.12/site-packages/airflow/example_dags/tutorial_taskflow_api_virtualenv.py
[2025-03-07T02:44:39.210+0000] {processor.py:914} INFO - Processing file /home/Ashreem/airflow-env/lib/python3.12/site-packages/airflow/example_dags/tutorial_taskflow_api_virtualenv.py for tasks to queue
[2025-03-07T02:44:39.212+0000] {logging_mixin.py:190} INFO - [2025-03-07T02:44:39.212+0000] {dagbag.py:588} INFO - Filling up the DagBag from /home/Ashreem/airflow-env/lib/python3.12/site-packages/airflow/example_dags/tutorial_taskflow_api_virtualenv.py
[2025-03-07T02:44:39.230+0000] {processor.py:925} INFO - DAG(s) 'tutorial_taskflow_api_virtualenv' retrieved from /home/Ashreem/airflow-env/lib/python3.12/site-packages/airflow/example_dags/tutorial_taskflow_api_virtualenv.py
[2025-03-07T02:44:39.251+0000] {logging_mixin.py:190} INFO - [2025-03-07T02:44:39.251+0000] {dag.py:3239} INFO - Sync 1 DAGs
[2025-03-07T02:44:39.268+0000] {logging_mixin.py:190} INFO - [2025-03-07T02:44:39.268+0000] {dag.py:4180} INFO - Setting next_dagrun for tutorial_taskflow_api_virtualenv to None, run_after=None
[2025-03-07T02:44:39.311+0000] {processor.py:208} INFO - Processing /home/Ashreem/airflow-env/lib/python3.12/site-packages/airflow/example_dags/tutorial_taskflow_api_virtualenv.py took 0.114 seconds
[2025-03-07T02:45:42.281+0000] {processor.py:186} INFO - Started process (PID=47146) to work on /home/Ashreem/airflow-env/lib/python3.12/site-packages/airflow/example_dags/tutorial_taskflow_api_virtualenv.py
[2025-03-07T02:45:42.283+0000] {processor.py:914} INFO - Processing file /home/Ashreem/airflow-env/lib/python3.12/site-packages/airflow/example_dags/tutorial_taskflow_api_virtualenv.py for tasks to queue
[2025-03-07T02:45:42.285+0000] {logging_mixin.py:190} INFO - [2025-03-07T02:45:42.285+0000] {dagbag.py:588} INFO - Filling up the DagBag from /home/Ashreem/airflow-env/lib/python3.12/site-packages/airflow/example_dags/tutorial_taskflow_api_virtualenv.py
[2025-03-07T02:45:42.304+0000] {processor.py:925} INFO - DAG(s) 'tutorial_taskflow_api_virtualenv' retrieved from /home/Ashreem/airflow-env/lib/python3.12/site-packages/airflow/example_dags/tutorial_taskflow_api_virtualenv.py
[2025-03-07T02:45:42.327+0000] {logging_mixin.py:190} INFO - [2025-03-07T02:45:42.326+0000] {dag.py:3239} INFO - Sync 1 DAGs
[2025-03-07T02:45:42.342+0000] {logging_mixin.py:190} INFO - [2025-03-07T02:45:42.342+0000] {dag.py:4180} INFO - Setting next_dagrun for tutorial_taskflow_api_virtualenv to None, run_after=None
[2025-03-07T02:45:42.377+0000] {processor.py:208} INFO - Processing /home/Ashreem/airflow-env/lib/python3.12/site-packages/airflow/example_dags/tutorial_taskflow_api_virtualenv.py took 0.104 seconds
[2025-03-07T02:46:45.116+0000] {processor.py:186} INFO - Started process (PID=47208) to work on /home/Ashreem/airflow-env/lib/python3.12/site-packages/airflow/example_dags/tutorial_taskflow_api_virtualenv.py
[2025-03-07T02:46:45.118+0000] {processor.py:914} INFO - Processing file /home/Ashreem/airflow-env/lib/python3.12/site-packages/airflow/example_dags/tutorial_taskflow_api_virtualenv.py for tasks to queue
[2025-03-07T02:46:45.121+0000] {logging_mixin.py:190} INFO - [2025-03-07T02:46:45.120+0000] {dagbag.py:588} INFO - Filling up the DagBag from /home/Ashreem/airflow-env/lib/python3.12/site-packages/airflow/example_dags/tutorial_taskflow_api_virtualenv.py
[2025-03-07T02:46:45.139+0000] {processor.py:925} INFO - DAG(s) 'tutorial_taskflow_api_virtualenv' retrieved from /home/Ashreem/airflow-env/lib/python3.12/site-packages/airflow/example_dags/tutorial_taskflow_api_virtualenv.py
[2025-03-07T02:46:45.162+0000] {logging_mixin.py:190} INFO - [2025-03-07T02:46:45.162+0000] {dag.py:3239} INFO - Sync 1 DAGs
[2025-03-07T02:46:45.179+0000] {logging_mixin.py:190} INFO - [2025-03-07T02:46:45.179+0000] {dag.py:4180} INFO - Setting next_dagrun for tutorial_taskflow_api_virtualenv to None, run_after=None
[2025-03-07T02:46:45.223+0000] {processor.py:208} INFO - Processing /home/Ashreem/airflow-env/lib/python3.12/site-packages/airflow/example_dags/tutorial_taskflow_api_virtualenv.py took 0.114 seconds
[2025-03-07T02:47:48.413+0000] {processor.py:186} INFO - Started process (PID=47269) to work on /home/Ashreem/airflow-env/lib/python3.12/site-packages/airflow/example_dags/tutorial_taskflow_api_virtualenv.py
[2025-03-07T02:47:48.416+0000] {processor.py:914} INFO - Processing file /home/Ashreem/airflow-env/lib/python3.12/site-packages/airflow/example_dags/tutorial_taskflow_api_virtualenv.py for tasks to queue
[2025-03-07T02:47:48.418+0000] {logging_mixin.py:190} INFO - [2025-03-07T02:47:48.418+0000] {dagbag.py:588} INFO - Filling up the DagBag from /home/Ashreem/airflow-env/lib/python3.12/site-packages/airflow/example_dags/tutorial_taskflow_api_virtualenv.py
[2025-03-07T02:47:48.438+0000] {processor.py:925} INFO - DAG(s) 'tutorial_taskflow_api_virtualenv' retrieved from /home/Ashreem/airflow-env/lib/python3.12/site-packages/airflow/example_dags/tutorial_taskflow_api_virtualenv.py
[2025-03-07T02:47:48.458+0000] {logging_mixin.py:190} INFO - [2025-03-07T02:47:48.458+0000] {dag.py:3239} INFO - Sync 1 DAGs
[2025-03-07T02:47:48.475+0000] {logging_mixin.py:190} INFO - [2025-03-07T02:47:48.475+0000] {dag.py:4180} INFO - Setting next_dagrun for tutorial_taskflow_api_virtualenv to None, run_after=None
[2025-03-07T02:47:48.513+0000] {processor.py:208} INFO - Processing /home/Ashreem/airflow-env/lib/python3.12/site-packages/airflow/example_dags/tutorial_taskflow_api_virtualenv.py took 0.109 seconds
[2025-03-07T02:48:27.262+0000] {processor.py:186} INFO - Started process (PID=47308) to work on /home/Ashreem/airflow-env/lib/python3.12/site-packages/airflow/example_dags/tutorial_taskflow_api_virtualenv.py
[2025-03-07T02:48:27.265+0000] {processor.py:914} INFO - Processing file /home/Ashreem/airflow-env/lib/python3.12/site-packages/airflow/example_dags/tutorial_taskflow_api_virtualenv.py for tasks to queue
[2025-03-07T02:48:27.268+0000] {logging_mixin.py:190} INFO - [2025-03-07T02:48:27.268+0000] {dagbag.py:588} INFO - Filling up the DagBag from /home/Ashreem/airflow-env/lib/python3.12/site-packages/airflow/example_dags/tutorial_taskflow_api_virtualenv.py
[2025-03-07T02:48:27.284+0000] {processor.py:925} INFO - DAG(s) 'tutorial_taskflow_api_virtualenv' retrieved from /home/Ashreem/airflow-env/lib/python3.12/site-packages/airflow/example_dags/tutorial_taskflow_api_virtualenv.py
[2025-03-07T02:48:27.302+0000] {logging_mixin.py:190} INFO - [2025-03-07T02:48:27.302+0000] {dag.py:3239} INFO - Sync 1 DAGs
[2025-03-07T02:48:27.325+0000] {logging_mixin.py:190} INFO - [2025-03-07T02:48:27.325+0000] {dag.py:4180} INFO - Setting next_dagrun for tutorial_taskflow_api_virtualenv to None, run_after=None
[2025-03-07T02:48:27.369+0000] {processor.py:208} INFO - Processing /home/Ashreem/airflow-env/lib/python3.12/site-packages/airflow/example_dags/tutorial_taskflow_api_virtualenv.py took 0.113 seconds
[2025-03-07T02:49:31.834+0000] {processor.py:186} INFO - Started process (PID=47383) to work on /home/Ashreem/airflow-env/lib/python3.12/site-packages/airflow/example_dags/tutorial_taskflow_api_virtualenv.py
[2025-03-07T02:49:31.836+0000] {processor.py:914} INFO - Processing file /home/Ashreem/airflow-env/lib/python3.12/site-packages/airflow/example_dags/tutorial_taskflow_api_virtualenv.py for tasks to queue
[2025-03-07T02:49:31.839+0000] {logging_mixin.py:190} INFO - [2025-03-07T02:49:31.838+0000] {dagbag.py:588} INFO - Filling up the DagBag from /home/Ashreem/airflow-env/lib/python3.12/site-packages/airflow/example_dags/tutorial_taskflow_api_virtualenv.py
[2025-03-07T02:49:31.855+0000] {processor.py:925} INFO - DAG(s) 'tutorial_taskflow_api_virtualenv' retrieved from /home/Ashreem/airflow-env/lib/python3.12/site-packages/airflow/example_dags/tutorial_taskflow_api_virtualenv.py
[2025-03-07T02:49:31.878+0000] {logging_mixin.py:190} INFO - [2025-03-07T02:49:31.877+0000] {dag.py:3239} INFO - Sync 1 DAGs
[2025-03-07T02:49:31.899+0000] {logging_mixin.py:190} INFO - [2025-03-07T02:49:31.899+0000] {dag.py:4180} INFO - Setting next_dagrun for tutorial_taskflow_api_virtualenv to None, run_after=None
[2025-03-07T02:49:31.967+0000] {processor.py:208} INFO - Processing /home/Ashreem/airflow-env/lib/python3.12/site-packages/airflow/example_dags/tutorial_taskflow_api_virtualenv.py took 0.144 seconds
[2025-03-07T02:50:37.446+0000] {processor.py:186} INFO - Started process (PID=47459) to work on /home/Ashreem/airflow-env/lib/python3.12/site-packages/airflow/example_dags/tutorial_taskflow_api_virtualenv.py
[2025-03-07T02:50:37.447+0000] {processor.py:914} INFO - Processing file /home/Ashreem/airflow-env/lib/python3.12/site-packages/airflow/example_dags/tutorial_taskflow_api_virtualenv.py for tasks to queue
[2025-03-07T02:50:37.451+0000] {logging_mixin.py:190} INFO - [2025-03-07T02:50:37.450+0000] {dagbag.py:588} INFO - Filling up the DagBag from /home/Ashreem/airflow-env/lib/python3.12/site-packages/airflow/example_dags/tutorial_taskflow_api_virtualenv.py
[2025-03-07T02:50:37.467+0000] {processor.py:925} INFO - DAG(s) 'tutorial_taskflow_api_virtualenv' retrieved from /home/Ashreem/airflow-env/lib/python3.12/site-packages/airflow/example_dags/tutorial_taskflow_api_virtualenv.py
[2025-03-07T02:50:37.487+0000] {logging_mixin.py:190} INFO - [2025-03-07T02:50:37.487+0000] {dag.py:3239} INFO - Sync 1 DAGs
[2025-03-07T02:50:37.506+0000] {logging_mixin.py:190} INFO - [2025-03-07T02:50:37.506+0000] {dag.py:4180} INFO - Setting next_dagrun for tutorial_taskflow_api_virtualenv to None, run_after=None
[2025-03-07T02:50:37.542+0000] {processor.py:208} INFO - Processing /home/Ashreem/airflow-env/lib/python3.12/site-packages/airflow/example_dags/tutorial_taskflow_api_virtualenv.py took 0.104 seconds
[2025-03-07T02:51:38.331+0000] {processor.py:186} INFO - Started process (PID=47520) to work on /home/Ashreem/airflow-env/lib/python3.12/site-packages/airflow/example_dags/tutorial_taskflow_api_virtualenv.py
[2025-03-07T02:51:38.334+0000] {processor.py:914} INFO - Processing file /home/Ashreem/airflow-env/lib/python3.12/site-packages/airflow/example_dags/tutorial_taskflow_api_virtualenv.py for tasks to queue
[2025-03-07T02:51:38.337+0000] {logging_mixin.py:190} INFO - [2025-03-07T02:51:38.336+0000] {dagbag.py:588} INFO - Filling up the DagBag from /home/Ashreem/airflow-env/lib/python3.12/site-packages/airflow/example_dags/tutorial_taskflow_api_virtualenv.py
[2025-03-07T02:51:38.353+0000] {processor.py:925} INFO - DAG(s) 'tutorial_taskflow_api_virtualenv' retrieved from /home/Ashreem/airflow-env/lib/python3.12/site-packages/airflow/example_dags/tutorial_taskflow_api_virtualenv.py
[2025-03-07T02:51:38.373+0000] {logging_mixin.py:190} INFO - [2025-03-07T02:51:38.373+0000] {dag.py:3239} INFO - Sync 1 DAGs
[2025-03-07T02:51:38.390+0000] {logging_mixin.py:190} INFO - [2025-03-07T02:51:38.389+0000] {dag.py:4180} INFO - Setting next_dagrun for tutorial_taskflow_api_virtualenv to None, run_after=None
[2025-03-07T02:51:38.428+0000] {processor.py:208} INFO - Processing /home/Ashreem/airflow-env/lib/python3.12/site-packages/airflow/example_dags/tutorial_taskflow_api_virtualenv.py took 0.105 seconds
[2025-03-07T02:52:46.630+0000] {processor.py:186} INFO - Started process (PID=47590) to work on /home/Ashreem/airflow-env/lib/python3.12/site-packages/airflow/example_dags/tutorial_taskflow_api_virtualenv.py
[2025-03-07T02:52:46.632+0000] {processor.py:914} INFO - Processing file /home/Ashreem/airflow-env/lib/python3.12/site-packages/airflow/example_dags/tutorial_taskflow_api_virtualenv.py for tasks to queue
[2025-03-07T02:52:46.636+0000] {logging_mixin.py:190} INFO - [2025-03-07T02:52:46.635+0000] {dagbag.py:588} INFO - Filling up the DagBag from /home/Ashreem/airflow-env/lib/python3.12/site-packages/airflow/example_dags/tutorial_taskflow_api_virtualenv.py
[2025-03-07T02:52:46.654+0000] {processor.py:925} INFO - DAG(s) 'tutorial_taskflow_api_virtualenv' retrieved from /home/Ashreem/airflow-env/lib/python3.12/site-packages/airflow/example_dags/tutorial_taskflow_api_virtualenv.py
[2025-03-07T02:52:46.674+0000] {logging_mixin.py:190} INFO - [2025-03-07T02:52:46.673+0000] {dag.py:3239} INFO - Sync 1 DAGs
[2025-03-07T02:52:46.699+0000] {logging_mixin.py:190} INFO - [2025-03-07T02:52:46.699+0000] {dag.py:4180} INFO - Setting next_dagrun for tutorial_taskflow_api_virtualenv to None, run_after=None
[2025-03-07T02:52:46.737+0000] {processor.py:208} INFO - Processing /home/Ashreem/airflow-env/lib/python3.12/site-packages/airflow/example_dags/tutorial_taskflow_api_virtualenv.py took 0.115 seconds
[2025-03-07T02:53:47.642+0000] {processor.py:186} INFO - Started process (PID=47654) to work on /home/Ashreem/airflow-env/lib/python3.12/site-packages/airflow/example_dags/tutorial_taskflow_api_virtualenv.py
[2025-03-07T02:53:47.643+0000] {processor.py:914} INFO - Processing file /home/Ashreem/airflow-env/lib/python3.12/site-packages/airflow/example_dags/tutorial_taskflow_api_virtualenv.py for tasks to queue
[2025-03-07T02:53:47.646+0000] {logging_mixin.py:190} INFO - [2025-03-07T02:53:47.646+0000] {dagbag.py:588} INFO - Filling up the DagBag from /home/Ashreem/airflow-env/lib/python3.12/site-packages/airflow/example_dags/tutorial_taskflow_api_virtualenv.py
[2025-03-07T02:53:47.663+0000] {processor.py:925} INFO - DAG(s) 'tutorial_taskflow_api_virtualenv' retrieved from /home/Ashreem/airflow-env/lib/python3.12/site-packages/airflow/example_dags/tutorial_taskflow_api_virtualenv.py
[2025-03-07T02:53:47.685+0000] {logging_mixin.py:190} INFO - [2025-03-07T02:53:47.685+0000] {dag.py:3239} INFO - Sync 1 DAGs
[2025-03-07T02:53:47.702+0000] {logging_mixin.py:190} INFO - [2025-03-07T02:53:47.702+0000] {dag.py:4180} INFO - Setting next_dagrun for tutorial_taskflow_api_virtualenv to None, run_after=None
[2025-03-07T02:53:47.738+0000] {processor.py:208} INFO - Processing /home/Ashreem/airflow-env/lib/python3.12/site-packages/airflow/example_dags/tutorial_taskflow_api_virtualenv.py took 0.103 seconds
[2025-03-07T02:54:49.221+0000] {processor.py:186} INFO - Started process (PID=47715) to work on /home/Ashreem/airflow-env/lib/python3.12/site-packages/airflow/example_dags/tutorial_taskflow_api_virtualenv.py
[2025-03-07T02:54:49.223+0000] {processor.py:914} INFO - Processing file /home/Ashreem/airflow-env/lib/python3.12/site-packages/airflow/example_dags/tutorial_taskflow_api_virtualenv.py for tasks to queue
[2025-03-07T02:54:49.226+0000] {logging_mixin.py:190} INFO - [2025-03-07T02:54:49.226+0000] {dagbag.py:588} INFO - Filling up the DagBag from /home/Ashreem/airflow-env/lib/python3.12/site-packages/airflow/example_dags/tutorial_taskflow_api_virtualenv.py
[2025-03-07T02:54:49.245+0000] {processor.py:925} INFO - DAG(s) 'tutorial_taskflow_api_virtualenv' retrieved from /home/Ashreem/airflow-env/lib/python3.12/site-packages/airflow/example_dags/tutorial_taskflow_api_virtualenv.py
[2025-03-07T02:54:49.269+0000] {logging_mixin.py:190} INFO - [2025-03-07T02:54:49.269+0000] {dag.py:3239} INFO - Sync 1 DAGs
[2025-03-07T02:54:49.286+0000] {logging_mixin.py:190} INFO - [2025-03-07T02:54:49.286+0000] {dag.py:4180} INFO - Setting next_dagrun for tutorial_taskflow_api_virtualenv to None, run_after=None
[2025-03-07T02:54:49.324+0000] {processor.py:208} INFO - Processing /home/Ashreem/airflow-env/lib/python3.12/site-packages/airflow/example_dags/tutorial_taskflow_api_virtualenv.py took 0.111 seconds
[2025-03-07T02:55:51.440+0000] {processor.py:186} INFO - Started process (PID=47847) to work on /home/Ashreem/airflow-env/lib/python3.12/site-packages/airflow/example_dags/tutorial_taskflow_api_virtualenv.py
[2025-03-07T02:55:51.442+0000] {processor.py:914} INFO - Processing file /home/Ashreem/airflow-env/lib/python3.12/site-packages/airflow/example_dags/tutorial_taskflow_api_virtualenv.py for tasks to queue
[2025-03-07T02:55:51.445+0000] {logging_mixin.py:190} INFO - [2025-03-07T02:55:51.444+0000] {dagbag.py:588} INFO - Filling up the DagBag from /home/Ashreem/airflow-env/lib/python3.12/site-packages/airflow/example_dags/tutorial_taskflow_api_virtualenv.py
[2025-03-07T02:55:51.466+0000] {processor.py:925} INFO - DAG(s) 'tutorial_taskflow_api_virtualenv' retrieved from /home/Ashreem/airflow-env/lib/python3.12/site-packages/airflow/example_dags/tutorial_taskflow_api_virtualenv.py
[2025-03-07T02:55:51.488+0000] {logging_mixin.py:190} INFO - [2025-03-07T02:55:51.487+0000] {dag.py:3239} INFO - Sync 1 DAGs
[2025-03-07T02:55:51.504+0000] {logging_mixin.py:190} INFO - [2025-03-07T02:55:51.504+0000] {dag.py:4180} INFO - Setting next_dagrun for tutorial_taskflow_api_virtualenv to None, run_after=None
[2025-03-07T02:55:51.543+0000] {processor.py:208} INFO - Processing /home/Ashreem/airflow-env/lib/python3.12/site-packages/airflow/example_dags/tutorial_taskflow_api_virtualenv.py took 0.111 seconds
[2025-03-07T02:56:18.228+0000] {processor.py:186} INFO - Started process (PID=47907) to work on /home/Ashreem/airflow-env/lib/python3.12/site-packages/airflow/example_dags/tutorial_taskflow_api_virtualenv.py
[2025-03-07T02:56:18.229+0000] {processor.py:914} INFO - Processing file /home/Ashreem/airflow-env/lib/python3.12/site-packages/airflow/example_dags/tutorial_taskflow_api_virtualenv.py for tasks to queue
[2025-03-07T02:56:18.232+0000] {logging_mixin.py:190} INFO - [2025-03-07T02:56:18.232+0000] {dagbag.py:588} INFO - Filling up the DagBag from /home/Ashreem/airflow-env/lib/python3.12/site-packages/airflow/example_dags/tutorial_taskflow_api_virtualenv.py
[2025-03-07T02:56:18.248+0000] {processor.py:925} INFO - DAG(s) 'tutorial_taskflow_api_virtualenv' retrieved from /home/Ashreem/airflow-env/lib/python3.12/site-packages/airflow/example_dags/tutorial_taskflow_api_virtualenv.py
[2025-03-07T02:56:18.405+0000] {logging_mixin.py:190} INFO - [2025-03-07T02:56:18.405+0000] {dag.py:3239} INFO - Sync 1 DAGs
[2025-03-07T02:56:18.421+0000] {logging_mixin.py:190} INFO - [2025-03-07T02:56:18.420+0000] {dag.py:4180} INFO - Setting next_dagrun for tutorial_taskflow_api_virtualenv to None, run_after=None
[2025-03-07T02:56:18.462+0000] {processor.py:208} INFO - Processing /home/Ashreem/airflow-env/lib/python3.12/site-packages/airflow/example_dags/tutorial_taskflow_api_virtualenv.py took 0.242 seconds
[2025-03-07T02:56:57.777+0000] {processor.py:186} INFO - Started process (PID=47979) to work on /home/Ashreem/airflow-env/lib/python3.12/site-packages/airflow/example_dags/tutorial_taskflow_api_virtualenv.py
[2025-03-07T02:56:57.780+0000] {processor.py:914} INFO - Processing file /home/Ashreem/airflow-env/lib/python3.12/site-packages/airflow/example_dags/tutorial_taskflow_api_virtualenv.py for tasks to queue
[2025-03-07T02:56:57.783+0000] {logging_mixin.py:190} INFO - [2025-03-07T02:56:57.782+0000] {dagbag.py:588} INFO - Filling up the DagBag from /home/Ashreem/airflow-env/lib/python3.12/site-packages/airflow/example_dags/tutorial_taskflow_api_virtualenv.py
[2025-03-07T02:56:57.800+0000] {processor.py:925} INFO - DAG(s) 'tutorial_taskflow_api_virtualenv' retrieved from /home/Ashreem/airflow-env/lib/python3.12/site-packages/airflow/example_dags/tutorial_taskflow_api_virtualenv.py
[2025-03-07T02:56:57.940+0000] {logging_mixin.py:190} INFO - [2025-03-07T02:56:57.940+0000] {dag.py:3239} INFO - Sync 1 DAGs
[2025-03-07T02:56:57.957+0000] {logging_mixin.py:190} INFO - [2025-03-07T02:56:57.957+0000] {dag.py:4180} INFO - Setting next_dagrun for tutorial_taskflow_api_virtualenv to None, run_after=None
[2025-03-07T02:56:58.006+0000] {processor.py:208} INFO - Processing /home/Ashreem/airflow-env/lib/python3.12/site-packages/airflow/example_dags/tutorial_taskflow_api_virtualenv.py took 0.236 seconds
[2025-03-07T02:57:59.376+0000] {processor.py:186} INFO - Started process (PID=48067) to work on /home/Ashreem/airflow-env/lib/python3.12/site-packages/airflow/example_dags/tutorial_taskflow_api_virtualenv.py
[2025-03-07T02:57:59.378+0000] {processor.py:914} INFO - Processing file /home/Ashreem/airflow-env/lib/python3.12/site-packages/airflow/example_dags/tutorial_taskflow_api_virtualenv.py for tasks to queue
[2025-03-07T02:57:59.381+0000] {logging_mixin.py:190} INFO - [2025-03-07T02:57:59.380+0000] {dagbag.py:588} INFO - Filling up the DagBag from /home/Ashreem/airflow-env/lib/python3.12/site-packages/airflow/example_dags/tutorial_taskflow_api_virtualenv.py
[2025-03-07T02:57:59.400+0000] {processor.py:925} INFO - DAG(s) 'tutorial_taskflow_api_virtualenv' retrieved from /home/Ashreem/airflow-env/lib/python3.12/site-packages/airflow/example_dags/tutorial_taskflow_api_virtualenv.py
[2025-03-07T02:57:59.423+0000] {logging_mixin.py:190} INFO - [2025-03-07T02:57:59.423+0000] {dag.py:3239} INFO - Sync 1 DAGs
[2025-03-07T02:57:59.441+0000] {logging_mixin.py:190} INFO - [2025-03-07T02:57:59.441+0000] {dag.py:4180} INFO - Setting next_dagrun for tutorial_taskflow_api_virtualenv to None, run_after=None
[2025-03-07T02:57:59.481+0000] {processor.py:208} INFO - Processing /home/Ashreem/airflow-env/lib/python3.12/site-packages/airflow/example_dags/tutorial_taskflow_api_virtualenv.py took 0.113 seconds
[2025-03-07T02:59:06.936+0000] {processor.py:186} INFO - Started process (PID=48165) to work on /home/Ashreem/airflow-env/lib/python3.12/site-packages/airflow/example_dags/tutorial_taskflow_api_virtualenv.py
[2025-03-07T02:59:06.937+0000] {processor.py:914} INFO - Processing file /home/Ashreem/airflow-env/lib/python3.12/site-packages/airflow/example_dags/tutorial_taskflow_api_virtualenv.py for tasks to queue
[2025-03-07T02:59:06.940+0000] {logging_mixin.py:190} INFO - [2025-03-07T02:59:06.940+0000] {dagbag.py:588} INFO - Filling up the DagBag from /home/Ashreem/airflow-env/lib/python3.12/site-packages/airflow/example_dags/tutorial_taskflow_api_virtualenv.py
[2025-03-07T02:59:06.966+0000] {processor.py:925} INFO - DAG(s) 'tutorial_taskflow_api_virtualenv' retrieved from /home/Ashreem/airflow-env/lib/python3.12/site-packages/airflow/example_dags/tutorial_taskflow_api_virtualenv.py
[2025-03-07T02:59:06.987+0000] {logging_mixin.py:190} INFO - [2025-03-07T02:59:06.987+0000] {dag.py:3239} INFO - Sync 1 DAGs
[2025-03-07T02:59:07.004+0000] {logging_mixin.py:190} INFO - [2025-03-07T02:59:07.003+0000] {dag.py:4180} INFO - Setting next_dagrun for tutorial_taskflow_api_virtualenv to None, run_after=None
[2025-03-07T02:59:07.043+0000] {processor.py:208} INFO - Processing /home/Ashreem/airflow-env/lib/python3.12/site-packages/airflow/example_dags/tutorial_taskflow_api_virtualenv.py took 0.115 seconds
[2025-03-07T02:59:15.084+0000] {processor.py:186} INFO - Started process (PID=48182) to work on /home/Ashreem/airflow-env/lib/python3.12/site-packages/airflow/example_dags/tutorial_taskflow_api_virtualenv.py
[2025-03-07T02:59:15.086+0000] {processor.py:914} INFO - Processing file /home/Ashreem/airflow-env/lib/python3.12/site-packages/airflow/example_dags/tutorial_taskflow_api_virtualenv.py for tasks to queue
[2025-03-07T02:59:15.090+0000] {logging_mixin.py:190} INFO - [2025-03-07T02:59:15.090+0000] {dagbag.py:588} INFO - Filling up the DagBag from /home/Ashreem/airflow-env/lib/python3.12/site-packages/airflow/example_dags/tutorial_taskflow_api_virtualenv.py
[2025-03-07T02:59:15.110+0000] {processor.py:925} INFO - DAG(s) 'tutorial_taskflow_api_virtualenv' retrieved from /home/Ashreem/airflow-env/lib/python3.12/site-packages/airflow/example_dags/tutorial_taskflow_api_virtualenv.py
[2025-03-07T02:59:15.253+0000] {logging_mixin.py:190} INFO - [2025-03-07T02:59:15.253+0000] {dag.py:3239} INFO - Sync 1 DAGs
[2025-03-07T02:59:15.268+0000] {logging_mixin.py:190} INFO - [2025-03-07T02:59:15.268+0000] {dag.py:4180} INFO - Setting next_dagrun for tutorial_taskflow_api_virtualenv to None, run_after=None
[2025-03-07T02:59:15.307+0000] {processor.py:208} INFO - Processing /home/Ashreem/airflow-env/lib/python3.12/site-packages/airflow/example_dags/tutorial_taskflow_api_virtualenv.py took 0.231 seconds
[2025-03-07T03:00:06.109+0000] {processor.py:186} INFO - Started process (PID=48279) to work on /home/Ashreem/airflow-env/lib/python3.12/site-packages/airflow/example_dags/tutorial_taskflow_api_virtualenv.py
[2025-03-07T03:00:06.112+0000] {processor.py:914} INFO - Processing file /home/Ashreem/airflow-env/lib/python3.12/site-packages/airflow/example_dags/tutorial_taskflow_api_virtualenv.py for tasks to queue
[2025-03-07T03:00:06.115+0000] {logging_mixin.py:190} INFO - [2025-03-07T03:00:06.115+0000] {dagbag.py:588} INFO - Filling up the DagBag from /home/Ashreem/airflow-env/lib/python3.12/site-packages/airflow/example_dags/tutorial_taskflow_api_virtualenv.py
[2025-03-07T03:00:06.134+0000] {processor.py:925} INFO - DAG(s) 'tutorial_taskflow_api_virtualenv' retrieved from /home/Ashreem/airflow-env/lib/python3.12/site-packages/airflow/example_dags/tutorial_taskflow_api_virtualenv.py
[2025-03-07T03:00:06.278+0000] {logging_mixin.py:190} INFO - [2025-03-07T03:00:06.277+0000] {dag.py:3239} INFO - Sync 1 DAGs
[2025-03-07T03:00:06.293+0000] {logging_mixin.py:190} INFO - [2025-03-07T03:00:06.292+0000] {dag.py:4180} INFO - Setting next_dagrun for tutorial_taskflow_api_virtualenv to None, run_after=None
[2025-03-07T03:00:06.331+0000] {processor.py:208} INFO - Processing /home/Ashreem/airflow-env/lib/python3.12/site-packages/airflow/example_dags/tutorial_taskflow_api_virtualenv.py took 0.231 seconds
[2025-03-07T03:00:14.415+0000] {processor.py:186} INFO - Started process (PID=48297) to work on /home/Ashreem/airflow-env/lib/python3.12/site-packages/airflow/example_dags/tutorial_taskflow_api_virtualenv.py
[2025-03-07T03:00:14.417+0000] {processor.py:914} INFO - Processing file /home/Ashreem/airflow-env/lib/python3.12/site-packages/airflow/example_dags/tutorial_taskflow_api_virtualenv.py for tasks to queue
[2025-03-07T03:00:14.419+0000] {logging_mixin.py:190} INFO - [2025-03-07T03:00:14.419+0000] {dagbag.py:588} INFO - Filling up the DagBag from /home/Ashreem/airflow-env/lib/python3.12/site-packages/airflow/example_dags/tutorial_taskflow_api_virtualenv.py
[2025-03-07T03:00:14.440+0000] {processor.py:925} INFO - DAG(s) 'tutorial_taskflow_api_virtualenv' retrieved from /home/Ashreem/airflow-env/lib/python3.12/site-packages/airflow/example_dags/tutorial_taskflow_api_virtualenv.py
[2025-03-07T03:00:14.452+0000] {logging_mixin.py:190} INFO - [2025-03-07T03:00:14.452+0000] {dag.py:3239} INFO - Sync 1 DAGs
[2025-03-07T03:00:14.472+0000] {logging_mixin.py:190} INFO - [2025-03-07T03:00:14.472+0000] {dag.py:4180} INFO - Setting next_dagrun for tutorial_taskflow_api_virtualenv to None, run_after=None
[2025-03-07T03:00:14.520+0000] {processor.py:208} INFO - Processing /home/Ashreem/airflow-env/lib/python3.12/site-packages/airflow/example_dags/tutorial_taskflow_api_virtualenv.py took 0.113 seconds
[2025-03-07T03:01:18.537+0000] {processor.py:186} INFO - Started process (PID=48369) to work on /home/Ashreem/airflow-env/lib/python3.12/site-packages/airflow/example_dags/tutorial_taskflow_api_virtualenv.py
[2025-03-07T03:01:18.539+0000] {processor.py:914} INFO - Processing file /home/Ashreem/airflow-env/lib/python3.12/site-packages/airflow/example_dags/tutorial_taskflow_api_virtualenv.py for tasks to queue
[2025-03-07T03:01:18.543+0000] {logging_mixin.py:190} INFO - [2025-03-07T03:01:18.542+0000] {dagbag.py:588} INFO - Filling up the DagBag from /home/Ashreem/airflow-env/lib/python3.12/site-packages/airflow/example_dags/tutorial_taskflow_api_virtualenv.py
[2025-03-07T03:01:18.562+0000] {processor.py:925} INFO - DAG(s) 'tutorial_taskflow_api_virtualenv' retrieved from /home/Ashreem/airflow-env/lib/python3.12/site-packages/airflow/example_dags/tutorial_taskflow_api_virtualenv.py
[2025-03-07T03:01:18.694+0000] {logging_mixin.py:190} INFO - [2025-03-07T03:01:18.693+0000] {dag.py:3239} INFO - Sync 1 DAGs
[2025-03-07T03:01:18.711+0000] {logging_mixin.py:190} INFO - [2025-03-07T03:01:18.710+0000] {dag.py:4180} INFO - Setting next_dagrun for tutorial_taskflow_api_virtualenv to None, run_after=None
[2025-03-07T03:01:18.757+0000] {processor.py:208} INFO - Processing /home/Ashreem/airflow-env/lib/python3.12/site-packages/airflow/example_dags/tutorial_taskflow_api_virtualenv.py took 0.229 seconds
[2025-03-07T03:02:21.958+0000] {processor.py:186} INFO - Started process (PID=48435) to work on /home/Ashreem/airflow-env/lib/python3.12/site-packages/airflow/example_dags/tutorial_taskflow_api_virtualenv.py
[2025-03-07T03:02:21.959+0000] {processor.py:914} INFO - Processing file /home/Ashreem/airflow-env/lib/python3.12/site-packages/airflow/example_dags/tutorial_taskflow_api_virtualenv.py for tasks to queue
[2025-03-07T03:02:21.962+0000] {logging_mixin.py:190} INFO - [2025-03-07T03:02:21.961+0000] {dagbag.py:588} INFO - Filling up the DagBag from /home/Ashreem/airflow-env/lib/python3.12/site-packages/airflow/example_dags/tutorial_taskflow_api_virtualenv.py
[2025-03-07T03:02:21.979+0000] {processor.py:925} INFO - DAG(s) 'tutorial_taskflow_api_virtualenv' retrieved from /home/Ashreem/airflow-env/lib/python3.12/site-packages/airflow/example_dags/tutorial_taskflow_api_virtualenv.py
[2025-03-07T03:02:22.008+0000] {logging_mixin.py:190} INFO - [2025-03-07T03:02:22.008+0000] {dag.py:3239} INFO - Sync 1 DAGs
[2025-03-07T03:02:22.026+0000] {logging_mixin.py:190} INFO - [2025-03-07T03:02:22.026+0000] {dag.py:4180} INFO - Setting next_dagrun for tutorial_taskflow_api_virtualenv to None, run_after=None
[2025-03-07T03:02:22.071+0000] {processor.py:208} INFO - Processing /home/Ashreem/airflow-env/lib/python3.12/site-packages/airflow/example_dags/tutorial_taskflow_api_virtualenv.py took 0.122 seconds
[2025-03-07T03:03:35.354+0000] {processor.py:186} INFO - Started process (PID=48600) to work on /home/Ashreem/airflow-env/lib/python3.12/site-packages/airflow/example_dags/tutorial_taskflow_api_virtualenv.py
[2025-03-07T03:03:35.357+0000] {processor.py:914} INFO - Processing file /home/Ashreem/airflow-env/lib/python3.12/site-packages/airflow/example_dags/tutorial_taskflow_api_virtualenv.py for tasks to queue
[2025-03-07T03:03:35.361+0000] {logging_mixin.py:190} INFO - [2025-03-07T03:03:35.360+0000] {dagbag.py:588} INFO - Filling up the DagBag from /home/Ashreem/airflow-env/lib/python3.12/site-packages/airflow/example_dags/tutorial_taskflow_api_virtualenv.py
[2025-03-07T03:03:35.379+0000] {processor.py:925} INFO - DAG(s) 'tutorial_taskflow_api_virtualenv' retrieved from /home/Ashreem/airflow-env/lib/python3.12/site-packages/airflow/example_dags/tutorial_taskflow_api_virtualenv.py
[2025-03-07T03:03:35.524+0000] {logging_mixin.py:190} INFO - [2025-03-07T03:03:35.523+0000] {dag.py:3239} INFO - Sync 1 DAGs
[2025-03-07T03:03:35.540+0000] {logging_mixin.py:190} INFO - [2025-03-07T03:03:35.540+0000] {dag.py:4180} INFO - Setting next_dagrun for tutorial_taskflow_api_virtualenv to None, run_after=None
[2025-03-07T03:03:35.579+0000] {processor.py:208} INFO - Processing /home/Ashreem/airflow-env/lib/python3.12/site-packages/airflow/example_dags/tutorial_taskflow_api_virtualenv.py took 0.233 seconds
[2025-03-07T03:04:36.611+0000] {processor.py:186} INFO - Started process (PID=48672) to work on /home/Ashreem/airflow-env/lib/python3.12/site-packages/airflow/example_dags/tutorial_taskflow_api_virtualenv.py
[2025-03-07T03:04:36.613+0000] {processor.py:914} INFO - Processing file /home/Ashreem/airflow-env/lib/python3.12/site-packages/airflow/example_dags/tutorial_taskflow_api_virtualenv.py for tasks to queue
[2025-03-07T03:04:36.617+0000] {logging_mixin.py:190} INFO - [2025-03-07T03:04:36.616+0000] {dagbag.py:588} INFO - Filling up the DagBag from /home/Ashreem/airflow-env/lib/python3.12/site-packages/airflow/example_dags/tutorial_taskflow_api_virtualenv.py
[2025-03-07T03:04:36.644+0000] {processor.py:925} INFO - DAG(s) 'tutorial_taskflow_api_virtualenv' retrieved from /home/Ashreem/airflow-env/lib/python3.12/site-packages/airflow/example_dags/tutorial_taskflow_api_virtualenv.py
[2025-03-07T03:04:36.665+0000] {logging_mixin.py:190} INFO - [2025-03-07T03:04:36.664+0000] {dag.py:3239} INFO - Sync 1 DAGs
[2025-03-07T03:04:36.681+0000] {logging_mixin.py:190} INFO - [2025-03-07T03:04:36.681+0000] {dag.py:4180} INFO - Setting next_dagrun for tutorial_taskflow_api_virtualenv to None, run_after=None
[2025-03-07T03:04:36.726+0000] {processor.py:208} INFO - Processing /home/Ashreem/airflow-env/lib/python3.12/site-packages/airflow/example_dags/tutorial_taskflow_api_virtualenv.py took 0.123 seconds
[2025-03-07T03:05:37.629+0000] {processor.py:186} INFO - Started process (PID=48920) to work on /home/Ashreem/airflow-env/lib/python3.12/site-packages/airflow/example_dags/tutorial_taskflow_api_virtualenv.py
[2025-03-07T03:05:37.631+0000] {processor.py:914} INFO - Processing file /home/Ashreem/airflow-env/lib/python3.12/site-packages/airflow/example_dags/tutorial_taskflow_api_virtualenv.py for tasks to queue
[2025-03-07T03:05:37.633+0000] {logging_mixin.py:190} INFO - [2025-03-07T03:05:37.633+0000] {dagbag.py:588} INFO - Filling up the DagBag from /home/Ashreem/airflow-env/lib/python3.12/site-packages/airflow/example_dags/tutorial_taskflow_api_virtualenv.py
[2025-03-07T03:05:37.650+0000] {processor.py:925} INFO - DAG(s) 'tutorial_taskflow_api_virtualenv' retrieved from /home/Ashreem/airflow-env/lib/python3.12/site-packages/airflow/example_dags/tutorial_taskflow_api_virtualenv.py
[2025-03-07T03:05:37.671+0000] {logging_mixin.py:190} INFO - [2025-03-07T03:05:37.671+0000] {dag.py:3239} INFO - Sync 1 DAGs
[2025-03-07T03:05:37.686+0000] {logging_mixin.py:190} INFO - [2025-03-07T03:05:37.686+0000] {dag.py:4180} INFO - Setting next_dagrun for tutorial_taskflow_api_virtualenv to None, run_after=None
[2025-03-07T03:05:37.725+0000] {processor.py:208} INFO - Processing /home/Ashreem/airflow-env/lib/python3.12/site-packages/airflow/example_dags/tutorial_taskflow_api_virtualenv.py took 0.103 seconds
[2025-03-07T03:06:44.593+0000] {processor.py:186} INFO - Started process (PID=48992) to work on /home/Ashreem/airflow-env/lib/python3.12/site-packages/airflow/example_dags/tutorial_taskflow_api_virtualenv.py
[2025-03-07T03:06:44.594+0000] {processor.py:914} INFO - Processing file /home/Ashreem/airflow-env/lib/python3.12/site-packages/airflow/example_dags/tutorial_taskflow_api_virtualenv.py for tasks to queue
[2025-03-07T03:06:44.597+0000] {logging_mixin.py:190} INFO - [2025-03-07T03:06:44.597+0000] {dagbag.py:588} INFO - Filling up the DagBag from /home/Ashreem/airflow-env/lib/python3.12/site-packages/airflow/example_dags/tutorial_taskflow_api_virtualenv.py
[2025-03-07T03:06:44.614+0000] {processor.py:925} INFO - DAG(s) 'tutorial_taskflow_api_virtualenv' retrieved from /home/Ashreem/airflow-env/lib/python3.12/site-packages/airflow/example_dags/tutorial_taskflow_api_virtualenv.py
[2025-03-07T03:06:44.641+0000] {logging_mixin.py:190} INFO - [2025-03-07T03:06:44.640+0000] {dag.py:3239} INFO - Sync 1 DAGs
[2025-03-07T03:06:44.661+0000] {logging_mixin.py:190} INFO - [2025-03-07T03:06:44.660+0000] {dag.py:4180} INFO - Setting next_dagrun for tutorial_taskflow_api_virtualenv to None, run_after=None
[2025-03-07T03:06:44.697+0000] {processor.py:208} INFO - Processing /home/Ashreem/airflow-env/lib/python3.12/site-packages/airflow/example_dags/tutorial_taskflow_api_virtualenv.py took 0.111 seconds
[2025-03-07T03:07:51.120+0000] {processor.py:186} INFO - Started process (PID=49073) to work on /home/Ashreem/airflow-env/lib/python3.12/site-packages/airflow/example_dags/tutorial_taskflow_api_virtualenv.py
[2025-03-07T03:07:51.122+0000] {processor.py:914} INFO - Processing file /home/Ashreem/airflow-env/lib/python3.12/site-packages/airflow/example_dags/tutorial_taskflow_api_virtualenv.py for tasks to queue
[2025-03-07T03:07:51.126+0000] {logging_mixin.py:190} INFO - [2025-03-07T03:07:51.125+0000] {dagbag.py:588} INFO - Filling up the DagBag from /home/Ashreem/airflow-env/lib/python3.12/site-packages/airflow/example_dags/tutorial_taskflow_api_virtualenv.py
[2025-03-07T03:07:51.142+0000] {processor.py:925} INFO - DAG(s) 'tutorial_taskflow_api_virtualenv' retrieved from /home/Ashreem/airflow-env/lib/python3.12/site-packages/airflow/example_dags/tutorial_taskflow_api_virtualenv.py
[2025-03-07T03:07:51.282+0000] {logging_mixin.py:190} INFO - [2025-03-07T03:07:51.281+0000] {dag.py:3239} INFO - Sync 1 DAGs
[2025-03-07T03:07:51.296+0000] {logging_mixin.py:190} INFO - [2025-03-07T03:07:51.296+0000] {dag.py:4180} INFO - Setting next_dagrun for tutorial_taskflow_api_virtualenv to None, run_after=None
[2025-03-07T03:07:51.335+0000] {processor.py:208} INFO - Processing /home/Ashreem/airflow-env/lib/python3.12/site-packages/airflow/example_dags/tutorial_taskflow_api_virtualenv.py took 0.223 seconds
[2025-03-07T03:08:52.374+0000] {processor.py:186} INFO - Started process (PID=49144) to work on /home/Ashreem/airflow-env/lib/python3.12/site-packages/airflow/example_dags/tutorial_taskflow_api_virtualenv.py
[2025-03-07T03:08:52.376+0000] {processor.py:914} INFO - Processing file /home/Ashreem/airflow-env/lib/python3.12/site-packages/airflow/example_dags/tutorial_taskflow_api_virtualenv.py for tasks to queue
[2025-03-07T03:08:52.379+0000] {logging_mixin.py:190} INFO - [2025-03-07T03:08:52.378+0000] {dagbag.py:588} INFO - Filling up the DagBag from /home/Ashreem/airflow-env/lib/python3.12/site-packages/airflow/example_dags/tutorial_taskflow_api_virtualenv.py
[2025-03-07T03:08:52.396+0000] {processor.py:925} INFO - DAG(s) 'tutorial_taskflow_api_virtualenv' retrieved from /home/Ashreem/airflow-env/lib/python3.12/site-packages/airflow/example_dags/tutorial_taskflow_api_virtualenv.py
[2025-03-07T03:08:52.415+0000] {logging_mixin.py:190} INFO - [2025-03-07T03:08:52.415+0000] {dag.py:3239} INFO - Sync 1 DAGs
[2025-03-07T03:08:52.435+0000] {logging_mixin.py:190} INFO - [2025-03-07T03:08:52.434+0000] {dag.py:4180} INFO - Setting next_dagrun for tutorial_taskflow_api_virtualenv to None, run_after=None
[2025-03-07T03:08:52.470+0000] {processor.py:208} INFO - Processing /home/Ashreem/airflow-env/lib/python3.12/site-packages/airflow/example_dags/tutorial_taskflow_api_virtualenv.py took 0.104 seconds
[2025-03-07T03:09:53.383+0000] {processor.py:186} INFO - Started process (PID=49205) to work on /home/Ashreem/airflow-env/lib/python3.12/site-packages/airflow/example_dags/tutorial_taskflow_api_virtualenv.py
[2025-03-07T03:09:53.385+0000] {processor.py:914} INFO - Processing file /home/Ashreem/airflow-env/lib/python3.12/site-packages/airflow/example_dags/tutorial_taskflow_api_virtualenv.py for tasks to queue
[2025-03-07T03:09:53.388+0000] {logging_mixin.py:190} INFO - [2025-03-07T03:09:53.387+0000] {dagbag.py:588} INFO - Filling up the DagBag from /home/Ashreem/airflow-env/lib/python3.12/site-packages/airflow/example_dags/tutorial_taskflow_api_virtualenv.py
[2025-03-07T03:09:53.405+0000] {processor.py:925} INFO - DAG(s) 'tutorial_taskflow_api_virtualenv' retrieved from /home/Ashreem/airflow-env/lib/python3.12/site-packages/airflow/example_dags/tutorial_taskflow_api_virtualenv.py
[2025-03-07T03:09:53.424+0000] {logging_mixin.py:190} INFO - [2025-03-07T03:09:53.424+0000] {dag.py:3239} INFO - Sync 1 DAGs
[2025-03-07T03:09:53.440+0000] {logging_mixin.py:190} INFO - [2025-03-07T03:09:53.440+0000] {dag.py:4180} INFO - Setting next_dagrun for tutorial_taskflow_api_virtualenv to None, run_after=None
[2025-03-07T03:09:53.476+0000] {processor.py:208} INFO - Processing /home/Ashreem/airflow-env/lib/python3.12/site-packages/airflow/example_dags/tutorial_taskflow_api_virtualenv.py took 0.100 seconds
