[2025-03-07T02:29:57.750+0000] {processor.py:186} INFO - Started process (PID=45946) to work on /home/Ashreem/airflow-env/lib/python3.12/site-packages/airflow/example_dags/subdags/subdag.py
[2025-03-07T02:29:57.751+0000] {processor.py:914} INFO - Processing file /home/Ashreem/airflow-env/lib/python3.12/site-packages/airflow/example_dags/subdags/subdag.py for tasks to queue
[2025-03-07T02:29:57.754+0000] {logging_mixin.py:190} INFO - [2025-03-07T02:29:57.754+0000] {dagbag.py:588} INFO - Filling up the DagBag from /home/Ashreem/airflow-env/lib/python3.12/site-packages/airflow/example_dags/subdags/subdag.py
[2025-03-07T02:29:57.758+0000] {processor.py:927} WARNING - No viable dags retrieved from /home/Ashreem/airflow-env/lib/python3.12/site-packages/airflow/example_dags/subdags/subdag.py
[2025-03-07T02:29:57.800+0000] {processor.py:208} INFO - Processing /home/Ashreem/airflow-env/lib/python3.12/site-packages/airflow/example_dags/subdags/subdag.py took 0.060 seconds
[2025-03-07T02:32:45.789+0000] {processor.py:186} INFO - Started process (PID=46054) to work on /home/Ashreem/airflow-env/lib/python3.12/site-packages/airflow/example_dags/subdags/subdag.py
[2025-03-07T02:32:45.791+0000] {processor.py:914} INFO - Processing file /home/Ashreem/airflow-env/lib/python3.12/site-packages/airflow/example_dags/subdags/subdag.py for tasks to queue
[2025-03-07T02:32:45.793+0000] {logging_mixin.py:190} INFO - [2025-03-07T02:32:45.793+0000] {dagbag.py:588} INFO - Filling up the DagBag from /home/Ashreem/airflow-env/lib/python3.12/site-packages/airflow/example_dags/subdags/subdag.py
[2025-03-07T02:32:45.797+0000] {processor.py:927} WARNING - No viable dags retrieved from /home/Ashreem/airflow-env/lib/python3.12/site-packages/airflow/example_dags/subdags/subdag.py
[2025-03-07T02:32:45.809+0000] {processor.py:208} INFO - Processing /home/Ashreem/airflow-env/lib/python3.12/site-packages/airflow/example_dags/subdags/subdag.py took 0.027 seconds
[2025-03-07T02:33:49.865+0000] {processor.py:186} INFO - Started process (PID=46312) to work on /home/Ashreem/airflow-env/lib/python3.12/site-packages/airflow/example_dags/subdags/subdag.py
[2025-03-07T02:33:49.867+0000] {processor.py:914} INFO - Processing file /home/Ashreem/airflow-env/lib/python3.12/site-packages/airflow/example_dags/subdags/subdag.py for tasks to queue
[2025-03-07T02:33:49.872+0000] {logging_mixin.py:190} INFO - [2025-03-07T02:33:49.872+0000] {dagbag.py:588} INFO - Filling up the DagBag from /home/Ashreem/airflow-env/lib/python3.12/site-packages/airflow/example_dags/subdags/subdag.py
[2025-03-07T02:33:49.875+0000] {processor.py:927} WARNING - No viable dags retrieved from /home/Ashreem/airflow-env/lib/python3.12/site-packages/airflow/example_dags/subdags/subdag.py
[2025-03-07T02:33:49.888+0000] {processor.py:208} INFO - Processing /home/Ashreem/airflow-env/lib/python3.12/site-packages/airflow/example_dags/subdags/subdag.py took 0.032 seconds
[2025-03-07T02:34:27.109+0000] {processor.py:186} INFO - Started process (PID=46430) to work on /home/Ashreem/airflow-env/lib/python3.12/site-packages/airflow/example_dags/subdags/subdag.py
[2025-03-07T02:34:27.111+0000] {processor.py:914} INFO - Processing file /home/Ashreem/airflow-env/lib/python3.12/site-packages/airflow/example_dags/subdags/subdag.py for tasks to queue
[2025-03-07T02:34:27.114+0000] {logging_mixin.py:190} INFO - [2025-03-07T02:34:27.113+0000] {dagbag.py:588} INFO - Filling up the DagBag from /home/Ashreem/airflow-env/lib/python3.12/site-packages/airflow/example_dags/subdags/subdag.py
[2025-03-07T02:34:27.117+0000] {processor.py:927} WARNING - No viable dags retrieved from /home/Ashreem/airflow-env/lib/python3.12/site-packages/airflow/example_dags/subdags/subdag.py
[2025-03-07T02:34:27.132+0000] {processor.py:208} INFO - Processing /home/Ashreem/airflow-env/lib/python3.12/site-packages/airflow/example_dags/subdags/subdag.py took 0.031 seconds
[2025-03-07T02:35:00.867+0000] {processor.py:186} INFO - Started process (PID=46462) to work on /home/Ashreem/airflow-env/lib/python3.12/site-packages/airflow/example_dags/subdags/subdag.py
[2025-03-07T02:35:00.869+0000] {processor.py:914} INFO - Processing file /home/Ashreem/airflow-env/lib/python3.12/site-packages/airflow/example_dags/subdags/subdag.py for tasks to queue
[2025-03-07T02:35:00.872+0000] {logging_mixin.py:190} INFO - [2025-03-07T02:35:00.872+0000] {dagbag.py:588} INFO - Filling up the DagBag from /home/Ashreem/airflow-env/lib/python3.12/site-packages/airflow/example_dags/subdags/subdag.py
[2025-03-07T02:35:00.875+0000] {processor.py:927} WARNING - No viable dags retrieved from /home/Ashreem/airflow-env/lib/python3.12/site-packages/airflow/example_dags/subdags/subdag.py
[2025-03-07T02:35:00.888+0000] {processor.py:208} INFO - Processing /home/Ashreem/airflow-env/lib/python3.12/site-packages/airflow/example_dags/subdags/subdag.py took 0.028 seconds
[2025-03-07T02:35:32.692+0000] {processor.py:186} INFO - Started process (PID=46496) to work on /home/Ashreem/airflow-env/lib/python3.12/site-packages/airflow/example_dags/subdags/subdag.py
[2025-03-07T02:35:32.693+0000] {processor.py:914} INFO - Processing file /home/Ashreem/airflow-env/lib/python3.12/site-packages/airflow/example_dags/subdags/subdag.py for tasks to queue
[2025-03-07T02:35:32.696+0000] {logging_mixin.py:190} INFO - [2025-03-07T02:35:32.696+0000] {dagbag.py:588} INFO - Filling up the DagBag from /home/Ashreem/airflow-env/lib/python3.12/site-packages/airflow/example_dags/subdags/subdag.py
[2025-03-07T02:35:32.700+0000] {processor.py:927} WARNING - No viable dags retrieved from /home/Ashreem/airflow-env/lib/python3.12/site-packages/airflow/example_dags/subdags/subdag.py
[2025-03-07T02:35:32.713+0000] {processor.py:208} INFO - Processing /home/Ashreem/airflow-env/lib/python3.12/site-packages/airflow/example_dags/subdags/subdag.py took 0.029 seconds
[2025-03-07T02:36:05.585+0000] {processor.py:186} INFO - Started process (PID=46530) to work on /home/Ashreem/airflow-env/lib/python3.12/site-packages/airflow/example_dags/subdags/subdag.py
[2025-03-07T02:36:05.587+0000] {processor.py:914} INFO - Processing file /home/Ashreem/airflow-env/lib/python3.12/site-packages/airflow/example_dags/subdags/subdag.py for tasks to queue
[2025-03-07T02:36:05.589+0000] {logging_mixin.py:190} INFO - [2025-03-07T02:36:05.588+0000] {dagbag.py:588} INFO - Filling up the DagBag from /home/Ashreem/airflow-env/lib/python3.12/site-packages/airflow/example_dags/subdags/subdag.py
[2025-03-07T02:36:05.594+0000] {processor.py:927} WARNING - No viable dags retrieved from /home/Ashreem/airflow-env/lib/python3.12/site-packages/airflow/example_dags/subdags/subdag.py
[2025-03-07T02:36:05.608+0000] {processor.py:208} INFO - Processing /home/Ashreem/airflow-env/lib/python3.12/site-packages/airflow/example_dags/subdags/subdag.py took 0.030 seconds
[2025-03-07T02:36:40.350+0000] {processor.py:186} INFO - Started process (PID=46566) to work on /home/Ashreem/airflow-env/lib/python3.12/site-packages/airflow/example_dags/subdags/subdag.py
[2025-03-07T02:36:40.351+0000] {processor.py:914} INFO - Processing file /home/Ashreem/airflow-env/lib/python3.12/site-packages/airflow/example_dags/subdags/subdag.py for tasks to queue
[2025-03-07T02:36:40.354+0000] {logging_mixin.py:190} INFO - [2025-03-07T02:36:40.354+0000] {dagbag.py:588} INFO - Filling up the DagBag from /home/Ashreem/airflow-env/lib/python3.12/site-packages/airflow/example_dags/subdags/subdag.py
[2025-03-07T02:36:40.357+0000] {processor.py:927} WARNING - No viable dags retrieved from /home/Ashreem/airflow-env/lib/python3.12/site-packages/airflow/example_dags/subdags/subdag.py
[2025-03-07T02:36:40.371+0000] {processor.py:208} INFO - Processing /home/Ashreem/airflow-env/lib/python3.12/site-packages/airflow/example_dags/subdags/subdag.py took 0.029 seconds
[2025-03-07T02:37:13.318+0000] {processor.py:186} INFO - Started process (PID=46599) to work on /home/Ashreem/airflow-env/lib/python3.12/site-packages/airflow/example_dags/subdags/subdag.py
[2025-03-07T02:37:13.320+0000] {processor.py:914} INFO - Processing file /home/Ashreem/airflow-env/lib/python3.12/site-packages/airflow/example_dags/subdags/subdag.py for tasks to queue
[2025-03-07T02:37:13.322+0000] {logging_mixin.py:190} INFO - [2025-03-07T02:37:13.322+0000] {dagbag.py:588} INFO - Filling up the DagBag from /home/Ashreem/airflow-env/lib/python3.12/site-packages/airflow/example_dags/subdags/subdag.py
[2025-03-07T02:37:13.325+0000] {processor.py:927} WARNING - No viable dags retrieved from /home/Ashreem/airflow-env/lib/python3.12/site-packages/airflow/example_dags/subdags/subdag.py
[2025-03-07T02:37:13.338+0000] {processor.py:208} INFO - Processing /home/Ashreem/airflow-env/lib/python3.12/site-packages/airflow/example_dags/subdags/subdag.py took 0.027 seconds
[2025-03-07T02:37:44.078+0000] {processor.py:186} INFO - Started process (PID=46629) to work on /home/Ashreem/airflow-env/lib/python3.12/site-packages/airflow/example_dags/subdags/subdag.py
[2025-03-07T02:37:44.079+0000] {processor.py:914} INFO - Processing file /home/Ashreem/airflow-env/lib/python3.12/site-packages/airflow/example_dags/subdags/subdag.py for tasks to queue
[2025-03-07T02:37:44.082+0000] {logging_mixin.py:190} INFO - [2025-03-07T02:37:44.081+0000] {dagbag.py:588} INFO - Filling up the DagBag from /home/Ashreem/airflow-env/lib/python3.12/site-packages/airflow/example_dags/subdags/subdag.py
[2025-03-07T02:37:44.086+0000] {processor.py:927} WARNING - No viable dags retrieved from /home/Ashreem/airflow-env/lib/python3.12/site-packages/airflow/example_dags/subdags/subdag.py
[2025-03-07T02:37:44.100+0000] {processor.py:208} INFO - Processing /home/Ashreem/airflow-env/lib/python3.12/site-packages/airflow/example_dags/subdags/subdag.py took 0.030 seconds
[2025-03-07T02:38:14.916+0000] {processor.py:186} INFO - Started process (PID=46659) to work on /home/Ashreem/airflow-env/lib/python3.12/site-packages/airflow/example_dags/subdags/subdag.py
[2025-03-07T02:38:14.917+0000] {processor.py:914} INFO - Processing file /home/Ashreem/airflow-env/lib/python3.12/site-packages/airflow/example_dags/subdags/subdag.py for tasks to queue
[2025-03-07T02:38:14.920+0000] {logging_mixin.py:190} INFO - [2025-03-07T02:38:14.920+0000] {dagbag.py:588} INFO - Filling up the DagBag from /home/Ashreem/airflow-env/lib/python3.12/site-packages/airflow/example_dags/subdags/subdag.py
[2025-03-07T02:38:14.923+0000] {processor.py:927} WARNING - No viable dags retrieved from /home/Ashreem/airflow-env/lib/python3.12/site-packages/airflow/example_dags/subdags/subdag.py
[2025-03-07T02:38:14.938+0000] {processor.py:208} INFO - Processing /home/Ashreem/airflow-env/lib/python3.12/site-packages/airflow/example_dags/subdags/subdag.py took 0.029 seconds
[2025-03-07T02:38:46.225+0000] {processor.py:186} INFO - Started process (PID=46698) to work on /home/Ashreem/airflow-env/lib/python3.12/site-packages/airflow/example_dags/subdags/subdag.py
[2025-03-07T02:38:46.226+0000] {processor.py:914} INFO - Processing file /home/Ashreem/airflow-env/lib/python3.12/site-packages/airflow/example_dags/subdags/subdag.py for tasks to queue
[2025-03-07T02:38:46.230+0000] {logging_mixin.py:190} INFO - [2025-03-07T02:38:46.229+0000] {dagbag.py:588} INFO - Filling up the DagBag from /home/Ashreem/airflow-env/lib/python3.12/site-packages/airflow/example_dags/subdags/subdag.py
[2025-03-07T02:38:46.235+0000] {processor.py:927} WARNING - No viable dags retrieved from /home/Ashreem/airflow-env/lib/python3.12/site-packages/airflow/example_dags/subdags/subdag.py
[2025-03-07T02:38:46.252+0000] {processor.py:208} INFO - Processing /home/Ashreem/airflow-env/lib/python3.12/site-packages/airflow/example_dags/subdags/subdag.py took 0.037 seconds
[2025-03-07T02:39:17.808+0000] {processor.py:186} INFO - Started process (PID=46729) to work on /home/Ashreem/airflow-env/lib/python3.12/site-packages/airflow/example_dags/subdags/subdag.py
[2025-03-07T02:39:17.810+0000] {processor.py:914} INFO - Processing file /home/Ashreem/airflow-env/lib/python3.12/site-packages/airflow/example_dags/subdags/subdag.py for tasks to queue
[2025-03-07T02:39:17.813+0000] {logging_mixin.py:190} INFO - [2025-03-07T02:39:17.812+0000] {dagbag.py:588} INFO - Filling up the DagBag from /home/Ashreem/airflow-env/lib/python3.12/site-packages/airflow/example_dags/subdags/subdag.py
[2025-03-07T02:39:17.816+0000] {processor.py:927} WARNING - No viable dags retrieved from /home/Ashreem/airflow-env/lib/python3.12/site-packages/airflow/example_dags/subdags/subdag.py
[2025-03-07T02:39:17.829+0000] {processor.py:208} INFO - Processing /home/Ashreem/airflow-env/lib/python3.12/site-packages/airflow/example_dags/subdags/subdag.py took 0.029 seconds
[2025-03-07T02:39:50.199+0000] {processor.py:186} INFO - Started process (PID=46761) to work on /home/Ashreem/airflow-env/lib/python3.12/site-packages/airflow/example_dags/subdags/subdag.py
[2025-03-07T02:39:50.201+0000] {processor.py:914} INFO - Processing file /home/Ashreem/airflow-env/lib/python3.12/site-packages/airflow/example_dags/subdags/subdag.py for tasks to queue
[2025-03-07T02:39:50.204+0000] {logging_mixin.py:190} INFO - [2025-03-07T02:39:50.203+0000] {dagbag.py:588} INFO - Filling up the DagBag from /home/Ashreem/airflow-env/lib/python3.12/site-packages/airflow/example_dags/subdags/subdag.py
[2025-03-07T02:39:50.209+0000] {processor.py:927} WARNING - No viable dags retrieved from /home/Ashreem/airflow-env/lib/python3.12/site-packages/airflow/example_dags/subdags/subdag.py
[2025-03-07T02:39:50.227+0000] {processor.py:208} INFO - Processing /home/Ashreem/airflow-env/lib/python3.12/site-packages/airflow/example_dags/subdags/subdag.py took 0.036 seconds
[2025-03-07T02:40:21.735+0000] {processor.py:186} INFO - Started process (PID=46791) to work on /home/Ashreem/airflow-env/lib/python3.12/site-packages/airflow/example_dags/subdags/subdag.py
[2025-03-07T02:40:21.736+0000] {processor.py:914} INFO - Processing file /home/Ashreem/airflow-env/lib/python3.12/site-packages/airflow/example_dags/subdags/subdag.py for tasks to queue
[2025-03-07T02:40:21.739+0000] {logging_mixin.py:190} INFO - [2025-03-07T02:40:21.739+0000] {dagbag.py:588} INFO - Filling up the DagBag from /home/Ashreem/airflow-env/lib/python3.12/site-packages/airflow/example_dags/subdags/subdag.py
[2025-03-07T02:40:21.742+0000] {processor.py:927} WARNING - No viable dags retrieved from /home/Ashreem/airflow-env/lib/python3.12/site-packages/airflow/example_dags/subdags/subdag.py
[2025-03-07T02:40:21.761+0000] {processor.py:208} INFO - Processing /home/Ashreem/airflow-env/lib/python3.12/site-packages/airflow/example_dags/subdags/subdag.py took 0.034 seconds
[2025-03-07T02:40:53.899+0000] {processor.py:186} INFO - Started process (PID=46825) to work on /home/Ashreem/airflow-env/lib/python3.12/site-packages/airflow/example_dags/subdags/subdag.py
[2025-03-07T02:40:53.901+0000] {processor.py:914} INFO - Processing file /home/Ashreem/airflow-env/lib/python3.12/site-packages/airflow/example_dags/subdags/subdag.py for tasks to queue
[2025-03-07T02:40:53.905+0000] {logging_mixin.py:190} INFO - [2025-03-07T02:40:53.904+0000] {dagbag.py:588} INFO - Filling up the DagBag from /home/Ashreem/airflow-env/lib/python3.12/site-packages/airflow/example_dags/subdags/subdag.py
[2025-03-07T02:40:53.910+0000] {processor.py:927} WARNING - No viable dags retrieved from /home/Ashreem/airflow-env/lib/python3.12/site-packages/airflow/example_dags/subdags/subdag.py
[2025-03-07T02:40:53.927+0000] {processor.py:208} INFO - Processing /home/Ashreem/airflow-env/lib/python3.12/site-packages/airflow/example_dags/subdags/subdag.py took 0.034 seconds
[2025-03-07T02:41:25.169+0000] {processor.py:186} INFO - Started process (PID=46857) to work on /home/Ashreem/airflow-env/lib/python3.12/site-packages/airflow/example_dags/subdags/subdag.py
[2025-03-07T02:41:25.170+0000] {processor.py:914} INFO - Processing file /home/Ashreem/airflow-env/lib/python3.12/site-packages/airflow/example_dags/subdags/subdag.py for tasks to queue
[2025-03-07T02:41:25.173+0000] {logging_mixin.py:190} INFO - [2025-03-07T02:41:25.172+0000] {dagbag.py:588} INFO - Filling up the DagBag from /home/Ashreem/airflow-env/lib/python3.12/site-packages/airflow/example_dags/subdags/subdag.py
[2025-03-07T02:41:25.176+0000] {processor.py:927} WARNING - No viable dags retrieved from /home/Ashreem/airflow-env/lib/python3.12/site-packages/airflow/example_dags/subdags/subdag.py
[2025-03-07T02:41:25.191+0000] {processor.py:208} INFO - Processing /home/Ashreem/airflow-env/lib/python3.12/site-packages/airflow/example_dags/subdags/subdag.py took 0.031 seconds
[2025-03-07T02:41:56.693+0000] {processor.py:186} INFO - Started process (PID=46888) to work on /home/Ashreem/airflow-env/lib/python3.12/site-packages/airflow/example_dags/subdags/subdag.py
[2025-03-07T02:41:56.696+0000] {processor.py:914} INFO - Processing file /home/Ashreem/airflow-env/lib/python3.12/site-packages/airflow/example_dags/subdags/subdag.py for tasks to queue
[2025-03-07T02:41:56.698+0000] {logging_mixin.py:190} INFO - [2025-03-07T02:41:56.698+0000] {dagbag.py:588} INFO - Filling up the DagBag from /home/Ashreem/airflow-env/lib/python3.12/site-packages/airflow/example_dags/subdags/subdag.py
[2025-03-07T02:41:56.702+0000] {processor.py:927} WARNING - No viable dags retrieved from /home/Ashreem/airflow-env/lib/python3.12/site-packages/airflow/example_dags/subdags/subdag.py
[2025-03-07T02:41:56.715+0000] {processor.py:208} INFO - Processing /home/Ashreem/airflow-env/lib/python3.12/site-packages/airflow/example_dags/subdags/subdag.py took 0.029 seconds
[2025-03-07T02:42:28.443+0000] {processor.py:186} INFO - Started process (PID=46920) to work on /home/Ashreem/airflow-env/lib/python3.12/site-packages/airflow/example_dags/subdags/subdag.py
[2025-03-07T02:42:28.444+0000] {processor.py:914} INFO - Processing file /home/Ashreem/airflow-env/lib/python3.12/site-packages/airflow/example_dags/subdags/subdag.py for tasks to queue
[2025-03-07T02:42:28.448+0000] {logging_mixin.py:190} INFO - [2025-03-07T02:42:28.447+0000] {dagbag.py:588} INFO - Filling up the DagBag from /home/Ashreem/airflow-env/lib/python3.12/site-packages/airflow/example_dags/subdags/subdag.py
[2025-03-07T02:42:28.451+0000] {processor.py:927} WARNING - No viable dags retrieved from /home/Ashreem/airflow-env/lib/python3.12/site-packages/airflow/example_dags/subdags/subdag.py
[2025-03-07T02:42:28.465+0000] {processor.py:208} INFO - Processing /home/Ashreem/airflow-env/lib/python3.12/site-packages/airflow/example_dags/subdags/subdag.py took 0.034 seconds
[2025-03-07T02:43:00.505+0000] {processor.py:186} INFO - Started process (PID=46955) to work on /home/Ashreem/airflow-env/lib/python3.12/site-packages/airflow/example_dags/subdags/subdag.py
[2025-03-07T02:43:00.507+0000] {processor.py:914} INFO - Processing file /home/Ashreem/airflow-env/lib/python3.12/site-packages/airflow/example_dags/subdags/subdag.py for tasks to queue
[2025-03-07T02:43:00.509+0000] {logging_mixin.py:190} INFO - [2025-03-07T02:43:00.509+0000] {dagbag.py:588} INFO - Filling up the DagBag from /home/Ashreem/airflow-env/lib/python3.12/site-packages/airflow/example_dags/subdags/subdag.py
[2025-03-07T02:43:00.513+0000] {processor.py:927} WARNING - No viable dags retrieved from /home/Ashreem/airflow-env/lib/python3.12/site-packages/airflow/example_dags/subdags/subdag.py
[2025-03-07T02:43:00.526+0000] {processor.py:208} INFO - Processing /home/Ashreem/airflow-env/lib/python3.12/site-packages/airflow/example_dags/subdags/subdag.py took 0.029 seconds
[2025-03-07T02:43:32.761+0000] {processor.py:186} INFO - Started process (PID=46993) to work on /home/Ashreem/airflow-env/lib/python3.12/site-packages/airflow/example_dags/subdags/subdag.py
[2025-03-07T02:43:32.762+0000] {processor.py:914} INFO - Processing file /home/Ashreem/airflow-env/lib/python3.12/site-packages/airflow/example_dags/subdags/subdag.py for tasks to queue
[2025-03-07T02:43:32.765+0000] {logging_mixin.py:190} INFO - [2025-03-07T02:43:32.765+0000] {dagbag.py:588} INFO - Filling up the DagBag from /home/Ashreem/airflow-env/lib/python3.12/site-packages/airflow/example_dags/subdags/subdag.py
[2025-03-07T02:43:32.768+0000] {processor.py:927} WARNING - No viable dags retrieved from /home/Ashreem/airflow-env/lib/python3.12/site-packages/airflow/example_dags/subdags/subdag.py
[2025-03-07T02:43:32.782+0000] {processor.py:208} INFO - Processing /home/Ashreem/airflow-env/lib/python3.12/site-packages/airflow/example_dags/subdags/subdag.py took 0.029 seconds
[2025-03-07T02:44:04.594+0000] {processor.py:186} INFO - Started process (PID=47028) to work on /home/Ashreem/airflow-env/lib/python3.12/site-packages/airflow/example_dags/subdags/subdag.py
[2025-03-07T02:44:04.595+0000] {processor.py:914} INFO - Processing file /home/Ashreem/airflow-env/lib/python3.12/site-packages/airflow/example_dags/subdags/subdag.py for tasks to queue
[2025-03-07T02:44:04.598+0000] {logging_mixin.py:190} INFO - [2025-03-07T02:44:04.598+0000] {dagbag.py:588} INFO - Filling up the DagBag from /home/Ashreem/airflow-env/lib/python3.12/site-packages/airflow/example_dags/subdags/subdag.py
[2025-03-07T02:44:04.602+0000] {processor.py:927} WARNING - No viable dags retrieved from /home/Ashreem/airflow-env/lib/python3.12/site-packages/airflow/example_dags/subdags/subdag.py
[2025-03-07T02:44:04.616+0000] {processor.py:208} INFO - Processing /home/Ashreem/airflow-env/lib/python3.12/site-packages/airflow/example_dags/subdags/subdag.py took 0.030 seconds
[2025-03-07T02:44:35.768+0000] {processor.py:186} INFO - Started process (PID=47073) to work on /home/Ashreem/airflow-env/lib/python3.12/site-packages/airflow/example_dags/subdags/subdag.py
[2025-03-07T02:44:35.769+0000] {processor.py:914} INFO - Processing file /home/Ashreem/airflow-env/lib/python3.12/site-packages/airflow/example_dags/subdags/subdag.py for tasks to queue
[2025-03-07T02:44:35.772+0000] {logging_mixin.py:190} INFO - [2025-03-07T02:44:35.772+0000] {dagbag.py:588} INFO - Filling up the DagBag from /home/Ashreem/airflow-env/lib/python3.12/site-packages/airflow/example_dags/subdags/subdag.py
[2025-03-07T02:44:35.776+0000] {processor.py:927} WARNING - No viable dags retrieved from /home/Ashreem/airflow-env/lib/python3.12/site-packages/airflow/example_dags/subdags/subdag.py
[2025-03-07T02:44:35.791+0000] {processor.py:208} INFO - Processing /home/Ashreem/airflow-env/lib/python3.12/site-packages/airflow/example_dags/subdags/subdag.py took 0.031 seconds
[2025-03-07T02:45:05.998+0000] {processor.py:186} INFO - Started process (PID=47106) to work on /home/Ashreem/airflow-env/lib/python3.12/site-packages/airflow/example_dags/subdags/subdag.py
[2025-03-07T02:45:05.999+0000] {processor.py:914} INFO - Processing file /home/Ashreem/airflow-env/lib/python3.12/site-packages/airflow/example_dags/subdags/subdag.py for tasks to queue
[2025-03-07T02:45:06.002+0000] {logging_mixin.py:190} INFO - [2025-03-07T02:45:06.002+0000] {dagbag.py:588} INFO - Filling up the DagBag from /home/Ashreem/airflow-env/lib/python3.12/site-packages/airflow/example_dags/subdags/subdag.py
[2025-03-07T02:45:06.006+0000] {processor.py:927} WARNING - No viable dags retrieved from /home/Ashreem/airflow-env/lib/python3.12/site-packages/airflow/example_dags/subdags/subdag.py
[2025-03-07T02:45:06.019+0000] {processor.py:208} INFO - Processing /home/Ashreem/airflow-env/lib/python3.12/site-packages/airflow/example_dags/subdags/subdag.py took 0.030 seconds
[2025-03-07T02:45:38.287+0000] {processor.py:186} INFO - Started process (PID=47141) to work on /home/Ashreem/airflow-env/lib/python3.12/site-packages/airflow/example_dags/subdags/subdag.py
[2025-03-07T02:45:38.288+0000] {processor.py:914} INFO - Processing file /home/Ashreem/airflow-env/lib/python3.12/site-packages/airflow/example_dags/subdags/subdag.py for tasks to queue
[2025-03-07T02:45:38.291+0000] {logging_mixin.py:190} INFO - [2025-03-07T02:45:38.290+0000] {dagbag.py:588} INFO - Filling up the DagBag from /home/Ashreem/airflow-env/lib/python3.12/site-packages/airflow/example_dags/subdags/subdag.py
[2025-03-07T02:45:38.294+0000] {processor.py:927} WARNING - No viable dags retrieved from /home/Ashreem/airflow-env/lib/python3.12/site-packages/airflow/example_dags/subdags/subdag.py
[2025-03-07T02:45:38.308+0000] {processor.py:208} INFO - Processing /home/Ashreem/airflow-env/lib/python3.12/site-packages/airflow/example_dags/subdags/subdag.py took 0.033 seconds
[2025-03-07T02:46:10.900+0000] {processor.py:186} INFO - Started process (PID=47174) to work on /home/Ashreem/airflow-env/lib/python3.12/site-packages/airflow/example_dags/subdags/subdag.py
[2025-03-07T02:46:10.901+0000] {processor.py:914} INFO - Processing file /home/Ashreem/airflow-env/lib/python3.12/site-packages/airflow/example_dags/subdags/subdag.py for tasks to queue
[2025-03-07T02:46:10.904+0000] {logging_mixin.py:190} INFO - [2025-03-07T02:46:10.903+0000] {dagbag.py:588} INFO - Filling up the DagBag from /home/Ashreem/airflow-env/lib/python3.12/site-packages/airflow/example_dags/subdags/subdag.py
[2025-03-07T02:46:10.907+0000] {processor.py:927} WARNING - No viable dags retrieved from /home/Ashreem/airflow-env/lib/python3.12/site-packages/airflow/example_dags/subdags/subdag.py
[2025-03-07T02:46:10.919+0000] {processor.py:208} INFO - Processing /home/Ashreem/airflow-env/lib/python3.12/site-packages/airflow/example_dags/subdags/subdag.py took 0.028 seconds
[2025-03-07T02:46:43.170+0000] {processor.py:186} INFO - Started process (PID=47205) to work on /home/Ashreem/airflow-env/lib/python3.12/site-packages/airflow/example_dags/subdags/subdag.py
[2025-03-07T02:46:43.171+0000] {processor.py:914} INFO - Processing file /home/Ashreem/airflow-env/lib/python3.12/site-packages/airflow/example_dags/subdags/subdag.py for tasks to queue
[2025-03-07T02:46:43.174+0000] {logging_mixin.py:190} INFO - [2025-03-07T02:46:43.173+0000] {dagbag.py:588} INFO - Filling up the DagBag from /home/Ashreem/airflow-env/lib/python3.12/site-packages/airflow/example_dags/subdags/subdag.py
[2025-03-07T02:46:43.177+0000] {processor.py:927} WARNING - No viable dags retrieved from /home/Ashreem/airflow-env/lib/python3.12/site-packages/airflow/example_dags/subdags/subdag.py
[2025-03-07T02:46:43.191+0000] {processor.py:208} INFO - Processing /home/Ashreem/airflow-env/lib/python3.12/site-packages/airflow/example_dags/subdags/subdag.py took 0.029 seconds
[2025-03-07T02:47:14.176+0000] {processor.py:186} INFO - Started process (PID=47235) to work on /home/Ashreem/airflow-env/lib/python3.12/site-packages/airflow/example_dags/subdags/subdag.py
[2025-03-07T02:47:14.177+0000] {processor.py:914} INFO - Processing file /home/Ashreem/airflow-env/lib/python3.12/site-packages/airflow/example_dags/subdags/subdag.py for tasks to queue
[2025-03-07T02:47:14.180+0000] {logging_mixin.py:190} INFO - [2025-03-07T02:47:14.179+0000] {dagbag.py:588} INFO - Filling up the DagBag from /home/Ashreem/airflow-env/lib/python3.12/site-packages/airflow/example_dags/subdags/subdag.py
[2025-03-07T02:47:14.183+0000] {processor.py:927} WARNING - No viable dags retrieved from /home/Ashreem/airflow-env/lib/python3.12/site-packages/airflow/example_dags/subdags/subdag.py
[2025-03-07T02:47:14.195+0000] {processor.py:208} INFO - Processing /home/Ashreem/airflow-env/lib/python3.12/site-packages/airflow/example_dags/subdags/subdag.py took 0.027 seconds
[2025-03-07T02:47:45.726+0000] {processor.py:186} INFO - Started process (PID=47265) to work on /home/Ashreem/airflow-env/lib/python3.12/site-packages/airflow/example_dags/subdags/subdag.py
[2025-03-07T02:47:45.731+0000] {processor.py:914} INFO - Processing file /home/Ashreem/airflow-env/lib/python3.12/site-packages/airflow/example_dags/subdags/subdag.py for tasks to queue
[2025-03-07T02:47:45.734+0000] {logging_mixin.py:190} INFO - [2025-03-07T02:47:45.734+0000] {dagbag.py:588} INFO - Filling up the DagBag from /home/Ashreem/airflow-env/lib/python3.12/site-packages/airflow/example_dags/subdags/subdag.py
[2025-03-07T02:47:45.738+0000] {processor.py:927} WARNING - No viable dags retrieved from /home/Ashreem/airflow-env/lib/python3.12/site-packages/airflow/example_dags/subdags/subdag.py
[2025-03-07T02:47:45.752+0000] {processor.py:208} INFO - Processing /home/Ashreem/airflow-env/lib/python3.12/site-packages/airflow/example_dags/subdags/subdag.py took 0.032 seconds
[2025-03-07T02:48:20.787+0000] {processor.py:186} INFO - Started process (PID=47301) to work on /home/Ashreem/airflow-env/lib/python3.12/site-packages/airflow/example_dags/subdags/subdag.py
[2025-03-07T02:48:20.789+0000] {processor.py:914} INFO - Processing file /home/Ashreem/airflow-env/lib/python3.12/site-packages/airflow/example_dags/subdags/subdag.py for tasks to queue
[2025-03-07T02:48:20.791+0000] {logging_mixin.py:190} INFO - [2025-03-07T02:48:20.791+0000] {dagbag.py:588} INFO - Filling up the DagBag from /home/Ashreem/airflow-env/lib/python3.12/site-packages/airflow/example_dags/subdags/subdag.py
[2025-03-07T02:48:20.795+0000] {processor.py:927} WARNING - No viable dags retrieved from /home/Ashreem/airflow-env/lib/python3.12/site-packages/airflow/example_dags/subdags/subdag.py
[2025-03-07T02:48:20.809+0000] {processor.py:208} INFO - Processing /home/Ashreem/airflow-env/lib/python3.12/site-packages/airflow/example_dags/subdags/subdag.py took 0.030 seconds
[2025-03-07T02:48:55.841+0000] {processor.py:186} INFO - Started process (PID=47345) to work on /home/Ashreem/airflow-env/lib/python3.12/site-packages/airflow/example_dags/subdags/subdag.py
[2025-03-07T02:48:55.844+0000] {processor.py:914} INFO - Processing file /home/Ashreem/airflow-env/lib/python3.12/site-packages/airflow/example_dags/subdags/subdag.py for tasks to queue
[2025-03-07T02:48:55.846+0000] {logging_mixin.py:190} INFO - [2025-03-07T02:48:55.846+0000] {dagbag.py:588} INFO - Filling up the DagBag from /home/Ashreem/airflow-env/lib/python3.12/site-packages/airflow/example_dags/subdags/subdag.py
[2025-03-07T02:48:55.850+0000] {processor.py:927} WARNING - No viable dags retrieved from /home/Ashreem/airflow-env/lib/python3.12/site-packages/airflow/example_dags/subdags/subdag.py
[2025-03-07T02:48:55.864+0000] {processor.py:208} INFO - Processing /home/Ashreem/airflow-env/lib/python3.12/site-packages/airflow/example_dags/subdags/subdag.py took 0.037 seconds
[2025-03-07T02:49:27.174+0000] {processor.py:186} INFO - Started process (PID=47379) to work on /home/Ashreem/airflow-env/lib/python3.12/site-packages/airflow/example_dags/subdags/subdag.py
[2025-03-07T02:49:27.175+0000] {processor.py:914} INFO - Processing file /home/Ashreem/airflow-env/lib/python3.12/site-packages/airflow/example_dags/subdags/subdag.py for tasks to queue
[2025-03-07T02:49:27.178+0000] {logging_mixin.py:190} INFO - [2025-03-07T02:49:27.178+0000] {dagbag.py:588} INFO - Filling up the DagBag from /home/Ashreem/airflow-env/lib/python3.12/site-packages/airflow/example_dags/subdags/subdag.py
[2025-03-07T02:49:27.182+0000] {processor.py:927} WARNING - No viable dags retrieved from /home/Ashreem/airflow-env/lib/python3.12/site-packages/airflow/example_dags/subdags/subdag.py
[2025-03-07T02:49:27.197+0000] {processor.py:208} INFO - Processing /home/Ashreem/airflow-env/lib/python3.12/site-packages/airflow/example_dags/subdags/subdag.py took 0.032 seconds
[2025-03-07T02:50:01.385+0000] {processor.py:186} INFO - Started process (PID=47417) to work on /home/Ashreem/airflow-env/lib/python3.12/site-packages/airflow/example_dags/subdags/subdag.py
[2025-03-07T02:50:01.387+0000] {processor.py:914} INFO - Processing file /home/Ashreem/airflow-env/lib/python3.12/site-packages/airflow/example_dags/subdags/subdag.py for tasks to queue
[2025-03-07T02:50:01.390+0000] {logging_mixin.py:190} INFO - [2025-03-07T02:50:01.389+0000] {dagbag.py:588} INFO - Filling up the DagBag from /home/Ashreem/airflow-env/lib/python3.12/site-packages/airflow/example_dags/subdags/subdag.py
[2025-03-07T02:50:01.393+0000] {processor.py:927} WARNING - No viable dags retrieved from /home/Ashreem/airflow-env/lib/python3.12/site-packages/airflow/example_dags/subdags/subdag.py
[2025-03-07T02:50:01.409+0000] {processor.py:208} INFO - Processing /home/Ashreem/airflow-env/lib/python3.12/site-packages/airflow/example_dags/subdags/subdag.py took 0.033 seconds
[2025-03-07T02:50:33.986+0000] {processor.py:186} INFO - Started process (PID=47455) to work on /home/Ashreem/airflow-env/lib/python3.12/site-packages/airflow/example_dags/subdags/subdag.py
[2025-03-07T02:50:33.987+0000] {processor.py:914} INFO - Processing file /home/Ashreem/airflow-env/lib/python3.12/site-packages/airflow/example_dags/subdags/subdag.py for tasks to queue
[2025-03-07T02:50:33.990+0000] {logging_mixin.py:190} INFO - [2025-03-07T02:50:33.989+0000] {dagbag.py:588} INFO - Filling up the DagBag from /home/Ashreem/airflow-env/lib/python3.12/site-packages/airflow/example_dags/subdags/subdag.py
[2025-03-07T02:50:33.994+0000] {processor.py:927} WARNING - No viable dags retrieved from /home/Ashreem/airflow-env/lib/python3.12/site-packages/airflow/example_dags/subdags/subdag.py
[2025-03-07T02:50:34.009+0000] {processor.py:208} INFO - Processing /home/Ashreem/airflow-env/lib/python3.12/site-packages/airflow/example_dags/subdags/subdag.py took 0.031 seconds
[2025-03-07T02:51:33.742+0000] {processor.py:186} INFO - Started process (PID=47515) to work on /home/Ashreem/airflow-env/lib/python3.12/site-packages/airflow/example_dags/subdags/subdag.py
[2025-03-07T02:51:33.743+0000] {processor.py:914} INFO - Processing file /home/Ashreem/airflow-env/lib/python3.12/site-packages/airflow/example_dags/subdags/subdag.py for tasks to queue
[2025-03-07T02:51:33.746+0000] {logging_mixin.py:190} INFO - [2025-03-07T02:51:33.746+0000] {dagbag.py:588} INFO - Filling up the DagBag from /home/Ashreem/airflow-env/lib/python3.12/site-packages/airflow/example_dags/subdags/subdag.py
[2025-03-07T02:51:33.751+0000] {processor.py:927} WARNING - No viable dags retrieved from /home/Ashreem/airflow-env/lib/python3.12/site-packages/airflow/example_dags/subdags/subdag.py
[2025-03-07T02:51:33.765+0000] {processor.py:208} INFO - Processing /home/Ashreem/airflow-env/lib/python3.12/site-packages/airflow/example_dags/subdags/subdag.py took 0.031 seconds
[2025-03-07T02:52:06.612+0000] {processor.py:186} INFO - Started process (PID=47550) to work on /home/Ashreem/airflow-env/lib/python3.12/site-packages/airflow/example_dags/subdags/subdag.py
[2025-03-07T02:52:06.614+0000] {processor.py:914} INFO - Processing file /home/Ashreem/airflow-env/lib/python3.12/site-packages/airflow/example_dags/subdags/subdag.py for tasks to queue
[2025-03-07T02:52:06.617+0000] {logging_mixin.py:190} INFO - [2025-03-07T02:52:06.616+0000] {dagbag.py:588} INFO - Filling up the DagBag from /home/Ashreem/airflow-env/lib/python3.12/site-packages/airflow/example_dags/subdags/subdag.py
[2025-03-07T02:52:06.620+0000] {processor.py:927} WARNING - No viable dags retrieved from /home/Ashreem/airflow-env/lib/python3.12/site-packages/airflow/example_dags/subdags/subdag.py
[2025-03-07T02:52:06.635+0000] {processor.py:208} INFO - Processing /home/Ashreem/airflow-env/lib/python3.12/site-packages/airflow/example_dags/subdags/subdag.py took 0.030 seconds
[2025-03-07T02:52:41.183+0000] {processor.py:186} INFO - Started process (PID=47584) to work on /home/Ashreem/airflow-env/lib/python3.12/site-packages/airflow/example_dags/subdags/subdag.py
[2025-03-07T02:52:41.184+0000] {processor.py:914} INFO - Processing file /home/Ashreem/airflow-env/lib/python3.12/site-packages/airflow/example_dags/subdags/subdag.py for tasks to queue
[2025-03-07T02:52:41.187+0000] {logging_mixin.py:190} INFO - [2025-03-07T02:52:41.187+0000] {dagbag.py:588} INFO - Filling up the DagBag from /home/Ashreem/airflow-env/lib/python3.12/site-packages/airflow/example_dags/subdags/subdag.py
[2025-03-07T02:52:41.191+0000] {processor.py:927} WARNING - No viable dags retrieved from /home/Ashreem/airflow-env/lib/python3.12/site-packages/airflow/example_dags/subdags/subdag.py
[2025-03-07T02:52:41.206+0000] {processor.py:208} INFO - Processing /home/Ashreem/airflow-env/lib/python3.12/site-packages/airflow/example_dags/subdags/subdag.py took 0.032 seconds
[2025-03-07T02:53:12.898+0000] {processor.py:186} INFO - Started process (PID=47617) to work on /home/Ashreem/airflow-env/lib/python3.12/site-packages/airflow/example_dags/subdags/subdag.py
[2025-03-07T02:53:12.899+0000] {processor.py:914} INFO - Processing file /home/Ashreem/airflow-env/lib/python3.12/site-packages/airflow/example_dags/subdags/subdag.py for tasks to queue
[2025-03-07T02:53:12.902+0000] {logging_mixin.py:190} INFO - [2025-03-07T02:53:12.901+0000] {dagbag.py:588} INFO - Filling up the DagBag from /home/Ashreem/airflow-env/lib/python3.12/site-packages/airflow/example_dags/subdags/subdag.py
[2025-03-07T02:53:12.905+0000] {processor.py:927} WARNING - No viable dags retrieved from /home/Ashreem/airflow-env/lib/python3.12/site-packages/airflow/example_dags/subdags/subdag.py
[2025-03-07T02:53:12.918+0000] {processor.py:208} INFO - Processing /home/Ashreem/airflow-env/lib/python3.12/site-packages/airflow/example_dags/subdags/subdag.py took 0.027 seconds
[2025-03-07T02:53:43.583+0000] {processor.py:186} INFO - Started process (PID=47650) to work on /home/Ashreem/airflow-env/lib/python3.12/site-packages/airflow/example_dags/subdags/subdag.py
[2025-03-07T02:53:43.584+0000] {processor.py:914} INFO - Processing file /home/Ashreem/airflow-env/lib/python3.12/site-packages/airflow/example_dags/subdags/subdag.py for tasks to queue
[2025-03-07T02:53:43.588+0000] {logging_mixin.py:190} INFO - [2025-03-07T02:53:43.587+0000] {dagbag.py:588} INFO - Filling up the DagBag from /home/Ashreem/airflow-env/lib/python3.12/site-packages/airflow/example_dags/subdags/subdag.py
[2025-03-07T02:53:43.591+0000] {processor.py:927} WARNING - No viable dags retrieved from /home/Ashreem/airflow-env/lib/python3.12/site-packages/airflow/example_dags/subdags/subdag.py
[2025-03-07T02:53:43.605+0000] {processor.py:208} INFO - Processing /home/Ashreem/airflow-env/lib/python3.12/site-packages/airflow/example_dags/subdags/subdag.py took 0.030 seconds
[2025-03-07T02:54:15.116+0000] {processor.py:186} INFO - Started process (PID=47681) to work on /home/Ashreem/airflow-env/lib/python3.12/site-packages/airflow/example_dags/subdags/subdag.py
[2025-03-07T02:54:15.118+0000] {processor.py:914} INFO - Processing file /home/Ashreem/airflow-env/lib/python3.12/site-packages/airflow/example_dags/subdags/subdag.py for tasks to queue
[2025-03-07T02:54:15.121+0000] {logging_mixin.py:190} INFO - [2025-03-07T02:54:15.120+0000] {dagbag.py:588} INFO - Filling up the DagBag from /home/Ashreem/airflow-env/lib/python3.12/site-packages/airflow/example_dags/subdags/subdag.py
[2025-03-07T02:54:15.125+0000] {processor.py:927} WARNING - No viable dags retrieved from /home/Ashreem/airflow-env/lib/python3.12/site-packages/airflow/example_dags/subdags/subdag.py
[2025-03-07T02:54:15.145+0000] {processor.py:208} INFO - Processing /home/Ashreem/airflow-env/lib/python3.12/site-packages/airflow/example_dags/subdags/subdag.py took 0.037 seconds
[2025-03-07T02:54:46.380+0000] {processor.py:186} INFO - Started process (PID=47712) to work on /home/Ashreem/airflow-env/lib/python3.12/site-packages/airflow/example_dags/subdags/subdag.py
[2025-03-07T02:54:46.382+0000] {processor.py:914} INFO - Processing file /home/Ashreem/airflow-env/lib/python3.12/site-packages/airflow/example_dags/subdags/subdag.py for tasks to queue
[2025-03-07T02:54:46.385+0000] {logging_mixin.py:190} INFO - [2025-03-07T02:54:46.384+0000] {dagbag.py:588} INFO - Filling up the DagBag from /home/Ashreem/airflow-env/lib/python3.12/site-packages/airflow/example_dags/subdags/subdag.py
[2025-03-07T02:54:46.388+0000] {processor.py:927} WARNING - No viable dags retrieved from /home/Ashreem/airflow-env/lib/python3.12/site-packages/airflow/example_dags/subdags/subdag.py
[2025-03-07T02:54:46.402+0000] {processor.py:208} INFO - Processing /home/Ashreem/airflow-env/lib/python3.12/site-packages/airflow/example_dags/subdags/subdag.py took 0.030 seconds
[2025-03-07T02:55:16.746+0000] {processor.py:186} INFO - Started process (PID=47748) to work on /home/Ashreem/airflow-env/lib/python3.12/site-packages/airflow/example_dags/subdags/subdag.py
[2025-03-07T02:55:16.747+0000] {processor.py:914} INFO - Processing file /home/Ashreem/airflow-env/lib/python3.12/site-packages/airflow/example_dags/subdags/subdag.py for tasks to queue
[2025-03-07T02:55:16.750+0000] {logging_mixin.py:190} INFO - [2025-03-07T02:55:16.750+0000] {dagbag.py:588} INFO - Filling up the DagBag from /home/Ashreem/airflow-env/lib/python3.12/site-packages/airflow/example_dags/subdags/subdag.py
[2025-03-07T02:55:16.754+0000] {processor.py:927} WARNING - No viable dags retrieved from /home/Ashreem/airflow-env/lib/python3.12/site-packages/airflow/example_dags/subdags/subdag.py
[2025-03-07T02:55:16.767+0000] {processor.py:208} INFO - Processing /home/Ashreem/airflow-env/lib/python3.12/site-packages/airflow/example_dags/subdags/subdag.py took 0.029 seconds
[2025-03-07T02:55:47.493+0000] {processor.py:186} INFO - Started process (PID=47843) to work on /home/Ashreem/airflow-env/lib/python3.12/site-packages/airflow/example_dags/subdags/subdag.py
[2025-03-07T02:55:47.496+0000] {processor.py:914} INFO - Processing file /home/Ashreem/airflow-env/lib/python3.12/site-packages/airflow/example_dags/subdags/subdag.py for tasks to queue
[2025-03-07T02:55:47.499+0000] {logging_mixin.py:190} INFO - [2025-03-07T02:55:47.498+0000] {dagbag.py:588} INFO - Filling up the DagBag from /home/Ashreem/airflow-env/lib/python3.12/site-packages/airflow/example_dags/subdags/subdag.py
[2025-03-07T02:55:47.502+0000] {processor.py:927} WARNING - No viable dags retrieved from /home/Ashreem/airflow-env/lib/python3.12/site-packages/airflow/example_dags/subdags/subdag.py
[2025-03-07T02:55:47.519+0000] {processor.py:208} INFO - Processing /home/Ashreem/airflow-env/lib/python3.12/site-packages/airflow/example_dags/subdags/subdag.py took 0.033 seconds
[2025-03-07T02:56:10.785+0000] {processor.py:186} INFO - Started process (PID=47890) to work on /home/Ashreem/airflow-env/lib/python3.12/site-packages/airflow/example_dags/subdags/subdag.py
[2025-03-07T02:56:10.786+0000] {processor.py:914} INFO - Processing file /home/Ashreem/airflow-env/lib/python3.12/site-packages/airflow/example_dags/subdags/subdag.py for tasks to queue
[2025-03-07T02:56:10.788+0000] {logging_mixin.py:190} INFO - [2025-03-07T02:56:10.788+0000] {dagbag.py:588} INFO - Filling up the DagBag from /home/Ashreem/airflow-env/lib/python3.12/site-packages/airflow/example_dags/subdags/subdag.py
[2025-03-07T02:56:10.792+0000] {processor.py:927} WARNING - No viable dags retrieved from /home/Ashreem/airflow-env/lib/python3.12/site-packages/airflow/example_dags/subdags/subdag.py
[2025-03-07T02:56:10.804+0000] {processor.py:208} INFO - Processing /home/Ashreem/airflow-env/lib/python3.12/site-packages/airflow/example_dags/subdags/subdag.py took 0.027 seconds
[2025-03-07T02:56:20.577+0000] {processor.py:186} INFO - Started process (PID=47911) to work on /home/Ashreem/airflow-env/lib/python3.12/site-packages/airflow/example_dags/subdags/subdag.py
[2025-03-07T02:56:20.578+0000] {processor.py:914} INFO - Processing file /home/Ashreem/airflow-env/lib/python3.12/site-packages/airflow/example_dags/subdags/subdag.py for tasks to queue
[2025-03-07T02:56:20.581+0000] {logging_mixin.py:190} INFO - [2025-03-07T02:56:20.581+0000] {dagbag.py:588} INFO - Filling up the DagBag from /home/Ashreem/airflow-env/lib/python3.12/site-packages/airflow/example_dags/subdags/subdag.py
[2025-03-07T02:56:20.585+0000] {processor.py:927} WARNING - No viable dags retrieved from /home/Ashreem/airflow-env/lib/python3.12/site-packages/airflow/example_dags/subdags/subdag.py
[2025-03-07T02:56:20.599+0000] {processor.py:208} INFO - Processing /home/Ashreem/airflow-env/lib/python3.12/site-packages/airflow/example_dags/subdags/subdag.py took 0.030 seconds
[2025-03-07T02:56:53.636+0000] {processor.py:186} INFO - Started process (PID=47971) to work on /home/Ashreem/airflow-env/lib/python3.12/site-packages/airflow/example_dags/subdags/subdag.py
[2025-03-07T02:56:53.639+0000] {processor.py:914} INFO - Processing file /home/Ashreem/airflow-env/lib/python3.12/site-packages/airflow/example_dags/subdags/subdag.py for tasks to queue
[2025-03-07T02:56:53.642+0000] {logging_mixin.py:190} INFO - [2025-03-07T02:56:53.641+0000] {dagbag.py:588} INFO - Filling up the DagBag from /home/Ashreem/airflow-env/lib/python3.12/site-packages/airflow/example_dags/subdags/subdag.py
[2025-03-07T02:56:53.645+0000] {processor.py:927} WARNING - No viable dags retrieved from /home/Ashreem/airflow-env/lib/python3.12/site-packages/airflow/example_dags/subdags/subdag.py
[2025-03-07T02:56:53.658+0000] {processor.py:208} INFO - Processing /home/Ashreem/airflow-env/lib/python3.12/site-packages/airflow/example_dags/subdags/subdag.py took 0.029 seconds
[2025-03-07T02:57:26.537+0000] {processor.py:186} INFO - Started process (PID=48027) to work on /home/Ashreem/airflow-env/lib/python3.12/site-packages/airflow/example_dags/subdags/subdag.py
[2025-03-07T02:57:26.538+0000] {processor.py:914} INFO - Processing file /home/Ashreem/airflow-env/lib/python3.12/site-packages/airflow/example_dags/subdags/subdag.py for tasks to queue
[2025-03-07T02:57:26.542+0000] {logging_mixin.py:190} INFO - [2025-03-07T02:57:26.541+0000] {dagbag.py:588} INFO - Filling up the DagBag from /home/Ashreem/airflow-env/lib/python3.12/site-packages/airflow/example_dags/subdags/subdag.py
[2025-03-07T02:57:26.545+0000] {processor.py:927} WARNING - No viable dags retrieved from /home/Ashreem/airflow-env/lib/python3.12/site-packages/airflow/example_dags/subdags/subdag.py
[2025-03-07T02:57:26.561+0000] {processor.py:208} INFO - Processing /home/Ashreem/airflow-env/lib/python3.12/site-packages/airflow/example_dags/subdags/subdag.py took 0.034 seconds
[2025-03-07T02:57:57.045+0000] {processor.py:186} INFO - Started process (PID=48064) to work on /home/Ashreem/airflow-env/lib/python3.12/site-packages/airflow/example_dags/subdags/subdag.py
[2025-03-07T02:57:57.046+0000] {processor.py:914} INFO - Processing file /home/Ashreem/airflow-env/lib/python3.12/site-packages/airflow/example_dags/subdags/subdag.py for tasks to queue
[2025-03-07T02:57:57.049+0000] {logging_mixin.py:190} INFO - [2025-03-07T02:57:57.049+0000] {dagbag.py:588} INFO - Filling up the DagBag from /home/Ashreem/airflow-env/lib/python3.12/site-packages/airflow/example_dags/subdags/subdag.py
[2025-03-07T02:57:57.052+0000] {processor.py:927} WARNING - No viable dags retrieved from /home/Ashreem/airflow-env/lib/python3.12/site-packages/airflow/example_dags/subdags/subdag.py
[2025-03-07T02:57:57.066+0000] {processor.py:208} INFO - Processing /home/Ashreem/airflow-env/lib/python3.12/site-packages/airflow/example_dags/subdags/subdag.py took 0.031 seconds
[2025-03-07T02:58:29.245+0000] {processor.py:186} INFO - Started process (PID=48096) to work on /home/Ashreem/airflow-env/lib/python3.12/site-packages/airflow/example_dags/subdags/subdag.py
[2025-03-07T02:58:29.248+0000] {processor.py:914} INFO - Processing file /home/Ashreem/airflow-env/lib/python3.12/site-packages/airflow/example_dags/subdags/subdag.py for tasks to queue
[2025-03-07T02:58:29.250+0000] {logging_mixin.py:190} INFO - [2025-03-07T02:58:29.250+0000] {dagbag.py:588} INFO - Filling up the DagBag from /home/Ashreem/airflow-env/lib/python3.12/site-packages/airflow/example_dags/subdags/subdag.py
[2025-03-07T02:58:29.253+0000] {processor.py:927} WARNING - No viable dags retrieved from /home/Ashreem/airflow-env/lib/python3.12/site-packages/airflow/example_dags/subdags/subdag.py
[2025-03-07T02:58:29.272+0000] {processor.py:208} INFO - Processing /home/Ashreem/airflow-env/lib/python3.12/site-packages/airflow/example_dags/subdags/subdag.py took 0.034 seconds
[2025-03-07T02:59:03.040+0000] {processor.py:186} INFO - Started process (PID=48146) to work on /home/Ashreem/airflow-env/lib/python3.12/site-packages/airflow/example_dags/subdags/subdag.py
[2025-03-07T02:59:03.041+0000] {processor.py:914} INFO - Processing file /home/Ashreem/airflow-env/lib/python3.12/site-packages/airflow/example_dags/subdags/subdag.py for tasks to queue
[2025-03-07T02:59:03.047+0000] {logging_mixin.py:190} INFO - [2025-03-07T02:59:03.044+0000] {dagbag.py:588} INFO - Filling up the DagBag from /home/Ashreem/airflow-env/lib/python3.12/site-packages/airflow/example_dags/subdags/subdag.py
[2025-03-07T02:59:03.050+0000] {processor.py:927} WARNING - No viable dags retrieved from /home/Ashreem/airflow-env/lib/python3.12/site-packages/airflow/example_dags/subdags/subdag.py
[2025-03-07T02:59:03.072+0000] {processor.py:208} INFO - Processing /home/Ashreem/airflow-env/lib/python3.12/site-packages/airflow/example_dags/subdags/subdag.py took 0.044 seconds
[2025-03-07T02:59:06.654+0000] {processor.py:186} INFO - Started process (PID=48161) to work on /home/Ashreem/airflow-env/lib/python3.12/site-packages/airflow/example_dags/subdags/subdag.py
[2025-03-07T02:59:06.655+0000] {processor.py:914} INFO - Processing file /home/Ashreem/airflow-env/lib/python3.12/site-packages/airflow/example_dags/subdags/subdag.py for tasks to queue
[2025-03-07T02:59:06.658+0000] {logging_mixin.py:190} INFO - [2025-03-07T02:59:06.657+0000] {dagbag.py:588} INFO - Filling up the DagBag from /home/Ashreem/airflow-env/lib/python3.12/site-packages/airflow/example_dags/subdags/subdag.py
[2025-03-07T02:59:06.661+0000] {processor.py:927} WARNING - No viable dags retrieved from /home/Ashreem/airflow-env/lib/python3.12/site-packages/airflow/example_dags/subdags/subdag.py
[2025-03-07T02:59:06.679+0000] {processor.py:208} INFO - Processing /home/Ashreem/airflow-env/lib/python3.12/site-packages/airflow/example_dags/subdags/subdag.py took 0.035 seconds
[2025-03-07T02:59:36.611+0000] {processor.py:186} INFO - Started process (PID=48214) to work on /home/Ashreem/airflow-env/lib/python3.12/site-packages/airflow/example_dags/subdags/subdag.py
[2025-03-07T02:59:36.612+0000] {processor.py:914} INFO - Processing file /home/Ashreem/airflow-env/lib/python3.12/site-packages/airflow/example_dags/subdags/subdag.py for tasks to queue
[2025-03-07T02:59:36.614+0000] {logging_mixin.py:190} INFO - [2025-03-07T02:59:36.614+0000] {dagbag.py:588} INFO - Filling up the DagBag from /home/Ashreem/airflow-env/lib/python3.12/site-packages/airflow/example_dags/subdags/subdag.py
[2025-03-07T02:59:36.618+0000] {processor.py:927} WARNING - No viable dags retrieved from /home/Ashreem/airflow-env/lib/python3.12/site-packages/airflow/example_dags/subdags/subdag.py
[2025-03-07T02:59:36.632+0000] {processor.py:208} INFO - Processing /home/Ashreem/airflow-env/lib/python3.12/site-packages/airflow/example_dags/subdags/subdag.py took 0.028 seconds
[2025-03-07T02:59:57.710+0000] {processor.py:186} INFO - Started process (PID=48261) to work on /home/Ashreem/airflow-env/lib/python3.12/site-packages/airflow/example_dags/subdags/subdag.py
[2025-03-07T02:59:57.712+0000] {processor.py:914} INFO - Processing file /home/Ashreem/airflow-env/lib/python3.12/site-packages/airflow/example_dags/subdags/subdag.py for tasks to queue
[2025-03-07T02:59:57.717+0000] {logging_mixin.py:190} INFO - [2025-03-07T02:59:57.715+0000] {dagbag.py:588} INFO - Filling up the DagBag from /home/Ashreem/airflow-env/lib/python3.12/site-packages/airflow/example_dags/subdags/subdag.py
[2025-03-07T02:59:57.721+0000] {processor.py:927} WARNING - No viable dags retrieved from /home/Ashreem/airflow-env/lib/python3.12/site-packages/airflow/example_dags/subdags/subdag.py
[2025-03-07T02:59:57.775+0000] {processor.py:208} INFO - Processing /home/Ashreem/airflow-env/lib/python3.12/site-packages/airflow/example_dags/subdags/subdag.py took 0.073 seconds
[2025-03-07T03:00:10.496+0000] {processor.py:186} INFO - Started process (PID=48290) to work on /home/Ashreem/airflow-env/lib/python3.12/site-packages/airflow/example_dags/subdags/subdag.py
[2025-03-07T03:00:10.497+0000] {processor.py:914} INFO - Processing file /home/Ashreem/airflow-env/lib/python3.12/site-packages/airflow/example_dags/subdags/subdag.py for tasks to queue
[2025-03-07T03:00:10.503+0000] {logging_mixin.py:190} INFO - [2025-03-07T03:00:10.503+0000] {dagbag.py:588} INFO - Filling up the DagBag from /home/Ashreem/airflow-env/lib/python3.12/site-packages/airflow/example_dags/subdags/subdag.py
[2025-03-07T03:00:10.507+0000] {processor.py:927} WARNING - No viable dags retrieved from /home/Ashreem/airflow-env/lib/python3.12/site-packages/airflow/example_dags/subdags/subdag.py
[2025-03-07T03:00:10.519+0000] {processor.py:208} INFO - Processing /home/Ashreem/airflow-env/lib/python3.12/site-packages/airflow/example_dags/subdags/subdag.py took 0.031 seconds
[2025-03-07T03:00:43.919+0000] {processor.py:186} INFO - Started process (PID=48328) to work on /home/Ashreem/airflow-env/lib/python3.12/site-packages/airflow/example_dags/subdags/subdag.py
[2025-03-07T03:00:43.921+0000] {processor.py:914} INFO - Processing file /home/Ashreem/airflow-env/lib/python3.12/site-packages/airflow/example_dags/subdags/subdag.py for tasks to queue
[2025-03-07T03:00:43.923+0000] {logging_mixin.py:190} INFO - [2025-03-07T03:00:43.923+0000] {dagbag.py:588} INFO - Filling up the DagBag from /home/Ashreem/airflow-env/lib/python3.12/site-packages/airflow/example_dags/subdags/subdag.py
[2025-03-07T03:00:43.927+0000] {processor.py:927} WARNING - No viable dags retrieved from /home/Ashreem/airflow-env/lib/python3.12/site-packages/airflow/example_dags/subdags/subdag.py
[2025-03-07T03:00:43.940+0000] {processor.py:208} INFO - Processing /home/Ashreem/airflow-env/lib/python3.12/site-packages/airflow/example_dags/subdags/subdag.py took 0.030 seconds
[2025-03-07T03:01:16.242+0000] {processor.py:186} INFO - Started process (PID=48367) to work on /home/Ashreem/airflow-env/lib/python3.12/site-packages/airflow/example_dags/subdags/subdag.py
[2025-03-07T03:01:16.243+0000] {processor.py:914} INFO - Processing file /home/Ashreem/airflow-env/lib/python3.12/site-packages/airflow/example_dags/subdags/subdag.py for tasks to queue
[2025-03-07T03:01:16.246+0000] {logging_mixin.py:190} INFO - [2025-03-07T03:01:16.246+0000] {dagbag.py:588} INFO - Filling up the DagBag from /home/Ashreem/airflow-env/lib/python3.12/site-packages/airflow/example_dags/subdags/subdag.py
[2025-03-07T03:01:16.250+0000] {processor.py:927} WARNING - No viable dags retrieved from /home/Ashreem/airflow-env/lib/python3.12/site-packages/airflow/example_dags/subdags/subdag.py
[2025-03-07T03:01:16.263+0000] {processor.py:208} INFO - Processing /home/Ashreem/airflow-env/lib/python3.12/site-packages/airflow/example_dags/subdags/subdag.py took 0.030 seconds
[2025-03-07T03:02:17.334+0000] {processor.py:186} INFO - Started process (PID=48429) to work on /home/Ashreem/airflow-env/lib/python3.12/site-packages/airflow/example_dags/subdags/subdag.py
[2025-03-07T03:02:17.336+0000] {processor.py:914} INFO - Processing file /home/Ashreem/airflow-env/lib/python3.12/site-packages/airflow/example_dags/subdags/subdag.py for tasks to queue
[2025-03-07T03:02:17.339+0000] {logging_mixin.py:190} INFO - [2025-03-07T03:02:17.338+0000] {dagbag.py:588} INFO - Filling up the DagBag from /home/Ashreem/airflow-env/lib/python3.12/site-packages/airflow/example_dags/subdags/subdag.py
[2025-03-07T03:02:17.341+0000] {processor.py:927} WARNING - No viable dags retrieved from /home/Ashreem/airflow-env/lib/python3.12/site-packages/airflow/example_dags/subdags/subdag.py
[2025-03-07T03:02:17.356+0000] {processor.py:208} INFO - Processing /home/Ashreem/airflow-env/lib/python3.12/site-packages/airflow/example_dags/subdags/subdag.py took 0.029 seconds
[2025-03-07T03:02:48.418+0000] {processor.py:186} INFO - Started process (PID=48530) to work on /home/Ashreem/airflow-env/lib/python3.12/site-packages/airflow/example_dags/subdags/subdag.py
[2025-03-07T03:02:48.419+0000] {processor.py:914} INFO - Processing file /home/Ashreem/airflow-env/lib/python3.12/site-packages/airflow/example_dags/subdags/subdag.py for tasks to queue
[2025-03-07T03:02:48.422+0000] {logging_mixin.py:190} INFO - [2025-03-07T03:02:48.421+0000] {dagbag.py:588} INFO - Filling up the DagBag from /home/Ashreem/airflow-env/lib/python3.12/site-packages/airflow/example_dags/subdags/subdag.py
[2025-03-07T03:02:48.425+0000] {processor.py:927} WARNING - No viable dags retrieved from /home/Ashreem/airflow-env/lib/python3.12/site-packages/airflow/example_dags/subdags/subdag.py
[2025-03-07T03:02:48.440+0000] {processor.py:208} INFO - Processing /home/Ashreem/airflow-env/lib/python3.12/site-packages/airflow/example_dags/subdags/subdag.py took 0.030 seconds
[2025-03-07T03:03:27.919+0000] {processor.py:186} INFO - Started process (PID=48584) to work on /home/Ashreem/airflow-env/lib/python3.12/site-packages/airflow/example_dags/subdags/subdag.py
[2025-03-07T03:03:27.920+0000] {processor.py:914} INFO - Processing file /home/Ashreem/airflow-env/lib/python3.12/site-packages/airflow/example_dags/subdags/subdag.py for tasks to queue
[2025-03-07T03:03:27.923+0000] {logging_mixin.py:190} INFO - [2025-03-07T03:03:27.922+0000] {dagbag.py:588} INFO - Filling up the DagBag from /home/Ashreem/airflow-env/lib/python3.12/site-packages/airflow/example_dags/subdags/subdag.py
[2025-03-07T03:03:27.926+0000] {processor.py:927} WARNING - No viable dags retrieved from /home/Ashreem/airflow-env/lib/python3.12/site-packages/airflow/example_dags/subdags/subdag.py
[2025-03-07T03:03:27.939+0000] {processor.py:208} INFO - Processing /home/Ashreem/airflow-env/lib/python3.12/site-packages/airflow/example_dags/subdags/subdag.py took 0.032 seconds
[2025-03-07T03:04:29.025+0000] {processor.py:186} INFO - Started process (PID=48663) to work on /home/Ashreem/airflow-env/lib/python3.12/site-packages/airflow/example_dags/subdags/subdag.py
[2025-03-07T03:04:29.028+0000] {processor.py:914} INFO - Processing file /home/Ashreem/airflow-env/lib/python3.12/site-packages/airflow/example_dags/subdags/subdag.py for tasks to queue
[2025-03-07T03:04:29.031+0000] {logging_mixin.py:190} INFO - [2025-03-07T03:04:29.031+0000] {dagbag.py:588} INFO - Filling up the DagBag from /home/Ashreem/airflow-env/lib/python3.12/site-packages/airflow/example_dags/subdags/subdag.py
[2025-03-07T03:04:29.034+0000] {processor.py:927} WARNING - No viable dags retrieved from /home/Ashreem/airflow-env/lib/python3.12/site-packages/airflow/example_dags/subdags/subdag.py
[2025-03-07T03:04:29.050+0000] {processor.py:208} INFO - Processing /home/Ashreem/airflow-env/lib/python3.12/site-packages/airflow/example_dags/subdags/subdag.py took 0.032 seconds
[2025-03-07T03:05:01.172+0000] {processor.py:186} INFO - Started process (PID=48697) to work on /home/Ashreem/airflow-env/lib/python3.12/site-packages/airflow/example_dags/subdags/subdag.py
[2025-03-07T03:05:01.173+0000] {processor.py:914} INFO - Processing file /home/Ashreem/airflow-env/lib/python3.12/site-packages/airflow/example_dags/subdags/subdag.py for tasks to queue
[2025-03-07T03:05:01.176+0000] {logging_mixin.py:190} INFO - [2025-03-07T03:05:01.175+0000] {dagbag.py:588} INFO - Filling up the DagBag from /home/Ashreem/airflow-env/lib/python3.12/site-packages/airflow/example_dags/subdags/subdag.py
[2025-03-07T03:05:01.179+0000] {processor.py:927} WARNING - No viable dags retrieved from /home/Ashreem/airflow-env/lib/python3.12/site-packages/airflow/example_dags/subdags/subdag.py
[2025-03-07T03:05:01.194+0000] {processor.py:208} INFO - Processing /home/Ashreem/airflow-env/lib/python3.12/site-packages/airflow/example_dags/subdags/subdag.py took 0.029 seconds
[2025-03-07T03:05:31.621+0000] {processor.py:186} INFO - Started process (PID=48913) to work on /home/Ashreem/airflow-env/lib/python3.12/site-packages/airflow/example_dags/subdags/subdag.py
[2025-03-07T03:05:31.622+0000] {processor.py:914} INFO - Processing file /home/Ashreem/airflow-env/lib/python3.12/site-packages/airflow/example_dags/subdags/subdag.py for tasks to queue
[2025-03-07T03:05:31.624+0000] {logging_mixin.py:190} INFO - [2025-03-07T03:05:31.624+0000] {dagbag.py:588} INFO - Filling up the DagBag from /home/Ashreem/airflow-env/lib/python3.12/site-packages/airflow/example_dags/subdags/subdag.py
[2025-03-07T03:05:31.627+0000] {processor.py:927} WARNING - No viable dags retrieved from /home/Ashreem/airflow-env/lib/python3.12/site-packages/airflow/example_dags/subdags/subdag.py
[2025-03-07T03:05:31.644+0000] {processor.py:208} INFO - Processing /home/Ashreem/airflow-env/lib/python3.12/site-packages/airflow/example_dags/subdags/subdag.py took 0.031 seconds
[2025-03-07T03:06:03.447+0000] {processor.py:186} INFO - Started process (PID=48947) to work on /home/Ashreem/airflow-env/lib/python3.12/site-packages/airflow/example_dags/subdags/subdag.py
[2025-03-07T03:06:03.449+0000] {processor.py:914} INFO - Processing file /home/Ashreem/airflow-env/lib/python3.12/site-packages/airflow/example_dags/subdags/subdag.py for tasks to queue
[2025-03-07T03:06:03.451+0000] {logging_mixin.py:190} INFO - [2025-03-07T03:06:03.451+0000] {dagbag.py:588} INFO - Filling up the DagBag from /home/Ashreem/airflow-env/lib/python3.12/site-packages/airflow/example_dags/subdags/subdag.py
[2025-03-07T03:06:03.455+0000] {processor.py:927} WARNING - No viable dags retrieved from /home/Ashreem/airflow-env/lib/python3.12/site-packages/airflow/example_dags/subdags/subdag.py
[2025-03-07T03:06:03.471+0000] {processor.py:208} INFO - Processing /home/Ashreem/airflow-env/lib/python3.12/site-packages/airflow/example_dags/subdags/subdag.py took 0.032 seconds
[2025-03-07T03:06:39.166+0000] {processor.py:186} INFO - Started process (PID=48985) to work on /home/Ashreem/airflow-env/lib/python3.12/site-packages/airflow/example_dags/subdags/subdag.py
[2025-03-07T03:06:39.168+0000] {processor.py:914} INFO - Processing file /home/Ashreem/airflow-env/lib/python3.12/site-packages/airflow/example_dags/subdags/subdag.py for tasks to queue
[2025-03-07T03:06:39.171+0000] {logging_mixin.py:190} INFO - [2025-03-07T03:06:39.170+0000] {dagbag.py:588} INFO - Filling up the DagBag from /home/Ashreem/airflow-env/lib/python3.12/site-packages/airflow/example_dags/subdags/subdag.py
[2025-03-07T03:06:39.175+0000] {processor.py:927} WARNING - No viable dags retrieved from /home/Ashreem/airflow-env/lib/python3.12/site-packages/airflow/example_dags/subdags/subdag.py
[2025-03-07T03:06:39.190+0000] {processor.py:208} INFO - Processing /home/Ashreem/airflow-env/lib/python3.12/site-packages/airflow/example_dags/subdags/subdag.py took 0.034 seconds
[2025-03-07T03:07:43.671+0000] {processor.py:186} INFO - Started process (PID=49057) to work on /home/Ashreem/airflow-env/lib/python3.12/site-packages/airflow/example_dags/subdags/subdag.py
[2025-03-07T03:07:43.674+0000] {processor.py:914} INFO - Processing file /home/Ashreem/airflow-env/lib/python3.12/site-packages/airflow/example_dags/subdags/subdag.py for tasks to queue
[2025-03-07T03:07:43.679+0000] {logging_mixin.py:190} INFO - [2025-03-07T03:07:43.679+0000] {dagbag.py:588} INFO - Filling up the DagBag from /home/Ashreem/airflow-env/lib/python3.12/site-packages/airflow/example_dags/subdags/subdag.py
[2025-03-07T03:07:43.684+0000] {processor.py:927} WARNING - No viable dags retrieved from /home/Ashreem/airflow-env/lib/python3.12/site-packages/airflow/example_dags/subdags/subdag.py
[2025-03-07T03:07:43.702+0000] {processor.py:208} INFO - Processing /home/Ashreem/airflow-env/lib/python3.12/site-packages/airflow/example_dags/subdags/subdag.py took 0.041 seconds
[2025-03-07T03:08:44.781+0000] {processor.py:186} INFO - Started process (PID=49135) to work on /home/Ashreem/airflow-env/lib/python3.12/site-packages/airflow/example_dags/subdags/subdag.py
[2025-03-07T03:08:44.783+0000] {processor.py:914} INFO - Processing file /home/Ashreem/airflow-env/lib/python3.12/site-packages/airflow/example_dags/subdags/subdag.py for tasks to queue
[2025-03-07T03:08:44.786+0000] {logging_mixin.py:190} INFO - [2025-03-07T03:08:44.785+0000] {dagbag.py:588} INFO - Filling up the DagBag from /home/Ashreem/airflow-env/lib/python3.12/site-packages/airflow/example_dags/subdags/subdag.py
[2025-03-07T03:08:44.790+0000] {processor.py:927} WARNING - No viable dags retrieved from /home/Ashreem/airflow-env/lib/python3.12/site-packages/airflow/example_dags/subdags/subdag.py
[2025-03-07T03:08:44.803+0000] {processor.py:208} INFO - Processing /home/Ashreem/airflow-env/lib/python3.12/site-packages/airflow/example_dags/subdags/subdag.py took 0.030 seconds
[2025-03-07T03:09:16.946+0000] {processor.py:186} INFO - Started process (PID=49169) to work on /home/Ashreem/airflow-env/lib/python3.12/site-packages/airflow/example_dags/subdags/subdag.py
[2025-03-07T03:09:16.948+0000] {processor.py:914} INFO - Processing file /home/Ashreem/airflow-env/lib/python3.12/site-packages/airflow/example_dags/subdags/subdag.py for tasks to queue
[2025-03-07T03:09:16.950+0000] {logging_mixin.py:190} INFO - [2025-03-07T03:09:16.950+0000] {dagbag.py:588} INFO - Filling up the DagBag from /home/Ashreem/airflow-env/lib/python3.12/site-packages/airflow/example_dags/subdags/subdag.py
[2025-03-07T03:09:16.954+0000] {processor.py:927} WARNING - No viable dags retrieved from /home/Ashreem/airflow-env/lib/python3.12/site-packages/airflow/example_dags/subdags/subdag.py
[2025-03-07T03:09:16.969+0000] {processor.py:208} INFO - Processing /home/Ashreem/airflow-env/lib/python3.12/site-packages/airflow/example_dags/subdags/subdag.py took 0.033 seconds
[2025-03-07T03:09:47.363+0000] {processor.py:186} INFO - Started process (PID=49199) to work on /home/Ashreem/airflow-env/lib/python3.12/site-packages/airflow/example_dags/subdags/subdag.py
[2025-03-07T03:09:47.364+0000] {processor.py:914} INFO - Processing file /home/Ashreem/airflow-env/lib/python3.12/site-packages/airflow/example_dags/subdags/subdag.py for tasks to queue
[2025-03-07T03:09:47.367+0000] {logging_mixin.py:190} INFO - [2025-03-07T03:09:47.367+0000] {dagbag.py:588} INFO - Filling up the DagBag from /home/Ashreem/airflow-env/lib/python3.12/site-packages/airflow/example_dags/subdags/subdag.py
[2025-03-07T03:09:47.371+0000] {processor.py:927} WARNING - No viable dags retrieved from /home/Ashreem/airflow-env/lib/python3.12/site-packages/airflow/example_dags/subdags/subdag.py
[2025-03-07T03:09:47.388+0000] {processor.py:208} INFO - Processing /home/Ashreem/airflow-env/lib/python3.12/site-packages/airflow/example_dags/subdags/subdag.py took 0.033 seconds
