[2025-03-07T02:30:02.624+0000] {processor.py:186} INFO - Started process (PID=45960) to work on /home/Ashreem/airflow-env/lib/python3.12/site-packages/airflow/example_dags/plugins/decreasing_priority_weight_strategy.py
[2025-03-07T02:30:02.625+0000] {processor.py:914} INFO - Processing file /home/Ashreem/airflow-env/lib/python3.12/site-packages/airflow/example_dags/plugins/decreasing_priority_weight_strategy.py for tasks to queue
[2025-03-07T02:30:02.628+0000] {logging_mixin.py:190} INFO - [2025-03-07T02:30:02.627+0000] {dagbag.py:588} INFO - Filling up the DagBag from /home/Ashreem/airflow-env/lib/python3.12/site-packages/airflow/example_dags/plugins/decreasing_priority_weight_strategy.py
[2025-03-07T02:30:02.631+0000] {processor.py:927} WARNING - No viable dags retrieved from /home/Ashreem/airflow-env/lib/python3.12/site-packages/airflow/example_dags/plugins/decreasing_priority_weight_strategy.py
[2025-03-07T02:30:02.658+0000] {processor.py:208} INFO - Processing /home/Ashreem/airflow-env/lib/python3.12/site-packages/airflow/example_dags/plugins/decreasing_priority_weight_strategy.py took 0.041 seconds
[2025-03-07T02:32:50.430+0000] {processor.py:186} INFO - Started process (PID=46067) to work on /home/Ashreem/airflow-env/lib/python3.12/site-packages/airflow/example_dags/plugins/decreasing_priority_weight_strategy.py
[2025-03-07T02:32:50.432+0000] {processor.py:914} INFO - Processing file /home/Ashreem/airflow-env/lib/python3.12/site-packages/airflow/example_dags/plugins/decreasing_priority_weight_strategy.py for tasks to queue
[2025-03-07T02:32:50.435+0000] {logging_mixin.py:190} INFO - [2025-03-07T02:32:50.435+0000] {dagbag.py:588} INFO - Filling up the DagBag from /home/Ashreem/airflow-env/lib/python3.12/site-packages/airflow/example_dags/plugins/decreasing_priority_weight_strategy.py
[2025-03-07T02:32:50.438+0000] {processor.py:927} WARNING - No viable dags retrieved from /home/Ashreem/airflow-env/lib/python3.12/site-packages/airflow/example_dags/plugins/decreasing_priority_weight_strategy.py
[2025-03-07T02:32:50.451+0000] {processor.py:208} INFO - Processing /home/Ashreem/airflow-env/lib/python3.12/site-packages/airflow/example_dags/plugins/decreasing_priority_weight_strategy.py took 0.028 seconds
[2025-03-07T02:33:54.037+0000] {processor.py:186} INFO - Started process (PID=46378) to work on /home/Ashreem/airflow-env/lib/python3.12/site-packages/airflow/example_dags/plugins/decreasing_priority_weight_strategy.py
[2025-03-07T02:33:54.295+0000] {processor.py:914} INFO - Processing file /home/Ashreem/airflow-env/lib/python3.12/site-packages/airflow/example_dags/plugins/decreasing_priority_weight_strategy.py for tasks to queue
[2025-03-07T02:33:54.299+0000] {logging_mixin.py:190} INFO - [2025-03-07T02:33:54.298+0000] {dagbag.py:588} INFO - Filling up the DagBag from /home/Ashreem/airflow-env/lib/python3.12/site-packages/airflow/example_dags/plugins/decreasing_priority_weight_strategy.py
[2025-03-07T02:33:54.303+0000] {processor.py:927} WARNING - No viable dags retrieved from /home/Ashreem/airflow-env/lib/python3.12/site-packages/airflow/example_dags/plugins/decreasing_priority_weight_strategy.py
[2025-03-07T02:33:54.318+0000] {processor.py:208} INFO - Processing /home/Ashreem/airflow-env/lib/python3.12/site-packages/airflow/example_dags/plugins/decreasing_priority_weight_strategy.py took 0.295 seconds
[2025-03-07T02:34:31.108+0000] {processor.py:186} INFO - Started process (PID=46434) to work on /home/Ashreem/airflow-env/lib/python3.12/site-packages/airflow/example_dags/plugins/decreasing_priority_weight_strategy.py
[2025-03-07T02:34:31.109+0000] {processor.py:914} INFO - Processing file /home/Ashreem/airflow-env/lib/python3.12/site-packages/airflow/example_dags/plugins/decreasing_priority_weight_strategy.py for tasks to queue
[2025-03-07T02:34:31.112+0000] {logging_mixin.py:190} INFO - [2025-03-07T02:34:31.111+0000] {dagbag.py:588} INFO - Filling up the DagBag from /home/Ashreem/airflow-env/lib/python3.12/site-packages/airflow/example_dags/plugins/decreasing_priority_weight_strategy.py
[2025-03-07T02:34:31.116+0000] {processor.py:927} WARNING - No viable dags retrieved from /home/Ashreem/airflow-env/lib/python3.12/site-packages/airflow/example_dags/plugins/decreasing_priority_weight_strategy.py
[2025-03-07T02:34:31.129+0000] {processor.py:208} INFO - Processing /home/Ashreem/airflow-env/lib/python3.12/site-packages/airflow/example_dags/plugins/decreasing_priority_weight_strategy.py took 0.029 seconds
[2025-03-07T02:35:35.194+0000] {processor.py:186} INFO - Started process (PID=46499) to work on /home/Ashreem/airflow-env/lib/python3.12/site-packages/airflow/example_dags/plugins/decreasing_priority_weight_strategy.py
[2025-03-07T02:35:35.196+0000] {processor.py:914} INFO - Processing file /home/Ashreem/airflow-env/lib/python3.12/site-packages/airflow/example_dags/plugins/decreasing_priority_weight_strategy.py for tasks to queue
[2025-03-07T02:35:35.199+0000] {logging_mixin.py:190} INFO - [2025-03-07T02:35:35.199+0000] {dagbag.py:588} INFO - Filling up the DagBag from /home/Ashreem/airflow-env/lib/python3.12/site-packages/airflow/example_dags/plugins/decreasing_priority_weight_strategy.py
[2025-03-07T02:35:35.203+0000] {processor.py:927} WARNING - No viable dags retrieved from /home/Ashreem/airflow-env/lib/python3.12/site-packages/airflow/example_dags/plugins/decreasing_priority_weight_strategy.py
[2025-03-07T02:35:35.217+0000] {processor.py:208} INFO - Processing /home/Ashreem/airflow-env/lib/python3.12/site-packages/airflow/example_dags/plugins/decreasing_priority_weight_strategy.py took 0.032 seconds
[2025-03-07T02:36:09.714+0000] {processor.py:186} INFO - Started process (PID=46535) to work on /home/Ashreem/airflow-env/lib/python3.12/site-packages/airflow/example_dags/plugins/decreasing_priority_weight_strategy.py
[2025-03-07T02:36:09.716+0000] {processor.py:914} INFO - Processing file /home/Ashreem/airflow-env/lib/python3.12/site-packages/airflow/example_dags/plugins/decreasing_priority_weight_strategy.py for tasks to queue
[2025-03-07T02:36:09.718+0000] {logging_mixin.py:190} INFO - [2025-03-07T02:36:09.718+0000] {dagbag.py:588} INFO - Filling up the DagBag from /home/Ashreem/airflow-env/lib/python3.12/site-packages/airflow/example_dags/plugins/decreasing_priority_weight_strategy.py
[2025-03-07T02:36:09.722+0000] {processor.py:927} WARNING - No viable dags retrieved from /home/Ashreem/airflow-env/lib/python3.12/site-packages/airflow/example_dags/plugins/decreasing_priority_weight_strategy.py
[2025-03-07T02:36:09.735+0000] {processor.py:208} INFO - Processing /home/Ashreem/airflow-env/lib/python3.12/site-packages/airflow/example_dags/plugins/decreasing_priority_weight_strategy.py took 0.028 seconds
[2025-03-07T02:36:44.980+0000] {processor.py:186} INFO - Started process (PID=46571) to work on /home/Ashreem/airflow-env/lib/python3.12/site-packages/airflow/example_dags/plugins/decreasing_priority_weight_strategy.py
[2025-03-07T02:36:44.981+0000] {processor.py:914} INFO - Processing file /home/Ashreem/airflow-env/lib/python3.12/site-packages/airflow/example_dags/plugins/decreasing_priority_weight_strategy.py for tasks to queue
[2025-03-07T02:36:44.984+0000] {logging_mixin.py:190} INFO - [2025-03-07T02:36:44.983+0000] {dagbag.py:588} INFO - Filling up the DagBag from /home/Ashreem/airflow-env/lib/python3.12/site-packages/airflow/example_dags/plugins/decreasing_priority_weight_strategy.py
[2025-03-07T02:36:44.987+0000] {processor.py:927} WARNING - No viable dags retrieved from /home/Ashreem/airflow-env/lib/python3.12/site-packages/airflow/example_dags/plugins/decreasing_priority_weight_strategy.py
[2025-03-07T02:36:45.002+0000] {processor.py:208} INFO - Processing /home/Ashreem/airflow-env/lib/python3.12/site-packages/airflow/example_dags/plugins/decreasing_priority_weight_strategy.py took 0.029 seconds
[2025-03-07T02:37:45.709+0000] {processor.py:186} INFO - Started process (PID=46631) to work on /home/Ashreem/airflow-env/lib/python3.12/site-packages/airflow/example_dags/plugins/decreasing_priority_weight_strategy.py
[2025-03-07T02:37:45.711+0000] {processor.py:914} INFO - Processing file /home/Ashreem/airflow-env/lib/python3.12/site-packages/airflow/example_dags/plugins/decreasing_priority_weight_strategy.py for tasks to queue
[2025-03-07T02:37:45.714+0000] {logging_mixin.py:190} INFO - [2025-03-07T02:37:45.713+0000] {dagbag.py:588} INFO - Filling up the DagBag from /home/Ashreem/airflow-env/lib/python3.12/site-packages/airflow/example_dags/plugins/decreasing_priority_weight_strategy.py
[2025-03-07T02:37:45.717+0000] {processor.py:927} WARNING - No viable dags retrieved from /home/Ashreem/airflow-env/lib/python3.12/site-packages/airflow/example_dags/plugins/decreasing_priority_weight_strategy.py
[2025-03-07T02:37:45.733+0000] {processor.py:208} INFO - Processing /home/Ashreem/airflow-env/lib/python3.12/site-packages/airflow/example_dags/plugins/decreasing_priority_weight_strategy.py took 0.032 seconds
[2025-03-07T02:38:48.812+0000] {processor.py:186} INFO - Started process (PID=46701) to work on /home/Ashreem/airflow-env/lib/python3.12/site-packages/airflow/example_dags/plugins/decreasing_priority_weight_strategy.py
[2025-03-07T02:38:48.814+0000] {processor.py:914} INFO - Processing file /home/Ashreem/airflow-env/lib/python3.12/site-packages/airflow/example_dags/plugins/decreasing_priority_weight_strategy.py for tasks to queue
[2025-03-07T02:38:48.817+0000] {logging_mixin.py:190} INFO - [2025-03-07T02:38:48.816+0000] {dagbag.py:588} INFO - Filling up the DagBag from /home/Ashreem/airflow-env/lib/python3.12/site-packages/airflow/example_dags/plugins/decreasing_priority_weight_strategy.py
[2025-03-07T02:38:48.821+0000] {processor.py:927} WARNING - No viable dags retrieved from /home/Ashreem/airflow-env/lib/python3.12/site-packages/airflow/example_dags/plugins/decreasing_priority_weight_strategy.py
[2025-03-07T02:38:48.843+0000] {processor.py:208} INFO - Processing /home/Ashreem/airflow-env/lib/python3.12/site-packages/airflow/example_dags/plugins/decreasing_priority_weight_strategy.py took 0.040 seconds
[2025-03-07T02:39:52.505+0000] {processor.py:186} INFO - Started process (PID=46763) to work on /home/Ashreem/airflow-env/lib/python3.12/site-packages/airflow/example_dags/plugins/decreasing_priority_weight_strategy.py
[2025-03-07T02:39:52.506+0000] {processor.py:914} INFO - Processing file /home/Ashreem/airflow-env/lib/python3.12/site-packages/airflow/example_dags/plugins/decreasing_priority_weight_strategy.py for tasks to queue
[2025-03-07T02:39:52.509+0000] {logging_mixin.py:190} INFO - [2025-03-07T02:39:52.509+0000] {dagbag.py:588} INFO - Filling up the DagBag from /home/Ashreem/airflow-env/lib/python3.12/site-packages/airflow/example_dags/plugins/decreasing_priority_weight_strategy.py
[2025-03-07T02:39:52.513+0000] {processor.py:927} WARNING - No viable dags retrieved from /home/Ashreem/airflow-env/lib/python3.12/site-packages/airflow/example_dags/plugins/decreasing_priority_weight_strategy.py
[2025-03-07T02:39:52.529+0000] {processor.py:208} INFO - Processing /home/Ashreem/airflow-env/lib/python3.12/site-packages/airflow/example_dags/plugins/decreasing_priority_weight_strategy.py took 0.033 seconds
[2025-03-07T02:40:55.407+0000] {processor.py:186} INFO - Started process (PID=46827) to work on /home/Ashreem/airflow-env/lib/python3.12/site-packages/airflow/example_dags/plugins/decreasing_priority_weight_strategy.py
[2025-03-07T02:40:55.408+0000] {processor.py:914} INFO - Processing file /home/Ashreem/airflow-env/lib/python3.12/site-packages/airflow/example_dags/plugins/decreasing_priority_weight_strategy.py for tasks to queue
[2025-03-07T02:40:55.411+0000] {logging_mixin.py:190} INFO - [2025-03-07T02:40:55.411+0000] {dagbag.py:588} INFO - Filling up the DagBag from /home/Ashreem/airflow-env/lib/python3.12/site-packages/airflow/example_dags/plugins/decreasing_priority_weight_strategy.py
[2025-03-07T02:40:55.415+0000] {processor.py:927} WARNING - No viable dags retrieved from /home/Ashreem/airflow-env/lib/python3.12/site-packages/airflow/example_dags/plugins/decreasing_priority_weight_strategy.py
[2025-03-07T02:40:55.429+0000] {processor.py:208} INFO - Processing /home/Ashreem/airflow-env/lib/python3.12/site-packages/airflow/example_dags/plugins/decreasing_priority_weight_strategy.py took 0.031 seconds
[2025-03-07T02:41:58.193+0000] {processor.py:186} INFO - Started process (PID=46890) to work on /home/Ashreem/airflow-env/lib/python3.12/site-packages/airflow/example_dags/plugins/decreasing_priority_weight_strategy.py
[2025-03-07T02:41:58.194+0000] {processor.py:914} INFO - Processing file /home/Ashreem/airflow-env/lib/python3.12/site-packages/airflow/example_dags/plugins/decreasing_priority_weight_strategy.py for tasks to queue
[2025-03-07T02:41:58.197+0000] {logging_mixin.py:190} INFO - [2025-03-07T02:41:58.197+0000] {dagbag.py:588} INFO - Filling up the DagBag from /home/Ashreem/airflow-env/lib/python3.12/site-packages/airflow/example_dags/plugins/decreasing_priority_weight_strategy.py
[2025-03-07T02:41:58.201+0000] {processor.py:927} WARNING - No viable dags retrieved from /home/Ashreem/airflow-env/lib/python3.12/site-packages/airflow/example_dags/plugins/decreasing_priority_weight_strategy.py
[2025-03-07T02:41:58.214+0000] {processor.py:208} INFO - Processing /home/Ashreem/airflow-env/lib/python3.12/site-packages/airflow/example_dags/plugins/decreasing_priority_weight_strategy.py took 0.029 seconds
[2025-03-07T02:42:32.664+0000] {processor.py:186} INFO - Started process (PID=46924) to work on /home/Ashreem/airflow-env/lib/python3.12/site-packages/airflow/example_dags/plugins/decreasing_priority_weight_strategy.py
[2025-03-07T02:42:32.665+0000] {processor.py:914} INFO - Processing file /home/Ashreem/airflow-env/lib/python3.12/site-packages/airflow/example_dags/plugins/decreasing_priority_weight_strategy.py for tasks to queue
[2025-03-07T02:42:32.668+0000] {logging_mixin.py:190} INFO - [2025-03-07T02:42:32.667+0000] {dagbag.py:588} INFO - Filling up the DagBag from /home/Ashreem/airflow-env/lib/python3.12/site-packages/airflow/example_dags/plugins/decreasing_priority_weight_strategy.py
[2025-03-07T02:42:32.671+0000] {processor.py:927} WARNING - No viable dags retrieved from /home/Ashreem/airflow-env/lib/python3.12/site-packages/airflow/example_dags/plugins/decreasing_priority_weight_strategy.py
[2025-03-07T02:42:32.684+0000] {processor.py:208} INFO - Processing /home/Ashreem/airflow-env/lib/python3.12/site-packages/airflow/example_dags/plugins/decreasing_priority_weight_strategy.py took 0.028 seconds
[2025-03-07T02:43:36.195+0000] {processor.py:186} INFO - Started process (PID=46996) to work on /home/Ashreem/airflow-env/lib/python3.12/site-packages/airflow/example_dags/plugins/decreasing_priority_weight_strategy.py
[2025-03-07T02:43:36.197+0000] {processor.py:914} INFO - Processing file /home/Ashreem/airflow-env/lib/python3.12/site-packages/airflow/example_dags/plugins/decreasing_priority_weight_strategy.py for tasks to queue
[2025-03-07T02:43:36.200+0000] {logging_mixin.py:190} INFO - [2025-03-07T02:43:36.199+0000] {dagbag.py:588} INFO - Filling up the DagBag from /home/Ashreem/airflow-env/lib/python3.12/site-packages/airflow/example_dags/plugins/decreasing_priority_weight_strategy.py
[2025-03-07T02:43:36.203+0000] {processor.py:927} WARNING - No viable dags retrieved from /home/Ashreem/airflow-env/lib/python3.12/site-packages/airflow/example_dags/plugins/decreasing_priority_weight_strategy.py
[2025-03-07T02:43:36.219+0000] {processor.py:208} INFO - Processing /home/Ashreem/airflow-env/lib/python3.12/site-packages/airflow/example_dags/plugins/decreasing_priority_weight_strategy.py took 0.032 seconds
[2025-03-07T02:44:38.059+0000] {processor.py:186} INFO - Started process (PID=47076) to work on /home/Ashreem/airflow-env/lib/python3.12/site-packages/airflow/example_dags/plugins/decreasing_priority_weight_strategy.py
[2025-03-07T02:44:38.060+0000] {processor.py:914} INFO - Processing file /home/Ashreem/airflow-env/lib/python3.12/site-packages/airflow/example_dags/plugins/decreasing_priority_weight_strategy.py for tasks to queue
[2025-03-07T02:44:38.063+0000] {logging_mixin.py:190} INFO - [2025-03-07T02:44:38.062+0000] {dagbag.py:588} INFO - Filling up the DagBag from /home/Ashreem/airflow-env/lib/python3.12/site-packages/airflow/example_dags/plugins/decreasing_priority_weight_strategy.py
[2025-03-07T02:44:38.066+0000] {processor.py:927} WARNING - No viable dags retrieved from /home/Ashreem/airflow-env/lib/python3.12/site-packages/airflow/example_dags/plugins/decreasing_priority_weight_strategy.py
[2025-03-07T02:44:38.080+0000] {processor.py:208} INFO - Processing /home/Ashreem/airflow-env/lib/python3.12/site-packages/airflow/example_dags/plugins/decreasing_priority_weight_strategy.py took 0.028 seconds
[2025-03-07T02:45:41.723+0000] {processor.py:186} INFO - Started process (PID=47145) to work on /home/Ashreem/airflow-env/lib/python3.12/site-packages/airflow/example_dags/plugins/decreasing_priority_weight_strategy.py
[2025-03-07T02:45:41.724+0000] {processor.py:914} INFO - Processing file /home/Ashreem/airflow-env/lib/python3.12/site-packages/airflow/example_dags/plugins/decreasing_priority_weight_strategy.py for tasks to queue
[2025-03-07T02:45:41.727+0000] {logging_mixin.py:190} INFO - [2025-03-07T02:45:41.727+0000] {dagbag.py:588} INFO - Filling up the DagBag from /home/Ashreem/airflow-env/lib/python3.12/site-packages/airflow/example_dags/plugins/decreasing_priority_weight_strategy.py
[2025-03-07T02:45:41.730+0000] {processor.py:927} WARNING - No viable dags retrieved from /home/Ashreem/airflow-env/lib/python3.12/site-packages/airflow/example_dags/plugins/decreasing_priority_weight_strategy.py
[2025-03-07T02:45:41.744+0000] {processor.py:208} INFO - Processing /home/Ashreem/airflow-env/lib/python3.12/site-packages/airflow/example_dags/plugins/decreasing_priority_weight_strategy.py took 0.030 seconds
[2025-03-07T02:46:44.674+0000] {processor.py:186} INFO - Started process (PID=47207) to work on /home/Ashreem/airflow-env/lib/python3.12/site-packages/airflow/example_dags/plugins/decreasing_priority_weight_strategy.py
[2025-03-07T02:46:44.676+0000] {processor.py:914} INFO - Processing file /home/Ashreem/airflow-env/lib/python3.12/site-packages/airflow/example_dags/plugins/decreasing_priority_weight_strategy.py for tasks to queue
[2025-03-07T02:46:44.678+0000] {logging_mixin.py:190} INFO - [2025-03-07T02:46:44.678+0000] {dagbag.py:588} INFO - Filling up the DagBag from /home/Ashreem/airflow-env/lib/python3.12/site-packages/airflow/example_dags/plugins/decreasing_priority_weight_strategy.py
[2025-03-07T02:46:44.682+0000] {processor.py:927} WARNING - No viable dags retrieved from /home/Ashreem/airflow-env/lib/python3.12/site-packages/airflow/example_dags/plugins/decreasing_priority_weight_strategy.py
[2025-03-07T02:46:44.696+0000] {processor.py:208} INFO - Processing /home/Ashreem/airflow-env/lib/python3.12/site-packages/airflow/example_dags/plugins/decreasing_priority_weight_strategy.py took 0.029 seconds
[2025-03-07T02:47:47.913+0000] {processor.py:186} INFO - Started process (PID=47268) to work on /home/Ashreem/airflow-env/lib/python3.12/site-packages/airflow/example_dags/plugins/decreasing_priority_weight_strategy.py
[2025-03-07T02:47:47.915+0000] {processor.py:914} INFO - Processing file /home/Ashreem/airflow-env/lib/python3.12/site-packages/airflow/example_dags/plugins/decreasing_priority_weight_strategy.py for tasks to queue
[2025-03-07T02:47:47.918+0000] {logging_mixin.py:190} INFO - [2025-03-07T02:47:47.917+0000] {dagbag.py:588} INFO - Filling up the DagBag from /home/Ashreem/airflow-env/lib/python3.12/site-packages/airflow/example_dags/plugins/decreasing_priority_weight_strategy.py
[2025-03-07T02:47:47.921+0000] {processor.py:927} WARNING - No viable dags retrieved from /home/Ashreem/airflow-env/lib/python3.12/site-packages/airflow/example_dags/plugins/decreasing_priority_weight_strategy.py
[2025-03-07T02:47:47.933+0000] {processor.py:208} INFO - Processing /home/Ashreem/airflow-env/lib/python3.12/site-packages/airflow/example_dags/plugins/decreasing_priority_weight_strategy.py took 0.028 seconds
[2025-03-07T02:48:24.602+0000] {processor.py:186} INFO - Started process (PID=47305) to work on /home/Ashreem/airflow-env/lib/python3.12/site-packages/airflow/example_dags/plugins/decreasing_priority_weight_strategy.py
[2025-03-07T02:48:24.603+0000] {processor.py:914} INFO - Processing file /home/Ashreem/airflow-env/lib/python3.12/site-packages/airflow/example_dags/plugins/decreasing_priority_weight_strategy.py for tasks to queue
[2025-03-07T02:48:24.606+0000] {logging_mixin.py:190} INFO - [2025-03-07T02:48:24.606+0000] {dagbag.py:588} INFO - Filling up the DagBag from /home/Ashreem/airflow-env/lib/python3.12/site-packages/airflow/example_dags/plugins/decreasing_priority_weight_strategy.py
[2025-03-07T02:48:24.609+0000] {processor.py:927} WARNING - No viable dags retrieved from /home/Ashreem/airflow-env/lib/python3.12/site-packages/airflow/example_dags/plugins/decreasing_priority_weight_strategy.py
[2025-03-07T02:48:24.621+0000] {processor.py:208} INFO - Processing /home/Ashreem/airflow-env/lib/python3.12/site-packages/airflow/example_dags/plugins/decreasing_priority_weight_strategy.py took 0.028 seconds
[2025-03-07T02:48:59.769+0000] {processor.py:186} INFO - Started process (PID=47349) to work on /home/Ashreem/airflow-env/lib/python3.12/site-packages/airflow/example_dags/plugins/decreasing_priority_weight_strategy.py
[2025-03-07T02:48:59.772+0000] {processor.py:914} INFO - Processing file /home/Ashreem/airflow-env/lib/python3.12/site-packages/airflow/example_dags/plugins/decreasing_priority_weight_strategy.py for tasks to queue
[2025-03-07T02:48:59.774+0000] {logging_mixin.py:190} INFO - [2025-03-07T02:48:59.774+0000] {dagbag.py:588} INFO - Filling up the DagBag from /home/Ashreem/airflow-env/lib/python3.12/site-packages/airflow/example_dags/plugins/decreasing_priority_weight_strategy.py
[2025-03-07T02:48:59.778+0000] {processor.py:927} WARNING - No viable dags retrieved from /home/Ashreem/airflow-env/lib/python3.12/site-packages/airflow/example_dags/plugins/decreasing_priority_weight_strategy.py
[2025-03-07T02:48:59.792+0000] {processor.py:208} INFO - Processing /home/Ashreem/airflow-env/lib/python3.12/site-packages/airflow/example_dags/plugins/decreasing_priority_weight_strategy.py took 0.031 seconds
[2025-03-07T02:50:05.385+0000] {processor.py:186} INFO - Started process (PID=47421) to work on /home/Ashreem/airflow-env/lib/python3.12/site-packages/airflow/example_dags/plugins/decreasing_priority_weight_strategy.py
[2025-03-07T02:50:05.388+0000] {processor.py:914} INFO - Processing file /home/Ashreem/airflow-env/lib/python3.12/site-packages/airflow/example_dags/plugins/decreasing_priority_weight_strategy.py for tasks to queue
[2025-03-07T02:50:05.390+0000] {logging_mixin.py:190} INFO - [2025-03-07T02:50:05.390+0000] {dagbag.py:588} INFO - Filling up the DagBag from /home/Ashreem/airflow-env/lib/python3.12/site-packages/airflow/example_dags/plugins/decreasing_priority_weight_strategy.py
[2025-03-07T02:50:05.394+0000] {processor.py:927} WARNING - No viable dags retrieved from /home/Ashreem/airflow-env/lib/python3.12/site-packages/airflow/example_dags/plugins/decreasing_priority_weight_strategy.py
[2025-03-07T02:50:05.408+0000] {processor.py:208} INFO - Processing /home/Ashreem/airflow-env/lib/python3.12/site-packages/airflow/example_dags/plugins/decreasing_priority_weight_strategy.py took 0.030 seconds
[2025-03-07T02:51:04.384+0000] {processor.py:186} INFO - Started process (PID=47487) to work on /home/Ashreem/airflow-env/lib/python3.12/site-packages/airflow/example_dags/plugins/decreasing_priority_weight_strategy.py
[2025-03-07T02:51:04.385+0000] {processor.py:914} INFO - Processing file /home/Ashreem/airflow-env/lib/python3.12/site-packages/airflow/example_dags/plugins/decreasing_priority_weight_strategy.py for tasks to queue
[2025-03-07T02:51:04.388+0000] {logging_mixin.py:190} INFO - [2025-03-07T02:51:04.387+0000] {dagbag.py:588} INFO - Filling up the DagBag from /home/Ashreem/airflow-env/lib/python3.12/site-packages/airflow/example_dags/plugins/decreasing_priority_weight_strategy.py
[2025-03-07T02:51:04.391+0000] {processor.py:927} WARNING - No viable dags retrieved from /home/Ashreem/airflow-env/lib/python3.12/site-packages/airflow/example_dags/plugins/decreasing_priority_weight_strategy.py
[2025-03-07T02:51:04.404+0000] {processor.py:208} INFO - Processing /home/Ashreem/airflow-env/lib/python3.12/site-packages/airflow/example_dags/plugins/decreasing_priority_weight_strategy.py took 0.027 seconds
[2025-03-07T02:52:10.053+0000] {processor.py:186} INFO - Started process (PID=47553) to work on /home/Ashreem/airflow-env/lib/python3.12/site-packages/airflow/example_dags/plugins/decreasing_priority_weight_strategy.py
[2025-03-07T02:52:10.054+0000] {processor.py:914} INFO - Processing file /home/Ashreem/airflow-env/lib/python3.12/site-packages/airflow/example_dags/plugins/decreasing_priority_weight_strategy.py for tasks to queue
[2025-03-07T02:52:10.057+0000] {logging_mixin.py:190} INFO - [2025-03-07T02:52:10.056+0000] {dagbag.py:588} INFO - Filling up the DagBag from /home/Ashreem/airflow-env/lib/python3.12/site-packages/airflow/example_dags/plugins/decreasing_priority_weight_strategy.py
[2025-03-07T02:52:10.060+0000] {processor.py:927} WARNING - No viable dags retrieved from /home/Ashreem/airflow-env/lib/python3.12/site-packages/airflow/example_dags/plugins/decreasing_priority_weight_strategy.py
[2025-03-07T02:52:10.074+0000] {processor.py:208} INFO - Processing /home/Ashreem/airflow-env/lib/python3.12/site-packages/airflow/example_dags/plugins/decreasing_priority_weight_strategy.py took 0.030 seconds
[2025-03-07T02:52:44.915+0000] {processor.py:186} INFO - Started process (PID=47588) to work on /home/Ashreem/airflow-env/lib/python3.12/site-packages/airflow/example_dags/plugins/decreasing_priority_weight_strategy.py
[2025-03-07T02:52:44.917+0000] {processor.py:914} INFO - Processing file /home/Ashreem/airflow-env/lib/python3.12/site-packages/airflow/example_dags/plugins/decreasing_priority_weight_strategy.py for tasks to queue
[2025-03-07T02:52:44.920+0000] {logging_mixin.py:190} INFO - [2025-03-07T02:52:44.919+0000] {dagbag.py:588} INFO - Filling up the DagBag from /home/Ashreem/airflow-env/lib/python3.12/site-packages/airflow/example_dags/plugins/decreasing_priority_weight_strategy.py
[2025-03-07T02:52:44.923+0000] {processor.py:927} WARNING - No viable dags retrieved from /home/Ashreem/airflow-env/lib/python3.12/site-packages/airflow/example_dags/plugins/decreasing_priority_weight_strategy.py
[2025-03-07T02:52:44.938+0000] {processor.py:208} INFO - Processing /home/Ashreem/airflow-env/lib/python3.12/site-packages/airflow/example_dags/plugins/decreasing_priority_weight_strategy.py took 0.030 seconds
[2025-03-07T02:53:45.255+0000] {processor.py:186} INFO - Started process (PID=47652) to work on /home/Ashreem/airflow-env/lib/python3.12/site-packages/airflow/example_dags/plugins/decreasing_priority_weight_strategy.py
[2025-03-07T02:53:45.258+0000] {processor.py:914} INFO - Processing file /home/Ashreem/airflow-env/lib/python3.12/site-packages/airflow/example_dags/plugins/decreasing_priority_weight_strategy.py for tasks to queue
[2025-03-07T02:53:45.260+0000] {logging_mixin.py:190} INFO - [2025-03-07T02:53:45.260+0000] {dagbag.py:588} INFO - Filling up the DagBag from /home/Ashreem/airflow-env/lib/python3.12/site-packages/airflow/example_dags/plugins/decreasing_priority_weight_strategy.py
[2025-03-07T02:53:45.263+0000] {processor.py:927} WARNING - No viable dags retrieved from /home/Ashreem/airflow-env/lib/python3.12/site-packages/airflow/example_dags/plugins/decreasing_priority_weight_strategy.py
[2025-03-07T02:53:45.282+0000] {processor.py:208} INFO - Processing /home/Ashreem/airflow-env/lib/python3.12/site-packages/airflow/example_dags/plugins/decreasing_priority_weight_strategy.py took 0.035 seconds
[2025-03-07T02:54:47.552+0000] {processor.py:186} INFO - Started process (PID=47713) to work on /home/Ashreem/airflow-env/lib/python3.12/site-packages/airflow/example_dags/plugins/decreasing_priority_weight_strategy.py
[2025-03-07T02:54:47.554+0000] {processor.py:914} INFO - Processing file /home/Ashreem/airflow-env/lib/python3.12/site-packages/airflow/example_dags/plugins/decreasing_priority_weight_strategy.py for tasks to queue
[2025-03-07T02:54:47.556+0000] {logging_mixin.py:190} INFO - [2025-03-07T02:54:47.556+0000] {dagbag.py:588} INFO - Filling up the DagBag from /home/Ashreem/airflow-env/lib/python3.12/site-packages/airflow/example_dags/plugins/decreasing_priority_weight_strategy.py
[2025-03-07T02:54:47.560+0000] {processor.py:927} WARNING - No viable dags retrieved from /home/Ashreem/airflow-env/lib/python3.12/site-packages/airflow/example_dags/plugins/decreasing_priority_weight_strategy.py
[2025-03-07T02:54:47.572+0000] {processor.py:208} INFO - Processing /home/Ashreem/airflow-env/lib/python3.12/site-packages/airflow/example_dags/plugins/decreasing_priority_weight_strategy.py took 0.028 seconds
[2025-03-07T02:55:49.385+0000] {processor.py:186} INFO - Started process (PID=47845) to work on /home/Ashreem/airflow-env/lib/python3.12/site-packages/airflow/example_dags/plugins/decreasing_priority_weight_strategy.py
[2025-03-07T02:55:49.387+0000] {processor.py:914} INFO - Processing file /home/Ashreem/airflow-env/lib/python3.12/site-packages/airflow/example_dags/plugins/decreasing_priority_weight_strategy.py for tasks to queue
[2025-03-07T02:55:49.389+0000] {logging_mixin.py:190} INFO - [2025-03-07T02:55:49.389+0000] {dagbag.py:588} INFO - Filling up the DagBag from /home/Ashreem/airflow-env/lib/python3.12/site-packages/airflow/example_dags/plugins/decreasing_priority_weight_strategy.py
[2025-03-07T02:55:49.393+0000] {processor.py:927} WARNING - No viable dags retrieved from /home/Ashreem/airflow-env/lib/python3.12/site-packages/airflow/example_dags/plugins/decreasing_priority_weight_strategy.py
[2025-03-07T02:55:49.408+0000] {processor.py:208} INFO - Processing /home/Ashreem/airflow-env/lib/python3.12/site-packages/airflow/example_dags/plugins/decreasing_priority_weight_strategy.py took 0.032 seconds
[2025-03-07T02:56:15.481+0000] {processor.py:186} INFO - Started process (PID=47902) to work on /home/Ashreem/airflow-env/lib/python3.12/site-packages/airflow/example_dags/plugins/decreasing_priority_weight_strategy.py
[2025-03-07T02:56:15.482+0000] {processor.py:914} INFO - Processing file /home/Ashreem/airflow-env/lib/python3.12/site-packages/airflow/example_dags/plugins/decreasing_priority_weight_strategy.py for tasks to queue
[2025-03-07T02:56:15.485+0000] {logging_mixin.py:190} INFO - [2025-03-07T02:56:15.485+0000] {dagbag.py:588} INFO - Filling up the DagBag from /home/Ashreem/airflow-env/lib/python3.12/site-packages/airflow/example_dags/plugins/decreasing_priority_weight_strategy.py
[2025-03-07T02:56:15.488+0000] {processor.py:927} WARNING - No viable dags retrieved from /home/Ashreem/airflow-env/lib/python3.12/site-packages/airflow/example_dags/plugins/decreasing_priority_weight_strategy.py
[2025-03-07T02:56:15.503+0000] {processor.py:208} INFO - Processing /home/Ashreem/airflow-env/lib/python3.12/site-packages/airflow/example_dags/plugins/decreasing_priority_weight_strategy.py took 0.031 seconds
[2025-03-07T02:56:24.378+0000] {processor.py:186} INFO - Started process (PID=47918) to work on /home/Ashreem/airflow-env/lib/python3.12/site-packages/airflow/example_dags/plugins/decreasing_priority_weight_strategy.py
[2025-03-07T02:56:24.380+0000] {processor.py:914} INFO - Processing file /home/Ashreem/airflow-env/lib/python3.12/site-packages/airflow/example_dags/plugins/decreasing_priority_weight_strategy.py for tasks to queue
[2025-03-07T02:56:24.382+0000] {logging_mixin.py:190} INFO - [2025-03-07T02:56:24.382+0000] {dagbag.py:588} INFO - Filling up the DagBag from /home/Ashreem/airflow-env/lib/python3.12/site-packages/airflow/example_dags/plugins/decreasing_priority_weight_strategy.py
[2025-03-07T02:56:24.386+0000] {processor.py:927} WARNING - No viable dags retrieved from /home/Ashreem/airflow-env/lib/python3.12/site-packages/airflow/example_dags/plugins/decreasing_priority_weight_strategy.py
[2025-03-07T02:56:24.402+0000] {processor.py:208} INFO - Processing /home/Ashreem/airflow-env/lib/python3.12/site-packages/airflow/example_dags/plugins/decreasing_priority_weight_strategy.py took 0.032 seconds
[2025-03-07T02:57:28.457+0000] {processor.py:186} INFO - Started process (PID=48030) to work on /home/Ashreem/airflow-env/lib/python3.12/site-packages/airflow/example_dags/plugins/decreasing_priority_weight_strategy.py
[2025-03-07T02:57:28.459+0000] {processor.py:914} INFO - Processing file /home/Ashreem/airflow-env/lib/python3.12/site-packages/airflow/example_dags/plugins/decreasing_priority_weight_strategy.py for tasks to queue
[2025-03-07T02:57:28.461+0000] {logging_mixin.py:190} INFO - [2025-03-07T02:57:28.461+0000] {dagbag.py:588} INFO - Filling up the DagBag from /home/Ashreem/airflow-env/lib/python3.12/site-packages/airflow/example_dags/plugins/decreasing_priority_weight_strategy.py
[2025-03-07T02:57:28.465+0000] {processor.py:927} WARNING - No viable dags retrieved from /home/Ashreem/airflow-env/lib/python3.12/site-packages/airflow/example_dags/plugins/decreasing_priority_weight_strategy.py
[2025-03-07T02:57:28.480+0000] {processor.py:208} INFO - Processing /home/Ashreem/airflow-env/lib/python3.12/site-packages/airflow/example_dags/plugins/decreasing_priority_weight_strategy.py took 0.032 seconds
[2025-03-07T02:58:33.851+0000] {processor.py:186} INFO - Started process (PID=48101) to work on /home/Ashreem/airflow-env/lib/python3.12/site-packages/airflow/example_dags/plugins/decreasing_priority_weight_strategy.py
[2025-03-07T02:58:33.855+0000] {processor.py:914} INFO - Processing file /home/Ashreem/airflow-env/lib/python3.12/site-packages/airflow/example_dags/plugins/decreasing_priority_weight_strategy.py for tasks to queue
[2025-03-07T02:58:33.860+0000] {logging_mixin.py:190} INFO - [2025-03-07T02:58:33.859+0000] {dagbag.py:588} INFO - Filling up the DagBag from /home/Ashreem/airflow-env/lib/python3.12/site-packages/airflow/example_dags/plugins/decreasing_priority_weight_strategy.py
[2025-03-07T02:58:33.863+0000] {processor.py:927} WARNING - No viable dags retrieved from /home/Ashreem/airflow-env/lib/python3.12/site-packages/airflow/example_dags/plugins/decreasing_priority_weight_strategy.py
[2025-03-07T02:58:33.880+0000] {processor.py:208} INFO - Processing /home/Ashreem/airflow-env/lib/python3.12/site-packages/airflow/example_dags/plugins/decreasing_priority_weight_strategy.py took 0.037 seconds
[2025-03-07T02:59:11.418+0000] {processor.py:186} INFO - Started process (PID=48176) to work on /home/Ashreem/airflow-env/lib/python3.12/site-packages/airflow/example_dags/plugins/decreasing_priority_weight_strategy.py
[2025-03-07T02:59:11.420+0000] {processor.py:914} INFO - Processing file /home/Ashreem/airflow-env/lib/python3.12/site-packages/airflow/example_dags/plugins/decreasing_priority_weight_strategy.py for tasks to queue
[2025-03-07T02:59:11.423+0000] {logging_mixin.py:190} INFO - [2025-03-07T02:59:11.423+0000] {dagbag.py:588} INFO - Filling up the DagBag from /home/Ashreem/airflow-env/lib/python3.12/site-packages/airflow/example_dags/plugins/decreasing_priority_weight_strategy.py
[2025-03-07T02:59:11.426+0000] {processor.py:927} WARNING - No viable dags retrieved from /home/Ashreem/airflow-env/lib/python3.12/site-packages/airflow/example_dags/plugins/decreasing_priority_weight_strategy.py
[2025-03-07T02:59:11.440+0000] {processor.py:208} INFO - Processing /home/Ashreem/airflow-env/lib/python3.12/site-packages/airflow/example_dags/plugins/decreasing_priority_weight_strategy.py took 0.029 seconds
[2025-03-07T02:59:40.212+0000] {processor.py:186} INFO - Started process (PID=48219) to work on /home/Ashreem/airflow-env/lib/python3.12/site-packages/airflow/example_dags/plugins/decreasing_priority_weight_strategy.py
[2025-03-07T02:59:40.213+0000] {processor.py:914} INFO - Processing file /home/Ashreem/airflow-env/lib/python3.12/site-packages/airflow/example_dags/plugins/decreasing_priority_weight_strategy.py for tasks to queue
[2025-03-07T02:59:40.215+0000] {logging_mixin.py:190} INFO - [2025-03-07T02:59:40.215+0000] {dagbag.py:588} INFO - Filling up the DagBag from /home/Ashreem/airflow-env/lib/python3.12/site-packages/airflow/example_dags/plugins/decreasing_priority_weight_strategy.py
[2025-03-07T02:59:40.218+0000] {processor.py:927} WARNING - No viable dags retrieved from /home/Ashreem/airflow-env/lib/python3.12/site-packages/airflow/example_dags/plugins/decreasing_priority_weight_strategy.py
[2025-03-07T02:59:40.231+0000] {processor.py:208} INFO - Processing /home/Ashreem/airflow-env/lib/python3.12/site-packages/airflow/example_dags/plugins/decreasing_priority_weight_strategy.py took 0.027 seconds
[2025-03-07T03:00:02.445+0000] {processor.py:186} INFO - Started process (PID=48273) to work on /home/Ashreem/airflow-env/lib/python3.12/site-packages/airflow/example_dags/plugins/decreasing_priority_weight_strategy.py
[2025-03-07T03:00:02.447+0000] {processor.py:914} INFO - Processing file /home/Ashreem/airflow-env/lib/python3.12/site-packages/airflow/example_dags/plugins/decreasing_priority_weight_strategy.py for tasks to queue
[2025-03-07T03:00:02.450+0000] {logging_mixin.py:190} INFO - [2025-03-07T03:00:02.449+0000] {dagbag.py:588} INFO - Filling up the DagBag from /home/Ashreem/airflow-env/lib/python3.12/site-packages/airflow/example_dags/plugins/decreasing_priority_weight_strategy.py
[2025-03-07T03:00:02.454+0000] {processor.py:927} WARNING - No viable dags retrieved from /home/Ashreem/airflow-env/lib/python3.12/site-packages/airflow/example_dags/plugins/decreasing_priority_weight_strategy.py
[2025-03-07T03:00:02.468+0000] {processor.py:208} INFO - Processing /home/Ashreem/airflow-env/lib/python3.12/site-packages/airflow/example_dags/plugins/decreasing_priority_weight_strategy.py took 0.031 seconds
[2025-03-07T03:00:13.246+0000] {processor.py:186} INFO - Started process (PID=48296) to work on /home/Ashreem/airflow-env/lib/python3.12/site-packages/airflow/example_dags/plugins/decreasing_priority_weight_strategy.py
[2025-03-07T03:00:13.247+0000] {processor.py:914} INFO - Processing file /home/Ashreem/airflow-env/lib/python3.12/site-packages/airflow/example_dags/plugins/decreasing_priority_weight_strategy.py for tasks to queue
[2025-03-07T03:00:13.250+0000] {logging_mixin.py:190} INFO - [2025-03-07T03:00:13.250+0000] {dagbag.py:588} INFO - Filling up the DagBag from /home/Ashreem/airflow-env/lib/python3.12/site-packages/airflow/example_dags/plugins/decreasing_priority_weight_strategy.py
[2025-03-07T03:00:13.254+0000] {processor.py:927} WARNING - No viable dags retrieved from /home/Ashreem/airflow-env/lib/python3.12/site-packages/airflow/example_dags/plugins/decreasing_priority_weight_strategy.py
[2025-03-07T03:00:13.266+0000] {processor.py:208} INFO - Processing /home/Ashreem/airflow-env/lib/python3.12/site-packages/airflow/example_dags/plugins/decreasing_priority_weight_strategy.py took 0.027 seconds
[2025-03-07T03:00:48.521+0000] {processor.py:186} INFO - Started process (PID=48332) to work on /home/Ashreem/airflow-env/lib/python3.12/site-packages/airflow/example_dags/plugins/decreasing_priority_weight_strategy.py
[2025-03-07T03:00:48.523+0000] {processor.py:914} INFO - Processing file /home/Ashreem/airflow-env/lib/python3.12/site-packages/airflow/example_dags/plugins/decreasing_priority_weight_strategy.py for tasks to queue
[2025-03-07T03:00:48.526+0000] {logging_mixin.py:190} INFO - [2025-03-07T03:00:48.525+0000] {dagbag.py:588} INFO - Filling up the DagBag from /home/Ashreem/airflow-env/lib/python3.12/site-packages/airflow/example_dags/plugins/decreasing_priority_weight_strategy.py
[2025-03-07T03:00:48.529+0000] {processor.py:927} WARNING - No viable dags retrieved from /home/Ashreem/airflow-env/lib/python3.12/site-packages/airflow/example_dags/plugins/decreasing_priority_weight_strategy.py
[2025-03-07T03:00:48.544+0000] {processor.py:208} INFO - Processing /home/Ashreem/airflow-env/lib/python3.12/site-packages/airflow/example_dags/plugins/decreasing_priority_weight_strategy.py took 0.030 seconds
[2025-03-07T03:01:47.491+0000] {processor.py:186} INFO - Started process (PID=48398) to work on /home/Ashreem/airflow-env/lib/python3.12/site-packages/airflow/example_dags/plugins/decreasing_priority_weight_strategy.py
[2025-03-07T03:01:47.492+0000] {processor.py:914} INFO - Processing file /home/Ashreem/airflow-env/lib/python3.12/site-packages/airflow/example_dags/plugins/decreasing_priority_weight_strategy.py for tasks to queue
[2025-03-07T03:01:47.495+0000] {logging_mixin.py:190} INFO - [2025-03-07T03:01:47.495+0000] {dagbag.py:588} INFO - Filling up the DagBag from /home/Ashreem/airflow-env/lib/python3.12/site-packages/airflow/example_dags/plugins/decreasing_priority_weight_strategy.py
[2025-03-07T03:01:47.499+0000] {processor.py:927} WARNING - No viable dags retrieved from /home/Ashreem/airflow-env/lib/python3.12/site-packages/airflow/example_dags/plugins/decreasing_priority_weight_strategy.py
[2025-03-07T03:01:47.513+0000] {processor.py:208} INFO - Processing /home/Ashreem/airflow-env/lib/python3.12/site-packages/airflow/example_dags/plugins/decreasing_priority_weight_strategy.py took 0.031 seconds
[2025-03-07T03:02:48.997+0000] {processor.py:186} INFO - Started process (PID=48531) to work on /home/Ashreem/airflow-env/lib/python3.12/site-packages/airflow/example_dags/plugins/decreasing_priority_weight_strategy.py
[2025-03-07T03:02:48.999+0000] {processor.py:914} INFO - Processing file /home/Ashreem/airflow-env/lib/python3.12/site-packages/airflow/example_dags/plugins/decreasing_priority_weight_strategy.py for tasks to queue
[2025-03-07T03:02:49.002+0000] {logging_mixin.py:190} INFO - [2025-03-07T03:02:49.001+0000] {dagbag.py:588} INFO - Filling up the DagBag from /home/Ashreem/airflow-env/lib/python3.12/site-packages/airflow/example_dags/plugins/decreasing_priority_weight_strategy.py
[2025-03-07T03:02:49.005+0000] {processor.py:927} WARNING - No viable dags retrieved from /home/Ashreem/airflow-env/lib/python3.12/site-packages/airflow/example_dags/plugins/decreasing_priority_weight_strategy.py
[2025-03-07T03:02:49.020+0000] {processor.py:208} INFO - Processing /home/Ashreem/airflow-env/lib/python3.12/site-packages/airflow/example_dags/plugins/decreasing_priority_weight_strategy.py took 0.031 seconds
[2025-03-07T03:03:32.608+0000] {processor.py:186} INFO - Started process (PID=48597) to work on /home/Ashreem/airflow-env/lib/python3.12/site-packages/airflow/example_dags/plugins/decreasing_priority_weight_strategy.py
[2025-03-07T03:03:32.609+0000] {processor.py:914} INFO - Processing file /home/Ashreem/airflow-env/lib/python3.12/site-packages/airflow/example_dags/plugins/decreasing_priority_weight_strategy.py for tasks to queue
[2025-03-07T03:03:32.612+0000] {logging_mixin.py:190} INFO - [2025-03-07T03:03:32.611+0000] {dagbag.py:588} INFO - Filling up the DagBag from /home/Ashreem/airflow-env/lib/python3.12/site-packages/airflow/example_dags/plugins/decreasing_priority_weight_strategy.py
[2025-03-07T03:03:32.616+0000] {processor.py:927} WARNING - No viable dags retrieved from /home/Ashreem/airflow-env/lib/python3.12/site-packages/airflow/example_dags/plugins/decreasing_priority_weight_strategy.py
[2025-03-07T03:03:32.629+0000] {processor.py:208} INFO - Processing /home/Ashreem/airflow-env/lib/python3.12/site-packages/airflow/example_dags/plugins/decreasing_priority_weight_strategy.py took 0.030 seconds
[2025-03-07T03:04:33.642+0000] {processor.py:186} INFO - Started process (PID=48669) to work on /home/Ashreem/airflow-env/lib/python3.12/site-packages/airflow/example_dags/plugins/decreasing_priority_weight_strategy.py
[2025-03-07T03:04:33.643+0000] {processor.py:914} INFO - Processing file /home/Ashreem/airflow-env/lib/python3.12/site-packages/airflow/example_dags/plugins/decreasing_priority_weight_strategy.py for tasks to queue
[2025-03-07T03:04:33.646+0000] {logging_mixin.py:190} INFO - [2025-03-07T03:04:33.645+0000] {dagbag.py:588} INFO - Filling up the DagBag from /home/Ashreem/airflow-env/lib/python3.12/site-packages/airflow/example_dags/plugins/decreasing_priority_weight_strategy.py
[2025-03-07T03:04:33.649+0000] {processor.py:927} WARNING - No viable dags retrieved from /home/Ashreem/airflow-env/lib/python3.12/site-packages/airflow/example_dags/plugins/decreasing_priority_weight_strategy.py
[2025-03-07T03:04:33.666+0000] {processor.py:208} INFO - Processing /home/Ashreem/airflow-env/lib/python3.12/site-packages/airflow/example_dags/plugins/decreasing_priority_weight_strategy.py took 0.032 seconds
[2025-03-07T03:05:34.776+0000] {processor.py:186} INFO - Started process (PID=48916) to work on /home/Ashreem/airflow-env/lib/python3.12/site-packages/airflow/example_dags/plugins/decreasing_priority_weight_strategy.py
[2025-03-07T03:05:34.778+0000] {processor.py:914} INFO - Processing file /home/Ashreem/airflow-env/lib/python3.12/site-packages/airflow/example_dags/plugins/decreasing_priority_weight_strategy.py for tasks to queue
[2025-03-07T03:05:34.783+0000] {logging_mixin.py:190} INFO - [2025-03-07T03:05:34.782+0000] {dagbag.py:588} INFO - Filling up the DagBag from /home/Ashreem/airflow-env/lib/python3.12/site-packages/airflow/example_dags/plugins/decreasing_priority_weight_strategy.py
[2025-03-07T03:05:34.787+0000] {processor.py:927} WARNING - No viable dags retrieved from /home/Ashreem/airflow-env/lib/python3.12/site-packages/airflow/example_dags/plugins/decreasing_priority_weight_strategy.py
[2025-03-07T03:05:34.800+0000] {processor.py:208} INFO - Processing /home/Ashreem/airflow-env/lib/python3.12/site-packages/airflow/example_dags/plugins/decreasing_priority_weight_strategy.py took 0.031 seconds
[2025-03-07T03:06:41.907+0000] {processor.py:186} INFO - Started process (PID=48989) to work on /home/Ashreem/airflow-env/lib/python3.12/site-packages/airflow/example_dags/plugins/decreasing_priority_weight_strategy.py
[2025-03-07T03:06:41.910+0000] {processor.py:914} INFO - Processing file /home/Ashreem/airflow-env/lib/python3.12/site-packages/airflow/example_dags/plugins/decreasing_priority_weight_strategy.py for tasks to queue
[2025-03-07T03:06:41.912+0000] {logging_mixin.py:190} INFO - [2025-03-07T03:06:41.912+0000] {dagbag.py:588} INFO - Filling up the DagBag from /home/Ashreem/airflow-env/lib/python3.12/site-packages/airflow/example_dags/plugins/decreasing_priority_weight_strategy.py
[2025-03-07T03:06:41.918+0000] {processor.py:927} WARNING - No viable dags retrieved from /home/Ashreem/airflow-env/lib/python3.12/site-packages/airflow/example_dags/plugins/decreasing_priority_weight_strategy.py
[2025-03-07T03:06:41.932+0000] {processor.py:208} INFO - Processing /home/Ashreem/airflow-env/lib/python3.12/site-packages/airflow/example_dags/plugins/decreasing_priority_weight_strategy.py took 0.033 seconds
[2025-03-07T03:07:48.334+0000] {processor.py:186} INFO - Started process (PID=49070) to work on /home/Ashreem/airflow-env/lib/python3.12/site-packages/airflow/example_dags/plugins/decreasing_priority_weight_strategy.py
[2025-03-07T03:07:48.336+0000] {processor.py:914} INFO - Processing file /home/Ashreem/airflow-env/lib/python3.12/site-packages/airflow/example_dags/plugins/decreasing_priority_weight_strategy.py for tasks to queue
[2025-03-07T03:07:48.339+0000] {logging_mixin.py:190} INFO - [2025-03-07T03:07:48.339+0000] {dagbag.py:588} INFO - Filling up the DagBag from /home/Ashreem/airflow-env/lib/python3.12/site-packages/airflow/example_dags/plugins/decreasing_priority_weight_strategy.py
[2025-03-07T03:07:48.344+0000] {processor.py:927} WARNING - No viable dags retrieved from /home/Ashreem/airflow-env/lib/python3.12/site-packages/airflow/example_dags/plugins/decreasing_priority_weight_strategy.py
[2025-03-07T03:07:48.359+0000] {processor.py:208} INFO - Processing /home/Ashreem/airflow-env/lib/python3.12/site-packages/airflow/example_dags/plugins/decreasing_priority_weight_strategy.py took 0.032 seconds
[2025-03-07T03:08:49.405+0000] {processor.py:186} INFO - Started process (PID=49139) to work on /home/Ashreem/airflow-env/lib/python3.12/site-packages/airflow/example_dags/plugins/decreasing_priority_weight_strategy.py
[2025-03-07T03:08:49.407+0000] {processor.py:914} INFO - Processing file /home/Ashreem/airflow-env/lib/python3.12/site-packages/airflow/example_dags/plugins/decreasing_priority_weight_strategy.py for tasks to queue
[2025-03-07T03:08:49.410+0000] {logging_mixin.py:190} INFO - [2025-03-07T03:08:49.409+0000] {dagbag.py:588} INFO - Filling up the DagBag from /home/Ashreem/airflow-env/lib/python3.12/site-packages/airflow/example_dags/plugins/decreasing_priority_weight_strategy.py
[2025-03-07T03:08:49.414+0000] {processor.py:927} WARNING - No viable dags retrieved from /home/Ashreem/airflow-env/lib/python3.12/site-packages/airflow/example_dags/plugins/decreasing_priority_weight_strategy.py
[2025-03-07T03:08:49.430+0000] {processor.py:208} INFO - Processing /home/Ashreem/airflow-env/lib/python3.12/site-packages/airflow/example_dags/plugins/decreasing_priority_weight_strategy.py took 0.035 seconds
[2025-03-07T03:09:50.535+0000] {processor.py:186} INFO - Started process (PID=49202) to work on /home/Ashreem/airflow-env/lib/python3.12/site-packages/airflow/example_dags/plugins/decreasing_priority_weight_strategy.py
[2025-03-07T03:09:50.538+0000] {processor.py:914} INFO - Processing file /home/Ashreem/airflow-env/lib/python3.12/site-packages/airflow/example_dags/plugins/decreasing_priority_weight_strategy.py for tasks to queue
[2025-03-07T03:09:50.542+0000] {logging_mixin.py:190} INFO - [2025-03-07T03:09:50.541+0000] {dagbag.py:588} INFO - Filling up the DagBag from /home/Ashreem/airflow-env/lib/python3.12/site-packages/airflow/example_dags/plugins/decreasing_priority_weight_strategy.py
[2025-03-07T03:09:50.545+0000] {processor.py:927} WARNING - No viable dags retrieved from /home/Ashreem/airflow-env/lib/python3.12/site-packages/airflow/example_dags/plugins/decreasing_priority_weight_strategy.py
[2025-03-07T03:09:50.559+0000] {processor.py:208} INFO - Processing /home/Ashreem/airflow-env/lib/python3.12/site-packages/airflow/example_dags/plugins/decreasing_priority_weight_strategy.py took 0.032 seconds
