[2025-03-07T02:30:01.501+0000] {processor.py:186} INFO - Started process (PID=45954) to work on /home/Ashreem/airflow-env/lib/python3.12/site-packages/airflow/example_dags/plugins/event_listener.py
[2025-03-07T02:30:01.502+0000] {processor.py:914} INFO - Processing file /home/Ashreem/airflow-env/lib/python3.12/site-packages/airflow/example_dags/plugins/event_listener.py for tasks to queue
[2025-03-07T02:30:01.506+0000] {logging_mixin.py:190} INFO - [2025-03-07T02:30:01.505+0000] {dagbag.py:588} INFO - Filling up the DagBag from /home/Ashreem/airflow-env/lib/python3.12/site-packages/airflow/example_dags/plugins/event_listener.py
[2025-03-07T02:30:01.509+0000] {processor.py:927} WARNING - No viable dags retrieved from /home/Ashreem/airflow-env/lib/python3.12/site-packages/airflow/example_dags/plugins/event_listener.py
[2025-03-07T02:30:01.708+0000] {processor.py:208} INFO - Processing /home/Ashreem/airflow-env/lib/python3.12/site-packages/airflow/example_dags/plugins/event_listener.py took 0.215 seconds
[2025-03-07T02:32:49.287+0000] {processor.py:186} INFO - Started process (PID=46061) to work on /home/Ashreem/airflow-env/lib/python3.12/site-packages/airflow/example_dags/plugins/event_listener.py
[2025-03-07T02:32:49.291+0000] {processor.py:914} INFO - Processing file /home/Ashreem/airflow-env/lib/python3.12/site-packages/airflow/example_dags/plugins/event_listener.py for tasks to queue
[2025-03-07T02:32:49.294+0000] {logging_mixin.py:190} INFO - [2025-03-07T02:32:49.293+0000] {dagbag.py:588} INFO - Filling up the DagBag from /home/Ashreem/airflow-env/lib/python3.12/site-packages/airflow/example_dags/plugins/event_listener.py
[2025-03-07T02:32:49.298+0000] {processor.py:927} WARNING - No viable dags retrieved from /home/Ashreem/airflow-env/lib/python3.12/site-packages/airflow/example_dags/plugins/event_listener.py
[2025-03-07T02:32:49.312+0000] {processor.py:208} INFO - Processing /home/Ashreem/airflow-env/lib/python3.12/site-packages/airflow/example_dags/plugins/event_listener.py took 0.032 seconds
[2025-03-07T02:33:53.327+0000] {processor.py:186} INFO - Started process (PID=46369) to work on /home/Ashreem/airflow-env/lib/python3.12/site-packages/airflow/example_dags/plugins/event_listener.py
[2025-03-07T02:33:53.328+0000] {processor.py:914} INFO - Processing file /home/Ashreem/airflow-env/lib/python3.12/site-packages/airflow/example_dags/plugins/event_listener.py for tasks to queue
[2025-03-07T02:33:53.331+0000] {logging_mixin.py:190} INFO - [2025-03-07T02:33:53.331+0000] {dagbag.py:588} INFO - Filling up the DagBag from /home/Ashreem/airflow-env/lib/python3.12/site-packages/airflow/example_dags/plugins/event_listener.py
[2025-03-07T02:33:53.334+0000] {processor.py:927} WARNING - No viable dags retrieved from /home/Ashreem/airflow-env/lib/python3.12/site-packages/airflow/example_dags/plugins/event_listener.py
[2025-03-07T02:33:53.346+0000] {processor.py:208} INFO - Processing /home/Ashreem/airflow-env/lib/python3.12/site-packages/airflow/example_dags/plugins/event_listener.py took 0.026 seconds
[2025-03-07T02:34:30.509+0000] {processor.py:186} INFO - Started process (PID=46433) to work on /home/Ashreem/airflow-env/lib/python3.12/site-packages/airflow/example_dags/plugins/event_listener.py
[2025-03-07T02:34:30.510+0000] {processor.py:914} INFO - Processing file /home/Ashreem/airflow-env/lib/python3.12/site-packages/airflow/example_dags/plugins/event_listener.py for tasks to queue
[2025-03-07T02:34:30.513+0000] {logging_mixin.py:190} INFO - [2025-03-07T02:34:30.512+0000] {dagbag.py:588} INFO - Filling up the DagBag from /home/Ashreem/airflow-env/lib/python3.12/site-packages/airflow/example_dags/plugins/event_listener.py
[2025-03-07T02:34:30.516+0000] {processor.py:927} WARNING - No viable dags retrieved from /home/Ashreem/airflow-env/lib/python3.12/site-packages/airflow/example_dags/plugins/event_listener.py
[2025-03-07T02:34:30.531+0000] {processor.py:208} INFO - Processing /home/Ashreem/airflow-env/lib/python3.12/site-packages/airflow/example_dags/plugins/event_listener.py took 0.030 seconds
[2025-03-07T02:35:03.544+0000] {processor.py:186} INFO - Started process (PID=46468) to work on /home/Ashreem/airflow-env/lib/python3.12/site-packages/airflow/example_dags/plugins/event_listener.py
[2025-03-07T02:35:03.546+0000] {processor.py:914} INFO - Processing file /home/Ashreem/airflow-env/lib/python3.12/site-packages/airflow/example_dags/plugins/event_listener.py for tasks to queue
[2025-03-07T02:35:03.548+0000] {logging_mixin.py:190} INFO - [2025-03-07T02:35:03.548+0000] {dagbag.py:588} INFO - Filling up the DagBag from /home/Ashreem/airflow-env/lib/python3.12/site-packages/airflow/example_dags/plugins/event_listener.py
[2025-03-07T02:35:03.551+0000] {processor.py:927} WARNING - No viable dags retrieved from /home/Ashreem/airflow-env/lib/python3.12/site-packages/airflow/example_dags/plugins/event_listener.py
[2025-03-07T02:35:03.564+0000] {processor.py:208} INFO - Processing /home/Ashreem/airflow-env/lib/python3.12/site-packages/airflow/example_dags/plugins/event_listener.py took 0.027 seconds
[2025-03-07T02:36:09.024+0000] {processor.py:186} INFO - Started process (PID=46534) to work on /home/Ashreem/airflow-env/lib/python3.12/site-packages/airflow/example_dags/plugins/event_listener.py
[2025-03-07T02:36:09.027+0000] {processor.py:914} INFO - Processing file /home/Ashreem/airflow-env/lib/python3.12/site-packages/airflow/example_dags/plugins/event_listener.py for tasks to queue
[2025-03-07T02:36:09.031+0000] {logging_mixin.py:190} INFO - [2025-03-07T02:36:09.030+0000] {dagbag.py:588} INFO - Filling up the DagBag from /home/Ashreem/airflow-env/lib/python3.12/site-packages/airflow/example_dags/plugins/event_listener.py
[2025-03-07T02:36:09.034+0000] {processor.py:927} WARNING - No viable dags retrieved from /home/Ashreem/airflow-env/lib/python3.12/site-packages/airflow/example_dags/plugins/event_listener.py
[2025-03-07T02:36:09.052+0000] {processor.py:208} INFO - Processing /home/Ashreem/airflow-env/lib/python3.12/site-packages/airflow/example_dags/plugins/event_listener.py took 0.034 seconds
[2025-03-07T02:36:43.818+0000] {processor.py:186} INFO - Started process (PID=46570) to work on /home/Ashreem/airflow-env/lib/python3.12/site-packages/airflow/example_dags/plugins/event_listener.py
[2025-03-07T02:36:43.820+0000] {processor.py:914} INFO - Processing file /home/Ashreem/airflow-env/lib/python3.12/site-packages/airflow/example_dags/plugins/event_listener.py for tasks to queue
[2025-03-07T02:36:43.823+0000] {logging_mixin.py:190} INFO - [2025-03-07T02:36:43.822+0000] {dagbag.py:588} INFO - Filling up the DagBag from /home/Ashreem/airflow-env/lib/python3.12/site-packages/airflow/example_dags/plugins/event_listener.py
[2025-03-07T02:36:43.826+0000] {processor.py:927} WARNING - No viable dags retrieved from /home/Ashreem/airflow-env/lib/python3.12/site-packages/airflow/example_dags/plugins/event_listener.py
[2025-03-07T02:36:43.840+0000] {processor.py:208} INFO - Processing /home/Ashreem/airflow-env/lib/python3.12/site-packages/airflow/example_dags/plugins/event_listener.py took 0.030 seconds
[2025-03-07T02:37:45.231+0000] {processor.py:186} INFO - Started process (PID=46630) to work on /home/Ashreem/airflow-env/lib/python3.12/site-packages/airflow/example_dags/plugins/event_listener.py
[2025-03-07T02:37:45.233+0000] {processor.py:914} INFO - Processing file /home/Ashreem/airflow-env/lib/python3.12/site-packages/airflow/example_dags/plugins/event_listener.py for tasks to queue
[2025-03-07T02:37:45.236+0000] {logging_mixin.py:190} INFO - [2025-03-07T02:37:45.235+0000] {dagbag.py:588} INFO - Filling up the DagBag from /home/Ashreem/airflow-env/lib/python3.12/site-packages/airflow/example_dags/plugins/event_listener.py
[2025-03-07T02:37:45.239+0000] {processor.py:927} WARNING - No viable dags retrieved from /home/Ashreem/airflow-env/lib/python3.12/site-packages/airflow/example_dags/plugins/event_listener.py
[2025-03-07T02:37:45.254+0000] {processor.py:208} INFO - Processing /home/Ashreem/airflow-env/lib/python3.12/site-packages/airflow/example_dags/plugins/event_listener.py took 0.030 seconds
[2025-03-07T02:38:47.661+0000] {processor.py:186} INFO - Started process (PID=46700) to work on /home/Ashreem/airflow-env/lib/python3.12/site-packages/airflow/example_dags/plugins/event_listener.py
[2025-03-07T02:38:47.663+0000] {processor.py:914} INFO - Processing file /home/Ashreem/airflow-env/lib/python3.12/site-packages/airflow/example_dags/plugins/event_listener.py for tasks to queue
[2025-03-07T02:38:47.666+0000] {logging_mixin.py:190} INFO - [2025-03-07T02:38:47.666+0000] {dagbag.py:588} INFO - Filling up the DagBag from /home/Ashreem/airflow-env/lib/python3.12/site-packages/airflow/example_dags/plugins/event_listener.py
[2025-03-07T02:38:47.670+0000] {processor.py:927} WARNING - No viable dags retrieved from /home/Ashreem/airflow-env/lib/python3.12/site-packages/airflow/example_dags/plugins/event_listener.py
[2025-03-07T02:38:47.682+0000] {processor.py:208} INFO - Processing /home/Ashreem/airflow-env/lib/python3.12/site-packages/airflow/example_dags/plugins/event_listener.py took 0.029 seconds
[2025-03-07T02:39:21.254+0000] {processor.py:186} INFO - Started process (PID=46732) to work on /home/Ashreem/airflow-env/lib/python3.12/site-packages/airflow/example_dags/plugins/event_listener.py
[2025-03-07T02:39:21.256+0000] {processor.py:914} INFO - Processing file /home/Ashreem/airflow-env/lib/python3.12/site-packages/airflow/example_dags/plugins/event_listener.py for tasks to queue
[2025-03-07T02:39:21.261+0000] {logging_mixin.py:190} INFO - [2025-03-07T02:39:21.260+0000] {dagbag.py:588} INFO - Filling up the DagBag from /home/Ashreem/airflow-env/lib/python3.12/site-packages/airflow/example_dags/plugins/event_listener.py
[2025-03-07T02:39:21.265+0000] {processor.py:927} WARNING - No viable dags retrieved from /home/Ashreem/airflow-env/lib/python3.12/site-packages/airflow/example_dags/plugins/event_listener.py
[2025-03-07T02:39:21.287+0000] {processor.py:208} INFO - Processing /home/Ashreem/airflow-env/lib/python3.12/site-packages/airflow/example_dags/plugins/event_listener.py took 0.047 seconds
[2025-03-07T02:40:24.404+0000] {processor.py:186} INFO - Started process (PID=46794) to work on /home/Ashreem/airflow-env/lib/python3.12/site-packages/airflow/example_dags/plugins/event_listener.py
[2025-03-07T02:40:24.405+0000] {processor.py:914} INFO - Processing file /home/Ashreem/airflow-env/lib/python3.12/site-packages/airflow/example_dags/plugins/event_listener.py for tasks to queue
[2025-03-07T02:40:24.408+0000] {logging_mixin.py:190} INFO - [2025-03-07T02:40:24.408+0000] {dagbag.py:588} INFO - Filling up the DagBag from /home/Ashreem/airflow-env/lib/python3.12/site-packages/airflow/example_dags/plugins/event_listener.py
[2025-03-07T02:40:24.411+0000] {processor.py:927} WARNING - No viable dags retrieved from /home/Ashreem/airflow-env/lib/python3.12/site-packages/airflow/example_dags/plugins/event_listener.py
[2025-03-07T02:40:24.427+0000] {processor.py:208} INFO - Processing /home/Ashreem/airflow-env/lib/python3.12/site-packages/airflow/example_dags/plugins/event_listener.py took 0.031 seconds
[2025-03-07T02:41:27.847+0000] {processor.py:186} INFO - Started process (PID=46860) to work on /home/Ashreem/airflow-env/lib/python3.12/site-packages/airflow/example_dags/plugins/event_listener.py
[2025-03-07T02:41:27.849+0000] {processor.py:914} INFO - Processing file /home/Ashreem/airflow-env/lib/python3.12/site-packages/airflow/example_dags/plugins/event_listener.py for tasks to queue
[2025-03-07T02:41:27.852+0000] {logging_mixin.py:190} INFO - [2025-03-07T02:41:27.851+0000] {dagbag.py:588} INFO - Filling up the DagBag from /home/Ashreem/airflow-env/lib/python3.12/site-packages/airflow/example_dags/plugins/event_listener.py
[2025-03-07T02:41:27.855+0000] {processor.py:927} WARNING - No viable dags retrieved from /home/Ashreem/airflow-env/lib/python3.12/site-packages/airflow/example_dags/plugins/event_listener.py
[2025-03-07T02:41:27.873+0000] {processor.py:208} INFO - Processing /home/Ashreem/airflow-env/lib/python3.12/site-packages/airflow/example_dags/plugins/event_listener.py took 0.035 seconds
[2025-03-07T02:42:31.517+0000] {processor.py:186} INFO - Started process (PID=46923) to work on /home/Ashreem/airflow-env/lib/python3.12/site-packages/airflow/example_dags/plugins/event_listener.py
[2025-03-07T02:42:31.518+0000] {processor.py:914} INFO - Processing file /home/Ashreem/airflow-env/lib/python3.12/site-packages/airflow/example_dags/plugins/event_listener.py for tasks to queue
[2025-03-07T02:42:31.521+0000] {logging_mixin.py:190} INFO - [2025-03-07T02:42:31.520+0000] {dagbag.py:588} INFO - Filling up the DagBag from /home/Ashreem/airflow-env/lib/python3.12/site-packages/airflow/example_dags/plugins/event_listener.py
[2025-03-07T02:42:31.524+0000] {processor.py:927} WARNING - No viable dags retrieved from /home/Ashreem/airflow-env/lib/python3.12/site-packages/airflow/example_dags/plugins/event_listener.py
[2025-03-07T02:42:31.537+0000] {processor.py:208} INFO - Processing /home/Ashreem/airflow-env/lib/python3.12/site-packages/airflow/example_dags/plugins/event_listener.py took 0.028 seconds
[2025-03-07T02:43:35.053+0000] {processor.py:186} INFO - Started process (PID=46995) to work on /home/Ashreem/airflow-env/lib/python3.12/site-packages/airflow/example_dags/plugins/event_listener.py
[2025-03-07T02:43:35.054+0000] {processor.py:914} INFO - Processing file /home/Ashreem/airflow-env/lib/python3.12/site-packages/airflow/example_dags/plugins/event_listener.py for tasks to queue
[2025-03-07T02:43:35.057+0000] {logging_mixin.py:190} INFO - [2025-03-07T02:43:35.057+0000] {dagbag.py:588} INFO - Filling up the DagBag from /home/Ashreem/airflow-env/lib/python3.12/site-packages/airflow/example_dags/plugins/event_listener.py
[2025-03-07T02:43:35.061+0000] {processor.py:927} WARNING - No viable dags retrieved from /home/Ashreem/airflow-env/lib/python3.12/site-packages/airflow/example_dags/plugins/event_listener.py
[2025-03-07T02:43:35.076+0000] {processor.py:208} INFO - Processing /home/Ashreem/airflow-env/lib/python3.12/site-packages/airflow/example_dags/plugins/event_listener.py took 0.035 seconds
[2025-03-07T02:44:36.913+0000] {processor.py:186} INFO - Started process (PID=47075) to work on /home/Ashreem/airflow-env/lib/python3.12/site-packages/airflow/example_dags/plugins/event_listener.py
[2025-03-07T02:44:36.914+0000] {processor.py:914} INFO - Processing file /home/Ashreem/airflow-env/lib/python3.12/site-packages/airflow/example_dags/plugins/event_listener.py for tasks to queue
[2025-03-07T02:44:36.917+0000] {logging_mixin.py:190} INFO - [2025-03-07T02:44:36.916+0000] {dagbag.py:588} INFO - Filling up the DagBag from /home/Ashreem/airflow-env/lib/python3.12/site-packages/airflow/example_dags/plugins/event_listener.py
[2025-03-07T02:44:36.920+0000] {processor.py:927} WARNING - No viable dags retrieved from /home/Ashreem/airflow-env/lib/python3.12/site-packages/airflow/example_dags/plugins/event_listener.py
[2025-03-07T02:44:36.934+0000] {processor.py:208} INFO - Processing /home/Ashreem/airflow-env/lib/python3.12/site-packages/airflow/example_dags/plugins/event_listener.py took 0.029 seconds
[2025-03-07T02:45:40.577+0000] {processor.py:186} INFO - Started process (PID=47144) to work on /home/Ashreem/airflow-env/lib/python3.12/site-packages/airflow/example_dags/plugins/event_listener.py
[2025-03-07T02:45:40.579+0000] {processor.py:914} INFO - Processing file /home/Ashreem/airflow-env/lib/python3.12/site-packages/airflow/example_dags/plugins/event_listener.py for tasks to queue
[2025-03-07T02:45:40.582+0000] {logging_mixin.py:190} INFO - [2025-03-07T02:45:40.581+0000] {dagbag.py:588} INFO - Filling up the DagBag from /home/Ashreem/airflow-env/lib/python3.12/site-packages/airflow/example_dags/plugins/event_listener.py
[2025-03-07T02:45:40.585+0000] {processor.py:927} WARNING - No viable dags retrieved from /home/Ashreem/airflow-env/lib/python3.12/site-packages/airflow/example_dags/plugins/event_listener.py
[2025-03-07T02:45:40.599+0000] {processor.py:208} INFO - Processing /home/Ashreem/airflow-env/lib/python3.12/site-packages/airflow/example_dags/plugins/event_listener.py took 0.030 seconds
[2025-03-07T02:46:13.651+0000] {processor.py:186} INFO - Started process (PID=47177) to work on /home/Ashreem/airflow-env/lib/python3.12/site-packages/airflow/example_dags/plugins/event_listener.py
[2025-03-07T02:46:13.652+0000] {processor.py:914} INFO - Processing file /home/Ashreem/airflow-env/lib/python3.12/site-packages/airflow/example_dags/plugins/event_listener.py for tasks to queue
[2025-03-07T02:46:13.655+0000] {logging_mixin.py:190} INFO - [2025-03-07T02:46:13.654+0000] {dagbag.py:588} INFO - Filling up the DagBag from /home/Ashreem/airflow-env/lib/python3.12/site-packages/airflow/example_dags/plugins/event_listener.py
[2025-03-07T02:46:13.658+0000] {processor.py:927} WARNING - No viable dags retrieved from /home/Ashreem/airflow-env/lib/python3.12/site-packages/airflow/example_dags/plugins/event_listener.py
[2025-03-07T02:46:13.672+0000] {processor.py:208} INFO - Processing /home/Ashreem/airflow-env/lib/python3.12/site-packages/airflow/example_dags/plugins/event_listener.py took 0.029 seconds
[2025-03-07T02:47:15.676+0000] {processor.py:186} INFO - Started process (PID=47237) to work on /home/Ashreem/airflow-env/lib/python3.12/site-packages/airflow/example_dags/plugins/event_listener.py
[2025-03-07T02:47:15.678+0000] {processor.py:914} INFO - Processing file /home/Ashreem/airflow-env/lib/python3.12/site-packages/airflow/example_dags/plugins/event_listener.py for tasks to queue
[2025-03-07T02:47:15.681+0000] {logging_mixin.py:190} INFO - [2025-03-07T02:47:15.680+0000] {dagbag.py:588} INFO - Filling up the DagBag from /home/Ashreem/airflow-env/lib/python3.12/site-packages/airflow/example_dags/plugins/event_listener.py
[2025-03-07T02:47:15.684+0000] {processor.py:927} WARNING - No viable dags retrieved from /home/Ashreem/airflow-env/lib/python3.12/site-packages/airflow/example_dags/plugins/event_listener.py
[2025-03-07T02:47:15.697+0000] {processor.py:208} INFO - Processing /home/Ashreem/airflow-env/lib/python3.12/site-packages/airflow/example_dags/plugins/event_listener.py took 0.028 seconds
[2025-03-07T02:48:23.459+0000] {processor.py:186} INFO - Started process (PID=47304) to work on /home/Ashreem/airflow-env/lib/python3.12/site-packages/airflow/example_dags/plugins/event_listener.py
[2025-03-07T02:48:23.460+0000] {processor.py:914} INFO - Processing file /home/Ashreem/airflow-env/lib/python3.12/site-packages/airflow/example_dags/plugins/event_listener.py for tasks to queue
[2025-03-07T02:48:23.463+0000] {logging_mixin.py:190} INFO - [2025-03-07T02:48:23.463+0000] {dagbag.py:588} INFO - Filling up the DagBag from /home/Ashreem/airflow-env/lib/python3.12/site-packages/airflow/example_dags/plugins/event_listener.py
[2025-03-07T02:48:23.467+0000] {processor.py:927} WARNING - No viable dags retrieved from /home/Ashreem/airflow-env/lib/python3.12/site-packages/airflow/example_dags/plugins/event_listener.py
[2025-03-07T02:48:23.479+0000] {processor.py:208} INFO - Processing /home/Ashreem/airflow-env/lib/python3.12/site-packages/airflow/example_dags/plugins/event_listener.py took 0.030 seconds
[2025-03-07T02:48:58.597+0000] {processor.py:186} INFO - Started process (PID=47348) to work on /home/Ashreem/airflow-env/lib/python3.12/site-packages/airflow/example_dags/plugins/event_listener.py
[2025-03-07T02:48:58.598+0000] {processor.py:914} INFO - Processing file /home/Ashreem/airflow-env/lib/python3.12/site-packages/airflow/example_dags/plugins/event_listener.py for tasks to queue
[2025-03-07T02:48:58.602+0000] {logging_mixin.py:190} INFO - [2025-03-07T02:48:58.601+0000] {dagbag.py:588} INFO - Filling up the DagBag from /home/Ashreem/airflow-env/lib/python3.12/site-packages/airflow/example_dags/plugins/event_listener.py
[2025-03-07T02:48:58.606+0000] {processor.py:927} WARNING - No viable dags retrieved from /home/Ashreem/airflow-env/lib/python3.12/site-packages/airflow/example_dags/plugins/event_listener.py
[2025-03-07T02:48:58.627+0000] {processor.py:208} INFO - Processing /home/Ashreem/airflow-env/lib/python3.12/site-packages/airflow/example_dags/plugins/event_listener.py took 0.040 seconds
[2025-03-07T02:50:04.639+0000] {processor.py:186} INFO - Started process (PID=47420) to work on /home/Ashreem/airflow-env/lib/python3.12/site-packages/airflow/example_dags/plugins/event_listener.py
[2025-03-07T02:50:04.641+0000] {processor.py:914} INFO - Processing file /home/Ashreem/airflow-env/lib/python3.12/site-packages/airflow/example_dags/plugins/event_listener.py for tasks to queue
[2025-03-07T02:50:04.643+0000] {logging_mixin.py:190} INFO - [2025-03-07T02:50:04.643+0000] {dagbag.py:588} INFO - Filling up the DagBag from /home/Ashreem/airflow-env/lib/python3.12/site-packages/airflow/example_dags/plugins/event_listener.py
[2025-03-07T02:50:04.647+0000] {processor.py:927} WARNING - No viable dags retrieved from /home/Ashreem/airflow-env/lib/python3.12/site-packages/airflow/example_dags/plugins/event_listener.py
[2025-03-07T02:50:04.661+0000] {processor.py:208} INFO - Processing /home/Ashreem/airflow-env/lib/python3.12/site-packages/airflow/example_dags/plugins/event_listener.py took 0.030 seconds
[2025-03-07T02:51:03.239+0000] {processor.py:186} INFO - Started process (PID=47486) to work on /home/Ashreem/airflow-env/lib/python3.12/site-packages/airflow/example_dags/plugins/event_listener.py
[2025-03-07T02:51:03.241+0000] {processor.py:914} INFO - Processing file /home/Ashreem/airflow-env/lib/python3.12/site-packages/airflow/example_dags/plugins/event_listener.py for tasks to queue
[2025-03-07T02:51:03.244+0000] {logging_mixin.py:190} INFO - [2025-03-07T02:51:03.244+0000] {dagbag.py:588} INFO - Filling up the DagBag from /home/Ashreem/airflow-env/lib/python3.12/site-packages/airflow/example_dags/plugins/event_listener.py
[2025-03-07T02:51:03.248+0000] {processor.py:927} WARNING - No viable dags retrieved from /home/Ashreem/airflow-env/lib/python3.12/site-packages/airflow/example_dags/plugins/event_listener.py
[2025-03-07T02:51:03.262+0000] {processor.py:208} INFO - Processing /home/Ashreem/airflow-env/lib/python3.12/site-packages/airflow/example_dags/plugins/event_listener.py took 0.033 seconds
[2025-03-07T02:51:37.189+0000] {processor.py:186} INFO - Started process (PID=47519) to work on /home/Ashreem/airflow-env/lib/python3.12/site-packages/airflow/example_dags/plugins/event_listener.py
[2025-03-07T02:51:37.190+0000] {processor.py:914} INFO - Processing file /home/Ashreem/airflow-env/lib/python3.12/site-packages/airflow/example_dags/plugins/event_listener.py for tasks to queue
[2025-03-07T02:51:37.195+0000] {logging_mixin.py:190} INFO - [2025-03-07T02:51:37.195+0000] {dagbag.py:588} INFO - Filling up the DagBag from /home/Ashreem/airflow-env/lib/python3.12/site-packages/airflow/example_dags/plugins/event_listener.py
[2025-03-07T02:51:37.199+0000] {processor.py:927} WARNING - No viable dags retrieved from /home/Ashreem/airflow-env/lib/python3.12/site-packages/airflow/example_dags/plugins/event_listener.py
[2025-03-07T02:51:37.217+0000] {processor.py:208} INFO - Processing /home/Ashreem/airflow-env/lib/python3.12/site-packages/airflow/example_dags/plugins/event_listener.py took 0.039 seconds
[2025-03-07T02:52:43.770+0000] {processor.py:186} INFO - Started process (PID=47587) to work on /home/Ashreem/airflow-env/lib/python3.12/site-packages/airflow/example_dags/plugins/event_listener.py
[2025-03-07T02:52:43.772+0000] {processor.py:914} INFO - Processing file /home/Ashreem/airflow-env/lib/python3.12/site-packages/airflow/example_dags/plugins/event_listener.py for tasks to queue
[2025-03-07T02:52:43.775+0000] {logging_mixin.py:190} INFO - [2025-03-07T02:52:43.774+0000] {dagbag.py:588} INFO - Filling up the DagBag from /home/Ashreem/airflow-env/lib/python3.12/site-packages/airflow/example_dags/plugins/event_listener.py
[2025-03-07T02:52:43.778+0000] {processor.py:927} WARNING - No viable dags retrieved from /home/Ashreem/airflow-env/lib/python3.12/site-packages/airflow/example_dags/plugins/event_listener.py
[2025-03-07T02:52:43.795+0000] {processor.py:208} INFO - Processing /home/Ashreem/airflow-env/lib/python3.12/site-packages/airflow/example_dags/plugins/event_listener.py took 0.032 seconds
[2025-03-07T02:53:44.085+0000] {processor.py:186} INFO - Started process (PID=47651) to work on /home/Ashreem/airflow-env/lib/python3.12/site-packages/airflow/example_dags/plugins/event_listener.py
[2025-03-07T02:53:44.088+0000] {processor.py:914} INFO - Processing file /home/Ashreem/airflow-env/lib/python3.12/site-packages/airflow/example_dags/plugins/event_listener.py for tasks to queue
[2025-03-07T02:53:44.091+0000] {logging_mixin.py:190} INFO - [2025-03-07T02:53:44.090+0000] {dagbag.py:588} INFO - Filling up the DagBag from /home/Ashreem/airflow-env/lib/python3.12/site-packages/airflow/example_dags/plugins/event_listener.py
[2025-03-07T02:53:44.094+0000] {processor.py:927} WARNING - No viable dags retrieved from /home/Ashreem/airflow-env/lib/python3.12/site-packages/airflow/example_dags/plugins/event_listener.py
[2025-03-07T02:53:44.108+0000] {processor.py:208} INFO - Processing /home/Ashreem/airflow-env/lib/python3.12/site-packages/airflow/example_dags/plugins/event_listener.py took 0.034 seconds
[2025-03-07T02:54:18.578+0000] {processor.py:186} INFO - Started process (PID=47684) to work on /home/Ashreem/airflow-env/lib/python3.12/site-packages/airflow/example_dags/plugins/event_listener.py
[2025-03-07T02:54:18.580+0000] {processor.py:914} INFO - Processing file /home/Ashreem/airflow-env/lib/python3.12/site-packages/airflow/example_dags/plugins/event_listener.py for tasks to queue
[2025-03-07T02:54:18.583+0000] {logging_mixin.py:190} INFO - [2025-03-07T02:54:18.582+0000] {dagbag.py:588} INFO - Filling up the DagBag from /home/Ashreem/airflow-env/lib/python3.12/site-packages/airflow/example_dags/plugins/event_listener.py
[2025-03-07T02:54:18.586+0000] {processor.py:927} WARNING - No viable dags retrieved from /home/Ashreem/airflow-env/lib/python3.12/site-packages/airflow/example_dags/plugins/event_listener.py
[2025-03-07T02:54:18.601+0000] {processor.py:208} INFO - Processing /home/Ashreem/airflow-env/lib/python3.12/site-packages/airflow/example_dags/plugins/event_listener.py took 0.031 seconds
[2025-03-07T02:55:19.686+0000] {processor.py:186} INFO - Started process (PID=47751) to work on /home/Ashreem/airflow-env/lib/python3.12/site-packages/airflow/example_dags/plugins/event_listener.py
[2025-03-07T02:55:19.688+0000] {processor.py:914} INFO - Processing file /home/Ashreem/airflow-env/lib/python3.12/site-packages/airflow/example_dags/plugins/event_listener.py for tasks to queue
[2025-03-07T02:55:19.690+0000] {logging_mixin.py:190} INFO - [2025-03-07T02:55:19.690+0000] {dagbag.py:588} INFO - Filling up the DagBag from /home/Ashreem/airflow-env/lib/python3.12/site-packages/airflow/example_dags/plugins/event_listener.py
[2025-03-07T02:55:19.694+0000] {processor.py:927} WARNING - No viable dags retrieved from /home/Ashreem/airflow-env/lib/python3.12/site-packages/airflow/example_dags/plugins/event_listener.py
[2025-03-07T02:55:19.707+0000] {processor.py:208} INFO - Processing /home/Ashreem/airflow-env/lib/python3.12/site-packages/airflow/example_dags/plugins/event_listener.py took 0.030 seconds
[2025-03-07T02:56:14.307+0000] {processor.py:186} INFO - Started process (PID=47900) to work on /home/Ashreem/airflow-env/lib/python3.12/site-packages/airflow/example_dags/plugins/event_listener.py
[2025-03-07T02:56:14.309+0000] {processor.py:914} INFO - Processing file /home/Ashreem/airflow-env/lib/python3.12/site-packages/airflow/example_dags/plugins/event_listener.py for tasks to queue
[2025-03-07T02:56:14.312+0000] {logging_mixin.py:190} INFO - [2025-03-07T02:56:14.311+0000] {dagbag.py:588} INFO - Filling up the DagBag from /home/Ashreem/airflow-env/lib/python3.12/site-packages/airflow/example_dags/plugins/event_listener.py
[2025-03-07T02:56:14.316+0000] {processor.py:927} WARNING - No viable dags retrieved from /home/Ashreem/airflow-env/lib/python3.12/site-packages/airflow/example_dags/plugins/event_listener.py
[2025-03-07T02:56:14.330+0000] {processor.py:208} INFO - Processing /home/Ashreem/airflow-env/lib/python3.12/site-packages/airflow/example_dags/plugins/event_listener.py took 0.030 seconds
[2025-03-07T02:56:23.213+0000] {processor.py:186} INFO - Started process (PID=47916) to work on /home/Ashreem/airflow-env/lib/python3.12/site-packages/airflow/example_dags/plugins/event_listener.py
[2025-03-07T02:56:23.214+0000] {processor.py:914} INFO - Processing file /home/Ashreem/airflow-env/lib/python3.12/site-packages/airflow/example_dags/plugins/event_listener.py for tasks to queue
[2025-03-07T02:56:23.217+0000] {logging_mixin.py:190} INFO - [2025-03-07T02:56:23.216+0000] {dagbag.py:588} INFO - Filling up the DagBag from /home/Ashreem/airflow-env/lib/python3.12/site-packages/airflow/example_dags/plugins/event_listener.py
[2025-03-07T02:56:23.220+0000] {processor.py:927} WARNING - No viable dags retrieved from /home/Ashreem/airflow-env/lib/python3.12/site-packages/airflow/example_dags/plugins/event_listener.py
[2025-03-07T02:56:23.233+0000] {processor.py:208} INFO - Processing /home/Ashreem/airflow-env/lib/python3.12/site-packages/airflow/example_dags/plugins/event_listener.py took 0.030 seconds
[2025-03-07T02:56:56.629+0000] {processor.py:186} INFO - Started process (PID=47977) to work on /home/Ashreem/airflow-env/lib/python3.12/site-packages/airflow/example_dags/plugins/event_listener.py
[2025-03-07T02:56:56.631+0000] {processor.py:914} INFO - Processing file /home/Ashreem/airflow-env/lib/python3.12/site-packages/airflow/example_dags/plugins/event_listener.py for tasks to queue
[2025-03-07T02:56:56.635+0000] {logging_mixin.py:190} INFO - [2025-03-07T02:56:56.634+0000] {dagbag.py:588} INFO - Filling up the DagBag from /home/Ashreem/airflow-env/lib/python3.12/site-packages/airflow/example_dags/plugins/event_listener.py
[2025-03-07T02:56:56.639+0000] {processor.py:927} WARNING - No viable dags retrieved from /home/Ashreem/airflow-env/lib/python3.12/site-packages/airflow/example_dags/plugins/event_listener.py
[2025-03-07T02:56:56.655+0000] {processor.py:208} INFO - Processing /home/Ashreem/airflow-env/lib/python3.12/site-packages/airflow/example_dags/plugins/event_listener.py took 0.035 seconds
[2025-03-07T02:57:58.205+0000] {processor.py:186} INFO - Started process (PID=48066) to work on /home/Ashreem/airflow-env/lib/python3.12/site-packages/airflow/example_dags/plugins/event_listener.py
[2025-03-07T02:57:58.206+0000] {processor.py:914} INFO - Processing file /home/Ashreem/airflow-env/lib/python3.12/site-packages/airflow/example_dags/plugins/event_listener.py for tasks to queue
[2025-03-07T02:57:58.209+0000] {logging_mixin.py:190} INFO - [2025-03-07T02:57:58.208+0000] {dagbag.py:588} INFO - Filling up the DagBag from /home/Ashreem/airflow-env/lib/python3.12/site-packages/airflow/example_dags/plugins/event_listener.py
[2025-03-07T02:57:58.212+0000] {processor.py:927} WARNING - No viable dags retrieved from /home/Ashreem/airflow-env/lib/python3.12/site-packages/airflow/example_dags/plugins/event_listener.py
[2025-03-07T02:57:58.226+0000] {processor.py:208} INFO - Processing /home/Ashreem/airflow-env/lib/python3.12/site-packages/airflow/example_dags/plugins/event_listener.py took 0.029 seconds
[2025-03-07T02:58:32.703+0000] {processor.py:186} INFO - Started process (PID=48100) to work on /home/Ashreem/airflow-env/lib/python3.12/site-packages/airflow/example_dags/plugins/event_listener.py
[2025-03-07T02:58:32.705+0000] {processor.py:914} INFO - Processing file /home/Ashreem/airflow-env/lib/python3.12/site-packages/airflow/example_dags/plugins/event_listener.py for tasks to queue
[2025-03-07T02:58:32.709+0000] {logging_mixin.py:190} INFO - [2025-03-07T02:58:32.708+0000] {dagbag.py:588} INFO - Filling up the DagBag from /home/Ashreem/airflow-env/lib/python3.12/site-packages/airflow/example_dags/plugins/event_listener.py
[2025-03-07T02:58:32.712+0000] {processor.py:927} WARNING - No viable dags retrieved from /home/Ashreem/airflow-env/lib/python3.12/site-packages/airflow/example_dags/plugins/event_listener.py
[2025-03-07T02:58:32.726+0000] {processor.py:208} INFO - Processing /home/Ashreem/airflow-env/lib/python3.12/site-packages/airflow/example_dags/plugins/event_listener.py took 0.031 seconds
[2025-03-07T02:59:05.738+0000] {processor.py:186} INFO - Started process (PID=48156) to work on /home/Ashreem/airflow-env/lib/python3.12/site-packages/airflow/example_dags/plugins/event_listener.py
[2025-03-07T02:59:05.741+0000] {processor.py:914} INFO - Processing file /home/Ashreem/airflow-env/lib/python3.12/site-packages/airflow/example_dags/plugins/event_listener.py for tasks to queue
[2025-03-07T02:59:05.744+0000] {logging_mixin.py:190} INFO - [2025-03-07T02:59:05.744+0000] {dagbag.py:588} INFO - Filling up the DagBag from /home/Ashreem/airflow-env/lib/python3.12/site-packages/airflow/example_dags/plugins/event_listener.py
[2025-03-07T02:59:05.748+0000] {processor.py:927} WARNING - No viable dags retrieved from /home/Ashreem/airflow-env/lib/python3.12/site-packages/airflow/example_dags/plugins/event_listener.py
[2025-03-07T02:59:05.780+0000] {processor.py:208} INFO - Processing /home/Ashreem/airflow-env/lib/python3.12/site-packages/airflow/example_dags/plugins/event_listener.py took 0.052 seconds
[2025-03-07T02:59:10.245+0000] {processor.py:186} INFO - Started process (PID=48174) to work on /home/Ashreem/airflow-env/lib/python3.12/site-packages/airflow/example_dags/plugins/event_listener.py
[2025-03-07T02:59:10.247+0000] {processor.py:914} INFO - Processing file /home/Ashreem/airflow-env/lib/python3.12/site-packages/airflow/example_dags/plugins/event_listener.py for tasks to queue
[2025-03-07T02:59:10.249+0000] {logging_mixin.py:190} INFO - [2025-03-07T02:59:10.249+0000] {dagbag.py:588} INFO - Filling up the DagBag from /home/Ashreem/airflow-env/lib/python3.12/site-packages/airflow/example_dags/plugins/event_listener.py
[2025-03-07T02:59:10.253+0000] {processor.py:927} WARNING - No viable dags retrieved from /home/Ashreem/airflow-env/lib/python3.12/site-packages/airflow/example_dags/plugins/event_listener.py
[2025-03-07T02:59:10.268+0000] {processor.py:208} INFO - Processing /home/Ashreem/airflow-env/lib/python3.12/site-packages/airflow/example_dags/plugins/event_listener.py took 0.030 seconds
[2025-03-07T02:59:39.190+0000] {processor.py:186} INFO - Started process (PID=48218) to work on /home/Ashreem/airflow-env/lib/python3.12/site-packages/airflow/example_dags/plugins/event_listener.py
[2025-03-07T02:59:39.191+0000] {processor.py:914} INFO - Processing file /home/Ashreem/airflow-env/lib/python3.12/site-packages/airflow/example_dags/plugins/event_listener.py for tasks to queue
[2025-03-07T02:59:39.193+0000] {logging_mixin.py:190} INFO - [2025-03-07T02:59:39.192+0000] {dagbag.py:588} INFO - Filling up the DagBag from /home/Ashreem/airflow-env/lib/python3.12/site-packages/airflow/example_dags/plugins/event_listener.py
[2025-03-07T02:59:39.196+0000] {processor.py:927} WARNING - No viable dags retrieved from /home/Ashreem/airflow-env/lib/python3.12/site-packages/airflow/example_dags/plugins/event_listener.py
[2025-03-07T02:59:39.210+0000] {processor.py:208} INFO - Processing /home/Ashreem/airflow-env/lib/python3.12/site-packages/airflow/example_dags/plugins/event_listener.py took 0.029 seconds
[2025-03-07T03:00:01.290+0000] {processor.py:186} INFO - Started process (PID=48271) to work on /home/Ashreem/airflow-env/lib/python3.12/site-packages/airflow/example_dags/plugins/event_listener.py
[2025-03-07T03:00:01.291+0000] {processor.py:914} INFO - Processing file /home/Ashreem/airflow-env/lib/python3.12/site-packages/airflow/example_dags/plugins/event_listener.py for tasks to queue
[2025-03-07T03:00:01.294+0000] {logging_mixin.py:190} INFO - [2025-03-07T03:00:01.294+0000] {dagbag.py:588} INFO - Filling up the DagBag from /home/Ashreem/airflow-env/lib/python3.12/site-packages/airflow/example_dags/plugins/event_listener.py
[2025-03-07T03:00:01.304+0000] {processor.py:927} WARNING - No viable dags retrieved from /home/Ashreem/airflow-env/lib/python3.12/site-packages/airflow/example_dags/plugins/event_listener.py
[2025-03-07T03:00:01.319+0000] {processor.py:208} INFO - Processing /home/Ashreem/airflow-env/lib/python3.12/site-packages/airflow/example_dags/plugins/event_listener.py took 0.037 seconds
[2025-03-07T03:00:12.721+0000] {processor.py:186} INFO - Started process (PID=48295) to work on /home/Ashreem/airflow-env/lib/python3.12/site-packages/airflow/example_dags/plugins/event_listener.py
[2025-03-07T03:00:12.723+0000] {processor.py:914} INFO - Processing file /home/Ashreem/airflow-env/lib/python3.12/site-packages/airflow/example_dags/plugins/event_listener.py for tasks to queue
[2025-03-07T03:00:12.725+0000] {logging_mixin.py:190} INFO - [2025-03-07T03:00:12.725+0000] {dagbag.py:588} INFO - Filling up the DagBag from /home/Ashreem/airflow-env/lib/python3.12/site-packages/airflow/example_dags/plugins/event_listener.py
[2025-03-07T03:00:12.728+0000] {processor.py:927} WARNING - No viable dags retrieved from /home/Ashreem/airflow-env/lib/python3.12/site-packages/airflow/example_dags/plugins/event_listener.py
[2025-03-07T03:00:12.740+0000] {processor.py:208} INFO - Processing /home/Ashreem/airflow-env/lib/python3.12/site-packages/airflow/example_dags/plugins/event_listener.py took 0.029 seconds
[2025-03-07T03:00:47.377+0000] {processor.py:186} INFO - Started process (PID=48331) to work on /home/Ashreem/airflow-env/lib/python3.12/site-packages/airflow/example_dags/plugins/event_listener.py
[2025-03-07T03:00:47.378+0000] {processor.py:914} INFO - Processing file /home/Ashreem/airflow-env/lib/python3.12/site-packages/airflow/example_dags/plugins/event_listener.py for tasks to queue
[2025-03-07T03:00:47.381+0000] {logging_mixin.py:190} INFO - [2025-03-07T03:00:47.380+0000] {dagbag.py:588} INFO - Filling up the DagBag from /home/Ashreem/airflow-env/lib/python3.12/site-packages/airflow/example_dags/plugins/event_listener.py
[2025-03-07T03:00:47.384+0000] {processor.py:927} WARNING - No viable dags retrieved from /home/Ashreem/airflow-env/lib/python3.12/site-packages/airflow/example_dags/plugins/event_listener.py
[2025-03-07T03:00:47.397+0000] {processor.py:208} INFO - Processing /home/Ashreem/airflow-env/lib/python3.12/site-packages/airflow/example_dags/plugins/event_listener.py took 0.029 seconds
[2025-03-07T03:01:46.324+0000] {processor.py:186} INFO - Started process (PID=48397) to work on /home/Ashreem/airflow-env/lib/python3.12/site-packages/airflow/example_dags/plugins/event_listener.py
[2025-03-07T03:01:46.325+0000] {processor.py:914} INFO - Processing file /home/Ashreem/airflow-env/lib/python3.12/site-packages/airflow/example_dags/plugins/event_listener.py for tasks to queue
[2025-03-07T03:01:46.328+0000] {logging_mixin.py:190} INFO - [2025-03-07T03:01:46.327+0000] {dagbag.py:588} INFO - Filling up the DagBag from /home/Ashreem/airflow-env/lib/python3.12/site-packages/airflow/example_dags/plugins/event_listener.py
[2025-03-07T03:01:46.331+0000] {processor.py:927} WARNING - No viable dags retrieved from /home/Ashreem/airflow-env/lib/python3.12/site-packages/airflow/example_dags/plugins/event_listener.py
[2025-03-07T03:01:46.350+0000] {processor.py:208} INFO - Processing /home/Ashreem/airflow-env/lib/python3.12/site-packages/airflow/example_dags/plugins/event_listener.py took 0.035 seconds
[2025-03-07T03:02:20.811+0000] {processor.py:186} INFO - Started process (PID=48434) to work on /home/Ashreem/airflow-env/lib/python3.12/site-packages/airflow/example_dags/plugins/event_listener.py
[2025-03-07T03:02:20.812+0000] {processor.py:914} INFO - Processing file /home/Ashreem/airflow-env/lib/python3.12/site-packages/airflow/example_dags/plugins/event_listener.py for tasks to queue
[2025-03-07T03:02:20.815+0000] {logging_mixin.py:190} INFO - [2025-03-07T03:02:20.815+0000] {dagbag.py:588} INFO - Filling up the DagBag from /home/Ashreem/airflow-env/lib/python3.12/site-packages/airflow/example_dags/plugins/event_listener.py
[2025-03-07T03:02:20.819+0000] {processor.py:927} WARNING - No viable dags retrieved from /home/Ashreem/airflow-env/lib/python3.12/site-packages/airflow/example_dags/plugins/event_listener.py
[2025-03-07T03:02:20.835+0000] {processor.py:208} INFO - Processing /home/Ashreem/airflow-env/lib/python3.12/site-packages/airflow/example_dags/plugins/event_listener.py took 0.033 seconds
[2025-03-07T03:03:31.428+0000] {processor.py:186} INFO - Started process (PID=48591) to work on /home/Ashreem/airflow-env/lib/python3.12/site-packages/airflow/example_dags/plugins/event_listener.py
[2025-03-07T03:03:31.430+0000] {processor.py:914} INFO - Processing file /home/Ashreem/airflow-env/lib/python3.12/site-packages/airflow/example_dags/plugins/event_listener.py for tasks to queue
[2025-03-07T03:03:31.433+0000] {logging_mixin.py:190} INFO - [2025-03-07T03:03:31.432+0000] {dagbag.py:588} INFO - Filling up the DagBag from /home/Ashreem/airflow-env/lib/python3.12/site-packages/airflow/example_dags/plugins/event_listener.py
[2025-03-07T03:03:31.436+0000] {processor.py:927} WARNING - No viable dags retrieved from /home/Ashreem/airflow-env/lib/python3.12/site-packages/airflow/example_dags/plugins/event_listener.py
[2025-03-07T03:03:31.451+0000] {processor.py:208} INFO - Processing /home/Ashreem/airflow-env/lib/python3.12/site-packages/airflow/example_dags/plugins/event_listener.py took 0.031 seconds
[2025-03-07T03:04:32.496+0000] {processor.py:186} INFO - Started process (PID=48668) to work on /home/Ashreem/airflow-env/lib/python3.12/site-packages/airflow/example_dags/plugins/event_listener.py
[2025-03-07T03:04:32.497+0000] {processor.py:914} INFO - Processing file /home/Ashreem/airflow-env/lib/python3.12/site-packages/airflow/example_dags/plugins/event_listener.py for tasks to queue
[2025-03-07T03:04:32.500+0000] {logging_mixin.py:190} INFO - [2025-03-07T03:04:32.499+0000] {dagbag.py:588} INFO - Filling up the DagBag from /home/Ashreem/airflow-env/lib/python3.12/site-packages/airflow/example_dags/plugins/event_listener.py
[2025-03-07T03:04:32.503+0000] {processor.py:927} WARNING - No viable dags retrieved from /home/Ashreem/airflow-env/lib/python3.12/site-packages/airflow/example_dags/plugins/event_listener.py
[2025-03-07T03:04:32.516+0000] {processor.py:208} INFO - Processing /home/Ashreem/airflow-env/lib/python3.12/site-packages/airflow/example_dags/plugins/event_listener.py took 0.028 seconds
[2025-03-07T03:05:33.629+0000] {processor.py:186} INFO - Started process (PID=48915) to work on /home/Ashreem/airflow-env/lib/python3.12/site-packages/airflow/example_dags/plugins/event_listener.py
[2025-03-07T03:05:33.630+0000] {processor.py:914} INFO - Processing file /home/Ashreem/airflow-env/lib/python3.12/site-packages/airflow/example_dags/plugins/event_listener.py for tasks to queue
[2025-03-07T03:05:33.633+0000] {logging_mixin.py:190} INFO - [2025-03-07T03:05:33.633+0000] {dagbag.py:588} INFO - Filling up the DagBag from /home/Ashreem/airflow-env/lib/python3.12/site-packages/airflow/example_dags/plugins/event_listener.py
[2025-03-07T03:05:33.637+0000] {processor.py:927} WARNING - No viable dags retrieved from /home/Ashreem/airflow-env/lib/python3.12/site-packages/airflow/example_dags/plugins/event_listener.py
[2025-03-07T03:05:33.650+0000] {processor.py:208} INFO - Processing /home/Ashreem/airflow-env/lib/python3.12/site-packages/airflow/example_dags/plugins/event_listener.py took 0.028 seconds
[2025-03-07T03:06:41.744+0000] {processor.py:186} INFO - Started process (PID=48988) to work on /home/Ashreem/airflow-env/lib/python3.12/site-packages/airflow/example_dags/plugins/event_listener.py
[2025-03-07T03:06:41.746+0000] {processor.py:914} INFO - Processing file /home/Ashreem/airflow-env/lib/python3.12/site-packages/airflow/example_dags/plugins/event_listener.py for tasks to queue
[2025-03-07T03:06:41.749+0000] {logging_mixin.py:190} INFO - [2025-03-07T03:06:41.749+0000] {dagbag.py:588} INFO - Filling up the DagBag from /home/Ashreem/airflow-env/lib/python3.12/site-packages/airflow/example_dags/plugins/event_listener.py
[2025-03-07T03:06:41.753+0000] {processor.py:927} WARNING - No viable dags retrieved from /home/Ashreem/airflow-env/lib/python3.12/site-packages/airflow/example_dags/plugins/event_listener.py
[2025-03-07T03:06:41.767+0000] {processor.py:208} INFO - Processing /home/Ashreem/airflow-env/lib/python3.12/site-packages/airflow/example_dags/plugins/event_listener.py took 0.031 seconds
[2025-03-07T03:07:47.195+0000] {processor.py:186} INFO - Started process (PID=49064) to work on /home/Ashreem/airflow-env/lib/python3.12/site-packages/airflow/example_dags/plugins/event_listener.py
[2025-03-07T03:07:47.196+0000] {processor.py:914} INFO - Processing file /home/Ashreem/airflow-env/lib/python3.12/site-packages/airflow/example_dags/plugins/event_listener.py for tasks to queue
[2025-03-07T03:07:47.199+0000] {logging_mixin.py:190} INFO - [2025-03-07T03:07:47.199+0000] {dagbag.py:588} INFO - Filling up the DagBag from /home/Ashreem/airflow-env/lib/python3.12/site-packages/airflow/example_dags/plugins/event_listener.py
[2025-03-07T03:07:47.202+0000] {processor.py:927} WARNING - No viable dags retrieved from /home/Ashreem/airflow-env/lib/python3.12/site-packages/airflow/example_dags/plugins/event_listener.py
[2025-03-07T03:07:47.216+0000] {processor.py:208} INFO - Processing /home/Ashreem/airflow-env/lib/python3.12/site-packages/airflow/example_dags/plugins/event_listener.py took 0.034 seconds
[2025-03-07T03:08:48.251+0000] {processor.py:186} INFO - Started process (PID=49138) to work on /home/Ashreem/airflow-env/lib/python3.12/site-packages/airflow/example_dags/plugins/event_listener.py
[2025-03-07T03:08:48.253+0000] {processor.py:914} INFO - Processing file /home/Ashreem/airflow-env/lib/python3.12/site-packages/airflow/example_dags/plugins/event_listener.py for tasks to queue
[2025-03-07T03:08:48.256+0000] {logging_mixin.py:190} INFO - [2025-03-07T03:08:48.256+0000] {dagbag.py:588} INFO - Filling up the DagBag from /home/Ashreem/airflow-env/lib/python3.12/site-packages/airflow/example_dags/plugins/event_listener.py
[2025-03-07T03:08:48.260+0000] {processor.py:927} WARNING - No viable dags retrieved from /home/Ashreem/airflow-env/lib/python3.12/site-packages/airflow/example_dags/plugins/event_listener.py
[2025-03-07T03:08:48.275+0000] {processor.py:208} INFO - Processing /home/Ashreem/airflow-env/lib/python3.12/site-packages/airflow/example_dags/plugins/event_listener.py took 0.031 seconds
[2025-03-07T03:09:49.390+0000] {processor.py:186} INFO - Started process (PID=49201) to work on /home/Ashreem/airflow-env/lib/python3.12/site-packages/airflow/example_dags/plugins/event_listener.py
[2025-03-07T03:09:49.392+0000] {processor.py:914} INFO - Processing file /home/Ashreem/airflow-env/lib/python3.12/site-packages/airflow/example_dags/plugins/event_listener.py for tasks to queue
[2025-03-07T03:09:49.395+0000] {logging_mixin.py:190} INFO - [2025-03-07T03:09:49.394+0000] {dagbag.py:588} INFO - Filling up the DagBag from /home/Ashreem/airflow-env/lib/python3.12/site-packages/airflow/example_dags/plugins/event_listener.py
[2025-03-07T03:09:49.399+0000] {processor.py:927} WARNING - No viable dags retrieved from /home/Ashreem/airflow-env/lib/python3.12/site-packages/airflow/example_dags/plugins/event_listener.py
[2025-03-07T03:09:49.413+0000] {processor.py:208} INFO - Processing /home/Ashreem/airflow-env/lib/python3.12/site-packages/airflow/example_dags/plugins/event_listener.py took 0.030 seconds
