[2025-03-07T02:29:58.948+0000] {processor.py:186} INFO - Started process (PID=45952) to work on /home/Ashreem/airflow-env/lib/python3.12/site-packages/airflow/example_dags/plugins/listener_plugin.py
[2025-03-07T02:29:58.949+0000] {processor.py:914} INFO - Processing file /home/Ashreem/airflow-env/lib/python3.12/site-packages/airflow/example_dags/plugins/listener_plugin.py for tasks to queue
[2025-03-07T02:29:58.951+0000] {logging_mixin.py:190} INFO - [2025-03-07T02:29:58.951+0000] {dagbag.py:588} INFO - Filling up the DagBag from /home/Ashreem/airflow-env/lib/python3.12/site-packages/airflow/example_dags/plugins/listener_plugin.py
[2025-03-07T02:29:58.955+0000] {processor.py:927} WARNING - No viable dags retrieved from /home/Ashreem/airflow-env/lib/python3.12/site-packages/airflow/example_dags/plugins/listener_plugin.py
[2025-03-07T02:29:58.972+0000] {processor.py:208} INFO - Processing /home/Ashreem/airflow-env/lib/python3.12/site-packages/airflow/example_dags/plugins/listener_plugin.py took 0.031 seconds
[2025-03-07T02:32:46.985+0000] {processor.py:186} INFO - Started process (PID=46057) to work on /home/Ashreem/airflow-env/lib/python3.12/site-packages/airflow/example_dags/plugins/listener_plugin.py
[2025-03-07T02:32:46.986+0000] {processor.py:914} INFO - Processing file /home/Ashreem/airflow-env/lib/python3.12/site-packages/airflow/example_dags/plugins/listener_plugin.py for tasks to queue
[2025-03-07T02:32:46.989+0000] {logging_mixin.py:190} INFO - [2025-03-07T02:32:46.989+0000] {dagbag.py:588} INFO - Filling up the DagBag from /home/Ashreem/airflow-env/lib/python3.12/site-packages/airflow/example_dags/plugins/listener_plugin.py
[2025-03-07T02:32:46.994+0000] {processor.py:927} WARNING - No viable dags retrieved from /home/Ashreem/airflow-env/lib/python3.12/site-packages/airflow/example_dags/plugins/listener_plugin.py
[2025-03-07T02:32:47.010+0000] {processor.py:208} INFO - Processing /home/Ashreem/airflow-env/lib/python3.12/site-packages/airflow/example_dags/plugins/listener_plugin.py took 0.032 seconds
[2025-03-07T02:33:51.021+0000] {processor.py:186} INFO - Started process (PID=46327) to work on /home/Ashreem/airflow-env/lib/python3.12/site-packages/airflow/example_dags/plugins/listener_plugin.py
[2025-03-07T02:33:51.025+0000] {processor.py:914} INFO - Processing file /home/Ashreem/airflow-env/lib/python3.12/site-packages/airflow/example_dags/plugins/listener_plugin.py for tasks to queue
[2025-03-07T02:33:51.031+0000] {logging_mixin.py:190} INFO - [2025-03-07T02:33:51.030+0000] {dagbag.py:588} INFO - Filling up the DagBag from /home/Ashreem/airflow-env/lib/python3.12/site-packages/airflow/example_dags/plugins/listener_plugin.py
[2025-03-07T02:33:51.038+0000] {processor.py:927} WARNING - No viable dags retrieved from /home/Ashreem/airflow-env/lib/python3.12/site-packages/airflow/example_dags/plugins/listener_plugin.py
[2025-03-07T02:33:51.062+0000] {processor.py:208} INFO - Processing /home/Ashreem/airflow-env/lib/python3.12/site-packages/airflow/example_dags/plugins/listener_plugin.py took 0.054 seconds
[2025-03-07T02:34:28.254+0000] {processor.py:186} INFO - Started process (PID=46431) to work on /home/Ashreem/airflow-env/lib/python3.12/site-packages/airflow/example_dags/plugins/listener_plugin.py
[2025-03-07T02:34:28.256+0000] {processor.py:914} INFO - Processing file /home/Ashreem/airflow-env/lib/python3.12/site-packages/airflow/example_dags/plugins/listener_plugin.py for tasks to queue
[2025-03-07T02:34:28.259+0000] {logging_mixin.py:190} INFO - [2025-03-07T02:34:28.259+0000] {dagbag.py:588} INFO - Filling up the DagBag from /home/Ashreem/airflow-env/lib/python3.12/site-packages/airflow/example_dags/plugins/listener_plugin.py
[2025-03-07T02:34:28.262+0000] {processor.py:927} WARNING - No viable dags retrieved from /home/Ashreem/airflow-env/lib/python3.12/site-packages/airflow/example_dags/plugins/listener_plugin.py
[2025-03-07T02:34:28.277+0000] {processor.py:208} INFO - Processing /home/Ashreem/airflow-env/lib/python3.12/site-packages/airflow/example_dags/plugins/listener_plugin.py took 0.030 seconds
[2025-03-07T02:35:02.011+0000] {processor.py:186} INFO - Started process (PID=46466) to work on /home/Ashreem/airflow-env/lib/python3.12/site-packages/airflow/example_dags/plugins/listener_plugin.py
[2025-03-07T02:35:02.012+0000] {processor.py:914} INFO - Processing file /home/Ashreem/airflow-env/lib/python3.12/site-packages/airflow/example_dags/plugins/listener_plugin.py for tasks to queue
[2025-03-07T02:35:02.015+0000] {logging_mixin.py:190} INFO - [2025-03-07T02:35:02.014+0000] {dagbag.py:588} INFO - Filling up the DagBag from /home/Ashreem/airflow-env/lib/python3.12/site-packages/airflow/example_dags/plugins/listener_plugin.py
[2025-03-07T02:35:02.018+0000] {processor.py:927} WARNING - No viable dags retrieved from /home/Ashreem/airflow-env/lib/python3.12/site-packages/airflow/example_dags/plugins/listener_plugin.py
[2025-03-07T02:35:02.032+0000] {processor.py:208} INFO - Processing /home/Ashreem/airflow-env/lib/python3.12/site-packages/airflow/example_dags/plugins/listener_plugin.py took 0.028 seconds
[2025-03-07T02:35:33.636+0000] {processor.py:186} INFO - Started process (PID=46497) to work on /home/Ashreem/airflow-env/lib/python3.12/site-packages/airflow/example_dags/plugins/listener_plugin.py
[2025-03-07T02:35:33.637+0000] {processor.py:914} INFO - Processing file /home/Ashreem/airflow-env/lib/python3.12/site-packages/airflow/example_dags/plugins/listener_plugin.py for tasks to queue
[2025-03-07T02:35:33.640+0000] {logging_mixin.py:190} INFO - [2025-03-07T02:35:33.639+0000] {dagbag.py:588} INFO - Filling up the DagBag from /home/Ashreem/airflow-env/lib/python3.12/site-packages/airflow/example_dags/plugins/listener_plugin.py
[2025-03-07T02:35:33.643+0000] {processor.py:927} WARNING - No viable dags retrieved from /home/Ashreem/airflow-env/lib/python3.12/site-packages/airflow/example_dags/plugins/listener_plugin.py
[2025-03-07T02:35:33.660+0000] {processor.py:208} INFO - Processing /home/Ashreem/airflow-env/lib/python3.12/site-packages/airflow/example_dags/plugins/listener_plugin.py took 0.032 seconds
[2025-03-07T02:36:06.733+0000] {processor.py:186} INFO - Started process (PID=46532) to work on /home/Ashreem/airflow-env/lib/python3.12/site-packages/airflow/example_dags/plugins/listener_plugin.py
[2025-03-07T02:36:06.734+0000] {processor.py:914} INFO - Processing file /home/Ashreem/airflow-env/lib/python3.12/site-packages/airflow/example_dags/plugins/listener_plugin.py for tasks to queue
[2025-03-07T02:36:06.738+0000] {logging_mixin.py:190} INFO - [2025-03-07T02:36:06.737+0000] {dagbag.py:588} INFO - Filling up the DagBag from /home/Ashreem/airflow-env/lib/python3.12/site-packages/airflow/example_dags/plugins/listener_plugin.py
[2025-03-07T02:36:06.742+0000] {processor.py:927} WARNING - No viable dags retrieved from /home/Ashreem/airflow-env/lib/python3.12/site-packages/airflow/example_dags/plugins/listener_plugin.py
[2025-03-07T02:36:06.755+0000] {processor.py:208} INFO - Processing /home/Ashreem/airflow-env/lib/python3.12/site-packages/airflow/example_dags/plugins/listener_plugin.py took 0.030 seconds
[2025-03-07T02:36:41.522+0000] {processor.py:186} INFO - Started process (PID=46567) to work on /home/Ashreem/airflow-env/lib/python3.12/site-packages/airflow/example_dags/plugins/listener_plugin.py
[2025-03-07T02:36:41.524+0000] {processor.py:914} INFO - Processing file /home/Ashreem/airflow-env/lib/python3.12/site-packages/airflow/example_dags/plugins/listener_plugin.py for tasks to queue
[2025-03-07T02:36:41.527+0000] {logging_mixin.py:190} INFO - [2025-03-07T02:36:41.526+0000] {dagbag.py:588} INFO - Filling up the DagBag from /home/Ashreem/airflow-env/lib/python3.12/site-packages/airflow/example_dags/plugins/listener_plugin.py
[2025-03-07T02:36:41.530+0000] {processor.py:927} WARNING - No viable dags retrieved from /home/Ashreem/airflow-env/lib/python3.12/site-packages/airflow/example_dags/plugins/listener_plugin.py
[2025-03-07T02:36:41.543+0000] {processor.py:208} INFO - Processing /home/Ashreem/airflow-env/lib/python3.12/site-packages/airflow/example_dags/plugins/listener_plugin.py took 0.029 seconds
[2025-03-07T02:37:14.483+0000] {processor.py:186} INFO - Started process (PID=46600) to work on /home/Ashreem/airflow-env/lib/python3.12/site-packages/airflow/example_dags/plugins/listener_plugin.py
[2025-03-07T02:37:14.484+0000] {processor.py:914} INFO - Processing file /home/Ashreem/airflow-env/lib/python3.12/site-packages/airflow/example_dags/plugins/listener_plugin.py for tasks to queue
[2025-03-07T02:37:14.487+0000] {logging_mixin.py:190} INFO - [2025-03-07T02:37:14.486+0000] {dagbag.py:588} INFO - Filling up the DagBag from /home/Ashreem/airflow-env/lib/python3.12/site-packages/airflow/example_dags/plugins/listener_plugin.py
[2025-03-07T02:37:14.490+0000] {processor.py:927} WARNING - No viable dags retrieved from /home/Ashreem/airflow-env/lib/python3.12/site-packages/airflow/example_dags/plugins/listener_plugin.py
[2025-03-07T02:37:14.506+0000] {processor.py:208} INFO - Processing /home/Ashreem/airflow-env/lib/python3.12/site-packages/airflow/example_dags/plugins/listener_plugin.py took 0.030 seconds
[2025-03-07T02:38:16.062+0000] {processor.py:186} INFO - Started process (PID=46660) to work on /home/Ashreem/airflow-env/lib/python3.12/site-packages/airflow/example_dags/plugins/listener_plugin.py
[2025-03-07T02:38:16.064+0000] {processor.py:914} INFO - Processing file /home/Ashreem/airflow-env/lib/python3.12/site-packages/airflow/example_dags/plugins/listener_plugin.py for tasks to queue
[2025-03-07T02:38:16.067+0000] {logging_mixin.py:190} INFO - [2025-03-07T02:38:16.066+0000] {dagbag.py:588} INFO - Filling up the DagBag from /home/Ashreem/airflow-env/lib/python3.12/site-packages/airflow/example_dags/plugins/listener_plugin.py
[2025-03-07T02:38:16.070+0000] {processor.py:927} WARNING - No viable dags retrieved from /home/Ashreem/airflow-env/lib/python3.12/site-packages/airflow/example_dags/plugins/listener_plugin.py
[2025-03-07T02:38:16.083+0000] {processor.py:208} INFO - Processing /home/Ashreem/airflow-env/lib/python3.12/site-packages/airflow/example_dags/plugins/listener_plugin.py took 0.030 seconds
[2025-03-07T02:38:46.502+0000] {processor.py:186} INFO - Started process (PID=46699) to work on /home/Ashreem/airflow-env/lib/python3.12/site-packages/airflow/example_dags/plugins/listener_plugin.py
[2025-03-07T02:38:46.503+0000] {processor.py:914} INFO - Processing file /home/Ashreem/airflow-env/lib/python3.12/site-packages/airflow/example_dags/plugins/listener_plugin.py for tasks to queue
[2025-03-07T02:38:46.506+0000] {logging_mixin.py:190} INFO - [2025-03-07T02:38:46.506+0000] {dagbag.py:588} INFO - Filling up the DagBag from /home/Ashreem/airflow-env/lib/python3.12/site-packages/airflow/example_dags/plugins/listener_plugin.py
[2025-03-07T02:38:46.510+0000] {processor.py:927} WARNING - No viable dags retrieved from /home/Ashreem/airflow-env/lib/python3.12/site-packages/airflow/example_dags/plugins/listener_plugin.py
[2025-03-07T02:38:46.528+0000] {processor.py:208} INFO - Processing /home/Ashreem/airflow-env/lib/python3.12/site-packages/airflow/example_dags/plugins/listener_plugin.py took 0.033 seconds
[2025-03-07T02:39:18.956+0000] {processor.py:186} INFO - Started process (PID=46730) to work on /home/Ashreem/airflow-env/lib/python3.12/site-packages/airflow/example_dags/plugins/listener_plugin.py
[2025-03-07T02:39:18.957+0000] {processor.py:914} INFO - Processing file /home/Ashreem/airflow-env/lib/python3.12/site-packages/airflow/example_dags/plugins/listener_plugin.py for tasks to queue
[2025-03-07T02:39:18.960+0000] {logging_mixin.py:190} INFO - [2025-03-07T02:39:18.960+0000] {dagbag.py:588} INFO - Filling up the DagBag from /home/Ashreem/airflow-env/lib/python3.12/site-packages/airflow/example_dags/plugins/listener_plugin.py
[2025-03-07T02:39:18.964+0000] {processor.py:927} WARNING - No viable dags retrieved from /home/Ashreem/airflow-env/lib/python3.12/site-packages/airflow/example_dags/plugins/listener_plugin.py
[2025-03-07T02:39:18.980+0000] {processor.py:208} INFO - Processing /home/Ashreem/airflow-env/lib/python3.12/site-packages/airflow/example_dags/plugins/listener_plugin.py took 0.033 seconds
[2025-03-07T02:39:51.357+0000] {processor.py:186} INFO - Started process (PID=46762) to work on /home/Ashreem/airflow-env/lib/python3.12/site-packages/airflow/example_dags/plugins/listener_plugin.py
[2025-03-07T02:39:51.358+0000] {processor.py:914} INFO - Processing file /home/Ashreem/airflow-env/lib/python3.12/site-packages/airflow/example_dags/plugins/listener_plugin.py for tasks to queue
[2025-03-07T02:39:51.361+0000] {logging_mixin.py:190} INFO - [2025-03-07T02:39:51.360+0000] {dagbag.py:588} INFO - Filling up the DagBag from /home/Ashreem/airflow-env/lib/python3.12/site-packages/airflow/example_dags/plugins/listener_plugin.py
[2025-03-07T02:39:51.364+0000] {processor.py:927} WARNING - No viable dags retrieved from /home/Ashreem/airflow-env/lib/python3.12/site-packages/airflow/example_dags/plugins/listener_plugin.py
[2025-03-07T02:39:51.379+0000] {processor.py:208} INFO - Processing /home/Ashreem/airflow-env/lib/python3.12/site-packages/airflow/example_dags/plugins/listener_plugin.py took 0.031 seconds
[2025-03-07T02:40:22.881+0000] {processor.py:186} INFO - Started process (PID=46792) to work on /home/Ashreem/airflow-env/lib/python3.12/site-packages/airflow/example_dags/plugins/listener_plugin.py
[2025-03-07T02:40:22.883+0000] {processor.py:914} INFO - Processing file /home/Ashreem/airflow-env/lib/python3.12/site-packages/airflow/example_dags/plugins/listener_plugin.py for tasks to queue
[2025-03-07T02:40:22.885+0000] {logging_mixin.py:190} INFO - [2025-03-07T02:40:22.885+0000] {dagbag.py:588} INFO - Filling up the DagBag from /home/Ashreem/airflow-env/lib/python3.12/site-packages/airflow/example_dags/plugins/listener_plugin.py
[2025-03-07T02:40:22.888+0000] {processor.py:927} WARNING - No viable dags retrieved from /home/Ashreem/airflow-env/lib/python3.12/site-packages/airflow/example_dags/plugins/listener_plugin.py
[2025-03-07T02:40:22.903+0000] {processor.py:208} INFO - Processing /home/Ashreem/airflow-env/lib/python3.12/site-packages/airflow/example_dags/plugins/listener_plugin.py took 0.029 seconds
[2025-03-07T02:40:54.820+0000] {processor.py:186} INFO - Started process (PID=46826) to work on /home/Ashreem/airflow-env/lib/python3.12/site-packages/airflow/example_dags/plugins/listener_plugin.py
[2025-03-07T02:40:54.822+0000] {processor.py:914} INFO - Processing file /home/Ashreem/airflow-env/lib/python3.12/site-packages/airflow/example_dags/plugins/listener_plugin.py for tasks to queue
[2025-03-07T02:40:54.825+0000] {logging_mixin.py:190} INFO - [2025-03-07T02:40:54.825+0000] {dagbag.py:588} INFO - Filling up the DagBag from /home/Ashreem/airflow-env/lib/python3.12/site-packages/airflow/example_dags/plugins/listener_plugin.py
[2025-03-07T02:40:54.828+0000] {processor.py:927} WARNING - No viable dags retrieved from /home/Ashreem/airflow-env/lib/python3.12/site-packages/airflow/example_dags/plugins/listener_plugin.py
[2025-03-07T02:40:54.845+0000] {processor.py:208} INFO - Processing /home/Ashreem/airflow-env/lib/python3.12/site-packages/airflow/example_dags/plugins/listener_plugin.py took 0.033 seconds
[2025-03-07T02:41:26.317+0000] {processor.py:186} INFO - Started process (PID=46858) to work on /home/Ashreem/airflow-env/lib/python3.12/site-packages/airflow/example_dags/plugins/listener_plugin.py
[2025-03-07T02:41:26.318+0000] {processor.py:914} INFO - Processing file /home/Ashreem/airflow-env/lib/python3.12/site-packages/airflow/example_dags/plugins/listener_plugin.py for tasks to queue
[2025-03-07T02:41:26.321+0000] {logging_mixin.py:190} INFO - [2025-03-07T02:41:26.320+0000] {dagbag.py:588} INFO - Filling up the DagBag from /home/Ashreem/airflow-env/lib/python3.12/site-packages/airflow/example_dags/plugins/listener_plugin.py
[2025-03-07T02:41:26.324+0000] {processor.py:927} WARNING - No viable dags retrieved from /home/Ashreem/airflow-env/lib/python3.12/site-packages/airflow/example_dags/plugins/listener_plugin.py
[2025-03-07T02:41:26.337+0000] {processor.py:208} INFO - Processing /home/Ashreem/airflow-env/lib/python3.12/site-packages/airflow/example_dags/plugins/listener_plugin.py took 0.028 seconds
[2025-03-07T02:41:57.834+0000] {processor.py:186} INFO - Started process (PID=46889) to work on /home/Ashreem/airflow-env/lib/python3.12/site-packages/airflow/example_dags/plugins/listener_plugin.py
[2025-03-07T02:41:57.836+0000] {processor.py:914} INFO - Processing file /home/Ashreem/airflow-env/lib/python3.12/site-packages/airflow/example_dags/plugins/listener_plugin.py for tasks to queue
[2025-03-07T02:41:57.839+0000] {logging_mixin.py:190} INFO - [2025-03-07T02:41:57.839+0000] {dagbag.py:588} INFO - Filling up the DagBag from /home/Ashreem/airflow-env/lib/python3.12/site-packages/airflow/example_dags/plugins/listener_plugin.py
[2025-03-07T02:41:57.842+0000] {processor.py:927} WARNING - No viable dags retrieved from /home/Ashreem/airflow-env/lib/python3.12/site-packages/airflow/example_dags/plugins/listener_plugin.py
[2025-03-07T02:41:57.858+0000] {processor.py:208} INFO - Processing /home/Ashreem/airflow-env/lib/python3.12/site-packages/airflow/example_dags/plugins/listener_plugin.py took 0.030 seconds
[2025-03-07T02:42:29.183+0000] {processor.py:186} INFO - Started process (PID=46921) to work on /home/Ashreem/airflow-env/lib/python3.12/site-packages/airflow/example_dags/plugins/listener_plugin.py
[2025-03-07T02:42:29.185+0000] {processor.py:914} INFO - Processing file /home/Ashreem/airflow-env/lib/python3.12/site-packages/airflow/example_dags/plugins/listener_plugin.py for tasks to queue
[2025-03-07T02:42:29.187+0000] {logging_mixin.py:190} INFO - [2025-03-07T02:42:29.187+0000] {dagbag.py:588} INFO - Filling up the DagBag from /home/Ashreem/airflow-env/lib/python3.12/site-packages/airflow/example_dags/plugins/listener_plugin.py
[2025-03-07T02:42:29.192+0000] {processor.py:927} WARNING - No viable dags retrieved from /home/Ashreem/airflow-env/lib/python3.12/site-packages/airflow/example_dags/plugins/listener_plugin.py
[2025-03-07T02:42:29.207+0000] {processor.py:208} INFO - Processing /home/Ashreem/airflow-env/lib/python3.12/site-packages/airflow/example_dags/plugins/listener_plugin.py took 0.033 seconds
[2025-03-07T02:43:01.672+0000] {processor.py:186} INFO - Started process (PID=46958) to work on /home/Ashreem/airflow-env/lib/python3.12/site-packages/airflow/example_dags/plugins/listener_plugin.py
[2025-03-07T02:43:01.673+0000] {processor.py:914} INFO - Processing file /home/Ashreem/airflow-env/lib/python3.12/site-packages/airflow/example_dags/plugins/listener_plugin.py for tasks to queue
[2025-03-07T02:43:01.676+0000] {logging_mixin.py:190} INFO - [2025-03-07T02:43:01.676+0000] {dagbag.py:588} INFO - Filling up the DagBag from /home/Ashreem/airflow-env/lib/python3.12/site-packages/airflow/example_dags/plugins/listener_plugin.py
[2025-03-07T02:43:01.679+0000] {processor.py:927} WARNING - No viable dags retrieved from /home/Ashreem/airflow-env/lib/python3.12/site-packages/airflow/example_dags/plugins/listener_plugin.py
[2025-03-07T02:43:01.693+0000] {processor.py:208} INFO - Processing /home/Ashreem/airflow-env/lib/python3.12/site-packages/airflow/example_dags/plugins/listener_plugin.py took 0.030 seconds
[2025-03-07T02:43:33.904+0000] {processor.py:186} INFO - Started process (PID=46994) to work on /home/Ashreem/airflow-env/lib/python3.12/site-packages/airflow/example_dags/plugins/listener_plugin.py
[2025-03-07T02:43:33.906+0000] {processor.py:914} INFO - Processing file /home/Ashreem/airflow-env/lib/python3.12/site-packages/airflow/example_dags/plugins/listener_plugin.py for tasks to queue
[2025-03-07T02:43:33.909+0000] {logging_mixin.py:190} INFO - [2025-03-07T02:43:33.909+0000] {dagbag.py:588} INFO - Filling up the DagBag from /home/Ashreem/airflow-env/lib/python3.12/site-packages/airflow/example_dags/plugins/listener_plugin.py
[2025-03-07T02:43:33.912+0000] {processor.py:927} WARNING - No viable dags retrieved from /home/Ashreem/airflow-env/lib/python3.12/site-packages/airflow/example_dags/plugins/listener_plugin.py
[2025-03-07T02:43:33.930+0000] {processor.py:208} INFO - Processing /home/Ashreem/airflow-env/lib/python3.12/site-packages/airflow/example_dags/plugins/listener_plugin.py took 0.035 seconds
[2025-03-07T02:44:05.743+0000] {processor.py:186} INFO - Started process (PID=47029) to work on /home/Ashreem/airflow-env/lib/python3.12/site-packages/airflow/example_dags/plugins/listener_plugin.py
[2025-03-07T02:44:05.745+0000] {processor.py:914} INFO - Processing file /home/Ashreem/airflow-env/lib/python3.12/site-packages/airflow/example_dags/plugins/listener_plugin.py for tasks to queue
[2025-03-07T02:44:05.749+0000] {logging_mixin.py:190} INFO - [2025-03-07T02:44:05.748+0000] {dagbag.py:588} INFO - Filling up the DagBag from /home/Ashreem/airflow-env/lib/python3.12/site-packages/airflow/example_dags/plugins/listener_plugin.py
[2025-03-07T02:44:05.752+0000] {processor.py:927} WARNING - No viable dags retrieved from /home/Ashreem/airflow-env/lib/python3.12/site-packages/airflow/example_dags/plugins/listener_plugin.py
[2025-03-07T02:44:05.766+0000] {processor.py:208} INFO - Processing /home/Ashreem/airflow-env/lib/python3.12/site-packages/airflow/example_dags/plugins/listener_plugin.py took 0.031 seconds
[2025-03-07T02:45:07.169+0000] {processor.py:186} INFO - Started process (PID=47110) to work on /home/Ashreem/airflow-env/lib/python3.12/site-packages/airflow/example_dags/plugins/listener_plugin.py
[2025-03-07T02:45:07.172+0000] {processor.py:914} INFO - Processing file /home/Ashreem/airflow-env/lib/python3.12/site-packages/airflow/example_dags/plugins/listener_plugin.py for tasks to queue
[2025-03-07T02:45:07.175+0000] {logging_mixin.py:190} INFO - [2025-03-07T02:45:07.175+0000] {dagbag.py:588} INFO - Filling up the DagBag from /home/Ashreem/airflow-env/lib/python3.12/site-packages/airflow/example_dags/plugins/listener_plugin.py
[2025-03-07T02:45:07.179+0000] {processor.py:927} WARNING - No viable dags retrieved from /home/Ashreem/airflow-env/lib/python3.12/site-packages/airflow/example_dags/plugins/listener_plugin.py
[2025-03-07T02:45:07.192+0000] {processor.py:208} INFO - Processing /home/Ashreem/airflow-env/lib/python3.12/site-packages/airflow/example_dags/plugins/listener_plugin.py took 0.033 seconds
[2025-03-07T02:45:39.433+0000] {processor.py:186} INFO - Started process (PID=47143) to work on /home/Ashreem/airflow-env/lib/python3.12/site-packages/airflow/example_dags/plugins/listener_plugin.py
[2025-03-07T02:45:39.435+0000] {processor.py:914} INFO - Processing file /home/Ashreem/airflow-env/lib/python3.12/site-packages/airflow/example_dags/plugins/listener_plugin.py for tasks to queue
[2025-03-07T02:45:39.438+0000] {logging_mixin.py:190} INFO - [2025-03-07T02:45:39.437+0000] {dagbag.py:588} INFO - Filling up the DagBag from /home/Ashreem/airflow-env/lib/python3.12/site-packages/airflow/example_dags/plugins/listener_plugin.py
[2025-03-07T02:45:39.441+0000] {processor.py:927} WARNING - No viable dags retrieved from /home/Ashreem/airflow-env/lib/python3.12/site-packages/airflow/example_dags/plugins/listener_plugin.py
[2025-03-07T02:45:39.457+0000] {processor.py:208} INFO - Processing /home/Ashreem/airflow-env/lib/python3.12/site-packages/airflow/example_dags/plugins/listener_plugin.py took 0.033 seconds
[2025-03-07T02:46:12.044+0000] {processor.py:186} INFO - Started process (PID=47175) to work on /home/Ashreem/airflow-env/lib/python3.12/site-packages/airflow/example_dags/plugins/listener_plugin.py
[2025-03-07T02:46:12.045+0000] {processor.py:914} INFO - Processing file /home/Ashreem/airflow-env/lib/python3.12/site-packages/airflow/example_dags/plugins/listener_plugin.py for tasks to queue
[2025-03-07T02:46:12.048+0000] {logging_mixin.py:190} INFO - [2025-03-07T02:46:12.048+0000] {dagbag.py:588} INFO - Filling up the DagBag from /home/Ashreem/airflow-env/lib/python3.12/site-packages/airflow/example_dags/plugins/listener_plugin.py
[2025-03-07T02:46:12.051+0000] {processor.py:927} WARNING - No viable dags retrieved from /home/Ashreem/airflow-env/lib/python3.12/site-packages/airflow/example_dags/plugins/listener_plugin.py
[2025-03-07T02:46:12.065+0000] {processor.py:208} INFO - Processing /home/Ashreem/airflow-env/lib/python3.12/site-packages/airflow/example_dags/plugins/listener_plugin.py took 0.029 seconds
[2025-03-07T02:46:44.320+0000] {processor.py:186} INFO - Started process (PID=47206) to work on /home/Ashreem/airflow-env/lib/python3.12/site-packages/airflow/example_dags/plugins/listener_plugin.py
[2025-03-07T02:46:44.321+0000] {processor.py:914} INFO - Processing file /home/Ashreem/airflow-env/lib/python3.12/site-packages/airflow/example_dags/plugins/listener_plugin.py for tasks to queue
[2025-03-07T02:46:44.324+0000] {logging_mixin.py:190} INFO - [2025-03-07T02:46:44.324+0000] {dagbag.py:588} INFO - Filling up the DagBag from /home/Ashreem/airflow-env/lib/python3.12/site-packages/airflow/example_dags/plugins/listener_plugin.py
[2025-03-07T02:46:44.328+0000] {processor.py:927} WARNING - No viable dags retrieved from /home/Ashreem/airflow-env/lib/python3.12/site-packages/airflow/example_dags/plugins/listener_plugin.py
[2025-03-07T02:46:44.342+0000] {processor.py:208} INFO - Processing /home/Ashreem/airflow-env/lib/python3.12/site-packages/airflow/example_dags/plugins/listener_plugin.py took 0.031 seconds
[2025-03-07T02:47:46.112+0000] {processor.py:186} INFO - Started process (PID=47266) to work on /home/Ashreem/airflow-env/lib/python3.12/site-packages/airflow/example_dags/plugins/listener_plugin.py
[2025-03-07T02:47:46.114+0000] {processor.py:914} INFO - Processing file /home/Ashreem/airflow-env/lib/python3.12/site-packages/airflow/example_dags/plugins/listener_plugin.py for tasks to queue
[2025-03-07T02:47:46.117+0000] {logging_mixin.py:190} INFO - [2025-03-07T02:47:46.116+0000] {dagbag.py:588} INFO - Filling up the DagBag from /home/Ashreem/airflow-env/lib/python3.12/site-packages/airflow/example_dags/plugins/listener_plugin.py
[2025-03-07T02:47:46.120+0000] {processor.py:927} WARNING - No viable dags retrieved from /home/Ashreem/airflow-env/lib/python3.12/site-packages/airflow/example_dags/plugins/listener_plugin.py
[2025-03-07T02:47:46.133+0000] {processor.py:208} INFO - Processing /home/Ashreem/airflow-env/lib/python3.12/site-packages/airflow/example_dags/plugins/listener_plugin.py took 0.029 seconds
[2025-03-07T02:48:21.933+0000] {processor.py:186} INFO - Started process (PID=47302) to work on /home/Ashreem/airflow-env/lib/python3.12/site-packages/airflow/example_dags/plugins/listener_plugin.py
[2025-03-07T02:48:21.935+0000] {processor.py:914} INFO - Processing file /home/Ashreem/airflow-env/lib/python3.12/site-packages/airflow/example_dags/plugins/listener_plugin.py for tasks to queue
[2025-03-07T02:48:21.937+0000] {logging_mixin.py:190} INFO - [2025-03-07T02:48:21.937+0000] {dagbag.py:588} INFO - Filling up the DagBag from /home/Ashreem/airflow-env/lib/python3.12/site-packages/airflow/example_dags/plugins/listener_plugin.py
[2025-03-07T02:48:21.942+0000] {processor.py:927} WARNING - No viable dags retrieved from /home/Ashreem/airflow-env/lib/python3.12/site-packages/airflow/example_dags/plugins/listener_plugin.py
[2025-03-07T02:48:21.956+0000] {processor.py:208} INFO - Processing /home/Ashreem/airflow-env/lib/python3.12/site-packages/airflow/example_dags/plugins/listener_plugin.py took 0.031 seconds
[2025-03-07T02:48:56.521+0000] {processor.py:186} INFO - Started process (PID=47346) to work on /home/Ashreem/airflow-env/lib/python3.12/site-packages/airflow/example_dags/plugins/listener_plugin.py
[2025-03-07T02:48:56.523+0000] {processor.py:914} INFO - Processing file /home/Ashreem/airflow-env/lib/python3.12/site-packages/airflow/example_dags/plugins/listener_plugin.py for tasks to queue
[2025-03-07T02:48:56.526+0000] {logging_mixin.py:190} INFO - [2025-03-07T02:48:56.525+0000] {dagbag.py:588} INFO - Filling up the DagBag from /home/Ashreem/airflow-env/lib/python3.12/site-packages/airflow/example_dags/plugins/listener_plugin.py
[2025-03-07T02:48:56.529+0000] {processor.py:927} WARNING - No viable dags retrieved from /home/Ashreem/airflow-env/lib/python3.12/site-packages/airflow/example_dags/plugins/listener_plugin.py
[2025-03-07T02:48:56.542+0000] {processor.py:208} INFO - Processing /home/Ashreem/airflow-env/lib/python3.12/site-packages/airflow/example_dags/plugins/listener_plugin.py took 0.029 seconds
[2025-03-07T02:49:28.329+0000] {processor.py:186} INFO - Started process (PID=47380) to work on /home/Ashreem/airflow-env/lib/python3.12/site-packages/airflow/example_dags/plugins/listener_plugin.py
[2025-03-07T02:49:28.331+0000] {processor.py:914} INFO - Processing file /home/Ashreem/airflow-env/lib/python3.12/site-packages/airflow/example_dags/plugins/listener_plugin.py for tasks to queue
[2025-03-07T02:49:28.334+0000] {logging_mixin.py:190} INFO - [2025-03-07T02:49:28.334+0000] {dagbag.py:588} INFO - Filling up the DagBag from /home/Ashreem/airflow-env/lib/python3.12/site-packages/airflow/example_dags/plugins/listener_plugin.py
[2025-03-07T02:49:28.337+0000] {processor.py:927} WARNING - No viable dags retrieved from /home/Ashreem/airflow-env/lib/python3.12/site-packages/airflow/example_dags/plugins/listener_plugin.py
[2025-03-07T02:49:28.351+0000] {processor.py:208} INFO - Processing /home/Ashreem/airflow-env/lib/python3.12/site-packages/airflow/example_dags/plugins/listener_plugin.py took 0.030 seconds
[2025-03-07T02:50:02.335+0000] {processor.py:186} INFO - Started process (PID=47418) to work on /home/Ashreem/airflow-env/lib/python3.12/site-packages/airflow/example_dags/plugins/listener_plugin.py
[2025-03-07T02:50:02.337+0000] {processor.py:914} INFO - Processing file /home/Ashreem/airflow-env/lib/python3.12/site-packages/airflow/example_dags/plugins/listener_plugin.py for tasks to queue
[2025-03-07T02:50:02.339+0000] {logging_mixin.py:190} INFO - [2025-03-07T02:50:02.339+0000] {dagbag.py:588} INFO - Filling up the DagBag from /home/Ashreem/airflow-env/lib/python3.12/site-packages/airflow/example_dags/plugins/listener_plugin.py
[2025-03-07T02:50:02.342+0000] {processor.py:927} WARNING - No viable dags retrieved from /home/Ashreem/airflow-env/lib/python3.12/site-packages/airflow/example_dags/plugins/listener_plugin.py
[2025-03-07T02:50:02.358+0000] {processor.py:208} INFO - Processing /home/Ashreem/airflow-env/lib/python3.12/site-packages/airflow/example_dags/plugins/listener_plugin.py took 0.031 seconds
[2025-03-07T02:50:35.131+0000] {processor.py:186} INFO - Started process (PID=47456) to work on /home/Ashreem/airflow-env/lib/python3.12/site-packages/airflow/example_dags/plugins/listener_plugin.py
[2025-03-07T02:50:35.133+0000] {processor.py:914} INFO - Processing file /home/Ashreem/airflow-env/lib/python3.12/site-packages/airflow/example_dags/plugins/listener_plugin.py for tasks to queue
[2025-03-07T02:50:35.136+0000] {logging_mixin.py:190} INFO - [2025-03-07T02:50:35.135+0000] {dagbag.py:588} INFO - Filling up the DagBag from /home/Ashreem/airflow-env/lib/python3.12/site-packages/airflow/example_dags/plugins/listener_plugin.py
[2025-03-07T02:50:35.140+0000] {processor.py:927} WARNING - No viable dags retrieved from /home/Ashreem/airflow-env/lib/python3.12/site-packages/airflow/example_dags/plugins/listener_plugin.py
[2025-03-07T02:50:35.157+0000] {processor.py:208} INFO - Processing /home/Ashreem/airflow-env/lib/python3.12/site-packages/airflow/example_dags/plugins/listener_plugin.py took 0.035 seconds
[2025-03-07T02:51:34.889+0000] {processor.py:186} INFO - Started process (PID=47516) to work on /home/Ashreem/airflow-env/lib/python3.12/site-packages/airflow/example_dags/plugins/listener_plugin.py
[2025-03-07T02:51:34.891+0000] {processor.py:914} INFO - Processing file /home/Ashreem/airflow-env/lib/python3.12/site-packages/airflow/example_dags/plugins/listener_plugin.py for tasks to queue
[2025-03-07T02:51:34.894+0000] {logging_mixin.py:190} INFO - [2025-03-07T02:51:34.894+0000] {dagbag.py:588} INFO - Filling up the DagBag from /home/Ashreem/airflow-env/lib/python3.12/site-packages/airflow/example_dags/plugins/listener_plugin.py
[2025-03-07T02:51:34.898+0000] {processor.py:927} WARNING - No viable dags retrieved from /home/Ashreem/airflow-env/lib/python3.12/site-packages/airflow/example_dags/plugins/listener_plugin.py
[2025-03-07T02:51:34.910+0000] {processor.py:208} INFO - Processing /home/Ashreem/airflow-env/lib/python3.12/site-packages/airflow/example_dags/plugins/listener_plugin.py took 0.029 seconds
[2025-03-07T02:52:07.757+0000] {processor.py:186} INFO - Started process (PID=47551) to work on /home/Ashreem/airflow-env/lib/python3.12/site-packages/airflow/example_dags/plugins/listener_plugin.py
[2025-03-07T02:52:07.759+0000] {processor.py:914} INFO - Processing file /home/Ashreem/airflow-env/lib/python3.12/site-packages/airflow/example_dags/plugins/listener_plugin.py for tasks to queue
[2025-03-07T02:52:07.763+0000] {logging_mixin.py:190} INFO - [2025-03-07T02:52:07.762+0000] {dagbag.py:588} INFO - Filling up the DagBag from /home/Ashreem/airflow-env/lib/python3.12/site-packages/airflow/example_dags/plugins/listener_plugin.py
[2025-03-07T02:52:07.766+0000] {processor.py:927} WARNING - No viable dags retrieved from /home/Ashreem/airflow-env/lib/python3.12/site-packages/airflow/example_dags/plugins/listener_plugin.py
[2025-03-07T02:52:07.781+0000] {processor.py:208} INFO - Processing /home/Ashreem/airflow-env/lib/python3.12/site-packages/airflow/example_dags/plugins/listener_plugin.py took 0.032 seconds
[2025-03-07T02:52:41.451+0000] {processor.py:186} INFO - Started process (PID=47585) to work on /home/Ashreem/airflow-env/lib/python3.12/site-packages/airflow/example_dags/plugins/listener_plugin.py
[2025-03-07T02:52:41.452+0000] {processor.py:914} INFO - Processing file /home/Ashreem/airflow-env/lib/python3.12/site-packages/airflow/example_dags/plugins/listener_plugin.py for tasks to queue
[2025-03-07T02:52:41.456+0000] {logging_mixin.py:190} INFO - [2025-03-07T02:52:41.456+0000] {dagbag.py:588} INFO - Filling up the DagBag from /home/Ashreem/airflow-env/lib/python3.12/site-packages/airflow/example_dags/plugins/listener_plugin.py
[2025-03-07T02:52:41.460+0000] {processor.py:927} WARNING - No viable dags retrieved from /home/Ashreem/airflow-env/lib/python3.12/site-packages/airflow/example_dags/plugins/listener_plugin.py
[2025-03-07T02:52:41.474+0000] {processor.py:208} INFO - Processing /home/Ashreem/airflow-env/lib/python3.12/site-packages/airflow/example_dags/plugins/listener_plugin.py took 0.035 seconds
[2025-03-07T02:53:14.076+0000] {processor.py:186} INFO - Started process (PID=47618) to work on /home/Ashreem/airflow-env/lib/python3.12/site-packages/airflow/example_dags/plugins/listener_plugin.py
[2025-03-07T02:53:14.077+0000] {processor.py:914} INFO - Processing file /home/Ashreem/airflow-env/lib/python3.12/site-packages/airflow/example_dags/plugins/listener_plugin.py for tasks to queue
[2025-03-07T02:53:14.080+0000] {logging_mixin.py:190} INFO - [2025-03-07T02:53:14.080+0000] {dagbag.py:588} INFO - Filling up the DagBag from /home/Ashreem/airflow-env/lib/python3.12/site-packages/airflow/example_dags/plugins/listener_plugin.py
[2025-03-07T02:53:14.083+0000] {processor.py:927} WARNING - No viable dags retrieved from /home/Ashreem/airflow-env/lib/python3.12/site-packages/airflow/example_dags/plugins/listener_plugin.py
[2025-03-07T02:53:14.097+0000] {processor.py:208} INFO - Processing /home/Ashreem/airflow-env/lib/python3.12/site-packages/airflow/example_dags/plugins/listener_plugin.py took 0.028 seconds
[2025-03-07T02:54:16.288+0000] {processor.py:186} INFO - Started process (PID=47682) to work on /home/Ashreem/airflow-env/lib/python3.12/site-packages/airflow/example_dags/plugins/listener_plugin.py
[2025-03-07T02:54:16.290+0000] {processor.py:914} INFO - Processing file /home/Ashreem/airflow-env/lib/python3.12/site-packages/airflow/example_dags/plugins/listener_plugin.py for tasks to queue
[2025-03-07T02:54:16.293+0000] {logging_mixin.py:190} INFO - [2025-03-07T02:54:16.292+0000] {dagbag.py:588} INFO - Filling up the DagBag from /home/Ashreem/airflow-env/lib/python3.12/site-packages/airflow/example_dags/plugins/listener_plugin.py
[2025-03-07T02:54:16.296+0000] {processor.py:927} WARNING - No viable dags retrieved from /home/Ashreem/airflow-env/lib/python3.12/site-packages/airflow/example_dags/plugins/listener_plugin.py
[2025-03-07T02:54:16.315+0000] {processor.py:208} INFO - Processing /home/Ashreem/airflow-env/lib/python3.12/site-packages/airflow/example_dags/plugins/listener_plugin.py took 0.036 seconds
[2025-03-07T02:55:17.366+0000] {processor.py:186} INFO - Started process (PID=47749) to work on /home/Ashreem/airflow-env/lib/python3.12/site-packages/airflow/example_dags/plugins/listener_plugin.py
[2025-03-07T02:55:17.368+0000] {processor.py:914} INFO - Processing file /home/Ashreem/airflow-env/lib/python3.12/site-packages/airflow/example_dags/plugins/listener_plugin.py for tasks to queue
[2025-03-07T02:55:17.371+0000] {logging_mixin.py:190} INFO - [2025-03-07T02:55:17.371+0000] {dagbag.py:588} INFO - Filling up the DagBag from /home/Ashreem/airflow-env/lib/python3.12/site-packages/airflow/example_dags/plugins/listener_plugin.py
[2025-03-07T02:55:17.374+0000] {processor.py:927} WARNING - No viable dags retrieved from /home/Ashreem/airflow-env/lib/python3.12/site-packages/airflow/example_dags/plugins/listener_plugin.py
[2025-03-07T02:55:17.389+0000] {processor.py:208} INFO - Processing /home/Ashreem/airflow-env/lib/python3.12/site-packages/airflow/example_dags/plugins/listener_plugin.py took 0.030 seconds
[2025-03-07T02:55:48.209+0000] {processor.py:186} INFO - Started process (PID=47844) to work on /home/Ashreem/airflow-env/lib/python3.12/site-packages/airflow/example_dags/plugins/listener_plugin.py
[2025-03-07T02:55:48.210+0000] {processor.py:914} INFO - Processing file /home/Ashreem/airflow-env/lib/python3.12/site-packages/airflow/example_dags/plugins/listener_plugin.py for tasks to queue
[2025-03-07T02:55:48.213+0000] {logging_mixin.py:190} INFO - [2025-03-07T02:55:48.213+0000] {dagbag.py:588} INFO - Filling up the DagBag from /home/Ashreem/airflow-env/lib/python3.12/site-packages/airflow/example_dags/plugins/listener_plugin.py
[2025-03-07T02:55:48.216+0000] {processor.py:927} WARNING - No viable dags retrieved from /home/Ashreem/airflow-env/lib/python3.12/site-packages/airflow/example_dags/plugins/listener_plugin.py
[2025-03-07T02:55:48.230+0000] {processor.py:208} INFO - Processing /home/Ashreem/airflow-env/lib/python3.12/site-packages/airflow/example_dags/plugins/listener_plugin.py took 0.028 seconds
[2025-03-07T02:56:11.973+0000] {processor.py:186} INFO - Started process (PID=47894) to work on /home/Ashreem/airflow-env/lib/python3.12/site-packages/airflow/example_dags/plugins/listener_plugin.py
[2025-03-07T02:56:11.974+0000] {processor.py:914} INFO - Processing file /home/Ashreem/airflow-env/lib/python3.12/site-packages/airflow/example_dags/plugins/listener_plugin.py for tasks to queue
[2025-03-07T02:56:11.977+0000] {logging_mixin.py:190} INFO - [2025-03-07T02:56:11.977+0000] {dagbag.py:588} INFO - Filling up the DagBag from /home/Ashreem/airflow-env/lib/python3.12/site-packages/airflow/example_dags/plugins/listener_plugin.py
[2025-03-07T02:56:11.980+0000] {processor.py:927} WARNING - No viable dags retrieved from /home/Ashreem/airflow-env/lib/python3.12/site-packages/airflow/example_dags/plugins/listener_plugin.py
[2025-03-07T02:56:11.992+0000] {processor.py:208} INFO - Processing /home/Ashreem/airflow-env/lib/python3.12/site-packages/airflow/example_dags/plugins/listener_plugin.py took 0.027 seconds
[2025-03-07T02:56:21.727+0000] {processor.py:186} INFO - Started process (PID=47913) to work on /home/Ashreem/airflow-env/lib/python3.12/site-packages/airflow/example_dags/plugins/listener_plugin.py
[2025-03-07T02:56:21.729+0000] {processor.py:914} INFO - Processing file /home/Ashreem/airflow-env/lib/python3.12/site-packages/airflow/example_dags/plugins/listener_plugin.py for tasks to queue
[2025-03-07T02:56:21.731+0000] {logging_mixin.py:190} INFO - [2025-03-07T02:56:21.731+0000] {dagbag.py:588} INFO - Filling up the DagBag from /home/Ashreem/airflow-env/lib/python3.12/site-packages/airflow/example_dags/plugins/listener_plugin.py
[2025-03-07T02:56:21.734+0000] {processor.py:927} WARNING - No viable dags retrieved from /home/Ashreem/airflow-env/lib/python3.12/site-packages/airflow/example_dags/plugins/listener_plugin.py
[2025-03-07T02:56:21.749+0000] {processor.py:208} INFO - Processing /home/Ashreem/airflow-env/lib/python3.12/site-packages/airflow/example_dags/plugins/listener_plugin.py took 0.032 seconds
[2025-03-07T02:56:54.796+0000] {processor.py:186} INFO - Started process (PID=47973) to work on /home/Ashreem/airflow-env/lib/python3.12/site-packages/airflow/example_dags/plugins/listener_plugin.py
[2025-03-07T02:56:54.798+0000] {processor.py:914} INFO - Processing file /home/Ashreem/airflow-env/lib/python3.12/site-packages/airflow/example_dags/plugins/listener_plugin.py for tasks to queue
[2025-03-07T02:56:54.801+0000] {logging_mixin.py:190} INFO - [2025-03-07T02:56:54.800+0000] {dagbag.py:588} INFO - Filling up the DagBag from /home/Ashreem/airflow-env/lib/python3.12/site-packages/airflow/example_dags/plugins/listener_plugin.py
[2025-03-07T02:56:54.804+0000] {processor.py:927} WARNING - No viable dags retrieved from /home/Ashreem/airflow-env/lib/python3.12/site-packages/airflow/example_dags/plugins/listener_plugin.py
[2025-03-07T02:56:54.818+0000] {processor.py:208} INFO - Processing /home/Ashreem/airflow-env/lib/python3.12/site-packages/airflow/example_dags/plugins/listener_plugin.py took 0.030 seconds
[2025-03-07T02:57:26.852+0000] {processor.py:186} INFO - Started process (PID=48028) to work on /home/Ashreem/airflow-env/lib/python3.12/site-packages/airflow/example_dags/plugins/listener_plugin.py
[2025-03-07T02:57:26.853+0000] {processor.py:914} INFO - Processing file /home/Ashreem/airflow-env/lib/python3.12/site-packages/airflow/example_dags/plugins/listener_plugin.py for tasks to queue
[2025-03-07T02:57:26.856+0000] {logging_mixin.py:190} INFO - [2025-03-07T02:57:26.856+0000] {dagbag.py:588} INFO - Filling up the DagBag from /home/Ashreem/airflow-env/lib/python3.12/site-packages/airflow/example_dags/plugins/listener_plugin.py
[2025-03-07T02:57:26.860+0000] {processor.py:927} WARNING - No viable dags retrieved from /home/Ashreem/airflow-env/lib/python3.12/site-packages/airflow/example_dags/plugins/listener_plugin.py
[2025-03-07T02:57:26.873+0000] {processor.py:208} INFO - Processing /home/Ashreem/airflow-env/lib/python3.12/site-packages/airflow/example_dags/plugins/listener_plugin.py took 0.028 seconds
[2025-03-07T02:57:57.941+0000] {processor.py:186} INFO - Started process (PID=48065) to work on /home/Ashreem/airflow-env/lib/python3.12/site-packages/airflow/example_dags/plugins/listener_plugin.py
[2025-03-07T02:57:57.943+0000] {processor.py:914} INFO - Processing file /home/Ashreem/airflow-env/lib/python3.12/site-packages/airflow/example_dags/plugins/listener_plugin.py for tasks to queue
[2025-03-07T02:57:57.946+0000] {logging_mixin.py:190} INFO - [2025-03-07T02:57:57.945+0000] {dagbag.py:588} INFO - Filling up the DagBag from /home/Ashreem/airflow-env/lib/python3.12/site-packages/airflow/example_dags/plugins/listener_plugin.py
[2025-03-07T02:57:57.950+0000] {processor.py:927} WARNING - No viable dags retrieved from /home/Ashreem/airflow-env/lib/python3.12/site-packages/airflow/example_dags/plugins/listener_plugin.py
[2025-03-07T02:57:57.964+0000] {processor.py:208} INFO - Processing /home/Ashreem/airflow-env/lib/python3.12/site-packages/airflow/example_dags/plugins/listener_plugin.py took 0.032 seconds
[2025-03-07T02:58:30.414+0000] {processor.py:186} INFO - Started process (PID=48098) to work on /home/Ashreem/airflow-env/lib/python3.12/site-packages/airflow/example_dags/plugins/listener_plugin.py
[2025-03-07T02:58:30.415+0000] {processor.py:914} INFO - Processing file /home/Ashreem/airflow-env/lib/python3.12/site-packages/airflow/example_dags/plugins/listener_plugin.py for tasks to queue
[2025-03-07T02:58:30.417+0000] {logging_mixin.py:190} INFO - [2025-03-07T02:58:30.417+0000] {dagbag.py:588} INFO - Filling up the DagBag from /home/Ashreem/airflow-env/lib/python3.12/site-packages/airflow/example_dags/plugins/listener_plugin.py
[2025-03-07T02:58:30.420+0000] {processor.py:927} WARNING - No viable dags retrieved from /home/Ashreem/airflow-env/lib/python3.12/site-packages/airflow/example_dags/plugins/listener_plugin.py
[2025-03-07T02:58:30.434+0000] {processor.py:208} INFO - Processing /home/Ashreem/airflow-env/lib/python3.12/site-packages/airflow/example_dags/plugins/listener_plugin.py took 0.029 seconds
[2025-03-07T02:59:04.195+0000] {processor.py:186} INFO - Started process (PID=48149) to work on /home/Ashreem/airflow-env/lib/python3.12/site-packages/airflow/example_dags/plugins/listener_plugin.py
[2025-03-07T02:59:04.198+0000] {processor.py:914} INFO - Processing file /home/Ashreem/airflow-env/lib/python3.12/site-packages/airflow/example_dags/plugins/listener_plugin.py for tasks to queue
[2025-03-07T02:59:04.201+0000] {logging_mixin.py:190} INFO - [2025-03-07T02:59:04.201+0000] {dagbag.py:588} INFO - Filling up the DagBag from /home/Ashreem/airflow-env/lib/python3.12/site-packages/airflow/example_dags/plugins/listener_plugin.py
[2025-03-07T02:59:04.206+0000] {processor.py:927} WARNING - No viable dags retrieved from /home/Ashreem/airflow-env/lib/python3.12/site-packages/airflow/example_dags/plugins/listener_plugin.py
[2025-03-07T02:59:04.228+0000] {processor.py:208} INFO - Processing /home/Ashreem/airflow-env/lib/python3.12/site-packages/airflow/example_dags/plugins/listener_plugin.py took 0.043 seconds
[2025-03-07T02:59:07.932+0000] {processor.py:186} INFO - Started process (PID=48168) to work on /home/Ashreem/airflow-env/lib/python3.12/site-packages/airflow/example_dags/plugins/listener_plugin.py
[2025-03-07T02:59:07.933+0000] {processor.py:914} INFO - Processing file /home/Ashreem/airflow-env/lib/python3.12/site-packages/airflow/example_dags/plugins/listener_plugin.py for tasks to queue
[2025-03-07T02:59:07.939+0000] {logging_mixin.py:190} INFO - [2025-03-07T02:59:07.938+0000] {dagbag.py:588} INFO - Filling up the DagBag from /home/Ashreem/airflow-env/lib/python3.12/site-packages/airflow/example_dags/plugins/listener_plugin.py
[2025-03-07T02:59:07.944+0000] {processor.py:927} WARNING - No viable dags retrieved from /home/Ashreem/airflow-env/lib/python3.12/site-packages/airflow/example_dags/plugins/listener_plugin.py
[2025-03-07T02:59:07.958+0000] {processor.py:208} INFO - Processing /home/Ashreem/airflow-env/lib/python3.12/site-packages/airflow/example_dags/plugins/listener_plugin.py took 0.033 seconds
[2025-03-07T02:59:36.865+0000] {processor.py:186} INFO - Started process (PID=48216) to work on /home/Ashreem/airflow-env/lib/python3.12/site-packages/airflow/example_dags/plugins/listener_plugin.py
[2025-03-07T02:59:36.866+0000] {processor.py:914} INFO - Processing file /home/Ashreem/airflow-env/lib/python3.12/site-packages/airflow/example_dags/plugins/listener_plugin.py for tasks to queue
[2025-03-07T02:59:36.868+0000] {logging_mixin.py:190} INFO - [2025-03-07T02:59:36.868+0000] {dagbag.py:588} INFO - Filling up the DagBag from /home/Ashreem/airflow-env/lib/python3.12/site-packages/airflow/example_dags/plugins/listener_plugin.py
[2025-03-07T02:59:36.871+0000] {processor.py:927} WARNING - No viable dags retrieved from /home/Ashreem/airflow-env/lib/python3.12/site-packages/airflow/example_dags/plugins/listener_plugin.py
[2025-03-07T02:59:36.887+0000] {processor.py:208} INFO - Processing /home/Ashreem/airflow-env/lib/python3.12/site-packages/airflow/example_dags/plugins/listener_plugin.py took 0.031 seconds
[2025-03-07T02:59:58.912+0000] {processor.py:186} INFO - Started process (PID=48264) to work on /home/Ashreem/airflow-env/lib/python3.12/site-packages/airflow/example_dags/plugins/listener_plugin.py
[2025-03-07T02:59:58.914+0000] {processor.py:914} INFO - Processing file /home/Ashreem/airflow-env/lib/python3.12/site-packages/airflow/example_dags/plugins/listener_plugin.py for tasks to queue
[2025-03-07T02:59:58.917+0000] {logging_mixin.py:190} INFO - [2025-03-07T02:59:58.916+0000] {dagbag.py:588} INFO - Filling up the DagBag from /home/Ashreem/airflow-env/lib/python3.12/site-packages/airflow/example_dags/plugins/listener_plugin.py
[2025-03-07T02:59:58.920+0000] {processor.py:927} WARNING - No viable dags retrieved from /home/Ashreem/airflow-env/lib/python3.12/site-packages/airflow/example_dags/plugins/listener_plugin.py
[2025-03-07T02:59:58.950+0000] {processor.py:208} INFO - Processing /home/Ashreem/airflow-env/lib/python3.12/site-packages/airflow/example_dags/plugins/listener_plugin.py took 0.044 seconds
[2025-03-07T03:00:10.880+0000] {processor.py:186} INFO - Started process (PID=48291) to work on /home/Ashreem/airflow-env/lib/python3.12/site-packages/airflow/example_dags/plugins/listener_plugin.py
[2025-03-07T03:00:10.881+0000] {processor.py:914} INFO - Processing file /home/Ashreem/airflow-env/lib/python3.12/site-packages/airflow/example_dags/plugins/listener_plugin.py for tasks to queue
[2025-03-07T03:00:10.884+0000] {logging_mixin.py:190} INFO - [2025-03-07T03:00:10.884+0000] {dagbag.py:588} INFO - Filling up the DagBag from /home/Ashreem/airflow-env/lib/python3.12/site-packages/airflow/example_dags/plugins/listener_plugin.py
[2025-03-07T03:00:10.887+0000] {processor.py:927} WARNING - No viable dags retrieved from /home/Ashreem/airflow-env/lib/python3.12/site-packages/airflow/example_dags/plugins/listener_plugin.py
[2025-03-07T03:00:10.900+0000] {processor.py:208} INFO - Processing /home/Ashreem/airflow-env/lib/python3.12/site-packages/airflow/example_dags/plugins/listener_plugin.py took 0.027 seconds
[2025-03-07T03:00:45.086+0000] {processor.py:186} INFO - Started process (PID=48329) to work on /home/Ashreem/airflow-env/lib/python3.12/site-packages/airflow/example_dags/plugins/listener_plugin.py
[2025-03-07T03:00:45.087+0000] {processor.py:914} INFO - Processing file /home/Ashreem/airflow-env/lib/python3.12/site-packages/airflow/example_dags/plugins/listener_plugin.py for tasks to queue
[2025-03-07T03:00:45.091+0000] {logging_mixin.py:190} INFO - [2025-03-07T03:00:45.090+0000] {dagbag.py:588} INFO - Filling up the DagBag from /home/Ashreem/airflow-env/lib/python3.12/site-packages/airflow/example_dags/plugins/listener_plugin.py
[2025-03-07T03:00:45.094+0000] {processor.py:927} WARNING - No viable dags retrieved from /home/Ashreem/airflow-env/lib/python3.12/site-packages/airflow/example_dags/plugins/listener_plugin.py
[2025-03-07T03:00:45.110+0000] {processor.py:208} INFO - Processing /home/Ashreem/airflow-env/lib/python3.12/site-packages/airflow/example_dags/plugins/listener_plugin.py took 0.034 seconds
[2025-03-07T03:01:17.392+0000] {processor.py:186} INFO - Started process (PID=48368) to work on /home/Ashreem/airflow-env/lib/python3.12/site-packages/airflow/example_dags/plugins/listener_plugin.py
[2025-03-07T03:01:17.393+0000] {processor.py:914} INFO - Processing file /home/Ashreem/airflow-env/lib/python3.12/site-packages/airflow/example_dags/plugins/listener_plugin.py for tasks to queue
[2025-03-07T03:01:17.396+0000] {logging_mixin.py:190} INFO - [2025-03-07T03:01:17.396+0000] {dagbag.py:588} INFO - Filling up the DagBag from /home/Ashreem/airflow-env/lib/python3.12/site-packages/airflow/example_dags/plugins/listener_plugin.py
[2025-03-07T03:01:17.399+0000] {processor.py:927} WARNING - No viable dags retrieved from /home/Ashreem/airflow-env/lib/python3.12/site-packages/airflow/example_dags/plugins/listener_plugin.py
[2025-03-07T03:01:17.413+0000] {processor.py:208} INFO - Processing /home/Ashreem/airflow-env/lib/python3.12/site-packages/airflow/example_dags/plugins/listener_plugin.py took 0.028 seconds
[2025-03-07T03:02:18.509+0000] {processor.py:186} INFO - Started process (PID=48430) to work on /home/Ashreem/airflow-env/lib/python3.12/site-packages/airflow/example_dags/plugins/listener_plugin.py
[2025-03-07T03:02:18.510+0000] {processor.py:914} INFO - Processing file /home/Ashreem/airflow-env/lib/python3.12/site-packages/airflow/example_dags/plugins/listener_plugin.py for tasks to queue
[2025-03-07T03:02:18.513+0000] {logging_mixin.py:190} INFO - [2025-03-07T03:02:18.513+0000] {dagbag.py:588} INFO - Filling up the DagBag from /home/Ashreem/airflow-env/lib/python3.12/site-packages/airflow/example_dags/plugins/listener_plugin.py
[2025-03-07T03:02:18.516+0000] {processor.py:927} WARNING - No viable dags retrieved from /home/Ashreem/airflow-env/lib/python3.12/site-packages/airflow/example_dags/plugins/listener_plugin.py
[2025-03-07T03:02:18.530+0000] {processor.py:208} INFO - Processing /home/Ashreem/airflow-env/lib/python3.12/site-packages/airflow/example_dags/plugins/listener_plugin.py took 0.029 seconds
[2025-03-07T03:03:17.277+0000] {processor.py:186} INFO - Started process (PID=48559) to work on /home/Ashreem/airflow-env/lib/python3.12/site-packages/airflow/example_dags/plugins/listener_plugin.py
[2025-03-07T03:03:17.279+0000] {processor.py:914} INFO - Processing file /home/Ashreem/airflow-env/lib/python3.12/site-packages/airflow/example_dags/plugins/listener_plugin.py for tasks to queue
[2025-03-07T03:03:17.282+0000] {logging_mixin.py:190} INFO - [2025-03-07T03:03:17.281+0000] {dagbag.py:588} INFO - Filling up the DagBag from /home/Ashreem/airflow-env/lib/python3.12/site-packages/airflow/example_dags/plugins/listener_plugin.py
[2025-03-07T03:03:17.285+0000] {processor.py:927} WARNING - No viable dags retrieved from /home/Ashreem/airflow-env/lib/python3.12/site-packages/airflow/example_dags/plugins/listener_plugin.py
[2025-03-07T03:03:17.301+0000] {processor.py:208} INFO - Processing /home/Ashreem/airflow-env/lib/python3.12/site-packages/airflow/example_dags/plugins/listener_plugin.py took 0.031 seconds
[2025-03-07T03:03:29.119+0000] {processor.py:186} INFO - Started process (PID=48587) to work on /home/Ashreem/airflow-env/lib/python3.12/site-packages/airflow/example_dags/plugins/listener_plugin.py
[2025-03-07T03:03:29.121+0000] {processor.py:914} INFO - Processing file /home/Ashreem/airflow-env/lib/python3.12/site-packages/airflow/example_dags/plugins/listener_plugin.py for tasks to queue
[2025-03-07T03:03:29.124+0000] {logging_mixin.py:190} INFO - [2025-03-07T03:03:29.124+0000] {dagbag.py:588} INFO - Filling up the DagBag from /home/Ashreem/airflow-env/lib/python3.12/site-packages/airflow/example_dags/plugins/listener_plugin.py
[2025-03-07T03:03:29.129+0000] {processor.py:927} WARNING - No viable dags retrieved from /home/Ashreem/airflow-env/lib/python3.12/site-packages/airflow/example_dags/plugins/listener_plugin.py
[2025-03-07T03:03:29.143+0000] {processor.py:208} INFO - Processing /home/Ashreem/airflow-env/lib/python3.12/site-packages/airflow/example_dags/plugins/listener_plugin.py took 0.032 seconds
[2025-03-07T03:04:30.173+0000] {processor.py:186} INFO - Started process (PID=48664) to work on /home/Ashreem/airflow-env/lib/python3.12/site-packages/airflow/example_dags/plugins/listener_plugin.py
[2025-03-07T03:04:30.174+0000] {processor.py:914} INFO - Processing file /home/Ashreem/airflow-env/lib/python3.12/site-packages/airflow/example_dags/plugins/listener_plugin.py for tasks to queue
[2025-03-07T03:04:30.176+0000] {logging_mixin.py:190} INFO - [2025-03-07T03:04:30.176+0000] {dagbag.py:588} INFO - Filling up the DagBag from /home/Ashreem/airflow-env/lib/python3.12/site-packages/airflow/example_dags/plugins/listener_plugin.py
[2025-03-07T03:04:30.180+0000] {processor.py:927} WARNING - No viable dags retrieved from /home/Ashreem/airflow-env/lib/python3.12/site-packages/airflow/example_dags/plugins/listener_plugin.py
[2025-03-07T03:04:30.192+0000] {processor.py:208} INFO - Processing /home/Ashreem/airflow-env/lib/python3.12/site-packages/airflow/example_dags/plugins/listener_plugin.py took 0.026 seconds
[2025-03-07T03:05:02.345+0000] {processor.py:186} INFO - Started process (PID=48701) to work on /home/Ashreem/airflow-env/lib/python3.12/site-packages/airflow/example_dags/plugins/listener_plugin.py
[2025-03-07T03:05:02.346+0000] {processor.py:914} INFO - Processing file /home/Ashreem/airflow-env/lib/python3.12/site-packages/airflow/example_dags/plugins/listener_plugin.py for tasks to queue
[2025-03-07T03:05:02.350+0000] {logging_mixin.py:190} INFO - [2025-03-07T03:05:02.349+0000] {dagbag.py:588} INFO - Filling up the DagBag from /home/Ashreem/airflow-env/lib/python3.12/site-packages/airflow/example_dags/plugins/listener_plugin.py
[2025-03-07T03:05:02.353+0000] {processor.py:927} WARNING - No viable dags retrieved from /home/Ashreem/airflow-env/lib/python3.12/site-packages/airflow/example_dags/plugins/listener_plugin.py
[2025-03-07T03:05:02.366+0000] {processor.py:208} INFO - Processing /home/Ashreem/airflow-env/lib/python3.12/site-packages/airflow/example_dags/plugins/listener_plugin.py took 0.031 seconds
[2025-03-07T03:06:04.623+0000] {processor.py:186} INFO - Started process (PID=48950) to work on /home/Ashreem/airflow-env/lib/python3.12/site-packages/airflow/example_dags/plugins/listener_plugin.py
[2025-03-07T03:06:04.624+0000] {processor.py:914} INFO - Processing file /home/Ashreem/airflow-env/lib/python3.12/site-packages/airflow/example_dags/plugins/listener_plugin.py for tasks to queue
[2025-03-07T03:06:04.627+0000] {logging_mixin.py:190} INFO - [2025-03-07T03:06:04.626+0000] {dagbag.py:588} INFO - Filling up the DagBag from /home/Ashreem/airflow-env/lib/python3.12/site-packages/airflow/example_dags/plugins/listener_plugin.py
[2025-03-07T03:06:04.630+0000] {processor.py:927} WARNING - No viable dags retrieved from /home/Ashreem/airflow-env/lib/python3.12/site-packages/airflow/example_dags/plugins/listener_plugin.py
[2025-03-07T03:06:04.644+0000] {processor.py:208} INFO - Processing /home/Ashreem/airflow-env/lib/python3.12/site-packages/airflow/example_dags/plugins/listener_plugin.py took 0.029 seconds
[2025-03-07T03:06:39.426+0000] {processor.py:186} INFO - Started process (PID=48986) to work on /home/Ashreem/airflow-env/lib/python3.12/site-packages/airflow/example_dags/plugins/listener_plugin.py
[2025-03-07T03:06:39.428+0000] {processor.py:914} INFO - Processing file /home/Ashreem/airflow-env/lib/python3.12/site-packages/airflow/example_dags/plugins/listener_plugin.py for tasks to queue
[2025-03-07T03:06:39.431+0000] {logging_mixin.py:190} INFO - [2025-03-07T03:06:39.430+0000] {dagbag.py:588} INFO - Filling up the DagBag from /home/Ashreem/airflow-env/lib/python3.12/site-packages/airflow/example_dags/plugins/listener_plugin.py
[2025-03-07T03:06:39.435+0000] {processor.py:927} WARNING - No viable dags retrieved from /home/Ashreem/airflow-env/lib/python3.12/site-packages/airflow/example_dags/plugins/listener_plugin.py
[2025-03-07T03:06:39.449+0000] {processor.py:208} INFO - Processing /home/Ashreem/airflow-env/lib/python3.12/site-packages/airflow/example_dags/plugins/listener_plugin.py took 0.031 seconds
[2025-03-07T03:07:44.869+0000] {processor.py:186} INFO - Started process (PID=49060) to work on /home/Ashreem/airflow-env/lib/python3.12/site-packages/airflow/example_dags/plugins/listener_plugin.py
[2025-03-07T03:07:44.871+0000] {processor.py:914} INFO - Processing file /home/Ashreem/airflow-env/lib/python3.12/site-packages/airflow/example_dags/plugins/listener_plugin.py for tasks to queue
[2025-03-07T03:07:44.874+0000] {logging_mixin.py:190} INFO - [2025-03-07T03:07:44.874+0000] {dagbag.py:588} INFO - Filling up the DagBag from /home/Ashreem/airflow-env/lib/python3.12/site-packages/airflow/example_dags/plugins/listener_plugin.py
[2025-03-07T03:07:44.879+0000] {processor.py:927} WARNING - No viable dags retrieved from /home/Ashreem/airflow-env/lib/python3.12/site-packages/airflow/example_dags/plugins/listener_plugin.py
[2025-03-07T03:07:44.893+0000] {processor.py:208} INFO - Processing /home/Ashreem/airflow-env/lib/python3.12/site-packages/airflow/example_dags/plugins/listener_plugin.py took 0.031 seconds
[2025-03-07T03:08:45.927+0000] {processor.py:186} INFO - Started process (PID=49136) to work on /home/Ashreem/airflow-env/lib/python3.12/site-packages/airflow/example_dags/plugins/listener_plugin.py
[2025-03-07T03:08:45.929+0000] {processor.py:914} INFO - Processing file /home/Ashreem/airflow-env/lib/python3.12/site-packages/airflow/example_dags/plugins/listener_plugin.py for tasks to queue
[2025-03-07T03:08:45.933+0000] {logging_mixin.py:190} INFO - [2025-03-07T03:08:45.932+0000] {dagbag.py:588} INFO - Filling up the DagBag from /home/Ashreem/airflow-env/lib/python3.12/site-packages/airflow/example_dags/plugins/listener_plugin.py
[2025-03-07T03:08:45.936+0000] {processor.py:927} WARNING - No viable dags retrieved from /home/Ashreem/airflow-env/lib/python3.12/site-packages/airflow/example_dags/plugins/listener_plugin.py
[2025-03-07T03:08:45.950+0000] {processor.py:208} INFO - Processing /home/Ashreem/airflow-env/lib/python3.12/site-packages/airflow/example_dags/plugins/listener_plugin.py took 0.029 seconds
[2025-03-07T03:09:18.111+0000] {processor.py:186} INFO - Started process (PID=49170) to work on /home/Ashreem/airflow-env/lib/python3.12/site-packages/airflow/example_dags/plugins/listener_plugin.py
[2025-03-07T03:09:18.113+0000] {processor.py:914} INFO - Processing file /home/Ashreem/airflow-env/lib/python3.12/site-packages/airflow/example_dags/plugins/listener_plugin.py for tasks to queue
[2025-03-07T03:09:18.115+0000] {logging_mixin.py:190} INFO - [2025-03-07T03:09:18.115+0000] {dagbag.py:588} INFO - Filling up the DagBag from /home/Ashreem/airflow-env/lib/python3.12/site-packages/airflow/example_dags/plugins/listener_plugin.py
[2025-03-07T03:09:18.119+0000] {processor.py:927} WARNING - No viable dags retrieved from /home/Ashreem/airflow-env/lib/python3.12/site-packages/airflow/example_dags/plugins/listener_plugin.py
[2025-03-07T03:09:18.133+0000] {processor.py:208} INFO - Processing /home/Ashreem/airflow-env/lib/python3.12/site-packages/airflow/example_dags/plugins/listener_plugin.py took 0.029 seconds
