[2025-03-07T02:30:00.134+0000] {processor.py:186} INFO - Started process (PID=45953) to work on /home/Ashreem/airflow-env/lib/python3.12/site-packages/airflow/example_dags/plugins/workday.py
[2025-03-07T02:30:00.135+0000] {processor.py:914} INFO - Processing file /home/Ashreem/airflow-env/lib/python3.12/site-packages/airflow/example_dags/plugins/workday.py for tasks to queue
[2025-03-07T02:30:00.138+0000] {logging_mixin.py:190} INFO - [2025-03-07T02:30:00.137+0000] {dagbag.py:588} INFO - Filling up the DagBag from /home/Ashreem/airflow-env/lib/python3.12/site-packages/airflow/example_dags/plugins/workday.py
[2025-03-07T02:30:00.141+0000] {processor.py:927} WARNING - No viable dags retrieved from /home/Ashreem/airflow-env/lib/python3.12/site-packages/airflow/example_dags/plugins/workday.py
[2025-03-07T02:30:00.385+0000] {processor.py:208} INFO - Processing /home/Ashreem/airflow-env/lib/python3.12/site-packages/airflow/example_dags/plugins/workday.py took 0.261 seconds
[2025-03-07T02:32:48.140+0000] {processor.py:186} INFO - Started process (PID=46060) to work on /home/Ashreem/airflow-env/lib/python3.12/site-packages/airflow/example_dags/plugins/workday.py
[2025-03-07T02:32:48.143+0000] {processor.py:914} INFO - Processing file /home/Ashreem/airflow-env/lib/python3.12/site-packages/airflow/example_dags/plugins/workday.py for tasks to queue
[2025-03-07T02:32:48.145+0000] {logging_mixin.py:190} INFO - [2025-03-07T02:32:48.145+0000] {dagbag.py:588} INFO - Filling up the DagBag from /home/Ashreem/airflow-env/lib/python3.12/site-packages/airflow/example_dags/plugins/workday.py
[2025-03-07T02:32:48.149+0000] {processor.py:927} WARNING - No viable dags retrieved from /home/Ashreem/airflow-env/lib/python3.12/site-packages/airflow/example_dags/plugins/workday.py
[2025-03-07T02:32:48.171+0000] {processor.py:208} INFO - Processing /home/Ashreem/airflow-env/lib/python3.12/site-packages/airflow/example_dags/plugins/workday.py took 0.038 seconds
[2025-03-07T02:33:52.171+0000] {processor.py:186} INFO - Started process (PID=46328) to work on /home/Ashreem/airflow-env/lib/python3.12/site-packages/airflow/example_dags/plugins/workday.py
[2025-03-07T02:33:52.172+0000] {processor.py:914} INFO - Processing file /home/Ashreem/airflow-env/lib/python3.12/site-packages/airflow/example_dags/plugins/workday.py for tasks to queue
[2025-03-07T02:33:52.175+0000] {logging_mixin.py:190} INFO - [2025-03-07T02:33:52.175+0000] {dagbag.py:588} INFO - Filling up the DagBag from /home/Ashreem/airflow-env/lib/python3.12/site-packages/airflow/example_dags/plugins/workday.py
[2025-03-07T02:33:52.180+0000] {processor.py:927} WARNING - No viable dags retrieved from /home/Ashreem/airflow-env/lib/python3.12/site-packages/airflow/example_dags/plugins/workday.py
[2025-03-07T02:33:52.196+0000] {processor.py:208} INFO - Processing /home/Ashreem/airflow-env/lib/python3.12/site-packages/airflow/example_dags/plugins/workday.py took 0.035 seconds
[2025-03-07T02:34:29.358+0000] {processor.py:186} INFO - Started process (PID=46432) to work on /home/Ashreem/airflow-env/lib/python3.12/site-packages/airflow/example_dags/plugins/workday.py
[2025-03-07T02:34:29.361+0000] {processor.py:914} INFO - Processing file /home/Ashreem/airflow-env/lib/python3.12/site-packages/airflow/example_dags/plugins/workday.py for tasks to queue
[2025-03-07T02:34:29.365+0000] {logging_mixin.py:190} INFO - [2025-03-07T02:34:29.364+0000] {dagbag.py:588} INFO - Filling up the DagBag from /home/Ashreem/airflow-env/lib/python3.12/site-packages/airflow/example_dags/plugins/workday.py
[2025-03-07T02:34:29.369+0000] {processor.py:927} WARNING - No viable dags retrieved from /home/Ashreem/airflow-env/lib/python3.12/site-packages/airflow/example_dags/plugins/workday.py
[2025-03-07T02:34:29.383+0000] {processor.py:208} INFO - Processing /home/Ashreem/airflow-env/lib/python3.12/site-packages/airflow/example_dags/plugins/workday.py took 0.033 seconds
[2025-03-07T02:35:02.375+0000] {processor.py:186} INFO - Started process (PID=46467) to work on /home/Ashreem/airflow-env/lib/python3.12/site-packages/airflow/example_dags/plugins/workday.py
[2025-03-07T02:35:02.376+0000] {processor.py:914} INFO - Processing file /home/Ashreem/airflow-env/lib/python3.12/site-packages/airflow/example_dags/plugins/workday.py for tasks to queue
[2025-03-07T02:35:02.379+0000] {logging_mixin.py:190} INFO - [2025-03-07T02:35:02.378+0000] {dagbag.py:588} INFO - Filling up the DagBag from /home/Ashreem/airflow-env/lib/python3.12/site-packages/airflow/example_dags/plugins/workday.py
[2025-03-07T02:35:02.383+0000] {processor.py:927} WARNING - No viable dags retrieved from /home/Ashreem/airflow-env/lib/python3.12/site-packages/airflow/example_dags/plugins/workday.py
[2025-03-07T02:35:02.397+0000] {processor.py:208} INFO - Processing /home/Ashreem/airflow-env/lib/python3.12/site-packages/airflow/example_dags/plugins/workday.py took 0.030 seconds
[2025-03-07T02:35:34.809+0000] {processor.py:186} INFO - Started process (PID=46498) to work on /home/Ashreem/airflow-env/lib/python3.12/site-packages/airflow/example_dags/plugins/workday.py
[2025-03-07T02:35:34.810+0000] {processor.py:914} INFO - Processing file /home/Ashreem/airflow-env/lib/python3.12/site-packages/airflow/example_dags/plugins/workday.py for tasks to queue
[2025-03-07T02:35:34.813+0000] {logging_mixin.py:190} INFO - [2025-03-07T02:35:34.812+0000] {dagbag.py:588} INFO - Filling up the DagBag from /home/Ashreem/airflow-env/lib/python3.12/site-packages/airflow/example_dags/plugins/workday.py
[2025-03-07T02:35:34.816+0000] {processor.py:927} WARNING - No viable dags retrieved from /home/Ashreem/airflow-env/lib/python3.12/site-packages/airflow/example_dags/plugins/workday.py
[2025-03-07T02:35:34.830+0000] {processor.py:208} INFO - Processing /home/Ashreem/airflow-env/lib/python3.12/site-packages/airflow/example_dags/plugins/workday.py took 0.028 seconds
[2025-03-07T02:36:07.878+0000] {processor.py:186} INFO - Started process (PID=46533) to work on /home/Ashreem/airflow-env/lib/python3.12/site-packages/airflow/example_dags/plugins/workday.py
[2025-03-07T02:36:07.880+0000] {processor.py:914} INFO - Processing file /home/Ashreem/airflow-env/lib/python3.12/site-packages/airflow/example_dags/plugins/workday.py for tasks to queue
[2025-03-07T02:36:07.882+0000] {logging_mixin.py:190} INFO - [2025-03-07T02:36:07.882+0000] {dagbag.py:588} INFO - Filling up the DagBag from /home/Ashreem/airflow-env/lib/python3.12/site-packages/airflow/example_dags/plugins/workday.py
[2025-03-07T02:36:07.886+0000] {processor.py:927} WARNING - No viable dags retrieved from /home/Ashreem/airflow-env/lib/python3.12/site-packages/airflow/example_dags/plugins/workday.py
[2025-03-07T02:36:07.899+0000] {processor.py:208} INFO - Processing /home/Ashreem/airflow-env/lib/python3.12/site-packages/airflow/example_dags/plugins/workday.py took 0.031 seconds
[2025-03-07T02:36:42.671+0000] {processor.py:186} INFO - Started process (PID=46569) to work on /home/Ashreem/airflow-env/lib/python3.12/site-packages/airflow/example_dags/plugins/workday.py
[2025-03-07T02:36:42.673+0000] {processor.py:914} INFO - Processing file /home/Ashreem/airflow-env/lib/python3.12/site-packages/airflow/example_dags/plugins/workday.py for tasks to queue
[2025-03-07T02:36:42.676+0000] {logging_mixin.py:190} INFO - [2025-03-07T02:36:42.675+0000] {dagbag.py:588} INFO - Filling up the DagBag from /home/Ashreem/airflow-env/lib/python3.12/site-packages/airflow/example_dags/plugins/workday.py
[2025-03-07T02:36:42.680+0000] {processor.py:927} WARNING - No viable dags retrieved from /home/Ashreem/airflow-env/lib/python3.12/site-packages/airflow/example_dags/plugins/workday.py
[2025-03-07T02:36:42.693+0000] {processor.py:208} INFO - Processing /home/Ashreem/airflow-env/lib/python3.12/site-packages/airflow/example_dags/plugins/workday.py took 0.029 seconds
[2025-03-07T02:37:15.635+0000] {processor.py:186} INFO - Started process (PID=46601) to work on /home/Ashreem/airflow-env/lib/python3.12/site-packages/airflow/example_dags/plugins/workday.py
[2025-03-07T02:37:15.636+0000] {processor.py:914} INFO - Processing file /home/Ashreem/airflow-env/lib/python3.12/site-packages/airflow/example_dags/plugins/workday.py for tasks to queue
[2025-03-07T02:37:15.639+0000] {logging_mixin.py:190} INFO - [2025-03-07T02:37:15.639+0000] {dagbag.py:588} INFO - Filling up the DagBag from /home/Ashreem/airflow-env/lib/python3.12/site-packages/airflow/example_dags/plugins/workday.py
[2025-03-07T02:37:15.642+0000] {processor.py:927} WARNING - No viable dags retrieved from /home/Ashreem/airflow-env/lib/python3.12/site-packages/airflow/example_dags/plugins/workday.py
[2025-03-07T02:37:15.655+0000] {processor.py:208} INFO - Processing /home/Ashreem/airflow-env/lib/python3.12/site-packages/airflow/example_dags/plugins/workday.py took 0.028 seconds
[2025-03-07T02:38:17.207+0000] {processor.py:186} INFO - Started process (PID=46661) to work on /home/Ashreem/airflow-env/lib/python3.12/site-packages/airflow/example_dags/plugins/workday.py
[2025-03-07T02:38:17.209+0000] {processor.py:914} INFO - Processing file /home/Ashreem/airflow-env/lib/python3.12/site-packages/airflow/example_dags/plugins/workday.py for tasks to queue
[2025-03-07T02:38:17.212+0000] {logging_mixin.py:190} INFO - [2025-03-07T02:38:17.211+0000] {dagbag.py:588} INFO - Filling up the DagBag from /home/Ashreem/airflow-env/lib/python3.12/site-packages/airflow/example_dags/plugins/workday.py
[2025-03-07T02:38:17.215+0000] {processor.py:927} WARNING - No viable dags retrieved from /home/Ashreem/airflow-env/lib/python3.12/site-packages/airflow/example_dags/plugins/workday.py
[2025-03-07T02:38:17.231+0000] {processor.py:208} INFO - Processing /home/Ashreem/airflow-env/lib/python3.12/site-packages/airflow/example_dags/plugins/workday.py took 0.031 seconds
[2025-03-07T02:39:20.101+0000] {processor.py:186} INFO - Started process (PID=46731) to work on /home/Ashreem/airflow-env/lib/python3.12/site-packages/airflow/example_dags/plugins/workday.py
[2025-03-07T02:39:20.103+0000] {processor.py:914} INFO - Processing file /home/Ashreem/airflow-env/lib/python3.12/site-packages/airflow/example_dags/plugins/workday.py for tasks to queue
[2025-03-07T02:39:20.106+0000] {logging_mixin.py:190} INFO - [2025-03-07T02:39:20.105+0000] {dagbag.py:588} INFO - Filling up the DagBag from /home/Ashreem/airflow-env/lib/python3.12/site-packages/airflow/example_dags/plugins/workday.py
[2025-03-07T02:39:20.109+0000] {processor.py:927} WARNING - No viable dags retrieved from /home/Ashreem/airflow-env/lib/python3.12/site-packages/airflow/example_dags/plugins/workday.py
[2025-03-07T02:39:20.124+0000] {processor.py:208} INFO - Processing /home/Ashreem/airflow-env/lib/python3.12/site-packages/airflow/example_dags/plugins/workday.py took 0.031 seconds
[2025-03-07T02:40:24.031+0000] {processor.py:186} INFO - Started process (PID=46793) to work on /home/Ashreem/airflow-env/lib/python3.12/site-packages/airflow/example_dags/plugins/workday.py
[2025-03-07T02:40:24.033+0000] {processor.py:914} INFO - Processing file /home/Ashreem/airflow-env/lib/python3.12/site-packages/airflow/example_dags/plugins/workday.py for tasks to queue
[2025-03-07T02:40:24.035+0000] {logging_mixin.py:190} INFO - [2025-03-07T02:40:24.035+0000] {dagbag.py:588} INFO - Filling up the DagBag from /home/Ashreem/airflow-env/lib/python3.12/site-packages/airflow/example_dags/plugins/workday.py
[2025-03-07T02:40:24.039+0000] {processor.py:927} WARNING - No viable dags retrieved from /home/Ashreem/airflow-env/lib/python3.12/site-packages/airflow/example_dags/plugins/workday.py
[2025-03-07T02:40:24.051+0000] {processor.py:208} INFO - Processing /home/Ashreem/airflow-env/lib/python3.12/site-packages/airflow/example_dags/plugins/workday.py took 0.028 seconds
[2025-03-07T02:41:26.673+0000] {processor.py:186} INFO - Started process (PID=46859) to work on /home/Ashreem/airflow-env/lib/python3.12/site-packages/airflow/example_dags/plugins/workday.py
[2025-03-07T02:41:26.674+0000] {processor.py:914} INFO - Processing file /home/Ashreem/airflow-env/lib/python3.12/site-packages/airflow/example_dags/plugins/workday.py for tasks to queue
[2025-03-07T02:41:26.677+0000] {logging_mixin.py:190} INFO - [2025-03-07T02:41:26.676+0000] {dagbag.py:588} INFO - Filling up the DagBag from /home/Ashreem/airflow-env/lib/python3.12/site-packages/airflow/example_dags/plugins/workday.py
[2025-03-07T02:41:26.682+0000] {processor.py:927} WARNING - No viable dags retrieved from /home/Ashreem/airflow-env/lib/python3.12/site-packages/airflow/example_dags/plugins/workday.py
[2025-03-07T02:41:26.698+0000] {processor.py:208} INFO - Processing /home/Ashreem/airflow-env/lib/python3.12/site-packages/airflow/example_dags/plugins/workday.py took 0.033 seconds
[2025-03-07T02:42:30.368+0000] {processor.py:186} INFO - Started process (PID=46922) to work on /home/Ashreem/airflow-env/lib/python3.12/site-packages/airflow/example_dags/plugins/workday.py
[2025-03-07T02:42:30.370+0000] {processor.py:914} INFO - Processing file /home/Ashreem/airflow-env/lib/python3.12/site-packages/airflow/example_dags/plugins/workday.py for tasks to queue
[2025-03-07T02:42:30.372+0000] {logging_mixin.py:190} INFO - [2025-03-07T02:42:30.372+0000] {dagbag.py:588} INFO - Filling up the DagBag from /home/Ashreem/airflow-env/lib/python3.12/site-packages/airflow/example_dags/plugins/workday.py
[2025-03-07T02:42:30.379+0000] {processor.py:927} WARNING - No viable dags retrieved from /home/Ashreem/airflow-env/lib/python3.12/site-packages/airflow/example_dags/plugins/workday.py
[2025-03-07T02:42:30.392+0000] {processor.py:208} INFO - Processing /home/Ashreem/airflow-env/lib/python3.12/site-packages/airflow/example_dags/plugins/workday.py took 0.031 seconds
[2025-03-07T02:43:02.823+0000] {processor.py:186} INFO - Started process (PID=46959) to work on /home/Ashreem/airflow-env/lib/python3.12/site-packages/airflow/example_dags/plugins/workday.py
[2025-03-07T02:43:02.824+0000] {processor.py:914} INFO - Processing file /home/Ashreem/airflow-env/lib/python3.12/site-packages/airflow/example_dags/plugins/workday.py for tasks to queue
[2025-03-07T02:43:02.827+0000] {logging_mixin.py:190} INFO - [2025-03-07T02:43:02.827+0000] {dagbag.py:588} INFO - Filling up the DagBag from /home/Ashreem/airflow-env/lib/python3.12/site-packages/airflow/example_dags/plugins/workday.py
[2025-03-07T02:43:02.831+0000] {processor.py:927} WARNING - No viable dags retrieved from /home/Ashreem/airflow-env/lib/python3.12/site-packages/airflow/example_dags/plugins/workday.py
[2025-03-07T02:43:02.846+0000] {processor.py:208} INFO - Processing /home/Ashreem/airflow-env/lib/python3.12/site-packages/airflow/example_dags/plugins/workday.py took 0.031 seconds
[2025-03-07T02:44:06.893+0000] {processor.py:186} INFO - Started process (PID=47031) to work on /home/Ashreem/airflow-env/lib/python3.12/site-packages/airflow/example_dags/plugins/workday.py
[2025-03-07T02:44:06.895+0000] {processor.py:914} INFO - Processing file /home/Ashreem/airflow-env/lib/python3.12/site-packages/airflow/example_dags/plugins/workday.py for tasks to queue
[2025-03-07T02:44:06.897+0000] {logging_mixin.py:190} INFO - [2025-03-07T02:44:06.897+0000] {dagbag.py:588} INFO - Filling up the DagBag from /home/Ashreem/airflow-env/lib/python3.12/site-packages/airflow/example_dags/plugins/workday.py
[2025-03-07T02:44:06.901+0000] {processor.py:927} WARNING - No viable dags retrieved from /home/Ashreem/airflow-env/lib/python3.12/site-packages/airflow/example_dags/plugins/workday.py
[2025-03-07T02:44:06.914+0000] {processor.py:208} INFO - Processing /home/Ashreem/airflow-env/lib/python3.12/site-packages/airflow/example_dags/plugins/workday.py took 0.028 seconds
[2025-03-07T02:45:08.312+0000] {processor.py:186} INFO - Started process (PID=47111) to work on /home/Ashreem/airflow-env/lib/python3.12/site-packages/airflow/example_dags/plugins/workday.py
[2025-03-07T02:45:08.314+0000] {processor.py:914} INFO - Processing file /home/Ashreem/airflow-env/lib/python3.12/site-packages/airflow/example_dags/plugins/workday.py for tasks to queue
[2025-03-07T02:45:08.316+0000] {logging_mixin.py:190} INFO - [2025-03-07T02:45:08.316+0000] {dagbag.py:588} INFO - Filling up the DagBag from /home/Ashreem/airflow-env/lib/python3.12/site-packages/airflow/example_dags/plugins/workday.py
[2025-03-07T02:45:08.320+0000] {processor.py:927} WARNING - No viable dags retrieved from /home/Ashreem/airflow-env/lib/python3.12/site-packages/airflow/example_dags/plugins/workday.py
[2025-03-07T02:45:08.333+0000] {processor.py:208} INFO - Processing /home/Ashreem/airflow-env/lib/python3.12/site-packages/airflow/example_dags/plugins/workday.py took 0.029 seconds
[2025-03-07T02:46:13.193+0000] {processor.py:186} INFO - Started process (PID=47176) to work on /home/Ashreem/airflow-env/lib/python3.12/site-packages/airflow/example_dags/plugins/workday.py
[2025-03-07T02:46:13.194+0000] {processor.py:914} INFO - Processing file /home/Ashreem/airflow-env/lib/python3.12/site-packages/airflow/example_dags/plugins/workday.py for tasks to queue
[2025-03-07T02:46:13.198+0000] {logging_mixin.py:190} INFO - [2025-03-07T02:46:13.197+0000] {dagbag.py:588} INFO - Filling up the DagBag from /home/Ashreem/airflow-env/lib/python3.12/site-packages/airflow/example_dags/plugins/workday.py
[2025-03-07T02:46:13.201+0000] {processor.py:927} WARNING - No viable dags retrieved from /home/Ashreem/airflow-env/lib/python3.12/site-packages/airflow/example_dags/plugins/workday.py
[2025-03-07T02:46:13.214+0000] {processor.py:208} INFO - Processing /home/Ashreem/airflow-env/lib/python3.12/site-packages/airflow/example_dags/plugins/workday.py took 0.030 seconds
[2025-03-07T02:47:15.322+0000] {processor.py:186} INFO - Started process (PID=47236) to work on /home/Ashreem/airflow-env/lib/python3.12/site-packages/airflow/example_dags/plugins/workday.py
[2025-03-07T02:47:15.324+0000] {processor.py:914} INFO - Processing file /home/Ashreem/airflow-env/lib/python3.12/site-packages/airflow/example_dags/plugins/workday.py for tasks to queue
[2025-03-07T02:47:15.327+0000] {logging_mixin.py:190} INFO - [2025-03-07T02:47:15.326+0000] {dagbag.py:588} INFO - Filling up the DagBag from /home/Ashreem/airflow-env/lib/python3.12/site-packages/airflow/example_dags/plugins/workday.py
[2025-03-07T02:47:15.331+0000] {processor.py:927} WARNING - No viable dags retrieved from /home/Ashreem/airflow-env/lib/python3.12/site-packages/airflow/example_dags/plugins/workday.py
[2025-03-07T02:47:15.345+0000] {processor.py:208} INFO - Processing /home/Ashreem/airflow-env/lib/python3.12/site-packages/airflow/example_dags/plugins/workday.py took 0.031 seconds
[2025-03-07T02:47:46.749+0000] {processor.py:186} INFO - Started process (PID=47267) to work on /home/Ashreem/airflow-env/lib/python3.12/site-packages/airflow/example_dags/plugins/workday.py
[2025-03-07T02:47:46.751+0000] {processor.py:914} INFO - Processing file /home/Ashreem/airflow-env/lib/python3.12/site-packages/airflow/example_dags/plugins/workday.py for tasks to queue
[2025-03-07T02:47:46.754+0000] {logging_mixin.py:190} INFO - [2025-03-07T02:47:46.754+0000] {dagbag.py:588} INFO - Filling up the DagBag from /home/Ashreem/airflow-env/lib/python3.12/site-packages/airflow/example_dags/plugins/workday.py
[2025-03-07T02:47:46.758+0000] {processor.py:927} WARNING - No viable dags retrieved from /home/Ashreem/airflow-env/lib/python3.12/site-packages/airflow/example_dags/plugins/workday.py
[2025-03-07T02:47:46.771+0000] {processor.py:208} INFO - Processing /home/Ashreem/airflow-env/lib/python3.12/site-packages/airflow/example_dags/plugins/workday.py took 0.031 seconds
[2025-03-07T02:48:22.287+0000] {processor.py:186} INFO - Started process (PID=47303) to work on /home/Ashreem/airflow-env/lib/python3.12/site-packages/airflow/example_dags/plugins/workday.py
[2025-03-07T02:48:22.289+0000] {processor.py:914} INFO - Processing file /home/Ashreem/airflow-env/lib/python3.12/site-packages/airflow/example_dags/plugins/workday.py for tasks to queue
[2025-03-07T02:48:22.291+0000] {logging_mixin.py:190} INFO - [2025-03-07T02:48:22.291+0000] {dagbag.py:588} INFO - Filling up the DagBag from /home/Ashreem/airflow-env/lib/python3.12/site-packages/airflow/example_dags/plugins/workday.py
[2025-03-07T02:48:22.295+0000] {processor.py:927} WARNING - No viable dags retrieved from /home/Ashreem/airflow-env/lib/python3.12/site-packages/airflow/example_dags/plugins/workday.py
[2025-03-07T02:48:22.310+0000] {processor.py:208} INFO - Processing /home/Ashreem/airflow-env/lib/python3.12/site-packages/airflow/example_dags/plugins/workday.py took 0.029 seconds
[2025-03-07T02:48:57.669+0000] {processor.py:186} INFO - Started process (PID=47347) to work on /home/Ashreem/airflow-env/lib/python3.12/site-packages/airflow/example_dags/plugins/workday.py
[2025-03-07T02:48:57.671+0000] {processor.py:914} INFO - Processing file /home/Ashreem/airflow-env/lib/python3.12/site-packages/airflow/example_dags/plugins/workday.py for tasks to queue
[2025-03-07T02:48:57.674+0000] {logging_mixin.py:190} INFO - [2025-03-07T02:48:57.673+0000] {dagbag.py:588} INFO - Filling up the DagBag from /home/Ashreem/airflow-env/lib/python3.12/site-packages/airflow/example_dags/plugins/workday.py
[2025-03-07T02:48:57.677+0000] {processor.py:927} WARNING - No viable dags retrieved from /home/Ashreem/airflow-env/lib/python3.12/site-packages/airflow/example_dags/plugins/workday.py
[2025-03-07T02:48:57.691+0000] {processor.py:208} INFO - Processing /home/Ashreem/airflow-env/lib/python3.12/site-packages/airflow/example_dags/plugins/workday.py took 0.029 seconds
[2025-03-07T02:50:03.490+0000] {processor.py:186} INFO - Started process (PID=47419) to work on /home/Ashreem/airflow-env/lib/python3.12/site-packages/airflow/example_dags/plugins/workday.py
[2025-03-07T02:50:03.494+0000] {processor.py:914} INFO - Processing file /home/Ashreem/airflow-env/lib/python3.12/site-packages/airflow/example_dags/plugins/workday.py for tasks to queue
[2025-03-07T02:50:03.496+0000] {logging_mixin.py:190} INFO - [2025-03-07T02:50:03.496+0000] {dagbag.py:588} INFO - Filling up the DagBag from /home/Ashreem/airflow-env/lib/python3.12/site-packages/airflow/example_dags/plugins/workday.py
[2025-03-07T02:50:03.500+0000] {processor.py:927} WARNING - No viable dags retrieved from /home/Ashreem/airflow-env/lib/python3.12/site-packages/airflow/example_dags/plugins/workday.py
[2025-03-07T02:50:03.517+0000] {processor.py:208} INFO - Processing /home/Ashreem/airflow-env/lib/python3.12/site-packages/airflow/example_dags/plugins/workday.py took 0.035 seconds
[2025-03-07T02:50:36.276+0000] {processor.py:186} INFO - Started process (PID=47457) to work on /home/Ashreem/airflow-env/lib/python3.12/site-packages/airflow/example_dags/plugins/workday.py
[2025-03-07T02:50:36.277+0000] {processor.py:914} INFO - Processing file /home/Ashreem/airflow-env/lib/python3.12/site-packages/airflow/example_dags/plugins/workday.py for tasks to queue
[2025-03-07T02:50:36.281+0000] {logging_mixin.py:190} INFO - [2025-03-07T02:50:36.280+0000] {dagbag.py:588} INFO - Filling up the DagBag from /home/Ashreem/airflow-env/lib/python3.12/site-packages/airflow/example_dags/plugins/workday.py
[2025-03-07T02:50:36.284+0000] {processor.py:927} WARNING - No viable dags retrieved from /home/Ashreem/airflow-env/lib/python3.12/site-packages/airflow/example_dags/plugins/workday.py
[2025-03-07T02:50:36.296+0000] {processor.py:208} INFO - Processing /home/Ashreem/airflow-env/lib/python3.12/site-packages/airflow/example_dags/plugins/workday.py took 0.027 seconds
[2025-03-07T02:51:36.040+0000] {processor.py:186} INFO - Started process (PID=47517) to work on /home/Ashreem/airflow-env/lib/python3.12/site-packages/airflow/example_dags/plugins/workday.py
[2025-03-07T02:51:36.041+0000] {processor.py:914} INFO - Processing file /home/Ashreem/airflow-env/lib/python3.12/site-packages/airflow/example_dags/plugins/workday.py for tasks to queue
[2025-03-07T02:51:36.044+0000] {logging_mixin.py:190} INFO - [2025-03-07T02:51:36.044+0000] {dagbag.py:588} INFO - Filling up the DagBag from /home/Ashreem/airflow-env/lib/python3.12/site-packages/airflow/example_dags/plugins/workday.py
[2025-03-07T02:51:36.048+0000] {processor.py:927} WARNING - No viable dags retrieved from /home/Ashreem/airflow-env/lib/python3.12/site-packages/airflow/example_dags/plugins/workday.py
[2025-03-07T02:51:36.063+0000] {processor.py:208} INFO - Processing /home/Ashreem/airflow-env/lib/python3.12/site-packages/airflow/example_dags/plugins/workday.py took 0.031 seconds
[2025-03-07T02:52:08.906+0000] {processor.py:186} INFO - Started process (PID=47552) to work on /home/Ashreem/airflow-env/lib/python3.12/site-packages/airflow/example_dags/plugins/workday.py
[2025-03-07T02:52:08.908+0000] {processor.py:914} INFO - Processing file /home/Ashreem/airflow-env/lib/python3.12/site-packages/airflow/example_dags/plugins/workday.py for tasks to queue
[2025-03-07T02:52:08.911+0000] {logging_mixin.py:190} INFO - [2025-03-07T02:52:08.911+0000] {dagbag.py:588} INFO - Filling up the DagBag from /home/Ashreem/airflow-env/lib/python3.12/site-packages/airflow/example_dags/plugins/workday.py
[2025-03-07T02:52:08.915+0000] {processor.py:927} WARNING - No viable dags retrieved from /home/Ashreem/airflow-env/lib/python3.12/site-packages/airflow/example_dags/plugins/workday.py
[2025-03-07T02:52:08.931+0000] {processor.py:208} INFO - Processing /home/Ashreem/airflow-env/lib/python3.12/site-packages/airflow/example_dags/plugins/workday.py took 0.033 seconds
[2025-03-07T02:52:42.623+0000] {processor.py:186} INFO - Started process (PID=47586) to work on /home/Ashreem/airflow-env/lib/python3.12/site-packages/airflow/example_dags/plugins/workday.py
[2025-03-07T02:52:42.625+0000] {processor.py:914} INFO - Processing file /home/Ashreem/airflow-env/lib/python3.12/site-packages/airflow/example_dags/plugins/workday.py for tasks to queue
[2025-03-07T02:52:42.628+0000] {logging_mixin.py:190} INFO - [2025-03-07T02:52:42.627+0000] {dagbag.py:588} INFO - Filling up the DagBag from /home/Ashreem/airflow-env/lib/python3.12/site-packages/airflow/example_dags/plugins/workday.py
[2025-03-07T02:52:42.632+0000] {processor.py:927} WARNING - No viable dags retrieved from /home/Ashreem/airflow-env/lib/python3.12/site-packages/airflow/example_dags/plugins/workday.py
[2025-03-07T02:52:42.645+0000] {processor.py:208} INFO - Processing /home/Ashreem/airflow-env/lib/python3.12/site-packages/airflow/example_dags/plugins/workday.py took 0.030 seconds
[2025-03-07T02:53:15.226+0000] {processor.py:186} INFO - Started process (PID=47619) to work on /home/Ashreem/airflow-env/lib/python3.12/site-packages/airflow/example_dags/plugins/workday.py
[2025-03-07T02:53:15.228+0000] {processor.py:914} INFO - Processing file /home/Ashreem/airflow-env/lib/python3.12/site-packages/airflow/example_dags/plugins/workday.py for tasks to queue
[2025-03-07T02:53:15.231+0000] {logging_mixin.py:190} INFO - [2025-03-07T02:53:15.231+0000] {dagbag.py:588} INFO - Filling up the DagBag from /home/Ashreem/airflow-env/lib/python3.12/site-packages/airflow/example_dags/plugins/workday.py
[2025-03-07T02:53:15.235+0000] {processor.py:927} WARNING - No viable dags retrieved from /home/Ashreem/airflow-env/lib/python3.12/site-packages/airflow/example_dags/plugins/workday.py
[2025-03-07T02:53:15.249+0000] {processor.py:208} INFO - Processing /home/Ashreem/airflow-env/lib/python3.12/site-packages/airflow/example_dags/plugins/workday.py took 0.031 seconds
[2025-03-07T02:54:17.432+0000] {processor.py:186} INFO - Started process (PID=47683) to work on /home/Ashreem/airflow-env/lib/python3.12/site-packages/airflow/example_dags/plugins/workday.py
[2025-03-07T02:54:17.434+0000] {processor.py:914} INFO - Processing file /home/Ashreem/airflow-env/lib/python3.12/site-packages/airflow/example_dags/plugins/workday.py for tasks to queue
[2025-03-07T02:54:17.436+0000] {logging_mixin.py:190} INFO - [2025-03-07T02:54:17.436+0000] {dagbag.py:588} INFO - Filling up the DagBag from /home/Ashreem/airflow-env/lib/python3.12/site-packages/airflow/example_dags/plugins/workday.py
[2025-03-07T02:54:17.440+0000] {processor.py:927} WARNING - No viable dags retrieved from /home/Ashreem/airflow-env/lib/python3.12/site-packages/airflow/example_dags/plugins/workday.py
[2025-03-07T02:54:17.454+0000] {processor.py:208} INFO - Processing /home/Ashreem/airflow-env/lib/python3.12/site-packages/airflow/example_dags/plugins/workday.py took 0.030 seconds
[2025-03-07T02:55:18.535+0000] {processor.py:186} INFO - Started process (PID=47750) to work on /home/Ashreem/airflow-env/lib/python3.12/site-packages/airflow/example_dags/plugins/workday.py
[2025-03-07T02:55:18.537+0000] {processor.py:914} INFO - Processing file /home/Ashreem/airflow-env/lib/python3.12/site-packages/airflow/example_dags/plugins/workday.py for tasks to queue
[2025-03-07T02:55:18.540+0000] {logging_mixin.py:190} INFO - [2025-03-07T02:55:18.539+0000] {dagbag.py:588} INFO - Filling up the DagBag from /home/Ashreem/airflow-env/lib/python3.12/site-packages/airflow/example_dags/plugins/workday.py
[2025-03-07T02:55:18.544+0000] {processor.py:927} WARNING - No viable dags retrieved from /home/Ashreem/airflow-env/lib/python3.12/site-packages/airflow/example_dags/plugins/workday.py
[2025-03-07T02:55:18.556+0000] {processor.py:208} INFO - Processing /home/Ashreem/airflow-env/lib/python3.12/site-packages/airflow/example_dags/plugins/workday.py took 0.029 seconds
[2025-03-07T02:56:13.132+0000] {processor.py:186} INFO - Started process (PID=47897) to work on /home/Ashreem/airflow-env/lib/python3.12/site-packages/airflow/example_dags/plugins/workday.py
[2025-03-07T02:56:13.134+0000] {processor.py:914} INFO - Processing file /home/Ashreem/airflow-env/lib/python3.12/site-packages/airflow/example_dags/plugins/workday.py for tasks to queue
[2025-03-07T02:56:13.137+0000] {logging_mixin.py:190} INFO - [2025-03-07T02:56:13.136+0000] {dagbag.py:588} INFO - Filling up the DagBag from /home/Ashreem/airflow-env/lib/python3.12/site-packages/airflow/example_dags/plugins/workday.py
[2025-03-07T02:56:13.140+0000] {processor.py:927} WARNING - No viable dags retrieved from /home/Ashreem/airflow-env/lib/python3.12/site-packages/airflow/example_dags/plugins/workday.py
[2025-03-07T02:56:13.160+0000] {processor.py:208} INFO - Processing /home/Ashreem/airflow-env/lib/python3.12/site-packages/airflow/example_dags/plugins/workday.py took 0.035 seconds
[2025-03-07T02:56:22.874+0000] {processor.py:186} INFO - Started process (PID=47915) to work on /home/Ashreem/airflow-env/lib/python3.12/site-packages/airflow/example_dags/plugins/workday.py
[2025-03-07T02:56:22.875+0000] {processor.py:914} INFO - Processing file /home/Ashreem/airflow-env/lib/python3.12/site-packages/airflow/example_dags/plugins/workday.py for tasks to queue
[2025-03-07T02:56:22.877+0000] {logging_mixin.py:190} INFO - [2025-03-07T02:56:22.877+0000] {dagbag.py:588} INFO - Filling up the DagBag from /home/Ashreem/airflow-env/lib/python3.12/site-packages/airflow/example_dags/plugins/workday.py
[2025-03-07T02:56:22.881+0000] {processor.py:927} WARNING - No viable dags retrieved from /home/Ashreem/airflow-env/lib/python3.12/site-packages/airflow/example_dags/plugins/workday.py
[2025-03-07T02:56:22.895+0000] {processor.py:208} INFO - Processing /home/Ashreem/airflow-env/lib/python3.12/site-packages/airflow/example_dags/plugins/workday.py took 0.029 seconds
[2025-03-07T02:56:55.705+0000] {processor.py:186} INFO - Started process (PID=47974) to work on /home/Ashreem/airflow-env/lib/python3.12/site-packages/airflow/example_dags/plugins/workday.py
[2025-03-07T02:56:55.708+0000] {processor.py:914} INFO - Processing file /home/Ashreem/airflow-env/lib/python3.12/site-packages/airflow/example_dags/plugins/workday.py for tasks to queue
[2025-03-07T02:56:55.711+0000] {logging_mixin.py:190} INFO - [2025-03-07T02:56:55.710+0000] {dagbag.py:588} INFO - Filling up the DagBag from /home/Ashreem/airflow-env/lib/python3.12/site-packages/airflow/example_dags/plugins/workday.py
[2025-03-07T02:56:55.714+0000] {processor.py:927} WARNING - No viable dags retrieved from /home/Ashreem/airflow-env/lib/python3.12/site-packages/airflow/example_dags/plugins/workday.py
[2025-03-07T02:56:55.733+0000] {processor.py:208} INFO - Processing /home/Ashreem/airflow-env/lib/python3.12/site-packages/airflow/example_dags/plugins/workday.py took 0.035 seconds
[2025-03-07T02:57:27.306+0000] {processor.py:186} INFO - Started process (PID=48029) to work on /home/Ashreem/airflow-env/lib/python3.12/site-packages/airflow/example_dags/plugins/workday.py
[2025-03-07T02:57:27.307+0000] {processor.py:914} INFO - Processing file /home/Ashreem/airflow-env/lib/python3.12/site-packages/airflow/example_dags/plugins/workday.py for tasks to queue
[2025-03-07T02:57:27.310+0000] {logging_mixin.py:190} INFO - [2025-03-07T02:57:27.310+0000] {dagbag.py:588} INFO - Filling up the DagBag from /home/Ashreem/airflow-env/lib/python3.12/site-packages/airflow/example_dags/plugins/workday.py
[2025-03-07T02:57:27.314+0000] {processor.py:927} WARNING - No viable dags retrieved from /home/Ashreem/airflow-env/lib/python3.12/site-packages/airflow/example_dags/plugins/workday.py
[2025-03-07T02:57:27.328+0000] {processor.py:208} INFO - Processing /home/Ashreem/airflow-env/lib/python3.12/site-packages/airflow/example_dags/plugins/workday.py took 0.030 seconds
[2025-03-07T02:58:31.560+0000] {processor.py:186} INFO - Started process (PID=48099) to work on /home/Ashreem/airflow-env/lib/python3.12/site-packages/airflow/example_dags/plugins/workday.py
[2025-03-07T02:58:31.562+0000] {processor.py:914} INFO - Processing file /home/Ashreem/airflow-env/lib/python3.12/site-packages/airflow/example_dags/plugins/workday.py for tasks to queue
[2025-03-07T02:58:31.565+0000] {logging_mixin.py:190} INFO - [2025-03-07T02:58:31.564+0000] {dagbag.py:588} INFO - Filling up the DagBag from /home/Ashreem/airflow-env/lib/python3.12/site-packages/airflow/example_dags/plugins/workday.py
[2025-03-07T02:58:31.569+0000] {processor.py:927} WARNING - No viable dags retrieved from /home/Ashreem/airflow-env/lib/python3.12/site-packages/airflow/example_dags/plugins/workday.py
[2025-03-07T02:58:31.581+0000] {processor.py:208} INFO - Processing /home/Ashreem/airflow-env/lib/python3.12/site-packages/airflow/example_dags/plugins/workday.py took 0.031 seconds
[2025-03-07T02:59:05.366+0000] {processor.py:186} INFO - Started process (PID=48153) to work on /home/Ashreem/airflow-env/lib/python3.12/site-packages/airflow/example_dags/plugins/workday.py
[2025-03-07T02:59:05.368+0000] {processor.py:914} INFO - Processing file /home/Ashreem/airflow-env/lib/python3.12/site-packages/airflow/example_dags/plugins/workday.py for tasks to queue
[2025-03-07T02:59:05.375+0000] {logging_mixin.py:190} INFO - [2025-03-07T02:59:05.374+0000] {dagbag.py:588} INFO - Filling up the DagBag from /home/Ashreem/airflow-env/lib/python3.12/site-packages/airflow/example_dags/plugins/workday.py
[2025-03-07T02:59:05.383+0000] {processor.py:927} WARNING - No viable dags retrieved from /home/Ashreem/airflow-env/lib/python3.12/site-packages/airflow/example_dags/plugins/workday.py
[2025-03-07T02:59:05.406+0000] {processor.py:208} INFO - Processing /home/Ashreem/airflow-env/lib/python3.12/site-packages/airflow/example_dags/plugins/workday.py took 0.056 seconds
[2025-03-07T02:59:09.110+0000] {processor.py:186} INFO - Started process (PID=48171) to work on /home/Ashreem/airflow-env/lib/python3.12/site-packages/airflow/example_dags/plugins/workday.py
[2025-03-07T02:59:09.113+0000] {processor.py:914} INFO - Processing file /home/Ashreem/airflow-env/lib/python3.12/site-packages/airflow/example_dags/plugins/workday.py for tasks to queue
[2025-03-07T02:59:09.118+0000] {logging_mixin.py:190} INFO - [2025-03-07T02:59:09.118+0000] {dagbag.py:588} INFO - Filling up the DagBag from /home/Ashreem/airflow-env/lib/python3.12/site-packages/airflow/example_dags/plugins/workday.py
[2025-03-07T02:59:09.126+0000] {processor.py:927} WARNING - No viable dags retrieved from /home/Ashreem/airflow-env/lib/python3.12/site-packages/airflow/example_dags/plugins/workday.py
[2025-03-07T02:59:09.159+0000] {processor.py:208} INFO - Processing /home/Ashreem/airflow-env/lib/python3.12/site-packages/airflow/example_dags/plugins/workday.py took 0.065 seconds
[2025-03-07T02:59:38.040+0000] {processor.py:186} INFO - Started process (PID=48217) to work on /home/Ashreem/airflow-env/lib/python3.12/site-packages/airflow/example_dags/plugins/workday.py
[2025-03-07T02:59:38.041+0000] {processor.py:914} INFO - Processing file /home/Ashreem/airflow-env/lib/python3.12/site-packages/airflow/example_dags/plugins/workday.py for tasks to queue
[2025-03-07T02:59:38.045+0000] {logging_mixin.py:190} INFO - [2025-03-07T02:59:38.043+0000] {dagbag.py:588} INFO - Filling up the DagBag from /home/Ashreem/airflow-env/lib/python3.12/site-packages/airflow/example_dags/plugins/workday.py
[2025-03-07T02:59:38.049+0000] {processor.py:927} WARNING - No viable dags retrieved from /home/Ashreem/airflow-env/lib/python3.12/site-packages/airflow/example_dags/plugins/workday.py
[2025-03-07T02:59:38.063+0000] {processor.py:208} INFO - Processing /home/Ashreem/airflow-env/lib/python3.12/site-packages/airflow/example_dags/plugins/workday.py took 0.031 seconds
[2025-03-07T03:00:00.100+0000] {processor.py:186} INFO - Started process (PID=48268) to work on /home/Ashreem/airflow-env/lib/python3.12/site-packages/airflow/example_dags/plugins/workday.py
[2025-03-07T03:00:00.102+0000] {processor.py:914} INFO - Processing file /home/Ashreem/airflow-env/lib/python3.12/site-packages/airflow/example_dags/plugins/workday.py for tasks to queue
[2025-03-07T03:00:00.105+0000] {logging_mixin.py:190} INFO - [2025-03-07T03:00:00.104+0000] {dagbag.py:588} INFO - Filling up the DagBag from /home/Ashreem/airflow-env/lib/python3.12/site-packages/airflow/example_dags/plugins/workday.py
[2025-03-07T03:00:00.109+0000] {processor.py:927} WARNING - No viable dags retrieved from /home/Ashreem/airflow-env/lib/python3.12/site-packages/airflow/example_dags/plugins/workday.py
[2025-03-07T03:00:00.135+0000] {processor.py:208} INFO - Processing /home/Ashreem/airflow-env/lib/python3.12/site-packages/airflow/example_dags/plugins/workday.py took 0.043 seconds
[2025-03-07T03:00:11.566+0000] {processor.py:186} INFO - Started process (PID=48293) to work on /home/Ashreem/airflow-env/lib/python3.12/site-packages/airflow/example_dags/plugins/workday.py
[2025-03-07T03:00:11.568+0000] {processor.py:914} INFO - Processing file /home/Ashreem/airflow-env/lib/python3.12/site-packages/airflow/example_dags/plugins/workday.py for tasks to queue
[2025-03-07T03:00:11.570+0000] {logging_mixin.py:190} INFO - [2025-03-07T03:00:11.570+0000] {dagbag.py:588} INFO - Filling up the DagBag from /home/Ashreem/airflow-env/lib/python3.12/site-packages/airflow/example_dags/plugins/workday.py
[2025-03-07T03:00:11.574+0000] {processor.py:927} WARNING - No viable dags retrieved from /home/Ashreem/airflow-env/lib/python3.12/site-packages/airflow/example_dags/plugins/workday.py
[2025-03-07T03:00:11.589+0000] {processor.py:208} INFO - Processing /home/Ashreem/airflow-env/lib/python3.12/site-packages/airflow/example_dags/plugins/workday.py took 0.031 seconds
[2025-03-07T03:00:46.233+0000] {processor.py:186} INFO - Started process (PID=48330) to work on /home/Ashreem/airflow-env/lib/python3.12/site-packages/airflow/example_dags/plugins/workday.py
[2025-03-07T03:00:46.235+0000] {processor.py:914} INFO - Processing file /home/Ashreem/airflow-env/lib/python3.12/site-packages/airflow/example_dags/plugins/workday.py for tasks to queue
[2025-03-07T03:00:46.239+0000] {logging_mixin.py:190} INFO - [2025-03-07T03:00:46.238+0000] {dagbag.py:588} INFO - Filling up the DagBag from /home/Ashreem/airflow-env/lib/python3.12/site-packages/airflow/example_dags/plugins/workday.py
[2025-03-07T03:00:46.242+0000] {processor.py:927} WARNING - No viable dags retrieved from /home/Ashreem/airflow-env/lib/python3.12/site-packages/airflow/example_dags/plugins/workday.py
[2025-03-07T03:00:46.256+0000] {processor.py:208} INFO - Processing /home/Ashreem/airflow-env/lib/python3.12/site-packages/airflow/example_dags/plugins/workday.py took 0.032 seconds
[2025-03-07T03:01:45.480+0000] {processor.py:186} INFO - Started process (PID=48396) to work on /home/Ashreem/airflow-env/lib/python3.12/site-packages/airflow/example_dags/plugins/workday.py
[2025-03-07T03:01:45.481+0000] {processor.py:914} INFO - Processing file /home/Ashreem/airflow-env/lib/python3.12/site-packages/airflow/example_dags/plugins/workday.py for tasks to queue
[2025-03-07T03:01:45.484+0000] {logging_mixin.py:190} INFO - [2025-03-07T03:01:45.483+0000] {dagbag.py:588} INFO - Filling up the DagBag from /home/Ashreem/airflow-env/lib/python3.12/site-packages/airflow/example_dags/plugins/workday.py
[2025-03-07T03:01:45.488+0000] {processor.py:927} WARNING - No viable dags retrieved from /home/Ashreem/airflow-env/lib/python3.12/site-packages/airflow/example_dags/plugins/workday.py
[2025-03-07T03:01:45.501+0000] {processor.py:208} INFO - Processing /home/Ashreem/airflow-env/lib/python3.12/site-packages/airflow/example_dags/plugins/workday.py took 0.029 seconds
[2025-03-07T03:02:19.660+0000] {processor.py:186} INFO - Started process (PID=48433) to work on /home/Ashreem/airflow-env/lib/python3.12/site-packages/airflow/example_dags/plugins/workday.py
[2025-03-07T03:02:19.661+0000] {processor.py:914} INFO - Processing file /home/Ashreem/airflow-env/lib/python3.12/site-packages/airflow/example_dags/plugins/workday.py for tasks to queue
[2025-03-07T03:02:19.664+0000] {logging_mixin.py:190} INFO - [2025-03-07T03:02:19.664+0000] {dagbag.py:588} INFO - Filling up the DagBag from /home/Ashreem/airflow-env/lib/python3.12/site-packages/airflow/example_dags/plugins/workday.py
[2025-03-07T03:02:19.668+0000] {processor.py:927} WARNING - No viable dags retrieved from /home/Ashreem/airflow-env/lib/python3.12/site-packages/airflow/example_dags/plugins/workday.py
[2025-03-07T03:02:19.682+0000] {processor.py:208} INFO - Processing /home/Ashreem/airflow-env/lib/python3.12/site-packages/airflow/example_dags/plugins/workday.py took 0.032 seconds
[2025-03-07T03:03:30.270+0000] {processor.py:186} INFO - Started process (PID=48590) to work on /home/Ashreem/airflow-env/lib/python3.12/site-packages/airflow/example_dags/plugins/workday.py
[2025-03-07T03:03:30.271+0000] {processor.py:914} INFO - Processing file /home/Ashreem/airflow-env/lib/python3.12/site-packages/airflow/example_dags/plugins/workday.py for tasks to queue
[2025-03-07T03:03:30.274+0000] {logging_mixin.py:190} INFO - [2025-03-07T03:03:30.273+0000] {dagbag.py:588} INFO - Filling up the DagBag from /home/Ashreem/airflow-env/lib/python3.12/site-packages/airflow/example_dags/plugins/workday.py
[2025-03-07T03:03:30.278+0000] {processor.py:927} WARNING - No viable dags retrieved from /home/Ashreem/airflow-env/lib/python3.12/site-packages/airflow/example_dags/plugins/workday.py
[2025-03-07T03:03:30.298+0000] {processor.py:208} INFO - Processing /home/Ashreem/airflow-env/lib/python3.12/site-packages/airflow/example_dags/plugins/workday.py took 0.036 seconds
[2025-03-07T03:04:31.345+0000] {processor.py:186} INFO - Started process (PID=48665) to work on /home/Ashreem/airflow-env/lib/python3.12/site-packages/airflow/example_dags/plugins/workday.py
[2025-03-07T03:04:31.347+0000] {processor.py:914} INFO - Processing file /home/Ashreem/airflow-env/lib/python3.12/site-packages/airflow/example_dags/plugins/workday.py for tasks to queue
[2025-03-07T03:04:31.350+0000] {logging_mixin.py:190} INFO - [2025-03-07T03:04:31.349+0000] {dagbag.py:588} INFO - Filling up the DagBag from /home/Ashreem/airflow-env/lib/python3.12/site-packages/airflow/example_dags/plugins/workday.py
[2025-03-07T03:04:31.353+0000] {processor.py:927} WARNING - No viable dags retrieved from /home/Ashreem/airflow-env/lib/python3.12/site-packages/airflow/example_dags/plugins/workday.py
[2025-03-07T03:04:31.369+0000] {processor.py:208} INFO - Processing /home/Ashreem/airflow-env/lib/python3.12/site-packages/airflow/example_dags/plugins/workday.py took 0.032 seconds
[2025-03-07T03:05:32.452+0000] {processor.py:186} INFO - Started process (PID=48914) to work on /home/Ashreem/airflow-env/lib/python3.12/site-packages/airflow/example_dags/plugins/workday.py
[2025-03-07T03:05:32.454+0000] {processor.py:914} INFO - Processing file /home/Ashreem/airflow-env/lib/python3.12/site-packages/airflow/example_dags/plugins/workday.py for tasks to queue
[2025-03-07T03:05:32.457+0000] {logging_mixin.py:190} INFO - [2025-03-07T03:05:32.456+0000] {dagbag.py:588} INFO - Filling up the DagBag from /home/Ashreem/airflow-env/lib/python3.12/site-packages/airflow/example_dags/plugins/workday.py
[2025-03-07T03:05:32.462+0000] {processor.py:927} WARNING - No viable dags retrieved from /home/Ashreem/airflow-env/lib/python3.12/site-packages/airflow/example_dags/plugins/workday.py
[2025-03-07T03:05:32.478+0000] {processor.py:208} INFO - Processing /home/Ashreem/airflow-env/lib/python3.12/site-packages/airflow/example_dags/plugins/workday.py took 0.033 seconds
[2025-03-07T03:06:05.772+0000] {processor.py:186} INFO - Started process (PID=48951) to work on /home/Ashreem/airflow-env/lib/python3.12/site-packages/airflow/example_dags/plugins/workday.py
[2025-03-07T03:06:05.773+0000] {processor.py:914} INFO - Processing file /home/Ashreem/airflow-env/lib/python3.12/site-packages/airflow/example_dags/plugins/workday.py for tasks to queue
[2025-03-07T03:06:05.776+0000] {logging_mixin.py:190} INFO - [2025-03-07T03:06:05.775+0000] {dagbag.py:588} INFO - Filling up the DagBag from /home/Ashreem/airflow-env/lib/python3.12/site-packages/airflow/example_dags/plugins/workday.py
[2025-03-07T03:06:05.779+0000] {processor.py:927} WARNING - No viable dags retrieved from /home/Ashreem/airflow-env/lib/python3.12/site-packages/airflow/example_dags/plugins/workday.py
[2025-03-07T03:06:05.793+0000] {processor.py:208} INFO - Processing /home/Ashreem/airflow-env/lib/python3.12/site-packages/airflow/example_dags/plugins/workday.py took 0.028 seconds
[2025-03-07T03:06:40.593+0000] {processor.py:186} INFO - Started process (PID=48987) to work on /home/Ashreem/airflow-env/lib/python3.12/site-packages/airflow/example_dags/plugins/workday.py
[2025-03-07T03:06:40.594+0000] {processor.py:914} INFO - Processing file /home/Ashreem/airflow-env/lib/python3.12/site-packages/airflow/example_dags/plugins/workday.py for tasks to queue
[2025-03-07T03:06:40.597+0000] {logging_mixin.py:190} INFO - [2025-03-07T03:06:40.597+0000] {dagbag.py:588} INFO - Filling up the DagBag from /home/Ashreem/airflow-env/lib/python3.12/site-packages/airflow/example_dags/plugins/workday.py
[2025-03-07T03:06:40.601+0000] {processor.py:927} WARNING - No viable dags retrieved from /home/Ashreem/airflow-env/lib/python3.12/site-packages/airflow/example_dags/plugins/workday.py
[2025-03-07T03:06:40.614+0000] {processor.py:208} INFO - Processing /home/Ashreem/airflow-env/lib/python3.12/site-packages/airflow/example_dags/plugins/workday.py took 0.027 seconds
[2025-03-07T03:07:46.023+0000] {processor.py:186} INFO - Started process (PID=49063) to work on /home/Ashreem/airflow-env/lib/python3.12/site-packages/airflow/example_dags/plugins/workday.py
[2025-03-07T03:07:46.026+0000] {processor.py:914} INFO - Processing file /home/Ashreem/airflow-env/lib/python3.12/site-packages/airflow/example_dags/plugins/workday.py for tasks to queue
[2025-03-07T03:07:46.029+0000] {logging_mixin.py:190} INFO - [2025-03-07T03:07:46.028+0000] {dagbag.py:588} INFO - Filling up the DagBag from /home/Ashreem/airflow-env/lib/python3.12/site-packages/airflow/example_dags/plugins/workday.py
[2025-03-07T03:07:46.032+0000] {processor.py:927} WARNING - No viable dags retrieved from /home/Ashreem/airflow-env/lib/python3.12/site-packages/airflow/example_dags/plugins/workday.py
[2025-03-07T03:07:46.050+0000] {processor.py:208} INFO - Processing /home/Ashreem/airflow-env/lib/python3.12/site-packages/airflow/example_dags/plugins/workday.py took 0.034 seconds
[2025-03-07T03:08:47.106+0000] {processor.py:186} INFO - Started process (PID=49137) to work on /home/Ashreem/airflow-env/lib/python3.12/site-packages/airflow/example_dags/plugins/workday.py
[2025-03-07T03:08:47.107+0000] {processor.py:914} INFO - Processing file /home/Ashreem/airflow-env/lib/python3.12/site-packages/airflow/example_dags/plugins/workday.py for tasks to queue
[2025-03-07T03:08:47.110+0000] {logging_mixin.py:190} INFO - [2025-03-07T03:08:47.110+0000] {dagbag.py:588} INFO - Filling up the DagBag from /home/Ashreem/airflow-env/lib/python3.12/site-packages/airflow/example_dags/plugins/workday.py
[2025-03-07T03:08:47.114+0000] {processor.py:927} WARNING - No viable dags retrieved from /home/Ashreem/airflow-env/lib/python3.12/site-packages/airflow/example_dags/plugins/workday.py
[2025-03-07T03:08:47.127+0000] {processor.py:208} INFO - Processing /home/Ashreem/airflow-env/lib/python3.12/site-packages/airflow/example_dags/plugins/workday.py took 0.029 seconds
[2025-03-07T03:09:48.213+0000] {processor.py:186} INFO - Started process (PID=49200) to work on /home/Ashreem/airflow-env/lib/python3.12/site-packages/airflow/example_dags/plugins/workday.py
[2025-03-07T03:09:48.214+0000] {processor.py:914} INFO - Processing file /home/Ashreem/airflow-env/lib/python3.12/site-packages/airflow/example_dags/plugins/workday.py for tasks to queue
[2025-03-07T03:09:48.217+0000] {logging_mixin.py:190} INFO - [2025-03-07T03:09:48.217+0000] {dagbag.py:588} INFO - Filling up the DagBag from /home/Ashreem/airflow-env/lib/python3.12/site-packages/airflow/example_dags/plugins/workday.py
[2025-03-07T03:09:48.221+0000] {processor.py:927} WARNING - No viable dags retrieved from /home/Ashreem/airflow-env/lib/python3.12/site-packages/airflow/example_dags/plugins/workday.py
[2025-03-07T03:09:48.236+0000] {processor.py:208} INFO - Processing /home/Ashreem/airflow-env/lib/python3.12/site-packages/airflow/example_dags/plugins/workday.py took 0.032 seconds
